  Using 'git status' to determine working set for adaptive non-unity build.
  Creating makefile for CastleforceEditor (no existing makefile)
  Performing full C++ include scan (no include cache file)
  Using Visual Studio 2017 14.15.26726 toolchain (C:\Program Files (x86)\Microsoft Visual Studio\2017\Enterprise\VC\Tools\MSVC\14.15.26726) and Windows 10.0.15063.0 SDK (C:\Program Files (x86)\Windows Kits\10).
  Parsing headers for CastleforceEditor
    Running UnrealHeaderTool "C:\Temp\Rhun\castleforce\Castleforce\Castleforce.uproject" "C:\Temp\Rhun\castleforce\Castleforce\Intermediate\Build\Win64\CastleforceEditor\Development\CastleforceEditor.uhtmanifest" -LogCmds="loginit warning, logexit warning, logdatabase error" -Unattended -WarningsAsErrors -installed
LogPluginManager : warning : Engine version string in ../../../../../../Temp/Rhun/castleforce/Castleforce/Plugins/SimplexNoise-master/SimplexNoise.uplugin could not be parsed ("4.10")
  Reflection code generated for CastleforceEditor in 9.636498 seconds
  Building 35 actions with 8 processes...
    PCLaunch.rc
    PCLaunch.rc
    SharedPCH.Engine.cpp
    Module.SimplexNoise.gen.cpp
    CastleforceBlockGrid.gen.cpp
    CastleforceGameMode.gen.cpp
    CastleforceBlock.gen.cpp
    CastleforceObject.gen.cpp
    CastleforceBuilding.gen.cpp
    Castleforce.init.gen.cpp
    CastleforcePawn.gen.cpp
    CastleforcePlayerController.gen.cpp
    CastleforceHexGrid.gen.cpp
    CastleforceHexPawn.gen.cpp
    CastleforceUnit.gen.cpp
    CastleforcePlayerController.cpp
    CastleforceObject.cpp
    CastleforceHexTile.gen.cpp
    MyCastleforceHexPawn.cpp
    MyCastleforceHexPawn.gen.cpp
    CastleforcePawn.cpp
    CastleforceBlockGrid.cpp
    CastleforceUnit.cpp
    CastleforceHexTile.cpp
    CastleforceGameMode.cpp
    CastleforceBlock.cpp
    Castleforce.cpp
    CastleforceHexPawn.cpp
    CastleforceBuilding.cpp
    CastleforceHexGrid.cpp
    UE4Editor-Castleforce.lib
       Creating library C:\Temp\Rhun\castleforce\Castleforce\Intermediate\Build\Win64\UE4Editor\Development\Castleforce\UE4Editor-Castleforce.lib and object C:\Temp\Rhun\castleforce\Castleforce\Intermediate\Build\Win64\UE4Editor\Development\Castleforce\UE4Editor-Castleforce.exp
    Module.SimplexNoise.cpp
    UE4Editor-SimplexNoise.lib
       Creating library C:\Temp\Rhun\castleforce\Castleforce\Plugins\SimplexNoise-master\Intermediate\Build\Win64\UE4Editor\Development\SimplexNoise\UE4Editor-SimplexNoise.lib and object C:\Temp\Rhun\castleforce\Castleforce\Plugins\SimplexNoise-master\Intermediate\Build\Win64\UE4Editor\Development\SimplexNoise\UE4Editor-SimplexNoise.exp
    UE4Editor-Castleforce.dll
       Creating library C:\Temp\Rhun\castleforce\Castleforce\Intermediate\Build\Win64\UE4Editor\Development\Castleforce\UE4Editor-Castleforce.suppressed.lib and object C:\Temp\Rhun\castleforce\Castleforce\Intermediate\Build\Win64\UE4Editor\Development\Castleforce\UE4Editor-Castleforce.suppressed.exp
    UE4Editor-SimplexNoise.dll
       Creating library C:\Temp\Rhun\castleforce\Castleforce\Plugins\SimplexNoise-master\Intermediate\Build\Win64\UE4Editor\Development\SimplexNoise\UE4Editor-SimplexNoise.suppressed.lib and object C:\Temp\Rhun\castleforce\Castleforce\Plugins\SimplexNoise-master\Intermediate\Build\Win64\UE4Editor\Development\SimplexNoise\UE4Editor-SimplexNoise.suppressed.exp
  Deploying CastleforceEditor Win64 Development...
  Total build time: 68.75 seconds (Parallel executor: 46.49 seconds)
