Log file open, 02/15/19 12:04:44
LogWindows: Failed to load 'aqProf.dll' (GetLastError=126)
LogWindows: File 'aqProf.dll' does not exist
LogWindows: Failed to load 'VtuneApi.dll' (GetLastError=126)
LogWindows: File 'VtuneApi.dll' does not exist
LogWindows: Failed to load 'VtuneApi32e.dll' (GetLastError=126)
LogWindows: File 'VtuneApi32e.dll' does not exist
LogInit: Display: Running engine for game: Castleforce
LogPlatformFile: Not using cached read wrapper
LogTaskGraph: Started task graph with 5 named threads and 23 total threads with 3 sets of task threads.
LogStats: Stats thread started at 0.298593
LogD3D11RHI: Loaded GFSDK_Aftermath_Lib.x64.dll
LogICUInternationalization: Display: ICU TimeZone Detection - Raw Offset: +0:00, Platform Override: ''
LogPluginManager: Warning: Engine version string in ../../../../../../Temp/Rhun/castleforce/Castleforce/Plugins/SimplexNoise-master/SimplexNoise.uplugin could not be parsed ("4.10")
LogPluginManager: Mounting plugin Paper2D
LogPluginManager: Mounting plugin AISupport
LogPluginManager: Mounting plugin LightPropagationVolume
LogPluginManager: Mounting plugin CLionSourceCodeAccess
LogPluginManager: Mounting plugin CodeLiteSourceCodeAccess
LogPluginManager: Mounting plugin GitSourceControl
LogPluginManager: Mounting plugin KDevelopSourceCodeAccess
LogPluginManager: Mounting plugin NullSourceCodeAccess
LogPluginManager: Mounting plugin PerforceSourceControl
LogPluginManager: Mounting plugin SubversionSourceControl
LogPluginManager: Mounting plugin UObjectPlugin
LogPluginManager: Mounting plugin VisualStudioCodeSourceCodeAccess
LogPluginManager: Mounting plugin VisualStudioSourceCodeAccess
LogPluginManager: Mounting plugin XCodeSourceCodeAccess
LogPluginManager: Mounting plugin AssetManagerEditor
LogPluginManager: Mounting plugin CryptoKeys
LogPluginManager: Mounting plugin DataValidation
LogPluginManager: Mounting plugin FacialAnimation
LogPluginManager: Mounting plugin GameplayTagsEditor
LogPluginManager: Mounting plugin MacGraphicsSwitching
LogPluginManager: Mounting plugin MeshEditor
LogPluginManager: Mounting plugin MobileLauncherProfileWizard
LogPluginManager: Mounting plugin PluginBrowser
LogPluginManager: Mounting plugin SpeedTreeImporter
LogPluginManager: Mounting plugin DatasmithContent
LogPluginManager: Mounting plugin AlembicImporter
LogPluginManager: Mounting plugin AppleImageUtils
LogPluginManager: Mounting plugin AppleVision
LogPluginManager: Mounting plugin BackChannel
LogPluginManager: Mounting plugin CharacterAI
LogPluginManager: Mounting plugin GeometryCache
LogPluginManager: Mounting plugin HTML5Networking
LogPluginManager: Mounting plugin ProxyLODPlugin
LogPluginManager: Mounting plugin MagicLeap
LogPluginManager: Mounting plugin MagicLeapEmulator
LogPluginManager: Mounting plugin MagicLeapMedia
LogPluginManager: Mounting plugin AndroidMedia
LogPluginManager: Mounting plugin AvfMedia
LogPluginManager: Mounting plugin ImgMedia
LogPluginManager: Mounting plugin LinearTimecode
LogPluginManager: Mounting plugin MediaCompositing
LogPluginManager: Mounting plugin MediaPlayerEditor
LogPluginManager: Mounting plugin WmfMedia
LogPluginManager: Mounting plugin TcpMessaging
LogPluginManager: Mounting plugin UdpMessaging
LogPluginManager: Mounting plugin ActorSequence
LogPluginManager: Mounting plugin LevelSequenceEditor
LogPluginManager: Mounting plugin MatineeToLevelSequence
LogPluginManager: Mounting plugin NetcodeUnitTest
LogPluginManager: Mounting plugin NUTUnrealEngine4
LogPluginManager: Mounting plugin OnlineSubsystemGooglePlay
LogPluginManager: Mounting plugin OnlineSubsystemIOS
LogPluginManager: Mounting plugin OnlineSubsystem
LogPluginManager: Mounting plugin OnlineSubsystemNull
LogPluginManager: Mounting plugin OnlineSubsystemUtils
LogPluginManager: Mounting plugin LauncherChunkInstaller
LogPluginManager: Mounting plugin AndroidDeviceProfileSelector
LogPluginManager: Mounting plugin AndroidMoviePlayer
LogPluginManager: Mounting plugin AndroidPermission
LogPluginManager: Mounting plugin AppleMoviePlayer
LogPluginManager: Mounting plugin ArchVisCharacter
LogPluginManager: Mounting plugin AudioCapture
LogPluginManager: Mounting plugin CableComponent
LogPluginManager: Mounting plugin CustomMeshComponent
LogPluginManager: Mounting plugin EditableMesh
LogPluginManager: Mounting plugin ExampleDeviceProfileSelector
LogPluginManager: Mounting plugin GoogleCloudMessaging
LogPluginManager: Mounting plugin ImmediatePhysics
LogPluginManager: Mounting plugin IOSDeviceProfileSelector
LogPluginManager: Mounting plugin LinuxDeviceProfileSelector
LogPluginManager: Mounting plugin LocationServicesBPLibrary
LogPluginManager: Mounting plugin MobilePatchingUtils
LogPluginManager: Mounting plugin OculusVR
LogPluginManager: Plugin shader directory ../../../Engine/Plugins/Runtime/Oculus/OculusVR/Shaders found
LogPluginManager: Mapping shader source directory ../../../Engine/Plugins/Runtime/Oculus/OculusVR/Shaders to virtual directory /Plugin/OculusVR
LogPluginManager: Mounting plugin PhysXVehicles
LogPluginManager: Mounting plugin ProceduralMeshComponent
LogPluginManager: Mounting plugin RuntimePhysXCooking
LogPluginManager: Mounting plugin SteamVR
LogPluginManager: Mounting plugin WindowsMoviePlayer
LogPluginManager: Mounting plugin SimplexNoise
LogStreaming: Display: Took  0.204s to configure plugins.
LogInit: Using libcurl 7.55.1-DEV
LogInit:  - built for x86_64-pc-win32
LogInit:  - supports SSL with OpenSSL/1.0.2h
LogInit:  - supports HTTP deflate (compression) using libz 1.2.8
LogInit:  - other features:
LogInit:      CURL_VERSION_SSL
LogInit:      CURL_VERSION_LIBZ
LogInit:      CURL_VERSION_IPV6
LogInit:      CURL_VERSION_ASYNCHDNS
LogInit:      CURL_VERSION_LARGEFILE
LogInit:      CURL_VERSION_IDN
LogInit:  CurlRequestOptions (configurable via config and command line):
LogInit:  - bVerifyPeer = false  - Libcurl will NOT verify peer certificate
LogInit:  - bUseHttpProxy = false  - Libcurl will NOT use HTTP proxy
LogInit:  - bDontReuseConnections = false  - Libcurl will reuse connections
LogInit:  - CertBundlePath = nullptr  - Libcurl will use whatever was configured at build time.
LogInit:  - MaxHostConnections = 16  - Libcurl will limit the number of connections to a host
LogInit:  - LocalHostAddr = Default
LogInit:  - BufferSize = 65536
LogInit: WinSock: version 1.1 (2.2), MaxSocks=32767, MaxUdp=65467
LogInit: Build: ++UE4+Release-4.20-CL-4369336
LogInit: Engine Version: 4.20.3-4369336+++UE4+Release-4.20
LogInit: Compatible Engine Version: 4.20.0-4212847+++UE4+Release-4.20
LogInit: Net CL: 4212847
LogInit: OS: Windows 10 (), CPU: Intel(R) Core(TM) i7-4790 CPU @ 3.60GHz, GPU: NVIDIA GeForce GTX 780
LogInit: Compiled (64-bit): Sep 17 2018 12:26:19
LogInit: Compiled with Visual C++: 19.13.26129.00
LogInit: Build Configuration: Development
LogInit: Branch Name: ++UE4+Release-4.20
LogInit: Command Line:  
LogInit: Base Directory: C:/Program Files/Epic Games/UE_4.20/Engine/Binaries/Win64/
LogInit: Installed Engine Build: 1
LogDevObjectVersion: Number of dev versions registered: 20
LogDevObjectVersion:   Dev-Blueprints (B0D832E4-1F89-4F0D-ACCF-7EB736FD4AA2): 10
LogDevObjectVersion:   Dev-Build (E1C64328-A22C-4D53-A36C-8E866417BD8C): 0
LogDevObjectVersion:   Dev-Core (375EC13C-06E4-48FB-B500-84F0262A717E): 2
LogDevObjectVersion:   Dev-Editor (E4B068ED-F494-42E9-A231-DA0B2E46BB41): 24
LogDevObjectVersion:   Dev-Framework (CFFC743F-43B0-4480-9391-14DF171D2073): 34
LogDevObjectVersion:   Dev-Mobile (B02B49B5-BB20-44E9-A304-32B752E40360): 2
LogDevObjectVersion:   Dev-Networking (A4E4105C-59A1-49B5-A7C5-40C4547EDFEE): 0
LogDevObjectVersion:   Dev-Online (39C831C9-5AE6-47DC-9A44-9C173E1C8E7C): 0
LogDevObjectVersion:   Dev-Physics (78F01B33-EBEA-4F98-B9B4-84EACCB95AA2): 0
LogDevObjectVersion:   Dev-Platform (6631380F-2D4D-43E0-8009-CF276956A95A): 0
LogDevObjectVersion:   Dev-Rendering (12F88B9F-8875-4AFC-A67C-D90C383ABD29): 26
LogDevObjectVersion:   Dev-Sequencer (7B5AE74C-D270-4C10-A958-57980B212A5A): 9
LogDevObjectVersion:   Dev-VR (D7296918-1DD6-4BDD-9DE2-64A83CC13884): 2
LogDevObjectVersion:   Dev-LoadTimes (C2A15278-BFE7-4AFE-6C17-90FF531DF755): 1
LogDevObjectVersion:   Private-Geometry (6EACA3D4-40EC-4CC1-B786-8BED09428FC5): 3
LogDevObjectVersion:   Dev-AnimPhys (29E575DD-E0A3-4627-9D10-D276232CDCEA): 17
LogDevObjectVersion:   Dev-ReflectionCapture (6B266CEC-1EC7-4B8F-A30B-E4D90942FC07): 1
LogDevObjectVersion:   Dev-Automation (0DF73D61-A23F-47EA-B727-89E90C41499A): 1
LogDevObjectVersion:   FortniteMain (601D1886-AC64-4F84-AA16-D3DE0DEAC7D6): 12
LogDevObjectVersion:   Dev-Enterprise (9DFFBCD6-494F-0158-E221-12823C92A888): 1
LogStreaming: Display: Took  0.017s to delete old logs.
LogInit: Presizing for max 8388607 objects, including 0 objects not considered by GC, pre-allocating 0 bytes for permanent pool.
LogInit: Object subsystem initialized
[2019.02.15-12.04.44:498][  0]LogInit: Selected Device Profile: [Windows]
[2019.02.15-12.04.44:498][  0]LogInit: Applying CVar settings loaded from the selected device profile: [Windows]
[2019.02.15-12.04.44:560][  0]LogHAL: Display: Platform has ~ 16 GB [17080971264 / 17179869184 / 16], which maps to Larger [LargestMinGB=32, LargerMinGB=12, DefaultMinGB=8, SmallerMinGB=6, SmallestMinGB=0)
[2019.02.15-12.04.44:560][  0]LogInit: Setting Device Profile CVar: [[r.Vulkan.UseRealUBs:1]]
[2019.02.15-12.04.44:560][  0]LogInit: Going up to parent DeviceProfile []
[2019.02.15-12.04.44:561][  0]LogInit: Computer: AMTX222-19
[2019.02.15-12.04.44:561][  0]LogInit: User: trj1crt
[2019.02.15-12.04.44:561][  0]LogInit: CPU Page size=4096, Cores=4
[2019.02.15-12.04.44:561][  0]LogInit: High frequency timer resolution =3.507501 MHz
[2019.02.15-12.04.44:562][  0]LogMemory: Memory total: Physical=15.9GB (16GB approx)
[2019.02.15-12.04.44:562][  0]LogMemory: Platform Memory Stats for Windows
[2019.02.15-12.04.44:562][  0]LogMemory: Process Physical Memory: 100.57 MB used, 100.57 MB peak
[2019.02.15-12.04.44:562][  0]LogMemory: Process Virtual Memory: 89.48 MB used, 89.48 MB peak
[2019.02.15-12.04.44:562][  0]LogMemory: Physical Memory: 6557.89 MB used,  9731.79 MB free, 16289.68 MB total
[2019.02.15-12.04.44:562][  0]LogMemory: Virtual Memory: 4639.07 MB used,  9731.79 MB free, 134217728.00 MB total
[2019.02.15-12.04.44:598][  0]LogInit: Using OS detected language (en-GB).
[2019.02.15-12.04.44:598][  0]LogInit: Using OS detected locale (en-GB).
[2019.02.15-12.04.44:600][  0]LogTextLocalizationManager: No specific localization for 'en-GB' exists, so the 'en' localization will be used.
[2019.02.15-12.04.44:961][  0]LogStreaming: Display: Took  0.363s to InitEngineTextLocalization.
[2019.02.15-12.04.44:962][  0]LogInit: Setting process to per monitor DPI aware
[2019.02.15-12.04.45:005][  0]LogSlate: New Slate User Created.  User Index 0, Is Virtual User: 0
[2019.02.15-12.04.45:005][  0]LogSlate: Slate User Registered.  User Index 0, Is Virtual User: 0
[2019.02.15-12.04.45:210][  0]LogHMD: Failed to initialize OpenVR with code 110
[2019.02.15-12.04.45:210][  0]LogD3D11RHI: D3D11 adapters:
[2019.02.15-12.04.45:264][  0]LogD3D11RHI:    0. 'NVIDIA GeForce GTX 780' (Feature Level 11_0)
[2019.02.15-12.04.45:264][  0]LogD3D11RHI:       3029/0/8144 MB DedicatedVideo/DedicatedSystem/SharedSystem, Outputs:2, VendorId:0x10de
[2019.02.15-12.04.45:266][  0]LogD3D11RHI:    1. 'Microsoft Basic Render Driver' (Feature Level 11_0)
[2019.02.15-12.04.45:266][  0]LogD3D11RHI:       0/0/8144 MB DedicatedVideo/DedicatedSystem/SharedSystem, Outputs:0, VendorId:0x1414
[2019.02.15-12.04.45:266][  0]LogD3D11RHI: Chosen D3D11 Adapter: 0
[2019.02.15-12.04.45:273][  0]LogD3D11RHI: Creating new Direct3DDevice
[2019.02.15-12.04.45:273][  0]LogD3D11RHI:     GPU DeviceId: 0x1004 (for the marketing name, search the web for "GPU Device Id")
[2019.02.15-12.04.45:273][  0]LogWindows: EnumDisplayDevices:
[2019.02.15-12.04.45:273][  0]LogWindows:    0. 'NVIDIA GeForce GTX 780' (P:1 D:1)
[2019.02.15-12.04.45:273][  0]LogWindows:    1. 'NVIDIA GeForce GTX 780' (P:0 D:1)
[2019.02.15-12.04.45:274][  0]LogWindows:    2. 'NVIDIA GeForce GTX 780' (P:0 D:0)
[2019.02.15-12.04.45:274][  0]LogWindows:    3. 'NVIDIA GeForce GTX 780' (P:0 D:0)
[2019.02.15-12.04.45:274][  0]LogWindows: DebugString: FoundDriverCount:4 
[2019.02.15-12.04.45:274][  0]LogD3D11RHI:     Adapter Name: NVIDIA GeForce GTX 780
[2019.02.15-12.04.45:274][  0]LogD3D11RHI:   Driver Version: 399.07 (internal:24.21.13.9907, unified:399.07)
[2019.02.15-12.04.45:274][  0]LogD3D11RHI:      Driver Date: 8-21-2018
[2019.02.15-12.04.45:274][  0]LogRHI: Texture pool is 2120 MB (70% of 3029 MB)
[2019.02.15-12.04.45:310][  0]LogD3D11RHI: Async texture creation enabled
[2019.02.15-12.04.45:328][  0]LogD3D11RHI: GPU Timing Frequency: 1000.000000 (Debug: 2 2)
[2019.02.15-12.04.45:331][  0]LogShaderCompilers: Guid format shader working directory is -4 characters bigger than the processId version (../../../../../../Temp/Rhun/castleforce/Castleforce/Intermediate/Shaders/WorkingDirectory/12860/).
[2019.02.15-12.04.45:331][  0]LogShaderCompilers: Cleaned the shader compiler working directory 'C:/Users/trj1crt/AppData/Local/Temp/UnrealShaderWorkingDir/42FABC1844CD48A57F20AB9B3C76F3EC/'.
[2019.02.15-12.04.45:665][  0]LogTemp: Display: Loaded TP AllDesktopTargetPlatform
[2019.02.15-12.04.45:678][  0]LogTemp: Display: Loaded TP MacClientTargetPlatform
[2019.02.15-12.04.45:692][  0]LogTemp: Display: Loaded TP MacNoEditorTargetPlatform
[2019.02.15-12.04.45:706][  0]LogTemp: Display: Loaded TP MacServerTargetPlatform
[2019.02.15-12.04.45:720][  0]LogTemp: Display: Loaded TP MacTargetPlatform
[2019.02.15-12.04.45:733][  0]LogTemp: Display: Loaded TP WindowsClientTargetPlatform
[2019.02.15-12.04.45:746][  0]LogTemp: Display: Loaded TP WindowsNoEditorTargetPlatform
[2019.02.15-12.04.45:760][  0]LogTemp: Display: Loaded TP WindowsServerTargetPlatform
[2019.02.15-12.04.45:767][  0]LogTemp: Display: Loaded TP WindowsTargetPlatform
[2019.02.15-12.04.45:843][  0]LogTemp: Display: Loaded TP AndroidTargetPlatform
[2019.02.15-12.04.45:843][  0]LogTemp: Display: Loaded TP AndroidTargetPlatform
[2019.02.15-12.04.45:843][  0]LogTemp: Display: Loaded TP AndroidTargetPlatform
[2019.02.15-12.04.45:843][  0]LogTemp: Display: Loaded TP AndroidTargetPlatform
[2019.02.15-12.04.45:843][  0]LogTemp: Display: Loaded TP AndroidTargetPlatform
[2019.02.15-12.04.45:843][  0]LogTemp: Display: Loaded TP AndroidTargetPlatform
[2019.02.15-12.04.45:843][  0]LogTemp: Display: Loaded TP AndroidTargetPlatform
[2019.02.15-12.04.45:843][  0]LogTemp: Display: Loaded TP AndroidTargetPlatform
[2019.02.15-12.04.45:843][  0]LogTemp: Display: Loaded TP AndroidTargetPlatform
[2019.02.15-12.04.45:843][  0]LogTemp: Display: Loaded TP AndroidTargetPlatform
[2019.02.15-12.04.45:843][  0]LogTemp: Display: Loaded TP AndroidTargetPlatform
[2019.02.15-12.04.45:843][  0]LogTemp: Display: Loaded TP AndroidTargetPlatform
[2019.02.15-12.04.45:843][  0]LogTemp: Display: Loaded TP AndroidTargetPlatform
[2019.02.15-12.04.45:843][  0]LogTemp: Display: Loaded TP AndroidTargetPlatform
[2019.02.15-12.04.45:843][  0]LogTemp: Display: Loaded TP AndroidTargetPlatform
[2019.02.15-12.04.45:843][  0]LogTemp: Display: Loaded TP AndroidTargetPlatform
[2019.02.15-12.04.45:843][  0]LogTemp: Display: Loaded TP AndroidTargetPlatform
[2019.02.15-12.04.45:843][  0]LogTemp: Display: Loaded TP AndroidTargetPlatform
[2019.02.15-12.04.45:844][  0]LogTemp: Display: Loaded TP HTML5TargetPlatform
[2019.02.15-12.04.45:904][  0]LogTemp: Display: Loaded TP IOSTargetPlatform
[2019.02.15-12.04.45:904][  0]LogTemp: Display: Loaded TP IOSTargetPlatform
[2019.02.15-12.04.45:926][  0]LogTemp: Display: Loaded TP TVOSTargetPlatform
[2019.02.15-12.04.45:926][  0]LogTemp: Display: Loaded TP TVOSTargetPlatform
[2019.02.15-12.04.45:938][  0]LogTemp: Display: Loaded TP LinuxClientTargetPlatform
[2019.02.15-12.04.45:950][  0]LogTemp: Display: Loaded TP LinuxNoEditorTargetPlatform
[2019.02.15-12.04.45:962][  0]LogTemp: Display: Loaded TP LinuxServerTargetPlatform
[2019.02.15-12.04.45:974][  0]LogTemp: Display: Loaded TP LinuxTargetPlatform
[2019.02.15-12.04.45:983][  0]LogTemp: Display: Loaded TP LuminTargetPlatform
[2019.02.15-12.04.45:983][  0]LogTargetPlatformManager: Display: Building Assets For Windows
[2019.02.15-12.04.46:061][  0]LogXGEController: Cannot use XGE Controller as Incredibuild is not installed on this machine.
[2019.02.15-12.04.46:061][  0]LogShaderCompilers: Cannot use XGE Shader Compiler as Incredibuild is not installed on this machine.
[2019.02.15-12.04.46:061][  0]LogShaderCompilers: Display: Using Local Shader Compiler.
[2019.02.15-12.04.46:817][  0]LogDerivedDataCache: Display: Max Cache Size: 512 MB
[2019.02.15-12.04.46:902][  0]LogDerivedDataCache: Loaded boot cache 0.08s 71MB C:/Users/trj1crt/AppData/Local/UnrealEngine/4.20/DerivedDataCache/Boot.ddc.
[2019.02.15-12.04.46:903][  0]LogDerivedDataCache: Display: Loaded Boot cache: C:/Users/trj1crt/AppData/Local/UnrealEngine/4.20/DerivedDataCache/Boot.ddc
[2019.02.15-12.04.46:903][  0]LogDerivedDataCache: FDerivedDataBackendGraph:  Pak pak cache file ../../../../../../Temp/Rhun/castleforce/Castleforce/DerivedDataCache/DDC.ddp not found, will not use a pak cache.
[2019.02.15-12.04.46:903][  0]LogDerivedDataCache: Unable to find inner node Pak for hierarchical cache Hierarchy.
[2019.02.15-12.04.46:903][  0]LogDerivedDataCache: FDerivedDataBackendGraph:  CompressedPak pak cache file ../../../../../../Temp/Rhun/castleforce/Castleforce/DerivedDataCache/Compressed.ddp not found, will not use a pak cache.
[2019.02.15-12.04.46:903][  0]LogDerivedDataCache: Unable to find inner node CompressedPak for hierarchical cache Hierarchy.
[2019.02.15-12.04.46:915][  0]LogDerivedDataCache: Display: Pak cache opened for reading ../../../Engine/DerivedDataCache/Compressed.ddp.
[2019.02.15-12.04.46:927][  0]LogDerivedDataCache: Using Local data cache path C:/Users/trj1crt/AppData/Local/UnrealEngine/Common/DerivedDataCache: Writable
[2019.02.15-12.04.46:927][  0]LogDerivedDataCache: Shared data cache path not found in *engine.ini, will not use an Shared cache.
[2019.02.15-12.04.46:927][  0]LogDerivedDataCache: Unable to find inner node Shared for hierarchical cache Hierarchy.
[2019.02.15-12.04.46:944][  0]LogMaterial: Verifying Global Shaders for PCD3D_SM5
[2019.02.15-12.04.46:946][  0]LogSlate: Using FreeType 2.6.0
[2019.02.15-12.04.46:946][  0]LogSlate: SlateFontServices - WITH_FREETYPE: 1, WITH_HARFBUZZ: 1
[2019.02.15-12.04.47:019][  0]LogAssetRegistry: FAssetRegistry took 0.0254 seconds to start up
[2019.02.15-12.04.47:329][  0]LogInit: Selected Device Profile: [Windows]
[2019.02.15-12.04.47:458][  0]LogSimplygon: Simplygon DLL not present - disabling.
[2019.02.15-12.04.47:463][  0]LogMeshReduction: Using SimplygonSwarm for distributed automatic mesh merging
[2019.02.15-12.04.47:463][  0]LogMeshReduction: Using ProxyLODMeshReduction for automatic mesh merging
[2019.02.15-12.04.47:463][  0]LogMeshReduction: Using QuadricMeshReduction for automatic static mesh reduction
[2019.02.15-12.04.47:463][  0]LogMeshReduction: No automatic skeletal mesh reduction module available
[2019.02.15-12.04.47:483][  0]LogNetVersion: Castleforce 1.0.0, NetCL: 4212847, EngineNetVer: 5, GameNetVer: 0 (Checksum: 2622368503)
[2019.02.15-12.04.48:098][  0]LogPackageLocalizationCache: Processed 11 localized package path(s) for 2 prioritized culture(s) in 0.204130 seconds
[2019.02.15-12.04.48:103][  0]LogUObjectArray: 38425 objects as part of root set at end of initial load.
[2019.02.15-12.04.48:104][  0]LogUObjectAllocator: 6690872 out of 0 bytes used by permanent object pool.
[2019.02.15-12.04.48:104][  0]LogUObjectArray: CloseDisregardForGC: 0/0 objects in disregard for GC pool
[2019.02.15-12.04.49:002][  0]LogTcpMessaging: Initializing TcpMessaging bridge
[2019.02.15-12.04.49:016][  0]LogUdpMessaging: Initializing bridge on interface 0.0.0.0:0 to multicast group 230.0.0.1:6666.
[2019.02.15-12.04.49:218][  0]SourceControl: Source control is disabled
[2019.02.15-12.04.49:218][  0]SourceControl: Source control is disabled
[2019.02.15-12.04.49:220][  0]SourceControl: Source control is disabled
[2019.02.15-12.04.49:222][  0]SourceControl: Source control is disabled
[2019.02.15-12.04.49:437][  0]LogAndroidPermission: UAndroidPermissionCallbackProxy::GetInstance
[2019.02.15-12.04.49:476][  0]LogOcInput: OculusInput pre-init called
[2019.02.15-12.04.49:534][  0]LogEngine: Initializing Engine...
[2019.02.15-12.04.49:534][  0]LogHMD: Failed to initialize OpenVR with code 110
[2019.02.15-12.04.49:536][  0]LogStats: UGameplayTagsManager::ConstructGameplayTagTree: ImportINI prefixes -  0.000 s
[2019.02.15-12.04.49:536][  0]LogStats: UGameplayTagsManager::ConstructGameplayTagTree: Construct from data asset -  0.000 s
[2019.02.15-12.04.49:536][  0]LogStats: UGameplayTagsManager::ConstructGameplayTagTree: ImportINI -  0.000 s
[2019.02.15-12.04.49:536][  0]LogStats: UGameplayTagsManager::ConstructGameplayTagTree: GameplayTagTreeChangedEvent.Broadcast -  0.000 s
[2019.02.15-12.04.49:727][  0]LogInit: Initializing FReadOnlyCVARCache
[2019.02.15-12.04.49:746][  0]LogAIModule: Creating AISystem for world Untitled
[2019.02.15-12.04.49:767][  0]LogInit: No audio devices found!
[2019.02.15-12.04.49:768][  0]LogNetVersion: Set ProjectVersion to 1.0.0.0. Version Checksum will be recalculated on next use.
[2019.02.15-12.04.49:970][  0]LogDerivedDataCache: Saved boot cache 0.20s 71MB C:/Users/trj1crt/AppData/Local/UnrealEngine/4.20/DerivedDataCache/Boot.ddc.
[2019.02.15-12.04.50:024][  0]LogInit: Texture streaming: Enabled
[2019.02.15-12.04.50:055][  0]LogEngineSessionManager: EngineSessionManager initialized
[2019.02.15-12.04.50:071][  0]LogInit: Transaction tracking system initialized
[2019.02.15-12.04.50:106][  0]BlueprintLog: New page: Editor Load
[2019.02.15-12.04.50:230][  0]LocalizationService: Localization service is disabled
[2019.02.15-12.04.50:508][  0]LogCook: Display: Max memory allowance for cook 16384mb min free memory 0mb
[2019.02.15-12.04.50:508][  0]LogCook: Display: Mobile HDR setting 1
[2019.02.15-12.04.50:508][  0]LogGameplayTags: Display: UGameplayTagsManager::DoneAddingNativeTags. DelegateIsBound: 0
[2019.02.15-12.04.50:508][  0]LogStats: UGameplayTagsManager::ConstructGameplayTagTree: ImportINI prefixes -  0.000 s
[2019.02.15-12.04.50:508][  0]LogStats: UGameplayTagsManager::ConstructGameplayTagTree: Construct from data asset -  0.000 s
[2019.02.15-12.04.50:508][  0]LogStats: UGameplayTagsManager::ConstructGameplayTagTree: ImportINI -  0.000 s
[2019.02.15-12.04.50:508][  0]LogStats: UGameplayTagsManager::ConstructGameplayTagTree: GameplayTagTreeChangedEvent.Broadcast -  0.000 s
[2019.02.15-12.04.50:651][  0]LogFileCache: Scanning file cache for directory 'C:/Temp/Rhun/castleforce/Castleforce/Content/' took 0.02s
[2019.02.15-12.04.50:651][  0]SourceControl: Source control is disabled
[2019.02.15-12.04.50:651][  0]Cmd: MAP LOAD FILE="../../../../../../Temp/Rhun/castleforce/Castleforce/Content/Levels/Level1.umap" TEMPLATE=0 SHOWPROGRESS=1 FEATURELEVEL=3
[2019.02.15-12.04.50:652][  0]LightingResults: New page: Lighting Build
[2019.02.15-12.04.50:656][  0]MapCheck: New page: Map Check
[2019.02.15-12.04.50:656][  0]LightingResults: New page: Lighting Build
[2019.02.15-12.04.50:928][  0]LogAIModule: Creating AISystem for world Level1
[2019.02.15-12.04.50:933][  0]LogEditorServer: Finished looking for orphan Actors (0.000 secs)
[2019.02.15-12.04.50:954][  0]Cmd: MAP CHECKDEP NOCLEARLOG
[2019.02.15-12.04.51:037][  0]MapCheck: Map check complete: 0 Error(s), 0 Warning(s), took 82.955ms to complete.
[2019.02.15-12.04.51:037][  0]LogFileHelpers: Loading map 'Level1' took 0.386
[2019.02.15-12.04.51:202][  0]LogSlate: Updating window title bar state: overlay mode, drag disabled, window buttons hidden, title bar hidden
[2019.02.15-12.04.51:209][  0]LogSlate: Updating window title bar state: overlay mode, drag disabled, window buttons hidden, title bar hidden
[2019.02.15-12.04.51:216][  0]LogSlate: Updating window title bar state: overlay mode, drag disabled, window buttons hidden, title bar hidden
[2019.02.15-12.04.51:223][  0]LogSlate: Updating window title bar state: overlay mode, drag disabled, window buttons hidden, title bar hidden
[2019.02.15-12.04.51:232][  0]LogCollectionManager: Loaded 0 collections in 0.002898 seconds
[2019.02.15-12.04.51:275][  0]LogFileCache: Scanning file cache for directory 'C:/Temp/Rhun/castleforce/Castleforce/Saved/Collections/' took 0.01s
[2019.02.15-12.04.51:275][  0]LogFileCache: Scanning file cache for directory 'C:/Temp/Rhun/castleforce/Castleforce/Content/Developers/trj1crt/Collections/' took 0.01s
[2019.02.15-12.04.51:275][  0]LogFileCache: Scanning file cache for directory 'C:/Temp/Rhun/castleforce/Castleforce/Content/Collections/' took 0.01s
[2019.02.15-12.04.51:275][  0]LogCollectionManager: Rebuilt the GUID cache for 0 collections in 0.000000 seconds
[2019.02.15-12.04.51:289][  0]LogContentBrowser: Native class hierarchy populated in 0.0135 seconds. Added 2584 classes and 610 folders.
[2019.02.15-12.04.51:302][  0]LogContentBrowser: Native class hierarchy updated for 'WidgetCarousel' in 0.0012 seconds. Added 0 classes and 0 folders.
[2019.02.15-12.04.51:363][  0]LogContentBrowser: Native class hierarchy updated for 'AddContentDialog' in 0.0009 seconds. Added 0 classes and 0 folders.
[2019.02.15-12.04.51:426][  0]LogContentBrowser: Native class hierarchy updated for 'HierarchicalLODOutliner' in 0.0009 seconds. Added 0 classes and 0 folders.
[2019.02.15-12.04.51:426][  0]LogLoad: (Engine Initialization) Total time: 9.70 seconds
[2019.02.15-12.04.51:426][  0]LogLoad: (Engine Initialization) Total Blueprint compile time: 0.00 seconds
[2019.02.15-12.04.51:438][  0]LogWindowsTextInputMethodSystem: Display: IME system now deactivated.
[2019.02.15-12.04.51:461][  0]LogContentStreaming: Texture pool size now 1000 MB
[2019.02.15-12.04.51:463][  0]LogSlate: Took 0.000188 seconds to synchronously load lazily loaded font '../../../Engine/Content/Slate/Fonts/Roboto-Regular.ttf' (155K)
[2019.02.15-12.04.51:466][  0]LogSlate: Took 0.000167 seconds to synchronously load lazily loaded font '../../../Engine/Content/Slate/Fonts/Roboto-Bold.ttf' (160K)
[2019.02.15-12.04.51:468][  0]LogSlate: Took 0.000235 seconds to synchronously load lazily loaded font '../../../Engine/Content/Editor/Slate/Fonts/FontAwesome.ttf' (139K)
[2019.02.15-12.04.51:583][  0]LogRenderer: Reallocating scene render targets to support 528x360 Format 10 NumSamples 1 (Frame:1).
[2019.02.15-12.04.51:650][  0]LogSlate: Took 0.000188 seconds to synchronously load lazily loaded font '../../../Engine/Content/Slate/Fonts/Roboto-Light.ttf' (167K)
[2019.02.15-12.04.51:689][  1]LogAssetRegistry: Asset discovery search completed in 4.6922 seconds
[2019.02.15-12.04.51:690][  1]LogCollectionManager: Rebuilt the object cache for 0 collections in 0.000000 seconds (found 0 objects)
[2019.02.15-12.04.51:691][  1]LogCollectionManager: Fixed up redirectors for 0 collections in 0.000049 seconds (updated 0 objects)
[2019.02.15-12.04.52:588][ 84]LogSlate: Took 0.000799 seconds to synchronously load lazily loaded font '../../../Engine/Content/Slate/Fonts/Roboto-Light.ttf' (167K)
[2019.02.15-12.04.54:174][213]LogRenderer: Reallocating scene render targets to support 1208x576 Format 10 NumSamples 1 (Frame:3).
[2019.02.15-12.04.55:325][346]LogSlate: FSceneViewport::OnFocusLost() reason 0
[2019.02.15-12.04.56:252][457]LogSlate: FSceneViewport::OnFocusLost() reason 0
[2019.02.15-12.04.56:352][469]LogTemp: Repeating last play command: Selected Viewport
[2019.02.15-12.04.56:369][469]LogBlueprintUserMessages: Early PlayInEditor Detection: Level '/Game/Levels/Level1.Level1:PersistentLevel' has LevelScriptBlueprint '/Game/Levels/Level1.Level1:PersistentLevel.Level1' with GeneratedClass '/Game/Levels/Level1.Level1_C' with ClassGeneratedBy '/Game/Levels/Level1.Level1:PersistentLevel.Level1'
[2019.02.15-12.04.56:369][469]LogPlayLevel: PlayLevel: No blueprints needed recompiling
[2019.02.15-12.04.56:381][469]PIE: New page: PIE session: Level1 (15 Feb 2019 12:04:56)
[2019.02.15-12.04.56:381][469]LogPlayLevel: Creating play world package: /Game/Levels/UEDPIE_0_Level1
[2019.02.15-12.04.56:406][469]LogPlayLevel: PIE: StaticDuplicateObject took: (0.025125s)
[2019.02.15-12.04.56:407][469]LogAIModule: Creating AISystem for world Level1
[2019.02.15-12.04.56:407][469]LogPlayLevel: PIE: World Init took: (0.000691s)
[2019.02.15-12.04.56:407][469]LogPlayLevel: PIE: Created PIE world by copying editor world from /Game/Levels/Level1.Level1 to /Game/Levels/UEDPIE_0_Level1.Level1 (0.025936s)
[2019.02.15-12.04.56:548][469]LogLoad: Game class is 'MyCastleforceGameMode_C'
[2019.02.15-12.04.56:552][469]LogWorld: Bringing World /Game/Levels/UEDPIE_0_Level1.Level1 up for play (max tick rate 0) at 2019.02.15-12.04.56
[2019.02.15-12.04.56:552][469]LogWorld: Bringing up level for play took: 0.001085
[2019.02.15-12.04.56:575][469]LogContentBrowser: Native class hierarchy updated for 'MovieSceneCapture' in 0.0011 seconds. Added 10 classes and 0 folders.
[2019.02.15-12.04.56:602][469]PIE: Play in editor start time for /Game/Levels/UEDPIE_0_Level1 0.125
[2019.02.15-12.04.56:602][469]LogBlueprintUserMessages: Late PlayInEditor Detection: Level '/Game/Levels/Level1.Level1:PersistentLevel' has LevelScriptBlueprint '/Game/Levels/Level1.Level1:PersistentLevel.Level1' with GeneratedClass '/Game/Levels/Level1.Level1_C' with ClassGeneratedBy '/Game/Levels/Level1.Level1:PersistentLevel.Level1'
[2019.02.15-12.04.56:665][470]LogActor: Warning: CastleforceKnight_C /Engine/Transient.World_0:PersistentLevel.CastleforceKnight_C_0 has natively added scene component(s), but none of them were set as the actor's RootComponent - picking one arbitrarily
[2019.02.15-12.04.57:436][559]LogActor: Warning: CastleforceKnight_C /Game/Levels/UEDPIE_0_Level1.Level1:PersistentLevel.CastleforceKnight_C_0 has natively added scene component(s), but none of them were set as the actor's RootComponent - picking one arbitrarily
[2019.02.15-12.05.24:813][844]LogSlate: FSceneViewport::OnFocusLost() reason 0
[2019.02.15-12.05.24:888][853]LogBlueprintUserMessages: Early EndPlayMap Detection: Level '/Game/Levels/Level1.Level1:PersistentLevel' has LevelScriptBlueprint '/Game/Levels/Level1.Level1:PersistentLevel.Level1' with GeneratedClass '/Game/Levels/Level1.Level1_C' with ClassGeneratedBy '/Game/Levels/Level1.Level1:PersistentLevel.Level1'
[2019.02.15-12.05.24:888][853]LogSlate: Updating window title bar state: overlay mode, drag disabled, window buttons hidden, title bar hidden
[2019.02.15-12.05.24:922][853]LogPlayLevel: Display: Shutting down PIE online subsystems
[2019.02.15-12.05.24:922][853]LogBlueprintUserMessages: Late EndPlayMap Detection: Level '/Game/Levels/Level1.Level1:PersistentLevel' has LevelScriptBlueprint '/Game/Levels/Level1.Level1:PersistentLevel.Level1' with GeneratedClass '/Game/Levels/Level1.Level1_C' with ClassGeneratedBy '/Game/Levels/Level1.Level1:PersistentLevel.Level1'
[2019.02.15-12.05.24:940][853]LogSlate: Updating window title bar state: overlay mode, drag disabled, window buttons hidden, title bar hidden
[2019.02.15-12.05.24:989][857]LogPlayLevel: Display: Destroying online subsystem :Context_1
[2019.02.15-12.05.33:149][819]LogTemp: Repeating last play command: Selected Viewport
[2019.02.15-12.05.33:168][819]LogBlueprintUserMessages: Early PlayInEditor Detection: Level '/Game/Levels/Level1.Level1:PersistentLevel' has LevelScriptBlueprint '/Game/Levels/Level1.Level1:PersistentLevel.Level1' with GeneratedClass '/Game/Levels/Level1.Level1_C' with ClassGeneratedBy '/Game/Levels/Level1.Level1:PersistentLevel.Level1'
[2019.02.15-12.05.33:168][819]LogPlayLevel: PlayLevel: No blueprints needed recompiling
[2019.02.15-12.05.33:168][819]PIE: New page: PIE session: Level1 (15 Feb 2019 12:05:33)
[2019.02.15-12.05.33:168][819]LogPlayLevel: Creating play world package: /Game/Levels/UEDPIE_0_Level1
[2019.02.15-12.05.33:182][819]LogPlayLevel: PIE: StaticDuplicateObject took: (0.014264s)
[2019.02.15-12.05.33:183][819]LogAIModule: Creating AISystem for world Level1
[2019.02.15-12.05.33:183][819]LogPlayLevel: PIE: World Init took: (0.000880s)
[2019.02.15-12.05.33:183][819]LogPlayLevel: PIE: Created PIE world by copying editor world from /Game/Levels/Level1.Level1 to /Game/Levels/UEDPIE_0_Level1.Level1 (0.015329s)
[2019.02.15-12.05.33:234][819]LogLoad: Game class is 'MyCastleforceGameMode_C'
[2019.02.15-12.05.33:235][819]LogWorld: Bringing World /Game/Levels/UEDPIE_0_Level1.Level1 up for play (max tick rate 0) at 2019.02.15-12.05.33
[2019.02.15-12.05.33:235][819]LogWorld: Bringing up level for play took: 0.000457
[2019.02.15-12.05.33:279][819]PIE: Play in editor start time for /Game/Levels/UEDPIE_0_Level1 0.802
[2019.02.15-12.05.33:279][819]LogBlueprintUserMessages: Late PlayInEditor Detection: Level '/Game/Levels/Level1.Level1:PersistentLevel' has LevelScriptBlueprint '/Game/Levels/Level1.Level1:PersistentLevel.Level1' with GeneratedClass '/Game/Levels/Level1.Level1_C' with ClassGeneratedBy '/Game/Levels/Level1.Level1:PersistentLevel.Level1'
[2019.02.15-12.05.35:347][ 60]LogActor: Warning: CastleforceKnight_C /Game/Levels/UEDPIE_0_Level1.Level1:PersistentLevel.CastleforceKnight_C_0 has natively added scene component(s), but none of them were set as the actor's RootComponent - picking one arbitrarily
[2019.02.15-12.06.45:715][472]LogSlate: FSceneViewport::OnFocusLost() reason 0
[2019.02.15-12.06.45:841][487]LogBlueprintUserMessages: Early EndPlayMap Detection: Level '/Game/Levels/Level1.Level1:PersistentLevel' has LevelScriptBlueprint '/Game/Levels/Level1.Level1:PersistentLevel.Level1' with GeneratedClass '/Game/Levels/Level1.Level1_C' with ClassGeneratedBy '/Game/Levels/Level1.Level1:PersistentLevel.Level1'
[2019.02.15-12.06.45:841][487]LogSlate: Updating window title bar state: overlay mode, drag disabled, window buttons hidden, title bar hidden
[2019.02.15-12.06.45:880][487]LogPlayLevel: Display: Shutting down PIE online subsystems
[2019.02.15-12.06.45:880][487]LogBlueprintUserMessages: Late EndPlayMap Detection: Level '/Game/Levels/Level1.Level1:PersistentLevel' has LevelScriptBlueprint '/Game/Levels/Level1.Level1:PersistentLevel.Level1' with GeneratedClass '/Game/Levels/Level1.Level1_C' with ClassGeneratedBy '/Game/Levels/Level1.Level1:PersistentLevel.Level1'
[2019.02.15-12.06.45:937][487]LogSlate: Updating window title bar state: overlay mode, drag disabled, window buttons hidden, title bar hidden
[2019.02.15-12.06.45:954][488]LogPlayLevel: Display: Destroying online subsystem :Context_3
[2019.02.15-12.09.08:567][881]Candidate modules for hot reload:
[2019.02.15-12.09.08:567][881]  SimplexNoise
[2019.02.15-12.09.08:568][881]  Castleforce
[2019.02.15-12.09.08:568][881]Launching UnrealBuildTool... [C:/Program Files/Epic Games/UE_4.20/Engine/Binaries/DotNET/UnrealBuildTool.exe  -ModuleWithSuffix=SimplexNoise,400 -ModuleWithSuffix=Castleforce,3322 Win64 Development -TargetType=Editor -Project="../../../../../../Temp/Rhun/castleforce/Castleforce/Castleforce.uproject" -canskiplink "C:/Temp/Rhun/castleforce/Castleforce/Castleforce.uproject" ]
[2019.02.15-12.09.08:576][881]Warning: Starting HotReload took  0.0s.
[2019.02.15-12.09.27:477][120]CompilerResultsLog: New page: Compilation - 15 Feb 2019 12:09:27
[2019.02.15-12.09.27:477][120]CompilerResultsLog: Using 'git status' to determine working set for adaptive non-unity build.
[2019.02.15-12.09.27:477][120]CompilerResultsLog: Compiling game modules for hot reload
[2019.02.15-12.09.27:477][120]CompilerResultsLog: Parsing headers for CastleforceEditor
[2019.02.15-12.09.27:477][120]CompilerResultsLog:   Running UnrealHeaderTool "C:\Temp\Rhun\castleforce\Castleforce\Castleforce.uproject" "C:\Temp\Rhun\castleforce\Castleforce\Intermediate\Build\Win64\CastleforceEditor\Development\CastleforceEditor.uhtmanifest" -LogCmds="loginit warning, logexit warning, logdatabase error" -Unattended -WarningsAsErrors -installed
[2019.02.15-12.09.27:477][120]CompilerResultsLog: LogPluginManager: Warning: Engine version string in ../../../../../../Temp/Rhun/castleforce/Castleforce/Plugins/SimplexNoise-master/SimplexNoise.uplugin could not be parsed ("4.10")
[2019.02.15-12.09.27:477][120]CompilerResultsLog: Reflection code generated for CastleforceEditor in 10.4621264 seconds
[2019.02.15-12.09.27:478][120]CompilerResultsLog: Building 13 actions with 8 processes...
[2019.02.15-12.09.27:478][120]CompilerResultsLog:   [1/13] CastleForceHexTile.gen.cpp
[2019.02.15-12.09.27:478][120]CompilerResultsLog:   [2/13] CastleforceHexGrid.gen.cpp
[2019.02.15-12.09.27:478][120]CompilerResultsLog:   [3/13] CastleforceUnit.gen.cpp
[2019.02.15-12.09.27:478][120]CompilerResultsLog:   [4/13] CastleforceHexPawn.gen.cpp
[2019.02.15-12.09.27:478][120]CompilerResultsLog:   [5/13] CastleforceHexTile.cpp
[2019.02.15-12.09.27:478][120]CompilerResultsLog:   C:\Temp\Rhun\castleforce\Castleforce\Source\Castleforce\CastleforceHexTile.cpp(74): warning C4996: 'UTextRenderComponent::SetText': Passing text as FString is deprecated, please use FText instead (likely via a LOCTEXT). Please update your code to the new API before upgrading to the next release, otherwise your project will no longer compile.
[2019.02.15-12.09.27:478][120]CompilerResultsLog:   C:\Program Files\Epic Games\UE_4.20\Engine\Source\Runtime\Engine\Classes\Components/TextRenderComponent.h(108): note: see declaration of 'UTextRenderComponent::SetText'
[2019.02.15-12.09.27:478][120]CompilerResultsLog:   [6/13] UE4Editor-SimplexNoise-400.lib
[2019.02.15-12.09.27:478][120]CompilerResultsLog:      Creating library C:\Temp\Rhun\castleforce\Castleforce\Plugins\SimplexNoise-master\Intermediate\Build\Win64\UE4Editor\Development\SimplexNoise\UE4Editor-SimplexNoise-400.lib and object C:\Temp\Rhun\castleforce\Castleforce\Plugins\SimplexNoise-master\Intermediate\Build\Win64\UE4Editor\Development\SimplexNoise\UE4Editor-SimplexNoise-400.exp
[2019.02.15-12.09.27:478][120]CompilerResultsLog:   [7/13] CastleforceUnit.cpp
[2019.02.15-12.09.27:479][120]CompilerResultsLog:   [8/13] CastleforceHexPawn.cpp
[2019.02.15-12.09.27:479][120]CompilerResultsLog:   [9/13] CastleforceHexGrid.cpp
[2019.02.15-12.09.27:479][120]CompilerResultsLog:   [10/13] UE4Editor-SimplexNoise-400.dll
[2019.02.15-12.09.27:479][120]CompilerResultsLog:      Creating library C:\Temp\Rhun\castleforce\Castleforce\Plugins\SimplexNoise-master\Intermediate\Build\Win64\UE4Editor\Development\SimplexNoise\UE4Editor-SimplexNoise-400.suppressed.lib and object C:\Temp\Rhun\castleforce\Castleforce\Plugins\SimplexNoise-master\Intermediate\Build\Win64\UE4Editor\Development\SimplexNoise\UE4Editor-SimplexNoise-400.suppressed.exp
[2019.02.15-12.09.27:479][120]CompilerResultsLog:   [11/13] CastleforceGameMode.cpp
[2019.02.15-12.09.27:479][120]CompilerResultsLog:   [12/13] UE4Editor-Castleforce-3322.lib
[2019.02.15-12.09.27:479][120]CompilerResultsLog:      Creating library C:\Temp\Rhun\castleforce\Castleforce\Intermediate\Build\Win64\UE4Editor\Development\Castleforce\UE4Editor-Castleforce-3322.lib and object C:\Temp\Rhun\castleforce\Castleforce\Intermediate\Build\Win64\UE4Editor\Development\Castleforce\UE4Editor-Castleforce-3322.exp
[2019.02.15-12.09.27:479][120]CompilerResultsLog:   [13/13] UE4Editor-Castleforce-3322.dll
[2019.02.15-12.09.27:479][120]CompilerResultsLog:      Creating library C:\Temp\Rhun\castleforce\Castleforce\Intermediate\Build\Win64\UE4Editor\Development\Castleforce\UE4Editor-Castleforce-3322.suppressed.lib and object C:\Temp\Rhun\castleforce\Castleforce\Intermediate\Build\Win64\UE4Editor\Development\Castleforce\UE4Editor-Castleforce-3322.suppressed.exp
[2019.02.15-12.09.27:479][120]CompilerResultsLog: Total build time: 18.60 seconds (Parallel executor: 5.30 seconds)
[2019.02.15-12.09.27:479][120]LogMainFrame: MainFrame: Module compiling took 18.918 seconds
[2019.02.15-12.09.27:512][120]LogContentBrowser: Native class hierarchy updated for 'SimplexNoise' in 0.0009 seconds. Added 1 classes and 3 folders.
[2019.02.15-12.09.27:531][120]LogClass: TileHeight HotReload.
[2019.02.15-12.09.27:535][120]LogContentBrowser: Native class hierarchy updated for 'Castleforce' in 0.0009 seconds. Added 10 classes and 2 folders.
[2019.02.15-12.09.27:537][120]Display: HotReload successful (15 functions remapped  0 scriptstructs remapped)
[2019.02.15-12.09.27:697][120]LogContentBrowser: Native class hierarchy populated in 0.0096 seconds. Added 2584 classes and 610 folders.
[2019.02.15-12.09.27:698][120]Display: HotReload took 19.1s.
[2019.02.15-12.09.32:323][674]LogTemp: Repeating last play command: Selected Viewport
[2019.02.15-12.09.32:340][674]LogBlueprintUserMessages: Early PlayInEditor Detection: Level '/Game/Levels/Level1.Level1:PersistentLevel' has LevelScriptBlueprint '/Game/Levels/Level1.Level1:PersistentLevel.Level1' with GeneratedClass '/Game/Levels/Level1.Level1_C' with ClassGeneratedBy '/Game/Levels/Level1.Level1:PersistentLevel.Level1'
[2019.02.15-12.09.32:340][674]LogPlayLevel: PlayLevel: No blueprints needed recompiling
[2019.02.15-12.09.32:340][674]PIE: New page: PIE session: Level1 (15 Feb 2019 12:09:32)
[2019.02.15-12.09.32:341][674]LogPlayLevel: Creating play world package: /Game/Levels/UEDPIE_0_Level1
[2019.02.15-12.09.32:353][674]LogPlayLevel: PIE: StaticDuplicateObject took: (0.013297s)
[2019.02.15-12.09.32:354][674]LogAIModule: Creating AISystem for world Level1
[2019.02.15-12.09.32:354][674]LogPlayLevel: PIE: World Init took: (0.000866s)
[2019.02.15-12.09.32:354][674]LogPlayLevel: PIE: Created PIE world by copying editor world from /Game/Levels/Level1.Level1 to /Game/Levels/UEDPIE_0_Level1.Level1 (0.014300s)
[2019.02.15-12.09.32:415][674]LogLoad: Game class is 'MyCastleforceGameMode_C'
[2019.02.15-12.09.32:417][674]LogWorld: Bringing World /Game/Levels/UEDPIE_0_Level1.Level1 up for play (max tick rate 0) at 2019.02.15-12.09.32
[2019.02.15-12.09.32:418][674]LogWorld: Bringing up level for play took: 0.001248
[2019.02.15-12.09.32:468][674]PIE: Play in editor start time for /Game/Levels/UEDPIE_0_Level1 -0.007
[2019.02.15-12.09.32:469][674]LogBlueprintUserMessages: Late PlayInEditor Detection: Level '/Game/Levels/Level1.Level1:PersistentLevel' has LevelScriptBlueprint '/Game/Levels/Level1.Level1:PersistentLevel.Level1' with GeneratedClass '/Game/Levels/Level1.Level1_C' with ClassGeneratedBy '/Game/Levels/Level1.Level1:PersistentLevel.Level1'
[2019.02.15-12.09.35:727][ 49]LogBlueprintUserMessages: Early EndPlayMap Detection: Level '/Game/Levels/Level1.Level1:PersistentLevel' has LevelScriptBlueprint '/Game/Levels/Level1.Level1:PersistentLevel.Level1' with GeneratedClass '/Game/Levels/Level1.Level1_C' with ClassGeneratedBy '/Game/Levels/Level1.Level1:PersistentLevel.Level1'
[2019.02.15-12.09.35:728][ 49]LogSlate: Updating window title bar state: overlay mode, drag disabled, window buttons hidden, title bar hidden
[2019.02.15-12.09.35:764][ 49]LogPlayLevel: Display: Shutting down PIE online subsystems
[2019.02.15-12.09.35:764][ 49]LogBlueprintUserMessages: Late EndPlayMap Detection: Level '/Game/Levels/Level1.Level1:PersistentLevel' has LevelScriptBlueprint '/Game/Levels/Level1.Level1:PersistentLevel.Level1' with GeneratedClass '/Game/Levels/Level1.Level1_C' with ClassGeneratedBy '/Game/Levels/Level1.Level1:PersistentLevel.Level1'
[2019.02.15-12.09.35:809][ 49]LogSlate: Updating window title bar state: overlay mode, drag disabled, window buttons hidden, title bar hidden
[2019.02.15-12.09.35:831][ 50]LogPlayLevel: Display: Destroying online subsystem :Context_4
[2019.02.15-12.09.36:320][108]LogTemp: Repeating last play command: Selected Viewport
[2019.02.15-12.09.36:338][108]LogBlueprintUserMessages: Early PlayInEditor Detection: Level '/Game/Levels/Level1.Level1:PersistentLevel' has LevelScriptBlueprint '/Game/Levels/Level1.Level1:PersistentLevel.Level1' with GeneratedClass '/Game/Levels/Level1.Level1_C' with ClassGeneratedBy '/Game/Levels/Level1.Level1:PersistentLevel.Level1'
[2019.02.15-12.09.36:338][108]LogPlayLevel: PlayLevel: No blueprints needed recompiling
[2019.02.15-12.09.36:338][108]PIE: New page: PIE session: Level1 (15 Feb 2019 12:09:36)
[2019.02.15-12.09.36:338][108]LogPlayLevel: Creating play world package: /Game/Levels/UEDPIE_0_Level1
[2019.02.15-12.09.36:350][108]LogPlayLevel: PIE: StaticDuplicateObject took: (0.012766s)
[2019.02.15-12.09.36:350][108]LogAIModule: Creating AISystem for world Level1
[2019.02.15-12.09.36:351][108]LogPlayLevel: PIE: World Init took: (0.000970s)
[2019.02.15-12.09.36:351][108]LogPlayLevel: PIE: Created PIE world by copying editor world from /Game/Levels/Level1.Level1 to /Game/Levels/UEDPIE_0_Level1.Level1 (0.013892s)
[2019.02.15-12.09.36:403][108]LogLoad: Game class is 'MyCastleforceGameMode_C'
[2019.02.15-12.09.36:404][108]LogWorld: Bringing World /Game/Levels/UEDPIE_0_Level1.Level1 up for play (max tick rate 0) at 2019.02.15-12.09.36
[2019.02.15-12.09.36:404][108]LogWorld: Bringing up level for play took: 0.000528
[2019.02.15-12.09.36:447][108]PIE: Play in editor start time for /Game/Levels/UEDPIE_0_Level1 -0.028
[2019.02.15-12.09.36:447][108]LogBlueprintUserMessages: Late PlayInEditor Detection: Level '/Game/Levels/Level1.Level1:PersistentLevel' has LevelScriptBlueprint '/Game/Levels/Level1.Level1:PersistentLevel.Level1' with GeneratedClass '/Game/Levels/Level1.Level1_C' with ClassGeneratedBy '/Game/Levels/Level1.Level1:PersistentLevel.Level1'
[2019.02.15-12.09.37:792][263]LogBlueprintUserMessages: Early EndPlayMap Detection: Level '/Game/Levels/Level1.Level1:PersistentLevel' has LevelScriptBlueprint '/Game/Levels/Level1.Level1:PersistentLevel.Level1' with GeneratedClass '/Game/Levels/Level1.Level1_C' with ClassGeneratedBy '/Game/Levels/Level1.Level1:PersistentLevel.Level1'
[2019.02.15-12.09.37:792][263]LogSlate: Updating window title bar state: overlay mode, drag disabled, window buttons hidden, title bar hidden
[2019.02.15-12.09.37:826][263]LogPlayLevel: Display: Shutting down PIE online subsystems
[2019.02.15-12.09.37:826][263]LogBlueprintUserMessages: Late EndPlayMap Detection: Level '/Game/Levels/Level1.Level1:PersistentLevel' has LevelScriptBlueprint '/Game/Levels/Level1.Level1:PersistentLevel.Level1' with GeneratedClass '/Game/Levels/Level1.Level1_C' with ClassGeneratedBy '/Game/Levels/Level1.Level1:PersistentLevel.Level1'
[2019.02.15-12.09.37:845][263]LogSlate: Updating window title bar state: overlay mode, drag disabled, window buttons hidden, title bar hidden
[2019.02.15-12.09.37:893][267]LogPlayLevel: Display: Destroying online subsystem :Context_5
[2019.02.15-12.09.38:508][341]LogTemp: Repeating last play command: Selected Viewport
[2019.02.15-12.09.38:526][341]LogBlueprintUserMessages: Early PlayInEditor Detection: Level '/Game/Levels/Level1.Level1:PersistentLevel' has LevelScriptBlueprint '/Game/Levels/Level1.Level1:PersistentLevel.Level1' with GeneratedClass '/Game/Levels/Level1.Level1_C' with ClassGeneratedBy '/Game/Levels/Level1.Level1:PersistentLevel.Level1'
[2019.02.15-12.09.38:526][341]LogPlayLevel: PlayLevel: No blueprints needed recompiling
[2019.02.15-12.09.38:526][341]PIE: New page: PIE session: Level1 (15 Feb 2019 12:09:38)
[2019.02.15-12.09.38:526][341]LogPlayLevel: Creating play world package: /Game/Levels/UEDPIE_0_Level1
[2019.02.15-12.09.38:538][341]LogPlayLevel: PIE: StaticDuplicateObject took: (0.011481s)
[2019.02.15-12.09.38:539][341]LogAIModule: Creating AISystem for world Level1
[2019.02.15-12.09.38:539][341]LogPlayLevel: PIE: World Init took: (0.000775s)
[2019.02.15-12.09.38:539][341]LogPlayLevel: PIE: Created PIE world by copying editor world from /Game/Levels/Level1.Level1 to /Game/Levels/UEDPIE_0_Level1.Level1 (0.012391s)
[2019.02.15-12.09.38:584][341]LogLoad: Game class is 'MyCastleforceGameMode_C'
[2019.02.15-12.09.38:586][341]LogWorld: Bringing World /Game/Levels/UEDPIE_0_Level1.Level1 up for play (max tick rate 0) at 2019.02.15-12.09.38
[2019.02.15-12.09.38:587][341]LogWorld: Bringing up level for play took: 0.001146
[2019.02.15-12.09.38:663][341]PIE: Play in editor start time for /Game/Levels/UEDPIE_0_Level1 0.188
[2019.02.15-12.09.38:663][341]LogBlueprintUserMessages: Late PlayInEditor Detection: Level '/Game/Levels/Level1.Level1:PersistentLevel' has LevelScriptBlueprint '/Game/Levels/Level1.Level1:PersistentLevel.Level1' with GeneratedClass '/Game/Levels/Level1.Level1_C' with ClassGeneratedBy '/Game/Levels/Level1.Level1:PersistentLevel.Level1'
[2019.02.15-12.09.39:903][483]LogBlueprintUserMessages: Early EndPlayMap Detection: Level '/Game/Levels/Level1.Level1:PersistentLevel' has LevelScriptBlueprint '/Game/Levels/Level1.Level1:PersistentLevel.Level1' with GeneratedClass '/Game/Levels/Level1.Level1_C' with ClassGeneratedBy '/Game/Levels/Level1.Level1:PersistentLevel.Level1'
[2019.02.15-12.09.39:903][483]LogSlate: Updating window title bar state: overlay mode, drag disabled, window buttons hidden, title bar hidden
[2019.02.15-12.09.39:942][483]LogPlayLevel: Display: Shutting down PIE online subsystems
[2019.02.15-12.09.39:942][483]LogBlueprintUserMessages: Late EndPlayMap Detection: Level '/Game/Levels/Level1.Level1:PersistentLevel' has LevelScriptBlueprint '/Game/Levels/Level1.Level1:PersistentLevel.Level1' with GeneratedClass '/Game/Levels/Level1.Level1_C' with ClassGeneratedBy '/Game/Levels/Level1.Level1:PersistentLevel.Level1'
[2019.02.15-12.09.39:989][483]LogSlate: Updating window title bar state: overlay mode, drag disabled, window buttons hidden, title bar hidden
[2019.02.15-12.09.40:005][484]LogPlayLevel: Display: Destroying online subsystem :Context_6
[2019.02.15-12.09.40:427][534]LogTemp: Repeating last play command: Selected Viewport
[2019.02.15-12.09.40:444][534]LogBlueprintUserMessages: Early PlayInEditor Detection: Level '/Game/Levels/Level1.Level1:PersistentLevel' has LevelScriptBlueprint '/Game/Levels/Level1.Level1:PersistentLevel.Level1' with GeneratedClass '/Game/Levels/Level1.Level1_C' with ClassGeneratedBy '/Game/Levels/Level1.Level1:PersistentLevel.Level1'
[2019.02.15-12.09.40:444][534]LogPlayLevel: PlayLevel: No blueprints needed recompiling
[2019.02.15-12.09.40:444][534]PIE: New page: PIE session: Level1 (15 Feb 2019 12:09:40)
[2019.02.15-12.09.40:444][534]LogPlayLevel: Creating play world package: /Game/Levels/UEDPIE_0_Level1
[2019.02.15-12.09.40:453][534]LogPlayLevel: PIE: StaticDuplicateObject took: (0.008110s)
[2019.02.15-12.09.40:453][534]LogAIModule: Creating AISystem for world Level1
[2019.02.15-12.09.40:453][534]LogPlayLevel: PIE: World Init took: (0.000802s)
[2019.02.15-12.09.40:453][534]LogPlayLevel: PIE: Created PIE world by copying editor world from /Game/Levels/Level1.Level1 to /Game/Levels/UEDPIE_0_Level1.Level1 (0.009056s)
[2019.02.15-12.09.40:504][534]LogLoad: Game class is 'MyCastleforceGameMode_C'
[2019.02.15-12.09.40:505][534]LogWorld: Bringing World /Game/Levels/UEDPIE_0_Level1.Level1 up for play (max tick rate 0) at 2019.02.15-12.09.40
[2019.02.15-12.09.40:506][534]LogWorld: Bringing up level for play took: 0.001194
[2019.02.15-12.09.40:588][534]PIE: Play in editor start time for /Game/Levels/UEDPIE_0_Level1 0.113
[2019.02.15-12.09.40:589][534]LogBlueprintUserMessages: Late PlayInEditor Detection: Level '/Game/Levels/Level1.Level1:PersistentLevel' has LevelScriptBlueprint '/Game/Levels/Level1.Level1:PersistentLevel.Level1' with GeneratedClass '/Game/Levels/Level1.Level1_C' with ClassGeneratedBy '/Game/Levels/Level1.Level1:PersistentLevel.Level1'
[2019.02.15-12.09.41:884][683]LogActor: Warning: CastleforceKnight_C /Game/Levels/UEDPIE_0_Level1.Level1:PersistentLevel.CastleforceKnight_C_0 has natively added scene component(s), but none of them were set as the actor's RootComponent - picking one arbitrarily
[2019.02.15-12.10.18:424][ 66]LogSlate: FSceneViewport::OnFocusLost() reason 0
[2019.02.15-12.10.18:549][ 81]LogBlueprintUserMessages: Early EndPlayMap Detection: Level '/Game/Levels/Level1.Level1:PersistentLevel' has LevelScriptBlueprint '/Game/Levels/Level1.Level1:PersistentLevel.Level1' with GeneratedClass '/Game/Levels/Level1.Level1_C' with ClassGeneratedBy '/Game/Levels/Level1.Level1:PersistentLevel.Level1'
[2019.02.15-12.10.18:550][ 81]LogSlate: Updating window title bar state: overlay mode, drag disabled, window buttons hidden, title bar hidden
[2019.02.15-12.10.18:585][ 81]LogPlayLevel: Display: Shutting down PIE online subsystems
[2019.02.15-12.10.18:585][ 81]LogBlueprintUserMessages: Late EndPlayMap Detection: Level '/Game/Levels/Level1.Level1:PersistentLevel' has LevelScriptBlueprint '/Game/Levels/Level1.Level1:PersistentLevel.Level1' with GeneratedClass '/Game/Levels/Level1.Level1_C' with ClassGeneratedBy '/Game/Levels/Level1.Level1:PersistentLevel.Level1'
[2019.02.15-12.10.18:604][ 81]LogSlate: Updating window title bar state: overlay mode, drag disabled, window buttons hidden, title bar hidden
[2019.02.15-12.10.18:649][ 85]LogPlayLevel: Display: Destroying online subsystem :Context_7
[2019.02.15-12.11.04:115][473]Candidate modules for hot reload:
[2019.02.15-12.11.04:115][473]  SimplexNoise
[2019.02.15-12.11.04:116][473]  Castleforce
[2019.02.15-12.11.04:116][473]Launching UnrealBuildTool... [C:/Program Files/Epic Games/UE_4.20/Engine/Binaries/DotNET/UnrealBuildTool.exe  -ModuleWithSuffix=SimplexNoise,383 -ModuleWithSuffix=Castleforce,3158 Win64 Development -TargetType=Editor -Project="../../../../../../Temp/Rhun/castleforce/Castleforce/Castleforce.uproject" -canskiplink "C:/Temp/Rhun/castleforce/Castleforce/Castleforce.uproject" ]
[2019.02.15-12.11.04:123][473]Warning: Starting HotReload took  0.0s.
[2019.02.15-12.11.22:171][618]CompilerResultsLog: New page: Compilation - 15 Feb 2019 12:11:22
[2019.02.15-12.11.22:171][618]CompilerResultsLog: Using 'git status' to determine working set for adaptive non-unity build.
[2019.02.15-12.11.22:171][618]CompilerResultsLog: Compiling game modules for hot reload
[2019.02.15-12.11.22:171][618]CompilerResultsLog: Parsing headers for CastleforceEditor
[2019.02.15-12.11.22:171][618]CompilerResultsLog:   Running UnrealHeaderTool "C:\Temp\Rhun\castleforce\Castleforce\Castleforce.uproject" "C:\Temp\Rhun\castleforce\Castleforce\Intermediate\Build\Win64\CastleforceEditor\Development\CastleforceEditor.uhtmanifest" -LogCmds="loginit warning, logexit warning, logdatabase error" -Unattended -WarningsAsErrors -installed
[2019.02.15-12.11.22:171][618]CompilerResultsLog: LogPluginManager: Warning: Engine version string in ../../../../../../Temp/Rhun/castleforce/Castleforce/Plugins/SimplexNoise-master/SimplexNoise.uplugin could not be parsed ("4.10")
[2019.02.15-12.11.22:171][618]CompilerResultsLog: Reflection code generated for CastleforceEditor in 10.1003056 seconds
[2019.02.15-12.11.22:171][618]CompilerResultsLog: Building 13 actions with 8 processes...
[2019.02.15-12.11.22:171][618]CompilerResultsLog:   [1/13] CastleforceUnit.gen.cpp
[2019.02.15-12.11.22:171][618]CompilerResultsLog:   [2/13] CastleForceHexTile.gen.cpp
[2019.02.15-12.11.22:171][618]CompilerResultsLog:   [3/13] CastleforceHexPawn.gen.cpp
[2019.02.15-12.11.22:171][618]CompilerResultsLog:   [4/13] CastleforceHexTile.cpp
[2019.02.15-12.11.22:171][618]CompilerResultsLog:   C:\Temp\Rhun\castleforce\Castleforce\Source\Castleforce\CastleforceHexTile.cpp(74): warning C4996: 'UTextRenderComponent::SetText': Passing text as FString is deprecated, please use FText instead (likely via a LOCTEXT). Please update your code to the new API before upgrading to the next release, otherwise your project will no longer compile.
[2019.02.15-12.11.22:171][618]CompilerResultsLog:   C:\Program Files\Epic Games\UE_4.20\Engine\Source\Runtime\Engine\Classes\Components/TextRenderComponent.h(108): note: see declaration of 'UTextRenderComponent::SetText'
[2019.02.15-12.11.22:171][618]CompilerResultsLog:   [5/13] CastleforceHexGrid.gen.cpp
[2019.02.15-12.11.22:171][618]CompilerResultsLog:   [6/13] UE4Editor-SimplexNoise-383.lib
[2019.02.15-12.11.22:171][618]CompilerResultsLog:      Creating library C:\Temp\Rhun\castleforce\Castleforce\Plugins\SimplexNoise-master\Intermediate\Build\Win64\UE4Editor\Development\SimplexNoise\UE4Editor-SimplexNoise-383.lib and object C:\Temp\Rhun\castleforce\Castleforce\Plugins\SimplexNoise-master\Intermediate\Build\Win64\UE4Editor\Development\SimplexNoise\UE4Editor-SimplexNoise-383.exp
[2019.02.15-12.11.22:171][618]CompilerResultsLog:   [7/13] CastleforceHexPawn.cpp
[2019.02.15-12.11.22:171][618]CompilerResultsLog:   [8/13] CastleforceHexGrid.cpp
[2019.02.15-12.11.22:171][618]CompilerResultsLog:   [9/13] CastleforceUnit.cpp
[2019.02.15-12.11.22:171][618]CompilerResultsLog:   [10/13] UE4Editor-SimplexNoise-383.dll
[2019.02.15-12.11.22:171][618]CompilerResultsLog:      Creating library C:\Temp\Rhun\castleforce\Castleforce\Plugins\SimplexNoise-master\Intermediate\Build\Win64\UE4Editor\Development\SimplexNoise\UE4Editor-SimplexNoise-383.suppressed.lib and object C:\Temp\Rhun\castleforce\Castleforce\Plugins\SimplexNoise-master\Intermediate\Build\Win64\UE4Editor\Development\SimplexNoise\UE4Editor-SimplexNoise-383.suppressed.exp
[2019.02.15-12.11.22:171][618]CompilerResultsLog:   [11/13] CastleforceGameMode.cpp
[2019.02.15-12.11.22:171][618]CompilerResultsLog:   [12/13] UE4Editor-Castleforce-3158.lib
[2019.02.15-12.11.22:171][618]CompilerResultsLog:      Creating library C:\Temp\Rhun\castleforce\Castleforce\Intermediate\Build\Win64\UE4Editor\Development\Castleforce\UE4Editor-Castleforce-3158.lib and object C:\Temp\Rhun\castleforce\Castleforce\Intermediate\Build\Win64\UE4Editor\Development\Castleforce\UE4Editor-Castleforce-3158.exp
[2019.02.15-12.11.22:171][618]CompilerResultsLog:   [13/13] UE4Editor-Castleforce-3158.dll
[2019.02.15-12.11.22:171][618]CompilerResultsLog:      Creating library C:\Temp\Rhun\castleforce\Castleforce\Intermediate\Build\Win64\UE4Editor\Development\Castleforce\UE4Editor-Castleforce-3158.suppressed.lib and object C:\Temp\Rhun\castleforce\Castleforce\Intermediate\Build\Win64\UE4Editor\Development\Castleforce\UE4Editor-Castleforce-3158.suppressed.exp
[2019.02.15-12.11.22:171][618]CompilerResultsLog: Total build time: 17.74 seconds (Parallel executor: 4.85 seconds)
[2019.02.15-12.11.22:171][618]LogMainFrame: MainFrame: Module compiling took 18.063 seconds
[2019.02.15-12.11.22:213][618]LogContentBrowser: Native class hierarchy updated for 'SimplexNoise' in 0.0012 seconds. Added 1 classes and 3 folders.
[2019.02.15-12.11.22:235][618]LogClass: TileHeight HotReload.
[2019.02.15-12.11.22:238][618]LogHotReload: Re-instancing CastleforceHexTile after hot-reload.
[2019.02.15-12.11.22:288][618]LogContentBrowser: Native class hierarchy updated for 'Castleforce' in 0.0009 seconds. Added 10 classes and 2 folders.
[2019.02.15-12.11.22:290][618]Display: HotReload successful (15 functions remapped  0 scriptstructs remapped)
[2019.02.15-12.11.22:339][618]LogContentBrowser: Native class hierarchy populated in 0.0092 seconds. Added 2584 classes and 610 folders.
[2019.02.15-12.11.22:339][618]Display: HotReload took 18.2s.
[2019.02.15-12.11.25:647][ 12]Cmd: OBJ SAVEPACKAGE PACKAGE="/Game/Levels/Level1" FILE="../../../../../../Temp/Rhun/castleforce/Castleforce/Content/Levels/Level1.umap" SILENT=true AUTOSAVING=false KEEPDIRTY=false
[2019.02.15-12.11.25:898][ 12]LogSavePackage: Moving '../../../../../../Temp/Rhun/castleforce/Castleforce/Saved/Level1461B5B754BDB8761ED6C54A2A6B831DB.tmp' to '../../../../../../Temp/Rhun/castleforce/Castleforce/Content/Levels/Level1.umap'
[2019.02.15-12.11.26:693][101]LogTemp: Repeating last play command: Selected Viewport
[2019.02.15-12.11.26:712][101]LogBlueprintUserMessages: Early PlayInEditor Detection: Level '/Game/Levels/Level1.Level1:PersistentLevel' has LevelScriptBlueprint '/Game/Levels/Level1.Level1:PersistentLevel.Level1' with GeneratedClass '/Game/Levels/Level1.Level1_C' with ClassGeneratedBy '/Game/Levels/Level1.Level1:PersistentLevel.Level1'
[2019.02.15-12.11.26:712][101]LogPlayLevel: PlayLevel: No blueprints needed recompiling
[2019.02.15-12.11.26:712][101]PIE: New page: PIE session: Level1 (15 Feb 2019 12:11:26)
[2019.02.15-12.11.26:712][101]LogPlayLevel: Creating play world package: /Game/Levels/UEDPIE_0_Level1
[2019.02.15-12.11.26:724][101]LogPlayLevel: PIE: StaticDuplicateObject took: (0.011763s)
[2019.02.15-12.11.26:725][101]LogAIModule: Creating AISystem for world Level1
[2019.02.15-12.11.26:725][101]LogPlayLevel: PIE: World Init took: (0.000884s)
[2019.02.15-12.11.26:725][101]LogPlayLevel: PIE: Created PIE world by copying editor world from /Game/Levels/Level1.Level1 to /Game/Levels/UEDPIE_0_Level1.Level1 (0.012767s)
[2019.02.15-12.11.26:778][101]LogLoad: Game class is 'MyCastleforceGameMode_C'
[2019.02.15-12.11.26:779][101]LogWorld: Bringing World /Game/Levels/UEDPIE_0_Level1.Level1 up for play (max tick rate 0) at 2019.02.15-12.11.26
[2019.02.15-12.11.26:779][101]LogWorld: Bringing up level for play took: 0.000559
[2019.02.15-12.11.26:842][101]PIE: Play in editor start time for /Game/Levels/UEDPIE_0_Level1 0.368
[2019.02.15-12.11.26:843][101]LogBlueprintUserMessages: Late PlayInEditor Detection: Level '/Game/Levels/Level1.Level1:PersistentLevel' has LevelScriptBlueprint '/Game/Levels/Level1.Level1:PersistentLevel.Level1' with GeneratedClass '/Game/Levels/Level1.Level1_C' with ClassGeneratedBy '/Game/Levels/Level1.Level1:PersistentLevel.Level1'
[2019.02.15-12.11.27:748][203]LogActor: Warning: CastleforceKnight_C /Game/Levels/UEDPIE_0_Level1.Level1:PersistentLevel.CastleforceKnight_C_0 has natively added scene component(s), but none of them were set as the actor's RootComponent - picking one arbitrarily
[2019.02.15-12.11.45:757][364]LogSlate: FSceneViewport::OnFocusLost() reason 0
[2019.02.15-12.11.45:841][374]LogBlueprintUserMessages: Early EndPlayMap Detection: Level '/Game/Levels/Level1.Level1:PersistentLevel' has LevelScriptBlueprint '/Game/Levels/Level1.Level1:PersistentLevel.Level1' with GeneratedClass '/Game/Levels/Level1.Level1_C' with ClassGeneratedBy '/Game/Levels/Level1.Level1:PersistentLevel.Level1'
[2019.02.15-12.11.45:841][374]LogSlate: Updating window title bar state: overlay mode, drag disabled, window buttons hidden, title bar hidden
[2019.02.15-12.11.45:874][374]LogPlayLevel: Display: Shutting down PIE online subsystems
[2019.02.15-12.11.45:875][374]LogBlueprintUserMessages: Late EndPlayMap Detection: Level '/Game/Levels/Level1.Level1:PersistentLevel' has LevelScriptBlueprint '/Game/Levels/Level1.Level1:PersistentLevel.Level1' with GeneratedClass '/Game/Levels/Level1.Level1_C' with ClassGeneratedBy '/Game/Levels/Level1.Level1:PersistentLevel.Level1'
[2019.02.15-12.11.45:921][374]LogSlate: Updating window title bar state: overlay mode, drag disabled, window buttons hidden, title bar hidden
[2019.02.15-12.11.45:953][376]LogPlayLevel: Display: Destroying online subsystem :Context_8
[2019.02.15-12.15.41:041][270]Candidate modules for hot reload:
[2019.02.15-12.15.41:041][270]  SimplexNoise
[2019.02.15-12.15.41:041][270]  Castleforce
[2019.02.15-12.15.41:041][270]Launching UnrealBuildTool... [C:/Program Files/Epic Games/UE_4.20/Engine/Binaries/DotNET/UnrealBuildTool.exe  -ModuleWithSuffix=SimplexNoise,5024 -ModuleWithSuffix=Castleforce,740 Win64 Development -TargetType=Editor -Project="../../../../../../Temp/Rhun/castleforce/Castleforce/Castleforce.uproject" -canskiplink "C:/Temp/Rhun/castleforce/Castleforce/Castleforce.uproject" ]
[2019.02.15-12.15.41:078][270]Warning: Starting HotReload took  0.1s.
[2019.02.15-12.15.59:660][475]CompilerResultsLog: New page: Compilation - 15 Feb 2019 12:15:59
[2019.02.15-12.15.59:661][475]CompilerResultsLog: Using 'git status' to determine working set for adaptive non-unity build.
[2019.02.15-12.15.59:661][475]CompilerResultsLog: Compiling game modules for hot reload
[2019.02.15-12.15.59:661][475]CompilerResultsLog: Parsing headers for CastleforceEditor
[2019.02.15-12.15.59:661][475]CompilerResultsLog:   Running UnrealHeaderTool "C:\Temp\Rhun\castleforce\Castleforce\Castleforce.uproject" "C:\Temp\Rhun\castleforce\Castleforce\Intermediate\Build\Win64\CastleforceEditor\Development\CastleforceEditor.uhtmanifest" -LogCmds="loginit warning, logexit warning, logdatabase error" -Unattended -WarningsAsErrors -installed
[2019.02.15-12.15.59:661][475]CompilerResultsLog: LogPluginManager: Warning: Engine version string in ../../../../../../Temp/Rhun/castleforce/Castleforce/Plugins/SimplexNoise-master/SimplexNoise.uplugin could not be parsed ("4.10")
[2019.02.15-12.15.59:661][475]CompilerResultsLog: Reflection code generated for CastleforceEditor in 10.3371819 seconds
[2019.02.15-12.15.59:661][475]CompilerResultsLog: Building 13 actions with 8 processes...
[2019.02.15-12.15.59:661][475]CompilerResultsLog:   [1/13] CastleforceHexTile.cpp
[2019.02.15-12.15.59:661][475]CompilerResultsLog:   C:\Temp\Rhun\castleforce\Castleforce\Source\Castleforce\CastleforceHexTile.cpp(74): warning C4996: 'UTextRenderComponent::SetText': Passing text as FString is deprecated, please use FText instead (likely via a LOCTEXT). Please update your code to the new API before upgrading to the next release, otherwise your project will no longer compile.
[2019.02.15-12.15.59:661][475]CompilerResultsLog:   C:\Program Files\Epic Games\UE_4.20\Engine\Source\Runtime\Engine\Classes\Components/TextRenderComponent.h(108): note: see declaration of 'UTextRenderComponent::SetText'
[2019.02.15-12.15.59:661][475]CompilerResultsLog:   [2/13] CastleforceUnit.gen.cpp
[2019.02.15-12.15.59:661][475]CompilerResultsLog:   [3/13] CastleForceHexTile.gen.cpp
[2019.02.15-12.15.59:661][475]CompilerResultsLog:   [4/13] CastleforceHexGrid.gen.cpp
[2019.02.15-12.15.59:661][475]CompilerResultsLog:   [5/13] CastleforceHexPawn.gen.cpp
[2019.02.15-12.15.59:661][475]CompilerResultsLog:   [6/13] CastleforceHexPawn.cpp
[2019.02.15-12.15.59:661][475]CompilerResultsLog:   [7/13] UE4Editor-SimplexNoise-5024.lib
[2019.02.15-12.15.59:661][475]CompilerResultsLog:      Creating library C:\Temp\Rhun\castleforce\Castleforce\Plugins\SimplexNoise-master\Intermediate\Build\Win64\UE4Editor\Development\SimplexNoise\UE4Editor-SimplexNoise-5024.lib and object C:\Temp\Rhun\castleforce\Castleforce\Plugins\SimplexNoise-master\Intermediate\Build\Win64\UE4Editor\Development\SimplexNoise\UE4Editor-SimplexNoise-5024.exp
[2019.02.15-12.15.59:661][475]CompilerResultsLog:   [8/13] CastleforceUnit.cpp
[2019.02.15-12.15.59:661][475]CompilerResultsLog:   [9/13] CastleforceHexGrid.cpp
[2019.02.15-12.15.59:661][475]CompilerResultsLog:   [10/13] UE4Editor-SimplexNoise-5024.dll
[2019.02.15-12.15.59:662][475]CompilerResultsLog:      Creating library C:\Temp\Rhun\castleforce\Castleforce\Plugins\SimplexNoise-master\Intermediate\Build\Win64\UE4Editor\Development\SimplexNoise\UE4Editor-SimplexNoise-5024.suppressed.lib and object C:\Temp\Rhun\castleforce\Castleforce\Plugins\SimplexNoise-master\Intermediate\Build\Win64\UE4Editor\Development\SimplexNoise\UE4Editor-SimplexNoise-5024.suppressed.exp
[2019.02.15-12.15.59:662][475]CompilerResultsLog:   [11/13] CastleforceGameMode.cpp
[2019.02.15-12.15.59:662][475]CompilerResultsLog:   [12/13] UE4Editor-Castleforce-740.lib
[2019.02.15-12.15.59:662][475]CompilerResultsLog:      Creating library C:\Temp\Rhun\castleforce\Castleforce\Intermediate\Build\Win64\UE4Editor\Development\Castleforce\UE4Editor-Castleforce-740.lib and object C:\Temp\Rhun\castleforce\Castleforce\Intermediate\Build\Win64\UE4Editor\Development\Castleforce\UE4Editor-Castleforce-740.exp
[2019.02.15-12.15.59:662][475]CompilerResultsLog:   [13/13] UE4Editor-Castleforce-740.dll
[2019.02.15-12.15.59:662][475]CompilerResultsLog:      Creating library C:\Temp\Rhun\castleforce\Castleforce\Intermediate\Build\Win64\UE4Editor\Development\Castleforce\UE4Editor-Castleforce-740.suppressed.lib and object C:\Temp\Rhun\castleforce\Castleforce\Intermediate\Build\Win64\UE4Editor\Development\Castleforce\UE4Editor-Castleforce-740.suppressed.exp
[2019.02.15-12.15.59:662][475]CompilerResultsLog: Total build time: 18.24 seconds (Parallel executor: 5.07 seconds)
[2019.02.15-12.15.59:662][475]LogMainFrame: MainFrame: Module compiling took 18.630 seconds
[2019.02.15-12.15.59:701][475]LogContentBrowser: Native class hierarchy updated for 'SimplexNoise' in 0.0009 seconds. Added 1 classes and 3 folders.
[2019.02.15-12.15.59:721][475]LogClass: TileHeight HotReload.
[2019.02.15-12.15.59:723][475]LogHotReload: Re-instancing CastleforceHexTile after hot-reload.
[2019.02.15-12.15.59:772][475]LogContentBrowser: Native class hierarchy updated for 'Castleforce' in 0.0009 seconds. Added 10 classes and 2 folders.
[2019.02.15-12.15.59:774][475]Display: HotReload successful (15 functions remapped  0 scriptstructs remapped)
[2019.02.15-12.15.59:823][475]LogContentBrowser: Native class hierarchy populated in 0.0092 seconds. Added 2584 classes and 610 folders.
[2019.02.15-12.15.59:824][475]Display: HotReload took 18.8s.
[2019.02.15-12.16.01:328][655]LogTemp: Repeating last play command: Selected Viewport
[2019.02.15-12.16.01:347][655]LogBlueprintUserMessages: Early PlayInEditor Detection: Level '/Game/Levels/Level1.Level1:PersistentLevel' has LevelScriptBlueprint '/Game/Levels/Level1.Level1:PersistentLevel.Level1' with GeneratedClass '/Game/Levels/Level1.Level1_C' with ClassGeneratedBy '/Game/Levels/Level1.Level1:PersistentLevel.Level1'
[2019.02.15-12.16.01:347][655]LogPlayLevel: PlayLevel: No blueprints needed recompiling
[2019.02.15-12.16.01:347][655]PIE: New page: PIE session: Level1 (15 Feb 2019 12:16:01)
[2019.02.15-12.16.01:347][655]LogPlayLevel: Creating play world package: /Game/Levels/UEDPIE_0_Level1
[2019.02.15-12.16.01:362][655]LogPlayLevel: PIE: StaticDuplicateObject took: (0.014168s)
[2019.02.15-12.16.01:363][655]LogAIModule: Creating AISystem for world Level1
[2019.02.15-12.16.01:363][655]LogPlayLevel: PIE: World Init took: (0.001126s)
[2019.02.15-12.16.01:363][655]LogPlayLevel: PIE: Created PIE world by copying editor world from /Game/Levels/Level1.Level1 to /Game/Levels/UEDPIE_0_Level1.Level1 (0.015527s)
[2019.02.15-12.16.01:421][655]LogLoad: Game class is 'MyCastleforceGameMode_C'
[2019.02.15-12.16.01:425][655]LogWorld: Bringing World /Game/Levels/UEDPIE_0_Level1.Level1 up for play (max tick rate 0) at 2019.02.15-12.16.01
[2019.02.15-12.16.01:426][655]LogWorld: Bringing up level for play took: 0.002081
[2019.02.15-12.16.01:510][655]PIE: Play in editor start time for /Game/Levels/UEDPIE_0_Level1 1.036
[2019.02.15-12.16.01:511][655]LogBlueprintUserMessages: Late PlayInEditor Detection: Level '/Game/Levels/Level1.Level1:PersistentLevel' has LevelScriptBlueprint '/Game/Levels/Level1.Level1:PersistentLevel.Level1' with GeneratedClass '/Game/Levels/Level1.Level1_C' with ClassGeneratedBy '/Game/Levels/Level1.Level1:PersistentLevel.Level1'
[2019.02.15-12.16.02:817][795]LogActor: Warning: CastleforceKnight_C /Game/Levels/UEDPIE_0_Level1.Level1:PersistentLevel.CastleforceKnight_C_0 has natively added scene component(s), but none of them were set as the actor's RootComponent - picking one arbitrarily
[2019.02.15-12.16.06:751][267]LogWindows: Windows GetLastError: The operation completed successfully. (0)
[2019.02.15-12.16.09:120][267]LogWindows: Error: === Critical error: ===
[2019.02.15-12.16.09:120][267]LogWindows: Error: 
[2019.02.15-12.16.09:120][267]LogWindows: Error: Assertion failed: (Index >= 0) & (Index < ArrayNum) [File:C:\Program Files\Epic Games\UE_4.20\Engine\Source\Runtime\Core\Public\Containers/Array.h] [Line: 611] 
[2019.02.15-12.16.09:120][267]LogWindows: Error: Array index out of bounds: 0 from an array of size 0
[2019.02.15-12.16.09:120][267]LogWindows: Error: 
[2019.02.15-12.16.09:120][267]LogWindows: Error: 
[2019.02.15-12.16.09:120][267]LogWindows: Error: [Callstack] 0x00007ff9b330a388 KERNELBASE.dll!UnknownFunction []
[2019.02.15-12.16.09:120][267]LogWindows: Error: [Callstack] 0x00007ff98a366850 UE4Editor-ApplicationCore.dll!UnknownFunction []
[2019.02.15-12.16.09:120][267]LogWindows: Error: [Callstack] 0x00007ff96f7262fc UE4Editor-Core.dll!UnknownFunction []
[2019.02.15-12.16.09:120][267]LogWindows: Error: [Callstack] 0x00007ff96f6b51db UE4Editor-Core.dll!UnknownFunction []
[2019.02.15-12.16.09:120][267]LogWindows: Error: [Callstack] 0x00007ff950c303a4 UE4Editor-Castleforce-740.dll!ACastleforceUnit::ContinuePath() [c:\temp\rhun\castleforce\castleforce\source\castleforce\castleforceunit.cpp:26]
[2019.02.15-12.16.09:120][267]LogWindows: Error: [Callstack] 0x00007ff963a75c58 UE4Editor-Engine.dll!UnknownFunction []
[2019.02.15-12.16.09:120][267]LogWindows: Error: [Callstack] 0x00007ff963174d38 UE4Editor-Engine.dll!UnknownFunction []
[2019.02.15-12.16.09:120][267]LogWindows: Error: [Callstack] 0x00007ff965f67335 UE4Editor-UnrealEd.dll!UnknownFunction []
[2019.02.15-12.16.09:120][267]LogWindows: Error: [Callstack] 0x00007ff96685f666 UE4Editor-UnrealEd.dll!UnknownFunction []
[2019.02.15-12.16.09:120][267]LogWindows: Error: [Callstack] 0x00007ff6035e5cbd UE4Editor.exe!UnknownFunction []
[2019.02.15-12.16.09:120][267]LogWindows: Error: [Callstack] 0x00007ff6035f5b3c UE4Editor.exe!UnknownFunction []
[2019.02.15-12.16.09:120][267]LogWindows: Error: [Callstack] 0x00007ff6035f5bba UE4Editor.exe!UnknownFunction []
[2019.02.15-12.16.09:120][267]LogWindows: Error: [Callstack] 0x00007ff603603dac UE4Editor.exe!UnknownFunction []
[2019.02.15-12.16.09:120][267]LogWindows: Error: [Callstack] 0x00007ff603605aaa UE4Editor.exe!UnknownFunction []
[2019.02.15-12.16.09:120][267]LogWindows: Error: [Callstack] 0x00007ff9b43a3034 KERNEL32.DLL!UnknownFunction []
[2019.02.15-12.16.09:120][267]LogWindows: Error: [Callstack] 0x00007ff9b6f73691 ntdll.dll!UnknownFunction []
[2019.02.15-12.16.09:120][267]LogWindows: Error: 
[2019.02.15-12.16.09:147][267]LogExit: Executing StaticShutdownAfterError
[2019.02.15-12.16.09:151][267]LogWindows: FPlatformMisc::RequestExit(1)
[2019.02.15-12.16.09:154][267]Log file closed, 02/15/19 12:16:09
