Log file open, 02/15/19 10:03:09
LogWindows: Failed to load 'aqProf.dll' (GetLastError=126)
LogWindows: File 'aqProf.dll' does not exist
LogWindows: Failed to load 'VtuneApi.dll' (GetLastError=126)
LogWindows: File 'VtuneApi.dll' does not exist
LogWindows: Failed to load 'VtuneApi32e.dll' (GetLastError=126)
LogWindows: File 'VtuneApi32e.dll' does not exist
LogInit: Display: Running engine for game: Castleforce
LogPlatformFile: Not using cached read wrapper
LogTaskGraph: Started task graph with 5 named threads and 23 total threads with 3 sets of task threads.
LogStats: Stats thread started at 0.418195
LogD3D11RHI: Loaded GFSDK_Aftermath_Lib.x64.dll
LogICUInternationalization: Display: ICU TimeZone Detection - Raw Offset: +0:00, Platform Override: ''
LogPluginManager: Mounting plugin Paper2D
LogPluginManager: Mounting plugin AISupport
LogPluginManager: Mounting plugin LightPropagationVolume
LogPluginManager: Mounting plugin CLionSourceCodeAccess
LogPluginManager: Mounting plugin CodeLiteSourceCodeAccess
LogPluginManager: Mounting plugin GitSourceControl
LogPluginManager: Mounting plugin KDevelopSourceCodeAccess
LogPluginManager: Mounting plugin NullSourceCodeAccess
LogPluginManager: Mounting plugin PerforceSourceControl
LogPluginManager: Mounting plugin SubversionSourceControl
LogPluginManager: Mounting plugin UObjectPlugin
LogPluginManager: Mounting plugin VisualStudioCodeSourceCodeAccess
LogPluginManager: Mounting plugin VisualStudioSourceCodeAccess
LogPluginManager: Mounting plugin XCodeSourceCodeAccess
LogPluginManager: Mounting plugin AssetManagerEditor
LogPluginManager: Mounting plugin CryptoKeys
LogPluginManager: Mounting plugin DataValidation
LogPluginManager: Mounting plugin FacialAnimation
LogPluginManager: Mounting plugin GameplayTagsEditor
LogPluginManager: Mounting plugin MacGraphicsSwitching
LogPluginManager: Mounting plugin MeshEditor
LogPluginManager: Mounting plugin MobileLauncherProfileWizard
LogPluginManager: Mounting plugin PluginBrowser
LogPluginManager: Mounting plugin SpeedTreeImporter
LogPluginManager: Mounting plugin DatasmithContent
LogPluginManager: Mounting plugin AlembicImporter
LogPluginManager: Mounting plugin AppleImageUtils
LogPluginManager: Mounting plugin AppleVision
LogPluginManager: Mounting plugin BackChannel
LogPluginManager: Mounting plugin CharacterAI
LogPluginManager: Mounting plugin GeometryCache
LogPluginManager: Mounting plugin HTML5Networking
LogPluginManager: Mounting plugin ProxyLODPlugin
LogPluginManager: Mounting plugin MagicLeap
LogPluginManager: Mounting plugin MagicLeapEmulator
LogPluginManager: Mounting plugin MagicLeapMedia
LogPluginManager: Mounting plugin AndroidMedia
LogPluginManager: Mounting plugin AvfMedia
LogPluginManager: Mounting plugin ImgMedia
LogPluginManager: Mounting plugin LinearTimecode
LogPluginManager: Mounting plugin MediaCompositing
LogPluginManager: Mounting plugin MediaPlayerEditor
LogPluginManager: Mounting plugin WmfMedia
LogPluginManager: Mounting plugin TcpMessaging
LogPluginManager: Mounting plugin UdpMessaging
LogPluginManager: Mounting plugin ActorSequence
LogPluginManager: Mounting plugin LevelSequenceEditor
LogPluginManager: Mounting plugin MatineeToLevelSequence
LogPluginManager: Mounting plugin NetcodeUnitTest
LogPluginManager: Mounting plugin NUTUnrealEngine4
LogPluginManager: Mounting plugin OnlineSubsystemGooglePlay
LogPluginManager: Mounting plugin OnlineSubsystemIOS
LogPluginManager: Mounting plugin OnlineSubsystem
LogPluginManager: Mounting plugin OnlineSubsystemNull
LogPluginManager: Mounting plugin OnlineSubsystemUtils
LogPluginManager: Mounting plugin LauncherChunkInstaller
LogPluginManager: Mounting plugin AndroidDeviceProfileSelector
LogPluginManager: Mounting plugin AndroidMoviePlayer
LogPluginManager: Mounting plugin AndroidPermission
LogPluginManager: Mounting plugin AppleMoviePlayer
LogPluginManager: Mounting plugin ArchVisCharacter
LogPluginManager: Mounting plugin AudioCapture
LogPluginManager: Mounting plugin CableComponent
LogPluginManager: Mounting plugin CustomMeshComponent
LogPluginManager: Mounting plugin EditableMesh
LogPluginManager: Mounting plugin ExampleDeviceProfileSelector
LogPluginManager: Mounting plugin GoogleCloudMessaging
LogPluginManager: Mounting plugin ImmediatePhysics
LogPluginManager: Mounting plugin IOSDeviceProfileSelector
LogPluginManager: Mounting plugin LinuxDeviceProfileSelector
LogPluginManager: Mounting plugin LocationServicesBPLibrary
LogPluginManager: Mounting plugin MobilePatchingUtils
LogPluginManager: Mounting plugin OculusVR
LogPluginManager: Plugin shader directory ../../../Engine/Plugins/Runtime/Oculus/OculusVR/Shaders found
LogPluginManager: Mapping shader source directory ../../../Engine/Plugins/Runtime/Oculus/OculusVR/Shaders to virtual directory /Plugin/OculusVR
LogPluginManager: Mounting plugin PhysXVehicles
LogPluginManager: Mounting plugin ProceduralMeshComponent
LogPluginManager: Mounting plugin RuntimePhysXCooking
LogPluginManager: Mounting plugin SteamVR
LogPluginManager: Mounting plugin WindowsMoviePlayer
LogStreaming: Display: Took  0.222s to configure plugins.
LogInit: Using libcurl 7.55.1-DEV
LogInit:  - built for x86_64-pc-win32
LogInit:  - supports SSL with OpenSSL/1.0.2h
LogInit:  - supports HTTP deflate (compression) using libz 1.2.8
LogInit:  - other features:
LogInit:      CURL_VERSION_SSL
LogInit:      CURL_VERSION_LIBZ
LogInit:      CURL_VERSION_IPV6
LogInit:      CURL_VERSION_ASYNCHDNS
LogInit:      CURL_VERSION_LARGEFILE
LogInit:      CURL_VERSION_IDN
LogInit:  CurlRequestOptions (configurable via config and command line):
LogInit:  - bVerifyPeer = false  - Libcurl will NOT verify peer certificate
LogInit:  - bUseHttpProxy = false  - Libcurl will NOT use HTTP proxy
LogInit:  - bDontReuseConnections = false  - Libcurl will reuse connections
LogInit:  - CertBundlePath = nullptr  - Libcurl will use whatever was configured at build time.
LogInit:  - MaxHostConnections = 16  - Libcurl will limit the number of connections to a host
LogInit:  - LocalHostAddr = Default
LogInit:  - BufferSize = 65536
LogInit: WinSock: version 1.1 (2.2), MaxSocks=32767, MaxUdp=65467
LogInit: Build: ++UE4+Release-4.20-CL-4369336
LogInit: Engine Version: 4.20.3-4369336+++UE4+Release-4.20
LogInit: Compatible Engine Version: 4.20.0-4212847+++UE4+Release-4.20
LogInit: Net CL: 4212847
LogInit: OS: Windows 10 (), CPU: Intel(R) Core(TM) i7-4790 CPU @ 3.60GHz, GPU: NVIDIA GeForce GTX 780
LogInit: Compiled (64-bit): Sep 17 2018 12:26:19
LogInit: Compiled with Visual C++: 19.13.26129.00
LogInit: Build Configuration: Development
LogInit: Branch Name: ++UE4+Release-4.20
LogInit: Command Line:  -skipcompile
LogInit: Base Directory: C:/Program Files/Epic Games/UE_4.20/Engine/Binaries/Win64/
LogInit: Installed Engine Build: 1
LogDevObjectVersion: Number of dev versions registered: 20
LogDevObjectVersion:   Dev-Blueprints (B0D832E4-1F89-4F0D-ACCF-7EB736FD4AA2): 10
LogDevObjectVersion:   Dev-Build (E1C64328-A22C-4D53-A36C-8E866417BD8C): 0
LogDevObjectVersion:   Dev-Core (375EC13C-06E4-48FB-B500-84F0262A717E): 2
LogDevObjectVersion:   Dev-Editor (E4B068ED-F494-42E9-A231-DA0B2E46BB41): 24
LogDevObjectVersion:   Dev-Framework (CFFC743F-43B0-4480-9391-14DF171D2073): 34
LogDevObjectVersion:   Dev-Mobile (B02B49B5-BB20-44E9-A304-32B752E40360): 2
LogDevObjectVersion:   Dev-Networking (A4E4105C-59A1-49B5-A7C5-40C4547EDFEE): 0
LogDevObjectVersion:   Dev-Online (39C831C9-5AE6-47DC-9A44-9C173E1C8E7C): 0
LogDevObjectVersion:   Dev-Physics (78F01B33-EBEA-4F98-B9B4-84EACCB95AA2): 0
LogDevObjectVersion:   Dev-Platform (6631380F-2D4D-43E0-8009-CF276956A95A): 0
LogDevObjectVersion:   Dev-Rendering (12F88B9F-8875-4AFC-A67C-D90C383ABD29): 26
LogDevObjectVersion:   Dev-Sequencer (7B5AE74C-D270-4C10-A958-57980B212A5A): 9
LogDevObjectVersion:   Dev-VR (D7296918-1DD6-4BDD-9DE2-64A83CC13884): 2
LogDevObjectVersion:   Dev-LoadTimes (C2A15278-BFE7-4AFE-6C17-90FF531DF755): 1
LogDevObjectVersion:   Private-Geometry (6EACA3D4-40EC-4CC1-B786-8BED09428FC5): 3
LogDevObjectVersion:   Dev-AnimPhys (29E575DD-E0A3-4627-9D10-D276232CDCEA): 17
LogDevObjectVersion:   Dev-ReflectionCapture (6B266CEC-1EC7-4B8F-A30B-E4D90942FC07): 1
LogDevObjectVersion:   Dev-Automation (0DF73D61-A23F-47EA-B727-89E90C41499A): 1
LogDevObjectVersion:   FortniteMain (601D1886-AC64-4F84-AA16-D3DE0DEAC7D6): 12
LogDevObjectVersion:   Dev-Enterprise (9DFFBCD6-494F-0158-E221-12823C92A888): 1
LogStreaming: Display: Took  0.008s to delete old logs.
LogInit: Presizing for max 8388607 objects, including 0 objects not considered by GC, pre-allocating 0 bytes for permanent pool.
LogInit: Object subsystem initialized
[2019.02.15-10.03.09:941][  0]LogInit: Selected Device Profile: [Windows]
[2019.02.15-10.03.09:941][  0]LogInit: Applying CVar settings loaded from the selected device profile: [Windows]
[2019.02.15-10.03.09:958][  0]LogHAL: Display: Platform has ~ 16 GB [17080971264 / 17179869184 / 16], which maps to Larger [LargestMinGB=32, LargerMinGB=12, DefaultMinGB=8, SmallerMinGB=6, SmallestMinGB=0)
[2019.02.15-10.03.09:958][  0]LogInit: Setting Device Profile CVar: [[r.Vulkan.UseRealUBs:1]]
[2019.02.15-10.03.09:958][  0]LogInit: Going up to parent DeviceProfile []
[2019.02.15-10.03.09:959][  0]LogInit: Computer: AMTX222-19
[2019.02.15-10.03.09:959][  0]LogInit: User: trj1crt
[2019.02.15-10.03.09:959][  0]LogInit: CPU Page size=4096, Cores=4
[2019.02.15-10.03.09:959][  0]LogInit: High frequency timer resolution =3.507501 MHz
[2019.02.15-10.03.09:959][  0]LogMemory: Memory total: Physical=15.9GB (16GB approx)
[2019.02.15-10.03.09:959][  0]LogMemory: Platform Memory Stats for Windows
[2019.02.15-10.03.09:959][  0]LogMemory: Process Physical Memory: 101.20 MB used, 101.20 MB peak
[2019.02.15-10.03.09:959][  0]LogMemory: Process Virtual Memory: 87.62 MB used, 87.62 MB peak
[2019.02.15-10.03.09:959][  0]LogMemory: Physical Memory: 7856.27 MB used,  8433.42 MB free, 16289.68 MB total
[2019.02.15-10.03.09:960][  0]LogMemory: Virtual Memory: 4638.07 MB used,  8433.42 MB free, 134217728.00 MB total
[2019.02.15-10.03.10:065][  0]LogInit: Using OS detected language (en-GB).
[2019.02.15-10.03.10:066][  0]LogInit: Using OS detected locale (en-GB).
[2019.02.15-10.03.10:068][  0]LogTextLocalizationManager: No specific localization for 'en-GB' exists, so the 'en' localization will be used.
[2019.02.15-10.03.10:470][  0]LogStreaming: Display: Took  0.404s to InitEngineTextLocalization.
[2019.02.15-10.03.10:470][  0]LogInit: Setting process to per monitor DPI aware
[2019.02.15-10.03.10:518][  0]LogSlate: New Slate User Created.  User Index 0, Is Virtual User: 0
[2019.02.15-10.03.10:518][  0]LogSlate: Slate User Registered.  User Index 0, Is Virtual User: 0
[2019.02.15-10.03.10:769][  0]LogHMD: Failed to initialize OpenVR with code 110
[2019.02.15-10.03.10:769][  0]LogD3D11RHI: D3D11 adapters:
[2019.02.15-10.03.10:832][  0]LogD3D11RHI:    0. 'NVIDIA GeForce GTX 780' (Feature Level 11_0)
[2019.02.15-10.03.10:832][  0]LogD3D11RHI:       3029/0/8144 MB DedicatedVideo/DedicatedSystem/SharedSystem, Outputs:2, VendorId:0x10de
[2019.02.15-10.03.10:838][  0]LogD3D11RHI:    1. 'Microsoft Basic Render Driver' (Feature Level 11_0)
[2019.02.15-10.03.10:838][  0]LogD3D11RHI:       0/0/8144 MB DedicatedVideo/DedicatedSystem/SharedSystem, Outputs:0, VendorId:0x1414
[2019.02.15-10.03.10:838][  0]LogD3D11RHI: Chosen D3D11 Adapter: 0
[2019.02.15-10.03.10:846][  0]LogD3D11RHI: Creating new Direct3DDevice
[2019.02.15-10.03.10:846][  0]LogD3D11RHI:     GPU DeviceId: 0x1004 (for the marketing name, search the web for "GPU Device Id")
[2019.02.15-10.03.10:846][  0]LogWindows: EnumDisplayDevices:
[2019.02.15-10.03.10:846][  0]LogWindows:    0. 'NVIDIA GeForce GTX 780' (P:1 D:1)
[2019.02.15-10.03.10:847][  0]LogWindows:    1. 'NVIDIA GeForce GTX 780' (P:0 D:1)
[2019.02.15-10.03.10:847][  0]LogWindows:    2. 'NVIDIA GeForce GTX 780' (P:0 D:0)
[2019.02.15-10.03.10:848][  0]LogWindows:    3. 'NVIDIA GeForce GTX 780' (P:0 D:0)
[2019.02.15-10.03.10:848][  0]LogWindows: DebugString: FoundDriverCount:4 
[2019.02.15-10.03.10:848][  0]LogD3D11RHI:     Adapter Name: NVIDIA GeForce GTX 780
[2019.02.15-10.03.10:848][  0]LogD3D11RHI:   Driver Version: 399.07 (internal:24.21.13.9907, unified:399.07)
[2019.02.15-10.03.10:848][  0]LogD3D11RHI:      Driver Date: 8-21-2018
[2019.02.15-10.03.10:849][  0]LogRHI: Texture pool is 2120 MB (70% of 3029 MB)
[2019.02.15-10.03.10:893][  0]LogD3D11RHI: Async texture creation enabled
[2019.02.15-10.03.10:911][  0]LogD3D11RHI: GPU Timing Frequency: 1000.000000 (Debug: 2 2)
[2019.02.15-10.03.10:915][  0]LogShaderCompilers: Guid format shader working directory is -4 characters bigger than the processId version (../../../../../../Temp/Rhun/castleforce/Castleforce/Intermediate/Shaders/WorkingDirectory/13308/).
[2019.02.15-10.03.10:915][  0]LogShaderCompilers: Cleaned the shader compiler working directory 'C:/Users/trj1crt/AppData/Local/Temp/UnrealShaderWorkingDir/35D033E443F84ED878EE9BAE4A597ED2/'.
[2019.02.15-10.03.11:264][  0]LogTemp: Display: Loaded TP AllDesktopTargetPlatform
[2019.02.15-10.03.11:283][  0]LogTemp: Display: Loaded TP MacClientTargetPlatform
[2019.02.15-10.03.11:301][  0]LogTemp: Display: Loaded TP MacNoEditorTargetPlatform
[2019.02.15-10.03.11:318][  0]LogTemp: Display: Loaded TP MacServerTargetPlatform
[2019.02.15-10.03.11:336][  0]LogTemp: Display: Loaded TP MacTargetPlatform
[2019.02.15-10.03.11:354][  0]LogTemp: Display: Loaded TP WindowsClientTargetPlatform
[2019.02.15-10.03.11:372][  0]LogTemp: Display: Loaded TP WindowsNoEditorTargetPlatform
[2019.02.15-10.03.11:390][  0]LogTemp: Display: Loaded TP WindowsServerTargetPlatform
[2019.02.15-10.03.11:402][  0]LogTemp: Display: Loaded TP WindowsTargetPlatform
[2019.02.15-10.03.11:489][  0]LogTemp: Display: Loaded TP AndroidTargetPlatform
[2019.02.15-10.03.11:489][  0]LogTemp: Display: Loaded TP AndroidTargetPlatform
[2019.02.15-10.03.11:489][  0]LogTemp: Display: Loaded TP AndroidTargetPlatform
[2019.02.15-10.03.11:489][  0]LogTemp: Display: Loaded TP AndroidTargetPlatform
[2019.02.15-10.03.11:489][  0]LogTemp: Display: Loaded TP AndroidTargetPlatform
[2019.02.15-10.03.11:489][  0]LogTemp: Display: Loaded TP AndroidTargetPlatform
[2019.02.15-10.03.11:489][  0]LogTemp: Display: Loaded TP AndroidTargetPlatform
[2019.02.15-10.03.11:489][  0]LogTemp: Display: Loaded TP AndroidTargetPlatform
[2019.02.15-10.03.11:489][  0]LogTemp: Display: Loaded TP AndroidTargetPlatform
[2019.02.15-10.03.11:489][  0]LogTemp: Display: Loaded TP AndroidTargetPlatform
[2019.02.15-10.03.11:489][  0]LogTemp: Display: Loaded TP AndroidTargetPlatform
[2019.02.15-10.03.11:489][  0]LogTemp: Display: Loaded TP AndroidTargetPlatform
[2019.02.15-10.03.11:489][  0]LogTemp: Display: Loaded TP AndroidTargetPlatform
[2019.02.15-10.03.11:489][  0]LogTemp: Display: Loaded TP AndroidTargetPlatform
[2019.02.15-10.03.11:489][  0]LogTemp: Display: Loaded TP AndroidTargetPlatform
[2019.02.15-10.03.11:490][  0]LogTemp: Display: Loaded TP AndroidTargetPlatform
[2019.02.15-10.03.11:490][  0]LogTemp: Display: Loaded TP AndroidTargetPlatform
[2019.02.15-10.03.11:490][  0]LogTemp: Display: Loaded TP AndroidTargetPlatform
[2019.02.15-10.03.11:493][  0]LogTemp: Display: Loaded TP HTML5TargetPlatform
[2019.02.15-10.03.11:568][  0]LogTemp: Display: Loaded TP IOSTargetPlatform
[2019.02.15-10.03.11:568][  0]LogTemp: Display: Loaded TP IOSTargetPlatform
[2019.02.15-10.03.11:596][  0]LogTemp: Display: Loaded TP TVOSTargetPlatform
[2019.02.15-10.03.11:597][  0]LogTemp: Display: Loaded TP TVOSTargetPlatform
[2019.02.15-10.03.11:612][  0]LogTemp: Display: Loaded TP LinuxClientTargetPlatform
[2019.02.15-10.03.11:627][  0]LogTemp: Display: Loaded TP LinuxNoEditorTargetPlatform
[2019.02.15-10.03.11:644][  0]LogTemp: Display: Loaded TP LinuxServerTargetPlatform
[2019.02.15-10.03.11:661][  0]LogTemp: Display: Loaded TP LinuxTargetPlatform
[2019.02.15-10.03.11:675][  0]LogTemp: Display: Loaded TP LuminTargetPlatform
[2019.02.15-10.03.11:675][  0]LogTargetPlatformManager: Display: Building Assets For Windows
[2019.02.15-10.03.11:828][  0]LogXGEController: Cannot use XGE Controller as Incredibuild is not installed on this machine.
[2019.02.15-10.03.11:828][  0]LogShaderCompilers: Cannot use XGE Shader Compiler as Incredibuild is not installed on this machine.
[2019.02.15-10.03.11:828][  0]LogShaderCompilers: Display: Using Local Shader Compiler.
[2019.02.15-10.03.12:641][  0]LogDerivedDataCache: Display: Max Cache Size: 512 MB
[2019.02.15-10.03.12:749][  0]LogDerivedDataCache: Loaded boot cache 0.11s 71MB C:/Users/trj1crt/AppData/Local/UnrealEngine/4.20/DerivedDataCache/Boot.ddc.
[2019.02.15-10.03.12:751][  0]LogDerivedDataCache: Display: Loaded Boot cache: C:/Users/trj1crt/AppData/Local/UnrealEngine/4.20/DerivedDataCache/Boot.ddc
[2019.02.15-10.03.12:751][  0]LogDerivedDataCache: FDerivedDataBackendGraph:  Pak pak cache file ../../../../../../Temp/Rhun/castleforce/Castleforce/DerivedDataCache/DDC.ddp not found, will not use a pak cache.
[2019.02.15-10.03.12:751][  0]LogDerivedDataCache: Unable to find inner node Pak for hierarchical cache Hierarchy.
[2019.02.15-10.03.12:751][  0]LogDerivedDataCache: FDerivedDataBackendGraph:  CompressedPak pak cache file ../../../../../../Temp/Rhun/castleforce/Castleforce/DerivedDataCache/Compressed.ddp not found, will not use a pak cache.
[2019.02.15-10.03.12:751][  0]LogDerivedDataCache: Unable to find inner node CompressedPak for hierarchical cache Hierarchy.
[2019.02.15-10.03.12:764][  0]LogDerivedDataCache: Display: Pak cache opened for reading ../../../Engine/DerivedDataCache/Compressed.ddp.
[2019.02.15-10.03.12:778][  0]LogDerivedDataCache: Using Local data cache path C:/Users/trj1crt/AppData/Local/UnrealEngine/Common/DerivedDataCache: Writable
[2019.02.15-10.03.12:778][  0]LogDerivedDataCache: Shared data cache path not found in *engine.ini, will not use an Shared cache.
[2019.02.15-10.03.12:778][  0]LogDerivedDataCache: Unable to find inner node Shared for hierarchical cache Hierarchy.
[2019.02.15-10.03.12:798][  0]LogMaterial: Verifying Global Shaders for PCD3D_SM5
[2019.02.15-10.03.12:799][  0]LogSlate: Using FreeType 2.6.0
[2019.02.15-10.03.12:800][  0]LogSlate: SlateFontServices - WITH_FREETYPE: 1, WITH_HARFBUZZ: 1
[2019.02.15-10.03.12:880][  0]LogAssetRegistry: FAssetRegistry took 0.0283 seconds to start up
[2019.02.15-10.03.13:247][  0]LogInit: Selected Device Profile: [Windows]
[2019.02.15-10.03.13:411][  0]LogSimplygon: Simplygon DLL not present - disabling.
[2019.02.15-10.03.13:420][  0]LogMeshReduction: Using SimplygonSwarm for distributed automatic mesh merging
[2019.02.15-10.03.13:420][  0]LogMeshReduction: Using ProxyLODMeshReduction for automatic mesh merging
[2019.02.15-10.03.13:420][  0]LogMeshReduction: Using QuadricMeshReduction for automatic static mesh reduction
[2019.02.15-10.03.13:421][  0]LogMeshReduction: No automatic skeletal mesh reduction module available
[2019.02.15-10.03.13:436][  0]LogNetVersion: Castleforce 1.0.0, NetCL: 4212847, EngineNetVer: 5, GameNetVer: 0 (Checksum: 2622368503)
[2019.02.15-10.03.14:098][  0]LogPackageLocalizationCache: Processed 11 localized package path(s) for 2 prioritized culture(s) in 0.229386 seconds
[2019.02.15-10.03.14:107][  0]LogUObjectArray: 38425 objects as part of root set at end of initial load.
[2019.02.15-10.03.14:107][  0]LogUObjectAllocator: 6690864 out of 0 bytes used by permanent object pool.
[2019.02.15-10.03.14:107][  0]LogUObjectArray: CloseDisregardForGC: 0/0 objects in disregard for GC pool
[2019.02.15-10.03.15:153][  0]LogTcpMessaging: Initializing TcpMessaging bridge
[2019.02.15-10.03.15:169][  0]LogUdpMessaging: Initializing bridge on interface 0.0.0.0:0 to multicast group 230.0.0.1:6666.
[2019.02.15-10.03.15:411][  0]SourceControl: Source control is disabled
[2019.02.15-10.03.15:411][  0]SourceControl: Source control is disabled
[2019.02.15-10.03.15:414][  0]SourceControl: Source control is disabled
[2019.02.15-10.03.15:417][  0]SourceControl: Source control is disabled
[2019.02.15-10.03.15:650][  0]LogAndroidPermission: UAndroidPermissionCallbackProxy::GetInstance
[2019.02.15-10.03.15:690][  0]LogOcInput: OculusInput pre-init called
[2019.02.15-10.03.15:757][  0]LogEngine: Initializing Engine...
[2019.02.15-10.03.15:758][  0]LogHMD: Failed to initialize OpenVR with code 110
[2019.02.15-10.03.15:759][  0]LogStats: UGameplayTagsManager::ConstructGameplayTagTree: ImportINI prefixes -  0.000 s
[2019.02.15-10.03.15:759][  0]LogStats: UGameplayTagsManager::ConstructGameplayTagTree: Construct from data asset -  0.000 s
[2019.02.15-10.03.15:760][  0]LogStats: UGameplayTagsManager::ConstructGameplayTagTree: ImportINI -  0.000 s
[2019.02.15-10.03.15:760][  0]LogStats: UGameplayTagsManager::ConstructGameplayTagTree: GameplayTagTreeChangedEvent.Broadcast -  0.000 s
[2019.02.15-10.03.15:973][  0]LogInit: Initializing FReadOnlyCVARCache
[2019.02.15-10.03.15:996][  0]LogAIModule: Creating AISystem for world Untitled
[2019.02.15-10.03.16:014][  0]LogInit: No audio devices found!
[2019.02.15-10.03.16:014][  0]LogNetVersion: Set ProjectVersion to 1.0.0.0. Version Checksum will be recalculated on next use.
[2019.02.15-10.03.16:175][  0]LogDerivedDataCache: Saved boot cache 0.16s 71MB C:/Users/trj1crt/AppData/Local/UnrealEngine/4.20/DerivedDataCache/Boot.ddc.
[2019.02.15-10.03.16:192][  0]LogInit: Texture streaming: Enabled
[2019.02.15-10.03.16:228][  0]LogEngineSessionManager: EngineSessionManager initialized
[2019.02.15-10.03.16:229][  0]LogEngineSessionManager: EngineSessionManager sent abnormal shutdown report. Type=Debugger, SessionId={413255ED-4BE6-182B-9D18-7FB295AAA44F}
[2019.02.15-10.03.16:243][  0]LogInit: Transaction tracking system initialized
[2019.02.15-10.03.16:287][  0]BlueprintLog: New page: Editor Load
[2019.02.15-10.03.16:437][  0]LocalizationService: Localization service is disabled
[2019.02.15-10.03.16:749][  0]LogCook: Display: Max memory allowance for cook 16384mb min free memory 0mb
[2019.02.15-10.03.16:749][  0]LogCook: Display: Mobile HDR setting 1
[2019.02.15-10.03.16:749][  0]LogGameplayTags: Display: UGameplayTagsManager::DoneAddingNativeTags. DelegateIsBound: 0
[2019.02.15-10.03.16:749][  0]LogStats: UGameplayTagsManager::ConstructGameplayTagTree: ImportINI prefixes -  0.000 s
[2019.02.15-10.03.16:750][  0]LogStats: UGameplayTagsManager::ConstructGameplayTagTree: Construct from data asset -  0.000 s
[2019.02.15-10.03.16:750][  0]LogStats: UGameplayTagsManager::ConstructGameplayTagTree: ImportINI -  0.000 s
[2019.02.15-10.03.16:750][  0]LogStats: UGameplayTagsManager::ConstructGameplayTagTree: GameplayTagTreeChangedEvent.Broadcast -  0.000 s
[2019.02.15-10.03.16:851][  0]LogFileCache: Scanning file cache for directory 'C:/Temp/Rhun/castleforce/Castleforce/Content/' took 0.02s
[2019.02.15-10.03.16:938][  0]SourceControl: Source control is disabled
[2019.02.15-10.03.16:938][  0]Cmd: MAP LOAD FILE="../../../../../../Temp/Rhun/castleforce/Castleforce/Content/Levels/Level1.umap" TEMPLATE=0 SHOWPROGRESS=1 FEATURELEVEL=3
[2019.02.15-10.03.16:939][  0]LightingResults: New page: Lighting Build
[2019.02.15-10.03.16:944][  0]MapCheck: New page: Map Check
[2019.02.15-10.03.16:944][  0]LightingResults: New page: Lighting Build
[2019.02.15-10.03.17:182][  0]LogAIModule: Creating AISystem for world Level1
[2019.02.15-10.03.17:196][  0]LogEditorServer: Finished looking for orphan Actors (0.000 secs)
[2019.02.15-10.03.17:220][  0]Cmd: MAP CHECKDEP NOCLEARLOG
[2019.02.15-10.03.17:310][  0]MapCheck: Map check complete: 0 Error(s), 0 Warning(s), took 89.419ms to complete.
[2019.02.15-10.03.17:310][  0]LogFileHelpers: Loading map 'Level1' took 0.372
[2019.02.15-10.03.17:446][  0]LogSlate: Updating window title bar state: overlay mode, drag disabled, window buttons hidden, title bar hidden
[2019.02.15-10.03.17:456][  0]LogSlate: Updating window title bar state: overlay mode, drag disabled, window buttons hidden, title bar hidden
[2019.02.15-10.03.17:465][  0]LogSlate: Updating window title bar state: overlay mode, drag disabled, window buttons hidden, title bar hidden
[2019.02.15-10.03.17:474][  0]LogSlate: Updating window title bar state: overlay mode, drag disabled, window buttons hidden, title bar hidden
[2019.02.15-10.03.17:485][  0]LogCollectionManager: Loaded 0 collections in 0.003257 seconds
[2019.02.15-10.03.17:533][  0]LogFileCache: Scanning file cache for directory 'C:/Temp/Rhun/castleforce/Castleforce/Saved/Collections/' took 0.01s
[2019.02.15-10.03.17:534][  0]LogFileCache: Scanning file cache for directory 'C:/Temp/Rhun/castleforce/Castleforce/Content/Developers/trj1crt/Collections/' took 0.01s
[2019.02.15-10.03.17:534][  0]LogFileCache: Scanning file cache for directory 'C:/Temp/Rhun/castleforce/Castleforce/Content/Collections/' took 0.01s
[2019.02.15-10.03.17:534][  0]LogCollectionManager: Rebuilt the GUID cache for 0 collections in 0.000000 seconds
[2019.02.15-10.03.17:546][  0]LogContentBrowser: Native class hierarchy populated in 0.0117 seconds. Added 2583 classes and 607 folders.
[2019.02.15-10.03.17:557][  0]LogContentBrowser: Native class hierarchy updated for 'WidgetCarousel' in 0.0009 seconds. Added 0 classes and 0 folders.
[2019.02.15-10.03.17:628][  0]LogContentBrowser: Native class hierarchy updated for 'AddContentDialog' in 0.0009 seconds. Added 0 classes and 0 folders.
[2019.02.15-10.03.17:665][  0]LogSlate: Took 0.000255 seconds to synchronously load lazily loaded font '../../../Engine/Content/Slate/Fonts/Roboto-Regular.ttf' (155K)
[2019.02.15-10.03.17:673][  0]LogSlate: Took 0.000241 seconds to synchronously load lazily loaded font '../../../Engine/Content/Slate/Fonts/Roboto-Bold.ttf' (160K)
[2019.02.15-10.03.17:675][  0]LogSlate: Took 0.000303 seconds to synchronously load lazily loaded font '../../../Engine/Content/Editor/Slate/Fonts/FontAwesome.ttf' (139K)
[2019.02.15-10.03.17:744][  0]LogRenderer: Reallocating scene render targets to support 1208x576 Format 10 NumSamples 1 (Frame:1).
[2019.02.15-10.03.17:818][  0]LogSlate: Took 0.000200 seconds to synchronously load lazily loaded font '../../../Engine/Content/Slate/Fonts/Roboto-Light.ttf' (167K)
[2019.02.15-10.03.17:927][  0]LogContentBrowser: Native class hierarchy updated for 'HierarchicalLODOutliner' in 0.0010 seconds. Added 0 classes and 0 folders.
[2019.02.15-10.03.17:928][  0]LogLoad: (Engine Initialization) Total time: 10.91 seconds
[2019.02.15-10.03.17:928][  0]LogLoad: (Engine Initialization) Total Blueprint compile time: 0.00 seconds
[2019.02.15-10.03.17:939][  0]LogWindowsTextInputMethodSystem: Display: IME system now deactivated.
[2019.02.15-10.03.17:978][  0]LogContentStreaming: Texture pool size now 1000 MB
[2019.02.15-10.03.18:005][  1]LogFileCache: Retrieving MD5 hashes for directory 'C:/Temp/Rhun/castleforce/Castleforce/Content/' took 0.05s
[2019.02.15-10.03.18:023][  1]LogAssetRegistry: Asset discovery search completed in 5.1674 seconds
[2019.02.15-10.03.18:025][  1]LogCollectionManager: Rebuilt the object cache for 0 collections in 0.000000 seconds (found 0 objects)
[2019.02.15-10.03.18:025][  1]LogCollectionManager: Fixed up redirectors for 0 collections in 0.000095 seconds (updated 0 objects)
[2019.02.15-10.03.19:634][181]LogSlate: FSceneViewport::OnFocusLost() reason 0
[2019.02.15-10.03.20:461][278]LogSlate: FSceneViewport::OnFocusLost() reason 0
[2019.02.15-10.03.20:569][291]LogTemp: Repeating last play command: Selected Viewport
[2019.02.15-10.03.20:589][291]LogBlueprintUserMessages: Early PlayInEditor Detection: Level '/Game/Levels/Level1.Level1:PersistentLevel' has LevelScriptBlueprint '/Game/Levels/Level1.Level1:PersistentLevel.Level1' with GeneratedClass '/Game/Levels/Level1.Level1_C' with ClassGeneratedBy '/Game/Levels/Level1.Level1:PersistentLevel.Level1'
[2019.02.15-10.03.20:589][291]LogPlayLevel: PlayLevel: No blueprints needed recompiling
[2019.02.15-10.03.20:603][291]PIE: New page: PIE session: Level1 (15 Feb 2019 10:03:20)
[2019.02.15-10.03.20:604][291]LogPlayLevel: Creating play world package: /Game/Levels/UEDPIE_0_Level1
[2019.02.15-10.03.20:634][291]LogPlayLevel: PIE: StaticDuplicateObject took: (0.030068s)
[2019.02.15-10.03.20:635][291]LogAIModule: Creating AISystem for world Level1
[2019.02.15-10.03.20:635][291]LogPlayLevel: PIE: World Init took: (0.001158s)
[2019.02.15-10.03.20:635][291]LogPlayLevel: PIE: Created PIE world by copying editor world from /Game/Levels/Level1.Level1 to /Game/Levels/UEDPIE_0_Level1.Level1 (0.031654s)
[2019.02.15-10.03.20:724][291]LogLoad: Game class is 'MyCastleforceGameMode_C'
[2019.02.15-10.03.20:726][291]LogWorld: Bringing World /Game/Levels/UEDPIE_0_Level1.Level1 up for play (max tick rate 0) at 2019.02.15-10.03.20
[2019.02.15-10.03.20:727][291]LogWorld: Bringing up level for play took: 0.000626
[2019.02.15-10.03.20:748][291]LogContentBrowser: Native class hierarchy updated for 'MovieSceneCapture' in 0.0009 seconds. Added 10 classes and 0 folders.
[2019.02.15-10.03.20:755][291]PIE: Play in editor start time for /Game/Levels/UEDPIE_0_Level1 0.211
[2019.02.15-10.03.20:755][291]LogBlueprintUserMessages: Late PlayInEditor Detection: Level '/Game/Levels/Level1.Level1:PersistentLevel' has LevelScriptBlueprint '/Game/Levels/Level1.Level1:PersistentLevel.Level1' with GeneratedClass '/Game/Levels/Level1.Level1_C' with ClassGeneratedBy '/Game/Levels/Level1.Level1:PersistentLevel.Level1'
[2019.02.15-10.03.21:530][377]LogOutputDevice: Error: Ensure condition failed: !RotationQuat.ContainsNaN() [File:D:\Build\++UE4\Sync\Engine\Source\Runtime\Core\Private\Math\UnrealMath.cpp] [Line: 448] 
Invalid input to FRotator::Quaternion - generated NaN output: X=-inf Y=-nan(ind) Z=inf W=-nan(ind)

[2019.02.15-10.03.21:530][377]LogStats:             FDebug::EnsureFailed -  0.000 s
[2019.02.15-10.03.33:698][377]LogSpawn: Warning: SpawnActor failed because the given transform (-22504589345421383353658360463360.000000,0.000000,-9080382748685762560.000000|-90.000000,0.000000,-0.000000|1.000000,1.000000,1.000000) is invalid
[2019.02.15-10.03.33:706][378]LogSlate: FSceneViewport::OnFocusLost() reason 0
[2019.02.15-10.03.39:461][936]LogActor: Warning: CastleforceKnight_C /Game/Levels/UEDPIE_0_Level1.Level1:PersistentLevel.CastleforceKnight_C_0 has natively added scene component(s), but none of them were set as the actor's RootComponent - picking one arbitrarily
