Log file open, 02/01/19 11:42:32
LogWindows: Failed to load 'aqProf.dll' (GetLastError=126)
LogWindows: File 'aqProf.dll' does not exist
LogWindows: Failed to load 'VtuneApi.dll' (GetLastError=126)
LogWindows: File 'VtuneApi.dll' does not exist
LogWindows: Failed to load 'VtuneApi32e.dll' (GetLastError=126)
LogWindows: File 'VtuneApi32e.dll' does not exist
LogInit: Display: Running engine for game: Castleforce
LogPlatformFile: Not using cached read wrapper
LogTaskGraph: Started task graph with 5 named threads and 23 total threads with 3 sets of task threads.
LogStats: Stats thread started at 0.327395
LogD3D11RHI: Loaded GFSDK_Aftermath_Lib.x64.dll
LogICUInternationalization: Display: ICU TimeZone Detection - Raw Offset: +0:00, Platform Override: ''
LogPluginManager: Mounting plugin Paper2D
LogPluginManager: Mounting plugin AISupport
LogPluginManager: Mounting plugin LightPropagationVolume
LogPluginManager: Mounting plugin CLionSourceCodeAccess
LogPluginManager: Mounting plugin CodeLiteSourceCodeAccess
LogPluginManager: Mounting plugin GitSourceControl
LogPluginManager: Mounting plugin KDevelopSourceCodeAccess
LogPluginManager: Mounting plugin NullSourceCodeAccess
LogPluginManager: Mounting plugin PerforceSourceControl
LogPluginManager: Mounting plugin SubversionSourceControl
LogPluginManager: Mounting plugin UObjectPlugin
LogPluginManager: Mounting plugin VisualStudioCodeSourceCodeAccess
LogPluginManager: Mounting plugin VisualStudioSourceCodeAccess
LogPluginManager: Mounting plugin XCodeSourceCodeAccess
LogPluginManager: Mounting plugin AssetManagerEditor
LogPluginManager: Mounting plugin CryptoKeys
LogPluginManager: Mounting plugin DataValidation
LogPluginManager: Mounting plugin FacialAnimation
LogPluginManager: Mounting plugin GameplayTagsEditor
LogPluginManager: Mounting plugin MacGraphicsSwitching
LogPluginManager: Mounting plugin MeshEditor
LogPluginManager: Mounting plugin MobileLauncherProfileWizard
LogPluginManager: Mounting plugin PluginBrowser
LogPluginManager: Mounting plugin SpeedTreeImporter
LogPluginManager: Mounting plugin DatasmithContent
LogPluginManager: Mounting plugin AlembicImporter
LogPluginManager: Mounting plugin AppleImageUtils
LogPluginManager: Mounting plugin AppleVision
LogPluginManager: Mounting plugin BackChannel
LogPluginManager: Mounting plugin CharacterAI
LogPluginManager: Mounting plugin GeometryCache
LogPluginManager: Mounting plugin HTML5Networking
LogPluginManager: Mounting plugin ProxyLODPlugin
LogPluginManager: Mounting plugin MagicLeap
LogPluginManager: Mounting plugin MagicLeapEmulator
LogPluginManager: Mounting plugin MagicLeapMedia
LogPluginManager: Mounting plugin AndroidMedia
LogPluginManager: Mounting plugin AvfMedia
LogPluginManager: Mounting plugin ImgMedia
LogPluginManager: Mounting plugin LinearTimecode
LogPluginManager: Mounting plugin MediaCompositing
LogPluginManager: Mounting plugin MediaPlayerEditor
LogPluginManager: Mounting plugin WmfMedia
LogPluginManager: Mounting plugin TcpMessaging
LogPluginManager: Mounting plugin UdpMessaging
LogPluginManager: Mounting plugin ActorSequence
LogPluginManager: Mounting plugin LevelSequenceEditor
LogPluginManager: Mounting plugin MatineeToLevelSequence
LogPluginManager: Mounting plugin NetcodeUnitTest
LogPluginManager: Mounting plugin NUTUnrealEngine4
LogPluginManager: Mounting plugin OnlineSubsystemGooglePlay
LogPluginManager: Mounting plugin OnlineSubsystemIOS
LogPluginManager: Mounting plugin OnlineSubsystem
LogPluginManager: Mounting plugin OnlineSubsystemNull
LogPluginManager: Mounting plugin OnlineSubsystemUtils
LogPluginManager: Mounting plugin LauncherChunkInstaller
LogPluginManager: Mounting plugin AndroidDeviceProfileSelector
LogPluginManager: Mounting plugin AndroidMoviePlayer
LogPluginManager: Mounting plugin AndroidPermission
LogPluginManager: Mounting plugin AppleMoviePlayer
LogPluginManager: Mounting plugin ArchVisCharacter
LogPluginManager: Mounting plugin AudioCapture
LogPluginManager: Mounting plugin CableComponent
LogPluginManager: Mounting plugin CustomMeshComponent
LogPluginManager: Mounting plugin EditableMesh
LogPluginManager: Mounting plugin ExampleDeviceProfileSelector
LogPluginManager: Mounting plugin GoogleCloudMessaging
LogPluginManager: Mounting plugin ImmediatePhysics
LogPluginManager: Mounting plugin IOSDeviceProfileSelector
LogPluginManager: Mounting plugin LinuxDeviceProfileSelector
LogPluginManager: Mounting plugin LocationServicesBPLibrary
LogPluginManager: Mounting plugin MobilePatchingUtils
LogPluginManager: Mounting plugin OculusVR
LogPluginManager: Plugin shader directory ../../../Engine/Plugins/Runtime/Oculus/OculusVR/Shaders found
LogPluginManager: Mapping shader source directory ../../../Engine/Plugins/Runtime/Oculus/OculusVR/Shaders to virtual directory /Plugin/OculusVR
LogPluginManager: Mounting plugin PhysXVehicles
LogPluginManager: Mounting plugin ProceduralMeshComponent
LogPluginManager: Mounting plugin RuntimePhysXCooking
LogPluginManager: Mounting plugin SteamVR
LogPluginManager: Mounting plugin WindowsMoviePlayer
LogStreaming: Display: Took  0.188s to configure plugins.
LogInit: Using libcurl 7.55.1-DEV
LogInit:  - built for x86_64-pc-win32
LogInit:  - supports SSL with OpenSSL/1.0.2h
LogInit:  - supports HTTP deflate (compression) using libz 1.2.8
LogInit:  - other features:
LogInit:      CURL_VERSION_SSL
LogInit:      CURL_VERSION_LIBZ
LogInit:      CURL_VERSION_IPV6
LogInit:      CURL_VERSION_ASYNCHDNS
LogInit:      CURL_VERSION_LARGEFILE
LogInit:      CURL_VERSION_IDN
LogInit:  CurlRequestOptions (configurable via config and command line):
LogInit:  - bVerifyPeer = false  - Libcurl will NOT verify peer certificate
LogInit:  - bUseHttpProxy = false  - Libcurl will NOT use HTTP proxy
LogInit:  - bDontReuseConnections = false  - Libcurl will reuse connections
LogInit:  - CertBundlePath = nullptr  - Libcurl will use whatever was configured at build time.
LogInit:  - MaxHostConnections = 16  - Libcurl will limit the number of connections to a host
LogInit:  - LocalHostAddr = Default
LogInit:  - BufferSize = 65536
LogInit: WinSock: version 1.1 (2.2), MaxSocks=32767, MaxUdp=65467
LogInit: Build: ++UE4+Release-4.20-CL-4369336
LogInit: Engine Version: 4.20.3-4369336+++UE4+Release-4.20
LogInit: Compatible Engine Version: 4.20.0-4212847+++UE4+Release-4.20
LogInit: Net CL: 4212847
LogInit: OS: Windows 10 (), CPU: Intel(R) Core(TM) i7-4790 CPU @ 3.60GHz, GPU: NVIDIA GeForce GTX 780
LogInit: Compiled (64-bit): Sep 17 2018 12:26:19
LogInit: Compiled with Visual C++: 19.13.26129.00
LogInit: Build Configuration: Development
LogInit: Branch Name: ++UE4+Release-4.20
LogInit: Command Line: 
LogInit: Base Directory: C:/Program Files/Epic Games/UE_4.20/Engine/Binaries/Win64/
LogInit: Installed Engine Build: 1
LogDevObjectVersion: Number of dev versions registered: 20
LogDevObjectVersion:   Dev-Blueprints (B0D832E4-1F89-4F0D-ACCF-7EB736FD4AA2): 10
LogDevObjectVersion:   Dev-Build (E1C64328-A22C-4D53-A36C-8E866417BD8C): 0
LogDevObjectVersion:   Dev-Core (375EC13C-06E4-48FB-B500-84F0262A717E): 2
LogDevObjectVersion:   Dev-Editor (E4B068ED-F494-42E9-A231-DA0B2E46BB41): 24
LogDevObjectVersion:   Dev-Framework (CFFC743F-43B0-4480-9391-14DF171D2073): 34
LogDevObjectVersion:   Dev-Mobile (B02B49B5-BB20-44E9-A304-32B752E40360): 2
LogDevObjectVersion:   Dev-Networking (A4E4105C-59A1-49B5-A7C5-40C4547EDFEE): 0
LogDevObjectVersion:   Dev-Online (39C831C9-5AE6-47DC-9A44-9C173E1C8E7C): 0
LogDevObjectVersion:   Dev-Physics (78F01B33-EBEA-4F98-B9B4-84EACCB95AA2): 0
LogDevObjectVersion:   Dev-Platform (6631380F-2D4D-43E0-8009-CF276956A95A): 0
LogDevObjectVersion:   Dev-Rendering (12F88B9F-8875-4AFC-A67C-D90C383ABD29): 26
LogDevObjectVersion:   Dev-Sequencer (7B5AE74C-D270-4C10-A958-57980B212A5A): 9
LogDevObjectVersion:   Dev-VR (D7296918-1DD6-4BDD-9DE2-64A83CC13884): 2
LogDevObjectVersion:   Dev-LoadTimes (C2A15278-BFE7-4AFE-6C17-90FF531DF755): 1
LogDevObjectVersion:   Private-Geometry (6EACA3D4-40EC-4CC1-B786-8BED09428FC5): 3
LogDevObjectVersion:   Dev-AnimPhys (29E575DD-E0A3-4627-9D10-D276232CDCEA): 17
LogDevObjectVersion:   Dev-ReflectionCapture (6B266CEC-1EC7-4B8F-A30B-E4D90942FC07): 1
LogDevObjectVersion:   Dev-Automation (0DF73D61-A23F-47EA-B727-89E90C41499A): 1
LogDevObjectVersion:   FortniteMain (601D1886-AC64-4F84-AA16-D3DE0DEAC7D6): 12
LogDevObjectVersion:   Dev-Enterprise (9DFFBCD6-494F-0158-E221-12823C92A888): 1
LogStreaming: Display: Took  0.001s to delete old logs.
LogInit: Presizing for max 8388607 objects, including 0 objects not considered by GC, pre-allocating 0 bytes for permanent pool.
LogInit: Object subsystem initialized
[2019.02.01-11.42.33:107][  0]LogInit: Selected Device Profile: [Windows]
[2019.02.01-11.42.33:107][  0]LogInit: Applying CVar settings loaded from the selected device profile: [Windows]
[2019.02.01-11.42.33:141][  0]LogHAL: Display: Platform has ~ 16 GB [17080971264 / 17179869184 / 16], which maps to Larger [LargestMinGB=32, LargerMinGB=12, DefaultMinGB=8, SmallerMinGB=6, SmallestMinGB=0)
[2019.02.01-11.42.33:141][  0]LogInit: Setting Device Profile CVar: [[r.Vulkan.UseRealUBs:1]]
[2019.02.01-11.42.33:141][  0]LogInit: Going up to parent DeviceProfile []
[2019.02.01-11.42.33:141][  0]LogInit: Computer: AMTX222-19
[2019.02.01-11.42.33:141][  0]LogInit: User: trj1crt
[2019.02.01-11.42.33:141][  0]LogInit: CPU Page size=4096, Cores=4
[2019.02.01-11.42.33:142][  0]LogInit: High frequency timer resolution =3.507499 MHz
[2019.02.01-11.42.33:142][  0]LogMemory: Memory total: Physical=15.9GB (16GB approx)
[2019.02.01-11.42.33:142][  0]LogMemory: Platform Memory Stats for Windows
[2019.02.01-11.42.33:142][  0]LogMemory: Process Physical Memory: 100.00 MB used, 100.00 MB peak
[2019.02.01-11.42.33:142][  0]LogMemory: Process Virtual Memory: 90.99 MB used, 90.99 MB peak
[2019.02.01-11.42.33:142][  0]LogMemory: Physical Memory: 4509.00 MB used,  11780.68 MB free, 16289.68 MB total
[2019.02.01-11.42.33:142][  0]LogMemory: Virtual Memory: 4640.63 MB used,  11780.68 MB free, 134217728.00 MB total
[2019.02.01-11.42.33:171][  0]LogInit: Using OS detected language (en-GB).
[2019.02.01-11.42.33:172][  0]LogInit: Using OS detected locale (en-GB).
[2019.02.01-11.42.33:173][  0]LogTextLocalizationManager: No specific localization for 'en-GB' exists, so the 'en' localization will be used.
[2019.02.01-11.42.33:547][  0]LogStreaming: Display: Took  0.375s to InitEngineTextLocalization.
[2019.02.01-11.42.33:547][  0]LogInit: Setting process to per monitor DPI aware
[2019.02.01-11.42.33:590][  0]LogSlate: New Slate User Created.  User Index 0, Is Virtual User: 0
[2019.02.01-11.42.33:590][  0]LogSlate: Slate User Registered.  User Index 0, Is Virtual User: 0
[2019.02.01-11.42.33:790][  0]LogHMD: Failed to initialize OpenVR with code 110
[2019.02.01-11.42.33:790][  0]LogD3D11RHI: D3D11 adapters:
[2019.02.01-11.42.33:844][  0]LogD3D11RHI:    0. 'NVIDIA GeForce GTX 780' (Feature Level 11_0)
[2019.02.01-11.42.33:844][  0]LogD3D11RHI:       3029/0/8144 MB DedicatedVideo/DedicatedSystem/SharedSystem, Outputs:2, VendorId:0x10de
[2019.02.01-11.42.33:846][  0]LogD3D11RHI:    1. 'Microsoft Basic Render Driver' (Feature Level 11_0)
[2019.02.01-11.42.33:846][  0]LogD3D11RHI:       0/0/8144 MB DedicatedVideo/DedicatedSystem/SharedSystem, Outputs:0, VendorId:0x1414
[2019.02.01-11.42.33:846][  0]LogD3D11RHI: Chosen D3D11 Adapter: 0
[2019.02.01-11.42.33:852][  0]LogD3D11RHI: Creating new Direct3DDevice
[2019.02.01-11.42.33:852][  0]LogD3D11RHI:     GPU DeviceId: 0x1004 (for the marketing name, search the web for "GPU Device Id")
[2019.02.01-11.42.33:852][  0]LogWindows: EnumDisplayDevices:
[2019.02.01-11.42.33:852][  0]LogWindows:    0. 'NVIDIA GeForce GTX 780' (P:1 D:1)
[2019.02.01-11.42.33:853][  0]LogWindows:    1. 'NVIDIA GeForce GTX 780' (P:0 D:1)
[2019.02.01-11.42.33:853][  0]LogWindows:    2. 'NVIDIA GeForce GTX 780' (P:0 D:0)
[2019.02.01-11.42.33:853][  0]LogWindows:    3. 'NVIDIA GeForce GTX 780' (P:0 D:0)
[2019.02.01-11.42.33:853][  0]LogWindows: DebugString: FoundDriverCount:4 
[2019.02.01-11.42.33:854][  0]LogD3D11RHI:     Adapter Name: NVIDIA GeForce GTX 780
[2019.02.01-11.42.33:854][  0]LogD3D11RHI:   Driver Version: 399.07 (internal:24.21.13.9907, unified:399.07)
[2019.02.01-11.42.33:854][  0]LogD3D11RHI:      Driver Date: 8-21-2018
[2019.02.01-11.42.33:854][  0]LogRHI: Texture pool is 2120 MB (70% of 3029 MB)
[2019.02.01-11.42.33:890][  0]LogD3D11RHI: Async texture creation enabled
[2019.02.01-11.42.33:909][  0]LogD3D11RHI: GPU Timing Frequency: 1000.000000 (Debug: 2 2)
[2019.02.01-11.42.33:913][  0]LogShaderCompilers: Guid format shader working directory is -3 characters bigger than the processId version (../../../../../../Temp/Rhun/castleforce/Castleforce/Intermediate/Shaders/WorkingDirectory/6652/).
[2019.02.01-11.42.33:914][  0]LogShaderCompilers: Cleaned the shader compiler working directory 'C:/Users/trj1crt/AppData/Local/Temp/UnrealShaderWorkingDir/A9A2922341EA8190AC6A788B83700732/'.
[2019.02.01-11.42.34:287][  0]LogTemp: Display: Loaded TP AllDesktopTargetPlatform
[2019.02.01-11.42.34:301][  0]LogTemp: Display: Loaded TP MacClientTargetPlatform
[2019.02.01-11.42.34:315][  0]LogTemp: Display: Loaded TP MacNoEditorTargetPlatform
[2019.02.01-11.42.34:329][  0]LogTemp: Display: Loaded TP MacServerTargetPlatform
[2019.02.01-11.42.34:343][  0]LogTemp: Display: Loaded TP MacTargetPlatform
[2019.02.01-11.42.34:357][  0]LogTemp: Display: Loaded TP WindowsClientTargetPlatform
[2019.02.01-11.42.34:371][  0]LogTemp: Display: Loaded TP WindowsNoEditorTargetPlatform
[2019.02.01-11.42.34:385][  0]LogTemp: Display: Loaded TP WindowsServerTargetPlatform
[2019.02.01-11.42.34:393][  0]LogTemp: Display: Loaded TP WindowsTargetPlatform
[2019.02.01-11.42.34:466][  0]LogTemp: Display: Loaded TP AndroidTargetPlatform
[2019.02.01-11.42.34:466][  0]LogTemp: Display: Loaded TP AndroidTargetPlatform
[2019.02.01-11.42.34:466][  0]LogTemp: Display: Loaded TP AndroidTargetPlatform
[2019.02.01-11.42.34:466][  0]LogTemp: Display: Loaded TP AndroidTargetPlatform
[2019.02.01-11.42.34:466][  0]LogTemp: Display: Loaded TP AndroidTargetPlatform
[2019.02.01-11.42.34:466][  0]LogTemp: Display: Loaded TP AndroidTargetPlatform
[2019.02.01-11.42.34:466][  0]LogTemp: Display: Loaded TP AndroidTargetPlatform
[2019.02.01-11.42.34:466][  0]LogTemp: Display: Loaded TP AndroidTargetPlatform
[2019.02.01-11.42.34:466][  0]LogTemp: Display: Loaded TP AndroidTargetPlatform
[2019.02.01-11.42.34:466][  0]LogTemp: Display: Loaded TP AndroidTargetPlatform
[2019.02.01-11.42.34:466][  0]LogTemp: Display: Loaded TP AndroidTargetPlatform
[2019.02.01-11.42.34:466][  0]LogTemp: Display: Loaded TP AndroidTargetPlatform
[2019.02.01-11.42.34:466][  0]LogTemp: Display: Loaded TP AndroidTargetPlatform
[2019.02.01-11.42.34:466][  0]LogTemp: Display: Loaded TP AndroidTargetPlatform
[2019.02.01-11.42.34:466][  0]LogTemp: Display: Loaded TP AndroidTargetPlatform
[2019.02.01-11.42.34:466][  0]LogTemp: Display: Loaded TP AndroidTargetPlatform
[2019.02.01-11.42.34:466][  0]LogTemp: Display: Loaded TP AndroidTargetPlatform
[2019.02.01-11.42.34:466][  0]LogTemp: Display: Loaded TP AndroidTargetPlatform
[2019.02.01-11.42.34:468][  0]LogTemp: Display: Loaded TP HTML5TargetPlatform
[2019.02.01-11.42.34:529][  0]LogTemp: Display: Loaded TP IOSTargetPlatform
[2019.02.01-11.42.34:529][  0]LogTemp: Display: Loaded TP IOSTargetPlatform
[2019.02.01-11.42.34:555][  0]LogTemp: Display: Loaded TP TVOSTargetPlatform
[2019.02.01-11.42.34:555][  0]LogTemp: Display: Loaded TP TVOSTargetPlatform
[2019.02.01-11.42.34:567][  0]LogTemp: Display: Loaded TP LinuxClientTargetPlatform
[2019.02.01-11.42.34:579][  0]LogTemp: Display: Loaded TP LinuxNoEditorTargetPlatform
[2019.02.01-11.42.34:591][  0]LogTemp: Display: Loaded TP LinuxServerTargetPlatform
[2019.02.01-11.42.34:603][  0]LogTemp: Display: Loaded TP LinuxTargetPlatform
[2019.02.01-11.42.34:612][  0]LogTemp: Display: Loaded TP LuminTargetPlatform
[2019.02.01-11.42.34:612][  0]LogTargetPlatformManager: Display: Building Assets For Windows
[2019.02.01-11.42.34:696][  0]LogXGEController: Cleaning working directory: C:/Users/trj1crt/AppData/Local/Temp/UnrealXGEWorkingDir/
[2019.02.01-11.42.34:697][  0]LogXGEController: Cannot use XGE Controller as Incredibuild is not installed on this machine.
[2019.02.01-11.42.34:697][  0]LogShaderCompilers: Cannot use XGE Shader Compiler as Incredibuild is not installed on this machine.
[2019.02.01-11.42.34:697][  0]LogShaderCompilers: Display: Using Local Shader Compiler.
[2019.02.01-11.42.35:420][  0]LogDerivedDataCache: Display: Max Cache Size: 512 MB
[2019.02.01-11.42.35:518][  0]LogDerivedDataCache: Loaded boot cache 0.10s 87MB C:/Users/trj1crt/AppData/Local/UnrealEngine/4.20/DerivedDataCache/Boot.ddc.
[2019.02.01-11.42.35:520][  0]LogDerivedDataCache: Display: Loaded Boot cache: C:/Users/trj1crt/AppData/Local/UnrealEngine/4.20/DerivedDataCache/Boot.ddc
[2019.02.01-11.42.35:520][  0]LogDerivedDataCache: FDerivedDataBackendGraph:  Pak pak cache file ../../../../../../Temp/Rhun/castleforce/Castleforce/DerivedDataCache/DDC.ddp not found, will not use a pak cache.
[2019.02.01-11.42.35:520][  0]LogDerivedDataCache: Unable to find inner node Pak for hierarchical cache Hierarchy.
[2019.02.01-11.42.35:520][  0]LogDerivedDataCache: FDerivedDataBackendGraph:  CompressedPak pak cache file ../../../../../../Temp/Rhun/castleforce/Castleforce/DerivedDataCache/Compressed.ddp not found, will not use a pak cache.
[2019.02.01-11.42.35:520][  0]LogDerivedDataCache: Unable to find inner node CompressedPak for hierarchical cache Hierarchy.
[2019.02.01-11.42.35:532][  0]LogDerivedDataCache: Display: Pak cache opened for reading ../../../Engine/DerivedDataCache/Compressed.ddp.
[2019.02.01-11.42.35:544][  0]LogDerivedDataCache: Using Local data cache path C:/Users/trj1crt/AppData/Local/UnrealEngine/Common/DerivedDataCache: Writable
[2019.02.01-11.42.35:544][  0]LogDerivedDataCache: Shared data cache path not found in *engine.ini, will not use an Shared cache.
[2019.02.01-11.42.35:544][  0]LogDerivedDataCache: Unable to find inner node Shared for hierarchical cache Hierarchy.
[2019.02.01-11.42.35:564][  0]LogMaterial: Verifying Global Shaders for PCD3D_SM5
[2019.02.01-11.42.35:565][  0]LogSlate: Using FreeType 2.6.0
[2019.02.01-11.42.35:565][  0]LogSlate: SlateFontServices - WITH_FREETYPE: 1, WITH_HARFBUZZ: 1
[2019.02.01-11.42.35:640][  0]LogAssetRegistry: FAssetRegistry took 0.0258 seconds to start up
[2019.02.01-11.42.35:983][  0]LogInit: Selected Device Profile: [Windows]
[2019.02.01-11.42.36:116][  0]LogSimplygon: Simplygon DLL not present - disabling.
[2019.02.01-11.42.36:121][  0]LogMeshReduction: Using SimplygonSwarm for distributed automatic mesh merging
[2019.02.01-11.42.36:121][  0]LogMeshReduction: Using ProxyLODMeshReduction for automatic mesh merging
[2019.02.01-11.42.36:121][  0]LogMeshReduction: Using QuadricMeshReduction for automatic static mesh reduction
[2019.02.01-11.42.36:121][  0]LogMeshReduction: No automatic skeletal mesh reduction module available
[2019.02.01-11.42.36:141][  0]LogNetVersion: Castleforce 1.0.0, NetCL: 4212847, EngineNetVer: 5, GameNetVer: 0 (Checksum: 2622368503)
[2019.02.01-11.42.36:752][  0]LogPackageLocalizationCache: Processed 11 localized package path(s) for 2 prioritized culture(s) in 0.194950 seconds
[2019.02.01-11.42.36:759][  0]LogUObjectArray: 38425 objects as part of root set at end of initial load.
[2019.02.01-11.42.36:759][  0]LogUObjectAllocator: 6690864 out of 0 bytes used by permanent object pool.
[2019.02.01-11.42.36:759][  0]LogUObjectArray: CloseDisregardForGC: 0/0 objects in disregard for GC pool
[2019.02.01-11.42.37:605][  0]LogTcpMessaging: Initializing TcpMessaging bridge
[2019.02.01-11.42.37:618][  0]LogUdpMessaging: Initializing bridge on interface 0.0.0.0:0 to multicast group 230.0.0.1:6666.
[2019.02.01-11.42.37:831][  0]SourceControl: Source control is disabled
[2019.02.01-11.42.37:832][  0]SourceControl: Source control is disabled
[2019.02.01-11.42.37:833][  0]SourceControl: Source control is disabled
[2019.02.01-11.42.37:835][  0]SourceControl: Source control is disabled
[2019.02.01-11.42.38:068][  0]LogAndroidPermission: UAndroidPermissionCallbackProxy::GetInstance
[2019.02.01-11.42.38:127][  0]LogOcInput: OculusInput pre-init called
[2019.02.01-11.42.38:212][  0]LogEngine: Initializing Engine...
[2019.02.01-11.42.38:213][  0]LogHMD: Failed to initialize OpenVR with code 110
[2019.02.01-11.42.38:214][  0]LogStats: UGameplayTagsManager::ConstructGameplayTagTree: ImportINI prefixes -  0.000 s
[2019.02.01-11.42.38:214][  0]LogStats: UGameplayTagsManager::ConstructGameplayTagTree: Construct from data asset -  0.000 s
[2019.02.01-11.42.38:214][  0]LogStats: UGameplayTagsManager::ConstructGameplayTagTree: ImportINI -  0.000 s
[2019.02.01-11.42.38:214][  0]LogStats: UGameplayTagsManager::ConstructGameplayTagTree: GameplayTagTreeChangedEvent.Broadcast -  0.000 s
[2019.02.01-11.42.38:409][  0]LogInit: Initializing FReadOnlyCVARCache
[2019.02.01-11.42.38:428][  0]LogAIModule: Creating AISystem for world Untitled
[2019.02.01-11.42.38:445][  0]LogInit: No audio devices found!
[2019.02.01-11.42.38:445][  0]LogNetVersion: Set ProjectVersion to 1.0.0.0. Version Checksum will be recalculated on next use.
[2019.02.01-11.42.38:647][  0]LogDerivedDataCache: Saved boot cache 0.20s 71MB C:/Users/trj1crt/AppData/Local/UnrealEngine/4.20/DerivedDataCache/Boot.ddc.
[2019.02.01-11.42.38:690][  0]LogInit: Texture streaming: Enabled
[2019.02.01-11.42.38:720][  0]LogEngineSessionManager: EngineSessionManager initialized
[2019.02.01-11.42.38:743][  0]LogEngineSessionManager: EngineSessionManager sent abnormal shutdown report. Type=Crashed, SessionId={3AB156D7-4B1E-CFC6-67CC-F5A31CF053BC}
[2019.02.01-11.42.38:771][  0]LogInit: Transaction tracking system initialized
[2019.02.01-11.42.38:809][  0]BlueprintLog: New page: Editor Load
[2019.02.01-11.42.38:914][  0]LocalizationService: Localization service is disabled
[2019.02.01-11.42.39:201][  0]LogCook: Display: Max memory allowance for cook 16384mb min free memory 0mb
[2019.02.01-11.42.39:201][  0]LogCook: Display: Mobile HDR setting 1
[2019.02.01-11.42.39:201][  0]LogGameplayTags: Display: UGameplayTagsManager::DoneAddingNativeTags. DelegateIsBound: 0
[2019.02.01-11.42.39:201][  0]LogStats: UGameplayTagsManager::ConstructGameplayTagTree: ImportINI prefixes -  0.000 s
[2019.02.01-11.42.39:201][  0]LogStats: UGameplayTagsManager::ConstructGameplayTagTree: Construct from data asset -  0.000 s
[2019.02.01-11.42.39:201][  0]LogStats: UGameplayTagsManager::ConstructGameplayTagTree: ImportINI -  0.000 s
[2019.02.01-11.42.39:201][  0]LogStats: UGameplayTagsManager::ConstructGameplayTagTree: GameplayTagTreeChangedEvent.Broadcast -  0.000 s
[2019.02.01-11.42.39:337][  0]LogFileCache: Scanning file cache for directory 'C:/Temp/Rhun/castleforce/Castleforce/Content/' took 0.02s
[2019.02.01-11.42.39:337][  0]SourceControl: Source control is disabled
[2019.02.01-11.42.39:337][  0]Cmd: MAP LOAD FILE="../../../../../../Temp/Rhun/castleforce/Castleforce/Content/Levels/Level1.umap" TEMPLATE=0 SHOWPROGRESS=1 FEATURELEVEL=3
[2019.02.01-11.42.39:337][  0]LightingResults: New page: Lighting Build
[2019.02.01-11.42.39:341][  0]MapCheck: New page: Map Check
[2019.02.01-11.42.39:342][  0]LightingResults: New page: Lighting Build
[2019.02.01-11.42.39:572][  0]LogAIModule: Creating AISystem for world Level1
[2019.02.01-11.42.39:578][  0]LogEditorServer: Finished looking for orphan Actors (0.000 secs)
[2019.02.01-11.42.39:601][  0]Cmd: MAP CHECKDEP NOCLEARLOG
[2019.02.01-11.42.39:688][  0]MapCheck: Map check complete: 0 Error(s), 0 Warning(s), took 86.126ms to complete.
[2019.02.01-11.42.39:688][  0]LogFileHelpers: Loading map 'Level1' took 0.351
[2019.02.01-11.42.39:819][  0]LogSlate: Updating window title bar state: overlay mode, drag disabled, window buttons hidden, title bar hidden
[2019.02.01-11.42.39:826][  0]LogSlate: Updating window title bar state: overlay mode, drag disabled, window buttons hidden, title bar hidden
[2019.02.01-11.42.39:832][  0]LogSlate: Updating window title bar state: overlay mode, drag disabled, window buttons hidden, title bar hidden
[2019.02.01-11.42.39:839][  0]LogSlate: Updating window title bar state: overlay mode, drag disabled, window buttons hidden, title bar hidden
[2019.02.01-11.42.39:848][  0]LogCollectionManager: Loaded 0 collections in 0.003547 seconds
[2019.02.01-11.42.39:896][  0]LogFileCache: Scanning file cache for directory 'C:/Temp/Rhun/castleforce/Castleforce/Saved/Collections/' took 0.01s
[2019.02.01-11.42.39:896][  0]LogFileCache: Scanning file cache for directory 'C:/Temp/Rhun/castleforce/Castleforce/Content/Developers/trj1crt/Collections/' took 0.01s
[2019.02.01-11.42.39:896][  0]LogFileCache: Scanning file cache for directory 'C:/Temp/Rhun/castleforce/Castleforce/Content/Collections/' took 0.01s
[2019.02.01-11.42.39:896][  0]LogCollectionManager: Rebuilt the GUID cache for 0 collections in 0.000000 seconds
[2019.02.01-11.42.39:915][  0]LogContentBrowser: Native class hierarchy populated in 0.0190 seconds. Added 2577 classes and 605 folders.
[2019.02.01-11.42.39:925][  0]LogContentBrowser: Native class hierarchy updated for 'WidgetCarousel' in 0.0004 seconds. Added 0 classes and 0 folders.
[2019.02.01-11.42.39:990][  0]LogContentBrowser: Native class hierarchy updated for 'AddContentDialog' in 0.0006 seconds. Added 0 classes and 0 folders.
[2019.02.01-11.42.39:996][  0]LogContentBrowser: Native class hierarchy updated for 'SceneOutliner' in 0.0004 seconds. Added 1 classes and 2 folders.
[2019.02.01-11.42.40:010][  0]LogSlate: Took 0.000250 seconds to synchronously load lazily loaded font '../../../Engine/Content/Slate/Fonts/Roboto-Regular.ttf' (155K)
[2019.02.01-11.42.40:013][  0]LogSlate: Took 0.000308 seconds to synchronously load lazily loaded font '../../../Engine/Content/Slate/Fonts/Roboto-Bold.ttf' (160K)
[2019.02.01-11.42.40:018][  0]LogSlate: Took 0.000233 seconds to synchronously load lazily loaded font '../../../Engine/Content/Editor/Slate/Fonts/FontAwesome.ttf' (139K)
[2019.02.01-11.42.40:090][  0]LogRenderer: Reallocating scene render targets to support 804x492 Format 10 NumSamples 1 (Frame:1).
[2019.02.01-11.42.40:205][  0]LogContentBrowser: Native class hierarchy updated for 'HierarchicalLODOutliner' in 0.0004 seconds. Added 0 classes and 0 folders.
[2019.02.01-11.42.40:205][  0]LogLoad: (Engine Initialization) Total time: 9.75 seconds
[2019.02.01-11.42.40:205][  0]LogLoad: (Engine Initialization) Total Blueprint compile time: 0.00 seconds
[2019.02.01-11.42.40:215][  0]LogWindowsTextInputMethodSystem: Display: IME system now deactivated.
[2019.02.01-11.42.40:247][  0]LogContentStreaming: Texture pool size now 1000 MB
[2019.02.01-11.42.40:275][  0]LogSlate: Took 0.000168 seconds to synchronously load lazily loaded font '../../../Engine/Content/Slate/Fonts/Roboto-Light.ttf' (167K)
[2019.02.01-11.42.40:279][  1]LogFileCache: Retrieving MD5 hashes for directory 'C:/Temp/Rhun/castleforce/Castleforce/Content/' took 0.05s
[2019.02.01-11.42.40:289][  1]LogAssetRegistry: Asset discovery search completed in 4.6711 seconds
[2019.02.01-11.42.40:291][  1]LogCollectionManager: Rebuilt the object cache for 0 collections in 0.000000 seconds (found 0 objects)
[2019.02.01-11.42.40:291][  1]LogCollectionManager: Fixed up redirectors for 0 collections in 0.000035 seconds (updated 0 objects)
[2019.02.01-11.42.43:247][344]LogSlate: Took 0.000220 seconds to synchronously load lazily loaded font '../../../Engine/Content/Slate/Fonts/Roboto-Light.ttf' (167K)
[2019.02.01-11.42.55:472][811]LogSlate: FSceneViewport::OnFocusLost() reason 0
[2019.02.01-11.45.59:017][272]LogRenderer: Reallocating scene render targets to support 1208x528 Format 10 NumSamples 1 (Frame:2722).
[2019.02.01-11.46.07:060][737]LogFactory: FactoryCreateFile: FontFace with FontFileImportFactory (0 0 C:\Temp\Rhun\castleforce\Castleforce\Content\Fonts\Prince Valiant.ttf)
[2019.02.01-11.46.09:536][737]LogSlate: Window 'Font Face Import Options' being destroyed
[2019.02.01-11.46.09:580][738]LogSlate: Took 0.000293 seconds to synchronously load lazily loaded font '../../../Engine/Content/Slate/Fonts/Roboto-Regular.ttf' (155K)
[2019.02.01-11.46.09:583][738]LogSlate: Took 0.000305 seconds to synchronously load lazily loaded font '../../../Engine/Content/Slate/Fonts/Roboto-Bold.ttf' (160K)
[2019.02.01-11.46.09:587][738]LogSlate: Took 0.000171 seconds to synchronously load lazily loaded font '../../../Engine/Content/Editor/Slate/Fonts/FontAwesome.ttf' (139K)
[2019.02.01-11.46.09:589][738]LogSlate: Took 0.000163 seconds to synchronously load lazily loaded font '../../../Engine/Content/Slate/Fonts/Roboto-Light.ttf' (167K)
[2019.02.01-11.46.09:591][738]LogSlate: Took 0.000135 seconds to synchronously load lazily loaded font '../../../Engine/Content/Slate/Fonts/Roboto-Light.ttf' (167K)
[2019.02.01-11.46.14:045][260]Cmd: OBJ SAVEPACKAGE PACKAGE="/Game/Fonts/Prince_Valiant" FILE="../../../../../../Temp/Rhun/castleforce/Castleforce/Content/Fonts/Prince_Valiant.uasset" SILENT=true
[2019.02.01-11.46.14:056][260]LogSavePackage: Moving '../../../../../../Temp/Rhun/castleforce/Castleforce/Saved/Prince_ValiantAFCE47864208C6D5BCCD70A25449BD6A.tmp' to '../../../../../../Temp/Rhun/castleforce/Castleforce/Content/Fonts/Prince_Valiant.uasset'
[2019.02.01-11.46.15:492][413]Cmd: OBJ SAVEPACKAGE PACKAGE="/Game/Fonts/Prince_Valiant_Font" FILE="../../../../../../Temp/Rhun/castleforce/Castleforce/Content/Fonts/Prince_Valiant_Font.uasset" SILENT=true
[2019.02.01-11.46.15:515][413]LogSavePackage: Moving '../../../../../../Temp/Rhun/castleforce/Castleforce/Saved/Prince_Valiant_FontD3A27C534531244B1EC36BBE213B08E7.tmp' to '../../../../../../Temp/Rhun/castleforce/Castleforce/Content/Fonts/Prince_Valiant_Font.uasset'
[2019.02.01-11.46.16:951][578]LogAssetEditorManager: Opening Asset editor for WidgetBlueprint /Game/Blueprints/Menu/MainMenu.MainMenu
[2019.02.01-11.46.17:402][578]LogContentBrowser: Native class hierarchy updated for 'BlueprintGraph' in 0.0007 seconds. Added 116 classes and 0 folders.
[2019.02.01-11.46.18:493][578]LogSlate: Took 0.000194 seconds to synchronously load lazily loaded font '../../../Engine/Content/Slate/Fonts/Roboto-BoldCondensed.ttf' (158K)
[2019.02.01-11.52.48:726][352]LogFileHelpers: Editor autosave (incl. sublevels) for '/Game/Levels/Level1' took 0.045
[2019.02.01-11.52.48:727][352]OBJ SavePackage: Generating thumbnails for [0] asset(s) in package [/Game/Blueprints/Menu/MainMenu] ([1] browsable assets)...
[2019.02.01-11.52.48:728][352]OBJ SavePackage: Finished generating thumbnails for package [/Game/Blueprints/Menu/MainMenu]
[2019.02.01-11.52.48:773][352]LogSavePackage: Moving '../../../../../../Temp/Rhun/castleforce/Castleforce/Saved/MainMenu_Auto1AB3FA2754EDDEEBEDD535FAE457DDE4A.tmp' to '../../../../../../Temp/Rhun/castleforce/Castleforce/Saved/Autosaves/Game/Blueprints/Menu/MainMenu_Auto1.uasset'
[2019.02.01-11.52.48:777][352]LogFileHelpers: Auto-saving content packages took 0.051
[2019.02.01-12.14.26:665][832]LogHttp: Warning: 000001C814D0A200: request failed, libcurl error: 6 (Couldn't resolve host name)
[2019.02.01-12.14.26:666][832]LogHttp: Warning: 000001C814D0A200: libcurl info message cache 0 (Connection 13 seems to be dead!)
[2019.02.01-12.14.26:666][832]LogHttp: Warning: 000001C814D0A200: libcurl info message cache 1 (Closing connection 13)
[2019.02.01-12.14.26:666][832]LogHttp: Warning: 000001C814D0A200: libcurl info message cache 2 (TLSv1.2 (OUT), TLS alert, Client hello (1):)
[2019.02.01-12.14.26:666][832]LogHttp: Warning: 000001C814D0A200: libcurl info message cache 3 (Could not resolve host: datarouter.ol.epicgames.com)
[2019.02.01-12.14.26:666][832]LogHttp: Warning: 000001C814D0A200: libcurl info message cache 4 (Closing connection 14)
[2019.02.01-12.19.20:381][171]LogFactory: FactoryCreateFile: Texture with ReimportTextureFactory (0 0 C:\Users\trj1crt\AppData\Local\Temp\5TRrBRxpc.png)
[2019.02.01-12.19.20:582][171]LogTexture: Display: Building textures: 5TRrBRxpc (BGRA8, 2600X1709)
[2019.02.01-12.19.25:039][671]Cmd: OBJ SAVEPACKAGE PACKAGE="/Game/Textures/scroll" FILE="../../../../../../Temp/Rhun/castleforce/Castleforce/Content/Textures/scroll.uasset" SILENT=true
[2019.02.01-12.19.25:575][671]LogSavePackage: Moving '../../../../../../Temp/Rhun/castleforce/Castleforce/Saved/scroll1B665F5A4DE4EAD017546FBB383AF8AC.tmp' to '../../../../../../Temp/Rhun/castleforce/Castleforce/Content/Textures/scroll.uasset'
[2019.02.01-12.20.21:318][759]LogSlate: Window 'Save Asset As' being destroyed
[2019.02.01-12.20.23:373][759]LogSlate: Window 'Message' being destroyed
[2019.02.01-12.21.07:753][320]LogSlate: Window 'Save Asset As' being destroyed
[2019.02.01-12.22.18:218][598]LogSlate: Window 'Color Picker' being destroyed
[2019.02.01-12.23.35:706][416]BlueprintLog: New page: Compile MainMenu
[2019.02.01-12.23.36:460][470]Cmd: OBJ SAVEPACKAGE PACKAGE="/Game/Blueprints/Menu/MainMenu" FILE="../../../../../../Temp/Rhun/castleforce/Castleforce/Content/Blueprints/Menu/MainMenu.uasset" SILENT=true
[2019.02.01-12.23.36:494][470]LogSavePackage: Moving '../../../../../../Temp/Rhun/castleforce/Castleforce/Saved/MainMenu9FC9F10E4FA66CFD25277985D6D16997.tmp' to '../../../../../../Temp/Rhun/castleforce/Castleforce/Content/Blueprints/Menu/MainMenu.uasset'
[2019.02.01-12.23.37:919][579]LogTemp: Repeating last play command: Standalone Game
[2019.02.01-12.23.51:919][896]LogAIModule: Creating AISystem for world MainMenu
[2019.02.01-12.23.51:938][896]LogAssetEditorManager: Opening Asset editor for World /Game/Levels/MainMenu.MainMenu
[2019.02.01-12.23.51:962][896]Cmd: MAP LOAD FILE="../../../../../../Temp/Rhun/castleforce/Castleforce/Content/Levels/MainMenu.umap" TEMPLATE=0 SHOWPROGRESS=1 FEATURELEVEL=3
[2019.02.01-12.23.51:962][896]LightingResults: New page: Lighting Build
[2019.02.01-12.23.51:963][896]LoadErrors: New page: Loading map: MainMenu.umap
[2019.02.01-12.23.51:964][896]MapCheck: New page: Map Check
[2019.02.01-12.23.51:964][896]LightingResults: New page: Lighting Build
[2019.02.01-12.23.51:999][896]LogEditorServer: Finished looking for orphan Actors (0.000 secs)
[2019.02.01-12.23.52:050][896]Cmd: MAP CHECKDEP NOCLEARLOG
[2019.02.01-12.23.52:178][896]MapCheck: Map check complete: 0 Error(s), 0 Warning(s), took 128.215ms to complete.
[2019.02.01-12.23.52:180][896]LogFileHelpers: Loading map 'MainMenu' took 0.220
[2019.02.01-12.23.53:273][980]LogTemp: Repeating last play command: Standalone Game
[2019.02.01-12.24.49:976][728]LogTemp: Repeating last play command: Standalone Game
[2019.02.01-12.24.51:921][728]LogSlate: Window 'Save Content' being destroyed
[2019.02.01-12.24.51:938][728]Cmd: OBJ SAVEPACKAGE PACKAGE="/Game/Blueprints/Menu/MainMenu" FILE="../../../../../../Temp/Rhun/castleforce/Castleforce/Content/Blueprints/Menu/MainMenu.uasset" SILENT=true
[2019.02.01-12.24.51:966][728]LogSavePackage: Moving '../../../../../../Temp/Rhun/castleforce/Castleforce/Saved/MainMenu88C8BC394EE029675944C693A30EA811.tmp' to '../../../../../../Temp/Rhun/castleforce/Castleforce/Content/Blueprints/Menu/MainMenu.uasset'
[2019.02.01-12.25.06:976][978]LogSlate: Window 'Color Picker' being destroyed
[2019.02.01-12.25.12:701][333]BlueprintLog: New page: Compile MainMenu
[2019.02.01-12.25.13:253][355]Cmd: OBJ SAVEPACKAGE PACKAGE="/Game/Blueprints/Menu/MainMenu" FILE="../../../../../../Temp/Rhun/castleforce/Castleforce/Content/Blueprints/Menu/MainMenu.uasset" SILENT=true
[2019.02.01-12.25.13:279][355]LogSavePackage: Moving '../../../../../../Temp/Rhun/castleforce/Castleforce/Saved/MainMenu795CD9E84189161098D61889B45FB35B.tmp' to '../../../../../../Temp/Rhun/castleforce/Castleforce/Content/Blueprints/Menu/MainMenu.uasset'
[2019.02.01-12.25.13:799][385]LogTemp: Repeating last play command: Standalone Game
[2019.02.01-12.26.14:885][339]BlueprintLog: New page: Compile MainMenu
[2019.02.01-12.26.15:454][362]Cmd: OBJ SAVEPACKAGE PACKAGE="/Game/Blueprints/Menu/MainMenu" FILE="../../../../../../Temp/Rhun/castleforce/Castleforce/Content/Blueprints/Menu/MainMenu.uasset" SILENT=true
[2019.02.01-12.26.15:481][362]LogSavePackage: Moving '../../../../../../Temp/Rhun/castleforce/Castleforce/Saved/MainMenuF6CF5ED749A76D657E14269AEE5F2710.tmp' to '../../../../../../Temp/Rhun/castleforce/Castleforce/Content/Blueprints/Menu/MainMenu.uasset'
[2019.02.01-12.26.17:003][451]LogTemp: Repeating last play command: Standalone Game
[2019.02.01-12.26.55:935][897]BlueprintLog: New page: Compile MainMenu
[2019.02.01-12.26.56:369][912]Cmd: OBJ SAVEPACKAGE PACKAGE="/Game/Blueprints/Menu/MainMenu" FILE="../../../../../../Temp/Rhun/castleforce/Castleforce/Content/Blueprints/Menu/MainMenu.uasset" SILENT=true
[2019.02.01-12.26.56:396][912]LogSavePackage: Moving '../../../../../../Temp/Rhun/castleforce/Castleforce/Saved/MainMenuC05BF8D546ABA0731401A3B28BD13DE1.tmp' to '../../../../../../Temp/Rhun/castleforce/Castleforce/Content/Blueprints/Menu/MainMenu.uasset'
[2019.02.01-12.26.56:854][940]LogTemp: Repeating last play command: Standalone Game
[2019.02.01-12.32.08:643][ 21]LogEditorViewport: Clicking Background
