Log file open, 02/15/19 00:08:38
LogWindows: Failed to load 'aqProf.dll' (GetLastError=126)
LogWindows: File 'aqProf.dll' does not exist
LogWindows: Failed to load 'VSPerf140.dll' (GetLastError=126)
LogWindows: File 'VSPerf140.dll' does not exist
LogWindows: Failed to load 'VtuneApi.dll' (GetLastError=126)
LogWindows: File 'VtuneApi.dll' does not exist
LogWindows: Failed to load 'VtuneApi32e.dll' (GetLastError=126)
LogWindows: File 'VtuneApi32e.dll' does not exist
LogInit: Display: Running engine for game: Castleforce
LogPlatformFile: Not using cached read wrapper
LogTaskGraph: Started task graph with 5 named threads and 23 total threads with 3 sets of task threads.
LogStats: Stats thread started at 0.329747
LogD3D11RHI: Loaded GFSDK_Aftermath_Lib.x64.dll
LogICUInternationalization: Display: ICU TimeZone Detection - Raw Offset: +0:00, Platform Override: ''
LogPluginManager: Mounting plugin Paper2D
LogPluginManager: Mounting plugin AISupport
LogPluginManager: Mounting plugin LightPropagationVolume
LogPluginManager: Mounting plugin CLionSourceCodeAccess
LogPluginManager: Mounting plugin CodeLiteSourceCodeAccess
LogPluginManager: Mounting plugin GitSourceControl
LogPluginManager: Mounting plugin KDevelopSourceCodeAccess
LogPluginManager: Mounting plugin NullSourceCodeAccess
LogPluginManager: Mounting plugin PerforceSourceControl
LogPluginManager: Mounting plugin SubversionSourceControl
LogPluginManager: Mounting plugin UObjectPlugin
LogPluginManager: Mounting plugin VisualStudioCodeSourceCodeAccess
LogPluginManager: Mounting plugin VisualStudioSourceCodeAccess
LogPluginManager: Mounting plugin XCodeSourceCodeAccess
LogPluginManager: Mounting plugin AssetManagerEditor
LogPluginManager: Mounting plugin CryptoKeys
LogPluginManager: Mounting plugin DataValidation
LogPluginManager: Mounting plugin FacialAnimation
LogPluginManager: Mounting plugin GameplayTagsEditor
LogPluginManager: Mounting plugin MacGraphicsSwitching
LogPluginManager: Mounting plugin MeshEditor
LogPluginManager: Mounting plugin MobileLauncherProfileWizard
LogPluginManager: Mounting plugin PluginBrowser
LogPluginManager: Mounting plugin SpeedTreeImporter
LogPluginManager: Mounting plugin DatasmithContent
LogPluginManager: Mounting plugin AlembicImporter
LogPluginManager: Mounting plugin AppleImageUtils
LogPluginManager: Mounting plugin AppleVision
LogPluginManager: Mounting plugin BackChannel
LogPluginManager: Mounting plugin CharacterAI
LogPluginManager: Mounting plugin GeometryCache
LogPluginManager: Mounting plugin HTML5Networking
LogPluginManager: Mounting plugin ProxyLODPlugin
LogPluginManager: Mounting plugin MagicLeap
LogPluginManager: Mounting plugin MagicLeapEmulator
LogPluginManager: Mounting plugin MagicLeapMedia
LogPluginManager: Mounting plugin AndroidMedia
LogPluginManager: Mounting plugin AvfMedia
LogPluginManager: Mounting plugin ImgMedia
LogPluginManager: Mounting plugin LinearTimecode
LogPluginManager: Mounting plugin MediaCompositing
LogPluginManager: Mounting plugin MediaPlayerEditor
LogPluginManager: Mounting plugin WmfMedia
LogPluginManager: Mounting plugin TcpMessaging
LogPluginManager: Mounting plugin UdpMessaging
LogPluginManager: Mounting plugin ActorSequence
LogPluginManager: Mounting plugin LevelSequenceEditor
LogPluginManager: Mounting plugin MatineeToLevelSequence
LogPluginManager: Mounting plugin NetcodeUnitTest
LogPluginManager: Mounting plugin NUTUnrealEngine4
LogPluginManager: Mounting plugin OnlineSubsystemGooglePlay
LogPluginManager: Mounting plugin OnlineSubsystemIOS
LogPluginManager: Mounting plugin OnlineSubsystem
LogPluginManager: Mounting plugin OnlineSubsystemNull
LogPluginManager: Mounting plugin OnlineSubsystemUtils
LogPluginManager: Mounting plugin LauncherChunkInstaller
LogPluginManager: Mounting plugin AndroidDeviceProfileSelector
LogPluginManager: Mounting plugin AndroidMoviePlayer
LogPluginManager: Mounting plugin AndroidPermission
LogPluginManager: Mounting plugin AppleMoviePlayer
LogPluginManager: Mounting plugin ArchVisCharacter
LogPluginManager: Mounting plugin AudioCapture
LogPluginManager: Mounting plugin CableComponent
LogPluginManager: Mounting plugin CustomMeshComponent
LogPluginManager: Mounting plugin EditableMesh
LogPluginManager: Mounting plugin ExampleDeviceProfileSelector
LogPluginManager: Mounting plugin GoogleCloudMessaging
LogPluginManager: Mounting plugin ImmediatePhysics
LogPluginManager: Mounting plugin IOSDeviceProfileSelector
LogPluginManager: Mounting plugin LinuxDeviceProfileSelector
LogPluginManager: Mounting plugin LocationServicesBPLibrary
LogPluginManager: Mounting plugin MobilePatchingUtils
LogPluginManager: Mounting plugin OculusVR
LogPluginManager: Plugin shader directory ../../../Engine/Plugins/Runtime/Oculus/OculusVR/Shaders found
LogPluginManager: Mapping shader source directory ../../../Engine/Plugins/Runtime/Oculus/OculusVR/Shaders to virtual directory /Plugin/OculusVR
LogPluginManager: Mounting plugin PhysXVehicles
LogPluginManager: Mounting plugin ProceduralMeshComponent
LogPluginManager: Mounting plugin RuntimePhysXCooking
LogPluginManager: Mounting plugin SteamVR
LogPluginManager: Mounting plugin WindowsMoviePlayer
LogStreaming: Display: Took  0.211s to configure plugins.
LogInit: Using libcurl 7.55.1-DEV
LogInit:  - built for x86_64-pc-win32
LogInit:  - supports SSL with OpenSSL/1.0.2h
LogInit:  - supports HTTP deflate (compression) using libz 1.2.8
LogInit:  - other features:
LogInit:      CURL_VERSION_SSL
LogInit:      CURL_VERSION_LIBZ
LogInit:      CURL_VERSION_IPV6
LogInit:      CURL_VERSION_ASYNCHDNS
LogInit:      CURL_VERSION_LARGEFILE
LogInit:      CURL_VERSION_IDN
LogInit:  CurlRequestOptions (configurable via config and command line):
LogInit:  - bVerifyPeer = false  - Libcurl will NOT verify peer certificate
LogInit:  - bUseHttpProxy = false  - Libcurl will NOT use HTTP proxy
LogInit:  - bDontReuseConnections = false  - Libcurl will reuse connections
LogInit:  - CertBundlePath = nullptr  - Libcurl will use whatever was configured at build time.
LogInit:  - MaxHostConnections = 16  - Libcurl will limit the number of connections to a host
LogInit:  - LocalHostAddr = Default
LogInit:  - BufferSize = 65536
LogInit: WinSock: version 1.1 (2.2), MaxSocks=32767, MaxUdp=65467
LogInit: Build: ++UE4+Release-4.20-CL-4369336
LogInit: Engine Version: 4.20.3-4369336+++UE4+Release-4.20
LogInit: Compatible Engine Version: 4.20.0-4212847+++UE4+Release-4.20
LogInit: Net CL: 4212847
LogInit: OS: Windows 10 (), CPU: AMD FX(tm)-8350 Eight-Core Processor           , GPU: NVIDIA GeForce GTX 1070 Ti
LogInit: Compiled (64-bit): Sep 17 2018 12:26:19
LogInit: Compiled with Visual C++: 19.13.26129.00
LogInit: Build Configuration: Development
LogInit: Branch Name: ++UE4+Release-4.20
LogInit: Command Line: 
LogInit: Base Directory: D:/Unreal/Engine/UE_4.20/Engine/Binaries/Win64/
LogInit: Installed Engine Build: 1
LogDevObjectVersion: Number of dev versions registered: 20
LogDevObjectVersion:   Dev-Blueprints (B0D832E4-1F89-4F0D-ACCF-7EB736FD4AA2): 10
LogDevObjectVersion:   Dev-Build (E1C64328-A22C-4D53-A36C-8E866417BD8C): 0
LogDevObjectVersion:   Dev-Core (375EC13C-06E4-48FB-B500-84F0262A717E): 2
LogDevObjectVersion:   Dev-Editor (E4B068ED-F494-42E9-A231-DA0B2E46BB41): 24
LogDevObjectVersion:   Dev-Framework (CFFC743F-43B0-4480-9391-14DF171D2073): 34
LogDevObjectVersion:   Dev-Mobile (B02B49B5-BB20-44E9-A304-32B752E40360): 2
LogDevObjectVersion:   Dev-Networking (A4E4105C-59A1-49B5-A7C5-40C4547EDFEE): 0
LogDevObjectVersion:   Dev-Online (39C831C9-5AE6-47DC-9A44-9C173E1C8E7C): 0
LogDevObjectVersion:   Dev-Physics (78F01B33-EBEA-4F98-B9B4-84EACCB95AA2): 0
LogDevObjectVersion:   Dev-Platform (6631380F-2D4D-43E0-8009-CF276956A95A): 0
LogDevObjectVersion:   Dev-Rendering (12F88B9F-8875-4AFC-A67C-D90C383ABD29): 26
LogDevObjectVersion:   Dev-Sequencer (7B5AE74C-D270-4C10-A958-57980B212A5A): 9
LogDevObjectVersion:   Dev-VR (D7296918-1DD6-4BDD-9DE2-64A83CC13884): 2
LogDevObjectVersion:   Dev-LoadTimes (C2A15278-BFE7-4AFE-6C17-90FF531DF755): 1
LogDevObjectVersion:   Private-Geometry (6EACA3D4-40EC-4CC1-B786-8BED09428FC5): 3
LogDevObjectVersion:   Dev-AnimPhys (29E575DD-E0A3-4627-9D10-D276232CDCEA): 17
LogDevObjectVersion:   Dev-ReflectionCapture (6B266CEC-1EC7-4B8F-A30B-E4D90942FC07): 1
LogDevObjectVersion:   Dev-Automation (0DF73D61-A23F-47EA-B727-89E90C41499A): 1
LogDevObjectVersion:   FortniteMain (601D1886-AC64-4F84-AA16-D3DE0DEAC7D6): 12
LogDevObjectVersion:   Dev-Enterprise (9DFFBCD6-494F-0158-E221-12823C92A888): 1
LogStreaming: Display: Took  0.003s to delete old logs.
LogInit: Presizing for max 8388607 objects, including 0 objects not considered by GC, pre-allocating 0 bytes for permanent pool.
LogInit: Object subsystem initialized
[2019.02.15-00.08.39:344][  0]LogInit: Selected Device Profile: [Windows]
[2019.02.15-00.08.39:344][  0]LogInit: Applying CVar settings loaded from the selected device profile: [Windows]
[2019.02.15-00.08.39:374][  0]LogHAL: Display: Platform has ~ 8 GB [8484548608 / 8589934592 / 8], which maps to Default [LargestMinGB=32, LargerMinGB=12, DefaultMinGB=8, SmallerMinGB=6, SmallestMinGB=0)
[2019.02.15-00.08.39:374][  0]LogInit: Setting Device Profile CVar: [[r.Vulkan.UseRealUBs:1]]
[2019.02.15-00.08.39:374][  0]LogInit: Going up to parent DeviceProfile []
[2019.02.15-00.08.39:375][  0]LogInit: Computer: DESKTOP-TLUBEOD
[2019.02.15-00.08.39:375][  0]LogInit: User: rh27u
[2019.02.15-00.08.39:375][  0]LogInit: CPU Page size=4096, Cores=4
[2019.02.15-00.08.39:375][  0]LogInit: High frequency timer resolution =3.919334 MHz
[2019.02.15-00.08.39:375][  0]LogMemory: Memory total: Physical=7.9GB (8GB approx)
[2019.02.15-00.08.39:375][  0]LogMemory: Platform Memory Stats for Windows
[2019.02.15-00.08.39:375][  0]LogMemory: Process Physical Memory: 100.07 MB used, 100.07 MB peak
[2019.02.15-00.08.39:375][  0]LogMemory: Process Virtual Memory: 87.28 MB used, 87.28 MB peak
[2019.02.15-00.08.39:375][  0]LogMemory: Physical Memory: 4698.75 MB used,  3392.75 MB free, 8091.50 MB total
[2019.02.15-00.08.39:375][  0]LogMemory: Virtual Memory: 4641.60 MB used,  3392.75 MB free, 134217728.00 MB total
[2019.02.15-00.08.39:401][  0]LogInit: Using OS detected language (en-US).
[2019.02.15-00.08.39:401][  0]LogInit: Using OS detected locale (en-GB).
[2019.02.15-00.08.39:403][  0]LogTextLocalizationManager: No specific localization for 'en-US' exists, so the 'en' localization will be used.
[2019.02.15-00.08.39:863][  0]LogStreaming: Display: Took  0.462s to InitEngineTextLocalization.
[2019.02.15-00.08.39:863][  0]LogInit: Setting process to per monitor DPI aware
[2019.02.15-00.08.39:929][  0]LogSlate: New Slate User Created.  User Index 0, Is Virtual User: 0
[2019.02.15-00.08.39:929][  0]LogSlate: Slate User Registered.  User Index 0, Is Virtual User: 0
[2019.02.15-00.08.40:358][  0]LogHMD: Failed to initialize OpenVR with code 110
[2019.02.15-00.08.40:358][  0]LogD3D11RHI: D3D11 adapters:
[2019.02.15-00.08.40:445][  0]LogD3D11RHI:    0. 'NVIDIA GeForce GTX 1070 Ti' (Feature Level 11_0)
[2019.02.15-00.08.40:445][  0]LogD3D11RHI:       8080/0/4045 MB DedicatedVideo/DedicatedSystem/SharedSystem, Outputs:3, VendorId:0x10de
[2019.02.15-00.08.40:448][  0]LogD3D11RHI:    1. 'Microsoft Basic Render Driver' (Feature Level 11_0)
[2019.02.15-00.08.40:448][  0]LogD3D11RHI:       0/0/4045 MB DedicatedVideo/DedicatedSystem/SharedSystem, Outputs:0, VendorId:0x1414
[2019.02.15-00.08.40:448][  0]LogD3D11RHI: Chosen D3D11 Adapter: 0
[2019.02.15-00.08.40:458][  0]LogD3D11RHI: Creating new Direct3DDevice
[2019.02.15-00.08.40:458][  0]LogD3D11RHI:     GPU DeviceId: 0x1b82 (for the marketing name, search the web for "GPU Device Id")
[2019.02.15-00.08.40:458][  0]LogWindows: EnumDisplayDevices:
[2019.02.15-00.08.40:458][  0]LogWindows:    0. 'NVIDIA GeForce GTX 1070 Ti' (P:0 D:1)
[2019.02.15-00.08.40:458][  0]LogWindows:    1. 'NVIDIA GeForce GTX 1070 Ti' (P:1 D:1)
[2019.02.15-00.08.40:459][  0]LogWindows:    2. 'NVIDIA GeForce GTX 1070 Ti' (P:0 D:1)
[2019.02.15-00.08.40:459][  0]LogWindows:    3. 'NVIDIA GeForce GTX 1070 Ti' (P:0 D:0)
[2019.02.15-00.08.40:459][  0]LogWindows: DebugString: FoundDriverCount:4 
[2019.02.15-00.08.40:459][  0]LogD3D11RHI:     Adapter Name: NVIDIA GeForce GTX 1070 Ti
[2019.02.15-00.08.40:459][  0]LogD3D11RHI:   Driver Version: 417.35 (internal:25.21.14.1735, unified:417.35)
[2019.02.15-00.08.40:459][  0]LogD3D11RHI:      Driver Date: 12-11-2018
[2019.02.15-00.08.40:459][  0]LogRHI: Texture pool is 5656 MB (70% of 8080 MB)
[2019.02.15-00.08.40:521][  0]LogD3D11RHI: Async texture creation enabled
[2019.02.15-00.08.40:545][  0]LogD3D11RHI: GPU Timing Frequency: 1000.000000 (Debug: 2 2)
[2019.02.15-00.08.40:650][  0]LogShaderCompilers: Guid format shader working directory is -32 characters bigger than the processId version (../../../../../../Shitty UE4 Games I Make/Castleforce/castleforce/Castleforce/Intermediate/Shaders/WorkingDirectory/14460/).
[2019.02.15-00.08.40:651][  0]LogShaderCompilers: Cleaned the shader compiler working directory 'C:/Users/rh27u/AppData/Local/Temp/UnrealShaderWorkingDir/94712D784A7E7E854C889AB7D129D72D/'.
[2019.02.15-00.08.41:013][  0]LogTemp: Display: Loaded TP AllDesktopTargetPlatform
[2019.02.15-00.08.41:033][  0]LogTemp: Display: Loaded TP MacClientTargetPlatform
[2019.02.15-00.08.41:052][  0]LogTemp: Display: Loaded TP MacNoEditorTargetPlatform
[2019.02.15-00.08.41:072][  0]LogTemp: Display: Loaded TP MacServerTargetPlatform
[2019.02.15-00.08.41:092][  0]LogTemp: Display: Loaded TP MacTargetPlatform
[2019.02.15-00.08.41:111][  0]LogTemp: Display: Loaded TP WindowsClientTargetPlatform
[2019.02.15-00.08.41:130][  0]LogTemp: Display: Loaded TP WindowsNoEditorTargetPlatform
[2019.02.15-00.08.41:149][  0]LogTemp: Display: Loaded TP WindowsServerTargetPlatform
[2019.02.15-00.08.41:158][  0]LogTemp: Display: Loaded TP WindowsTargetPlatform
[2019.02.15-00.08.41:277][  0]LogTemp: Display: Loaded TP AndroidTargetPlatform
[2019.02.15-00.08.41:277][  0]LogTemp: Display: Loaded TP AndroidTargetPlatform
[2019.02.15-00.08.41:277][  0]LogTemp: Display: Loaded TP AndroidTargetPlatform
[2019.02.15-00.08.41:277][  0]LogTemp: Display: Loaded TP AndroidTargetPlatform
[2019.02.15-00.08.41:277][  0]LogTemp: Display: Loaded TP AndroidTargetPlatform
[2019.02.15-00.08.41:277][  0]LogTemp: Display: Loaded TP AndroidTargetPlatform
[2019.02.15-00.08.41:277][  0]LogTemp: Display: Loaded TP AndroidTargetPlatform
[2019.02.15-00.08.41:277][  0]LogTemp: Display: Loaded TP AndroidTargetPlatform
[2019.02.15-00.08.41:277][  0]LogTemp: Display: Loaded TP AndroidTargetPlatform
[2019.02.15-00.08.41:277][  0]LogTemp: Display: Loaded TP AndroidTargetPlatform
[2019.02.15-00.08.41:277][  0]LogTemp: Display: Loaded TP AndroidTargetPlatform
[2019.02.15-00.08.41:278][  0]LogTemp: Display: Loaded TP AndroidTargetPlatform
[2019.02.15-00.08.41:278][  0]LogTemp: Display: Loaded TP AndroidTargetPlatform
[2019.02.15-00.08.41:278][  0]LogTemp: Display: Loaded TP AndroidTargetPlatform
[2019.02.15-00.08.41:278][  0]LogTemp: Display: Loaded TP AndroidTargetPlatform
[2019.02.15-00.08.41:278][  0]LogTemp: Display: Loaded TP AndroidTargetPlatform
[2019.02.15-00.08.41:278][  0]LogTemp: Display: Loaded TP AndroidTargetPlatform
[2019.02.15-00.08.41:278][  0]LogTemp: Display: Loaded TP AndroidTargetPlatform
[2019.02.15-00.08.41:279][  0]LogTemp: Display: Loaded TP HTML5TargetPlatform
[2019.02.15-00.08.41:353][  0]LogTemp: Display: Loaded TP IOSTargetPlatform
[2019.02.15-00.08.41:353][  0]LogTemp: Display: Loaded TP IOSTargetPlatform
[2019.02.15-00.08.41:390][  0]LogTemp: Display: Loaded TP TVOSTargetPlatform
[2019.02.15-00.08.41:390][  0]LogTemp: Display: Loaded TP TVOSTargetPlatform
[2019.02.15-00.08.41:409][  0]LogTemp: Display: Loaded TP LinuxClientTargetPlatform
[2019.02.15-00.08.41:428][  0]LogTemp: Display: Loaded TP LinuxNoEditorTargetPlatform
[2019.02.15-00.08.41:447][  0]LogTemp: Display: Loaded TP LinuxServerTargetPlatform
[2019.02.15-00.08.41:468][  0]LogTemp: Display: Loaded TP LinuxTargetPlatform
[2019.02.15-00.08.41:481][  0]LogTemp: Display: Loaded TP LuminTargetPlatform
[2019.02.15-00.08.41:482][  0]LogTargetPlatformManager: Display: Building Assets For Windows
[2019.02.15-00.08.41:550][  0]LogXGEController: Cleaning working directory: C:/Users/rh27u/AppData/Local/Temp/UnrealXGEWorkingDir/
[2019.02.15-00.08.41:550][  0]LogXGEController: Cannot use XGE Controller as Incredibuild is not installed on this machine.
[2019.02.15-00.08.41:550][  0]LogShaderCompilers: Cannot use XGE Shader Compiler as Incredibuild is not installed on this machine.
[2019.02.15-00.08.41:550][  0]LogShaderCompilers: Display: Using Local Shader Compiler.
[2019.02.15-00.08.42:592][  0]LogDerivedDataCache: Display: Max Cache Size: 512 MB
[2019.02.15-00.08.42:678][  0]LogDerivedDataCache: Loaded boot cache 0.09s 71MB C:/Users/rh27u/AppData/Local/UnrealEngine/4.20/DerivedDataCache/Boot.ddc.
[2019.02.15-00.08.42:679][  0]LogDerivedDataCache: Display: Loaded Boot cache: C:/Users/rh27u/AppData/Local/UnrealEngine/4.20/DerivedDataCache/Boot.ddc
[2019.02.15-00.08.42:679][  0]LogDerivedDataCache: FDerivedDataBackendGraph:  Pak pak cache file ../../../../../../Shitty UE4 Games I Make/Castleforce/castleforce/Castleforce/DerivedDataCache/DDC.ddp not found, will not use a pak cache.
[2019.02.15-00.08.42:679][  0]LogDerivedDataCache: Unable to find inner node Pak for hierarchical cache Hierarchy.
[2019.02.15-00.08.42:679][  0]LogDerivedDataCache: FDerivedDataBackendGraph:  CompressedPak pak cache file ../../../../../../Shitty UE4 Games I Make/Castleforce/castleforce/Castleforce/DerivedDataCache/Compressed.ddp not found, will not use a pak cache.
[2019.02.15-00.08.42:679][  0]LogDerivedDataCache: Unable to find inner node CompressedPak for hierarchical cache Hierarchy.
[2019.02.15-00.08.42:695][  0]LogDerivedDataCache: Display: Pak cache opened for reading ../../../Engine/DerivedDataCache/Compressed.ddp.
[2019.02.15-00.08.42:708][  0]LogDerivedDataCache: Using Local data cache path C:/Users/rh27u/AppData/Local/UnrealEngine/Common/DerivedDataCache: Writable
[2019.02.15-00.08.42:708][  0]LogDerivedDataCache: Shared data cache path not found in *engine.ini, will not use an Shared cache.
[2019.02.15-00.08.42:708][  0]LogDerivedDataCache: Unable to find inner node Shared for hierarchical cache Hierarchy.
[2019.02.15-00.08.42:736][  0]LogMaterial: Verifying Global Shaders for PCD3D_SM5
[2019.02.15-00.08.42:737][  0]LogSlate: Using FreeType 2.6.0
[2019.02.15-00.08.42:738][  0]LogSlate: SlateFontServices - WITH_FREETYPE: 1, WITH_HARFBUZZ: 1
[2019.02.15-00.08.42:840][  0]LogAssetRegistry: FAssetRegistry took 0.0280 seconds to start up
[2019.02.15-00.08.43:359][  0]LogInit: Selected Device Profile: [Windows]
[2019.02.15-00.08.43:518][  0]LogSimplygon: Simplygon DLL not present - disabling.
[2019.02.15-00.08.43:523][  0]LogMeshReduction: Using SimplygonSwarm for distributed automatic mesh merging
[2019.02.15-00.08.43:523][  0]LogMeshReduction: Using ProxyLODMeshReduction for automatic mesh merging
[2019.02.15-00.08.43:523][  0]LogMeshReduction: Using QuadricMeshReduction for automatic static mesh reduction
[2019.02.15-00.08.43:523][  0]LogMeshReduction: No automatic skeletal mesh reduction module available
[2019.02.15-00.08.43:577][  0]LogNetVersion: Castleforce 1.0.0, NetCL: 4212847, EngineNetVer: 5, GameNetVer: 0 (Checksum: 2622368503)
[2019.02.15-00.08.44:278][  0]LogPackageLocalizationCache: Processed 11 localized package path(s) for 2 prioritized culture(s) in 0.167366 seconds
[2019.02.15-00.08.44:288][  0]LogUObjectArray: 38425 objects as part of root set at end of initial load.
[2019.02.15-00.08.44:288][  0]LogUObjectAllocator: 6690872 out of 0 bytes used by permanent object pool.
[2019.02.15-00.08.44:288][  0]LogUObjectArray: CloseDisregardForGC: 0/0 objects in disregard for GC pool
[2019.02.15-00.08.45:486][  0]LogTcpMessaging: Initializing TcpMessaging bridge
[2019.02.15-00.08.45:501][  0]LogUdpMessaging: Initializing bridge on interface 0.0.0.0:0 to multicast group 230.0.0.1:6666.
[2019.02.15-00.08.45:708][  0]SourceControl: Source control is disabled
[2019.02.15-00.08.45:708][  0]SourceControl: Source control is disabled
[2019.02.15-00.08.45:710][  0]SourceControl: Source control is disabled
[2019.02.15-00.08.45:711][  0]SourceControl: Source control is disabled
[2019.02.15-00.08.45:915][  0]LogAndroidPermission: UAndroidPermissionCallbackProxy::GetInstance
[2019.02.15-00.08.46:027][  0]LogOcInput: OculusInput pre-init called
[2019.02.15-00.08.46:100][  0]LogEngine: Initializing Engine...
[2019.02.15-00.08.46:101][  0]LogHMD: Failed to initialize OpenVR with code 110
[2019.02.15-00.08.46:103][  0]LogStats: UGameplayTagsManager::ConstructGameplayTagTree: ImportINI prefixes -  0.000 s
[2019.02.15-00.08.46:103][  0]LogStats: UGameplayTagsManager::ConstructGameplayTagTree: Construct from data asset -  0.000 s
[2019.02.15-00.08.46:103][  0]LogStats: UGameplayTagsManager::ConstructGameplayTagTree: ImportINI -  0.000 s
[2019.02.15-00.08.46:103][  0]LogStats: UGameplayTagsManager::ConstructGameplayTagTree: GameplayTagTreeChangedEvent.Broadcast -  0.000 s
[2019.02.15-00.08.46:364][  0]LogInit: Initializing FReadOnlyCVARCache
[2019.02.15-00.08.46:379][  0]LogAIModule: Creating AISystem for world Untitled
[2019.02.15-00.08.46:508][  0]LogInit: XAudio2 using 'Headset Earphone (HyperX 7.1 Audio)' : 2 channels at 48 kHz using 16 bits per sample (channel mask 0x3)
[2019.02.15-00.08.46:524][  0]LogInit: FAudioDevice initialized.
[2019.02.15-00.08.46:525][  0]LogNetVersion: Set ProjectVersion to 1.0.0.0. Version Checksum will be recalculated on next use.
[2019.02.15-00.08.46:723][  0]LogDerivedDataCache: Saved boot cache 0.20s 71MB C:/Users/rh27u/AppData/Local/UnrealEngine/4.20/DerivedDataCache/Boot.ddc.
[2019.02.15-00.08.46:737][  0]LogInit: Texture streaming: Enabled
[2019.02.15-00.08.46:758][  0]LogEngineSessionManager: EngineSessionManager initialized
[2019.02.15-00.08.46:758][  0]LogEngineSessionManager: EngineSessionManager sent abnormal shutdown report. Type=Crashed, SessionId={DD251B24-4726-24C9-710B-0DB14C925D65}
[2019.02.15-00.08.46:776][  0]LogInit: Transaction tracking system initialized
[2019.02.15-00.08.46:802][  0]BlueprintLog: New page: Editor Load
[2019.02.15-00.08.46:895][  0]LocalizationService: Localization service is disabled
[2019.02.15-00.08.47:221][  0]LogCook: Display: Max memory allowance for cook 16384mb min free memory 0mb
[2019.02.15-00.08.47:221][  0]LogCook: Display: Mobile HDR setting 1
[2019.02.15-00.08.47:221][  0]LogGameplayTags: Display: UGameplayTagsManager::DoneAddingNativeTags. DelegateIsBound: 0
[2019.02.15-00.08.47:221][  0]LogStats: UGameplayTagsManager::ConstructGameplayTagTree: ImportINI prefixes -  0.000 s
[2019.02.15-00.08.47:221][  0]LogStats: UGameplayTagsManager::ConstructGameplayTagTree: Construct from data asset -  0.000 s
[2019.02.15-00.08.47:222][  0]LogStats: UGameplayTagsManager::ConstructGameplayTagTree: ImportINI -  0.000 s
[2019.02.15-00.08.47:222][  0]LogStats: UGameplayTagsManager::ConstructGameplayTagTree: GameplayTagTreeChangedEvent.Broadcast -  0.000 s
[2019.02.15-00.08.47:384][  0]LogFileCache: Scanning file cache for directory 'D:/Shitty UE4 Games I Make/Castleforce/castleforce/Castleforce/Content/' took 0.02s
[2019.02.15-00.08.47:384][  0]SourceControl: Source control is disabled
[2019.02.15-00.08.47:385][  0]Cmd: MAP LOAD FILE="../../../../../../Shitty UE4 Games I Make/Castleforce/castleforce/Castleforce/Content/Levels/Level1.umap" TEMPLATE=0 SHOWPROGRESS=1 FEATURELEVEL=3
[2019.02.15-00.08.47:385][  0]LightingResults: New page: Lighting Build
[2019.02.15-00.08.47:388][  0]MapCheck: New page: Map Check
[2019.02.15-00.08.47:388][  0]LightingResults: New page: Lighting Build
[2019.02.15-00.08.47:783][  0]LogAIModule: Creating AISystem for world Level1
[2019.02.15-00.08.47:790][  0]LogEditorServer: Finished looking for orphan Actors (0.000 secs)
[2019.02.15-00.08.47:902][  0]Cmd: MAP CHECKDEP NOCLEARLOG
[2019.02.15-00.08.47:991][  0]MapCheck: Map check complete: 0 Error(s), 0 Warning(s), took 89.327ms to complete.
[2019.02.15-00.08.47:991][  0]LogFileHelpers: Loading map 'Level1' took 0.607
[2019.02.15-00.08.48:199][  0]LogSlate: Updating window title bar state: overlay mode, drag disabled, window buttons hidden, title bar hidden
[2019.02.15-00.08.48:210][  0]LogSlate: Updating window title bar state: overlay mode, drag disabled, window buttons hidden, title bar hidden
[2019.02.15-00.08.48:223][  0]LogSlate: Updating window title bar state: overlay mode, drag disabled, window buttons hidden, title bar hidden
[2019.02.15-00.08.48:234][  0]LogSlate: Updating window title bar state: overlay mode, drag disabled, window buttons hidden, title bar hidden
[2019.02.15-00.08.48:242][  0]LogCollectionManager: Loaded 0 collections in 0.001696 seconds
[2019.02.15-00.08.48:318][  0]LogFileCache: Scanning file cache for directory 'D:/Shitty UE4 Games I Make/Castleforce/castleforce/Castleforce/Saved/Collections/' took 0.01s
[2019.02.15-00.08.48:318][  0]LogFileCache: Scanning file cache for directory 'D:/Shitty UE4 Games I Make/Castleforce/castleforce/Castleforce/Content/Developers/rh27u/Collections/' took 0.01s
[2019.02.15-00.08.48:318][  0]LogFileCache: Scanning file cache for directory 'D:/Shitty UE4 Games I Make/Castleforce/castleforce/Castleforce/Content/Collections/' took 0.01s
[2019.02.15-00.08.48:318][  0]LogCollectionManager: Rebuilt the GUID cache for 0 collections in 0.000001 seconds
[2019.02.15-00.08.48:337][  0]LogContentBrowser: Native class hierarchy populated in 0.0188 seconds. Added 2583 classes and 607 folders.
[2019.02.15-00.08.48:348][  0]LogContentBrowser: Native class hierarchy updated for 'WidgetCarousel' in 0.0006 seconds. Added 0 classes and 0 folders.
[2019.02.15-00.08.48:437][  0]LogContentBrowser: Native class hierarchy updated for 'AddContentDialog' in 0.0005 seconds. Added 0 classes and 0 folders.
[2019.02.15-00.08.48:457][  0]LogSlate: Took 0.000492 seconds to synchronously load lazily loaded font '../../../Engine/Content/Slate/Fonts/Roboto-Regular.ttf' (155K)
[2019.02.15-00.08.48:463][  0]LogSlate: Took 0.000387 seconds to synchronously load lazily loaded font '../../../Engine/Content/Slate/Fonts/Roboto-Bold.ttf' (160K)
[2019.02.15-00.08.48:466][  0]LogSlate: Took 0.000307 seconds to synchronously load lazily loaded font '../../../Engine/Content/Editor/Slate/Fonts/FontAwesome.ttf' (139K)
[2019.02.15-00.08.48:573][  0]LogRenderer: Reallocating scene render targets to support 1200x576 Format 10 NumSamples 1 (Frame:1).
[2019.02.15-00.08.48:658][  0]LogSlate: Took 0.000415 seconds to synchronously load lazily loaded font '../../../Engine/Content/Slate/Fonts/Roboto-Light.ttf' (167K)
[2019.02.15-00.08.48:790][  0]LogContentBrowser: Native class hierarchy updated for 'HierarchicalLODOutliner' in 0.0006 seconds. Added 0 classes and 0 folders.
[2019.02.15-00.08.48:790][  0]LogLoad: (Engine Initialization) Total time: 12.09 seconds
[2019.02.15-00.08.48:790][  0]LogLoad: (Engine Initialization) Total Blueprint compile time: 0.00 seconds
[2019.02.15-00.08.48:860][  0]LogContentStreaming: Texture pool size now 1000 MB
[2019.02.15-00.08.48:914][  1]LogFileCache: Retrieving MD5 hashes for directory 'D:/Shitty UE4 Games I Make/Castleforce/castleforce/Castleforce/Content/' took 0.09s
[2019.02.15-00.08.49:022][  2]LogAssetRegistry: Asset discovery search completed in 6.2041 seconds
[2019.02.15-00.08.49:024][  2]LogCollectionManager: Rebuilt the object cache for 0 collections in 0.000000 seconds (found 0 objects)
[2019.02.15-00.08.49:024][  2]LogCollectionManager: Fixed up redirectors for 0 collections in 0.000063 seconds (updated 0 objects)
[2019.02.15-00.09.24:728][108]LogRenderer: Reallocating scene render targets to support 1200x600 Format 10 NumSamples 1 (Frame:4).
[2019.02.15-00.09.28:086][264]LogHotReload: New module detected: UE4Editor-Castleforce-605.dll
[2019.02.15-00.09.29:107][268]LogHotReload: Starting Hot-Reload from IDE
[2019.02.15-00.09.29:147][268]LogSlate: Took 0.000490 seconds to synchronously load lazily loaded font '../../../Engine/Content/Slate/Fonts/Roboto-Light.ttf' (167K)
[2019.02.15-00.09.29:285][268]LogContentBrowser: Native class hierarchy updated for 'Castleforce' in 0.0007 seconds. Added 10 classes and 2 folders.
[2019.02.15-00.09.29:289][268]Display: HotReload successful (2 functions remapped  0 scriptstructs remapped)
[2019.02.15-00.09.29:520][268]LogContentBrowser: Native class hierarchy populated in 0.0302 seconds. Added 2583 classes and 607 folders.
[2019.02.15-00.09.29:570][268]Display: HotReload took  0.5s.
[2019.02.15-00.09.31:650][275]LogSlate: FSceneViewport::OnFocusLost() reason 0
[2019.02.15-00.09.31:926][275]LogTemp: Repeating last play command: Selected Viewport
[2019.02.15-00.09.31:953][275]LogBlueprintUserMessages: Early PlayInEditor Detection: Level '/Game/Levels/Level1.Level1:PersistentLevel' has LevelScriptBlueprint '/Game/Levels/Level1.Level1:PersistentLevel.Level1' with GeneratedClass '/Game/Levels/Level1.Level1_C' with ClassGeneratedBy '/Game/Levels/Level1.Level1:PersistentLevel.Level1'
[2019.02.15-00.09.31:954][275]LogPlayLevel: PlayLevel: No blueprints needed recompiling
[2019.02.15-00.09.31:967][275]PIE: New page: PIE session: Level1 (15 Feb 2019 00:09:31)
[2019.02.15-00.09.31:967][275]LogPlayLevel: Creating play world package: /Game/Levels/UEDPIE_0_Level1
[2019.02.15-00.09.31:999][275]LogPlayLevel: PIE: StaticDuplicateObject took: (0.031807s)
[2019.02.15-00.09.32:000][275]LogAIModule: Creating AISystem for world Level1
[2019.02.15-00.09.32:001][275]LogPlayLevel: PIE: World Init took: (0.001080s)
[2019.02.15-00.09.32:001][275]LogPlayLevel: PIE: Created PIE world by copying editor world from /Game/Levels/Level1.Level1 to /Game/Levels/UEDPIE_0_Level1.Level1 (0.033166s)
[2019.02.15-00.09.32:143][275]LogInit: XAudio2 using 'Headset Earphone (HyperX 7.1 Audio)' : 2 channels at 48 kHz using 16 bits per sample (channel mask 0x3)
[2019.02.15-00.09.32:154][275]LogInit: FAudioDevice initialized.
[2019.02.15-00.09.32:227][275]LogLoad: Game class is 'MyCastleforceGameMode_C'
[2019.02.15-00.09.32:230][275]LogWorld: Bringing World /Game/Levels/UEDPIE_0_Level1.Level1 up for play (max tick rate 0) at 2019.02.15-00.09.32
[2019.02.15-00.09.32:231][275]LogWorld: Bringing up level for play took: 0.001403
[2019.02.15-00.09.32:289][275]LogContentBrowser: Native class hierarchy updated for 'MovieSceneCapture' in 0.0006 seconds. Added 10 classes and 0 folders.
[2019.02.15-00.09.32:300][275]PIE: Play in editor start time for /Game/Levels/UEDPIE_0_Level1 0.106
[2019.02.15-00.09.32:300][275]LogBlueprintUserMessages: Late PlayInEditor Detection: Level '/Game/Levels/Level1.Level1:PersistentLevel' has LevelScriptBlueprint '/Game/Levels/Level1.Level1:PersistentLevel.Level1' with GeneratedClass '/Game/Levels/Level1.Level1_C' with ClassGeneratedBy '/Game/Levels/Level1.Level1:PersistentLevel.Level1'
[2019.02.15-00.09.33:609][411]LogBlueprintUserMessages: Early EndPlayMap Detection: Level '/Game/Levels/Level1.Level1:PersistentLevel' has LevelScriptBlueprint '/Game/Levels/Level1.Level1:PersistentLevel.Level1' with GeneratedClass '/Game/Levels/Level1.Level1_C' with ClassGeneratedBy '/Game/Levels/Level1.Level1:PersistentLevel.Level1'
[2019.02.15-00.09.33:609][411]LogSlate: Updating window title bar state: overlay mode, drag disabled, window buttons hidden, title bar hidden
[2019.02.15-00.09.33:649][411]LogPlayLevel: Display: Shutting down PIE online subsystems
[2019.02.15-00.09.33:649][411]LogBlueprintUserMessages: Late EndPlayMap Detection: Level '/Game/Levels/Level1.Level1:PersistentLevel' has LevelScriptBlueprint '/Game/Levels/Level1.Level1:PersistentLevel.Level1' with GeneratedClass '/Game/Levels/Level1.Level1_C' with ClassGeneratedBy '/Game/Levels/Level1.Level1:PersistentLevel.Level1'
[2019.02.15-00.09.33:766][411]LogSlate: Updating window title bar state: overlay mode, drag disabled, window buttons hidden, title bar hidden
[2019.02.15-00.09.33:790][412]LogPlayLevel: Display: Destroying online subsystem :Context_2
[2019.02.15-00.12.15:495][466]Candidate modules for hot reload:
[2019.02.15-00.12.15:495][466]  Castleforce
[2019.02.15-00.12.15:495][466]Launching UnrealBuildTool... [D:/Unreal/Engine/UE_4.20/Engine/Binaries/DotNET/UnrealBuildTool.exe  -ModuleWithSuffix=Castleforce,9356 Win64 Development -TargetType=Editor -Project="../../../../../../Shitty UE4 Games I Make/Castleforce/castleforce/Castleforce/Castleforce.uproject" -canskiplink "D:/Shitty UE4 Games I Make/Castleforce/castleforce/Castleforce/Castleforce.uproject" ]
[2019.02.15-00.12.15:499][466]Warning: Starting HotReload took  0.1s.
[2019.02.15-00.12.30:701][284]CompilerResultsLog: New page: Compilation - 15 Feb 2019 00:12:30
[2019.02.15-00.12.30:701][284]CompilerResultsLog: Using 'git status' to determine working set for adaptive non-unity build.
[2019.02.15-00.12.30:701][284]CompilerResultsLog: Creating makefile for hot reloading CastleforceEditor (modules to compile have changed)
[2019.02.15-00.12.30:701][284]CompilerResultsLog: Compiling game modules for hot reload
[2019.02.15-00.12.30:701][284]CompilerResultsLog: Using Visual Studio 2017 14.16.27023 toolchain (C:\Program Files (x86)\Microsoft Visual Studio\2017\Community\VC\Tools\MSVC\14.16.27023) and Windows 10.0.16299.0 SDK (C:\Program Files (x86)\Windows Kits\10).
[2019.02.15-00.12.30:701][284]CompilerResultsLog: Building 3 actions with 8 processes...
[2019.02.15-00.12.30:701][284]CompilerResultsLog:   [1/3] CastleforceHexGrid.cpp
[2019.02.15-00.12.30:701][284]CompilerResultsLog:   [2/3] UE4Editor-Castleforce-9356.lib
[2019.02.15-00.12.30:701][284]CompilerResultsLog:      Creating library D:\Shitty UE4 Games I Make\Castleforce\castleforce\Castleforce\Intermediate\Build\Win64\UE4Editor\Development\Castleforce\UE4Editor-Castleforce-9356.lib and object D:\Shitty UE4 Games I Make\Castleforce\castleforce\Castleforce\Intermediate\Build\Win64\UE4Editor\Development\Castleforce\UE4Editor-Castleforce-9356.exp
[2019.02.15-00.12.30:701][284]CompilerResultsLog:   [3/3] UE4Editor-Castleforce-9356.dll
[2019.02.15-00.12.30:701][284]CompilerResultsLog:      Creating library D:\Shitty UE4 Games I Make\Castleforce\castleforce\Castleforce\Intermediate\Build\Win64\UE4Editor\Development\Castleforce\UE4Editor-Castleforce-9356.suppressed.lib and object D:\Shitty UE4 Games I Make\Castleforce\castleforce\Castleforce\Intermediate\Build\Win64\UE4Editor\Development\Castleforce\UE4Editor-Castleforce-9356.suppressed.exp
[2019.02.15-00.12.30:701][284]CompilerResultsLog: Total build time: 14.43 seconds (Parallel executor: 5.96 seconds)
[2019.02.15-00.12.30:701][284]LogMainFrame: MainFrame: Module compiling took 15.242 seconds
[2019.02.15-00.12.30:859][284]LogContentBrowser: Native class hierarchy updated for 'Castleforce' in 0.0006 seconds. Added 10 classes and 2 folders.
[2019.02.15-00.12.30:862][284]Display: HotReload successful (2 functions remapped  0 scriptstructs remapped)
[2019.02.15-00.12.31:028][284]LogContentBrowser: Native class hierarchy populated in 0.0161 seconds. Added 2583 classes and 607 folders.
[2019.02.15-00.12.31:028][284]Display: HotReload took 15.6s.
[2019.02.15-00.12.34:953][749]LogTemp: Repeating last play command: Selected Viewport
[2019.02.15-00.12.34:982][749]LogBlueprintUserMessages: Early PlayInEditor Detection: Level '/Game/Levels/Level1.Level1:PersistentLevel' has LevelScriptBlueprint '/Game/Levels/Level1.Level1:PersistentLevel.Level1' with GeneratedClass '/Game/Levels/Level1.Level1_C' with ClassGeneratedBy '/Game/Levels/Level1.Level1:PersistentLevel.Level1'
[2019.02.15-00.12.34:982][749]LogPlayLevel: PlayLevel: No blueprints needed recompiling
[2019.02.15-00.12.34:982][749]PIE: New page: PIE session: Level1 (15 Feb 2019 00:12:34)
[2019.02.15-00.12.34:982][749]LogPlayLevel: Creating play world package: /Game/Levels/UEDPIE_0_Level1
[2019.02.15-00.12.34:999][749]LogPlayLevel: PIE: StaticDuplicateObject took: (0.016548s)
[2019.02.15-00.12.35:000][749]LogAIModule: Creating AISystem for world Level1
[2019.02.15-00.12.35:000][749]LogPlayLevel: PIE: World Init took: (0.000995s)
[2019.02.15-00.12.35:000][749]LogPlayLevel: PIE: Created PIE world by copying editor world from /Game/Levels/Level1.Level1 to /Game/Levels/UEDPIE_0_Level1.Level1 (0.017781s)
[2019.02.15-00.12.35:069][749]LogInit: XAudio2 using 'Headset Earphone (HyperX 7.1 Audio)' : 2 channels at 48 kHz using 16 bits per sample (channel mask 0x3)
[2019.02.15-00.12.35:080][749]LogInit: FAudioDevice initialized.
[2019.02.15-00.12.35:112][749]LogLoad: Game class is 'MyCastleforceGameMode_C'
[2019.02.15-00.12.35:113][749]LogWorld: Bringing World /Game/Levels/UEDPIE_0_Level1.Level1 up for play (max tick rate 0) at 2019.02.15-00.12.35
[2019.02.15-00.12.35:113][749]LogWorld: Bringing up level for play took: 0.000682
[2019.02.15-00.12.35:137][749]PIE: Play in editor start time for /Game/Levels/UEDPIE_0_Level1 0.944
[2019.02.15-00.12.35:137][749]LogBlueprintUserMessages: Late PlayInEditor Detection: Level '/Game/Levels/Level1.Level1:PersistentLevel' has LevelScriptBlueprint '/Game/Levels/Level1.Level1:PersistentLevel.Level1' with GeneratedClass '/Game/Levels/Level1.Level1_C' with ClassGeneratedBy '/Game/Levels/Level1.Level1:PersistentLevel.Level1'
[2019.02.15-00.12.37:518][902]LogStats: FPlatformStackWalk::StackWalkAndDump -  0.975 s
[2019.02.15-00.12.37:518][902]LogOutputDevice: Error: === Handled ensure: ===
[2019.02.15-00.12.37:518][902]LogOutputDevice: Error: 
[2019.02.15-00.12.37:518][902]LogOutputDevice: Error: Ensure condition failed: !RotationQuat.ContainsNaN() [File:D:\Build\++UE4\Sync\Engine\Source\Runtime\Core\Private\Math\UnrealMath.cpp] [Line: 448]
[2019.02.15-00.12.37:518][902]LogOutputDevice: Error: Invalid input to FRotator::Quaternion - generated NaN output: X=-nan(ind) Y=-inf Z=-nan(ind) W=inf
[2019.02.15-00.12.37:518][902]LogOutputDevice: Error: Stack: 
[2019.02.15-00.12.37:518][902]LogOutputDevice: Error: [Callstack] 0x00007ffb6eb871f6 UE4Editor-Core.dll!UnknownFunction []
[2019.02.15-00.12.37:518][902]LogOutputDevice: Error: [Callstack] 0x00007ffb6e8c0c92 UE4Editor-Core.dll!UnknownFunction []
[2019.02.15-00.12.37:518][902]LogOutputDevice: Error: [Callstack] 0x00007ffb6e8db356 UE4Editor-Core.dll!UnknownFunction []
[2019.02.15-00.12.37:518][902]LogOutputDevice: Error: [Callstack] 0x00007ffb6e8e036c UE4Editor-Core.dll!UnknownFunction []
[2019.02.15-00.12.37:518][902]LogOutputDevice: Error: [Callstack] 0x00007ffb4a40fc6c UE4Editor-Engine.dll!UnknownFunction []
[2019.02.15-00.12.37:518][902]LogOutputDevice: Error: [Callstack] 0x00007ffb31c6ca1a UE4Editor-Castleforce-9356.dll!ACastleforceHexPawn::Click() [d:\shitty ue4 games i make\castleforce\castleforce\castleforce\source\castleforce\castleforcehexpawn.cpp:45]
[2019.02.15-00.12.37:518][902]LogOutputDevice: Error: [Callstack] 0x00007ffb4ad72469 UE4Editor-Engine.dll!UnknownFunction []
[2019.02.15-00.12.37:518][902]LogOutputDevice: Error: [Callstack] 0x00007ffb4ada3f52 UE4Editor-Engine.dll!UnknownFunction []
[2019.02.15-00.12.37:518][902]LogOutputDevice: Error: [Callstack] 0x00007ffb4a87017c UE4Editor-Engine.dll!UnknownFunction []
[2019.02.15-00.12.37:518][902]LogOutputDevice: Error: [Callstack] 0x00007ffb4a884608 UE4Editor-Engine.dll!UnknownFunction []
[2019.02.15-00.12.37:518][902]LogOutputDevice: Error: [Callstack] 0x00007ffb4a86dbcb UE4Editor-Engine.dll!UnknownFunction []
[2019.02.15-00.12.37:518][902]LogOutputDevice: Error: [Callstack] 0x00007ffb4a8834c3 UE4Editor-Engine.dll!UnknownFunction []
[2019.02.15-00.12.37:518][902]LogOutputDevice: Error: [Callstack] 0x00007ffb49aa5630 UE4Editor-Engine.dll!UnknownFunction []
[2019.02.15-00.12.37:518][902]LogOutputDevice: Error: [Callstack] 0x00007ffb4aca16bd UE4Editor-Engine.dll!UnknownFunction []
[2019.02.15-00.12.37:518][902]LogOutputDevice: Error: [Callstack] 0x00007ffb6e741f92 UE4Editor-Core.dll!UnknownFunction []
[2019.02.15-00.12.37:519][902]LogOutputDevice: Error: [Callstack] 0x00007ffb6e742456 UE4Editor-Core.dll!UnknownFunction []
[2019.02.15-00.12.37:519][902]LogOutputDevice: Error: [Callstack] 0x00007ffb6e756d25 UE4Editor-Core.dll!UnknownFunction []
[2019.02.15-00.12.37:519][902]LogOutputDevice: Error: [Callstack] 0x00007ffb4acf5b04 UE4Editor-Engine.dll!UnknownFunction []
[2019.02.15-00.12.37:519][902]LogOutputDevice: Error: [Callstack] 0x00007ffb4ad04d92 UE4Editor-Engine.dll!UnknownFunction []
[2019.02.15-00.12.37:519][902]LogOutputDevice: Error: [Callstack] 0x00007ffb4a4087e4 UE4Editor-Engine.dll!UnknownFunction []
[2019.02.15-00.12.37:519][902]LogOutputDevice: Error: [Callstack] 0x00007ffb4a414003 UE4Editor-Engine.dll!UnknownFunction []
[2019.02.15-00.12.37:519][902]LogOutputDevice: Error: [Callstack] 0x00007ffb485e7335 UE4Editor-UnrealEd.dll!UnknownFunction []
[2019.02.15-00.12.37:519][902]LogOutputDevice: Error: [Callstack] 0x00007ffb48edf666 UE4Editor-UnrealEd.dll!UnknownFunction []
[2019.02.15-00.12.37:519][902]LogOutputDevice: Error: [Callstack] 0x00007ff7d59e5cbd UE4Editor.exe!UnknownFunction []
[2019.02.15-00.12.37:519][902]LogOutputDevice: Error: [Callstack] 0x00007ff7d59f5b3c UE4Editor.exe!UnknownFunction []
[2019.02.15-00.12.37:519][902]LogOutputDevice: Error: [Callstack] 0x00007ff7d59f5bba UE4Editor.exe!UnknownFunction []
[2019.02.15-00.12.37:519][902]LogOutputDevice: Error: [Callstack] 0x00007ff7d5a03dac UE4Editor.exe!UnknownFunction []
[2019.02.15-00.12.37:519][902]LogOutputDevice: Error: [Callstack] 0x00007ff7d5a05aaa UE4Editor.exe!UnknownFunction []
[2019.02.15-00.12.37:519][902]LogOutputDevice: Error: [Callstack] 0x00007ffba88a3dc4 KERNEL32.DLL!UnknownFunction []
[2019.02.15-00.12.37:519][902]LogOutputDevice: Error: [Callstack] 0x00007ffba9363691 ntdll.dll!UnknownFunction []
[2019.02.15-00.12.37:519][902]LogOutputDevice: Error: 
[2019.02.15-00.12.37:529][902]LogStats:                SubmitErrorReport -  0.000 s
[2019.02.15-00.12.38:136][902]LogStats:                    SendNewReport -  0.607 s
[2019.02.15-00.12.38:136][902]LogStats:             FDebug::EnsureFailed -  1.605 s
[2019.02.15-00.12.38:136][902]LogSpawn: Warning: SpawnActor failed because the given transform (2846529705222092772731270994923094016.000000,0.000000,1376876506876727001088.000000|-90.000000,0.000000,-nan(ind)|1.000000,1.000000,1.000000) is invalid
[2019.02.15-00.12.38:659][963]LogSpawn: Warning: SpawnActor failed because the given transform (2846864364980553025293266124569313280.000000,0.000000,1376876506876727001088.000000|-90.000000,0.000000,-nan(ind)|1.000000,1.000000,1.000000) is invalid
[2019.02.15-00.12.39:352][ 46]LogSpawn: Warning: SpawnActor failed because the given transform (5389685268797565685096350978735603712.000000,0.000000,1376876506876727001088.000000|-90.000000,0.000000,-0.000000|1.000000,1.000000,1.000000) is invalid
[2019.02.15-00.12.39:644][ 81]LogSpawn: Warning: SpawnActor failed because the given transform (5390090916989638718504829923761324032.000000,0.000000,1376876506876727001088.000000|-90.000000,0.000000,-0.000000|1.000000,1.000000,1.000000) is invalid
[2019.02.15-00.12.40:178][145]LogSpawn: Warning: SpawnActor failed because the given transform (5390699389277748268617548341299904512.000000,0.000000,1376876506876727001088.000000|-90.000000,0.000000,-0.000000|1.000000,1.000000,1.000000) is invalid
[2019.02.15-00.12.40:352][166]LogSpawn: Warning: SpawnActor failed because the given transform (5390993484217001217838695576443551744.000000,0.000000,0.000000|-90.000000,0.000000,-nan(ind)|1.000000,1.000000,1.000000) is invalid
[2019.02.15-00.12.40:569][192]LogSpawn: Warning: SpawnActor failed because the given transform (5391297720361055992895054785212841984.000000,0.000000,1376876506876727001088.000000|-90.000000,0.000000,-0.000000|1.000000,1.000000,1.000000) is invalid
[2019.02.15-00.12.40:753][213]LogSpawn: Warning: SpawnActor failed because the given transform (5391683086143525374633109782987276288.000000,0.000000,1376876506876727001088.000000|-90.000000,0.000000,-nan(ind)|1.000000,1.000000,1.000000) is invalid
[2019.02.15-00.12.40:969][239]LogSpawn: Warning: SpawnActor failed because the given transform (5392616076985293351472611356546433024.000000,0.000000,1376876506876727001088.000000|-90.000000,0.000000,-nan(ind)|1.000000,1.000000,1.000000) is invalid
[2019.02.15-00.12.41:119][257]LogSpawn: Warning: SpawnActor failed because the given transform (5392636359394897003143035303797719040.000000,0.000000,1376876506876727001088.000000|-90.000000,0.000000,-0.000000|1.000000,1.000000,1.000000) is invalid
[2019.02.15-00.12.41:286][277]LogSpawn: Warning: SpawnActor failed because the given transform (5392342264455644053921888068654071808.000000,0.000000,1376876506876727001088.000000|-90.000000,0.000000,-0.000000|1.000000,1.000000,1.000000) is invalid
[2019.02.15-00.12.41:486][301]LogSpawn: Warning: SpawnActor failed because the given transform (5392747912647717087330367013679792128.000000,0.000000,1376876506876727001088.000000|-90.000000,0.000000,-0.000000|1.000000,1.000000,1.000000) is invalid
[2019.02.15-00.12.41:653][321]LogSpawn: Warning: SpawnActor failed because the given transform (5392981160358159081540242407069581312.000000,0.000000,1376876506876727001088.000000|-90.000000,0.000000,-0.000000|1.000000,1.000000,1.000000) is invalid
[2019.02.15-00.12.41:836][343]LogSpawn: Warning: SpawnActor failed because the given transform (5394319799392000091788222925654458368.000000,0.000000,1376876506876727001088.000000|-90.000000,0.000000,-0.000000|1.000000,1.000000,1.000000) is invalid
[2019.02.15-00.12.42:004][363]LogSpawn: Warning: SpawnActor failed because the given transform (5396145216256328742126378178270199808.000000,0.000000,1376876506876727001088.000000|-90.000000,0.000000,-0.000000|1.000000,1.000000,1.000000) is invalid
[2019.02.15-00.12.42:169][383]LogSpawn: Warning: SpawnActor failed because the given transform (5393711327103890541675504508115877888.000000,0.000000,1376876506876727001088.000000|-90.000000,0.000000,-0.000000|1.000000,1.000000,1.000000) is invalid
[2019.02.15-00.12.42:336][403]LogSpawn: Warning: SpawnActor failed because the given transform (5392960877948555429869818459818295296.000000,0.000000,1376876506876727001088.000000|-90.000000,0.000000,-0.000000|1.000000,1.000000,1.000000) is invalid
[2019.02.15-00.12.42:495][422]LogSpawn: Warning: SpawnActor failed because the given transform (5392737771442915261495155040054149120.000000,0.000000,1376876506876727001088.000000|-90.000000,0.000000,-0.000000|1.000000,1.000000,1.000000) is invalid
[2019.02.15-00.12.42:654][441]LogSpawn: Warning: SpawnActor failed because the given transform (5392362546865247705592312015905357824.000000,0.000000,1376876506876727001088.000000|-90.000000,0.000000,-0.000000|1.000000,1.000000,1.000000) is invalid
[2019.02.15-00.12.42:854][465]LogSpawn: Warning: SpawnActor failed because the given transform (5392027887106787453030316886259138560.000000,0.000000,1376876506876727001088.000000|-90.000000,0.000000,-0.000000|1.000000,1.000000,1.000000) is invalid
[2019.02.15-00.12.43:005][483]LogSpawn: Warning: SpawnActor failed because the given transform (5396398746376374388006677518911275008.000000,0.000000,1376876506876727001088.000000|-90.000000,0.000000,-0.000000|1.000000,1.000000,1.000000) is invalid
[2019.02.15-00.12.43:232][505]LogSpawn: Warning: SpawnActor failed because the given transform (5391541109276299812940142152228274176.000000,0.000000,1376876506876727001088.000000|-90.000000,0.000000,-0.000000|1.000000,1.000000,1.000000) is invalid
[2019.02.15-00.12.43:573][546]LogSpawn: Warning: SpawnActor failed because the given transform (5391034049036208521179543470946123776.000000,0.000000,1376876506876727001088.000000|-90.000000,0.000000,-0.000000|1.000000,1.000000,1.000000) is invalid
[2019.02.15-00.12.43:773][570]LogSpawn: Warning: SpawnActor failed because the given transform (5390658824458540965276700446797332480.000000,0.000000,1376876506876727001088.000000|-90.000000,0.000000,-0.000000|1.000000,1.000000,1.000000) is invalid
[2019.02.15-00.12.43:974][594]LogSpawn: Warning: SpawnActor failed because the given transform (5390405294338495319396401106156257280.000000,0.000000,1376876506876727001088.000000|-90.000000,0.000000,-0.000000|1.000000,1.000000,1.000000) is invalid
[2019.02.15-00.12.44:191][620]LogSpawn: Warning: SpawnActor failed because the given transform (5390172046628053325186525712766468096.000000,0.000000,1376876506876727001088.000000|-90.000000,0.000000,-0.000000|1.000000,1.000000,1.000000) is invalid
[2019.02.15-00.12.44:533][661]LogSpawn: Warning: SpawnActor failed because the given transform (5398761647095199807611067373686095872.000000,0.000000,1376876506876727001088.000000|-90.000000,0.000000,-0.000000|1.000000,1.000000,1.000000) is invalid
[2019.02.15-00.12.44:741][686]LogSpawn: Warning: SpawnActor failed because the given transform (5389786680845583943448470714992033792.000000,0.000000,1376876506876727001088.000000|-90.000000,0.000000,-0.000000|1.000000,1.000000,1.000000) is invalid
[2019.02.15-00.12.44:892][704]LogSpawn: Warning: SpawnActor failed because the given transform (5390080775784836892669617950135681024.000000,0.000000,1376876506876727001088.000000|-90.000000,0.000000,-0.000000|1.000000,1.000000,1.000000) is invalid
[2019.02.15-00.12.45:058][724]LogSpawn: Warning: SpawnActor failed because the given transform (5390293741085675235209069396274184192.000000,0.000000,1376876506876727001088.000000|-90.000000,0.000000,-0.000000|1.000000,1.000000,1.000000) is invalid
[2019.02.15-00.12.45:216][743]LogSpawn: Warning: SpawnActor failed because the given transform (5390516847591315403583732816038330368.000000,0.000000,1376876506876727001088.000000|-90.000000,0.000000,-0.000000|1.000000,1.000000,1.000000) is invalid
[2019.02.15-00.12.46:250][810]LogSlate: FSceneViewport::OnFocusLost() reason 0
[2019.02.15-00.12.48:013][949]LogSlate: Window 'Castleforce - Unreal Editor' being destroyed
[2019.02.15-00.12.48:014][949]LogWindowsTextInputMethodSystem: Display: IME system now deactivated.
[2019.02.15-00.12.48:173][949]LogBlueprintUserMessages: Early EndPlayMap Detection: Level '/Game/Levels/Level1.Level1:PersistentLevel' has LevelScriptBlueprint '/Game/Levels/Level1.Level1:PersistentLevel.Level1' with GeneratedClass '/Game/Levels/Level1.Level1_C' with ClassGeneratedBy '/Game/Levels/Level1.Level1:PersistentLevel.Level1'
[2019.02.15-00.12.48:174][949]LogSlate: Updating window title bar state: overlay mode, drag disabled, window buttons hidden, title bar hidden
[2019.02.15-00.12.48:232][949]LogPlayLevel: Display: Shutting down PIE online subsystems
[2019.02.15-00.12.48:232][949]LogBlueprintUserMessages: Late EndPlayMap Detection: Level '/Game/Levels/Level1.Level1:PersistentLevel' has LevelScriptBlueprint '/Game/Levels/Level1.Level1:PersistentLevel.Level1' with GeneratedClass '/Game/Levels/Level1.Level1_C' with ClassGeneratedBy '/Game/Levels/Level1.Level1:PersistentLevel.Level1'
[2019.02.15-00.12.48:348][949]LogSlate: Updating window title bar state: overlay mode, drag disabled, window buttons hidden, title bar hidden
[2019.02.15-00.12.48:618][950]Cmd: QUIT_EDITOR
[2019.02.15-00.12.49:715][950]LogExit: Preparing to exit.
[2019.02.15-00.12.50:469][950]LogExit: Editor shut down
[2019.02.15-00.12.50:469][950]LogExit: Transaction tracking system shut down
[2019.02.15-00.12.51:729][950]LogExit: Object subsystem successfully closed.
[2019.02.15-00.12.51:765][950]LogShaderCompilers: Display: Shaders left to compile 0
[2019.02.15-00.12.51:769][950]LogD3D11RHI: Shutdown
[2019.02.15-00.12.51:769][950]LogD3D11RHI: CleanupD3DDevice
[2019.02.15-00.12.51:799][950]LogD3D11RHI: ~FD3D11DynamicRHI
[2019.02.15-00.12.52:023][950]LogModuleManager: Shutting down and abandoning module Castleforce (618)
[2019.02.15-00.12.52:023][950]LogModuleManager: Shutting down and abandoning module MovieSceneCapture (617)
[2019.02.15-00.12.52:023][950]LogModuleManager: Shutting down and abandoning module Voice (615)
[2019.02.15-00.12.52:024][950]LogModuleManager: Shutting down and abandoning module HierarchicalLODOutliner (612)
[2019.02.15-00.12.52:024][950]LogModuleManager: Shutting down and abandoning module AddContentDialog (610)
[2019.02.15-00.12.52:024][950]LogModuleManager: Shutting down and abandoning module WidgetCarousel (609)
[2019.02.15-00.12.52:024][950]LogModuleManager: Shutting down and abandoning module EditorWidgets (606)
[2019.02.15-00.12.52:024][950]LogModuleManager: Shutting down and abandoning module CollectionManager (604)
[2019.02.15-00.12.52:024][950]LogModuleManager: Shutting down and abandoning module SceneOutliner (602)
[2019.02.15-00.12.52:025][950]LogModuleManager: Shutting down and abandoning module StatsViewer (600)
[2019.02.15-00.12.52:029][950]LogModuleManager: Shutting down and abandoning module FoliageEdit (598)
[2019.02.15-00.12.52:029][950]LogModuleManager: Shutting down and abandoning module LandscapeEditor (596)
[2019.02.15-00.12.52:045][950]LogModuleManager: Shutting down and abandoning module MeshPaintMode (594)
[2019.02.15-00.12.52:046][950]LogModuleManager: Shutting down and abandoning module SceneDepthPickerMode (592)
[2019.02.15-00.12.52:046][950]LogModuleManager: Shutting down and abandoning module ActorPickerMode (590)
[2019.02.15-00.12.52:046][950]LogModuleManager: Shutting down and abandoning module GeometryMode (588)
[2019.02.15-00.12.52:046][950]LogModuleManager: Shutting down and abandoning module TextureAlignMode (586)
[2019.02.15-00.12.52:046][950]LogModuleManager: Shutting down and abandoning module BspMode (584)
[2019.02.15-00.12.52:046][950]LogModuleManager: Shutting down and abandoning module PIEPreviewDeviceProfileSelector (582)
[2019.02.15-00.12.52:046][950]LogModuleManager: Shutting down and abandoning module SequenceRecorderSections (580)
[2019.02.15-00.12.52:046][950]LogModuleManager: Shutting down and abandoning module AutomationWorker (578)
[2019.02.15-00.12.52:046][950]LogModuleManager: Shutting down and abandoning module AudioCaptureEditor (576)
[2019.02.15-00.12.52:046][950]LogModuleManager: Shutting down and abandoning module SequenceRecorder (575)
[2019.02.15-00.12.52:046][950]LogModuleManager: Shutting down and abandoning module MatineeToLevelSequence (572)
[2019.02.15-00.12.52:046][950]LogModuleManager: Shutting down and abandoning module LevelSequenceEditor (570)
[2019.02.15-00.12.52:046][950]LogModuleManager: Shutting down and abandoning module PlacementMode (569)
[2019.02.15-00.12.52:046][950]LogModuleManager: Shutting down and abandoning module MaterialEditor (568)
[2019.02.15-00.12.52:076][950]LogModuleManager: Shutting down and abandoning module WmfMediaFactory (564)
[2019.02.15-00.12.52:076][950]LogModuleManager: Shutting down and abandoning module WmfMediaEditor (562)
[2019.02.15-00.12.52:076][950]LogModuleManager: Shutting down and abandoning module MediaPlayerEditor (560)
[2019.02.15-00.12.52:076][950]LogModuleManager: Shutting down and abandoning module OpenExrWrapper (558)
[2019.02.15-00.12.52:076][950]LogModuleManager: Shutting down and abandoning module ImgMediaFactory (556)
[2019.02.15-00.12.52:076][950]LogModuleManager: Shutting down and abandoning module ImgMediaEditor (554)
[2019.02.15-00.12.52:076][950]LogModuleManager: Shutting down and abandoning module AvfMediaFactory (552)
[2019.02.15-00.12.52:076][950]LogModuleManager: Shutting down and abandoning module AvfMediaEditor (550)
[2019.02.15-00.12.52:076][950]LogModuleManager: Shutting down and abandoning module AndroidMediaFactory (548)
[2019.02.15-00.12.52:076][950]LogModuleManager: Shutting down and abandoning module AndroidMediaEditor (546)
[2019.02.15-00.12.52:076][950]LogModuleManager: Shutting down and abandoning module MagicLeapCameraPreviewFactory (544)
[2019.02.15-00.12.52:076][950]LogModuleManager: Shutting down and abandoning module MagicLeapMediaFactory (542)
[2019.02.15-00.12.52:076][950]LogModuleManager: Shutting down and abandoning module MagicLeapMediaEditor (540)
[2019.02.15-00.12.52:076][950]LogModuleManager: Shutting down and abandoning module CharacterAI (538)
[2019.02.15-00.12.52:076][950]LogModuleManager: Shutting down and abandoning module SmartSnapping (536)
[2019.02.15-00.12.52:076][950]LogModuleManager: Shutting down and abandoning module SessionServices (534)
[2019.02.15-00.12.52:076][950]LogModuleManager: Shutting down and abandoning module ViewportSnapping (532)
[2019.02.15-00.12.52:076][950]LogModuleManager: Shutting down and abandoning module ViewportInteraction (530)
[2019.02.15-00.12.52:076][950]LogModuleManager: Shutting down and abandoning module ClothPainter (528)
[2019.02.15-00.12.52:076][950]LogModuleManager: Shutting down and abandoning module SkeletalMeshEditor (527)
[2019.02.15-00.12.52:077][950]LogModuleManager: Shutting down and abandoning module LogVisualizer (524)
[2019.02.15-00.12.52:077][950]LogModuleManager: Shutting down and abandoning module IntroTutorials (522)
[2019.02.15-00.12.52:077][950]LogModuleManager: Shutting down and abandoning module GameProjectGeneration (521)
[2019.02.15-00.12.52:077][950]LogModuleManager: Shutting down and abandoning module LuminPlatformEditor (518)
[2019.02.15-00.12.52:077][950]LogModuleManager: Shutting down and abandoning module IOSPlatformEditor (516)
[2019.02.15-00.12.52:077][950]LogModuleManager: Shutting down and abandoning module HTML5PlatformEditor (514)
[2019.02.15-00.12.52:077][950]LogModuleManager: Shutting down and abandoning module AndroidPlatformEditor (512)
[2019.02.15-00.12.52:077][950]LogModuleManager: Shutting down and abandoning module AndroidDeviceDetection (511)
[2019.02.15-00.12.53:104][950]LogModuleManager: Shutting down and abandoning module WindowsPlatformEditor (508)
[2019.02.15-00.12.53:105][950]LogModuleManager: Shutting down and abandoning module LuminRuntimeSettings (506)
[2019.02.15-00.12.53:105][950]LogModuleManager: Shutting down and abandoning module IOSRuntimeSettings (504)
[2019.02.15-00.12.53:105][950]LogModuleManager: Shutting down and abandoning module AndroidRuntimeSettings (502)
[2019.02.15-00.12.53:105][950]LogModuleManager: Shutting down and abandoning module InputBindingEditor (500)
[2019.02.15-00.12.53:105][950]LogModuleManager: Shutting down and abandoning module MergeActors (498)
[2019.02.15-00.12.53:105][950]LogModuleManager: Shutting down and abandoning module LocalizationDashboard (496)
[2019.02.15-00.12.53:105][950]LogModuleManager: Shutting down and abandoning module LocalizationService (495)
[2019.02.15-00.12.53:105][950]LogModuleManager: Shutting down and abandoning module HardwareTargeting (492)
[2019.02.15-00.12.53:105][950]LogModuleManager: Shutting down and abandoning module DeviceProfileEditor (490)
[2019.02.15-00.12.53:105][950]LogModuleManager: Shutting down and abandoning module UndoHistory (488)
[2019.02.15-00.12.53:105][950]LogModuleManager: Shutting down and abandoning module XmlParser (486)
[2019.02.15-00.12.53:105][950]LogModuleManager: Shutting down and abandoning module Blutility (484)
[2019.02.15-00.12.53:105][950]LogModuleManager: Shutting down and abandoning module ProjectSettingsViewer (482)
[2019.02.15-00.12.53:105][950]LogModuleManager: Shutting down and abandoning module ProjectTargetPlatformEditor (481)
[2019.02.15-00.12.53:105][950]LogModuleManager: Shutting down and abandoning module EditorSettingsViewer (478)
[2019.02.15-00.12.53:105][950]LogModuleManager: Shutting down and abandoning module SettingsEditor (476)
[2019.02.15-00.12.53:105][950]LogModuleManager: Shutting down and abandoning module ProjectLauncher (474)
[2019.02.15-00.12.53:110][950]LogModuleManager: Shutting down and abandoning module SessionFrontend (472)
[2019.02.15-00.12.53:110][950]LogModuleManager: Shutting down and abandoning module ProfilerClient (470)
[2019.02.15-00.12.53:110][950]LogModuleManager: Shutting down and abandoning module DeviceManager (468)
[2019.02.15-00.12.53:110][950]LogModuleManager: Shutting down and abandoning module TargetDeviceServices (467)
[2019.02.15-00.12.53:174][950]LogModuleManager: Shutting down and abandoning module AutomationController (464)
[2019.02.15-00.12.53:174][950]LogModuleManager: Shutting down and abandoning module AutomationWindow (462)
[2019.02.15-00.12.53:190][950]LogModuleManager: Shutting down and abandoning module Layers (460)
[2019.02.15-00.12.53:202][950]LogModuleManager: Shutting down and abandoning module ComponentVisualizers (458)
[2019.02.15-00.12.53:202][950]LogModuleManager: Shutting down and abandoning module DetailCustomizations (456)
[2019.02.15-00.12.53:219][950]LogModuleManager: Shutting down and abandoning module PackagesDialog (454)
[2019.02.15-00.12.53:219][950]LogModuleManager: Shutting down and abandoning module Persona (452)
[2019.02.15-00.12.53:241][950]LogModuleManager: Shutting down and abandoning module AdvancedPreviewScene (451)
[2019.02.15-00.12.53:241][950]LogModuleManager: Shutting down and abandoning module AnimGraph (449)
[2019.02.15-00.12.53:245][950]LogModuleManager: Shutting down and abandoning module Kismet (446)
[2019.02.15-00.12.53:272][950]LogModuleManager: Shutting down and abandoning module GraphEditor (444)
[2019.02.15-00.12.53:310][950]LogModuleManager: Shutting down and abandoning module ClassViewer (442)
[2019.02.15-00.12.53:310][950]LogModuleManager: Shutting down and abandoning module Toolbox (440)
[2019.02.15-00.12.53:310][950]LogModuleManager: Shutting down and abandoning module DesktopPlatform (439)
[2019.02.15-00.12.53:310][950]LogModuleManager: Shutting down and abandoning module ModuleUI (436)
[2019.02.15-00.12.53:310][950]LogModuleManager: Shutting down and abandoning module MovieSceneTools (434)
[2019.02.15-00.12.53:318][950]LogModuleManager: Shutting down and abandoning module OutputLog (432)
[2019.02.15-00.12.53:318][950]LogModuleManager: Shutting down and abandoning module GammaUI (430)
[2019.02.15-00.12.53:318][950]LogModuleManager: Shutting down and abandoning module Documentation (428)
[2019.02.15-00.12.53:318][950]LogModuleManager: Shutting down and abandoning module MovieSceneTracks (426)
[2019.02.15-00.12.53:318][950]LogModuleManager: Shutting down and abandoning module MovieScene (424)
[2019.02.15-00.12.53:321][950]LogModuleManager: Shutting down and abandoning module StreamingPauseRendering (422)
[2019.02.15-00.12.53:321][950]LogModuleManager: Shutting down and abandoning module LauncherPlatform (420)
[2019.02.15-00.12.53:321][950]LogModuleManager: Shutting down and abandoning module AnalyticsET (418)
[2019.02.15-00.12.53:321][950]LogModuleManager: Shutting down and abandoning module PortalServices (416)
[2019.02.15-00.12.53:321][950]LogModuleManager: Shutting down and abandoning module PortalRpc (414)
[2019.02.15-00.12.53:321][950]LogModuleManager: Shutting down and abandoning module MessagingRpc (412)
[2019.02.15-00.12.53:321][950]LogModuleManager: Shutting down and abandoning module AIModule (410)
[2019.02.15-00.12.53:322][950]LogModuleManager: Shutting down and abandoning module GameplayDebugger (409)
[2019.02.15-00.12.53:322][950]LogModuleManager: Shutting down and abandoning module AITestSuite (407)
[2019.02.15-00.12.53:322][950]LogModuleManager: Shutting down and abandoning module NavigationSystem (405)
[2019.02.15-00.12.53:322][950]LogModuleManager: Shutting down and abandoning module ProfilerService (402)
[2019.02.15-00.12.53:385][950]LogModuleManager: Shutting down and abandoning module TaskGraph (400)
[2019.02.15-00.12.53:385][950]LogModuleManager: Shutting down and abandoning module SteamVRController (398)
[2019.02.15-00.12.53:385][950]LogModuleManager: Shutting down and abandoning module ProceduralMeshComponentEditor (396)
[2019.02.15-00.12.53:385][950]LogModuleManager: Shutting down and abandoning module ProceduralMeshComponent (394)
[2019.02.15-00.12.53:386][950]LogModuleManager: Shutting down and abandoning module OculusInput (392)
[2019.02.15-00.12.53:386][950]LogModuleManager: Shutting down and abandoning module MobilePatchingUtils (390)
[2019.02.15-00.12.53:386][950]LogModuleManager: Shutting down and abandoning module EditableMesh (388)
[2019.02.15-00.12.53:386][950]LogModuleManager: Shutting down and abandoning module CustomMeshComponent (386)
[2019.02.15-00.12.53:386][950]LogModuleManager: Shutting down and abandoning module CableComponent (384)
[2019.02.15-00.12.53:386][950]LogModuleManager: Shutting down and abandoning module AudioCapture (382)
[2019.02.15-00.12.53:386][950]LogModuleManager: Shutting down and abandoning module ArchVisCharacter (380)
[2019.02.15-00.12.53:386][950]LogModuleManager: Shutting down and abandoning module AndroidPermission (378)
[2019.02.15-00.12.53:386][950]LogModuleManager: Shutting down and abandoning module NUTUnrealEngine4 (376)
[2019.02.15-00.12.53:386][950]LogModuleManager: Shutting down and abandoning module NetcodeUnitTest (374)
[2019.02.15-00.12.53:386][950]LogModuleManager: Shutting down and abandoning module MediaCompositingEditor (372)
[2019.02.15-00.12.53:386][950]LogModuleManager: Shutting down and abandoning module MediaCompositing (370)
[2019.02.15-00.12.53:386][950]LogModuleManager: Shutting down and abandoning module LinearTimecode (368)
[2019.02.15-00.12.53:386][950]LogModuleManager: Shutting down and abandoning module ImgMedia (366)
[2019.02.15-00.12.53:390][950]LogModuleManager: Shutting down and abandoning module HTML5Networking (364)
[2019.02.15-00.12.53:390][950]LogModuleManager: Shutting down and abandoning module GeometryCacheTracks (362)
[2019.02.15-00.12.53:390][950]LogModuleManager: Shutting down and abandoning module GeometryCacheSequencer (360)
[2019.02.15-00.12.53:390][950]LogModuleManager: Shutting down and abandoning module BackChannel (358)
[2019.02.15-00.12.53:390][950]LogModuleManager: Shutting down and abandoning module AppleVision (356)
[2019.02.15-00.12.53:390][950]LogModuleManager: Shutting down and abandoning module AppleImageUtils (354)
[2019.02.15-00.12.53:390][950]LogModuleManager: Shutting down and abandoning module AlembicImporter (352)
[2019.02.15-00.12.53:390][950]LogModuleManager: Shutting down and abandoning module AlembicLibrary (351)
[2019.02.15-00.12.53:390][950]LogModuleManager: Shutting down and abandoning module GeometryCache (350)
[2019.02.15-00.12.53:390][950]LogModuleManager: Shutting down and abandoning module GeometryCacheEd (349)
[2019.02.15-00.12.53:390][950]LogModuleManager: Shutting down and abandoning module DatasmithContentEditor (344)
[2019.02.15-00.12.53:390][950]LogModuleManager: Shutting down and abandoning module DatasmithContent (342)
[2019.02.15-00.12.53:391][950]LogModuleManager: Shutting down and abandoning module SpeedTreeImporter (340)
[2019.02.15-00.12.53:391][950]LogModuleManager: Shutting down and abandoning module PluginBrowser (338)
[2019.02.15-00.12.53:391][950]LogModuleManager: Shutting down and abandoning module MobileLauncherProfileWizard (336)
[2019.02.15-00.12.53:391][950]LogModuleManager: Shutting down and abandoning module PolygonModeling (334)
[2019.02.15-00.12.53:391][950]LogModuleManager: Shutting down and abandoning module MeshEditor (332)
[2019.02.15-00.12.53:391][950]LogModuleManager: Shutting down and abandoning module CryptoKeysOpenSSL (330)
[2019.02.15-00.12.53:391][950]LogModuleManager: Shutting down and abandoning module CryptoKeys (328)
[2019.02.15-00.12.53:391][950]LogModuleManager: Shutting down and abandoning module VisualStudioSourceCodeAccess (326)
[2019.02.15-00.12.53:391][950]LogModuleManager: Shutting down and abandoning module VisualStudioCodeSourceCodeAccess (324)
[2019.02.15-00.12.53:391][950]LogModuleManager: Shutting down and abandoning module UObjectPlugin (322)
[2019.02.15-00.12.53:391][950]LogModuleManager: Shutting down and abandoning module SubversionSourceControl (320)
[2019.02.15-00.12.53:391][950]LogModuleManager: Shutting down and abandoning module PerforceSourceControl (318)
[2019.02.15-00.12.53:392][950]LogModuleManager: Shutting down and abandoning module GitSourceControl (316)
[2019.02.15-00.12.53:392][950]LogModuleManager: Shutting down and abandoning module SourceControl (315)
[2019.02.15-00.12.53:392][950]LogModuleManager: Shutting down and abandoning module CLionSourceCodeAccess (312)
[2019.02.15-00.12.53:392][950]LogModuleManager: Shutting down and abandoning module LightPropagationVolumeEditor (310)
[2019.02.15-00.12.53:392][950]LogModuleManager: Shutting down and abandoning module PaperTiledImporter (308)
[2019.02.15-00.12.53:392][950]LogModuleManager: Shutting down and abandoning module PaperSpriteSheetImporter (306)
[2019.02.15-00.12.53:392][950]LogModuleManager: Shutting down and abandoning module Paper2DEditor (304)
[2019.02.15-00.12.53:392][950]LogModuleManager: Shutting down and abandoning module MeshPaint (303)
[2019.02.15-00.12.53:392][950]LogModuleManager: Shutting down and abandoning module RuntimePhysXCooking (298)
[2019.02.15-00.12.53:392][950]LogModuleManager: Shutting down and abandoning module PhysXVehiclesEditor (296)
[2019.02.15-00.12.53:392][950]LogModuleManager: Shutting down and abandoning module PhysXVehicles (294)
[2019.02.15-00.12.53:392][950]LogModuleManager: Shutting down and abandoning module OculusEditor (292)
[2019.02.15-00.12.53:392][950]LogModuleManager: Shutting down and abandoning module LocationServicesBPLibrary (290)
[2019.02.15-00.12.53:392][950]LogModuleManager: Shutting down and abandoning module ImmediatePhysicsEditor (288)
[2019.02.15-00.12.53:392][950]LogModuleManager: Shutting down and abandoning module ImmediatePhysics (286)
[2019.02.15-00.12.53:392][950]LogModuleManager: Shutting down and abandoning module ActorSequence (284)
[2019.02.15-00.12.53:392][950]LogModuleManager: Shutting down and abandoning module UdpMessaging (282)
[2019.02.15-00.12.53:493][950]LogModuleManager: Shutting down and abandoning module TcpMessaging (280)
[2019.02.15-00.12.53:594][950]LogModuleManager: Shutting down and abandoning module MagicLeapAudio (278)
[2019.02.15-00.12.53:594][950]LogModuleManager: Shutting down and abandoning module GameplayTagsEditor (276)
[2019.02.15-00.12.53:594][950]LogModuleManager: Shutting down and abandoning module FacialAnimationEditor (274)
[2019.02.15-00.12.53:594][950]LogModuleManager: Shutting down and abandoning module FacialAnimation (272)
[2019.02.15-00.12.53:594][950]LogModuleManager: Shutting down and abandoning module DataValidation (270)
[2019.02.15-00.12.53:594][950]LogModuleManager: Shutting down and abandoning module AssetManagerEditor (268)
[2019.02.15-00.12.53:594][950]LogModuleManager: Shutting down and abandoning module LevelEditor (267)
[2019.02.15-00.12.53:621][950]LogModuleManager: Shutting down and abandoning module PixelInspectorModule (266)
[2019.02.15-00.12.53:621][950]LogModuleManager: Shutting down and abandoning module CommonMenuExtensions (264)
[2019.02.15-00.12.53:621][950]LogModuleManager: Shutting down and abandoning module MainFrame (262)
[2019.02.15-00.12.53:621][950]LogModuleManager: Shutting down and abandoning module HotReload (261)
[2019.02.15-00.12.53:622][950]LogModuleManager: Shutting down and abandoning module ContentBrowser (257)
[2019.02.15-00.12.53:624][950]LogModuleManager: Shutting down and abandoning module TreeMap (255)
[2019.02.15-00.12.53:624][950]LogModuleManager: Shutting down and abandoning module LightPropagationVolumeRuntime (252)
[2019.02.15-00.12.53:624][950]LogModuleManager: Shutting down and abandoning module AISupportModule (250)
[2019.02.15-00.12.53:624][950]LogModuleManager: Shutting down and abandoning module Paper2D (248)
[2019.02.15-00.12.53:624][950]LogModuleManager: Shutting down and abandoning module WindowsMoviePlayer (246)
[2019.02.15-00.12.53:624][950]LogModuleManager: Shutting down and abandoning module WmfMedia (244)
[2019.02.15-00.12.53:626][950]LogModuleManager: Shutting down and abandoning module Media (243)
[2019.02.15-00.12.53:632][950]LogModuleManager: Shutting down and abandoning module PacketHandler (240)
[2019.02.15-00.12.53:632][950]LogModuleManager: Shutting down and abandoning module ClothingSystemEditor (238)
[2019.02.15-00.12.53:632][950]LogModuleManager: Shutting down and abandoning module ClothingSystemRuntime (236)
[2019.02.15-00.12.53:632][950]LogModuleManager: Shutting down and abandoning module MediaAssets (234)
[2019.02.15-00.12.53:632][950]LogModuleManager: Shutting down and abandoning module Overlay (232)
[2019.02.15-00.12.53:632][950]LogModuleManager: Shutting down and abandoning module OverlayEditor (231)
[2019.02.15-00.12.53:632][950]LogModuleManager: Shutting down and abandoning module VREditor (228)
[2019.02.15-00.12.53:632][950]LogModuleManager: Shutting down and abandoning module StringTableEditor (226)
[2019.02.15-00.12.53:632][950]LogModuleManager: Shutting down and abandoning module GameplayTasksEditor (224)
[2019.02.15-00.12.53:632][950]LogModuleManager: Shutting down and abandoning module BehaviorTreeEditor (222)
[2019.02.15-00.12.53:632][950]LogModuleManager: Shutting down and abandoning module FunctionalTesting (220)
[2019.02.15-00.12.53:632][950]LogModuleManager: Shutting down and abandoning module CollisionAnalyzer (218)
[2019.02.15-00.12.53:633][950]LogModuleManager: Shutting down and abandoning module WorkspaceMenuStructure (217)
[2019.02.15-00.12.53:633][950]LogModuleManager: Shutting down and abandoning module UMG (214)
[2019.02.15-00.12.53:633][950]LogModuleManager: Shutting down and abandoning module UMGEditor (213)
[2019.02.15-00.12.53:650][950]LogModuleManager: Shutting down and abandoning module Sequencer (212)
[2019.02.15-00.12.53:675][950]LogModuleManager: Shutting down and abandoning module MessageLog (209)
[2019.02.15-00.12.53:675][950]LogModuleManager: Shutting down and abandoning module SlateReflector (204)
[2019.02.15-00.12.53:675][950]LogModuleManager: Shutting down and abandoning module Slate (202)
[2019.02.15-00.12.53:679][950]LogModuleManager: Shutting down and abandoning module EditorStyle (200)
[2019.02.15-00.12.53:682][950]LogModuleManager: Shutting down and abandoning module MRMesh (198)
[2019.02.15-00.12.53:682][950]LogModuleManager: Shutting down and abandoning module SourceCodeAccess (196)
[2019.02.15-00.12.53:682][950]LogModuleManager: Shutting down and abandoning module HeadMountedDisplay (194)
[2019.02.15-00.12.53:682][950]LogModuleManager: Shutting down and abandoning module XAudio2 (192)
[2019.02.15-00.12.53:682][950]LogModuleManager: Shutting down and abandoning module Networking (190)
[2019.02.15-00.12.53:682][950]LogModuleManager: Shutting down and abandoning module Core (188)
[2019.02.15-00.12.53:682][950]LogModuleManager: Shutting down and abandoning module LevelSequence (186)
[2019.02.15-00.12.53:682][950]LogModuleManager: Shutting down and abandoning module KismetCompiler (184)
[2019.02.15-00.12.53:682][950]LogModuleManager: Shutting down and abandoning module MeshUtilities (182)
[2019.02.15-00.12.53:683][950]LogModuleManager: Shutting down and abandoning module MeshMergeUtilities (181)
[2019.02.15-00.12.53:683][950]LogModuleManager: Shutting down and abandoning module MeshReductionInterface (180)
[2019.02.15-00.12.53:683][950]LogModuleManager: Shutting down and abandoning module SimplygonSwarm (179)
[2019.02.15-00.12.53:683][950]LogModuleManager: Shutting down and abandoning module ProxyLODMeshReduction (177)
[2019.02.15-00.12.53:683][950]LogModuleManager: Shutting down and abandoning module SimplygonMeshReduction (175)
[2019.02.15-00.12.53:683][950]LogModuleManager: Shutting down and abandoning module QuadricMeshReduction (173)
[2019.02.15-00.12.53:683][950]LogModuleManager: Shutting down and abandoning module MaterialBaking (169)
[2019.02.15-00.12.53:683][950]LogModuleManager: Shutting down and abandoning module DirectoryWatcher (165)
[2019.02.15-00.12.53:683][950]LogModuleManager: Shutting down and abandoning module DerivedDataCache (162)
[2019.02.15-00.12.53:694][950]LogDerivedDataCache: Shutdown
[2019.02.15-00.12.53:694][950]LogModuleManager: Shutting down and abandoning module XGEController (160)
[2019.02.15-00.12.53:694][950]LogXGEController: Cleaning working directory: C:/Users/rh27u/AppData/Local/Temp/UnrealXGEWorkingDir/
[2019.02.15-00.12.53:695][950]LogModuleManager: Shutting down and abandoning module TargetPlatform (158)
[2019.02.15-00.12.53:695][950]LogModuleManager: Shutting down and abandoning module VulkanShaderFormat (157)
[2019.02.15-00.12.53:695][950]LogModuleManager: Shutting down and abandoning module ShaderFormatVectorVM (155)
[2019.02.15-00.12.53:695][950]LogModuleManager: Shutting down and abandoning module ShaderFormatOpenGL (153)
[2019.02.15-00.12.53:695][950]LogModuleManager: Shutting down and abandoning module ShaderFormatD3D (151)
[2019.02.15-00.12.53:695][950]LogModuleManager: Shutting down and abandoning module MetalShaderFormat (149)
[2019.02.15-00.12.53:695][950]LogModuleManager: Shutting down and abandoning module TextureFormatUncompressed (147)
[2019.02.15-00.12.53:695][950]LogModuleManager: Shutting down and abandoning module TextureFormatPVR (145)
[2019.02.15-00.12.53:695][950]LogModuleManager: Shutting down and abandoning module TextureFormatDXT (143)
[2019.02.15-00.12.53:695][950]LogModuleManager: Shutting down and abandoning module TextureFormatIntelISPCTexComp (141)
[2019.02.15-00.12.53:695][950]LogModuleManager: Shutting down and abandoning module TextureFormatASTC (139)
[2019.02.15-00.12.53:695][950]LogModuleManager: Shutting down and abandoning module ImageWrapper (138)
[2019.02.15-00.12.53:695][950]LogModuleManager: Shutting down and abandoning module TextureFormatAndroid (135)
[2019.02.15-00.12.53:695][950]LogModuleManager: Shutting down and abandoning module AudioFormatOpus (133)
[2019.02.15-00.12.53:695][950]LogModuleManager: Shutting down and abandoning module AudioFormatOgg (131)
[2019.02.15-00.12.53:695][950]LogModuleManager: Shutting down and abandoning module AudioFormatADPCM (129)
[2019.02.15-00.12.53:695][950]LogModuleManager: Shutting down and abandoning module LuminTargetPlatform (127)
[2019.02.15-00.12.53:695][950]LogModuleManager: Shutting down and abandoning module LinuxTargetPlatform (125)
[2019.02.15-00.12.53:695][950]LogModuleManager: Shutting down and abandoning module LinuxServerTargetPlatform (123)
[2019.02.15-00.12.53:695][950]LogModuleManager: Shutting down and abandoning module LinuxNoEditorTargetPlatform (121)
[2019.02.15-00.12.53:695][950]LogModuleManager: Shutting down and abandoning module LinuxClientTargetPlatform (119)
[2019.02.15-00.12.53:695][950]LogModuleManager: Shutting down and abandoning module TVOSTargetPlatform (117)
[2019.02.15-00.12.53:696][950]LogModuleManager: Shutting down and abandoning module Messaging (115)
[2019.02.15-00.12.53:696][950]LogModuleManager: Shutting down and abandoning module IOSTargetPlatform (113)
[2019.02.15-00.12.53:697][950]LogModuleManager: Shutting down and abandoning module HTML5TargetPlatform (111)
[2019.02.15-00.12.53:697][950]LogModuleManager: Shutting down and abandoning module AndroidTargetPlatform (109)
[2019.02.15-00.12.53:705][950]LogModuleManager: Shutting down and abandoning module WindowsTargetPlatform (107)
[2019.02.15-00.12.53:705][950]LogModuleManager: Shutting down and abandoning module WindowsServerTargetPlatform (105)
[2019.02.15-00.12.53:705][950]LogModuleManager: Shutting down and abandoning module WindowsNoEditorTargetPlatform (103)
[2019.02.15-00.12.53:705][950]LogModuleManager: Shutting down and abandoning module WindowsClientTargetPlatform (101)
[2019.02.15-00.12.53:705][950]LogModuleManager: Shutting down and abandoning module MacTargetPlatform (99)
[2019.02.15-00.12.53:705][950]LogModuleManager: Shutting down and abandoning module MacServerTargetPlatform (97)
[2019.02.15-00.12.53:705][950]LogModuleManager: Shutting down and abandoning module MacNoEditorTargetPlatform (95)
[2019.02.15-00.12.53:705][950]LogModuleManager: Shutting down and abandoning module MacClientTargetPlatform (93)
[2019.02.15-00.12.53:705][950]LogModuleManager: Shutting down and abandoning module AllDesktopTargetPlatform (91)
[2019.02.15-00.12.53:705][950]LogModuleManager: Shutting down and abandoning module InputCore (88)
[2019.02.15-00.12.53:705][950]LogModuleManager: Shutting down and abandoning module Settings (86)
[2019.02.15-00.12.53:705][950]LogModuleManager: Shutting down and abandoning module PhysXCooking (84)
[2019.02.15-00.12.53:705][950]LogModuleManager: Shutting down and abandoning module SteamVR (82)
[2019.02.15-00.12.53:705][950]LogModuleManager: Shutting down and abandoning module OculusHMD (80)
[2019.02.15-00.12.53:705][950]LogModuleManager: Shutting down and abandoning module ExampleDeviceProfileSelector (78)
[2019.02.15-00.12.53:705][950]LogModuleManager: Shutting down and abandoning module LauncherChunkInstaller (76)
[2019.02.15-00.12.53:705][950]LogModuleManager: Shutting down and abandoning module OnlineBlueprintSupport (74)
[2019.02.15-00.12.53:705][950]LogModuleManager: Shutting down and abandoning module OnlineSubsystem (70)
[2019.02.15-00.12.53:706][950]LogModuleManager: Shutting down and abandoning module XMPP (65)
[2019.02.15-00.12.53:706][950]LogModuleManager: Shutting down and abandoning module WebSockets (64)
[2019.02.15-00.12.53:711][950]LogModuleManager: Shutting down and abandoning module HTTP (61)
[2019.02.15-00.12.53:720][950]LogHttp: Display: Http module shutting down, but needs to wait on 1 outstanding Http requests:
[2019.02.15-00.12.53:720][950]LogHttp: Display: 	verb=[POST] url=[https://datarouter.ol.epicgames.com/datarouter/api/v1/public/data?SessionID=%7BFDBC10DB-4225-9304-5B03-1680085A8E5D%7D&AppID=UEEditor.Rocket.Release&AppVersion=4.20.3-4369336%2B%2B%2BUE4%2BRelease-4.20&UserID=ca0ba5b344a25a42bbbc08942dd4813d%7Cb9852a78c7114a83b7ea6e814f6762fe%7C843bd5b5-059e-4577-8c18-b86abac9c02d&AppEnvironment=datacollector-binary&UploadType=eteventstream] status=Processing
[2019.02.15-00.12.53:729][950]LogModuleManager: Shutting down and abandoning module SSL (60)
[2019.02.15-00.12.53:747][950]LogModuleManager: Shutting down and abandoning module MagicLeapEmulator (56)
[2019.02.15-00.12.53:748][950]LogModuleManager: Shutting down and abandoning module MagicLeapPrivileges (54)
[2019.02.15-00.12.53:748][950]LogModuleManager: Shutting down and abandoning module MagicLeapIdentity (52)
[2019.02.15-00.12.53:748][950]LogModuleManager: Shutting down and abandoning module MagicLeapHelperVulkan (50)
[2019.02.15-00.12.53:748][950]LogModuleManager: Shutting down and abandoning module MagicLeapHelperOpenGL (48)
[2019.02.15-00.12.53:748][950]LogModuleManager: Shutting down and abandoning module MagicLeapSecureStorage (46)
[2019.02.15-00.12.53:748][950]LogModuleManager: Shutting down and abandoning module MagicLeapGestures (44)
[2019.02.15-00.12.53:748][950]LogModuleManager: Shutting down and abandoning module MagicLeapEyeTracker (42)
[2019.02.15-00.12.53:748][950]LogModuleManager: Shutting down and abandoning module MagicLeapController (40)
[2019.02.15-00.12.53:748][950]LogSlate: Slate User Destroyed.  User Index 0, Is Virtual User: 0
[2019.02.15-00.12.53:748][950]LogModuleManager: Shutting down and abandoning module MagicLeap (38)
[2019.02.15-00.12.53:748][950]LogModuleManager: Shutting down and abandoning module AnimationModifiers (36)
[2019.02.15-00.12.53:748][950]LogModuleManager: Shutting down and abandoning module PropertyEditor (35)
[2019.02.15-00.12.53:758][950]LogModuleManager: Shutting down and abandoning module AudioEditor (32)
[2019.02.15-00.12.53:758][950]LogModuleManager: Shutting down and abandoning module TextureCompressor (30)
[2019.02.15-00.12.53:758][950]LogModuleManager: Shutting down and abandoning module ShaderCore (28)
[2019.02.15-00.12.53:758][950]LogModuleManager: Shutting down and abandoning module Landscape (26)
[2019.02.15-00.12.53:758][950]LogModuleManager: Shutting down and abandoning module SlateRHIRenderer (24)
[2019.02.15-00.12.53:772][950]LogModuleManager: Shutting down and abandoning module OpenGLDrv (22)
[2019.02.15-00.12.53:772][950]LogModuleManager: Shutting down and abandoning module D3D11RHI (20)
[2019.02.15-00.12.53:772][950]LogModuleManager: Shutting down and abandoning module AnimGraphRuntime (18)
[2019.02.15-00.12.53:772][950]LogModuleManager: Shutting down and abandoning module Renderer (16)
[2019.02.15-00.12.53:772][950]LogModuleManager: Shutting down and abandoning module Engine (14)
[2019.02.15-00.12.53:772][950]LogModuleManager: Shutting down and abandoning module CoreUObject (12)
[2019.02.15-00.12.53:772][950]LogModuleManager: Shutting down and abandoning module NetworkFile (10)
[2019.02.15-00.12.53:781][950]LogModuleManager: Shutting down and abandoning module CookedIterativeFile (8)
[2019.02.15-00.12.53:781][950]LogModuleManager: Shutting down and abandoning module StreamingFile (6)
[2019.02.15-00.12.53:781][950]LogModuleManager: Shutting down and abandoning module SandboxFile (4)
[2019.02.15-00.12.53:782][950]LogModuleManager: Shutting down and abandoning module PakFile (2)
[2019.02.15-00.12.53:798][950]LogExit: Exiting.
[2019.02.15-00.12.53:817][950]Log file closed, 02/15/19 00:12:53
