Log file open, 02/08/19 09:25:53
LogWindows: Failed to load 'aqProf.dll' (GetLastError=126)
LogWindows: File 'aqProf.dll' does not exist
LogWindows: Failed to load 'VtuneApi.dll' (GetLastError=126)
LogWindows: File 'VtuneApi.dll' does not exist
LogWindows: Failed to load 'VtuneApi32e.dll' (GetLastError=126)
LogWindows: File 'VtuneApi32e.dll' does not exist
LogInit: Display: Running engine for game: Castleforce
LogPlatformFile: Not using cached read wrapper
LogTaskGraph: Started task graph with 5 named threads and 23 total threads with 3 sets of task threads.
LogStats: Stats thread started at 0.337940
LogD3D11RHI: Loaded GFSDK_Aftermath_Lib.x64.dll
LogICUInternationalization: Display: ICU TimeZone Detection - Raw Offset: +0:00, Platform Override: ''
LogPluginManager: Mounting plugin Paper2D
LogPluginManager: Mounting plugin AISupport
LogPluginManager: Mounting plugin LightPropagationVolume
LogPluginManager: Mounting plugin CLionSourceCodeAccess
LogPluginManager: Mounting plugin CodeLiteSourceCodeAccess
LogPluginManager: Mounting plugin GitSourceControl
LogPluginManager: Mounting plugin KDevelopSourceCodeAccess
LogPluginManager: Mounting plugin NullSourceCodeAccess
LogPluginManager: Mounting plugin PerforceSourceControl
LogPluginManager: Mounting plugin SubversionSourceControl
LogPluginManager: Mounting plugin UObjectPlugin
LogPluginManager: Mounting plugin VisualStudioCodeSourceCodeAccess
LogPluginManager: Mounting plugin VisualStudioSourceCodeAccess
LogPluginManager: Mounting plugin XCodeSourceCodeAccess
LogPluginManager: Mounting plugin AssetManagerEditor
LogPluginManager: Mounting plugin CryptoKeys
LogPluginManager: Mounting plugin DataValidation
LogPluginManager: Mounting plugin FacialAnimation
LogPluginManager: Mounting plugin GameplayTagsEditor
LogPluginManager: Mounting plugin MacGraphicsSwitching
LogPluginManager: Mounting plugin MeshEditor
LogPluginManager: Mounting plugin MobileLauncherProfileWizard
LogPluginManager: Mounting plugin PluginBrowser
LogPluginManager: Mounting plugin SpeedTreeImporter
LogPluginManager: Mounting plugin DatasmithContent
LogPluginManager: Mounting plugin AlembicImporter
LogPluginManager: Mounting plugin AppleImageUtils
LogPluginManager: Mounting plugin AppleVision
LogPluginManager: Mounting plugin BackChannel
LogPluginManager: Mounting plugin CharacterAI
LogPluginManager: Mounting plugin GeometryCache
LogPluginManager: Mounting plugin HTML5Networking
LogPluginManager: Mounting plugin ProxyLODPlugin
LogPluginManager: Mounting plugin MagicLeap
LogPluginManager: Mounting plugin MagicLeapEmulator
LogPluginManager: Mounting plugin MagicLeapMedia
LogPluginManager: Mounting plugin AndroidMedia
LogPluginManager: Mounting plugin AvfMedia
LogPluginManager: Mounting plugin ImgMedia
LogPluginManager: Mounting plugin LinearTimecode
LogPluginManager: Mounting plugin MediaCompositing
LogPluginManager: Mounting plugin MediaPlayerEditor
LogPluginManager: Mounting plugin WmfMedia
LogPluginManager: Mounting plugin TcpMessaging
LogPluginManager: Mounting plugin UdpMessaging
LogPluginManager: Mounting plugin ActorSequence
LogPluginManager: Mounting plugin LevelSequenceEditor
LogPluginManager: Mounting plugin MatineeToLevelSequence
LogPluginManager: Mounting plugin NetcodeUnitTest
LogPluginManager: Mounting plugin NUTUnrealEngine4
LogPluginManager: Mounting plugin OnlineSubsystemGooglePlay
LogPluginManager: Mounting plugin OnlineSubsystemIOS
LogPluginManager: Mounting plugin OnlineSubsystem
LogPluginManager: Mounting plugin OnlineSubsystemNull
LogPluginManager: Mounting plugin OnlineSubsystemUtils
LogPluginManager: Mounting plugin LauncherChunkInstaller
LogPluginManager: Mounting plugin AndroidDeviceProfileSelector
LogPluginManager: Mounting plugin AndroidMoviePlayer
LogPluginManager: Mounting plugin AndroidPermission
LogPluginManager: Mounting plugin AppleMoviePlayer
LogPluginManager: Mounting plugin ArchVisCharacter
LogPluginManager: Mounting plugin AudioCapture
LogPluginManager: Mounting plugin CableComponent
LogPluginManager: Mounting plugin CustomMeshComponent
LogPluginManager: Mounting plugin EditableMesh
LogPluginManager: Mounting plugin ExampleDeviceProfileSelector
LogPluginManager: Mounting plugin GoogleCloudMessaging
LogPluginManager: Mounting plugin ImmediatePhysics
LogPluginManager: Mounting plugin IOSDeviceProfileSelector
LogPluginManager: Mounting plugin LinuxDeviceProfileSelector
LogPluginManager: Mounting plugin LocationServicesBPLibrary
LogPluginManager: Mounting plugin MobilePatchingUtils
LogPluginManager: Mounting plugin OculusVR
LogPluginManager: Plugin shader directory ../../../Engine/Plugins/Runtime/Oculus/OculusVR/Shaders found
LogPluginManager: Mapping shader source directory ../../../Engine/Plugins/Runtime/Oculus/OculusVR/Shaders to virtual directory /Plugin/OculusVR
LogPluginManager: Mounting plugin PhysXVehicles
LogPluginManager: Mounting plugin ProceduralMeshComponent
LogPluginManager: Mounting plugin RuntimePhysXCooking
LogPluginManager: Mounting plugin SteamVR
LogPluginManager: Mounting plugin WindowsMoviePlayer
LogStreaming: Display: Took  0.408s to configure plugins.
LogInit: Using libcurl 7.55.1-DEV
LogInit:  - built for x86_64-pc-win32
LogInit:  - supports SSL with OpenSSL/1.0.2h
LogInit:  - supports HTTP deflate (compression) using libz 1.2.8
LogInit:  - other features:
LogInit:      CURL_VERSION_SSL
LogInit:      CURL_VERSION_LIBZ
LogInit:      CURL_VERSION_IPV6
LogInit:      CURL_VERSION_ASYNCHDNS
LogInit:      CURL_VERSION_LARGEFILE
LogInit:      CURL_VERSION_IDN
LogInit:  CurlRequestOptions (configurable via config and command line):
LogInit:  - bVerifyPeer = false  - Libcurl will NOT verify peer certificate
LogInit:  - bUseHttpProxy = false  - Libcurl will NOT use HTTP proxy
LogInit:  - bDontReuseConnections = false  - Libcurl will reuse connections
LogInit:  - CertBundlePath = nullptr  - Libcurl will use whatever was configured at build time.
LogInit:  - MaxHostConnections = 16  - Libcurl will limit the number of connections to a host
LogInit:  - LocalHostAddr = Default
LogInit:  - BufferSize = 65536
LogInit: WinSock: version 1.1 (2.2), MaxSocks=32767, MaxUdp=65467
LogInit: Build: ++UE4+Release-4.20-CL-4233996
LogInit: Engine Version: 4.20.1-4233996+++UE4+Release-4.20
LogInit: Compatible Engine Version: 4.20.0-4212847+++UE4+Release-4.20
LogInit: Net CL: 4212847
LogInit: OS: Windows 10 (), CPU: Intel(R) Core(TM) i7-4790 CPU @ 3.60GHz, GPU: NVIDIA GeForce GTX 780
LogInit: Compiled (64-bit): Jul 26 2018 10:07:30
LogInit: Compiled with Visual C++: 19.13.26129.00
LogInit: Build Configuration: Development
LogInit: Branch Name: ++UE4+Release-4.20
LogInit: Command Line:  
LogInit: Base Directory: C:/Program Files/Epic Games/UE_4.20/Engine/Binaries/Win64/
LogInit: Installed Engine Build: 1
LogDevObjectVersion: Number of dev versions registered: 20
LogDevObjectVersion:   Dev-Blueprints (B0D832E4-1F89-4F0D-ACCF-7EB736FD4AA2): 10
LogDevObjectVersion:   Dev-Build (E1C64328-A22C-4D53-A36C-8E866417BD8C): 0
LogDevObjectVersion:   Dev-Core (375EC13C-06E4-48FB-B500-84F0262A717E): 2
LogDevObjectVersion:   Dev-Editor (E4B068ED-F494-42E9-A231-DA0B2E46BB41): 24
LogDevObjectVersion:   Dev-Framework (CFFC743F-43B0-4480-9391-14DF171D2073): 34
LogDevObjectVersion:   Dev-Mobile (B02B49B5-BB20-44E9-A304-32B752E40360): 2
LogDevObjectVersion:   Dev-Networking (A4E4105C-59A1-49B5-A7C5-40C4547EDFEE): 0
LogDevObjectVersion:   Dev-Online (39C831C9-5AE6-47DC-9A44-9C173E1C8E7C): 0
LogDevObjectVersion:   Dev-Physics (78F01B33-EBEA-4F98-B9B4-84EACCB95AA2): 0
LogDevObjectVersion:   Dev-Platform (6631380F-2D4D-43E0-8009-CF276956A95A): 0
LogDevObjectVersion:   Dev-Rendering (12F88B9F-8875-4AFC-A67C-D90C383ABD29): 26
LogDevObjectVersion:   Dev-Sequencer (7B5AE74C-D270-4C10-A958-57980B212A5A): 9
LogDevObjectVersion:   Dev-VR (D7296918-1DD6-4BDD-9DE2-64A83CC13884): 2
LogDevObjectVersion:   Dev-LoadTimes (C2A15278-BFE7-4AFE-6C17-90FF531DF755): 1
LogDevObjectVersion:   Private-Geometry (6EACA3D4-40EC-4CC1-B786-8BED09428FC5): 3
LogDevObjectVersion:   Dev-AnimPhys (29E575DD-E0A3-4627-9D10-D276232CDCEA): 17
LogDevObjectVersion:   Dev-ReflectionCapture (6B266CEC-1EC7-4B8F-A30B-E4D90942FC07): 1
LogDevObjectVersion:   Dev-Automation (0DF73D61-A23F-47EA-B727-89E90C41499A): 1
LogDevObjectVersion:   FortniteMain (601D1886-AC64-4F84-AA16-D3DE0DEAC7D6): 12
LogDevObjectVersion:   Dev-Enterprise (9DFFBCD6-494F-0158-E221-12823C92A888): 1
LogStreaming: Display: Took  0.012s to delete old logs.
LogInit: Presizing for max 8388607 objects, including 0 objects not considered by GC, pre-allocating 0 bytes for permanent pool.
LogInit: Object subsystem initialized
[2019.02.08-09.25.54:276][  0]LogInit: Selected Device Profile: [Windows]
[2019.02.08-09.25.54:276][  0]LogInit: Applying CVar settings loaded from the selected device profile: [Windows]
[2019.02.08-09.25.54:304][  0]LogHAL: Display: Platform has ~ 16 GB [17080971264 / 17179869184 / 16], which maps to Larger [LargestMinGB=32, LargerMinGB=12, DefaultMinGB=8, SmallerMinGB=6, SmallestMinGB=0)
[2019.02.08-09.25.54:304][  0]LogInit: Setting Device Profile CVar: [[r.Vulkan.UseRealUBs:1]]
[2019.02.08-09.25.54:304][  0]LogInit: Going up to parent DeviceProfile []
[2019.02.08-09.25.54:305][  0]LogInit: Computer: AMTX222-18
[2019.02.08-09.25.54:305][  0]LogInit: User: trj1crt
[2019.02.08-09.25.54:305][  0]LogInit: CPU Page size=4096, Cores=4
[2019.02.08-09.25.54:305][  0]LogInit: High frequency timer resolution =3.507503 MHz
[2019.02.08-09.25.54:305][  0]LogMemory: Memory total: Physical=15.9GB (16GB approx)
[2019.02.08-09.25.54:305][  0]LogMemory: Platform Memory Stats for Windows
[2019.02.08-09.25.54:305][  0]LogMemory: Process Physical Memory: 100.24 MB used, 100.24 MB peak
[2019.02.08-09.25.54:305][  0]LogMemory: Process Virtual Memory: 91.20 MB used, 91.20 MB peak
[2019.02.08-09.25.54:305][  0]LogMemory: Physical Memory: 6278.22 MB used,  10011.46 MB free, 16289.68 MB total
[2019.02.08-09.25.54:305][  0]LogMemory: Virtual Memory: 4640.61 MB used,  10011.46 MB free, 134217728.00 MB total
[2019.02.08-09.25.54:326][  0]LogInit: Using OS detected language (en-GB).
[2019.02.08-09.25.54:326][  0]LogInit: Using OS detected locale (en-GB).
[2019.02.08-09.25.54:327][  0]LogTextLocalizationManager: No specific localization for 'en-GB' exists, so the 'en' localization will be used.
[2019.02.08-09.25.54:720][  0]LogStreaming: Display: Took  0.394s to InitEngineTextLocalization.
[2019.02.08-09.25.54:720][  0]LogInit: Setting process to per monitor DPI aware
[2019.02.08-09.25.54:772][  0]LogSlate: New Slate User Created.  User Index 0, Is Virtual User: 0
[2019.02.08-09.25.54:772][  0]LogSlate: Slate User Registered.  User Index 0, Is Virtual User: 0
[2019.02.08-09.25.55:001][  0]LogHMD: Failed to initialize OpenVR with code 110
[2019.02.08-09.25.55:001][  0]LogD3D11RHI: D3D11 adapters:
[2019.02.08-09.25.55:060][  0]LogD3D11RHI:    0. 'NVIDIA GeForce GTX 780' (Feature Level 11_0)
[2019.02.08-09.25.55:060][  0]LogD3D11RHI:       3029/0/8144 MB DedicatedVideo/DedicatedSystem/SharedSystem, Outputs:2, VendorId:0x10de
[2019.02.08-09.25.55:063][  0]LogD3D11RHI:    1. 'Microsoft Basic Render Driver' (Feature Level 11_0)
[2019.02.08-09.25.55:063][  0]LogD3D11RHI:       0/0/8144 MB DedicatedVideo/DedicatedSystem/SharedSystem, Outputs:0, VendorId:0x1414
[2019.02.08-09.25.55:063][  0]LogD3D11RHI: Chosen D3D11 Adapter: 0
[2019.02.08-09.25.55:071][  0]LogD3D11RHI: Creating new Direct3DDevice
[2019.02.08-09.25.55:071][  0]LogD3D11RHI:     GPU DeviceId: 0x1004 (for the marketing name, search the web for "GPU Device Id")
[2019.02.08-09.25.55:071][  0]LogWindows: EnumDisplayDevices:
[2019.02.08-09.25.55:071][  0]LogWindows:    0. 'NVIDIA GeForce GTX 780' (P:1 D:1)
[2019.02.08-09.25.55:071][  0]LogWindows:    1. 'NVIDIA GeForce GTX 780' (P:0 D:1)
[2019.02.08-09.25.55:071][  0]LogWindows:    2. 'NVIDIA GeForce GTX 780' (P:0 D:0)
[2019.02.08-09.25.55:072][  0]LogWindows:    3. 'NVIDIA GeForce GTX 780' (P:0 D:0)
[2019.02.08-09.25.55:072][  0]LogWindows: DebugString: FoundDriverCount:4 
[2019.02.08-09.25.55:072][  0]LogD3D11RHI:     Adapter Name: NVIDIA GeForce GTX 780
[2019.02.08-09.25.55:072][  0]LogD3D11RHI:   Driver Version: 399.07 (internal:24.21.13.9907, unified:399.07)
[2019.02.08-09.25.55:072][  0]LogD3D11RHI:      Driver Date: 8-21-2018
[2019.02.08-09.25.55:072][  0]LogRHI: Texture pool is 2120 MB (70% of 3029 MB)
[2019.02.08-09.25.55:108][  0]LogD3D11RHI: Async texture creation enabled
[2019.02.08-09.25.55:126][  0]LogD3D11RHI: GPU Timing Frequency: 1000.000000 (Debug: 2 2)
[2019.02.08-09.25.55:130][  0]LogShaderCompilers: Guid format shader working directory is -2 characters bigger than the processId version (../../../../../../Temp/Rhun/castleforce/Castleforce/Intermediate/Shaders/WorkingDirectory/388/).
[2019.02.08-09.25.55:130][  0]LogShaderCompilers: Cleaned the shader compiler working directory 'C:/Users/trj1crt/AppData/Local/Temp/UnrealShaderWorkingDir/F14D1BED45EEFB2A39B73CBD2D244422/'.
[2019.02.08-09.25.55:556][  0]LogTemp: Display: Loaded TP AllDesktopTargetPlatform
[2019.02.08-09.25.55:576][  0]LogTemp: Display: Loaded TP MacClientTargetPlatform
[2019.02.08-09.25.55:593][  0]LogTemp: Display: Loaded TP MacNoEditorTargetPlatform
[2019.02.08-09.25.55:608][  0]LogTemp: Display: Loaded TP MacServerTargetPlatform
[2019.02.08-09.25.55:627][  0]LogTemp: Display: Loaded TP MacTargetPlatform
[2019.02.08-09.25.55:647][  0]LogTemp: Display: Loaded TP WindowsClientTargetPlatform
[2019.02.08-09.25.55:668][  0]LogTemp: Display: Loaded TP WindowsNoEditorTargetPlatform
[2019.02.08-09.25.55:684][  0]LogTemp: Display: Loaded TP WindowsServerTargetPlatform
[2019.02.08-09.25.55:692][  0]LogTemp: Display: Loaded TP WindowsTargetPlatform
[2019.02.08-09.25.55:788][  0]LogTemp: Display: Loaded TP AndroidTargetPlatform
[2019.02.08-09.25.55:788][  0]LogTemp: Display: Loaded TP AndroidTargetPlatform
[2019.02.08-09.25.55:788][  0]LogTemp: Display: Loaded TP AndroidTargetPlatform
[2019.02.08-09.25.55:789][  0]LogTemp: Display: Loaded TP AndroidTargetPlatform
[2019.02.08-09.25.55:789][  0]LogTemp: Display: Loaded TP AndroidTargetPlatform
[2019.02.08-09.25.55:789][  0]LogTemp: Display: Loaded TP AndroidTargetPlatform
[2019.02.08-09.25.55:789][  0]LogTemp: Display: Loaded TP AndroidTargetPlatform
[2019.02.08-09.25.55:789][  0]LogTemp: Display: Loaded TP AndroidTargetPlatform
[2019.02.08-09.25.55:789][  0]LogTemp: Display: Loaded TP AndroidTargetPlatform
[2019.02.08-09.25.55:789][  0]LogTemp: Display: Loaded TP AndroidTargetPlatform
[2019.02.08-09.25.55:789][  0]LogTemp: Display: Loaded TP AndroidTargetPlatform
[2019.02.08-09.25.55:789][  0]LogTemp: Display: Loaded TP AndroidTargetPlatform
[2019.02.08-09.25.55:789][  0]LogTemp: Display: Loaded TP AndroidTargetPlatform
[2019.02.08-09.25.55:789][  0]LogTemp: Display: Loaded TP AndroidTargetPlatform
[2019.02.08-09.25.55:789][  0]LogTemp: Display: Loaded TP AndroidTargetPlatform
[2019.02.08-09.25.55:789][  0]LogTemp: Display: Loaded TP AndroidTargetPlatform
[2019.02.08-09.25.55:789][  0]LogTemp: Display: Loaded TP AndroidTargetPlatform
[2019.02.08-09.25.55:789][  0]LogTemp: Display: Loaded TP AndroidTargetPlatform
[2019.02.08-09.25.55:791][  0]LogTemp: Display: Loaded TP HTML5TargetPlatform
[2019.02.08-09.25.55:862][  0]LogTemp: Display: Loaded TP IOSTargetPlatform
[2019.02.08-09.25.55:862][  0]LogTemp: Display: Loaded TP IOSTargetPlatform
[2019.02.08-09.25.55:885][  0]LogTemp: Display: Loaded TP TVOSTargetPlatform
[2019.02.08-09.25.55:885][  0]LogTemp: Display: Loaded TP TVOSTargetPlatform
[2019.02.08-09.25.55:898][  0]LogTemp: Display: Loaded TP LinuxClientTargetPlatform
[2019.02.08-09.25.55:910][  0]LogTemp: Display: Loaded TP LinuxNoEditorTargetPlatform
[2019.02.08-09.25.55:923][  0]LogTemp: Display: Loaded TP LinuxServerTargetPlatform
[2019.02.08-09.25.55:938][  0]LogTemp: Display: Loaded TP LinuxTargetPlatform
[2019.02.08-09.25.55:948][  0]LogTemp: Display: Loaded TP LuminTargetPlatform
[2019.02.08-09.25.55:948][  0]LogTargetPlatformManager: Display: Building Assets For Windows
[2019.02.08-09.25.56:031][  0]LogXGEController: Cannot use XGE Controller as Incredibuild is not installed on this machine.
[2019.02.08-09.25.56:031][  0]LogShaderCompilers: Cannot use XGE Shader Compiler as Incredibuild is not installed on this machine.
[2019.02.08-09.25.56:031][  0]LogShaderCompilers: Display: Using Local Shader Compiler.
[2019.02.08-09.25.56:852][  0]LogDerivedDataCache: Display: Max Cache Size: 512 MB
[2019.02.08-09.25.56:987][  0]LogDerivedDataCache: Loaded boot cache 0.14s 87MB C:/Users/trj1crt/AppData/Local/UnrealEngine/4.20/DerivedDataCache/Boot.ddc.
[2019.02.08-09.25.56:991][  0]LogDerivedDataCache: Display: Loaded Boot cache: C:/Users/trj1crt/AppData/Local/UnrealEngine/4.20/DerivedDataCache/Boot.ddc
[2019.02.08-09.25.56:992][  0]LogDerivedDataCache: FDerivedDataBackendGraph:  Pak pak cache file ../../../../../../Temp/Rhun/castleforce/Castleforce/DerivedDataCache/DDC.ddp not found, will not use a pak cache.
[2019.02.08-09.25.56:992][  0]LogDerivedDataCache: Unable to find inner node Pak for hierarchical cache Hierarchy.
[2019.02.08-09.25.56:992][  0]LogDerivedDataCache: FDerivedDataBackendGraph:  CompressedPak pak cache file ../../../../../../Temp/Rhun/castleforce/Castleforce/DerivedDataCache/Compressed.ddp not found, will not use a pak cache.
[2019.02.08-09.25.56:992][  0]LogDerivedDataCache: Unable to find inner node CompressedPak for hierarchical cache Hierarchy.
[2019.02.08-09.25.57:006][  0]LogDerivedDataCache: Display: Pak cache opened for reading ../../../Engine/DerivedDataCache/Compressed.ddp.
[2019.02.08-09.25.57:019][  0]LogDerivedDataCache: Using Local data cache path C:/Users/trj1crt/AppData/Local/UnrealEngine/Common/DerivedDataCache: Writable
[2019.02.08-09.25.57:019][  0]LogDerivedDataCache: Shared data cache path not found in *engine.ini, will not use an Shared cache.
[2019.02.08-09.25.57:019][  0]LogDerivedDataCache: Unable to find inner node Shared for hierarchical cache Hierarchy.
[2019.02.08-09.25.57:043][  0]LogMaterial: Verifying Global Shaders for PCD3D_SM5
[2019.02.08-09.25.57:045][  0]LogSlate: Using FreeType 2.6.0
[2019.02.08-09.25.57:045][  0]LogSlate: SlateFontServices - WITH_FREETYPE: 1, WITH_HARFBUZZ: 1
[2019.02.08-09.25.57:128][  0]LogAssetRegistry: FAssetRegistry took 0.0268 seconds to start up
[2019.02.08-09.25.57:505][  0]LogInit: Selected Device Profile: [Windows]
[2019.02.08-09.25.57:650][  0]LogSimplygon: Simplygon DLL not present - disabling.
[2019.02.08-09.25.57:655][  0]LogMeshReduction: Using SimplygonSwarm for distributed automatic mesh merging
[2019.02.08-09.25.57:655][  0]LogMeshReduction: Using ProxyLODMeshReduction for automatic mesh merging
[2019.02.08-09.25.57:655][  0]LogMeshReduction: Using QuadricMeshReduction for automatic static mesh reduction
[2019.02.08-09.25.57:655][  0]LogMeshReduction: No automatic skeletal mesh reduction module available
[2019.02.08-09.25.57:674][  0]LogNetVersion: Castleforce 1.0.0, NetCL: 4212847, EngineNetVer: 5, GameNetVer: 0 (Checksum: 2622368503)
[2019.02.08-09.25.58:591][  0]LogPackageLocalizationCache: Processed 11 localized package path(s) for 2 prioritized culture(s) in 0.479735 seconds
[2019.02.08-09.25.58:601][  0]LogUObjectArray: 38425 objects as part of root set at end of initial load.
[2019.02.08-09.25.58:601][  0]LogUObjectAllocator: 6690864 out of 0 bytes used by permanent object pool.
[2019.02.08-09.25.58:601][  0]LogUObjectArray: CloseDisregardForGC: 0/0 objects in disregard for GC pool
[2019.02.08-09.25.59:520][  0]LogTcpMessaging: Initializing TcpMessaging bridge
[2019.02.08-09.25.59:533][  0]LogUdpMessaging: Initializing bridge on interface 0.0.0.0:0 to multicast group 230.0.0.1:6666.
[2019.02.08-09.25.59:711][  0]SourceControl: Source control is disabled
[2019.02.08-09.25.59:711][  0]SourceControl: Source control is disabled
[2019.02.08-09.25.59:713][  0]SourceControl: Source control is disabled
[2019.02.08-09.25.59:714][  0]SourceControl: Source control is disabled
[2019.02.08-09.25.59:909][  0]LogAndroidPermission: UAndroidPermissionCallbackProxy::GetInstance
[2019.02.08-09.25.59:956][  0]LogOcInput: OculusInput pre-init called
[2019.02.08-09.26.00:015][  0]LogEngine: Initializing Engine...
[2019.02.08-09.26.00:016][  0]LogHMD: Failed to initialize OpenVR with code 110
[2019.02.08-09.26.00:017][  0]LogStats: UGameplayTagsManager::ConstructGameplayTagTree: ImportINI prefixes -  0.000 s
[2019.02.08-09.26.00:017][  0]LogStats: UGameplayTagsManager::ConstructGameplayTagTree: Construct from data asset -  0.000 s
[2019.02.08-09.26.00:017][  0]LogStats: UGameplayTagsManager::ConstructGameplayTagTree: ImportINI -  0.000 s
[2019.02.08-09.26.00:017][  0]LogStats: UGameplayTagsManager::ConstructGameplayTagTree: GameplayTagTreeChangedEvent.Broadcast -  0.000 s
[2019.02.08-09.26.00:230][  0]LogInit: Initializing FReadOnlyCVARCache
[2019.02.08-09.26.00:251][  0]LogAIModule: Creating AISystem for world Untitled
[2019.02.08-09.26.00:271][  0]LogInit: XAudio2 using 'Speakers (High Definition Audio Device)' : 2 channels at 48 kHz using 16 bits per sample (channel mask 0x3)
[2019.02.08-09.26.00:297][  0]LogInit: FAudioDevice initialized.
[2019.02.08-09.26.00:297][  0]LogNetVersion: Set ProjectVersion to 1.0.0.0. Version Checksum will be recalculated on next use.
[2019.02.08-09.26.00:528][  0]LogDerivedDataCache: Saved boot cache 0.23s 87MB C:/Users/trj1crt/AppData/Local/UnrealEngine/4.20/DerivedDataCache/Boot.ddc.
[2019.02.08-09.26.00:552][  0]LogInit: Texture streaming: Enabled
[2019.02.08-09.26.00:574][  0]LogEngineSessionManager: EngineSessionManager initialized
[2019.02.08-09.26.00:594][  0]LogInit: Transaction tracking system initialized
[2019.02.08-09.26.00:638][  0]BlueprintLog: New page: Editor Load
[2019.02.08-09.26.00:768][  0]LocalizationService: Localization service is disabled
[2019.02.08-09.26.01:060][  0]LogCook: Display: Max memory allowance for cook 16384mb min free memory 0mb
[2019.02.08-09.26.01:060][  0]LogCook: Display: Mobile HDR setting 1
[2019.02.08-09.26.01:060][  0]LogGameplayTags: Display: UGameplayTagsManager::DoneAddingNativeTags. DelegateIsBound: 0
[2019.02.08-09.26.01:060][  0]LogStats: UGameplayTagsManager::ConstructGameplayTagTree: ImportINI prefixes -  0.000 s
[2019.02.08-09.26.01:060][  0]LogStats: UGameplayTagsManager::ConstructGameplayTagTree: Construct from data asset -  0.000 s
[2019.02.08-09.26.01:060][  0]LogStats: UGameplayTagsManager::ConstructGameplayTagTree: ImportINI -  0.000 s
[2019.02.08-09.26.01:060][  0]LogStats: UGameplayTagsManager::ConstructGameplayTagTree: GameplayTagTreeChangedEvent.Broadcast -  0.000 s
[2019.02.08-09.26.01:223][  0]LogFileCache: Scanning file cache for directory 'C:/Temp/Rhun/castleforce/Castleforce/Content/' took 0.02s
[2019.02.08-09.26.01:223][  0]SourceControl: Source control is disabled
[2019.02.08-09.26.01:223][  0]Cmd: MAP LOAD FILE="../../../../../../Temp/Rhun/castleforce/Castleforce/Content/Levels/Level1.umap" TEMPLATE=0 SHOWPROGRESS=1 FEATURELEVEL=3
[2019.02.08-09.26.01:224][  0]LightingResults: New page: Lighting Build
[2019.02.08-09.26.01:229][  0]MapCheck: New page: Map Check
[2019.02.08-09.26.01:229][  0]LightingResults: New page: Lighting Build
[2019.02.08-09.26.01:538][  0]LogAIModule: Creating AISystem for world Level1
[2019.02.08-09.26.01:545][  0]LogEditorServer: Finished looking for orphan Actors (0.000 secs)
[2019.02.08-09.26.01:567][  0]Cmd: MAP CHECKDEP NOCLEARLOG
[2019.02.08-09.26.01:662][  0]MapCheck: Map check complete: 0 Error(s), 0 Warning(s), took 95.374ms to complete.
[2019.02.08-09.26.01:662][  0]LogFileHelpers: Loading map 'Level1' took 0.438
[2019.02.08-09.26.01:780][  0]LogSlate: Updating window title bar state: overlay mode, drag disabled, window buttons hidden, title bar hidden
[2019.02.08-09.26.01:790][  0]LogSlate: Updating window title bar state: overlay mode, drag disabled, window buttons hidden, title bar hidden
[2019.02.08-09.26.01:797][  0]LogSlate: Updating window title bar state: overlay mode, drag disabled, window buttons hidden, title bar hidden
[2019.02.08-09.26.01:805][  0]LogSlate: Updating window title bar state: overlay mode, drag disabled, window buttons hidden, title bar hidden
[2019.02.08-09.26.01:813][  0]LogCollectionManager: Loaded 0 collections in 0.002925 seconds
[2019.02.08-09.26.01:860][  0]LogFileCache: Scanning file cache for directory 'C:/Temp/Rhun/castleforce/Castleforce/Saved/Collections/' took 0.01s
[2019.02.08-09.26.01:861][  0]LogFileCache: Scanning file cache for directory 'C:/Temp/Rhun/castleforce/Castleforce/Content/Developers/trj1crt/Collections/' took 0.01s
[2019.02.08-09.26.01:861][  0]LogFileCache: Scanning file cache for directory 'C:/Temp/Rhun/castleforce/Castleforce/Content/Collections/' took 0.01s
[2019.02.08-09.26.01:861][  0]LogCollectionManager: Rebuilt the GUID cache for 0 collections in 0.000001 seconds
[2019.02.08-09.26.01:873][  0]LogContentBrowser: Native class hierarchy populated in 0.0126 seconds. Added 2579 classes and 605 folders.
[2019.02.08-09.26.01:883][  0]LogContentBrowser: Native class hierarchy updated for 'WidgetCarousel' in 0.0004 seconds. Added 0 classes and 0 folders.
[2019.02.08-09.26.01:948][  0]LogContentBrowser: Native class hierarchy updated for 'AddContentDialog' in 0.0004 seconds. Added 0 classes and 0 folders.
[2019.02.08-09.26.01:953][  0]LogContentBrowser: Native class hierarchy updated for 'SceneOutliner' in 0.0004 seconds. Added 1 classes and 2 folders.
[2019.02.08-09.26.01:970][  0]LogSlate: Took 0.000683 seconds to synchronously load lazily loaded font '../../../Engine/Content/Slate/Fonts/Roboto-Regular.ttf' (155K)
[2019.02.08-09.26.01:973][  0]LogSlate: Took 0.000262 seconds to synchronously load lazily loaded font '../../../Engine/Content/Slate/Fonts/Roboto-Bold.ttf' (160K)
[2019.02.08-09.26.01:979][  0]LogSlate: Took 0.000279 seconds to synchronously load lazily loaded font '../../../Engine/Content/Editor/Slate/Fonts/FontAwesome.ttf' (139K)
[2019.02.08-09.26.02:057][  0]LogRenderer: Reallocating scene render targets to support 1208x576 Format 10 NumSamples 1 (Frame:1).
[2019.02.08-09.26.02:225][  0]LogContentBrowser: Native class hierarchy updated for 'HierarchicalLODOutliner' in 0.0005 seconds. Added 0 classes and 0 folders.
[2019.02.08-09.26.02:225][  0]LogLoad: (Engine Initialization) Total time: 10.90 seconds
[2019.02.08-09.26.02:225][  0]LogLoad: (Engine Initialization) Total Blueprint compile time: 0.00 seconds
[2019.02.08-09.26.02:236][  0]LogWindowsTextInputMethodSystem: Display: IME system now deactivated.
[2019.02.08-09.26.02:269][  0]LogContentStreaming: Texture pool size now 3000 MB
[2019.02.08-09.26.02:296][  0]LogSlate: Took 0.000186 seconds to synchronously load lazily loaded font '../../../Engine/Content/Slate/Fonts/Roboto-Light.ttf' (167K)
[2019.02.08-09.26.02:303][  1]LogFileCache: Retrieving MD5 hashes for directory 'C:/Temp/Rhun/castleforce/Castleforce/Content/' took 0.05s
[2019.02.08-09.26.02:315][  1]LogAssetRegistry: Asset discovery search completed in 5.2102 seconds
[2019.02.08-09.26.02:317][  1]LogCollectionManager: Rebuilt the object cache for 0 collections in 0.000000 seconds (found 0 objects)
[2019.02.08-09.26.02:317][  1]LogCollectionManager: Fixed up redirectors for 0 collections in 0.000049 seconds (updated 0 objects)
[2019.02.08-09.26.03:266][ 99]LogSlate: Took 0.000184 seconds to synchronously load lazily loaded font '../../../Engine/Content/Slate/Fonts/Roboto-Light.ttf' (167K)
[2019.02.08-09.26.03:469][123]LogSlate: FSceneViewport::OnFocusLost() reason 0
[2019.02.08-09.26.03:561][134]LogTemp: Repeating last play command: Selected Viewport
[2019.02.08-09.26.03:581][134]LogBlueprintUserMessages: Early PlayInEditor Detection: Level '/Game/Levels/Level1.Level1:PersistentLevel' has LevelScriptBlueprint '/Game/Levels/Level1.Level1:PersistentLevel.Level1' with GeneratedClass '/Game/Levels/Level1.Level1_C' with ClassGeneratedBy '/Game/Levels/Level1.Level1:PersistentLevel.Level1'
[2019.02.08-09.26.03:581][134]LogPlayLevel: PlayLevel: No blueprints needed recompiling
[2019.02.08-09.26.03:593][134]PIE: New page: PIE session: Level1 (8 Feb 2019 09:26:03)
[2019.02.08-09.26.03:593][134]LogPlayLevel: Creating play world package: /Game/Levels/UEDPIE_0_Level1
[2019.02.08-09.26.03:629][134]LogPlayLevel: PIE: StaticDuplicateObject took: (0.035491s)
[2019.02.08-09.26.03:630][134]LogAIModule: Creating AISystem for world Level1
[2019.02.08-09.26.03:630][134]LogPlayLevel: PIE: World Init took: (0.001077s)
[2019.02.08-09.26.03:630][134]LogPlayLevel: PIE: Created PIE world by copying editor world from /Game/Levels/Level1.Level1 to /Game/Levels/UEDPIE_0_Level1.Level1 (0.036753s)
[2019.02.08-09.26.03:656][134]LogInit: XAudio2 using 'Speakers (High Definition Audio Device)' : 2 channels at 48 kHz using 16 bits per sample (channel mask 0x3)
[2019.02.08-09.26.03:666][134]LogInit: FAudioDevice initialized.
[2019.02.08-09.26.03:713][134]LogLoad: Game class is 'CastleforceGameMode'
[2019.02.08-09.26.03:715][134]LogWorld: Bringing World /Game/Levels/UEDPIE_0_Level1.Level1 up for play (max tick rate 0) at 2019.02.08-09.26.03
[2019.02.08-09.26.03:715][134]LogWorld: Bringing up level for play took: 0.000765
[2019.02.08-09.26.03:735][134]LogContentBrowser: Native class hierarchy updated for 'MovieSceneCapture' in 0.0005 seconds. Added 10 classes and 0 folders.
[2019.02.08-09.26.03:736][134]LogPhysics: Warning: UBodySetup::GetCookInfo: Triangle data from '/Game/Levels/UEDPIE_0_Level1.Level1:PersistentLevel.HexTile_C_0.ProceduralMesh' invalid (0 verts, 6 indices).
[2019.02.08-09.26.03:737][134]LogPhysics: Warning: UBodySetup::GetCookInfo: Triangle data from '/Game/Levels/UEDPIE_0_Level1.Level1:PersistentLevel.HexTile_C_1.ProceduralMesh' invalid (0 verts, 6 indices).
[2019.02.08-09.26.03:737][134]LogPhysics: Warning: UBodySetup::GetCookInfo: Triangle data from '/Game/Levels/UEDPIE_0_Level1.Level1:PersistentLevel.HexTile_C_2.ProceduralMesh' invalid (0 verts, 6 indices).
[2019.02.08-09.26.03:737][134]LogPhysics: Warning: UBodySetup::GetCookInfo: Triangle data from '/Game/Levels/UEDPIE_0_Level1.Level1:PersistentLevel.HexTile_C_3.ProceduralMesh' invalid (0 verts, 6 indices).
[2019.02.08-09.26.03:738][134]LogPhysics: Warning: UBodySetup::GetCookInfo: Triangle data from '/Game/Levels/UEDPIE_0_Level1.Level1:PersistentLevel.HexTile_C_4.ProceduralMesh' invalid (0 verts, 6 indices).
[2019.02.08-09.26.03:738][134]LogPhysics: Warning: UBodySetup::GetCookInfo: Triangle data from '/Game/Levels/UEDPIE_0_Level1.Level1:PersistentLevel.HexTile_C_5.ProceduralMesh' invalid (0 verts, 6 indices).
[2019.02.08-09.26.03:738][134]LogPhysics: Warning: UBodySetup::GetCookInfo: Triangle data from '/Game/Levels/UEDPIE_0_Level1.Level1:PersistentLevel.HexTile_C_6.ProceduralMesh' invalid (0 verts, 6 indices).
[2019.02.08-09.26.03:738][134]LogPhysics: Warning: UBodySetup::GetCookInfo: Triangle data from '/Game/Levels/UEDPIE_0_Level1.Level1:PersistentLevel.HexTile_C_7.ProceduralMesh' invalid (0 verts, 6 indices).
[2019.02.08-09.26.03:739][134]LogPhysics: Warning: UBodySetup::GetCookInfo: Triangle data from '/Game/Levels/UEDPIE_0_Level1.Level1:PersistentLevel.HexTile_C_8.ProceduralMesh' invalid (0 verts, 6 indices).
[2019.02.08-09.26.03:739][134]LogPhysics: Warning: UBodySetup::GetCookInfo: Triangle data from '/Game/Levels/UEDPIE_0_Level1.Level1:PersistentLevel.HexTile_C_9.ProceduralMesh' invalid (0 verts, 6 indices).
[2019.02.08-09.26.03:739][134]LogPhysics: Warning: UBodySetup::GetCookInfo: Triangle data from '/Game/Levels/UEDPIE_0_Level1.Level1:PersistentLevel.HexTile_C_10.ProceduralMesh' invalid (0 verts, 6 indices).
[2019.02.08-09.26.03:740][134]LogPhysics: Warning: UBodySetup::GetCookInfo: Triangle data from '/Game/Levels/UEDPIE_0_Level1.Level1:PersistentLevel.HexTile_C_11.ProceduralMesh' invalid (0 verts, 6 indices).
[2019.02.08-09.26.03:740][134]LogPhysics: Warning: UBodySetup::GetCookInfo: Triangle data from '/Game/Levels/UEDPIE_0_Level1.Level1:PersistentLevel.HexTile_C_12.ProceduralMesh' invalid (0 verts, 6 indices).
[2019.02.08-09.26.03:740][134]LogPhysics: Warning: UBodySetup::GetCookInfo: Triangle data from '/Game/Levels/UEDPIE_0_Level1.Level1:PersistentLevel.HexTile_C_13.ProceduralMesh' invalid (0 verts, 6 indices).
[2019.02.08-09.26.03:741][134]LogPhysics: Warning: UBodySetup::GetCookInfo: Triangle data from '/Game/Levels/UEDPIE_0_Level1.Level1:PersistentLevel.HexTile_C_14.ProceduralMesh' invalid (0 verts, 6 indices).
[2019.02.08-09.26.03:741][134]LogPhysics: Warning: UBodySetup::GetCookInfo: Triangle data from '/Game/Levels/UEDPIE_0_Level1.Level1:PersistentLevel.HexTile_C_15.ProceduralMesh' invalid (0 verts, 6 indices).
[2019.02.08-09.26.03:741][134]LogPhysics: Warning: UBodySetup::GetCookInfo: Triangle data from '/Game/Levels/UEDPIE_0_Level1.Level1:PersistentLevel.HexTile_C_16.ProceduralMesh' invalid (0 verts, 6 indices).
[2019.02.08-09.26.03:742][134]LogPhysics: Warning: UBodySetup::GetCookInfo: Triangle data from '/Game/Levels/UEDPIE_0_Level1.Level1:PersistentLevel.HexTile_C_17.ProceduralMesh' invalid (0 verts, 6 indices).
[2019.02.08-09.26.03:742][134]LogPhysics: Warning: UBodySetup::GetCookInfo: Triangle data from '/Game/Levels/UEDPIE_0_Level1.Level1:PersistentLevel.HexTile_C_18.ProceduralMesh' invalid (0 verts, 6 indices).
[2019.02.08-09.26.03:742][134]LogPhysics: Warning: UBodySetup::GetCookInfo: Triangle data from '/Game/Levels/UEDPIE_0_Level1.Level1:PersistentLevel.HexTile_C_19.ProceduralMesh' invalid (0 verts, 6 indices).
[2019.02.08-09.26.03:743][134]LogPhysics: Warning: UBodySetup::GetCookInfo: Triangle data from '/Game/Levels/UEDPIE_0_Level1.Level1:PersistentLevel.HexTile_C_20.ProceduralMesh' invalid (0 verts, 6 indices).
[2019.02.08-09.26.03:743][134]LogPhysics: Warning: UBodySetup::GetCookInfo: Triangle data from '/Game/Levels/UEDPIE_0_Level1.Level1:PersistentLevel.HexTile_C_21.ProceduralMesh' invalid (0 verts, 6 indices).
[2019.02.08-09.26.03:743][134]LogPhysics: Warning: UBodySetup::GetCookInfo: Triangle data from '/Game/Levels/UEDPIE_0_Level1.Level1:PersistentLevel.HexTile_C_22.ProceduralMesh' invalid (0 verts, 6 indices).
[2019.02.08-09.26.03:743][134]LogPhysics: Warning: UBodySetup::GetCookInfo: Triangle data from '/Game/Levels/UEDPIE_0_Level1.Level1:PersistentLevel.HexTile_C_23.ProceduralMesh' invalid (0 verts, 6 indices).
[2019.02.08-09.26.03:746][134]LogPhysics: Warning: UBodySetup::GetCookInfo: Triangle data from '/Game/Levels/UEDPIE_0_Level1.Level1:PersistentLevel.HexTile_C_24.ProceduralMesh' invalid (0 verts, 6 indices).
[2019.02.08-09.26.03:747][134]LogPhysics: Warning: UBodySetup::GetCookInfo: Triangle data from '/Game/Levels/UEDPIE_0_Level1.Level1:PersistentLevel.HexTile_C_25.ProceduralMesh' invalid (0 verts, 6 indices).
[2019.02.08-09.26.03:747][134]LogPhysics: Warning: UBodySetup::GetCookInfo: Triangle data from '/Game/Levels/UEDPIE_0_Level1.Level1:PersistentLevel.HexTile_C_26.ProceduralMesh' invalid (0 verts, 6 indices).
[2019.02.08-09.26.03:747][134]LogPhysics: Warning: UBodySetup::GetCookInfo: Triangle data from '/Game/Levels/UEDPIE_0_Level1.Level1:PersistentLevel.HexTile_C_27.ProceduralMesh' invalid (0 verts, 6 indices).
[2019.02.08-09.26.03:747][134]LogPhysics: Warning: UBodySetup::GetCookInfo: Triangle data from '/Game/Levels/UEDPIE_0_Level1.Level1:PersistentLevel.HexTile_C_28.ProceduralMesh' invalid (0 verts, 6 indices).
[2019.02.08-09.26.03:748][134]LogPhysics: Warning: UBodySetup::GetCookInfo: Triangle data from '/Game/Levels/UEDPIE_0_Level1.Level1:PersistentLevel.HexTile_C_29.ProceduralMesh' invalid (0 verts, 6 indices).
[2019.02.08-09.26.03:748][134]LogPhysics: Warning: UBodySetup::GetCookInfo: Triangle data from '/Game/Levels/UEDPIE_0_Level1.Level1:PersistentLevel.HexTile_C_30.ProceduralMesh' invalid (0 verts, 6 indices).
[2019.02.08-09.26.03:748][134]LogPhysics: Warning: UBodySetup::GetCookInfo: Triangle data from '/Game/Levels/UEDPIE_0_Level1.Level1:PersistentLevel.HexTile_C_31.ProceduralMesh' invalid (0 verts, 6 indices).
[2019.02.08-09.26.03:749][134]LogPhysics: Warning: UBodySetup::GetCookInfo: Triangle data from '/Game/Levels/UEDPIE_0_Level1.Level1:PersistentLevel.HexTile_C_32.ProceduralMesh' invalid (0 verts, 6 indices).
[2019.02.08-09.26.03:749][134]LogPhysics: Warning: UBodySetup::GetCookInfo: Triangle data from '/Game/Levels/UEDPIE_0_Level1.Level1:PersistentLevel.HexTile_C_33.ProceduralMesh' invalid (0 verts, 6 indices).
[2019.02.08-09.26.03:749][134]LogPhysics: Warning: UBodySetup::GetCookInfo: Triangle data from '/Game/Levels/UEDPIE_0_Level1.Level1:PersistentLevel.HexTile_C_34.ProceduralMesh' invalid (0 verts, 6 indices).
[2019.02.08-09.26.03:750][134]LogPhysics: Warning: UBodySetup::GetCookInfo: Triangle data from '/Game/Levels/UEDPIE_0_Level1.Level1:PersistentLevel.HexTile_C_35.ProceduralMesh' invalid (0 verts, 6 indices).
[2019.02.08-09.26.03:750][134]LogPhysics: Warning: UBodySetup::GetCookInfo: Triangle data from '/Game/Levels/UEDPIE_0_Level1.Level1:PersistentLevel.HexTile_C_36.ProceduralMesh' invalid (0 verts, 6 indices).
[2019.02.08-09.26.03:750][134]LogPhysics: Warning: UBodySetup::GetCookInfo: Triangle data from '/Game/Levels/UEDPIE_0_Level1.Level1:PersistentLevel.HexTile_C_37.ProceduralMesh' invalid (0 verts, 6 indices).
[2019.02.08-09.26.03:750][134]LogPhysics: Warning: UBodySetup::GetCookInfo: Triangle data from '/Game/Levels/UEDPIE_0_Level1.Level1:PersistentLevel.HexTile_C_38.ProceduralMesh' invalid (0 verts, 6 indices).
[2019.02.08-09.26.03:751][134]LogPhysics: Warning: UBodySetup::GetCookInfo: Triangle data from '/Game/Levels/UEDPIE_0_Level1.Level1:PersistentLevel.HexTile_C_39.ProceduralMesh' invalid (0 verts, 6 indices).
[2019.02.08-09.26.03:751][134]LogPhysics: Warning: UBodySetup::GetCookInfo: Triangle data from '/Game/Levels/UEDPIE_0_Level1.Level1:PersistentLevel.HexTile_C_40.ProceduralMesh' invalid (0 verts, 6 indices).
[2019.02.08-09.26.03:751][134]LogPhysics: Warning: UBodySetup::GetCookInfo: Triangle data from '/Game/Levels/UEDPIE_0_Level1.Level1:PersistentLevel.HexTile_C_41.ProceduralMesh' invalid (0 verts, 6 indices).
[2019.02.08-09.26.03:752][134]LogPhysics: Warning: UBodySetup::GetCookInfo: Triangle data from '/Game/Levels/UEDPIE_0_Level1.Level1:PersistentLevel.HexTile_C_42.ProceduralMesh' invalid (0 verts, 6 indices).
[2019.02.08-09.26.03:752][134]LogPhysics: Warning: UBodySetup::GetCookInfo: Triangle data from '/Game/Levels/UEDPIE_0_Level1.Level1:PersistentLevel.HexTile_C_43.ProceduralMesh' invalid (0 verts, 6 indices).
[2019.02.08-09.26.03:752][134]LogPhysics: Warning: UBodySetup::GetCookInfo: Triangle data from '/Game/Levels/UEDPIE_0_Level1.Level1:PersistentLevel.HexTile_C_44.ProceduralMesh' invalid (0 verts, 6 indices).
[2019.02.08-09.26.03:752][134]LogPhysics: Warning: UBodySetup::GetCookInfo: Triangle data from '/Game/Levels/UEDPIE_0_Level1.Level1:PersistentLevel.HexTile_C_45.ProceduralMesh' invalid (0 verts, 6 indices).
[2019.02.08-09.26.03:753][134]LogPhysics: Warning: UBodySetup::GetCookInfo: Triangle data from '/Game/Levels/UEDPIE_0_Level1.Level1:PersistentLevel.HexTile_C_46.ProceduralMesh' invalid (0 verts, 6 indices).
[2019.02.08-09.26.03:753][134]LogPhysics: Warning: UBodySetup::GetCookInfo: Triangle data from '/Game/Levels/UEDPIE_0_Level1.Level1:PersistentLevel.HexTile_C_47.ProceduralMesh' invalid (0 verts, 6 indices).
[2019.02.08-09.26.03:753][134]LogPhysics: Warning: UBodySetup::GetCookInfo: Triangle data from '/Game/Levels/UEDPIE_0_Level1.Level1:PersistentLevel.HexTile_C_48.ProceduralMesh' invalid (0 verts, 6 indices).
[2019.02.08-09.26.03:753][134]LogPhysics: Warning: UBodySetup::GetCookInfo: Triangle data from '/Game/Levels/UEDPIE_0_Level1.Level1:PersistentLevel.HexTile_C_49.ProceduralMesh' invalid (0 verts, 6 indices).
[2019.02.08-09.26.03:754][134]LogPhysics: Warning: UBodySetup::GetCookInfo: Triangle data from '/Game/Levels/UEDPIE_0_Level1.Level1:PersistentLevel.HexTile_C_50.ProceduralMesh' invalid (0 verts, 6 indices).
[2019.02.08-09.26.03:754][134]LogPhysics: Warning: UBodySetup::GetCookInfo: Triangle data from '/Game/Levels/UEDPIE_0_Level1.Level1:PersistentLevel.HexTile_C_51.ProceduralMesh' invalid (0 verts, 6 indices).
[2019.02.08-09.26.03:754][134]LogPhysics: Warning: UBodySetup::GetCookInfo: Triangle data from '/Game/Levels/UEDPIE_0_Level1.Level1:PersistentLevel.HexTile_C_52.ProceduralMesh' invalid (0 verts, 6 indices).
[2019.02.08-09.26.03:755][134]LogPhysics: Warning: UBodySetup::GetCookInfo: Triangle data from '/Game/Levels/UEDPIE_0_Level1.Level1:PersistentLevel.HexTile_C_53.ProceduralMesh' invalid (0 verts, 6 indices).
[2019.02.08-09.26.03:755][134]LogPhysics: Warning: UBodySetup::GetCookInfo: Triangle data from '/Game/Levels/UEDPIE_0_Level1.Level1:PersistentLevel.HexTile_C_54.ProceduralMesh' invalid (0 verts, 6 indices).
[2019.02.08-09.26.03:755][134]LogPhysics: Warning: UBodySetup::GetCookInfo: Triangle data from '/Game/Levels/UEDPIE_0_Level1.Level1:PersistentLevel.HexTile_C_55.ProceduralMesh' invalid (0 verts, 6 indices).
[2019.02.08-09.26.03:755][134]LogPhysics: Warning: UBodySetup::GetCookInfo: Triangle data from '/Game/Levels/UEDPIE_0_Level1.Level1:PersistentLevel.HexTile_C_56.ProceduralMesh' invalid (0 verts, 6 indices).
[2019.02.08-09.26.03:756][134]LogPhysics: Warning: UBodySetup::GetCookInfo: Triangle data from '/Game/Levels/UEDPIE_0_Level1.Level1:PersistentLevel.HexTile_C_57.ProceduralMesh' invalid (0 verts, 6 indices).
[2019.02.08-09.26.03:756][134]LogPhysics: Warning: UBodySetup::GetCookInfo: Triangle data from '/Game/Levels/UEDPIE_0_Level1.Level1:PersistentLevel.HexTile_C_58.ProceduralMesh' invalid (0 verts, 6 indices).
[2019.02.08-09.26.03:756][134]LogPhysics: Warning: UBodySetup::GetCookInfo: Triangle data from '/Game/Levels/UEDPIE_0_Level1.Level1:PersistentLevel.HexTile_C_59.ProceduralMesh' invalid (0 verts, 6 indices).
[2019.02.08-09.26.03:756][134]LogPhysics: Warning: UBodySetup::GetCookInfo: Triangle data from '/Game/Levels/UEDPIE_0_Level1.Level1:PersistentLevel.HexTile_C_60.ProceduralMesh' invalid (0 verts, 6 indices).
[2019.02.08-09.26.03:757][134]LogPhysics: Warning: UBodySetup::GetCookInfo: Triangle data from '/Game/Levels/UEDPIE_0_Level1.Level1:PersistentLevel.HexTile_C_61.ProceduralMesh' invalid (0 verts, 6 indices).
[2019.02.08-09.26.03:757][134]LogPhysics: Warning: UBodySetup::GetCookInfo: Triangle data from '/Game/Levels/UEDPIE_0_Level1.Level1:PersistentLevel.HexTile_C_62.ProceduralMesh' invalid (0 verts, 6 indices).
[2019.02.08-09.26.03:757][134]LogPhysics: Warning: UBodySetup::GetCookInfo: Triangle data from '/Game/Levels/UEDPIE_0_Level1.Level1:PersistentLevel.HexTile_C_63.ProceduralMesh' invalid (0 verts, 6 indices).
[2019.02.08-09.26.03:757][134]LogPhysics: Warning: UBodySetup::GetCookInfo: Triangle data from '/Game/Levels/UEDPIE_0_Level1.Level1:PersistentLevel.HexTile_C_64.ProceduralMesh' invalid (0 verts, 6 indices).
[2019.02.08-09.26.03:758][134]LogPhysics: Warning: UBodySetup::GetCookInfo: Triangle data from '/Game/Levels/UEDPIE_0_Level1.Level1:PersistentLevel.HexTile_C_65.ProceduralMesh' invalid (0 verts, 6 indices).
[2019.02.08-09.26.03:758][134]LogPhysics: Warning: UBodySetup::GetCookInfo: Triangle data from '/Game/Levels/UEDPIE_0_Level1.Level1:PersistentLevel.HexTile_C_66.ProceduralMesh' invalid (0 verts, 6 indices).
[2019.02.08-09.26.03:758][134]LogPhysics: Warning: UBodySetup::GetCookInfo: Triangle data from '/Game/Levels/UEDPIE_0_Level1.Level1:PersistentLevel.HexTile_C_67.ProceduralMesh' invalid (0 verts, 6 indices).
[2019.02.08-09.26.03:759][134]LogPhysics: Warning: UBodySetup::GetCookInfo: Triangle data from '/Game/Levels/UEDPIE_0_Level1.Level1:PersistentLevel.HexTile_C_68.ProceduralMesh' invalid (0 verts, 6 indices).
[2019.02.08-09.26.03:759][134]LogPhysics: Warning: UBodySetup::GetCookInfo: Triangle data from '/Game/Levels/UEDPIE_0_Level1.Level1:PersistentLevel.HexTile_C_69.ProceduralMesh' invalid (0 verts, 6 indices).
[2019.02.08-09.26.03:759][134]LogPhysics: Warning: UBodySetup::GetCookInfo: Triangle data from '/Game/Levels/UEDPIE_0_Level1.Level1:PersistentLevel.HexTile_C_70.ProceduralMesh' invalid (0 verts, 6 indices).
[2019.02.08-09.26.03:759][134]LogPhysics: Warning: UBodySetup::GetCookInfo: Triangle data from '/Game/Levels/UEDPIE_0_Level1.Level1:PersistentLevel.HexTile_C_71.ProceduralMesh' invalid (0 verts, 6 indices).
[2019.02.08-09.26.03:760][134]LogPhysics: Warning: UBodySetup::GetCookInfo: Triangle data from '/Game/Levels/UEDPIE_0_Level1.Level1:PersistentLevel.HexTile_C_72.ProceduralMesh' invalid (0 verts, 6 indices).
[2019.02.08-09.26.03:760][134]LogPhysics: Warning: UBodySetup::GetCookInfo: Triangle data from '/Game/Levels/UEDPIE_0_Level1.Level1:PersistentLevel.HexTile_C_73.ProceduralMesh' invalid (0 verts, 6 indices).
[2019.02.08-09.26.03:760][134]LogPhysics: Warning: UBodySetup::GetCookInfo: Triangle data from '/Game/Levels/UEDPIE_0_Level1.Level1:PersistentLevel.HexTile_C_74.ProceduralMesh' invalid (0 verts, 6 indices).
[2019.02.08-09.26.03:761][134]LogPhysics: Warning: UBodySetup::GetCookInfo: Triangle data from '/Game/Levels/UEDPIE_0_Level1.Level1:PersistentLevel.HexTile_C_75.ProceduralMesh' invalid (0 verts, 6 indices).
[2019.02.08-09.26.03:761][134]LogPhysics: Warning: UBodySetup::GetCookInfo: Triangle data from '/Game/Levels/UEDPIE_0_Level1.Level1:PersistentLevel.HexTile_C_76.ProceduralMesh' invalid (0 verts, 6 indices).
[2019.02.08-09.26.03:761][134]LogPhysics: Warning: UBodySetup::GetCookInfo: Triangle data from '/Game/Levels/UEDPIE_0_Level1.Level1:PersistentLevel.HexTile_C_77.ProceduralMesh' invalid (0 verts, 6 indices).
[2019.02.08-09.26.03:762][134]LogPhysics: Warning: UBodySetup::GetCookInfo: Triangle data from '/Game/Levels/UEDPIE_0_Level1.Level1:PersistentLevel.HexTile_C_78.ProceduralMesh' invalid (0 verts, 6 indices).
[2019.02.08-09.26.03:762][134]LogPhysics: Warning: UBodySetup::GetCookInfo: Triangle data from '/Game/Levels/UEDPIE_0_Level1.Level1:PersistentLevel.HexTile_C_79.ProceduralMesh' invalid (0 verts, 6 indices).
[2019.02.08-09.26.03:762][134]LogPhysics: Warning: UBodySetup::GetCookInfo: Triangle data from '/Game/Levels/UEDPIE_0_Level1.Level1:PersistentLevel.HexTile_C_80.ProceduralMesh' invalid (0 verts, 6 indices).
[2019.02.08-09.26.03:763][134]PIE: Play in editor start time for /Game/Levels/UEDPIE_0_Level1 0.037
[2019.02.08-09.26.03:763][134]LogBlueprintUserMessages: Late PlayInEditor Detection: Level '/Game/Levels/Level1.Level1:PersistentLevel' has LevelScriptBlueprint '/Game/Levels/Level1.Level1:PersistentLevel.Level1' with GeneratedClass '/Game/Levels/Level1.Level1_C' with ClassGeneratedBy '/Game/Levels/Level1.Level1:PersistentLevel.Level1'
[2019.02.08-09.26.05:404][311]LogBlueprintUserMessages: Early EndPlayMap Detection: Level '/Game/Levels/Level1.Level1:PersistentLevel' has LevelScriptBlueprint '/Game/Levels/Level1.Level1:PersistentLevel.Level1' with GeneratedClass '/Game/Levels/Level1.Level1_C' with ClassGeneratedBy '/Game/Levels/Level1.Level1:PersistentLevel.Level1'
[2019.02.08-09.26.05:404][311]LogSlate: Updating window title bar state: overlay mode, drag disabled, window buttons hidden, title bar hidden
[2019.02.08-09.26.05:435][311]LogPlayLevel: Display: Shutting down PIE online subsystems
[2019.02.08-09.26.05:436][311]LogBlueprintUserMessages: Late EndPlayMap Detection: Level '/Game/Levels/Level1.Level1:PersistentLevel' has LevelScriptBlueprint '/Game/Levels/Level1.Level1:PersistentLevel.Level1' with GeneratedClass '/Game/Levels/Level1.Level1_C' with ClassGeneratedBy '/Game/Levels/Level1.Level1:PersistentLevel.Level1'
[2019.02.08-09.26.05:455][311]LogSlate: Updating window title bar state: overlay mode, drag disabled, window buttons hidden, title bar hidden
[2019.02.08-09.26.05:511][313]LogPlayLevel: Display: Destroying online subsystem :Context_1
[2019.02.08-09.26.07:025][480]AssetReimport: New page: Outstanding source content changes 09:26:07
[2019.02.08-09.26.07:071][481]LogFactory: FactoryCreateFile: FontFace with FontFileImportFactory (0 0 C:/Temp/Rhun/castleforce/Castleforce/Content/Fonts/Prince Valiant.ttf)
[2019.02.08-09.26.07:117][482]LogSlate: Took 0.000200 seconds to synchronously load lazily loaded font '../../../Engine/Content/Slate/Fonts/Roboto-Light.ttf' (167K)
[2019.02.08-09.26.07:123][482]LogSlate: Took 0.000178 seconds to synchronously load lazily loaded font '../../../Engine/Content/Slate/Fonts/Roboto-Regular.ttf' (155K)
[2019.02.08-09.26.07:149][482]Cmd: OBJ SAVEPACKAGE PACKAGE="/Game/Fonts/Prince_Valiant" FILE="../../../../../../Temp/Rhun/castleforce/Castleforce/Content/Fonts/Prince_Valiant.uasset" SILENT=true
[2019.02.08-09.26.07:172][482]LogSavePackage: Moving '../../../../../../Temp/Rhun/castleforce/Castleforce/Saved/Prince_Valiant147E88A94F2F7D98504E9BB621720705.tmp' to '../../../../../../Temp/Rhun/castleforce/Castleforce/Content/Fonts/Prince_Valiant.uasset'
[2019.02.08-09.26.07:202][482]LogSlate: Took 0.000191 seconds to synchronously load lazily loaded font '../../../Engine/Content/Slate/Fonts/Roboto-Bold.ttf' (160K)
[2019.02.08-09.26.07:206][482]LogSlate: Took 0.000170 seconds to synchronously load lazily loaded font '../../../Engine/Content/Editor/Slate/Fonts/FontAwesome.ttf' (139K)
[2019.02.08-09.26.07:208][482]LogSlate: Took 0.000163 seconds to synchronously load lazily loaded font '../../../Engine/Content/Slate/Fonts/Roboto-Light.ttf' (167K)
[2019.02.08-09.26.08:102][584]LogAssetEditorManager: Opening Asset editor for Blueprint /Game/Blueprints/HexTile.HexTile
[2019.02.08-09.26.08:588][584]LogContentBrowser: Native class hierarchy updated for 'BlueprintGraph' in 0.0008 seconds. Added 116 classes and 0 folders.
[2019.02.08-09.26.09:421][584]LogSlate: Took 0.000176 seconds to synchronously load lazily loaded font '../../../Engine/Content/Slate/Fonts/Roboto-BoldCondensed.ttf' (158K)
[2019.02.08-09.26.09:503][585]LogSlate: Took 0.000267 seconds to synchronously load lazily loaded font '../../../Engine/Content/Slate/Fonts/Roboto-Italic.ttf' (157K)
[2019.02.08-09.26.10:198][642]AssetReimport: Reimported asset Prince_Valiant from C:/Temp/Rhun/castleforce/Castleforce/Content/Fonts/Prince Valiant.ttf.
[2019.02.08-09.26.28:264][630]LogTemp: Repeating last play command: Selected Viewport
[2019.02.08-09.26.28:283][630]LogBlueprintUserMessages: Early PlayInEditor Detection: Level '/Game/Levels/Level1.Level1:PersistentLevel' has LevelScriptBlueprint '/Game/Levels/Level1.Level1:PersistentLevel.Level1' with GeneratedClass '/Game/Levels/Level1.Level1_C' with ClassGeneratedBy '/Game/Levels/Level1.Level1:PersistentLevel.Level1'
[2019.02.08-09.26.28:283][630]LogPlayLevel: PlayLevel: No blueprints needed recompiling
[2019.02.08-09.26.28:283][630]PIE: New page: PIE session: Level1 (8 Feb 2019 09:26:28)
[2019.02.08-09.26.28:283][630]LogPlayLevel: Creating play world package: /Game/Levels/UEDPIE_0_Level1
[2019.02.08-09.26.28:296][630]LogPlayLevel: PIE: StaticDuplicateObject took: (0.012976s)
[2019.02.08-09.26.28:297][630]LogAIModule: Creating AISystem for world Level1
[2019.02.08-09.26.28:297][630]LogPlayLevel: PIE: World Init took: (0.000758s)
[2019.02.08-09.26.28:297][630]LogPlayLevel: PIE: Created PIE world by copying editor world from /Game/Levels/Level1.Level1 to /Game/Levels/UEDPIE_0_Level1.Level1 (0.013870s)
[2019.02.08-09.26.28:335][630]LogInit: XAudio2 using 'Speakers (High Definition Audio Device)' : 2 channels at 48 kHz using 16 bits per sample (channel mask 0x3)
[2019.02.08-09.26.28:345][630]LogInit: FAudioDevice initialized.
[2019.02.08-09.26.28:377][630]LogLoad: Game class is 'CastleforceGameMode'
[2019.02.08-09.26.28:377][630]LogWorld: Bringing World /Game/Levels/UEDPIE_0_Level1.Level1 up for play (max tick rate 0) at 2019.02.08-09.26.28
[2019.02.08-09.26.28:378][630]LogWorld: Bringing up level for play took: 0.000676
[2019.02.08-09.26.28:391][630]LogPhysics: Warning: UBodySetup::GetCookInfo: Triangle data from '/Game/Levels/UEDPIE_0_Level1.Level1:PersistentLevel.HexTile_C_0.ProceduralMesh' invalid (0 verts, 6 indices).
[2019.02.08-09.26.28:392][630]LogPhysics: Warning: UBodySetup::GetCookInfo: Triangle data from '/Game/Levels/UEDPIE_0_Level1.Level1:PersistentLevel.HexTile_C_1.ProceduralMesh' invalid (0 verts, 6 indices).
[2019.02.08-09.26.28:392][630]LogPhysics: Warning: UBodySetup::GetCookInfo: Triangle data from '/Game/Levels/UEDPIE_0_Level1.Level1:PersistentLevel.HexTile_C_2.ProceduralMesh' invalid (0 verts, 6 indices).
[2019.02.08-09.26.28:393][630]LogPhysics: Warning: UBodySetup::GetCookInfo: Triangle data from '/Game/Levels/UEDPIE_0_Level1.Level1:PersistentLevel.HexTile_C_3.ProceduralMesh' invalid (0 verts, 6 indices).
[2019.02.08-09.26.28:393][630]LogPhysics: Warning: UBodySetup::GetCookInfo: Triangle data from '/Game/Levels/UEDPIE_0_Level1.Level1:PersistentLevel.HexTile_C_4.ProceduralMesh' invalid (0 verts, 6 indices).
[2019.02.08-09.26.28:393][630]LogPhysics: Warning: UBodySetup::GetCookInfo: Triangle data from '/Game/Levels/UEDPIE_0_Level1.Level1:PersistentLevel.HexTile_C_5.ProceduralMesh' invalid (0 verts, 6 indices).
[2019.02.08-09.26.28:394][630]LogPhysics: Warning: UBodySetup::GetCookInfo: Triangle data from '/Game/Levels/UEDPIE_0_Level1.Level1:PersistentLevel.HexTile_C_6.ProceduralMesh' invalid (0 verts, 6 indices).
[2019.02.08-09.26.28:394][630]LogPhysics: Warning: UBodySetup::GetCookInfo: Triangle data from '/Game/Levels/UEDPIE_0_Level1.Level1:PersistentLevel.HexTile_C_7.ProceduralMesh' invalid (0 verts, 6 indices).
[2019.02.08-09.26.28:395][630]LogPhysics: Warning: UBodySetup::GetCookInfo: Triangle data from '/Game/Levels/UEDPIE_0_Level1.Level1:PersistentLevel.HexTile_C_8.ProceduralMesh' invalid (0 verts, 6 indices).
[2019.02.08-09.26.28:395][630]LogPhysics: Warning: UBodySetup::GetCookInfo: Triangle data from '/Game/Levels/UEDPIE_0_Level1.Level1:PersistentLevel.HexTile_C_9.ProceduralMesh' invalid (0 verts, 6 indices).
[2019.02.08-09.26.28:395][630]LogPhysics: Warning: UBodySetup::GetCookInfo: Triangle data from '/Game/Levels/UEDPIE_0_Level1.Level1:PersistentLevel.HexTile_C_10.ProceduralMesh' invalid (0 verts, 6 indices).
[2019.02.08-09.26.28:396][630]LogPhysics: Warning: UBodySetup::GetCookInfo: Triangle data from '/Game/Levels/UEDPIE_0_Level1.Level1:PersistentLevel.HexTile_C_11.ProceduralMesh' invalid (0 verts, 6 indices).
[2019.02.08-09.26.28:396][630]LogPhysics: Warning: UBodySetup::GetCookInfo: Triangle data from '/Game/Levels/UEDPIE_0_Level1.Level1:PersistentLevel.HexTile_C_12.ProceduralMesh' invalid (0 verts, 6 indices).
[2019.02.08-09.26.28:396][630]LogPhysics: Warning: UBodySetup::GetCookInfo: Triangle data from '/Game/Levels/UEDPIE_0_Level1.Level1:PersistentLevel.HexTile_C_13.ProceduralMesh' invalid (0 verts, 6 indices).
[2019.02.08-09.26.28:397][630]LogPhysics: Warning: UBodySetup::GetCookInfo: Triangle data from '/Game/Levels/UEDPIE_0_Level1.Level1:PersistentLevel.HexTile_C_14.ProceduralMesh' invalid (0 verts, 6 indices).
[2019.02.08-09.26.28:397][630]LogPhysics: Warning: UBodySetup::GetCookInfo: Triangle data from '/Game/Levels/UEDPIE_0_Level1.Level1:PersistentLevel.HexTile_C_15.ProceduralMesh' invalid (0 verts, 6 indices).
[2019.02.08-09.26.28:397][630]LogPhysics: Warning: UBodySetup::GetCookInfo: Triangle data from '/Game/Levels/UEDPIE_0_Level1.Level1:PersistentLevel.HexTile_C_16.ProceduralMesh' invalid (0 verts, 6 indices).
[2019.02.08-09.26.28:398][630]LogPhysics: Warning: UBodySetup::GetCookInfo: Triangle data from '/Game/Levels/UEDPIE_0_Level1.Level1:PersistentLevel.HexTile_C_17.ProceduralMesh' invalid (0 verts, 6 indices).
[2019.02.08-09.26.28:398][630]LogPhysics: Warning: UBodySetup::GetCookInfo: Triangle data from '/Game/Levels/UEDPIE_0_Level1.Level1:PersistentLevel.HexTile_C_18.ProceduralMesh' invalid (0 verts, 6 indices).
[2019.02.08-09.26.28:399][630]LogPhysics: Warning: UBodySetup::GetCookInfo: Triangle data from '/Game/Levels/UEDPIE_0_Level1.Level1:PersistentLevel.HexTile_C_19.ProceduralMesh' invalid (0 verts, 6 indices).
[2019.02.08-09.26.28:399][630]LogPhysics: Warning: UBodySetup::GetCookInfo: Triangle data from '/Game/Levels/UEDPIE_0_Level1.Level1:PersistentLevel.HexTile_C_20.ProceduralMesh' invalid (0 verts, 6 indices).
[2019.02.08-09.26.28:399][630]LogPhysics: Warning: UBodySetup::GetCookInfo: Triangle data from '/Game/Levels/UEDPIE_0_Level1.Level1:PersistentLevel.HexTile_C_21.ProceduralMesh' invalid (0 verts, 6 indices).
[2019.02.08-09.26.28:399][630]LogPhysics: Warning: UBodySetup::GetCookInfo: Triangle data from '/Game/Levels/UEDPIE_0_Level1.Level1:PersistentLevel.HexTile_C_22.ProceduralMesh' invalid (0 verts, 6 indices).
[2019.02.08-09.26.28:400][630]LogPhysics: Warning: UBodySetup::GetCookInfo: Triangle data from '/Game/Levels/UEDPIE_0_Level1.Level1:PersistentLevel.HexTile_C_23.ProceduralMesh' invalid (0 verts, 6 indices).
[2019.02.08-09.26.28:400][630]LogPhysics: Warning: UBodySetup::GetCookInfo: Triangle data from '/Game/Levels/UEDPIE_0_Level1.Level1:PersistentLevel.HexTile_C_24.ProceduralMesh' invalid (0 verts, 6 indices).
[2019.02.08-09.26.28:400][630]LogPhysics: Warning: UBodySetup::GetCookInfo: Triangle data from '/Game/Levels/UEDPIE_0_Level1.Level1:PersistentLevel.HexTile_C_25.ProceduralMesh' invalid (0 verts, 6 indices).
[2019.02.08-09.26.28:401][630]LogPhysics: Warning: UBodySetup::GetCookInfo: Triangle data from '/Game/Levels/UEDPIE_0_Level1.Level1:PersistentLevel.HexTile_C_26.ProceduralMesh' invalid (0 verts, 6 indices).
[2019.02.08-09.26.28:401][630]LogPhysics: Warning: UBodySetup::GetCookInfo: Triangle data from '/Game/Levels/UEDPIE_0_Level1.Level1:PersistentLevel.HexTile_C_27.ProceduralMesh' invalid (0 verts, 6 indices).
[2019.02.08-09.26.28:401][630]LogPhysics: Warning: UBodySetup::GetCookInfo: Triangle data from '/Game/Levels/UEDPIE_0_Level1.Level1:PersistentLevel.HexTile_C_28.ProceduralMesh' invalid (0 verts, 6 indices).
[2019.02.08-09.26.28:402][630]LogPhysics: Warning: UBodySetup::GetCookInfo: Triangle data from '/Game/Levels/UEDPIE_0_Level1.Level1:PersistentLevel.HexTile_C_29.ProceduralMesh' invalid (0 verts, 6 indices).
[2019.02.08-09.26.28:402][630]LogPhysics: Warning: UBodySetup::GetCookInfo: Triangle data from '/Game/Levels/UEDPIE_0_Level1.Level1:PersistentLevel.HexTile_C_30.ProceduralMesh' invalid (0 verts, 6 indices).
[2019.02.08-09.26.28:403][630]LogPhysics: Warning: UBodySetup::GetCookInfo: Triangle data from '/Game/Levels/UEDPIE_0_Level1.Level1:PersistentLevel.HexTile_C_31.ProceduralMesh' invalid (0 verts, 6 indices).
[2019.02.08-09.26.28:403][630]LogPhysics: Warning: UBodySetup::GetCookInfo: Triangle data from '/Game/Levels/UEDPIE_0_Level1.Level1:PersistentLevel.HexTile_C_32.ProceduralMesh' invalid (0 verts, 6 indices).
[2019.02.08-09.26.28:403][630]LogPhysics: Warning: UBodySetup::GetCookInfo: Triangle data from '/Game/Levels/UEDPIE_0_Level1.Level1:PersistentLevel.HexTile_C_33.ProceduralMesh' invalid (0 verts, 6 indices).
[2019.02.08-09.26.28:404][630]LogPhysics: Warning: UBodySetup::GetCookInfo: Triangle data from '/Game/Levels/UEDPIE_0_Level1.Level1:PersistentLevel.HexTile_C_34.ProceduralMesh' invalid (0 verts, 6 indices).
[2019.02.08-09.26.28:404][630]LogPhysics: Warning: UBodySetup::GetCookInfo: Triangle data from '/Game/Levels/UEDPIE_0_Level1.Level1:PersistentLevel.HexTile_C_35.ProceduralMesh' invalid (0 verts, 6 indices).
[2019.02.08-09.26.28:404][630]LogPhysics: Warning: UBodySetup::GetCookInfo: Triangle data from '/Game/Levels/UEDPIE_0_Level1.Level1:PersistentLevel.HexTile_C_36.ProceduralMesh' invalid (0 verts, 6 indices).
[2019.02.08-09.26.28:405][630]LogPhysics: Warning: UBodySetup::GetCookInfo: Triangle data from '/Game/Levels/UEDPIE_0_Level1.Level1:PersistentLevel.HexTile_C_37.ProceduralMesh' invalid (0 verts, 6 indices).
[2019.02.08-09.26.28:405][630]LogPhysics: Warning: UBodySetup::GetCookInfo: Triangle data from '/Game/Levels/UEDPIE_0_Level1.Level1:PersistentLevel.HexTile_C_38.ProceduralMesh' invalid (0 verts, 6 indices).
[2019.02.08-09.26.28:406][630]LogPhysics: Warning: UBodySetup::GetCookInfo: Triangle data from '/Game/Levels/UEDPIE_0_Level1.Level1:PersistentLevel.HexTile_C_39.ProceduralMesh' invalid (0 verts, 6 indices).
[2019.02.08-09.26.28:406][630]LogPhysics: Warning: UBodySetup::GetCookInfo: Triangle data from '/Game/Levels/UEDPIE_0_Level1.Level1:PersistentLevel.HexTile_C_40.ProceduralMesh' invalid (0 verts, 6 indices).
[2019.02.08-09.26.28:406][630]LogPhysics: Warning: UBodySetup::GetCookInfo: Triangle data from '/Game/Levels/UEDPIE_0_Level1.Level1:PersistentLevel.HexTile_C_41.ProceduralMesh' invalid (0 verts, 6 indices).
[2019.02.08-09.26.28:407][630]LogPhysics: Warning: UBodySetup::GetCookInfo: Triangle data from '/Game/Levels/UEDPIE_0_Level1.Level1:PersistentLevel.HexTile_C_42.ProceduralMesh' invalid (0 verts, 6 indices).
[2019.02.08-09.26.28:407][630]LogPhysics: Warning: UBodySetup::GetCookInfo: Triangle data from '/Game/Levels/UEDPIE_0_Level1.Level1:PersistentLevel.HexTile_C_43.ProceduralMesh' invalid (0 verts, 6 indices).
[2019.02.08-09.26.28:407][630]LogPhysics: Warning: UBodySetup::GetCookInfo: Triangle data from '/Game/Levels/UEDPIE_0_Level1.Level1:PersistentLevel.HexTile_C_44.ProceduralMesh' invalid (0 verts, 6 indices).
[2019.02.08-09.26.28:408][630]LogPhysics: Warning: UBodySetup::GetCookInfo: Triangle data from '/Game/Levels/UEDPIE_0_Level1.Level1:PersistentLevel.HexTile_C_45.ProceduralMesh' invalid (0 verts, 6 indices).
[2019.02.08-09.26.28:408][630]LogPhysics: Warning: UBodySetup::GetCookInfo: Triangle data from '/Game/Levels/UEDPIE_0_Level1.Level1:PersistentLevel.HexTile_C_46.ProceduralMesh' invalid (0 verts, 6 indices).
[2019.02.08-09.26.28:408][630]LogPhysics: Warning: UBodySetup::GetCookInfo: Triangle data from '/Game/Levels/UEDPIE_0_Level1.Level1:PersistentLevel.HexTile_C_47.ProceduralMesh' invalid (0 verts, 6 indices).
[2019.02.08-09.26.28:409][630]LogPhysics: Warning: UBodySetup::GetCookInfo: Triangle data from '/Game/Levels/UEDPIE_0_Level1.Level1:PersistentLevel.HexTile_C_48.ProceduralMesh' invalid (0 verts, 6 indices).
[2019.02.08-09.26.28:409][630]LogPhysics: Warning: UBodySetup::GetCookInfo: Triangle data from '/Game/Levels/UEDPIE_0_Level1.Level1:PersistentLevel.HexTile_C_49.ProceduralMesh' invalid (0 verts, 6 indices).
[2019.02.08-09.26.28:409][630]LogPhysics: Warning: UBodySetup::GetCookInfo: Triangle data from '/Game/Levels/UEDPIE_0_Level1.Level1:PersistentLevel.HexTile_C_50.ProceduralMesh' invalid (0 verts, 6 indices).
[2019.02.08-09.26.28:409][630]LogPhysics: Warning: UBodySetup::GetCookInfo: Triangle data from '/Game/Levels/UEDPIE_0_Level1.Level1:PersistentLevel.HexTile_C_51.ProceduralMesh' invalid (0 verts, 6 indices).
[2019.02.08-09.26.28:410][630]LogPhysics: Warning: UBodySetup::GetCookInfo: Triangle data from '/Game/Levels/UEDPIE_0_Level1.Level1:PersistentLevel.HexTile_C_52.ProceduralMesh' invalid (0 verts, 6 indices).
[2019.02.08-09.26.28:410][630]LogPhysics: Warning: UBodySetup::GetCookInfo: Triangle data from '/Game/Levels/UEDPIE_0_Level1.Level1:PersistentLevel.HexTile_C_53.ProceduralMesh' invalid (0 verts, 6 indices).
[2019.02.08-09.26.28:410][630]LogPhysics: Warning: UBodySetup::GetCookInfo: Triangle data from '/Game/Levels/UEDPIE_0_Level1.Level1:PersistentLevel.HexTile_C_54.ProceduralMesh' invalid (0 verts, 6 indices).
[2019.02.08-09.26.28:410][630]LogPhysics: Warning: UBodySetup::GetCookInfo: Triangle data from '/Game/Levels/UEDPIE_0_Level1.Level1:PersistentLevel.HexTile_C_55.ProceduralMesh' invalid (0 verts, 6 indices).
[2019.02.08-09.26.28:411][630]LogPhysics: Warning: UBodySetup::GetCookInfo: Triangle data from '/Game/Levels/UEDPIE_0_Level1.Level1:PersistentLevel.HexTile_C_56.ProceduralMesh' invalid (0 verts, 6 indices).
[2019.02.08-09.26.28:411][630]LogPhysics: Warning: UBodySetup::GetCookInfo: Triangle data from '/Game/Levels/UEDPIE_0_Level1.Level1:PersistentLevel.HexTile_C_57.ProceduralMesh' invalid (0 verts, 6 indices).
[2019.02.08-09.26.28:411][630]LogPhysics: Warning: UBodySetup::GetCookInfo: Triangle data from '/Game/Levels/UEDPIE_0_Level1.Level1:PersistentLevel.HexTile_C_58.ProceduralMesh' invalid (0 verts, 6 indices).
[2019.02.08-09.26.28:412][630]LogPhysics: Warning: UBodySetup::GetCookInfo: Triangle data from '/Game/Levels/UEDPIE_0_Level1.Level1:PersistentLevel.HexTile_C_59.ProceduralMesh' invalid (0 verts, 6 indices).
[2019.02.08-09.26.28:412][630]LogPhysics: Warning: UBodySetup::GetCookInfo: Triangle data from '/Game/Levels/UEDPIE_0_Level1.Level1:PersistentLevel.HexTile_C_60.ProceduralMesh' invalid (0 verts, 6 indices).
[2019.02.08-09.26.28:412][630]LogPhysics: Warning: UBodySetup::GetCookInfo: Triangle data from '/Game/Levels/UEDPIE_0_Level1.Level1:PersistentLevel.HexTile_C_61.ProceduralMesh' invalid (0 verts, 6 indices).
[2019.02.08-09.26.28:412][630]LogPhysics: Warning: UBodySetup::GetCookInfo: Triangle data from '/Game/Levels/UEDPIE_0_Level1.Level1:PersistentLevel.HexTile_C_62.ProceduralMesh' invalid (0 verts, 6 indices).
[2019.02.08-09.26.28:413][630]LogPhysics: Warning: UBodySetup::GetCookInfo: Triangle data from '/Game/Levels/UEDPIE_0_Level1.Level1:PersistentLevel.HexTile_C_63.ProceduralMesh' invalid (0 verts, 6 indices).
[2019.02.08-09.26.28:413][630]LogPhysics: Warning: UBodySetup::GetCookInfo: Triangle data from '/Game/Levels/UEDPIE_0_Level1.Level1:PersistentLevel.HexTile_C_64.ProceduralMesh' invalid (0 verts, 6 indices).
[2019.02.08-09.26.28:413][630]LogPhysics: Warning: UBodySetup::GetCookInfo: Triangle data from '/Game/Levels/UEDPIE_0_Level1.Level1:PersistentLevel.HexTile_C_65.ProceduralMesh' invalid (0 verts, 6 indices).
[2019.02.08-09.26.28:413][630]LogPhysics: Warning: UBodySetup::GetCookInfo: Triangle data from '/Game/Levels/UEDPIE_0_Level1.Level1:PersistentLevel.HexTile_C_66.ProceduralMesh' invalid (0 verts, 6 indices).
[2019.02.08-09.26.28:414][630]LogPhysics: Warning: UBodySetup::GetCookInfo: Triangle data from '/Game/Levels/UEDPIE_0_Level1.Level1:PersistentLevel.HexTile_C_67.ProceduralMesh' invalid (0 verts, 6 indices).
[2019.02.08-09.26.28:414][630]LogPhysics: Warning: UBodySetup::GetCookInfo: Triangle data from '/Game/Levels/UEDPIE_0_Level1.Level1:PersistentLevel.HexTile_C_68.ProceduralMesh' invalid (0 verts, 6 indices).
[2019.02.08-09.26.28:414][630]LogPhysics: Warning: UBodySetup::GetCookInfo: Triangle data from '/Game/Levels/UEDPIE_0_Level1.Level1:PersistentLevel.HexTile_C_69.ProceduralMesh' invalid (0 verts, 6 indices).
[2019.02.08-09.26.28:415][630]LogPhysics: Warning: UBodySetup::GetCookInfo: Triangle data from '/Game/Levels/UEDPIE_0_Level1.Level1:PersistentLevel.HexTile_C_70.ProceduralMesh' invalid (0 verts, 6 indices).
[2019.02.08-09.26.28:415][630]LogPhysics: Warning: UBodySetup::GetCookInfo: Triangle data from '/Game/Levels/UEDPIE_0_Level1.Level1:PersistentLevel.HexTile_C_71.ProceduralMesh' invalid (0 verts, 6 indices).
[2019.02.08-09.26.28:415][630]LogPhysics: Warning: UBodySetup::GetCookInfo: Triangle data from '/Game/Levels/UEDPIE_0_Level1.Level1:PersistentLevel.HexTile_C_72.ProceduralMesh' invalid (0 verts, 6 indices).
[2019.02.08-09.26.28:416][630]LogPhysics: Warning: UBodySetup::GetCookInfo: Triangle data from '/Game/Levels/UEDPIE_0_Level1.Level1:PersistentLevel.HexTile_C_73.ProceduralMesh' invalid (0 verts, 6 indices).
[2019.02.08-09.26.28:416][630]LogPhysics: Warning: UBodySetup::GetCookInfo: Triangle data from '/Game/Levels/UEDPIE_0_Level1.Level1:PersistentLevel.HexTile_C_74.ProceduralMesh' invalid (0 verts, 6 indices).
[2019.02.08-09.26.28:416][630]LogPhysics: Warning: UBodySetup::GetCookInfo: Triangle data from '/Game/Levels/UEDPIE_0_Level1.Level1:PersistentLevel.HexTile_C_75.ProceduralMesh' invalid (0 verts, 6 indices).
[2019.02.08-09.26.28:416][630]LogPhysics: Warning: UBodySetup::GetCookInfo: Triangle data from '/Game/Levels/UEDPIE_0_Level1.Level1:PersistentLevel.HexTile_C_76.ProceduralMesh' invalid (0 verts, 6 indices).
[2019.02.08-09.26.28:417][630]LogPhysics: Warning: UBodySetup::GetCookInfo: Triangle data from '/Game/Levels/UEDPIE_0_Level1.Level1:PersistentLevel.HexTile_C_77.ProceduralMesh' invalid (0 verts, 6 indices).
[2019.02.08-09.26.28:417][630]LogPhysics: Warning: UBodySetup::GetCookInfo: Triangle data from '/Game/Levels/UEDPIE_0_Level1.Level1:PersistentLevel.HexTile_C_78.ProceduralMesh' invalid (0 verts, 6 indices).
[2019.02.08-09.26.28:417][630]LogPhysics: Warning: UBodySetup::GetCookInfo: Triangle data from '/Game/Levels/UEDPIE_0_Level1.Level1:PersistentLevel.HexTile_C_79.ProceduralMesh' invalid (0 verts, 6 indices).
[2019.02.08-09.26.28:418][630]LogPhysics: Warning: UBodySetup::GetCookInfo: Triangle data from '/Game/Levels/UEDPIE_0_Level1.Level1:PersistentLevel.HexTile_C_80.ProceduralMesh' invalid (0 verts, 6 indices).
[2019.02.08-09.26.28:418][630]PIE: Play in editor start time for /Game/Levels/UEDPIE_0_Level1 0.693
[2019.02.08-09.26.28:418][630]LogBlueprintUserMessages: Late PlayInEditor Detection: Level '/Game/Levels/Level1.Level1:PersistentLevel' has LevelScriptBlueprint '/Game/Levels/Level1.Level1:PersistentLevel.Level1' with GeneratedClass '/Game/Levels/Level1.Level1_C' with ClassGeneratedBy '/Game/Levels/Level1.Level1:PersistentLevel.Level1'
[2019.02.08-09.26.43:280][135]LogSlate: Window 'Choose New StaticMesh Location' being destroyed
[2019.02.08-09.26.43:285][135]LogWindows: Windows GetLastError: The operation completed successfully. (0)
[2019.02.08-09.27.12:323][135]LogWindows: Error: === Critical error: ===
[2019.02.08-09.27.12:323][135]LogWindows: Error: 
[2019.02.08-09.27.12:323][135]LogWindows: Error: Assertion failed: (Index >= 0) & (Index < ArrayNum) [File:D:\Build\++UE4\Sync\Engine\Source\Runtime\Core\Public\Containers/Array.h] [Line: 611] 
[2019.02.08-09.27.12:323][135]LogWindows: Error: Array index out of bounds: -1 from an array of size 0
[2019.02.08-09.27.12:323][135]LogWindows: Error: 
[2019.02.08-09.27.12:323][135]LogWindows: Error: 
[2019.02.08-09.27.12:323][135]LogWindows: Error: [Callstack] 0x00007ff92625a388 KERNELBASE.dll!UnknownFunction []
[2019.02.08-09.27.12:323][135]LogWindows: Error: [Callstack] 0x00007ff8edd76850 UE4Editor-ApplicationCore.dll!UnknownFunction []
[2019.02.08-09.27.12:323][135]LogWindows: Error: [Callstack] 0x00007ff8e19962ec UE4Editor-Core.dll!UnknownFunction []
[2019.02.08-09.27.12:323][135]LogWindows: Error: [Callstack] 0x00007ff8e19251cb UE4Editor-Core.dll!UnknownFunction []
[2019.02.08-09.27.12:323][135]LogWindows: Error: [Callstack] 0x00007ff8c68b627f UE4Editor-ProceduralMeshComponentEditor.dll!UnknownFunction []
[2019.02.08-09.27.12:323][135]LogWindows: Error: [Callstack] 0x00007ff8c68b85ff UE4Editor-ProceduralMeshComponentEditor.dll!UnknownFunction []
[2019.02.08-09.27.12:323][135]LogWindows: Error: [Callstack] 0x00007ff8dfd39c3b UE4Editor-Slate.dll!UnknownFunction []
[2019.02.08-09.27.12:323][135]LogWindows: Error: [Callstack] 0x00007ff8dfb294c5 UE4Editor-Slate.dll!UnknownFunction []
[2019.02.08-09.27.12:323][135]LogWindows: Error: [Callstack] 0x00007ff8dfbc1db2 UE4Editor-Slate.dll!UnknownFunction []
[2019.02.08-09.27.12:323][135]LogWindows: Error: [Callstack] 0x00007ff8dfba7c7a UE4Editor-Slate.dll!UnknownFunction []
[2019.02.08-09.27.12:323][135]LogWindows: Error: [Callstack] 0x00007ff8dfb9b25c UE4Editor-Slate.dll!UnknownFunction []
[2019.02.08-09.27.12:323][135]LogWindows: Error: [Callstack] 0x00007ff8edd6d1c7 UE4Editor-ApplicationCore.dll!UnknownFunction []
[2019.02.08-09.27.12:323][135]LogWindows: Error: [Callstack] 0x00007ff8edd60270 UE4Editor-ApplicationCore.dll!UnknownFunction []
[2019.02.08-09.27.12:323][135]LogWindows: Error: [Callstack] 0x00007ff8edd6f4c5 UE4Editor-ApplicationCore.dll!UnknownFunction []
[2019.02.08-09.27.12:323][135]LogWindows: Error: [Callstack] 0x00007ff8edd5c209 UE4Editor-ApplicationCore.dll!UnknownFunction []
[2019.02.08-09.27.12:323][135]LogWindows: Error: [Callstack] 0x00007ff926ba6d41 USER32.dll!UnknownFunction []
[2019.02.08-09.27.12:323][135]LogWindows: Error: [Callstack] 0x00007ff926ba6713 USER32.dll!UnknownFunction []
[2019.02.08-09.27.12:323][135]LogWindows: Error: [Callstack] 0x00007ff8edd70646 UE4Editor-ApplicationCore.dll!UnknownFunction []
[2019.02.08-09.27.12:323][135]LogWindows: Error: [Callstack] 0x00007ff6c08a54e5 UE4Editor.exe!UnknownFunction []
[2019.02.08-09.27.12:323][135]LogWindows: Error: [Callstack] 0x00007ff6c08b5b3c UE4Editor.exe!UnknownFunction []
[2019.02.08-09.27.12:323][135]LogWindows: Error: [Callstack] 0x00007ff6c08b5bba UE4Editor.exe!UnknownFunction []
[2019.02.08-09.27.12:323][135]LogWindows: Error: [Callstack] 0x00007ff6c08c3dac UE4Editor.exe!UnknownFunction []
[2019.02.08-09.27.12:323][135]LogWindows: Error: [Callstack] 0x00007ff6c08c5aaa UE4Editor.exe!UnknownFunction []
[2019.02.08-09.27.12:323][135]LogWindows: Error: [Callstack] 0x00007ff929543034 KERNEL32.DLL!UnknownFunction []
[2019.02.08-09.27.12:323][135]LogWindows: Error: [Callstack] 0x00007ff929693691 ntdll.dll!UnknownFunction []
[2019.02.08-09.27.12:323][135]LogWindows: Error: 
[2019.02.08-09.27.12:336][135]LogExit: Executing StaticShutdownAfterError
[2019.02.08-09.27.12:353][135]LogWindows: FPlatformMisc::RequestExit(1)
[2019.02.08-09.27.12:391][135]Log file closed, 02/08/19 09:27:12
