Log file open, 02/15/19 10:47:11
LogWindows: Failed to load 'aqProf.dll' (GetLastError=126)
LogWindows: File 'aqProf.dll' does not exist
LogWindows: Failed to load 'VtuneApi.dll' (GetLastError=126)
LogWindows: File 'VtuneApi.dll' does not exist
LogWindows: Failed to load 'VtuneApi32e.dll' (GetLastError=126)
LogWindows: File 'VtuneApi32e.dll' does not exist
LogInit: Display: Running engine for game: Castleforce
LogPlatformFile: Not using cached read wrapper
LogTaskGraph: Started task graph with 5 named threads and 23 total threads with 3 sets of task threads.
LogStats: Stats thread started at 0.300707
LogD3D11RHI: Loaded GFSDK_Aftermath_Lib.x64.dll
LogICUInternationalization: Display: ICU TimeZone Detection - Raw Offset: +0:00, Platform Override: ''
LogPluginManager: Warning: Engine version string in ../../../../../../Temp/Rhun/castleforce/Castleforce/Plugins/SimplexNoise-master/SimplexNoise.uplugin could not be parsed ("4.10")
LogPluginManager: Mounting plugin Paper2D
LogPluginManager: Mounting plugin AISupport
LogPluginManager: Mounting plugin LightPropagationVolume
LogPluginManager: Mounting plugin CLionSourceCodeAccess
LogPluginManager: Mounting plugin CodeLiteSourceCodeAccess
LogPluginManager: Mounting plugin GitSourceControl
LogPluginManager: Mounting plugin KDevelopSourceCodeAccess
LogPluginManager: Mounting plugin NullSourceCodeAccess
LogPluginManager: Mounting plugin PerforceSourceControl
LogPluginManager: Mounting plugin SubversionSourceControl
LogPluginManager: Mounting plugin UObjectPlugin
LogPluginManager: Mounting plugin VisualStudioCodeSourceCodeAccess
LogPluginManager: Mounting plugin VisualStudioSourceCodeAccess
LogPluginManager: Mounting plugin XCodeSourceCodeAccess
LogPluginManager: Mounting plugin AssetManagerEditor
LogPluginManager: Mounting plugin CryptoKeys
LogPluginManager: Mounting plugin DataValidation
LogPluginManager: Mounting plugin FacialAnimation
LogPluginManager: Mounting plugin GameplayTagsEditor
LogPluginManager: Mounting plugin MacGraphicsSwitching
LogPluginManager: Mounting plugin MeshEditor
LogPluginManager: Mounting plugin MobileLauncherProfileWizard
LogPluginManager: Mounting plugin PluginBrowser
LogPluginManager: Mounting plugin SpeedTreeImporter
LogPluginManager: Mounting plugin DatasmithContent
LogPluginManager: Mounting plugin AlembicImporter
LogPluginManager: Mounting plugin AppleImageUtils
LogPluginManager: Mounting plugin AppleVision
LogPluginManager: Mounting plugin BackChannel
LogPluginManager: Mounting plugin CharacterAI
LogPluginManager: Mounting plugin GeometryCache
LogPluginManager: Mounting plugin HTML5Networking
LogPluginManager: Mounting plugin ProxyLODPlugin
LogPluginManager: Mounting plugin MagicLeap
LogPluginManager: Mounting plugin MagicLeapEmulator
LogPluginManager: Mounting plugin MagicLeapMedia
LogPluginManager: Mounting plugin AndroidMedia
LogPluginManager: Mounting plugin AvfMedia
LogPluginManager: Mounting plugin ImgMedia
LogPluginManager: Mounting plugin LinearTimecode
LogPluginManager: Mounting plugin MediaCompositing
LogPluginManager: Mounting plugin MediaPlayerEditor
LogPluginManager: Mounting plugin WmfMedia
LogPluginManager: Mounting plugin TcpMessaging
LogPluginManager: Mounting plugin UdpMessaging
LogPluginManager: Mounting plugin ActorSequence
LogPluginManager: Mounting plugin LevelSequenceEditor
LogPluginManager: Mounting plugin MatineeToLevelSequence
LogPluginManager: Mounting plugin NetcodeUnitTest
LogPluginManager: Mounting plugin NUTUnrealEngine4
LogPluginManager: Mounting plugin OnlineSubsystemGooglePlay
LogPluginManager: Mounting plugin OnlineSubsystemIOS
LogPluginManager: Mounting plugin OnlineSubsystem
LogPluginManager: Mounting plugin OnlineSubsystemNull
LogPluginManager: Mounting plugin OnlineSubsystemUtils
LogPluginManager: Mounting plugin LauncherChunkInstaller
LogPluginManager: Mounting plugin AndroidDeviceProfileSelector
LogPluginManager: Mounting plugin AndroidMoviePlayer
LogPluginManager: Mounting plugin AndroidPermission
LogPluginManager: Mounting plugin AppleMoviePlayer
LogPluginManager: Mounting plugin ArchVisCharacter
LogPluginManager: Mounting plugin AudioCapture
LogPluginManager: Mounting plugin CableComponent
LogPluginManager: Mounting plugin CustomMeshComponent
LogPluginManager: Mounting plugin EditableMesh
LogPluginManager: Mounting plugin ExampleDeviceProfileSelector
LogPluginManager: Mounting plugin GoogleCloudMessaging
LogPluginManager: Mounting plugin ImmediatePhysics
LogPluginManager: Mounting plugin IOSDeviceProfileSelector
LogPluginManager: Mounting plugin LinuxDeviceProfileSelector
LogPluginManager: Mounting plugin LocationServicesBPLibrary
LogPluginManager: Mounting plugin MobilePatchingUtils
LogPluginManager: Mounting plugin OculusVR
LogPluginManager: Plugin shader directory ../../../Engine/Plugins/Runtime/Oculus/OculusVR/Shaders found
LogPluginManager: Mapping shader source directory ../../../Engine/Plugins/Runtime/Oculus/OculusVR/Shaders to virtual directory /Plugin/OculusVR
LogPluginManager: Mounting plugin PhysXVehicles
LogPluginManager: Mounting plugin ProceduralMeshComponent
LogPluginManager: Mounting plugin RuntimePhysXCooking
LogPluginManager: Mounting plugin SteamVR
LogPluginManager: Mounting plugin WindowsMoviePlayer
LogPluginManager: Mounting plugin SimplexNoise
LogStreaming: Display: Took  0.212s to configure plugins.
LogInit: Warning: Incompatible or missing module: SimplexNoise
Running C:/Program Files/Epic Games/UE_4.20/Engine/Binaries/DotNET/UnrealBuildTool.exe Development Win64 -Project="C:/Temp/Rhun/castleforce/Castleforce/Castleforce.uproject" -TargetType=Editor -Progress -NoHotReloadFromIDE
Performing full C++ include scan (building a new target)
Using 'git status' to determine working set for adaptive non-unity build.
Creating makefile for CastleforceEditor (no existing makefile)
Using Visual Studio 2017 14.15.26726 toolchain (C:\Program Files (x86)\Microsoft Visual Studio\2017\Enterprise\VC\Tools\MSVC\14.15.26726) and Windows 10.0.15063.0 SDK (C:\Program Files (x86)\Windows Kits\10).
@progress push 5%
Parsing headers for CastleforceEditor
  Running UnrealHeaderTool "C:\Temp\Rhun\castleforce\Castleforce\Castleforce.uproject" "C:\Temp\Rhun\castleforce\Castleforce\Intermediate\Build\Win64\CastleforceEditor\Development\CastleforceEditor.uhtmanifest" -LogCmds="loginit warning, logexit warning, logdatabase error" -Unattended -WarningsAsErrors -installed
LogPluginManager: Warning: Engine version string in ../../../../../../Temp/Rhun/castleforce/Castleforce/Plugins/SimplexNoise-master/SimplexNoise.uplugin could not be parsed ("4.10")
Reflection code generated for CastleforceEditor in 11.1975617 seconds
@progress pop
Deleting old hot reload file: "C:\Temp\Rhun\castleforce\Castleforce\Binaries\Win64\UE4Editor-Castleforce-131.dll".
Deleting old hot reload file: "C:\Temp\Rhun\castleforce\Castleforce\Binaries\Win64\UE4Editor-Castleforce-131.pdb".
Deleting old hot reload file: "C:\Temp\Rhun\castleforce\Castleforce\Binaries\Win64\UE4Editor-Castleforce-2600.dll".
Deleting old hot reload file: "C:\Temp\Rhun\castleforce\Castleforce\Binaries\Win64\UE4Editor-Castleforce-2600.pdb".
Deleting old hot reload file: "C:\Temp\Rhun\castleforce\Castleforce\Binaries\Win64\UE4Editor-Castleforce-5132.dll".
Deleting old hot reload file: "C:\Temp\Rhun\castleforce\Castleforce\Binaries\Win64\UE4Editor-Castleforce-5132.pdb".
Deleting old hot reload file: "C:\Temp\Rhun\castleforce\Castleforce\Binaries\Win64\UE4Editor-Castleforce-5507.dll".
Deleting old hot reload file: "C:\Temp\Rhun\castleforce\Castleforce\Binaries\Win64\UE4Editor-Castleforce-5507.pdb".
Deleting old hot reload file: "C:\Temp\Rhun\castleforce\Castleforce\Binaries\Win64\UE4Editor-Castleforce-583.dll".
Deleting old hot reload file: "C:\Temp\Rhun\castleforce\Castleforce\Binaries\Win64\UE4Editor-Castleforce-583.pdb".
Deleting old hot reload file: "C:\Temp\Rhun\castleforce\Castleforce\Binaries\Win64\UE4Editor-Castleforce-590.dll".
Deleting old hot reload file: "C:\Temp\Rhun\castleforce\Castleforce\Binaries\Win64\UE4Editor-Castleforce-590.pdb".
Deleting old hot reload file: "C:\Temp\Rhun\castleforce\Castleforce\Binaries\Win64\UE4Editor-Castleforce-6441.dll".
Deleting old hot reload file: "C:\Temp\Rhun\castleforce\Castleforce\Binaries\Win64\UE4Editor-Castleforce-6441.pdb".
Deleting old hot reload file: "C:\Temp\Rhun\castleforce\Castleforce\Binaries\Win64\UE4Editor-Castleforce-6594.dll".
Deleting old hot reload file: "C:\Temp\Rhun\castleforce\Castleforce\Binaries\Win64\UE4Editor-Castleforce-6594.pdb".
Deleting old hot reload file: "C:\Temp\Rhun\castleforce\Castleforce\Binaries\Win64\UE4Editor-Castleforce-7013.dll".
Deleting old hot reload file: "C:\Temp\Rhun\castleforce\Castleforce\Binaries\Win64\UE4Editor-Castleforce-7013.pdb".
Deleting old hot reload file: "C:\Temp\Rhun\castleforce\Castleforce\Binaries\Win64\UE4Editor-Castleforce-7134.dll".
Deleting old hot reload file: "C:\Temp\Rhun\castleforce\Castleforce\Binaries\Win64\UE4Editor-Castleforce-7134.pdb".
Building 7 actions with 8 processes...
  @progress 'Compiling C++ source code...' 0%
  @progress 'Compiling C++ source code...' 14%
  [1/7] UE4Editor-Castleforce.lib
     Creating library C:\Temp\Rhun\castleforce\Castleforce\Intermediate\Build\Win64\UE4Editor\Development\Castleforce\UE4Editor-Castleforce.lib and object C:\Temp\Rhun\castleforce\Castleforce\Intermediate\Build\Win64\UE4Editor\Development\Castleforce\UE4Editor-Castleforce.exp
  @progress 'Compiling C++ source code...' 29%
  [2/7] PCLaunch.rc
  @progress 'Compiling C++ source code...' 43%
  [3/7] Module.SimplexNoise.gen.cpp
  @progress 'Compiling C++ source code...' 57%
  [4/7] UE4Editor-Castleforce.dll
     Creating library C:\Temp\Rhun\castleforce\Castleforce\Intermediate\Build\Win64\UE4Editor\Development\Castleforce\UE4Editor-Castleforce.suppressed.lib and object C:\Temp\Rhun\castleforce\Castleforce\Intermediate\Build\Win64\UE4Editor\Development\Castleforce\UE4Editor-Castleforce.suppressed.exp
  @progress 'Compiling C++ source code...' 71%
  [5/7] Module.SimplexNoise.cpp
  @progress 'Compiling C++ source code...' 86%
  [6/7] UE4Editor-SimplexNoise.lib
     Creating library C:\Temp\Rhun\castleforce\Castleforce\Plugins\SimplexNoise-master\Intermediate\Build\Win64\UE4Editor\Development\SimplexNoise\UE4Editor-SimplexNoise.lib and object C:\Temp\Rhun\castleforce\Castleforce\Plugins\SimplexNoise-master\Intermediate\Build\Win64\UE4Editor\Development\SimplexNoise\UE4Editor-SimplexNoise.exp
  @progress 'Compiling C++ source code...' 100%
  [7/7] UE4Editor-SimplexNoise.dll
     Creating library C:\Temp\Rhun\castleforce\Castleforce\Plugins\SimplexNoise-master\Intermediate\Build\Win64\UE4Editor\Development\SimplexNoise\UE4Editor-SimplexNoise.suppressed.lib and object C:\Temp\Rhun\castleforce\Castleforce\Plugins\SimplexNoise-master\Intermediate\Build\Win64\UE4Editor\Development\SimplexNoise\UE4Editor-SimplexNoise.suppressed.exp
Total build time: 31.62 seconds (Parallel executor: 12.40 seconds)
LogInit: Using libcurl 7.55.1-DEV
LogInit:  - built for x86_64-pc-win32
LogInit:  - supports SSL with OpenSSL/1.0.2h
LogInit:  - supports HTTP deflate (compression) using libz 1.2.8
LogInit:  - other features:
LogInit:      CURL_VERSION_SSL
LogInit:      CURL_VERSION_LIBZ
LogInit:      CURL_VERSION_IPV6
LogInit:      CURL_VERSION_ASYNCHDNS
LogInit:      CURL_VERSION_LARGEFILE
LogInit:      CURL_VERSION_IDN
LogInit:  CurlRequestOptions (configurable via config and command line):
LogInit:  - bVerifyPeer = false  - Libcurl will NOT verify peer certificate
LogInit:  - bUseHttpProxy = false  - Libcurl will NOT use HTTP proxy
LogInit:  - bDontReuseConnections = false  - Libcurl will reuse connections
LogInit:  - CertBundlePath = nullptr  - Libcurl will use whatever was configured at build time.
LogInit:  - MaxHostConnections = 16  - Libcurl will limit the number of connections to a host
LogInit:  - LocalHostAddr = Default
LogInit:  - BufferSize = 65536
LogInit: WinSock: version 1.1 (2.2), MaxSocks=32767, MaxUdp=65467
LogInit: Build: ++UE4+Release-4.20-CL-4369336
LogInit: Engine Version: 4.20.3-4369336+++UE4+Release-4.20
LogInit: Compatible Engine Version: 4.20.0-4212847+++UE4+Release-4.20
LogInit: Net CL: 4212847
LogInit: OS: Windows 10 (), CPU: Intel(R) Core(TM) i7-4790 CPU @ 3.60GHz, GPU: NVIDIA GeForce GTX 780
LogInit: Compiled (64-bit): Sep 17 2018 12:26:19
LogInit: Compiled with Visual C++: 19.13.26129.00
LogInit: Build Configuration: Development
LogInit: Branch Name: ++UE4+Release-4.20
LogInit: Command Line:  
LogInit: Base Directory: C:/Program Files/Epic Games/UE_4.20/Engine/Binaries/Win64/
LogInit: Installed Engine Build: 1
LogDevObjectVersion: Number of dev versions registered: 20
LogDevObjectVersion:   Dev-Blueprints (B0D832E4-1F89-4F0D-ACCF-7EB736FD4AA2): 10
LogDevObjectVersion:   Dev-Build (E1C64328-A22C-4D53-A36C-8E866417BD8C): 0
LogDevObjectVersion:   Dev-Core (375EC13C-06E4-48FB-B500-84F0262A717E): 2
LogDevObjectVersion:   Dev-Editor (E4B068ED-F494-42E9-A231-DA0B2E46BB41): 24
LogDevObjectVersion:   Dev-Framework (CFFC743F-43B0-4480-9391-14DF171D2073): 34
LogDevObjectVersion:   Dev-Mobile (B02B49B5-BB20-44E9-A304-32B752E40360): 2
LogDevObjectVersion:   Dev-Networking (A4E4105C-59A1-49B5-A7C5-40C4547EDFEE): 0
LogDevObjectVersion:   Dev-Online (39C831C9-5AE6-47DC-9A44-9C173E1C8E7C): 0
LogDevObjectVersion:   Dev-Physics (78F01B33-EBEA-4F98-B9B4-84EACCB95AA2): 0
LogDevObjectVersion:   Dev-Platform (6631380F-2D4D-43E0-8009-CF276956A95A): 0
LogDevObjectVersion:   Dev-Rendering (12F88B9F-8875-4AFC-A67C-D90C383ABD29): 26
LogDevObjectVersion:   Dev-Sequencer (7B5AE74C-D270-4C10-A958-57980B212A5A): 9
LogDevObjectVersion:   Dev-VR (D7296918-1DD6-4BDD-9DE2-64A83CC13884): 2
LogDevObjectVersion:   Dev-LoadTimes (C2A15278-BFE7-4AFE-6C17-90FF531DF755): 1
LogDevObjectVersion:   Private-Geometry (6EACA3D4-40EC-4CC1-B786-8BED09428FC5): 3
LogDevObjectVersion:   Dev-AnimPhys (29E575DD-E0A3-4627-9D10-D276232CDCEA): 17
LogDevObjectVersion:   Dev-ReflectionCapture (6B266CEC-1EC7-4B8F-A30B-E4D90942FC07): 1
LogDevObjectVersion:   Dev-Automation (0DF73D61-A23F-47EA-B727-89E90C41499A): 1
LogDevObjectVersion:   FortniteMain (601D1886-AC64-4F84-AA16-D3DE0DEAC7D6): 12
LogDevObjectVersion:   Dev-Enterprise (9DFFBCD6-494F-0158-E221-12823C92A888): 1
LogStreaming: Display: Took  0.023s to delete old logs.
LogInit: Presizing for max 8388607 objects, including 0 objects not considered by GC, pre-allocating 0 bytes for permanent pool.
LogInit: Object subsystem initialized
[2019.02.15-10.47.47:939][  0]LogInit: Selected Device Profile: [Windows]
[2019.02.15-10.47.47:940][  0]LogInit: Applying CVar settings loaded from the selected device profile: [Windows]
[2019.02.15-10.47.47:973][  0]LogHAL: Display: Platform has ~ 16 GB [17080971264 / 17179869184 / 16], which maps to Larger [LargestMinGB=32, LargerMinGB=12, DefaultMinGB=8, SmallerMinGB=6, SmallestMinGB=0)
[2019.02.15-10.47.47:973][  0]LogInit: Setting Device Profile CVar: [[r.Vulkan.UseRealUBs:1]]
[2019.02.15-10.47.47:973][  0]LogInit: Going up to parent DeviceProfile []
[2019.02.15-10.47.47:974][  0]LogInit: Computer: AMTX222-19
[2019.02.15-10.47.47:974][  0]LogInit: User: trj1crt
[2019.02.15-10.47.47:974][  0]LogInit: CPU Page size=4096, Cores=4
[2019.02.15-10.47.47:974][  0]LogInit: High frequency timer resolution =3.507501 MHz
[2019.02.15-10.47.47:974][  0]LogMemory: Memory total: Physical=15.9GB (16GB approx)
[2019.02.15-10.47.47:974][  0]LogMemory: Platform Memory Stats for Windows
[2019.02.15-10.47.47:974][  0]LogMemory: Process Physical Memory: 104.46 MB used, 104.46 MB peak
[2019.02.15-10.47.47:974][  0]LogMemory: Process Virtual Memory: 91.74 MB used, 91.74 MB peak
[2019.02.15-10.47.47:974][  0]LogMemory: Physical Memory: 6708.44 MB used,  9581.25 MB free, 16289.68 MB total
[2019.02.15-10.47.47:974][  0]LogMemory: Virtual Memory: 4686.08 MB used,  9581.25 MB free, 134217728.00 MB total
[2019.02.15-10.47.48:001][  0]LogInit: Using OS detected language (en-GB).
[2019.02.15-10.47.48:001][  0]LogInit: Using OS detected locale (en-GB).
[2019.02.15-10.47.48:002][  0]LogTextLocalizationManager: No specific localization for 'en-GB' exists, so the 'en' localization will be used.
[2019.02.15-10.47.48:344][  0]LogStreaming: Display: Took  0.343s to InitEngineTextLocalization.
[2019.02.15-10.47.48:344][  0]LogInit: Setting process to per monitor DPI aware
[2019.02.15-10.47.48:380][  0]LogSlate: New Slate User Created.  User Index 0, Is Virtual User: 0
[2019.02.15-10.47.48:380][  0]LogSlate: Slate User Registered.  User Index 0, Is Virtual User: 0
[2019.02.15-10.47.48:588][  0]LogHMD: Failed to initialize OpenVR with code 110
[2019.02.15-10.47.48:588][  0]LogD3D11RHI: D3D11 adapters:
[2019.02.15-10.47.48:644][  0]LogD3D11RHI:    0. 'NVIDIA GeForce GTX 780' (Feature Level 11_0)
[2019.02.15-10.47.48:644][  0]LogD3D11RHI:       3029/0/8144 MB DedicatedVideo/DedicatedSystem/SharedSystem, Outputs:2, VendorId:0x10de
[2019.02.15-10.47.48:647][  0]LogD3D11RHI:    1. 'Microsoft Basic Render Driver' (Feature Level 11_0)
[2019.02.15-10.47.48:647][  0]LogD3D11RHI:       0/0/8144 MB DedicatedVideo/DedicatedSystem/SharedSystem, Outputs:0, VendorId:0x1414
[2019.02.15-10.47.48:647][  0]LogD3D11RHI: Chosen D3D11 Adapter: 0
[2019.02.15-10.47.48:653][  0]LogD3D11RHI: Creating new Direct3DDevice
[2019.02.15-10.47.48:653][  0]LogD3D11RHI:     GPU DeviceId: 0x1004 (for the marketing name, search the web for "GPU Device Id")
[2019.02.15-10.47.48:653][  0]LogWindows: EnumDisplayDevices:
[2019.02.15-10.47.48:653][  0]LogWindows:    0. 'NVIDIA GeForce GTX 780' (P:1 D:1)
[2019.02.15-10.47.48:654][  0]LogWindows:    1. 'NVIDIA GeForce GTX 780' (P:0 D:1)
[2019.02.15-10.47.48:654][  0]LogWindows:    2. 'NVIDIA GeForce GTX 780' (P:0 D:0)
[2019.02.15-10.47.48:654][  0]LogWindows:    3. 'NVIDIA GeForce GTX 780' (P:0 D:0)
[2019.02.15-10.47.48:655][  0]LogWindows: DebugString: FoundDriverCount:4 
[2019.02.15-10.47.48:655][  0]LogD3D11RHI:     Adapter Name: NVIDIA GeForce GTX 780
[2019.02.15-10.47.48:655][  0]LogD3D11RHI:   Driver Version: 399.07 (internal:24.21.13.9907, unified:399.07)
[2019.02.15-10.47.48:655][  0]LogD3D11RHI:      Driver Date: 8-21-2018
[2019.02.15-10.47.48:655][  0]LogRHI: Texture pool is 2120 MB (70% of 3029 MB)
[2019.02.15-10.47.48:691][  0]LogD3D11RHI: Async texture creation enabled
[2019.02.15-10.47.48:708][  0]LogD3D11RHI: GPU Timing Frequency: 1000.000000 (Debug: 2 2)
[2019.02.15-10.47.48:711][  0]LogShaderCompilers: Guid format shader working directory is -4 characters bigger than the processId version (../../../../../../Temp/Rhun/castleforce/Castleforce/Intermediate/Shaders/WorkingDirectory/13336/).
[2019.02.15-10.47.48:711][  0]LogShaderCompilers: Cleaned the shader compiler working directory 'C:/Users/trj1crt/AppData/Local/Temp/UnrealShaderWorkingDir/A462F6CC4FBC7DB930137C8F21C05015/'.
[2019.02.15-10.47.49:033][  0]LogTemp: Display: Loaded TP AllDesktopTargetPlatform
[2019.02.15-10.47.49:047][  0]LogTemp: Display: Loaded TP MacClientTargetPlatform
[2019.02.15-10.47.49:061][  0]LogTemp: Display: Loaded TP MacNoEditorTargetPlatform
[2019.02.15-10.47.49:075][  0]LogTemp: Display: Loaded TP MacServerTargetPlatform
[2019.02.15-10.47.49:088][  0]LogTemp: Display: Loaded TP MacTargetPlatform
[2019.02.15-10.47.49:102][  0]LogTemp: Display: Loaded TP WindowsClientTargetPlatform
[2019.02.15-10.47.49:116][  0]LogTemp: Display: Loaded TP WindowsNoEditorTargetPlatform
[2019.02.15-10.47.49:130][  0]LogTemp: Display: Loaded TP WindowsServerTargetPlatform
[2019.02.15-10.47.49:137][  0]LogTemp: Display: Loaded TP WindowsTargetPlatform
[2019.02.15-10.47.49:210][  0]LogTemp: Display: Loaded TP AndroidTargetPlatform
[2019.02.15-10.47.49:210][  0]LogTemp: Display: Loaded TP AndroidTargetPlatform
[2019.02.15-10.47.49:210][  0]LogTemp: Display: Loaded TP AndroidTargetPlatform
[2019.02.15-10.47.49:210][  0]LogTemp: Display: Loaded TP AndroidTargetPlatform
[2019.02.15-10.47.49:210][  0]LogTemp: Display: Loaded TP AndroidTargetPlatform
[2019.02.15-10.47.49:210][  0]LogTemp: Display: Loaded TP AndroidTargetPlatform
[2019.02.15-10.47.49:210][  0]LogTemp: Display: Loaded TP AndroidTargetPlatform
[2019.02.15-10.47.49:210][  0]LogTemp: Display: Loaded TP AndroidTargetPlatform
[2019.02.15-10.47.49:210][  0]LogTemp: Display: Loaded TP AndroidTargetPlatform
[2019.02.15-10.47.49:211][  0]LogTemp: Display: Loaded TP AndroidTargetPlatform
[2019.02.15-10.47.49:211][  0]LogTemp: Display: Loaded TP AndroidTargetPlatform
[2019.02.15-10.47.49:211][  0]LogTemp: Display: Loaded TP AndroidTargetPlatform
[2019.02.15-10.47.49:211][  0]LogTemp: Display: Loaded TP AndroidTargetPlatform
[2019.02.15-10.47.49:211][  0]LogTemp: Display: Loaded TP AndroidTargetPlatform
[2019.02.15-10.47.49:211][  0]LogTemp: Display: Loaded TP AndroidTargetPlatform
[2019.02.15-10.47.49:211][  0]LogTemp: Display: Loaded TP AndroidTargetPlatform
[2019.02.15-10.47.49:211][  0]LogTemp: Display: Loaded TP AndroidTargetPlatform
[2019.02.15-10.47.49:211][  0]LogTemp: Display: Loaded TP AndroidTargetPlatform
[2019.02.15-10.47.49:212][  0]LogTemp: Display: Loaded TP HTML5TargetPlatform
[2019.02.15-10.47.49:270][  0]LogTemp: Display: Loaded TP IOSTargetPlatform
[2019.02.15-10.47.49:270][  0]LogTemp: Display: Loaded TP IOSTargetPlatform
[2019.02.15-10.47.49:292][  0]LogTemp: Display: Loaded TP TVOSTargetPlatform
[2019.02.15-10.47.49:292][  0]LogTemp: Display: Loaded TP TVOSTargetPlatform
[2019.02.15-10.47.49:304][  0]LogTemp: Display: Loaded TP LinuxClientTargetPlatform
[2019.02.15-10.47.49:315][  0]LogTemp: Display: Loaded TP LinuxNoEditorTargetPlatform
[2019.02.15-10.47.49:327][  0]LogTemp: Display: Loaded TP LinuxServerTargetPlatform
[2019.02.15-10.47.49:339][  0]LogTemp: Display: Loaded TP LinuxTargetPlatform
[2019.02.15-10.47.49:348][  0]LogTemp: Display: Loaded TP LuminTargetPlatform
[2019.02.15-10.47.49:348][  0]LogTargetPlatformManager: Display: Building Assets For Windows
[2019.02.15-10.47.49:429][  0]LogXGEController: Cleaning working directory: C:/Users/trj1crt/AppData/Local/Temp/UnrealXGEWorkingDir/
[2019.02.15-10.47.49:429][  0]LogXGEController: Cannot use XGE Controller as Incredibuild is not installed on this machine.
[2019.02.15-10.47.49:429][  0]LogShaderCompilers: Cannot use XGE Shader Compiler as Incredibuild is not installed on this machine.
[2019.02.15-10.47.49:429][  0]LogShaderCompilers: Display: Using Local Shader Compiler.
[2019.02.15-10.47.50:161][  0]LogDerivedDataCache: Display: Max Cache Size: 512 MB
[2019.02.15-10.47.50:242][  0]LogDerivedDataCache: Loaded boot cache 0.08s 71MB C:/Users/trj1crt/AppData/Local/UnrealEngine/4.20/DerivedDataCache/Boot.ddc.
[2019.02.15-10.47.50:242][  0]LogDerivedDataCache: Display: Loaded Boot cache: C:/Users/trj1crt/AppData/Local/UnrealEngine/4.20/DerivedDataCache/Boot.ddc
[2019.02.15-10.47.50:242][  0]LogDerivedDataCache: FDerivedDataBackendGraph:  Pak pak cache file ../../../../../../Temp/Rhun/castleforce/Castleforce/DerivedDataCache/DDC.ddp not found, will not use a pak cache.
[2019.02.15-10.47.50:242][  0]LogDerivedDataCache: Unable to find inner node Pak for hierarchical cache Hierarchy.
[2019.02.15-10.47.50:243][  0]LogDerivedDataCache: FDerivedDataBackendGraph:  CompressedPak pak cache file ../../../../../../Temp/Rhun/castleforce/Castleforce/DerivedDataCache/Compressed.ddp not found, will not use a pak cache.
[2019.02.15-10.47.50:243][  0]LogDerivedDataCache: Unable to find inner node CompressedPak for hierarchical cache Hierarchy.
[2019.02.15-10.47.50:254][  0]LogDerivedDataCache: Display: Pak cache opened for reading ../../../Engine/DerivedDataCache/Compressed.ddp.
[2019.02.15-10.47.50:267][  0]LogDerivedDataCache: Using Local data cache path C:/Users/trj1crt/AppData/Local/UnrealEngine/Common/DerivedDataCache: Writable
[2019.02.15-10.47.50:267][  0]LogDerivedDataCache: Shared data cache path not found in *engine.ini, will not use an Shared cache.
[2019.02.15-10.47.50:267][  0]LogDerivedDataCache: Unable to find inner node Shared for hierarchical cache Hierarchy.
[2019.02.15-10.47.50:285][  0]LogMaterial: Verifying Global Shaders for PCD3D_SM5
[2019.02.15-10.47.50:288][  0]LogSlate: Using FreeType 2.6.0
[2019.02.15-10.47.50:290][  0]LogSlate: SlateFontServices - WITH_FREETYPE: 1, WITH_HARFBUZZ: 1
[2019.02.15-10.47.50:390][  0]LogAssetRegistry: FAssetRegistry took 0.0266 seconds to start up
[2019.02.15-10.47.50:710][  0]LogInit: Selected Device Profile: [Windows]
[2019.02.15-10.47.50:836][  0]LogSimplygon: Simplygon DLL not present - disabling.
[2019.02.15-10.47.50:841][  0]LogMeshReduction: Using SimplygonSwarm for distributed automatic mesh merging
[2019.02.15-10.47.50:841][  0]LogMeshReduction: Using ProxyLODMeshReduction for automatic mesh merging
[2019.02.15-10.47.50:841][  0]LogMeshReduction: Using QuadricMeshReduction for automatic static mesh reduction
[2019.02.15-10.47.50:841][  0]LogMeshReduction: No automatic skeletal mesh reduction module available
[2019.02.15-10.47.50:860][  0]LogNetVersion: Castleforce 1.0.0, NetCL: 4212847, EngineNetVer: 5, GameNetVer: 0 (Checksum: 2622368503)
[2019.02.15-10.47.51:444][  0]LogPackageLocalizationCache: Processed 11 localized package path(s) for 2 prioritized culture(s) in 0.179177 seconds
[2019.02.15-10.47.51:450][  0]LogUObjectArray: 38425 objects as part of root set at end of initial load.
[2019.02.15-10.47.51:450][  0]LogUObjectAllocator: 6690872 out of 0 bytes used by permanent object pool.
[2019.02.15-10.47.51:450][  0]LogUObjectArray: CloseDisregardForGC: 0/0 objects in disregard for GC pool
[2019.02.15-10.47.52:358][  0]LogTcpMessaging: Initializing TcpMessaging bridge
[2019.02.15-10.47.52:371][  0]LogUdpMessaging: Initializing bridge on interface 0.0.0.0:0 to multicast group 230.0.0.1:6666.
[2019.02.15-10.47.52:574][  0]SourceControl: Source control is disabled
[2019.02.15-10.47.52:574][  0]SourceControl: Source control is disabled
[2019.02.15-10.47.52:575][  0]SourceControl: Source control is disabled
[2019.02.15-10.47.52:577][  0]SourceControl: Source control is disabled
[2019.02.15-10.47.52:796][  0]LogAndroidPermission: UAndroidPermissionCallbackProxy::GetInstance
[2019.02.15-10.47.52:878][  0]LogOcInput: OculusInput pre-init called
[2019.02.15-10.47.52:943][  0]LogEngine: Initializing Engine...
[2019.02.15-10.47.52:944][  0]LogHMD: Failed to initialize OpenVR with code 110
[2019.02.15-10.47.52:945][  0]LogStats: UGameplayTagsManager::ConstructGameplayTagTree: ImportINI prefixes -  0.000 s
[2019.02.15-10.47.52:945][  0]LogStats: UGameplayTagsManager::ConstructGameplayTagTree: Construct from data asset -  0.000 s
[2019.02.15-10.47.52:945][  0]LogStats: UGameplayTagsManager::ConstructGameplayTagTree: ImportINI -  0.000 s
[2019.02.15-10.47.52:945][  0]LogStats: UGameplayTagsManager::ConstructGameplayTagTree: GameplayTagTreeChangedEvent.Broadcast -  0.000 s
[2019.02.15-10.47.53:141][  0]LogInit: Initializing FReadOnlyCVARCache
[2019.02.15-10.47.53:161][  0]LogAIModule: Creating AISystem for world Untitled
[2019.02.15-10.47.53:181][  0]LogInit: No audio devices found!
[2019.02.15-10.47.53:182][  0]LogNetVersion: Set ProjectVersion to 1.0.0.0. Version Checksum will be recalculated on next use.
[2019.02.15-10.47.53:340][  0]LogDerivedDataCache: Saved boot cache 0.16s 71MB C:/Users/trj1crt/AppData/Local/UnrealEngine/4.20/DerivedDataCache/Boot.ddc.
[2019.02.15-10.47.53:386][  0]LogInit: Texture streaming: Enabled
[2019.02.15-10.47.53:415][  0]LogEngineSessionManager: EngineSessionManager initialized
[2019.02.15-10.47.53:415][  0]LogEngineSessionManager: EngineSessionManager sent abnormal shutdown report. Type=Debugger, SessionId={B96E745A-4894-833D-A4C9-209A47A77F52}
[2019.02.15-10.47.53:433][  0]LogInit: Transaction tracking system initialized
[2019.02.15-10.47.53:467][  0]BlueprintLog: New page: Editor Load
[2019.02.15-10.47.53:579][  0]LocalizationService: Localization service is disabled
[2019.02.15-10.47.53:846][  0]LogCook: Display: Max memory allowance for cook 16384mb min free memory 0mb
[2019.02.15-10.47.53:846][  0]LogCook: Display: Mobile HDR setting 1
[2019.02.15-10.47.53:846][  0]LogGameplayTags: Display: UGameplayTagsManager::DoneAddingNativeTags. DelegateIsBound: 0
[2019.02.15-10.47.53:846][  0]LogStats: UGameplayTagsManager::ConstructGameplayTagTree: ImportINI prefixes -  0.000 s
[2019.02.15-10.47.53:846][  0]LogStats: UGameplayTagsManager::ConstructGameplayTagTree: Construct from data asset -  0.000 s
[2019.02.15-10.47.53:846][  0]LogStats: UGameplayTagsManager::ConstructGameplayTagTree: ImportINI -  0.000 s
[2019.02.15-10.47.53:846][  0]LogStats: UGameplayTagsManager::ConstructGameplayTagTree: GameplayTagTreeChangedEvent.Broadcast -  0.000 s
[2019.02.15-10.47.53:988][  0]LogFileCache: Scanning file cache for directory 'C:/Temp/Rhun/castleforce/Castleforce/Content/' took 0.02s
[2019.02.15-10.47.53:988][  0]SourceControl: Source control is disabled
[2019.02.15-10.47.53:988][  0]Cmd: MAP LOAD FILE="../../../../../../Temp/Rhun/castleforce/Castleforce/Content/Levels/Level1.umap" TEMPLATE=0 SHOWPROGRESS=1 FEATURELEVEL=3
[2019.02.15-10.47.53:988][  0]LightingResults: New page: Lighting Build
[2019.02.15-10.47.53:993][  0]MapCheck: New page: Map Check
[2019.02.15-10.47.53:993][  0]LightingResults: New page: Lighting Build
[2019.02.15-10.47.54:207][  0]LogAIModule: Creating AISystem for world Level1
[2019.02.15-10.47.54:211][  0]LogEditorServer: Finished looking for orphan Actors (0.000 secs)
[2019.02.15-10.47.54:234][  0]Cmd: MAP CHECKDEP NOCLEARLOG
[2019.02.15-10.47.54:313][  0]MapCheck: Map check complete: 0 Error(s), 0 Warning(s), took 79.474ms to complete.
[2019.02.15-10.47.54:313][  0]LogFileHelpers: Loading map 'Level1' took 0.325
[2019.02.15-10.47.54:483][  0]LogSlate: Updating window title bar state: overlay mode, drag disabled, window buttons hidden, title bar hidden
[2019.02.15-10.47.54:492][  0]LogSlate: Updating window title bar state: overlay mode, drag disabled, window buttons hidden, title bar hidden
[2019.02.15-10.47.54:500][  0]LogSlate: Updating window title bar state: overlay mode, drag disabled, window buttons hidden, title bar hidden
[2019.02.15-10.47.54:508][  0]LogSlate: Updating window title bar state: overlay mode, drag disabled, window buttons hidden, title bar hidden
[2019.02.15-10.47.54:518][  0]LogCollectionManager: Loaded 0 collections in 0.003424 seconds
[2019.02.15-10.47.54:563][  0]LogFileCache: Scanning file cache for directory 'C:/Temp/Rhun/castleforce/Castleforce/Saved/Collections/' took 0.01s
[2019.02.15-10.47.54:563][  0]LogFileCache: Scanning file cache for directory 'C:/Temp/Rhun/castleforce/Castleforce/Content/Developers/trj1crt/Collections/' took 0.01s
[2019.02.15-10.47.54:563][  0]LogFileCache: Scanning file cache for directory 'C:/Temp/Rhun/castleforce/Castleforce/Content/Collections/' took 0.01s
[2019.02.15-10.47.54:563][  0]LogCollectionManager: Rebuilt the GUID cache for 0 collections in 0.000000 seconds
[2019.02.15-10.47.54:574][  0]LogContentBrowser: Native class hierarchy populated in 0.0104 seconds. Added 2584 classes and 610 folders.
[2019.02.15-10.47.54:596][  0]LogContentBrowser: Native class hierarchy updated for 'WidgetCarousel' in 0.0020 seconds. Added 0 classes and 0 folders.
[2019.02.15-10.47.54:698][  0]LogContentBrowser: Native class hierarchy updated for 'AddContentDialog' in 0.0008 seconds. Added 0 classes and 0 folders.
[2019.02.15-10.47.54:738][  0]LogSlate: Took 0.000196 seconds to synchronously load lazily loaded font '../../../Engine/Content/Slate/Fonts/Roboto-Regular.ttf' (155K)
[2019.02.15-10.47.54:742][  0]LogSlate: Took 0.000248 seconds to synchronously load lazily loaded font '../../../Engine/Content/Slate/Fonts/Roboto-Bold.ttf' (160K)
[2019.02.15-10.47.54:744][  0]LogSlate: Took 0.000269 seconds to synchronously load lazily loaded font '../../../Engine/Content/Editor/Slate/Fonts/FontAwesome.ttf' (139K)
[2019.02.15-10.47.54:815][  0]LogRenderer: Reallocating scene render targets to support 1208x576 Format 10 NumSamples 1 (Frame:1).
[2019.02.15-10.47.54:890][  0]LogSlate: Took 0.000204 seconds to synchronously load lazily loaded font '../../../Engine/Content/Slate/Fonts/Roboto-Light.ttf' (167K)
[2019.02.15-10.47.55:004][  0]LogContentBrowser: Native class hierarchy updated for 'HierarchicalLODOutliner' in 0.0009 seconds. Added 0 classes and 0 folders.
[2019.02.15-10.47.55:004][  0]LogLoad: (Engine Initialization) Total time: 45.37 seconds
[2019.02.15-10.47.55:004][  0]LogLoad: (Engine Initialization) Total Blueprint compile time: 0.00 seconds
[2019.02.15-10.47.55:014][  0]LogWindowsTextInputMethodSystem: Display: IME system now deactivated.
[2019.02.15-10.47.55:047][  0]LogContentStreaming: Texture pool size now 1000 MB
[2019.02.15-10.47.55:083][  1]LogFileCache: Retrieving MD5 hashes for directory 'C:/Temp/Rhun/castleforce/Castleforce/Content/' took 0.06s
[2019.02.15-10.47.55:092][  1]LogAssetRegistry: Asset discovery search completed in 4.7248 seconds
[2019.02.15-10.47.55:094][  1]LogCollectionManager: Rebuilt the object cache for 0 collections in 0.000000 seconds (found 0 objects)
[2019.02.15-10.47.55:094][  1]LogCollectionManager: Fixed up redirectors for 0 collections in 0.000037 seconds (updated 0 objects)
[2019.02.15-10.47.58:044][342]LogSlate: Took 0.000239 seconds to synchronously load lazily loaded font '../../../Engine/Content/Slate/Fonts/Roboto-Light.ttf' (167K)
[2019.02.15-10.47.58:780][423]LogSlate: FSceneViewport::OnFocusLost() reason 0
[2019.02.15-10.48.07:125][424]LogSlate: FSceneViewport::OnFocusLost() reason 0
[2019.02.15-10.48.09:798][745]LogSlate: Window 'Plugins' being destroyed
[2019.02.15-10.48.09:802][745]LogSlate: Window 'Plugins' being destroyed
[2019.02.15-10.48.09:802][745]LogDirectoryWatcher: A directory notification for '../../../Engine/Plugins/' was aborted.
[2019.02.15-10.48.09:802][745]LogDirectoryWatcher: A directory notification for '../../../../../../Temp/Rhun/castleforce/Castleforce/Plugins/' was aborted.
[2019.02.15-10.48.11:615][962]LogSlate: FSceneViewport::OnFocusLost() reason 0
[2019.02.15-10.48.11:705][973]LogSlate: Window 'Message Log' being destroyed
[2019.02.15-10.48.11:708][973]LogSlate: Window 'Message Log' being destroyed
[2019.02.15-10.50.31:710][136]LogHotReload: New module detected: UE4Editor-Castleforce-6002.dll
[2019.02.15-10.50.32:393][139]LogHotReload: Starting Hot-Reload from IDE
[2019.02.15-10.50.32:483][139]LogContentBrowser: Native class hierarchy updated for 'Castleforce' in 0.0009 seconds. Added 10 classes and 2 folders.
[2019.02.15-10.50.32:485][139]Display: HotReload successful (2 functions remapped  0 scriptstructs remapped)
[2019.02.15-10.50.32:607][139]LogContentBrowser: Native class hierarchy populated in 0.0098 seconds. Added 2584 classes and 610 folders.
[2019.02.15-10.50.32:614][139]Display: HotReload took  0.2s.
[2019.02.15-10.51.52:690][774]LogSlate: FSceneViewport::OnFocusLost() reason 0
[2019.02.15-10.57.41:229][717]Candidate modules for hot reload:
[2019.02.15-10.57.41:229][717]  SimplexNoise
[2019.02.15-10.57.41:229][717]  Castleforce
[2019.02.15-10.57.41:229][717]Launching UnrealBuildTool... [C:/Program Files/Epic Games/UE_4.20/Engine/Binaries/DotNET/UnrealBuildTool.exe  -ModuleWithSuffix=SimplexNoise,234 -ModuleWithSuffix=Castleforce,3956 Win64 Development -TargetType=Editor -Project="../../../../../../Temp/Rhun/castleforce/Castleforce/Castleforce.uproject" -canskiplink "C:/Temp/Rhun/castleforce/Castleforce/Castleforce.uproject" ]
[2019.02.15-10.57.41:254][717]Warning: Starting HotReload took  0.1s.
[2019.02.15-10.58.03:962][409]CompilerResultsLog: New page: Compilation - 15 Feb 2019 10:58:03
[2019.02.15-10.58.03:962][409]CompilerResultsLog: Using 'git status' to determine working set for adaptive non-unity build.
[2019.02.15-10.58.03:962][409]CompilerResultsLog: Creating makefile for hot reloading CastleforceEditor (modules to compile have changed)
[2019.02.15-10.58.03:963][409]CompilerResultsLog: Compiling game modules for hot reload
[2019.02.15-10.58.03:963][409]CompilerResultsLog: Using Visual Studio 2017 14.15.26726 toolchain (C:\Program Files (x86)\Microsoft Visual Studio\2017\Enterprise\VC\Tools\MSVC\14.15.26726) and Windows 10.0.15063.0 SDK (C:\Program Files (x86)\Windows Kits\10).
[2019.02.15-10.58.03:963][409]CompilerResultsLog: Parsing headers for CastleforceEditor
[2019.02.15-10.58.03:963][409]CompilerResultsLog:   Running UnrealHeaderTool "C:\Temp\Rhun\castleforce\Castleforce\Castleforce.uproject" "C:\Temp\Rhun\castleforce\Castleforce\Intermediate\Build\Win64\CastleforceEditor\Development\CastleforceEditor.uhtmanifest" -LogCmds="loginit warning, logexit warning, logdatabase error" -Unattended -WarningsAsErrors -installed
[2019.02.15-10.58.03:963][409]CompilerResultsLog: LogPluginManager: Warning: Engine version string in ../../../../../../Temp/Rhun/castleforce/Castleforce/Plugins/SimplexNoise-master/SimplexNoise.uplugin could not be parsed ("4.10")
[2019.02.15-10.58.03:963][409]CompilerResultsLog: Reflection code generated for CastleforceEditor in 11.2444486 seconds
[2019.02.15-10.58.03:963][409]CompilerResultsLog: Building 8 actions with 8 processes...
[2019.02.15-10.58.03:963][409]CompilerResultsLog:   [1/8] CastleforceHexGrid.cpp
[2019.02.15-10.58.03:963][409]CompilerResultsLog:   C:\Temp\Rhun\castleforce\Castleforce\Source\Castleforce\CastleforceHexGrid.cpp(4): fatal error C1083: Cannot open include file: 'SimplexNoise/Public/SimplexNoiseBPLibrary.h': No such file or directory
[2019.02.15-10.58.03:963][409]CompilerResultsLog:   [2/8] CastleforceHexPawn.gen.cpp
[2019.02.15-10.58.03:963][409]CompilerResultsLog:   [3/8] CastleforceGameMode.cpp
[2019.02.15-10.58.03:963][409]CompilerResultsLog:   [4/8] CastleforceHexGrid.gen.cpp
[2019.02.15-10.58.03:963][409]CompilerResultsLog:   [5/8] CastleforceUnit.cpp
[2019.02.15-10.58.03:963][409]CompilerResultsLog:   [6/8] CastleforceHexPawn.cpp
[2019.02.15-10.58.03:963][409]CompilerResultsLog: ERROR: UBT ERROR: Failed to produce item: C:\Temp\Rhun\castleforce\Castleforce\Binaries\Win64\UE4Editor-Castleforce-3956.dll
[2019.02.15-10.58.03:963][409]CompilerResultsLog:        (see ../Programs/UnrealBuildTool/Log.txt for full exception trace)
[2019.02.15-10.58.03:963][409]CompilerResultsLog: Total build time: 22.38 seconds (Parallel executor: 0.00 seconds)
[2019.02.15-10.58.03:963][409]LogMainFrame: MainFrame: Module compiling took 22.740 seconds
[2019.02.15-10.58.03:963][409]Warning: HotReload failed, recompile failed
[2019.02.15-10.58.17:954][  2]LogEditorViewport: Clicking on Actor (LMB): BP_Sky_Sphere_C (SkySphere)
[2019.02.15-10.58.19:203][145]LogSlate: FSceneViewport::OnFocusLost() reason 2
[2019.02.15-10.59.13:031][769]Cmd: CLOSE_SLATE_MAINFRAME
[2019.02.15-10.59.13:133][769]LogSlate: Window 'Message Log' being destroyed
[2019.02.15-10.59.13:135][769]LogSlate: Window 'Plugins' being destroyed
[2019.02.15-10.59.13:137][769]LogDirectoryWatcher: A directory notification for '../../../Engine/Plugins/' was aborted.
[2019.02.15-10.59.13:137][769]LogDirectoryWatcher: A directory notification for '../../../../../../Temp/Rhun/castleforce/Castleforce/Plugins/' was aborted.
[2019.02.15-10.59.13:138][769]LogSlate: Window 'Castleforce - Unreal Editor' being destroyed
[2019.02.15-10.59.13:138][769]LogWindowsTextInputMethodSystem: Display: IME system now deactivated.
[2019.02.15-10.59.13:367][770]Cmd: QUIT_EDITOR
[2019.02.15-10.59.13:459][770]LogExit: Preparing to exit.
[2019.02.15-10.59.13:721][770]LogExit: Editor shut down
[2019.02.15-10.59.13:722][770]LogExit: Transaction tracking system shut down
[2019.02.15-10.59.14:119][770]LogExit: Object subsystem successfully closed.
[2019.02.15-10.59.14:132][770]LogShaderCompilers: Display: Shaders left to compile 0
[2019.02.15-10.59.14:135][770]LogD3D11RHI: Shutdown
[2019.02.15-10.59.14:135][770]LogD3D11RHI: CleanupD3DDevice
[2019.02.15-10.59.14:136][770]LogD3D11RHI: ~FD3D11DynamicRHI
[2019.02.15-10.59.14:164][770]LogModuleManager: Shutting down and abandoning module Castleforce (615)
[2019.02.15-10.59.14:164][770]LogModuleManager: Shutting down and abandoning module HierarchicalLODOutliner (614)
[2019.02.15-10.59.14:164][770]LogModuleManager: Shutting down and abandoning module AddContentDialog (612)
[2019.02.15-10.59.14:165][770]LogModuleManager: Shutting down and abandoning module WidgetCarousel (611)
[2019.02.15-10.59.14:165][770]LogModuleManager: Shutting down and abandoning module EditorWidgets (608)
[2019.02.15-10.59.14:165][770]LogModuleManager: Shutting down and abandoning module CollectionManager (606)
[2019.02.15-10.59.14:166][770]LogModuleManager: Shutting down and abandoning module SceneOutliner (604)
[2019.02.15-10.59.14:166][770]LogModuleManager: Shutting down and abandoning module StatsViewer (602)
[2019.02.15-10.59.14:166][770]LogModuleManager: Shutting down and abandoning module FoliageEdit (600)
[2019.02.15-10.59.14:166][770]LogModuleManager: Shutting down and abandoning module LandscapeEditor (598)
[2019.02.15-10.59.14:166][770]LogModuleManager: Shutting down and abandoning module MeshPaintMode (596)
[2019.02.15-10.59.14:166][770]LogModuleManager: Shutting down and abandoning module SceneDepthPickerMode (594)
[2019.02.15-10.59.14:166][770]LogModuleManager: Shutting down and abandoning module ActorPickerMode (592)
[2019.02.15-10.59.14:166][770]LogModuleManager: Shutting down and abandoning module GeometryMode (590)
[2019.02.15-10.59.14:166][770]LogModuleManager: Shutting down and abandoning module TextureAlignMode (588)
[2019.02.15-10.59.14:166][770]LogModuleManager: Shutting down and abandoning module BspMode (586)
[2019.02.15-10.59.14:167][770]LogModuleManager: Shutting down and abandoning module PIEPreviewDeviceProfileSelector (584)
[2019.02.15-10.59.14:167][770]LogModuleManager: Shutting down and abandoning module SequenceRecorderSections (582)
[2019.02.15-10.59.14:167][770]LogModuleManager: Shutting down and abandoning module AutomationWorker (580)
[2019.02.15-10.59.14:167][770]LogModuleManager: Shutting down and abandoning module AudioCaptureEditor (578)
[2019.02.15-10.59.14:167][770]LogModuleManager: Shutting down and abandoning module SequenceRecorder (577)
[2019.02.15-10.59.14:167][770]LogModuleManager: Shutting down and abandoning module MatineeToLevelSequence (574)
[2019.02.15-10.59.14:167][770]LogModuleManager: Shutting down and abandoning module LevelSequenceEditor (572)
[2019.02.15-10.59.14:167][770]LogModuleManager: Shutting down and abandoning module PlacementMode (571)
[2019.02.15-10.59.14:167][770]LogModuleManager: Shutting down and abandoning module MaterialEditor (570)
[2019.02.15-10.59.14:167][770]LogModuleManager: Shutting down and abandoning module WmfMediaFactory (566)
[2019.02.15-10.59.14:167][770]LogModuleManager: Shutting down and abandoning module WmfMediaEditor (564)
[2019.02.15-10.59.14:167][770]LogModuleManager: Shutting down and abandoning module MediaPlayerEditor (562)
[2019.02.15-10.59.14:168][770]LogModuleManager: Shutting down and abandoning module OpenExrWrapper (560)
[2019.02.15-10.59.14:168][770]LogModuleManager: Shutting down and abandoning module ImgMediaFactory (558)
[2019.02.15-10.59.14:168][770]LogModuleManager: Shutting down and abandoning module ImgMediaEditor (556)
[2019.02.15-10.59.14:168][770]LogModuleManager: Shutting down and abandoning module AvfMediaFactory (554)
[2019.02.15-10.59.14:168][770]LogModuleManager: Shutting down and abandoning module AvfMediaEditor (552)
[2019.02.15-10.59.14:168][770]LogModuleManager: Shutting down and abandoning module AndroidMediaFactory (550)
[2019.02.15-10.59.14:168][770]LogModuleManager: Shutting down and abandoning module AndroidMediaEditor (548)
[2019.02.15-10.59.14:168][770]LogModuleManager: Shutting down and abandoning module MagicLeapCameraPreviewFactory (546)
[2019.02.15-10.59.14:168][770]LogModuleManager: Shutting down and abandoning module MagicLeapMediaFactory (544)
[2019.02.15-10.59.14:168][770]LogModuleManager: Shutting down and abandoning module MagicLeapMediaEditor (542)
[2019.02.15-10.59.14:168][770]LogModuleManager: Shutting down and abandoning module CharacterAI (540)
[2019.02.15-10.59.14:168][770]LogModuleManager: Shutting down and abandoning module SmartSnapping (538)
[2019.02.15-10.59.14:168][770]LogModuleManager: Shutting down and abandoning module SessionServices (536)
[2019.02.15-10.59.14:168][770]LogModuleManager: Shutting down and abandoning module ViewportSnapping (534)
[2019.02.15-10.59.14:168][770]LogModuleManager: Shutting down and abandoning module ViewportInteraction (532)
[2019.02.15-10.59.14:168][770]LogModuleManager: Shutting down and abandoning module ClothPainter (530)
[2019.02.15-10.59.14:169][770]LogModuleManager: Shutting down and abandoning module SkeletalMeshEditor (529)
[2019.02.15-10.59.14:169][770]LogModuleManager: Shutting down and abandoning module LogVisualizer (526)
[2019.02.15-10.59.14:169][770]LogModuleManager: Shutting down and abandoning module IntroTutorials (524)
[2019.02.15-10.59.14:169][770]LogModuleManager: Shutting down and abandoning module GameProjectGeneration (523)
[2019.02.15-10.59.14:169][770]LogModuleManager: Shutting down and abandoning module LuminPlatformEditor (520)
[2019.02.15-10.59.14:169][770]LogModuleManager: Shutting down and abandoning module IOSPlatformEditor (518)
[2019.02.15-10.59.14:169][770]LogModuleManager: Shutting down and abandoning module HTML5PlatformEditor (516)
[2019.02.15-10.59.14:169][770]LogModuleManager: Shutting down and abandoning module AndroidPlatformEditor (514)
[2019.02.15-10.59.14:169][770]LogModuleManager: Shutting down and abandoning module AndroidDeviceDetection (513)
[2019.02.15-10.59.14:964][770]LogModuleManager: Shutting down and abandoning module WindowsPlatformEditor (510)
[2019.02.15-10.59.14:964][770]LogModuleManager: Shutting down and abandoning module LuminRuntimeSettings (508)
[2019.02.15-10.59.14:964][770]LogModuleManager: Shutting down and abandoning module IOSRuntimeSettings (506)
[2019.02.15-10.59.14:964][770]LogModuleManager: Shutting down and abandoning module AndroidRuntimeSettings (504)
[2019.02.15-10.59.14:964][770]LogModuleManager: Shutting down and abandoning module InputBindingEditor (502)
[2019.02.15-10.59.14:964][770]LogModuleManager: Shutting down and abandoning module MergeActors (500)
[2019.02.15-10.59.14:964][770]LogModuleManager: Shutting down and abandoning module LocalizationDashboard (498)
[2019.02.15-10.59.14:964][770]LogModuleManager: Shutting down and abandoning module LocalizationService (497)
[2019.02.15-10.59.14:964][770]LogModuleManager: Shutting down and abandoning module HardwareTargeting (494)
[2019.02.15-10.59.14:964][770]LogModuleManager: Shutting down and abandoning module DeviceProfileEditor (492)
[2019.02.15-10.59.14:964][770]LogModuleManager: Shutting down and abandoning module UndoHistory (490)
[2019.02.15-10.59.14:964][770]LogModuleManager: Shutting down and abandoning module XmlParser (488)
[2019.02.15-10.59.14:964][770]LogModuleManager: Shutting down and abandoning module Blutility (486)
[2019.02.15-10.59.14:964][770]LogModuleManager: Shutting down and abandoning module ProjectSettingsViewer (484)
[2019.02.15-10.59.14:965][770]LogModuleManager: Shutting down and abandoning module ProjectTargetPlatformEditor (483)
[2019.02.15-10.59.14:965][770]LogModuleManager: Shutting down and abandoning module EditorSettingsViewer (480)
[2019.02.15-10.59.14:965][770]LogModuleManager: Shutting down and abandoning module SettingsEditor (478)
[2019.02.15-10.59.14:965][770]LogModuleManager: Shutting down and abandoning module ProjectLauncher (476)
[2019.02.15-10.59.14:965][770]LogModuleManager: Shutting down and abandoning module SessionFrontend (474)
[2019.02.15-10.59.14:965][770]LogModuleManager: Shutting down and abandoning module ProfilerClient (472)
[2019.02.15-10.59.14:965][770]LogModuleManager: Shutting down and abandoning module DeviceManager (470)
[2019.02.15-10.59.14:965][770]LogModuleManager: Shutting down and abandoning module TargetDeviceServices (469)
[2019.02.15-10.59.15:020][770]LogModuleManager: Shutting down and abandoning module AutomationController (466)
[2019.02.15-10.59.15:020][770]LogModuleManager: Shutting down and abandoning module AutomationWindow (464)
[2019.02.15-10.59.15:020][770]LogModuleManager: Shutting down and abandoning module Layers (462)
[2019.02.15-10.59.15:020][770]LogModuleManager: Shutting down and abandoning module ComponentVisualizers (460)
[2019.02.15-10.59.15:020][770]LogModuleManager: Shutting down and abandoning module DetailCustomizations (458)
[2019.02.15-10.59.15:020][770]LogModuleManager: Shutting down and abandoning module PackagesDialog (456)
[2019.02.15-10.59.15:020][770]LogModuleManager: Shutting down and abandoning module Persona (454)
[2019.02.15-10.59.15:020][770]LogModuleManager: Shutting down and abandoning module AdvancedPreviewScene (453)
[2019.02.15-10.59.15:020][770]LogModuleManager: Shutting down and abandoning module AnimGraph (451)
[2019.02.15-10.59.15:020][770]LogModuleManager: Shutting down and abandoning module Kismet (448)
[2019.02.15-10.59.15:020][770]LogModuleManager: Shutting down and abandoning module GraphEditor (446)
[2019.02.15-10.59.15:020][770]LogModuleManager: Shutting down and abandoning module ClassViewer (444)
[2019.02.15-10.59.15:020][770]LogModuleManager: Shutting down and abandoning module Toolbox (442)
[2019.02.15-10.59.15:020][770]LogModuleManager: Shutting down and abandoning module ModuleUI (440)
[2019.02.15-10.59.15:020][770]LogModuleManager: Shutting down and abandoning module MovieSceneTools (438)
[2019.02.15-10.59.15:020][770]LogModuleManager: Shutting down and abandoning module OutputLog (436)
[2019.02.15-10.59.15:020][770]LogModuleManager: Shutting down and abandoning module GammaUI (434)
[2019.02.15-10.59.15:020][770]LogModuleManager: Shutting down and abandoning module Documentation (432)
[2019.02.15-10.59.15:020][770]LogModuleManager: Shutting down and abandoning module MovieSceneTracks (430)
[2019.02.15-10.59.15:020][770]LogModuleManager: Shutting down and abandoning module MovieScene (428)
[2019.02.15-10.59.15:020][770]LogModuleManager: Shutting down and abandoning module StreamingPauseRendering (426)
[2019.02.15-10.59.15:020][770]LogModuleManager: Shutting down and abandoning module LauncherPlatform (424)
[2019.02.15-10.59.15:020][770]LogModuleManager: Shutting down and abandoning module AnalyticsET (422)
[2019.02.15-10.59.15:020][770]LogModuleManager: Shutting down and abandoning module PortalServices (420)
[2019.02.15-10.59.15:020][770]LogModuleManager: Shutting down and abandoning module PortalRpc (418)
[2019.02.15-10.59.15:020][770]LogModuleManager: Shutting down and abandoning module MessagingRpc (416)
[2019.02.15-10.59.15:020][770]LogModuleManager: Shutting down and abandoning module AIModule (414)
[2019.02.15-10.59.15:021][770]LogModuleManager: Shutting down and abandoning module GameplayDebugger (413)
[2019.02.15-10.59.15:021][770]LogModuleManager: Shutting down and abandoning module AITestSuite (411)
[2019.02.15-10.59.15:021][770]LogModuleManager: Shutting down and abandoning module NavigationSystem (409)
[2019.02.15-10.59.15:021][770]LogModuleManager: Shutting down and abandoning module ProfilerService (406)
[2019.02.15-10.59.15:184][770]LogModuleManager: Shutting down and abandoning module TaskGraph (404)
[2019.02.15-10.59.15:184][770]LogModuleManager: Shutting down and abandoning module SteamVRController (402)
[2019.02.15-10.59.15:184][770]LogModuleManager: Shutting down and abandoning module ProceduralMeshComponentEditor (400)
[2019.02.15-10.59.15:184][770]LogModuleManager: Shutting down and abandoning module ProceduralMeshComponent (398)
[2019.02.15-10.59.15:185][770]LogModuleManager: Shutting down and abandoning module OculusInput (396)
[2019.02.15-10.59.15:185][770]LogModuleManager: Shutting down and abandoning module MobilePatchingUtils (394)
[2019.02.15-10.59.15:185][770]LogModuleManager: Shutting down and abandoning module EditableMesh (392)
[2019.02.15-10.59.15:185][770]LogModuleManager: Shutting down and abandoning module CustomMeshComponent (390)
[2019.02.15-10.59.15:185][770]LogModuleManager: Shutting down and abandoning module CableComponent (388)
[2019.02.15-10.59.15:185][770]LogModuleManager: Shutting down and abandoning module AudioCapture (386)
[2019.02.15-10.59.15:185][770]LogModuleManager: Shutting down and abandoning module ArchVisCharacter (384)
[2019.02.15-10.59.15:185][770]LogModuleManager: Shutting down and abandoning module AndroidPermission (382)
[2019.02.15-10.59.15:185][770]LogModuleManager: Shutting down and abandoning module NUTUnrealEngine4 (380)
[2019.02.15-10.59.15:185][770]LogModuleManager: Shutting down and abandoning module NetcodeUnitTest (378)
[2019.02.15-10.59.15:185][770]LogModuleManager: Shutting down and abandoning module MediaCompositingEditor (376)
[2019.02.15-10.59.15:185][770]LogModuleManager: Shutting down and abandoning module MediaCompositing (374)
[2019.02.15-10.59.15:186][770]LogModuleManager: Shutting down and abandoning module LinearTimecode (372)
[2019.02.15-10.59.15:186][770]LogModuleManager: Shutting down and abandoning module ImgMedia (370)
[2019.02.15-10.59.15:196][770]LogModuleManager: Shutting down and abandoning module HTML5Networking (368)
[2019.02.15-10.59.15:196][770]LogModuleManager: Shutting down and abandoning module GeometryCacheTracks (366)
[2019.02.15-10.59.15:196][770]LogModuleManager: Shutting down and abandoning module GeometryCacheSequencer (364)
[2019.02.15-10.59.15:196][770]LogModuleManager: Shutting down and abandoning module BackChannel (362)
[2019.02.15-10.59.15:196][770]LogModuleManager: Shutting down and abandoning module AppleVision (360)
[2019.02.15-10.59.15:196][770]LogModuleManager: Shutting down and abandoning module AppleImageUtils (358)
[2019.02.15-10.59.15:197][770]LogModuleManager: Shutting down and abandoning module AlembicImporter (356)
[2019.02.15-10.59.15:197][770]LogModuleManager: Shutting down and abandoning module AlembicLibrary (355)
[2019.02.15-10.59.15:197][770]LogModuleManager: Shutting down and abandoning module GeometryCache (354)
[2019.02.15-10.59.15:197][770]LogModuleManager: Shutting down and abandoning module GeometryCacheEd (353)
[2019.02.15-10.59.15:197][770]LogModuleManager: Shutting down and abandoning module DatasmithContentEditor (348)
[2019.02.15-10.59.15:197][770]LogModuleManager: Shutting down and abandoning module DatasmithContent (346)
[2019.02.15-10.59.15:201][770]LogModuleManager: Shutting down and abandoning module SpeedTreeImporter (344)
[2019.02.15-10.59.15:201][770]LogModuleManager: Shutting down and abandoning module PluginBrowser (342)
[2019.02.15-10.59.15:202][770]LogModuleManager: Shutting down and abandoning module MobileLauncherProfileWizard (340)
[2019.02.15-10.59.15:202][770]LogModuleManager: Shutting down and abandoning module PolygonModeling (338)
[2019.02.15-10.59.15:202][770]LogModuleManager: Shutting down and abandoning module MeshEditor (336)
[2019.02.15-10.59.15:202][770]LogModuleManager: Shutting down and abandoning module CryptoKeysOpenSSL (334)
[2019.02.15-10.59.15:202][770]LogModuleManager: Shutting down and abandoning module CryptoKeys (332)
[2019.02.15-10.59.15:203][770]LogModuleManager: Shutting down and abandoning module VisualStudioSourceCodeAccess (330)
[2019.02.15-10.59.15:203][770]LogModuleManager: Shutting down and abandoning module VisualStudioCodeSourceCodeAccess (328)
[2019.02.15-10.59.15:203][770]LogModuleManager: Shutting down and abandoning module UObjectPlugin (326)
[2019.02.15-10.59.15:203][770]LogModuleManager: Shutting down and abandoning module SubversionSourceControl (324)
[2019.02.15-10.59.15:203][770]LogModuleManager: Shutting down and abandoning module PerforceSourceControl (322)
[2019.02.15-10.59.15:203][770]LogModuleManager: Shutting down and abandoning module GitSourceControl (320)
[2019.02.15-10.59.15:203][770]LogModuleManager: Shutting down and abandoning module SourceControl (319)
[2019.02.15-10.59.15:203][770]LogModuleManager: Shutting down and abandoning module CLionSourceCodeAccess (316)
[2019.02.15-10.59.15:204][770]LogModuleManager: Shutting down and abandoning module LightPropagationVolumeEditor (314)
[2019.02.15-10.59.15:204][770]LogModuleManager: Shutting down and abandoning module PaperTiledImporter (312)
[2019.02.15-10.59.15:204][770]LogModuleManager: Shutting down and abandoning module PaperSpriteSheetImporter (310)
[2019.02.15-10.59.15:204][770]LogModuleManager: Shutting down and abandoning module Paper2DEditor (308)
[2019.02.15-10.59.15:204][770]LogModuleManager: Shutting down and abandoning module MeshPaint (307)
[2019.02.15-10.59.15:204][770]LogModuleManager: Shutting down and abandoning module SimplexNoise (302)
[2019.02.15-10.59.15:204][770]LogModuleManager: Shutting down and abandoning module RuntimePhysXCooking (300)
[2019.02.15-10.59.15:204][770]LogModuleManager: Shutting down and abandoning module PhysXVehiclesEditor (298)
[2019.02.15-10.59.15:204][770]LogModuleManager: Shutting down and abandoning module PhysXVehicles (296)
[2019.02.15-10.59.15:204][770]LogModuleManager: Shutting down and abandoning module OculusEditor (294)
[2019.02.15-10.59.15:205][770]LogModuleManager: Shutting down and abandoning module LocationServicesBPLibrary (292)
[2019.02.15-10.59.15:205][770]LogModuleManager: Shutting down and abandoning module ImmediatePhysicsEditor (290)
[2019.02.15-10.59.15:205][770]LogModuleManager: Shutting down and abandoning module ImmediatePhysics (288)
[2019.02.15-10.59.15:205][770]LogModuleManager: Shutting down and abandoning module ActorSequence (286)
[2019.02.15-10.59.15:205][770]LogModuleManager: Shutting down and abandoning module UdpMessaging (284)
[2019.02.15-10.59.15:306][770]LogModuleManager: Shutting down and abandoning module TcpMessaging (282)
[2019.02.15-10.59.15:407][770]LogModuleManager: Shutting down and abandoning module MagicLeapAudio (280)
[2019.02.15-10.59.15:407][770]LogModuleManager: Shutting down and abandoning module GameplayTagsEditor (278)
[2019.02.15-10.59.15:407][770]LogModuleManager: Shutting down and abandoning module FacialAnimationEditor (276)
[2019.02.15-10.59.15:407][770]LogModuleManager: Shutting down and abandoning module FacialAnimation (274)
[2019.02.15-10.59.15:407][770]LogModuleManager: Shutting down and abandoning module DataValidation (272)
[2019.02.15-10.59.15:407][770]LogModuleManager: Shutting down and abandoning module AssetManagerEditor (270)
[2019.02.15-10.59.15:407][770]LogModuleManager: Shutting down and abandoning module LevelEditor (269)
[2019.02.15-10.59.15:407][770]LogModuleManager: Shutting down and abandoning module PixelInspectorModule (268)
[2019.02.15-10.59.15:407][770]LogModuleManager: Shutting down and abandoning module CommonMenuExtensions (266)
[2019.02.15-10.59.15:408][770]LogModuleManager: Shutting down and abandoning module MainFrame (264)
[2019.02.15-10.59.15:408][770]LogModuleManager: Shutting down and abandoning module HotReload (263)
[2019.02.15-10.59.15:408][770]LogModuleManager: Shutting down and abandoning module ContentBrowser (259)
[2019.02.15-10.59.15:409][770]LogModuleManager: Shutting down and abandoning module TreeMap (257)
[2019.02.15-10.59.15:409][770]LogModuleManager: Shutting down and abandoning module LightPropagationVolumeRuntime (254)
[2019.02.15-10.59.15:409][770]LogModuleManager: Shutting down and abandoning module AISupportModule (252)
[2019.02.15-10.59.15:409][770]LogModuleManager: Shutting down and abandoning module Paper2D (250)
[2019.02.15-10.59.15:409][770]LogModuleManager: Shutting down and abandoning module WindowsMoviePlayer (248)
[2019.02.15-10.59.15:409][770]LogModuleManager: Shutting down and abandoning module WmfMedia (246)
[2019.02.15-10.59.15:412][770]LogModuleManager: Shutting down and abandoning module Media (245)
[2019.02.15-10.59.15:418][770]LogModuleManager: Shutting down and abandoning module PacketHandler (242)
[2019.02.15-10.59.15:418][770]LogModuleManager: Shutting down and abandoning module ClothingSystemEditor (240)
[2019.02.15-10.59.15:418][770]LogModuleManager: Shutting down and abandoning module ClothingSystemRuntime (238)
[2019.02.15-10.59.15:418][770]LogModuleManager: Shutting down and abandoning module MediaAssets (236)
[2019.02.15-10.59.15:418][770]LogModuleManager: Shutting down and abandoning module Overlay (234)
[2019.02.15-10.59.15:418][770]LogModuleManager: Shutting down and abandoning module OverlayEditor (233)
[2019.02.15-10.59.15:418][770]LogModuleManager: Shutting down and abandoning module VREditor (230)
[2019.02.15-10.59.15:418][770]LogModuleManager: Shutting down and abandoning module StringTableEditor (228)
[2019.02.15-10.59.15:418][770]LogModuleManager: Shutting down and abandoning module GameplayTasksEditor (226)
[2019.02.15-10.59.15:418][770]LogModuleManager: Shutting down and abandoning module BehaviorTreeEditor (224)
[2019.02.15-10.59.15:418][770]LogModuleManager: Shutting down and abandoning module FunctionalTesting (222)
[2019.02.15-10.59.15:418][770]LogModuleManager: Shutting down and abandoning module CollisionAnalyzer (220)
[2019.02.15-10.59.15:418][770]LogModuleManager: Shutting down and abandoning module WorkspaceMenuStructure (219)
[2019.02.15-10.59.15:418][770]LogModuleManager: Shutting down and abandoning module UMG (216)
[2019.02.15-10.59.15:418][770]LogModuleManager: Shutting down and abandoning module UMGEditor (215)
[2019.02.15-10.59.15:418][770]LogModuleManager: Shutting down and abandoning module Sequencer (214)
[2019.02.15-10.59.15:419][770]LogModuleManager: Shutting down and abandoning module MessageLog (211)
[2019.02.15-10.59.15:419][770]LogModuleManager: Shutting down and abandoning module SlateReflector (206)
[2019.02.15-10.59.15:419][770]LogModuleManager: Shutting down and abandoning module Slate (204)
[2019.02.15-10.59.15:419][770]LogModuleManager: Shutting down and abandoning module EditorStyle (202)
[2019.02.15-10.59.15:420][770]LogModuleManager: Shutting down and abandoning module MRMesh (200)
[2019.02.15-10.59.15:420][770]LogModuleManager: Shutting down and abandoning module SourceCodeAccess (198)
[2019.02.15-10.59.15:420][770]LogModuleManager: Shutting down and abandoning module HeadMountedDisplay (196)
[2019.02.15-10.59.15:420][770]LogModuleManager: Shutting down and abandoning module XAudio2 (194)
[2019.02.15-10.59.15:420][770]LogModuleManager: Shutting down and abandoning module Networking (192)
[2019.02.15-10.59.15:420][770]LogModuleManager: Shutting down and abandoning module Core (190)
[2019.02.15-10.59.15:420][770]LogModuleManager: Shutting down and abandoning module LevelSequence (188)
[2019.02.15-10.59.15:420][770]LogModuleManager: Shutting down and abandoning module KismetCompiler (186)
[2019.02.15-10.59.15:420][770]LogModuleManager: Shutting down and abandoning module MeshUtilities (184)
[2019.02.15-10.59.15:420][770]LogModuleManager: Shutting down and abandoning module MeshMergeUtilities (183)
[2019.02.15-10.59.15:420][770]LogModuleManager: Shutting down and abandoning module MeshReductionInterface (182)
[2019.02.15-10.59.15:420][770]LogModuleManager: Shutting down and abandoning module SimplygonSwarm (181)
[2019.02.15-10.59.15:420][770]LogModuleManager: Shutting down and abandoning module ProxyLODMeshReduction (179)
[2019.02.15-10.59.15:420][770]LogModuleManager: Shutting down and abandoning module SimplygonMeshReduction (177)
[2019.02.15-10.59.15:420][770]LogModuleManager: Shutting down and abandoning module QuadricMeshReduction (175)
[2019.02.15-10.59.15:420][770]LogModuleManager: Shutting down and abandoning module MaterialBaking (171)
[2019.02.15-10.59.15:420][770]LogModuleManager: Shutting down and abandoning module DirectoryWatcher (167)
[2019.02.15-10.59.15:420][770]LogModuleManager: Shutting down and abandoning module DerivedDataCache (164)
[2019.02.15-10.59.15:496][770]LogDerivedDataCache: Shutdown
[2019.02.15-10.59.15:496][770]LogModuleManager: Shutting down and abandoning module XGEController (162)
[2019.02.15-10.59.15:496][770]LogXGEController: Cleaning working directory: C:/Users/trj1crt/AppData/Local/Temp/UnrealXGEWorkingDir/
[2019.02.15-10.59.15:496][770]LogModuleManager: Shutting down and abandoning module TargetPlatform (160)
[2019.02.15-10.59.15:496][770]LogModuleManager: Shutting down and abandoning module VulkanShaderFormat (159)
[2019.02.15-10.59.15:496][770]LogModuleManager: Shutting down and abandoning module ShaderFormatVectorVM (157)
[2019.02.15-10.59.15:496][770]LogModuleManager: Shutting down and abandoning module ShaderFormatOpenGL (155)
[2019.02.15-10.59.15:496][770]LogModuleManager: Shutting down and abandoning module ShaderFormatD3D (153)
[2019.02.15-10.59.15:496][770]LogModuleManager: Shutting down and abandoning module MetalShaderFormat (151)
[2019.02.15-10.59.15:496][770]LogModuleManager: Shutting down and abandoning module TextureFormatUncompressed (149)
[2019.02.15-10.59.15:496][770]LogModuleManager: Shutting down and abandoning module TextureFormatPVR (147)
[2019.02.15-10.59.15:496][770]LogModuleManager: Shutting down and abandoning module TextureFormatDXT (145)
[2019.02.15-10.59.15:497][770]LogModuleManager: Shutting down and abandoning module TextureFormatIntelISPCTexComp (143)
[2019.02.15-10.59.15:497][770]LogModuleManager: Shutting down and abandoning module TextureFormatASTC (141)
[2019.02.15-10.59.15:497][770]LogModuleManager: Shutting down and abandoning module ImageWrapper (140)
[2019.02.15-10.59.15:497][770]LogModuleManager: Shutting down and abandoning module TextureFormatAndroid (137)
[2019.02.15-10.59.15:497][770]LogModuleManager: Shutting down and abandoning module AudioFormatOpus (135)
[2019.02.15-10.59.15:497][770]LogModuleManager: Shutting down and abandoning module AudioFormatOgg (133)
[2019.02.15-10.59.15:497][770]LogModuleManager: Shutting down and abandoning module AudioFormatADPCM (131)
[2019.02.15-10.59.15:497][770]LogModuleManager: Shutting down and abandoning module LuminTargetPlatform (129)
[2019.02.15-10.59.15:497][770]LogModuleManager: Shutting down and abandoning module LinuxTargetPlatform (127)
[2019.02.15-10.59.15:497][770]LogModuleManager: Shutting down and abandoning module LinuxServerTargetPlatform (125)
[2019.02.15-10.59.15:497][770]LogModuleManager: Shutting down and abandoning module LinuxNoEditorTargetPlatform (123)
[2019.02.15-10.59.15:497][770]LogModuleManager: Shutting down and abandoning module LinuxClientTargetPlatform (121)
[2019.02.15-10.59.15:497][770]LogModuleManager: Shutting down and abandoning module TVOSTargetPlatform (119)
[2019.02.15-10.59.15:498][770]LogModuleManager: Shutting down and abandoning module Messaging (117)
[2019.02.15-10.59.15:498][770]LogModuleManager: Shutting down and abandoning module IOSTargetPlatform (115)
[2019.02.15-10.59.15:498][770]LogModuleManager: Shutting down and abandoning module HTML5TargetPlatform (113)
[2019.02.15-10.59.15:498][770]LogModuleManager: Shutting down and abandoning module AndroidTargetPlatform (111)
[2019.02.15-10.59.15:510][770]LogModuleManager: Shutting down and abandoning module WindowsTargetPlatform (109)
[2019.02.15-10.59.15:510][770]LogModuleManager: Shutting down and abandoning module WindowsServerTargetPlatform (107)
[2019.02.15-10.59.15:510][770]LogModuleManager: Shutting down and abandoning module WindowsNoEditorTargetPlatform (105)
[2019.02.15-10.59.15:510][770]LogModuleManager: Shutting down and abandoning module WindowsClientTargetPlatform (103)
[2019.02.15-10.59.15:510][770]LogModuleManager: Shutting down and abandoning module MacTargetPlatform (101)
[2019.02.15-10.59.15:510][770]LogModuleManager: Shutting down and abandoning module MacServerTargetPlatform (99)
[2019.02.15-10.59.15:510][770]LogModuleManager: Shutting down and abandoning module MacNoEditorTargetPlatform (97)
[2019.02.15-10.59.15:510][770]LogModuleManager: Shutting down and abandoning module MacClientTargetPlatform (95)
[2019.02.15-10.59.15:510][770]LogModuleManager: Shutting down and abandoning module AllDesktopTargetPlatform (93)
[2019.02.15-10.59.15:510][770]LogModuleManager: Shutting down and abandoning module InputCore (90)
[2019.02.15-10.59.15:510][770]LogModuleManager: Shutting down and abandoning module Settings (88)
[2019.02.15-10.59.15:510][770]LogModuleManager: Shutting down and abandoning module PhysXCooking (86)
[2019.02.15-10.59.15:510][770]LogModuleManager: Shutting down and abandoning module SteamVR (84)
[2019.02.15-10.59.15:510][770]LogModuleManager: Shutting down and abandoning module OculusHMD (82)
[2019.02.15-10.59.15:510][770]LogModuleManager: Shutting down and abandoning module ExampleDeviceProfileSelector (80)
[2019.02.15-10.59.15:510][770]LogModuleManager: Shutting down and abandoning module LauncherChunkInstaller (78)
[2019.02.15-10.59.15:510][770]LogModuleManager: Shutting down and abandoning module OnlineBlueprintSupport (76)
[2019.02.15-10.59.15:510][770]LogModuleManager: Shutting down and abandoning module OnlineSubsystem (72)
[2019.02.15-10.59.15:511][770]LogModuleManager: Shutting down and abandoning module XMPP (67)
[2019.02.15-10.59.15:511][770]LogModuleManager: Shutting down and abandoning module WebSockets (66)
[2019.02.15-10.59.15:517][770]LogModuleManager: Shutting down and abandoning module HTTP (63)
[2019.02.15-10.59.15:517][770]LogHttp: Display: Http module shutting down, but needs to wait on 1 outstanding Http requests:
[2019.02.15-10.59.15:517][770]LogHttp: Display: 	verb=[POST] url=[https://datarouter.ol.epicgames.com/datarouter/api/v1/public/data?SessionID=%7B06CEE09E-4708-713F-2FE3-968CBA508648%7D&AppID=UEEditor.Rocket.Release&AppVersion=4.20.3-4369336%2B%2B%2BUE4%2BRelease-4.20&UserID=b122ec034621b40a4fd26d9823131a55%7C%7Cff32d30c-e02f-455d-8f76-e49cc0b64af9&AppEnvironment=datacollector-binary&UploadType=eteventstream] status=Processing
[2019.02.15-10.59.15:551][770]LogModuleManager: Shutting down and abandoning module SSL (62)
[2019.02.15-10.59.15:552][770]LogModuleManager: Shutting down and abandoning module MagicLeapEmulator (58)
[2019.02.15-10.59.15:552][770]LogModuleManager: Shutting down and abandoning module MagicLeapPrivileges (56)
[2019.02.15-10.59.15:552][770]LogModuleManager: Shutting down and abandoning module MagicLeapIdentity (54)
[2019.02.15-10.59.15:552][770]LogModuleManager: Shutting down and abandoning module MagicLeapHelperVulkan (52)
[2019.02.15-10.59.15:552][770]LogModuleManager: Shutting down and abandoning module MagicLeapHelperOpenGL (50)
[2019.02.15-10.59.15:552][770]LogModuleManager: Shutting down and abandoning module MagicLeapSecureStorage (48)
[2019.02.15-10.59.15:552][770]LogModuleManager: Shutting down and abandoning module MagicLeapGestures (46)
[2019.02.15-10.59.15:553][770]LogModuleManager: Shutting down and abandoning module MagicLeapEyeTracker (44)
[2019.02.15-10.59.15:553][770]LogModuleManager: Shutting down and abandoning module MagicLeapController (42)
[2019.02.15-10.59.15:553][770]LogSlate: Slate User Destroyed.  User Index 0, Is Virtual User: 0
[2019.02.15-10.59.15:553][770]LogModuleManager: Shutting down and abandoning module MagicLeap (40)
[2019.02.15-10.59.15:553][770]LogModuleManager: Shutting down and abandoning module DesktopPlatform (38)
[2019.02.15-10.59.15:553][770]LogModuleManager: Shutting down and abandoning module AnimationModifiers (36)
[2019.02.15-10.59.15:553][770]LogModuleManager: Shutting down and abandoning module PropertyEditor (35)
[2019.02.15-10.59.15:553][770]LogModuleManager: Shutting down and abandoning module AudioEditor (32)
[2019.02.15-10.59.15:553][770]LogModuleManager: Shutting down and abandoning module TextureCompressor (30)
[2019.02.15-10.59.15:553][770]LogModuleManager: Shutting down and abandoning module ShaderCore (28)
[2019.02.15-10.59.15:553][770]LogModuleManager: Shutting down and abandoning module Landscape (26)
[2019.02.15-10.59.15:553][770]LogModuleManager: Shutting down and abandoning module SlateRHIRenderer (24)
[2019.02.15-10.59.15:553][770]LogModuleManager: Shutting down and abandoning module OpenGLDrv (22)
[2019.02.15-10.59.15:553][770]LogModuleManager: Shutting down and abandoning module D3D11RHI (20)
[2019.02.15-10.59.15:553][770]LogModuleManager: Shutting down and abandoning module AnimGraphRuntime (18)
[2019.02.15-10.59.15:553][770]LogModuleManager: Shutting down and abandoning module Renderer (16)
[2019.02.15-10.59.15:553][770]LogModuleManager: Shutting down and abandoning module Engine (14)
[2019.02.15-10.59.15:553][770]LogModuleManager: Shutting down and abandoning module CoreUObject (12)
[2019.02.15-10.59.15:553][770]LogModuleManager: Shutting down and abandoning module NetworkFile (10)
[2019.02.15-10.59.15:554][770]LogModuleManager: Shutting down and abandoning module CookedIterativeFile (8)
[2019.02.15-10.59.15:554][770]LogModuleManager: Shutting down and abandoning module StreamingFile (6)
[2019.02.15-10.59.15:554][770]LogModuleManager: Shutting down and abandoning module SandboxFile (4)
[2019.02.15-10.59.15:554][770]LogModuleManager: Shutting down and abandoning module PakFile (2)
[2019.02.15-10.59.15:559][770]LogExit: Exiting.
[2019.02.15-10.59.15:570][770]Log file closed, 02/15/19 10:59:15
