Log file open, 02/11/19 14:08:33
LogWindows: Failed to load 'aqProf.dll' (GetLastError=126)
LogWindows: File 'aqProf.dll' does not exist
LogWindows: Failed to load 'VSPerf140.dll' (GetLastError=126)
LogWindows: File 'VSPerf140.dll' does not exist
LogWindows: Failed to load 'VtuneApi.dll' (GetLastError=126)
LogWindows: File 'VtuneApi.dll' does not exist
LogWindows: Failed to load 'VtuneApi32e.dll' (GetLastError=126)
LogWindows: File 'VtuneApi32e.dll' does not exist
LogInit: Display: Running engine for game: Castleforce
LogPlatformFile: Not using cached read wrapper
LogTaskGraph: Started task graph with 5 named threads and 23 total threads with 3 sets of task threads.
LogStats: Stats thread started at 0.312714
LogD3D11RHI: Loaded GFSDK_Aftermath_Lib.x64.dll
LogICUInternationalization: Display: ICU TimeZone Detection - Raw Offset: +0:00, Platform Override: ''
LogPluginManager: Mounting plugin Paper2D
LogPluginManager: Mounting plugin AISupport
LogPluginManager: Mounting plugin LightPropagationVolume
LogPluginManager: Mounting plugin CLionSourceCodeAccess
LogPluginManager: Mounting plugin CodeLiteSourceCodeAccess
LogPluginManager: Mounting plugin GitSourceControl
LogPluginManager: Mounting plugin KDevelopSourceCodeAccess
LogPluginManager: Mounting plugin NullSourceCodeAccess
LogPluginManager: Mounting plugin PerforceSourceControl
LogPluginManager: Mounting plugin SubversionSourceControl
LogPluginManager: Mounting plugin UObjectPlugin
LogPluginManager: Mounting plugin VisualStudioCodeSourceCodeAccess
LogPluginManager: Mounting plugin VisualStudioSourceCodeAccess
LogPluginManager: Mounting plugin XCodeSourceCodeAccess
LogPluginManager: Mounting plugin AssetManagerEditor
LogPluginManager: Mounting plugin CryptoKeys
LogPluginManager: Mounting plugin DataValidation
LogPluginManager: Mounting plugin FacialAnimation
LogPluginManager: Mounting plugin GameplayTagsEditor
LogPluginManager: Mounting plugin MacGraphicsSwitching
LogPluginManager: Mounting plugin MeshEditor
LogPluginManager: Mounting plugin MobileLauncherProfileWizard
LogPluginManager: Mounting plugin PluginBrowser
LogPluginManager: Mounting plugin SpeedTreeImporter
LogPluginManager: Mounting plugin DatasmithContent
LogPluginManager: Mounting plugin AlembicImporter
LogPluginManager: Mounting plugin AppleImageUtils
LogPluginManager: Mounting plugin AppleVision
LogPluginManager: Mounting plugin BackChannel
LogPluginManager: Mounting plugin CharacterAI
LogPluginManager: Mounting plugin GeometryCache
LogPluginManager: Mounting plugin HTML5Networking
LogPluginManager: Mounting plugin ProxyLODPlugin
LogPluginManager: Mounting plugin MagicLeap
LogPluginManager: Mounting plugin MagicLeapEmulator
LogPluginManager: Mounting plugin MagicLeapMedia
LogPluginManager: Mounting plugin AndroidMedia
LogPluginManager: Mounting plugin AvfMedia
LogPluginManager: Mounting plugin ImgMedia
LogPluginManager: Mounting plugin LinearTimecode
LogPluginManager: Mounting plugin MediaCompositing
LogPluginManager: Mounting plugin MediaPlayerEditor
LogPluginManager: Mounting plugin WmfMedia
LogPluginManager: Mounting plugin TcpMessaging
LogPluginManager: Mounting plugin UdpMessaging
LogPluginManager: Mounting plugin ActorSequence
LogPluginManager: Mounting plugin LevelSequenceEditor
LogPluginManager: Mounting plugin MatineeToLevelSequence
LogPluginManager: Mounting plugin NetcodeUnitTest
LogPluginManager: Mounting plugin NUTUnrealEngine4
LogPluginManager: Mounting plugin OnlineSubsystemGooglePlay
LogPluginManager: Mounting plugin OnlineSubsystemIOS
LogPluginManager: Mounting plugin OnlineSubsystem
LogPluginManager: Mounting plugin OnlineSubsystemNull
LogPluginManager: Mounting plugin OnlineSubsystemUtils
LogPluginManager: Mounting plugin LauncherChunkInstaller
LogPluginManager: Mounting plugin AndroidDeviceProfileSelector
LogPluginManager: Mounting plugin AndroidMoviePlayer
LogPluginManager: Mounting plugin AndroidPermission
LogPluginManager: Mounting plugin AppleMoviePlayer
LogPluginManager: Mounting plugin ArchVisCharacter
LogPluginManager: Mounting plugin AudioCapture
LogPluginManager: Mounting plugin CableComponent
LogPluginManager: Mounting plugin CustomMeshComponent
LogPluginManager: Mounting plugin EditableMesh
LogPluginManager: Mounting plugin ExampleDeviceProfileSelector
LogPluginManager: Mounting plugin GoogleCloudMessaging
LogPluginManager: Mounting plugin ImmediatePhysics
LogPluginManager: Mounting plugin IOSDeviceProfileSelector
LogPluginManager: Mounting plugin LinuxDeviceProfileSelector
LogPluginManager: Mounting plugin LocationServicesBPLibrary
LogPluginManager: Mounting plugin MobilePatchingUtils
LogPluginManager: Mounting plugin OculusVR
LogPluginManager: Plugin shader directory ../../../Engine/Plugins/Runtime/Oculus/OculusVR/Shaders found
LogPluginManager: Mapping shader source directory ../../../Engine/Plugins/Runtime/Oculus/OculusVR/Shaders to virtual directory /Plugin/OculusVR
LogPluginManager: Mounting plugin PhysXVehicles
LogPluginManager: Mounting plugin ProceduralMeshComponent
LogPluginManager: Mounting plugin RuntimePhysXCooking
LogPluginManager: Mounting plugin SteamVR
LogPluginManager: Mounting plugin WindowsMoviePlayer
LogStreaming: Display: Took  0.217s to configure plugins.
LogInit: Using libcurl 7.55.1-DEV
LogInit:  - built for x86_64-pc-win32
LogInit:  - supports SSL with OpenSSL/1.0.2h
LogInit:  - supports HTTP deflate (compression) using libz 1.2.8
LogInit:  - other features:
LogInit:      CURL_VERSION_SSL
LogInit:      CURL_VERSION_LIBZ
LogInit:      CURL_VERSION_IPV6
LogInit:      CURL_VERSION_ASYNCHDNS
LogInit:      CURL_VERSION_LARGEFILE
LogInit:      CURL_VERSION_IDN
LogInit:  CurlRequestOptions (configurable via config and command line):
LogInit:  - bVerifyPeer = false  - Libcurl will NOT verify peer certificate
LogInit:  - bUseHttpProxy = false  - Libcurl will NOT use HTTP proxy
LogInit:  - bDontReuseConnections = false  - Libcurl will reuse connections
LogInit:  - CertBundlePath = nullptr  - Libcurl will use whatever was configured at build time.
LogInit:  - MaxHostConnections = 16  - Libcurl will limit the number of connections to a host
LogInit:  - LocalHostAddr = Default
LogInit:  - BufferSize = 65536
LogInit: WinSock: version 1.1 (2.2), MaxSocks=32767, MaxUdp=65467
LogInit: Build: ++UE4+Release-4.20-CL-4369336
LogInit: Engine Version: 4.20.3-4369336+++UE4+Release-4.20
LogInit: Compatible Engine Version: 4.20.0-4212847+++UE4+Release-4.20
LogInit: Net CL: 4212847
LogInit: OS: Windows 10 (), CPU: AMD FX(tm)-8350 Eight-Core Processor           , GPU: NVIDIA GeForce GTX 1070 Ti
LogInit: Compiled (64-bit): Sep 17 2018 12:26:19
LogInit: Compiled with Visual C++: 19.13.26129.00
LogInit: Build Configuration: Development
LogInit: Branch Name: ++UE4+Release-4.20
LogInit: Command Line:  
LogInit: Base Directory: D:/Unreal/Engine/UE_4.20/Engine/Binaries/Win64/
LogInit: Installed Engine Build: 1
LogDevObjectVersion: Number of dev versions registered: 20
LogDevObjectVersion:   Dev-Blueprints (B0D832E4-1F89-4F0D-ACCF-7EB736FD4AA2): 10
LogDevObjectVersion:   Dev-Build (E1C64328-A22C-4D53-A36C-8E866417BD8C): 0
LogDevObjectVersion:   Dev-Core (375EC13C-06E4-48FB-B500-84F0262A717E): 2
LogDevObjectVersion:   Dev-Editor (E4B068ED-F494-42E9-A231-DA0B2E46BB41): 24
LogDevObjectVersion:   Dev-Framework (CFFC743F-43B0-4480-9391-14DF171D2073): 34
LogDevObjectVersion:   Dev-Mobile (B02B49B5-BB20-44E9-A304-32B752E40360): 2
LogDevObjectVersion:   Dev-Networking (A4E4105C-59A1-49B5-A7C5-40C4547EDFEE): 0
LogDevObjectVersion:   Dev-Online (39C831C9-5AE6-47DC-9A44-9C173E1C8E7C): 0
LogDevObjectVersion:   Dev-Physics (78F01B33-EBEA-4F98-B9B4-84EACCB95AA2): 0
LogDevObjectVersion:   Dev-Platform (6631380F-2D4D-43E0-8009-CF276956A95A): 0
LogDevObjectVersion:   Dev-Rendering (12F88B9F-8875-4AFC-A67C-D90C383ABD29): 26
LogDevObjectVersion:   Dev-Sequencer (7B5AE74C-D270-4C10-A958-57980B212A5A): 9
LogDevObjectVersion:   Dev-VR (D7296918-1DD6-4BDD-9DE2-64A83CC13884): 2
LogDevObjectVersion:   Dev-LoadTimes (C2A15278-BFE7-4AFE-6C17-90FF531DF755): 1
LogDevObjectVersion:   Private-Geometry (6EACA3D4-40EC-4CC1-B786-8BED09428FC5): 3
LogDevObjectVersion:   Dev-AnimPhys (29E575DD-E0A3-4627-9D10-D276232CDCEA): 17
LogDevObjectVersion:   Dev-ReflectionCapture (6B266CEC-1EC7-4B8F-A30B-E4D90942FC07): 1
LogDevObjectVersion:   Dev-Automation (0DF73D61-A23F-47EA-B727-89E90C41499A): 1
LogDevObjectVersion:   FortniteMain (601D1886-AC64-4F84-AA16-D3DE0DEAC7D6): 12
LogDevObjectVersion:   Dev-Enterprise (9DFFBCD6-494F-0158-E221-12823C92A888): 1
LogStreaming: Display: Took  0.022s to delete old logs.
LogInit: Presizing for max 8388607 objects, including 0 objects not considered by GC, pre-allocating 0 bytes for permanent pool.
LogInit: Object subsystem initialized
[2019.02.11-14.08.34:691][  0]LogInit: Selected Device Profile: [Windows]
[2019.02.11-14.08.34:691][  0]LogInit: Applying CVar settings loaded from the selected device profile: [Windows]
[2019.02.11-14.08.34:711][  0]LogHAL: Display: Platform has ~ 8 GB [8484548608 / 8589934592 / 8], which maps to Default [LargestMinGB=32, LargerMinGB=12, DefaultMinGB=8, SmallerMinGB=6, SmallestMinGB=0)
[2019.02.11-14.08.34:711][  0]LogInit: Setting Device Profile CVar: [[r.Vulkan.UseRealUBs:1]]
[2019.02.11-14.08.34:711][  0]LogInit: Going up to parent DeviceProfile []
[2019.02.11-14.08.34:712][  0]LogInit: Computer: DESKTOP-TLUBEOD
[2019.02.11-14.08.34:712][  0]LogInit: User: rh27u
[2019.02.11-14.08.34:712][  0]LogInit: CPU Page size=4096, Cores=4
[2019.02.11-14.08.34:712][  0]LogInit: High frequency timer resolution =3.919321 MHz
[2019.02.11-14.08.34:712][  0]LogMemory: Memory total: Physical=7.9GB (8GB approx)
[2019.02.11-14.08.34:712][  0]LogMemory: Platform Memory Stats for Windows
[2019.02.11-14.08.34:712][  0]LogMemory: Process Physical Memory: 99.99 MB used, 99.99 MB peak
[2019.02.11-14.08.34:712][  0]LogMemory: Process Virtual Memory: 87.47 MB used, 87.47 MB peak
[2019.02.11-14.08.34:712][  0]LogMemory: Physical Memory: 4725.94 MB used,  3365.55 MB free, 8091.50 MB total
[2019.02.11-14.08.34:713][  0]LogMemory: Virtual Memory: 4641.60 MB used,  3365.55 MB free, 134217728.00 MB total
[2019.02.11-14.08.35:001][  0]LogInit: Using OS detected language (en-US).
[2019.02.11-14.08.35:001][  0]LogInit: Using OS detected locale (en-GB).
[2019.02.11-14.08.35:006][  0]LogTextLocalizationManager: No specific localization for 'en-US' exists, so the 'en' localization will be used.
[2019.02.11-14.08.36:247][  0]LogStreaming: Display: Took  1.247s to InitEngineTextLocalization.
[2019.02.11-14.08.36:247][  0]LogInit: Setting process to per monitor DPI aware
[2019.02.11-14.08.36:644][  0]LogSlate: New Slate User Created.  User Index 0, Is Virtual User: 0
[2019.02.11-14.08.36:644][  0]LogSlate: Slate User Registered.  User Index 0, Is Virtual User: 0
[2019.02.11-14.08.40:373][  0]LogHMD: Failed to initialize OpenVR with code 110
[2019.02.11-14.08.40:373][  0]LogD3D11RHI: D3D11 adapters:
[2019.02.11-14.08.40:503][  0]LogD3D11RHI:    0. 'NVIDIA GeForce GTX 1070 Ti' (Feature Level 11_0)
[2019.02.11-14.08.40:503][  0]LogD3D11RHI:       8080/0/4045 MB DedicatedVideo/DedicatedSystem/SharedSystem, Outputs:3, VendorId:0x10de
[2019.02.11-14.08.40:506][  0]LogD3D11RHI:    1. 'Microsoft Basic Render Driver' (Feature Level 11_0)
[2019.02.11-14.08.40:506][  0]LogD3D11RHI:       0/0/4045 MB DedicatedVideo/DedicatedSystem/SharedSystem, Outputs:0, VendorId:0x1414
[2019.02.11-14.08.40:506][  0]LogD3D11RHI: Chosen D3D11 Adapter: 0
[2019.02.11-14.08.40:515][  0]LogD3D11RHI: Creating new Direct3DDevice
[2019.02.11-14.08.40:515][  0]LogD3D11RHI:     GPU DeviceId: 0x1b82 (for the marketing name, search the web for "GPU Device Id")
[2019.02.11-14.08.40:515][  0]LogWindows: EnumDisplayDevices:
[2019.02.11-14.08.40:515][  0]LogWindows:    0. 'NVIDIA GeForce GTX 1070 Ti' (P:0 D:1)
[2019.02.11-14.08.40:516][  0]LogWindows:    1. 'NVIDIA GeForce GTX 1070 Ti' (P:1 D:1)
[2019.02.11-14.08.40:516][  0]LogWindows:    2. 'NVIDIA GeForce GTX 1070 Ti' (P:0 D:1)
[2019.02.11-14.08.40:516][  0]LogWindows:    3. 'NVIDIA GeForce GTX 1070 Ti' (P:0 D:0)
[2019.02.11-14.08.40:516][  0]LogWindows: DebugString: FoundDriverCount:4 
[2019.02.11-14.08.40:516][  0]LogD3D11RHI:     Adapter Name: NVIDIA GeForce GTX 1070 Ti
[2019.02.11-14.08.40:516][  0]LogD3D11RHI:   Driver Version: 417.35 (internal:25.21.14.1735, unified:417.35)
[2019.02.11-14.08.40:516][  0]LogD3D11RHI:      Driver Date: 12-11-2018
[2019.02.11-14.08.40:516][  0]LogRHI: Texture pool is 5656 MB (70% of 8080 MB)
[2019.02.11-14.08.40:580][  0]LogD3D11RHI: Async texture creation enabled
[2019.02.11-14.08.40:604][  0]LogD3D11RHI: GPU Timing Frequency: 1000.000000 (Debug: 2 2)
[2019.02.11-14.08.40:706][  0]LogShaderCompilers: Guid format shader working directory is -31 characters bigger than the processId version (../../../../../../Shitty UE4 Games I Make/Castleforce/castleforce/Castleforce/Intermediate/Shaders/WorkingDirectory/2624/).
[2019.02.11-14.08.40:706][  0]LogShaderCompilers: Cleaned the shader compiler working directory 'C:/Users/rh27u/AppData/Local/Temp/UnrealShaderWorkingDir/D5E58FB04F05BADFD452C8AF2C3AAC96/'.
[2019.02.11-14.08.41:064][  0]LogTemp: Display: Loaded TP AllDesktopTargetPlatform
[2019.02.11-14.08.41:090][  0]LogTemp: Display: Loaded TP MacClientTargetPlatform
[2019.02.11-14.08.41:121][  0]LogTemp: Display: Loaded TP MacNoEditorTargetPlatform
[2019.02.11-14.08.41:150][  0]LogTemp: Display: Loaded TP MacServerTargetPlatform
[2019.02.11-14.08.41:191][  0]LogTemp: Display: Loaded TP MacTargetPlatform
[2019.02.11-14.08.41:217][  0]LogTemp: Display: Loaded TP WindowsClientTargetPlatform
[2019.02.11-14.08.41:239][  0]LogTemp: Display: Loaded TP WindowsNoEditorTargetPlatform
[2019.02.11-14.08.41:268][  0]LogTemp: Display: Loaded TP WindowsServerTargetPlatform
[2019.02.11-14.08.41:283][  0]LogTemp: Display: Loaded TP WindowsTargetPlatform
[2019.02.11-14.08.41:431][  0]LogTemp: Display: Loaded TP AndroidTargetPlatform
[2019.02.11-14.08.41:431][  0]LogTemp: Display: Loaded TP AndroidTargetPlatform
[2019.02.11-14.08.41:431][  0]LogTemp: Display: Loaded TP AndroidTargetPlatform
[2019.02.11-14.08.41:431][  0]LogTemp: Display: Loaded TP AndroidTargetPlatform
[2019.02.11-14.08.41:431][  0]LogTemp: Display: Loaded TP AndroidTargetPlatform
[2019.02.11-14.08.41:431][  0]LogTemp: Display: Loaded TP AndroidTargetPlatform
[2019.02.11-14.08.41:431][  0]LogTemp: Display: Loaded TP AndroidTargetPlatform
[2019.02.11-14.08.41:431][  0]LogTemp: Display: Loaded TP AndroidTargetPlatform
[2019.02.11-14.08.41:431][  0]LogTemp: Display: Loaded TP AndroidTargetPlatform
[2019.02.11-14.08.41:431][  0]LogTemp: Display: Loaded TP AndroidTargetPlatform
[2019.02.11-14.08.41:431][  0]LogTemp: Display: Loaded TP AndroidTargetPlatform
[2019.02.11-14.08.41:431][  0]LogTemp: Display: Loaded TP AndroidTargetPlatform
[2019.02.11-14.08.41:431][  0]LogTemp: Display: Loaded TP AndroidTargetPlatform
[2019.02.11-14.08.41:431][  0]LogTemp: Display: Loaded TP AndroidTargetPlatform
[2019.02.11-14.08.41:431][  0]LogTemp: Display: Loaded TP AndroidTargetPlatform
[2019.02.11-14.08.41:431][  0]LogTemp: Display: Loaded TP AndroidTargetPlatform
[2019.02.11-14.08.41:431][  0]LogTemp: Display: Loaded TP AndroidTargetPlatform
[2019.02.11-14.08.41:431][  0]LogTemp: Display: Loaded TP AndroidTargetPlatform
[2019.02.11-14.08.41:439][  0]LogTemp: Display: Loaded TP HTML5TargetPlatform
[2019.02.11-14.08.41:558][  0]LogTemp: Display: Loaded TP IOSTargetPlatform
[2019.02.11-14.08.41:558][  0]LogTemp: Display: Loaded TP IOSTargetPlatform
[2019.02.11-14.08.41:609][  0]LogTemp: Display: Loaded TP TVOSTargetPlatform
[2019.02.11-14.08.41:609][  0]LogTemp: Display: Loaded TP TVOSTargetPlatform
[2019.02.11-14.08.41:636][  0]LogTemp: Display: Loaded TP LinuxClientTargetPlatform
[2019.02.11-14.08.41:664][  0]LogTemp: Display: Loaded TP LinuxNoEditorTargetPlatform
[2019.02.11-14.08.41:684][  0]LogTemp: Display: Loaded TP LinuxServerTargetPlatform
[2019.02.11-14.08.41:735][  0]LogTemp: Display: Loaded TP LinuxTargetPlatform
[2019.02.11-14.08.41:761][  0]LogTemp: Display: Loaded TP LuminTargetPlatform
[2019.02.11-14.08.41:761][  0]LogTargetPlatformManager: Display: Building Assets For Windows
[2019.02.11-14.08.42:117][  0]LogXGEController: Cannot use XGE Controller as Incredibuild is not installed on this machine.
[2019.02.11-14.08.42:117][  0]LogShaderCompilers: Cannot use XGE Shader Compiler as Incredibuild is not installed on this machine.
[2019.02.11-14.08.42:117][  0]LogShaderCompilers: Display: Using Local Shader Compiler.
[2019.02.11-14.08.43:454][  0]LogDerivedDataCache: Display: Max Cache Size: 512 MB
[2019.02.11-14.08.43:544][  0]LogDerivedDataCache: Loaded boot cache 0.09s 71MB C:/Users/rh27u/AppData/Local/UnrealEngine/4.20/DerivedDataCache/Boot.ddc.
[2019.02.11-14.08.43:545][  0]LogDerivedDataCache: Display: Loaded Boot cache: C:/Users/rh27u/AppData/Local/UnrealEngine/4.20/DerivedDataCache/Boot.ddc
[2019.02.11-14.08.43:545][  0]LogDerivedDataCache: FDerivedDataBackendGraph:  Pak pak cache file ../../../../../../Shitty UE4 Games I Make/Castleforce/castleforce/Castleforce/DerivedDataCache/DDC.ddp not found, will not use a pak cache.
[2019.02.11-14.08.43:545][  0]LogDerivedDataCache: Unable to find inner node Pak for hierarchical cache Hierarchy.
[2019.02.11-14.08.43:545][  0]LogDerivedDataCache: FDerivedDataBackendGraph:  CompressedPak pak cache file ../../../../../../Shitty UE4 Games I Make/Castleforce/castleforce/Castleforce/DerivedDataCache/Compressed.ddp not found, will not use a pak cache.
[2019.02.11-14.08.43:545][  0]LogDerivedDataCache: Unable to find inner node CompressedPak for hierarchical cache Hierarchy.
[2019.02.11-14.08.43:561][  0]LogDerivedDataCache: Display: Pak cache opened for reading ../../../Engine/DerivedDataCache/Compressed.ddp.
[2019.02.11-14.08.43:574][  0]LogDerivedDataCache: Using Local data cache path C:/Users/rh27u/AppData/Local/UnrealEngine/Common/DerivedDataCache: Writable
[2019.02.11-14.08.43:574][  0]LogDerivedDataCache: Shared data cache path not found in *engine.ini, will not use an Shared cache.
[2019.02.11-14.08.43:574][  0]LogDerivedDataCache: Unable to find inner node Shared for hierarchical cache Hierarchy.
[2019.02.11-14.08.43:602][  0]LogMaterial: Verifying Global Shaders for PCD3D_SM5
[2019.02.11-14.08.43:603][  0]LogSlate: Using FreeType 2.6.0
[2019.02.11-14.08.43:604][  0]LogSlate: SlateFontServices - WITH_FREETYPE: 1, WITH_HARFBUZZ: 1
[2019.02.11-14.08.43:707][  0]LogAssetRegistry: FAssetRegistry took 0.0295 seconds to start up
[2019.02.11-14.08.44:219][  0]LogInit: Selected Device Profile: [Windows]
[2019.02.11-14.08.44:386][  0]LogSimplygon: Simplygon DLL not present - disabling.
[2019.02.11-14.08.44:391][  0]LogMeshReduction: Using SimplygonSwarm for distributed automatic mesh merging
[2019.02.11-14.08.44:391][  0]LogMeshReduction: Using ProxyLODMeshReduction for automatic mesh merging
[2019.02.11-14.08.44:392][  0]LogMeshReduction: Using QuadricMeshReduction for automatic static mesh reduction
[2019.02.11-14.08.44:392][  0]LogMeshReduction: No automatic skeletal mesh reduction module available
[2019.02.11-14.08.44:443][  0]LogNetVersion: Castleforce 1.0.0, NetCL: 4212847, EngineNetVer: 5, GameNetVer: 0 (Checksum: 2622368503)
[2019.02.11-14.08.45:211][  0]LogPackageLocalizationCache: Processed 11 localized package path(s) for 2 prioritized culture(s) in 0.182543 seconds
[2019.02.11-14.08.45:221][  0]LogUObjectArray: 38425 objects as part of root set at end of initial load.
[2019.02.11-14.08.45:221][  0]LogUObjectAllocator: 6690872 out of 0 bytes used by permanent object pool.
[2019.02.11-14.08.45:221][  0]LogUObjectArray: CloseDisregardForGC: 0/0 objects in disregard for GC pool
[2019.02.11-14.08.46:373][  0]LogTcpMessaging: Initializing TcpMessaging bridge
[2019.02.11-14.08.46:387][  0]LogUdpMessaging: Initializing bridge on interface 0.0.0.0:0 to multicast group 230.0.0.1:6666.
[2019.02.11-14.08.46:575][  0]SourceControl: Source control is disabled
[2019.02.11-14.08.46:575][  0]SourceControl: Source control is disabled
[2019.02.11-14.08.46:577][  0]SourceControl: Source control is disabled
[2019.02.11-14.08.46:578][  0]SourceControl: Source control is disabled
[2019.02.11-14.08.46:776][  0]LogAndroidPermission: UAndroidPermissionCallbackProxy::GetInstance
[2019.02.11-14.08.46:887][  0]LogOcInput: OculusInput pre-init called
[2019.02.11-14.08.46:959][  0]LogEngine: Initializing Engine...
[2019.02.11-14.08.46:960][  0]LogHMD: Failed to initialize OpenVR with code 110
[2019.02.11-14.08.46:962][  0]LogStats: UGameplayTagsManager::ConstructGameplayTagTree: ImportINI prefixes -  0.000 s
[2019.02.11-14.08.46:962][  0]LogStats: UGameplayTagsManager::ConstructGameplayTagTree: Construct from data asset -  0.000 s
[2019.02.11-14.08.46:962][  0]LogStats: UGameplayTagsManager::ConstructGameplayTagTree: ImportINI -  0.000 s
[2019.02.11-14.08.46:962][  0]LogStats: UGameplayTagsManager::ConstructGameplayTagTree: GameplayTagTreeChangedEvent.Broadcast -  0.000 s
[2019.02.11-14.08.47:315][  0]LogInit: Initializing FReadOnlyCVARCache
[2019.02.11-14.08.47:327][  0]LogAIModule: Creating AISystem for world Untitled
[2019.02.11-14.08.47:356][  0]LogInit: XAudio2 using 'Headset Earphone (HyperX 7.1 Audio)' : 2 channels at 48 kHz using 16 bits per sample (channel mask 0x3)
[2019.02.11-14.08.47:372][  0]LogInit: FAudioDevice initialized.
[2019.02.11-14.08.47:372][  0]LogNetVersion: Set ProjectVersion to 1.0.0.0. Version Checksum will be recalculated on next use.
[2019.02.11-14.08.47:569][  0]LogDerivedDataCache: Saved boot cache 0.20s 71MB C:/Users/rh27u/AppData/Local/UnrealEngine/4.20/DerivedDataCache/Boot.ddc.
[2019.02.11-14.08.47:583][  0]LogInit: Texture streaming: Enabled
[2019.02.11-14.08.47:606][  0]LogEngineSessionManager: EngineSessionManager initialized
[2019.02.11-14.08.47:626][  0]LogInit: Transaction tracking system initialized
[2019.02.11-14.08.47:665][  0]BlueprintLog: New page: Editor Load
[2019.02.11-14.08.47:746][  0]LocalizationService: Localization service is disabled
[2019.02.11-14.08.48:056][  0]LogCook: Display: Max memory allowance for cook 16384mb min free memory 0mb
[2019.02.11-14.08.48:056][  0]LogCook: Display: Mobile HDR setting 1
[2019.02.11-14.08.48:056][  0]LogGameplayTags: Display: UGameplayTagsManager::DoneAddingNativeTags. DelegateIsBound: 0
[2019.02.11-14.08.48:056][  0]LogStats: UGameplayTagsManager::ConstructGameplayTagTree: ImportINI prefixes -  0.000 s
[2019.02.11-14.08.48:056][  0]LogStats: UGameplayTagsManager::ConstructGameplayTagTree: Construct from data asset -  0.000 s
[2019.02.11-14.08.48:057][  0]LogStats: UGameplayTagsManager::ConstructGameplayTagTree: ImportINI -  0.000 s
[2019.02.11-14.08.48:057][  0]LogStats: UGameplayTagsManager::ConstructGameplayTagTree: GameplayTagTreeChangedEvent.Broadcast -  0.000 s
[2019.02.11-14.08.48:220][  0]LogFileCache: Scanning file cache for directory 'D:/Shitty UE4 Games I Make/Castleforce/castleforce/Castleforce/Content/' took 0.02s
[2019.02.11-14.08.48:220][  0]SourceControl: Source control is disabled
[2019.02.11-14.08.48:220][  0]Cmd: MAP LOAD FILE="../../../../../../Shitty UE4 Games I Make/Castleforce/castleforce/Castleforce/Content/Levels/Level1.umap" TEMPLATE=0 SHOWPROGRESS=1 FEATURELEVEL=3
[2019.02.11-14.08.48:221][  0]LightingResults: New page: Lighting Build
[2019.02.11-14.08.48:224][  0]MapCheck: New page: Map Check
[2019.02.11-14.08.48:224][  0]LightingResults: New page: Lighting Build
[2019.02.11-14.08.48:693][  0]LogAIModule: Creating AISystem for world Level1
[2019.02.11-14.08.48:700][  0]LogEditorServer: Finished looking for orphan Actors (0.000 secs)
[2019.02.11-14.08.48:830][  0]Cmd: MAP CHECKDEP NOCLEARLOG
[2019.02.11-14.08.48:918][  0]MapCheck: Map check complete: 0 Error(s), 0 Warning(s), took 87.379ms to complete.
[2019.02.11-14.08.48:918][  0]LogFileHelpers: Loading map 'Level1' took 0.697
[2019.02.11-14.08.49:167][  0]LogSlate: Updating window title bar state: overlay mode, drag disabled, window buttons hidden, title bar hidden
[2019.02.11-14.08.49:177][  0]LogSlate: Updating window title bar state: overlay mode, drag disabled, window buttons hidden, title bar hidden
[2019.02.11-14.08.49:187][  0]LogSlate: Updating window title bar state: overlay mode, drag disabled, window buttons hidden, title bar hidden
[2019.02.11-14.08.49:197][  0]LogSlate: Updating window title bar state: overlay mode, drag disabled, window buttons hidden, title bar hidden
[2019.02.11-14.08.49:204][  0]LogCollectionManager: Loaded 0 collections in 0.001567 seconds
[2019.02.11-14.08.49:282][  0]LogFileCache: Scanning file cache for directory 'D:/Shitty UE4 Games I Make/Castleforce/castleforce/Castleforce/Saved/Collections/' took 0.01s
[2019.02.11-14.08.49:282][  0]LogFileCache: Scanning file cache for directory 'D:/Shitty UE4 Games I Make/Castleforce/castleforce/Castleforce/Content/Developers/rh27u/Collections/' took 0.01s
[2019.02.11-14.08.49:282][  0]LogFileCache: Scanning file cache for directory 'D:/Shitty UE4 Games I Make/Castleforce/castleforce/Castleforce/Content/Collections/' took 0.01s
[2019.02.11-14.08.49:282][  0]LogCollectionManager: Rebuilt the GUID cache for 0 collections in 0.000000 seconds
[2019.02.11-14.08.49:299][  0]LogContentBrowser: Native class hierarchy populated in 0.0165 seconds. Added 2583 classes and 607 folders.
[2019.02.11-14.08.49:308][  0]LogContentBrowser: Native class hierarchy updated for 'WidgetCarousel' in 0.0005 seconds. Added 0 classes and 0 folders.
[2019.02.11-14.08.49:393][  0]LogContentBrowser: Native class hierarchy updated for 'AddContentDialog' in 0.0005 seconds. Added 0 classes and 0 folders.
[2019.02.11-14.08.49:412][  0]LogSlate: Took 0.000505 seconds to synchronously load lazily loaded font '../../../Engine/Content/Slate/Fonts/Roboto-Regular.ttf' (155K)
[2019.02.11-14.08.49:419][  0]LogSlate: Took 0.000485 seconds to synchronously load lazily loaded font '../../../Engine/Content/Slate/Fonts/Roboto-Bold.ttf' (160K)
[2019.02.11-14.08.49:423][  0]LogSlate: Took 0.000490 seconds to synchronously load lazily loaded font '../../../Engine/Content/Editor/Slate/Fonts/FontAwesome.ttf' (139K)
[2019.02.11-14.08.49:525][  0]LogRenderer: Reallocating scene render targets to support 1200x576 Format 10 NumSamples 1 (Frame:1).
[2019.02.11-14.08.49:639][  0]LogSlate: Took 0.000368 seconds to synchronously load lazily loaded font '../../../Engine/Content/Slate/Fonts/Roboto-Light.ttf' (167K)
[2019.02.11-14.08.49:772][  0]LogContentBrowser: Native class hierarchy updated for 'HierarchicalLODOutliner' in 0.0006 seconds. Added 0 classes and 0 folders.
[2019.02.11-14.08.49:772][  0]LogLoad: (Engine Initialization) Total time: 19.45 seconds
[2019.02.11-14.08.49:772][  0]LogLoad: (Engine Initialization) Total Blueprint compile time: 0.00 seconds
[2019.02.11-14.08.49:783][  0]LogWindowsTextInputMethodSystem: Display: IME system now deactivated.
[2019.02.11-14.08.49:820][  0]LogContentStreaming: Texture pool size now 1000 MB
[2019.02.11-14.08.49:855][  1]LogFileCache: Retrieving MD5 hashes for directory 'D:/Shitty UE4 Games I Make/Castleforce/castleforce/Castleforce/Content/' took 0.06s
[2019.02.11-14.08.49:938][  2]LogAssetRegistry: Asset discovery search completed in 6.2531 seconds
[2019.02.11-14.08.49:940][  2]LogCollectionManager: Rebuilt the object cache for 0 collections in 0.000000 seconds (found 0 objects)
[2019.02.11-14.08.49:940][  2]LogCollectionManager: Fixed up redirectors for 0 collections in 0.000069 seconds (updated 0 objects)
[2019.02.11-14.09.53:907][655]LogSlate: FSceneViewport::OnFocusLost() reason 0
[2019.02.11-14.09.54:094][673]LogSlate: Took 0.000361 seconds to synchronously load lazily loaded font '../../../Engine/Content/Slate/Fonts/Roboto-Light.ttf' (167K)
[2019.02.11-14.09.54:106][673]LogAssetEditorManager: Opening Asset editor for Class /Script/Castleforce.CastleforceUnit
[2019.02.11-14.12.32:412][253]Candidate modules for hot reload:
[2019.02.11-14.12.32:412][253]  Castleforce
[2019.02.11-14.12.32:412][253]Launching UnrealBuildTool... [D:/Unreal/Engine/UE_4.20/Engine/Binaries/DotNET/UnrealBuildTool.exe  -ModuleWithSuffix=Castleforce,9740 Win64 Development -TargetType=Editor -Project="../../../../../../Shitty UE4 Games I Make/Castleforce/castleforce/Castleforce/Castleforce.uproject" -canskiplink "D:/Shitty UE4 Games I Make/Castleforce/castleforce/Castleforce/Castleforce.uproject" ]
[2019.02.11-14.12.32:417][253]Warning: Starting HotReload took  0.0s.
[2019.02.11-14.12.56:387][122]CompilerResultsLog: New page: Compilation - 11 Feb 2019 14:12:56
[2019.02.11-14.12.56:387][122]CompilerResultsLog: Using 'git status' to determine working set for adaptive non-unity build.
[2019.02.11-14.12.56:387][122]CompilerResultsLog: Compiling game modules for hot reload
[2019.02.11-14.12.56:387][122]CompilerResultsLog: Parsing headers for CastleforceEditor
[2019.02.11-14.12.56:387][122]CompilerResultsLog:   Running UnrealHeaderTool "D:\Shitty UE4 Games I Make\Castleforce\castleforce\Castleforce\Castleforce.uproject" "D:\Shitty UE4 Games I Make\Castleforce\castleforce\Castleforce\Intermediate\Build\Win64\CastleforceEditor\Development\CastleforceEditor.uhtmanifest" -LogCmds="loginit warning, logexit warning, logdatabase error" -Unattended -WarningsAsErrors -installed
[2019.02.11-14.12.56:387][122]CompilerResultsLog: Reflection code generated for CastleforceEditor in 14.3078369 seconds
[2019.02.11-14.12.56:387][122]CompilerResultsLog: Building 6 actions with 8 processes...
[2019.02.11-14.12.56:387][122]CompilerResultsLog:   [1/6] Castleforce.init.gen.cpp
[2019.02.11-14.12.56:387][122]CompilerResultsLog:   [2/6] CastleforceGameMode.cpp
[2019.02.11-14.12.56:387][122]CompilerResultsLog:   [3/6] CastleforceHexPawn.gen.cpp
[2019.02.11-14.12.56:387][122]CompilerResultsLog:   [4/6] CastleforceHexPawn.cpp
[2019.02.11-14.12.56:387][122]CompilerResultsLog:   [5/6] UE4Editor-Castleforce-9740.lib
[2019.02.11-14.12.56:387][122]CompilerResultsLog:      Creating library D:\Shitty UE4 Games I Make\Castleforce\castleforce\Castleforce\Intermediate\Build\Win64\UE4Editor\Development\Castleforce\UE4Editor-Castleforce-9740.lib and object D:\Shitty UE4 Games I Make\Castleforce\castleforce\Castleforce\Intermediate\Build\Win64\UE4Editor\Development\Castleforce\UE4Editor-Castleforce-9740.exp
[2019.02.11-14.12.56:387][122]CompilerResultsLog:   [6/6] UE4Editor-Castleforce-9740.dll
[2019.02.11-14.12.56:387][122]CompilerResultsLog:      Creating library D:\Shitty UE4 Games I Make\Castleforce\castleforce\Castleforce\Intermediate\Build\Win64\UE4Editor\Development\Castleforce\UE4Editor-Castleforce-9740.suppressed.lib and object D:\Shitty UE4 Games I Make\Castleforce\castleforce\Castleforce\Intermediate\Build\Win64\UE4Editor\Development\Castleforce\UE4Editor-Castleforce-9740.suppressed.exp
[2019.02.11-14.12.56:387][122]CompilerResultsLog: Total build time: 23.62 seconds (Parallel executor: 6.87 seconds)
[2019.02.11-14.12.56:387][122]LogMainFrame: MainFrame: Module compiling took 24.013 seconds
[2019.02.11-14.12.56:541][122]LogClass: Could not find existing class CastleforceHexPawn in package /Script/Castleforce for HotReload, assuming new class
[2019.02.11-14.12.56:548][122]LogHotReload: Re-instancing CastleforceGameMode after hot-reload.
[2019.02.11-14.12.56:625][122]LogHotReload: Re-instancing CastleforceHexPawn after hot-reload.
[2019.02.11-14.12.56:699][122]LogContentBrowser: Native class hierarchy updated for 'Castleforce' in 0.0006 seconds. Added 10 classes and 2 folders.
[2019.02.11-14.12.56:703][122]Display: HotReload successful (2 functions remapped  0 scriptstructs remapped)
[2019.02.11-14.12.56:958][122]LogContentBrowser: Native class hierarchy populated in 0.0155 seconds. Added 2583 classes and 607 folders.
[2019.02.11-14.12.56:958][122]Display: HotReload took 24.6s.
[2019.02.11-14.12.59:924][475]LogTemp: Repeating last play command: Selected Viewport
[2019.02.11-14.12.59:976][475]LogBlueprintUserMessages: Early PlayInEditor Detection: Level '/Game/Levels/Level1.Level1:PersistentLevel' has LevelScriptBlueprint '/Game/Levels/Level1.Level1:PersistentLevel.Level1' with GeneratedClass '/Game/Levels/Level1.Level1_C' with ClassGeneratedBy '/Game/Levels/Level1.Level1:PersistentLevel.Level1'
[2019.02.11-14.12.59:983][475]LogPlayLevel: PlayLevel: No blueprints needed recompiling
[2019.02.11-14.13.00:033][475]PIE: New page: PIE session: Level1 (11 Feb 2019 14:13:00)
[2019.02.11-14.13.00:033][475]LogPlayLevel: Creating play world package: /Game/Levels/UEDPIE_0_Level1
[2019.02.11-14.13.00:103][475]LogPlayLevel: PIE: StaticDuplicateObject took: (0.070218s)
[2019.02.11-14.13.00:105][475]LogAIModule: Creating AISystem for world Level1
[2019.02.11-14.13.00:114][475]LogPlayLevel: PIE: World Init took: (0.010590s)
[2019.02.11-14.13.00:119][475]LogPlayLevel: PIE: Created PIE world by copying editor world from /Game/Levels/Level1.Level1 to /Game/Levels/UEDPIE_0_Level1.Level1 (0.086154s)
[2019.02.11-14.13.00:288][475]LogInit: XAudio2 using 'Headset Earphone (HyperX 7.1 Audio)' : 2 channels at 48 kHz using 16 bits per sample (channel mask 0x3)
[2019.02.11-14.13.00:299][475]LogInit: FAudioDevice initialized.
[2019.02.11-14.13.00:388][475]LogLoad: Game class is 'CastleforceGameMode'
[2019.02.11-14.13.00:495][475]LogWorld: Bringing World /Game/Levels/UEDPIE_0_Level1.Level1 up for play (max tick rate 0) at 2019.02.11-14.13.00
[2019.02.11-14.13.00:510][475]LogWorld: Bringing up level for play took: 0.016526
[2019.02.11-14.13.00:789][475]LogContentBrowser: Native class hierarchy updated for 'MovieSceneCapture' in 0.0016 seconds. Added 10 classes and 0 folders.
[2019.02.11-14.13.00:841][475]PIE: Play in editor start time for /Game/Levels/UEDPIE_0_Level1 1.448
[2019.02.11-14.13.00:842][475]LogBlueprintUserMessages: Late PlayInEditor Detection: Level '/Game/Levels/Level1.Level1:PersistentLevel' has LevelScriptBlueprint '/Game/Levels/Level1.Level1:PersistentLevel.Level1' with GeneratedClass '/Game/Levels/Level1.Level1_C' with ClassGeneratedBy '/Game/Levels/Level1.Level1:PersistentLevel.Level1'
[2019.02.11-14.13.03:609][777]LogBlueprintUserMessages: Early EndPlayMap Detection: Level '/Game/Levels/Level1.Level1:PersistentLevel' has LevelScriptBlueprint '/Game/Levels/Level1.Level1:PersistentLevel.Level1' with GeneratedClass '/Game/Levels/Level1.Level1_C' with ClassGeneratedBy '/Game/Levels/Level1.Level1:PersistentLevel.Level1'
[2019.02.11-14.13.03:629][777]LogSlate: Updating window title bar state: overlay mode, drag disabled, window buttons hidden, title bar hidden
[2019.02.11-14.13.03:683][777]LogPlayLevel: Display: Shutting down PIE online subsystems
[2019.02.11-14.13.03:684][777]LogBlueprintUserMessages: Late EndPlayMap Detection: Level '/Game/Levels/Level1.Level1:PersistentLevel' has LevelScriptBlueprint '/Game/Levels/Level1.Level1:PersistentLevel.Level1' with GeneratedClass '/Game/Levels/Level1.Level1_C' with ClassGeneratedBy '/Game/Levels/Level1.Level1:PersistentLevel.Level1'
[2019.02.11-14.13.03:820][777]LogSlate: Updating window title bar state: overlay mode, drag disabled, window buttons hidden, title bar hidden
[2019.02.11-14.13.03:856][778]LogPlayLevel: Display: Destroying online subsystem :Context_2
[2019.02.11-14.13.14:140][986]LogEditor: Attempting to add actor of class 'CastleforceHexGrid' to level at 250.00,800.00,540.00
[2019.02.11-14.13.14:353][  9]LogEditor: Attempting to add actor of class 'CastleforceHexGrid' to level at 580.00,790.00,490.00
[2019.02.11-14.13.16:369][239]LogSlate: FSceneViewport::OnFocusLost() reason 2
[2019.02.11-14.13.16:453][239]LogSlate: FSceneViewport::OnFocusLost() reason 2
[2019.02.11-14.13.21:946][862]LogSlate: Prevented a slow task dialog from being summoned while a context menu was open
[2019.02.11-14.13.23:006][983]LogSlate: FSceneViewport::OnFocusLost() reason 0
[2019.02.11-14.13.25:272][215]LogSavePackage: Moving '../../../../../../Shitty UE4 Games I Make/Castleforce/castleforce/Castleforce/Saved/Level1E2238B574CC97DC40EE410954825EF6D.tmp' to '../../../../../../Shitty UE4 Games I Make/Castleforce/castleforce/Castleforce/Content/Levels/Level1.umap'
[2019.02.11-14.13.26:138][310]LogSlate: FSceneViewport::OnFocusLost() reason 0
[2019.02.11-14.13.26:197][317]LogTemp: Repeating last play command: Selected Viewport
[2019.02.11-14.13.26:225][317]LogBlueprintUserMessages: Early PlayInEditor Detection: Level '/Game/Levels/Level1.Level1:PersistentLevel' has LevelScriptBlueprint '/Game/Levels/Level1.Level1:PersistentLevel.Level1' with GeneratedClass '/Game/Levels/Level1.Level1_C' with ClassGeneratedBy '/Game/Levels/Level1.Level1:PersistentLevel.Level1'
[2019.02.11-14.13.26:225][317]LogPlayLevel: PlayLevel: No blueprints needed recompiling
[2019.02.11-14.13.26:225][317]PIE: New page: PIE session: Level1 (11 Feb 2019 14:13:26)
[2019.02.11-14.13.26:225][317]LogPlayLevel: Creating play world package: /Game/Levels/UEDPIE_0_Level1
[2019.02.11-14.13.26:240][317]LogPlayLevel: PIE: StaticDuplicateObject took: (0.014999s)
[2019.02.11-14.13.26:241][317]LogAIModule: Creating AISystem for world Level1
[2019.02.11-14.13.26:242][317]LogPlayLevel: PIE: World Init took: (0.001463s)
[2019.02.11-14.13.26:242][317]LogPlayLevel: PIE: Created PIE world by copying editor world from /Game/Levels/Level1.Level1 to /Game/Levels/UEDPIE_0_Level1.Level1 (0.016689s)
[2019.02.11-14.13.26:339][317]LogInit: XAudio2 using 'Headset Earphone (HyperX 7.1 Audio)' : 2 channels at 48 kHz using 16 bits per sample (channel mask 0x3)
[2019.02.11-14.13.26:352][317]LogInit: FAudioDevice initialized.
[2019.02.11-14.13.26:392][317]LogLoad: Game class is 'CastleforceGameMode'
[2019.02.11-14.13.26:393][317]LogWorld: Bringing World /Game/Levels/UEDPIE_0_Level1.Level1 up for play (max tick rate 0) at 2019.02.11-14.13.26
[2019.02.11-14.13.26:393][317]LogWorld: Bringing up level for play took: 0.000670
[2019.02.11-14.13.26:442][317]PIE: Play in editor start time for /Game/Levels/UEDPIE_0_Level1 1.049
[2019.02.11-14.13.26:443][317]LogBlueprintUserMessages: Late PlayInEditor Detection: Level '/Game/Levels/Level1.Level1:PersistentLevel' has LevelScriptBlueprint '/Game/Levels/Level1.Level1:PersistentLevel.Level1' with GeneratedClass '/Game/Levels/Level1.Level1_C' with ClassGeneratedBy '/Game/Levels/Level1.Level1:PersistentLevel.Level1'
[2019.02.11-14.13.28:307][529]LogActor: Warning: CastleforceUnit /Game/Levels/UEDPIE_0_Level1.Level1:PersistentLevel.CastleforceUnit_0 has natively added scene component(s), but none of them were set as the actor's RootComponent - picking one arbitrarily
[2019.02.11-14.13.30:769][822]LogActor: Warning: CastleforceUnit /Game/Levels/UEDPIE_0_Level1.Level1:PersistentLevel.CastleforceUnit_1 has natively added scene component(s), but none of them were set as the actor's RootComponent - picking one arbitrarily
[2019.02.11-14.13.31:327][889]LogActor: Warning: CastleforceUnit /Game/Levels/UEDPIE_0_Level1.Level1:PersistentLevel.CastleforceUnit_2 has natively added scene component(s), but none of them were set as the actor's RootComponent - picking one arbitrarily
[2019.02.11-14.13.31:602][922]LogActor: Warning: CastleforceUnit /Game/Levels/UEDPIE_0_Level1.Level1:PersistentLevel.CastleforceUnit_3 has natively added scene component(s), but none of them were set as the actor's RootComponent - picking one arbitrarily
[2019.02.11-14.13.31:928][961]LogActor: Warning: CastleforceUnit /Game/Levels/UEDPIE_0_Level1.Level1:PersistentLevel.CastleforceUnit_4 has natively added scene component(s), but none of them were set as the actor's RootComponent - picking one arbitrarily
[2019.02.11-14.13.33:137][104]LogActor: Warning: CastleforceUnit /Game/Levels/UEDPIE_0_Level1.Level1:PersistentLevel.CastleforceUnit_5 has natively added scene component(s), but none of them were set as the actor's RootComponent - picking one arbitrarily
[2019.02.11-14.13.33:362][131]LogActor: Warning: CastleforceUnit /Game/Levels/UEDPIE_0_Level1.Level1:PersistentLevel.CastleforceUnit_6 has natively added scene component(s), but none of them were set as the actor's RootComponent - picking one arbitrarily
[2019.02.11-14.13.33:546][153]LogActor: Warning: CastleforceUnit /Game/Levels/UEDPIE_0_Level1.Level1:PersistentLevel.CastleforceUnit_7 has natively added scene component(s), but none of them were set as the actor's RootComponent - picking one arbitrarily
[2019.02.11-14.13.35:338][368]LogSlate: FSceneViewport::OnFocusLost() reason 0
[2019.02.11-14.13.35:407][376]LogBlueprintUserMessages: Early EndPlayMap Detection: Level '/Game/Levels/Level1.Level1:PersistentLevel' has LevelScriptBlueprint '/Game/Levels/Level1.Level1:PersistentLevel.Level1' with GeneratedClass '/Game/Levels/Level1.Level1_C' with ClassGeneratedBy '/Game/Levels/Level1.Level1:PersistentLevel.Level1'
[2019.02.11-14.13.35:407][376]LogSlate: Updating window title bar state: overlay mode, drag disabled, window buttons hidden, title bar hidden
[2019.02.11-14.13.35:446][376]LogPlayLevel: Display: Shutting down PIE online subsystems
[2019.02.11-14.13.35:446][376]LogBlueprintUserMessages: Late EndPlayMap Detection: Level '/Game/Levels/Level1.Level1:PersistentLevel' has LevelScriptBlueprint '/Game/Levels/Level1.Level1:PersistentLevel.Level1' with GeneratedClass '/Game/Levels/Level1.Level1_C' with ClassGeneratedBy '/Game/Levels/Level1.Level1:PersistentLevel.Level1'
[2019.02.11-14.13.35:530][376]LogSlate: Updating window title bar state: overlay mode, drag disabled, window buttons hidden, title bar hidden
[2019.02.11-14.13.35:560][377]LogPlayLevel: Display: Destroying online subsystem :Context_3
[2019.02.11-14.14.15:168][112]LogAssetEditorManager: Opening Asset editor for Class /Script/Castleforce.CastleforceUnit
[2019.02.11-14.14.17:513][371]LogSlate: FSceneViewport::OnFocusLost() reason 0
[2019.02.11-14.14.17:606][377]LogEditor: Attempting to add actor of class 'CastleforceUnit' to level at 230.00,1180.00,510.00
[2019.02.11-14.14.17:606][377]LogActor: Warning: CastleforceUnit /Game/Levels/Level1.Level1:PersistentLevel.CastleforceUnit_0 has natively added scene component(s), but none of them were set as the actor's RootComponent - picking one arbitrarily
[2019.02.11-14.14.17:784][393]LogEditor: Attempting to add actor of class 'CastleforceUnit' to level at 540.00,1090.00,430.00
[2019.02.11-14.14.17:785][393]LogActor: Warning: CastleforceUnit /Game/Levels/Level1.Level1:PersistentLevel.CastleforceUnit_1 has natively added scene component(s), but none of them were set as the actor's RootComponent - picking one arbitrarily
[2019.02.11-14.14.20:725][730]Cmd: DELETE
[2019.02.11-14.14.20:725][730]Cmd: ACTOR DELETE
[2019.02.11-14.14.20:728][730]LogEditorActor: Deleted Actor: CastleforceUnit
[2019.02.11-14.14.20:850][730]LogEditorActor: Deleted 1 Actors (0.125 secs)
[2019.02.11-14.14.40:580][164]LogSlate: FSceneViewport::OnFocusLost() reason 0
[2019.02.11-14.14.42:042][290]LogSlate: Took 0.000550 seconds to synchronously load lazily loaded font '../../../Engine/Content/Slate/Fonts/Roboto-BoldCondensed.ttf' (158K)
[2019.02.11-14.14.50:806][319]LogAssetEditorManager: Opening Asset editor for Blueprint /Game/Blueprints/CastleforceKnight.CastleforceKnight
[2019.02.11-14.14.52:315][319]LogContentBrowser: Native class hierarchy updated for 'BlueprintGraph' in 0.0011 seconds. Added 116 classes and 0 folders.
[2019.02.11-14.14.54:351][319]LogSlate: Window 'Add Blueprint Class' being destroyed
[2019.02.11-14.14.54:357][319]LogActor: Warning: CastleforceKnight_C /Engine/Transient.World_1:PersistentLevel.CastleforceKnight_C_0 has natively added scene component(s), but none of them were set as the actor's RootComponent - picking one arbitrarily
[2019.02.11-14.14.59:245][625]LogSlate: Took 0.015588 seconds to synchronously load lazily loaded font '../../../Engine/Content/Slate/Fonts/Roboto-Italic.ttf' (157K)
[2019.02.11-14.15.03:907][112]LogActor: Warning: CastleforceKnight_C /Engine/Transient.World_3:PersistentLevel.CastleforceKnight_C_0 has natively added scene component(s), but none of them were set as the actor's RootComponent - picking one arbitrarily
[2019.02.11-14.15.05:538][286]BlueprintLog: New page: Compile CastleforceKnight
[2019.02.11-14.15.05:562][286]LogActor: Warning: CastleforceKnight_C /Engine/Transient.World_1:PersistentLevel.CastleforceKnight_C_0 has natively added scene component(s), but none of them were set as the actor's RootComponent - picking one arbitrarily
[2019.02.11-14.15.05:563][286]LogActor: Warning: CastleforceKnight_C /Engine/Transient.World_3:PersistentLevel.CastleforceKnight_C_0 has natively added scene component(s), but none of them were set as the actor's RootComponent - picking one arbitrarily
[2019.02.11-14.15.05:825][286]LogActor: Warning: CastleforceKnight_C /Engine/Transient.World_3:PersistentLevel.CastleforceKnight_C_1 has natively added scene component(s), but none of them were set as the actor's RootComponent - picking one arbitrarily
[2019.02.11-14.15.06:436][339]LogSavePackage: Moving '../../../../../../Shitty UE4 Games I Make/Castleforce/castleforce/Castleforce/Saved/CastleforceKnightDC761E5A4EDF9ADB3E1C73B87DB004E4.tmp' to '../../../../../../Shitty UE4 Games I Make/Castleforce/castleforce/Castleforce/Content/Blueprints/CastleforceKnight.uasset'
[2019.02.11-14.15.22:238][264]LogSlate: Window 'Delete Assets' being destroyed
[2019.02.11-14.15.29:899][949]LogSlate: Window 'Delete Assets' being destroyed
[2019.02.11-14.15.34:672][433]LogMetaData: Removing '/Game/Blueprints/MyCastleForceHexTile.MyCastleForceHexTile:UserConstructionScript.K2Node_FunctionEntry_0' ref from Metadata '/Game/MyCastleForceHexTile.PackageMetaData'
[2019.02.11-14.15.34:672][433]LogMetaData: Removing '/Game/Blueprints/MyCastleForceHexTile.MyCastleForceHexTile_C' ref from Metadata '/Game/MyCastleForceHexTile.PackageMetaData'
[2019.02.11-14.15.34:672][433]LogMetaData: Removing '/Game/Blueprints/MyCastleForceHexTile.MyCastleForceHexTile:EventGraph.K2Node_Event_0' ref from Metadata '/Game/MyCastleForceHexTile.PackageMetaData'
[2019.02.11-14.15.34:672][433]LogMetaData: Removing '/Game/Blueprints/MyCastleForceHexTile.MyCastleForceHexTile:EventGraph.K2Node_Event_1' ref from Metadata '/Game/MyCastleForceHexTile.PackageMetaData'
[2019.02.11-14.15.34:672][433]LogMetaData: Removing '/Game/Blueprints/MyCastleForceHexTile.MyCastleForceHexTile:EventGraph.K2Node_Event_2' ref from Metadata '/Game/MyCastleForceHexTile.PackageMetaData'
[2019.02.11-14.15.34:672][433]LogMetaData: Removing '/Game/Blueprints/MyCastleForceHexTile.SKEL_MyCastleForceHexTile_C:ReceiveBeginPlay' ref from Metadata '/Game/MyCastleForceHexTile.PackageMetaData'
[2019.02.11-14.15.34:672][433]LogMetaData: Removing '/Game/Blueprints/MyCastleForceHexTile.SKEL_MyCastleForceHexTile_C:ReceiveActorBeginOverlap' ref from Metadata '/Game/MyCastleForceHexTile.PackageMetaData'
[2019.02.11-14.15.34:672][433]LogMetaData: Removing '/Game/Blueprints/MyCastleForceHexTile.SKEL_MyCastleForceHexTile_C:ReceiveTick' ref from Metadata '/Game/MyCastleForceHexTile.PackageMetaData'
[2019.02.11-14.15.34:672][433]LogMetaData: Removing '/Game/Blueprints/MyCastleForceHexTile.SKEL_MyCastleForceHexTile_C:UserConstructionScript' ref from Metadata '/Game/MyCastleForceHexTile.PackageMetaData'
[2019.02.11-14.15.34:672][433]LogMetaData: Removing '/Game/Blueprints/MyCastleForceHexTile.SKEL_MyCastleForceHexTile_C' ref from Metadata '/Game/MyCastleForceHexTile.PackageMetaData'
[2019.02.11-14.15.34:753][433]LogSavePackage: Moving '../../../../../../Shitty UE4 Games I Make/Castleforce/castleforce/Castleforce/Saved/MyCastleForceHexTile80E18CB541A265114446E2B2445C3B6D.tmp' to '../../../../../../Shitty UE4 Games I Make/Castleforce/castleforce/Castleforce/Content/Blueprints/MyCastleForceHexTile.uasset'
[2019.02.11-14.15.34:764][433]Cmd: OBJ SAVEPACKAGE PACKAGE="/Game/MyCastleForceHexTile" FILE="../../../../../../Shitty UE4 Games I Make/Castleforce/castleforce/Castleforce/Content/MyCastleForceHexTile.uasset" SILENT=true
[2019.02.11-14.15.34:787][433]LogSavePackage: Moving '../../../../../../Shitty UE4 Games I Make/Castleforce/castleforce/Castleforce/Saved/MyCastleForceHexTileD3E52C4B4B015739EC2F408156B35DDB.tmp' to '../../../../../../Shitty UE4 Games I Make/Castleforce/castleforce/Castleforce/Content/MyCastleForceHexTile.uasset'
[2019.02.11-14.15.41:045][989]LogSlate: Window 'Delete Assets' being destroyed
[2019.02.11-14.15.44:486][323]LogEditorActor: Deleted Actor: HexMetrics_C
[2019.02.11-14.15.44:601][323]LogEditorActor: Deleted 1 Actors (0.118 secs)
[2019.02.11-14.15.45:941][480]LogTemp: Repeating last play command: Selected Viewport
[2019.02.11-14.15.45:972][480]LogBlueprintUserMessages: Early PlayInEditor Detection: Level '/Game/Levels/Level1.Level1:PersistentLevel' has LevelScriptBlueprint '/Game/Levels/Level1.Level1:PersistentLevel.Level1' with GeneratedClass '/Game/Levels/Level1.Level1_C' with ClassGeneratedBy '/Game/Levels/Level1.Level1:PersistentLevel.Level1'
[2019.02.11-14.15.45:974][480]BlueprintLog: New page: Pre-Play auto-recompile
[2019.02.11-14.15.45:975][480]LogPlayLevel: [PlayLevel] Compiling Level1 before play...
[2019.02.11-14.15.46:229][480]LogPlayLevel: PlayLevel: Blueprint regeneration took 256 ms (1 blueprints)
[2019.02.11-14.15.46:230][480]PIE: New page: PIE session: Level1 (11 Feb 2019 14:15:46)
[2019.02.11-14.15.46:230][480]LogPlayLevel: Creating play world package: /Game/Levels/UEDPIE_0_Level1
[2019.02.11-14.15.46:245][480]LogPlayLevel: PIE: StaticDuplicateObject took: (0.015223s)
[2019.02.11-14.15.46:246][480]LogAIModule: Creating AISystem for world Level1
[2019.02.11-14.15.46:246][480]LogPlayLevel: PIE: World Init took: (0.000894s)
[2019.02.11-14.15.46:246][480]LogPlayLevel: PIE: Created PIE world by copying editor world from /Game/Levels/Level1.Level1 to /Game/Levels/UEDPIE_0_Level1.Level1 (0.016320s)
[2019.02.11-14.15.46:386][480]LogInit: XAudio2 using 'Headset Earphone (HyperX 7.1 Audio)' : 2 channels at 48 kHz using 16 bits per sample (channel mask 0x3)
[2019.02.11-14.15.46:397][480]LogInit: FAudioDevice initialized.
[2019.02.11-14.15.46:426][480]LogLoad: Game class is 'CastleforceGameMode'
[2019.02.11-14.15.46:427][480]LogWorld: Bringing World /Game/Levels/UEDPIE_0_Level1.Level1 up for play (max tick rate 0) at 2019.02.11-14.15.46
[2019.02.11-14.15.46:427][480]LogWorld: Bringing up level for play took: 0.000843
[2019.02.11-14.15.46:449][480]PIE: Play in editor start time for /Game/Levels/UEDPIE_0_Level1 1.056
[2019.02.11-14.15.46:449][480]LogBlueprintUserMessages: Late PlayInEditor Detection: Level '/Game/Levels/Level1.Level1:PersistentLevel' has LevelScriptBlueprint '/Game/Levels/Level1.Level1:PersistentLevel.Level1' with GeneratedClass '/Game/Levels/Level1.Level1_C' with ClassGeneratedBy '/Game/Levels/Level1.Level1:PersistentLevel.Level1'
[2019.02.11-14.15.47:460][587]LogActor: Warning: CastleforceUnit /Game/Levels/UEDPIE_0_Level1.Level1:PersistentLevel.CastleforceUnit_0 has natively added scene component(s), but none of them were set as the actor's RootComponent - picking one arbitrarily
[2019.02.11-14.15.47:855][631]LogActor: Warning: CastleforceUnit /Game/Levels/UEDPIE_0_Level1.Level1:PersistentLevel.CastleforceUnit_1 has natively added scene component(s), but none of them were set as the actor's RootComponent - picking one arbitrarily
[2019.02.11-14.15.48:093][658]LogActor: Warning: CastleforceUnit /Game/Levels/UEDPIE_0_Level1.Level1:PersistentLevel.CastleforceUnit_2 has natively added scene component(s), but none of them were set as the actor's RootComponent - picking one arbitrarily
[2019.02.11-14.15.50:143][884]LogSlate: FSceneViewport::OnFocusLost() reason 0
[2019.02.11-14.15.50:206][891]LogBlueprintUserMessages: Early EndPlayMap Detection: Level '/Game/Levels/Level1.Level1:PersistentLevel' has LevelScriptBlueprint '/Game/Levels/Level1.Level1:PersistentLevel.Level1' with GeneratedClass '/Game/Levels/Level1.Level1_C' with ClassGeneratedBy '/Game/Levels/Level1.Level1:PersistentLevel.Level1'
[2019.02.11-14.15.50:207][891]LogSlate: Updating window title bar state: overlay mode, drag disabled, window buttons hidden, title bar hidden
[2019.02.11-14.15.50:241][891]LogPlayLevel: Display: Shutting down PIE online subsystems
[2019.02.11-14.15.50:241][891]LogBlueprintUserMessages: Late EndPlayMap Detection: Level '/Game/Levels/Level1.Level1:PersistentLevel' has LevelScriptBlueprint '/Game/Levels/Level1.Level1:PersistentLevel.Level1' with GeneratedClass '/Game/Levels/Level1.Level1_C' with ClassGeneratedBy '/Game/Levels/Level1.Level1:PersistentLevel.Level1'
[2019.02.11-14.15.50:361][891]LogSlate: Updating window title bar state: overlay mode, drag disabled, window buttons hidden, title bar hidden
[2019.02.11-14.15.50:385][892]LogPlayLevel: Display: Destroying online subsystem :Context_7
[2019.02.11-14.15.55:072][ 41]LogSlate: Window 'Delete Assets' being destroyed
[2019.02.11-14.15.55:093][ 41]LogSlate: Window 'CastleforceKnight' being destroyed
[2019.02.11-14.18.36:398][ 31]Candidate modules for hot reload:
[2019.02.11-14.18.36:398][ 31]  Castleforce
[2019.02.11-14.18.36:398][ 31]Launching UnrealBuildTool... [D:/Unreal/Engine/UE_4.20/Engine/Binaries/DotNET/UnrealBuildTool.exe  -ModuleWithSuffix=Castleforce,5385 Win64 Development -TargetType=Editor -Project="../../../../../../Shitty UE4 Games I Make/Castleforce/castleforce/Castleforce/Castleforce.uproject" -canskiplink "D:/Shitty UE4 Games I Make/Castleforce/castleforce/Castleforce/Castleforce.uproject" ]
[2019.02.11-14.18.36:402][ 31]Warning: Starting HotReload took  0.0s.
[2019.02.11-14.18.56:517][443]CompilerResultsLog: New page: Compilation - 11 Feb 2019 14:18:56
[2019.02.11-14.18.56:517][443]CompilerResultsLog: Using 'git status' to determine working set for adaptive non-unity build.
[2019.02.11-14.18.56:517][443]CompilerResultsLog: Compiling game modules for hot reload
[2019.02.11-14.18.56:517][443]CompilerResultsLog: Parsing headers for CastleforceEditor
[2019.02.11-14.18.56:517][443]CompilerResultsLog:   Running UnrealHeaderTool "D:\Shitty UE4 Games I Make\Castleforce\castleforce\Castleforce\Castleforce.uproject" "D:\Shitty UE4 Games I Make\Castleforce\castleforce\Castleforce\Intermediate\Build\Win64\CastleforceEditor\Development\CastleforceEditor.uhtmanifest" -LogCmds="loginit warning, logexit warning, logdatabase error" -Unattended -WarningsAsErrors -installed
[2019.02.11-14.18.56:517][443]CompilerResultsLog: Reflection code generated for CastleforceEditor in 14.82008 seconds
[2019.02.11-14.18.56:517][443]CompilerResultsLog: Building 6 actions with 8 processes...
[2019.02.11-14.18.56:517][443]CompilerResultsLog:   [1/6] Castleforce.init.gen.cpp
[2019.02.11-14.18.56:517][443]CompilerResultsLog:   [2/6] CastleforceHexPawn.cpp
[2019.02.11-14.18.56:517][443]CompilerResultsLog:    D:\Shitty UE4 Games I Make\Castleforce\castleforce\Castleforce\Source\Castleforce\CastleforceHexPawn.cpp(37) : error C2664: 'AActor *UWorld::SpawnActor(UClass *,const FTransform *,const FActorSpawnParameters &)': cannot convert argument 2 from 'FVector' to 'const FVector *'
[2019.02.11-14.18.56:517][443]CompilerResultsLog:   D:\Shitty UE4 Games I Make\Castleforce\castleforce\Castleforce\Source\Castleforce\CastleforceHexPawn.cpp(37): note: No user-defined-conversion operator available that can perform this conversion, or the operator cannot be called
[2019.02.11-14.18.56:517][443]CompilerResultsLog:   [3/6] CastleforceGameMode.cpp
[2019.02.11-14.18.56:517][443]CompilerResultsLog:   [4/6] CastleforceHexPawn.gen.cpp
[2019.02.11-14.18.56:517][443]CompilerResultsLog: ERROR: UBT ERROR: Failed to produce item: D:\Shitty UE4 Games I Make\Castleforce\castleforce\Castleforce\Binaries\Win64\UE4Editor-Castleforce-5385.dll
[2019.02.11-14.18.56:517][443]CompilerResultsLog:        (see ../Programs/UnrealBuildTool/Log.txt for full exception trace)
[2019.02.11-14.18.56:517][443]CompilerResultsLog: Total build time: 19.64 seconds (Parallel executor: 0.00 seconds)
[2019.02.11-14.18.56:518][443]LogMainFrame: MainFrame: Module compiling took 20.156 seconds
[2019.02.11-14.18.56:518][443]Warning: HotReload failed, recompile failed
[2019.02.11-14.19.22:324][982]Candidate modules for hot reload:
[2019.02.11-14.19.22:324][982]  Castleforce
[2019.02.11-14.19.22:324][982]Launching UnrealBuildTool... [D:/Unreal/Engine/UE_4.20/Engine/Binaries/DotNET/UnrealBuildTool.exe  -ModuleWithSuffix=Castleforce,6468 Win64 Development -TargetType=Editor -Project="../../../../../../Shitty UE4 Games I Make/Castleforce/castleforce/Castleforce/Castleforce.uproject" -canskiplink "D:/Shitty UE4 Games I Make/Castleforce/castleforce/Castleforce/Castleforce.uproject" ]
[2019.02.11-14.19.22:328][982]Warning: Starting HotReload took  0.0s.
[2019.02.11-14.19.25:904][405]CompilerResultsLog: New page: Compilation - 11 Feb 2019 14:19:25
[2019.02.11-14.19.25:904][405]CompilerResultsLog: Using 'git status' to determine working set for adaptive non-unity build.
[2019.02.11-14.19.25:904][405]CompilerResultsLog: Compiling game modules for hot reload
[2019.02.11-14.19.25:904][405]CompilerResultsLog: Building 3 actions with 8 processes...
[2019.02.11-14.19.25:904][405]CompilerResultsLog:   [1/3] CastleforceHexPawn.cpp
[2019.02.11-14.19.25:904][405]CompilerResultsLog:    D:\Shitty UE4 Games I Make\Castleforce\castleforce\Castleforce\Source\Castleforce\CastleforceHexPawn.cpp(37) : error C2440: 'initializing': cannot convert from 'AActor *' to 'ACastleforceUnit *'
[2019.02.11-14.19.25:904][405]CompilerResultsLog:   D:\Shitty UE4 Games I Make\Castleforce\castleforce\Castleforce\Source\Castleforce\CastleforceHexPawn.cpp(37): note: Cast from base to derived requires dynamic_cast or static_cast
[2019.02.11-14.19.25:905][405]CompilerResultsLog: ERROR: UBT ERROR: Failed to produce item: D:\Shitty UE4 Games I Make\Castleforce\castleforce\Castleforce\Binaries\Win64\UE4Editor-Castleforce-6468.dll
[2019.02.11-14.19.25:905][405]CompilerResultsLog:        (see ../Programs/UnrealBuildTool/Log.txt for full exception trace)
[2019.02.11-14.19.25:905][405]CompilerResultsLog: Total build time: 3.22 seconds (Parallel executor: 0.00 seconds)
[2019.02.11-14.19.25:905][405]LogMainFrame: MainFrame: Module compiling took 3.615 seconds
[2019.02.11-14.19.25:905][405]Warning: HotReload failed, recompile failed
[2019.02.11-14.20.10:400][999]Candidate modules for hot reload:
[2019.02.11-14.20.10:400][999]  Castleforce
[2019.02.11-14.20.10:400][999]Launching UnrealBuildTool... [D:/Unreal/Engine/UE_4.20/Engine/Binaries/DotNET/UnrealBuildTool.exe  -ModuleWithSuffix=Castleforce,6880 Win64 Development -TargetType=Editor -Project="../../../../../../Shitty UE4 Games I Make/Castleforce/castleforce/Castleforce/Castleforce.uproject" -canskiplink "D:/Shitty UE4 Games I Make/Castleforce/castleforce/Castleforce/Castleforce.uproject" ]
[2019.02.11-14.20.10:405][999]Warning: Starting HotReload took  0.0s.
[2019.02.11-14.20.15:510][604]CompilerResultsLog: New page: Compilation - 11 Feb 2019 14:20:15
[2019.02.11-14.20.15:510][604]CompilerResultsLog: Using 'git status' to determine working set for adaptive non-unity build.
[2019.02.11-14.20.15:510][604]CompilerResultsLog: Compiling game modules for hot reload
[2019.02.11-14.20.15:510][604]CompilerResultsLog: Building 3 actions with 8 processes...
[2019.02.11-14.20.15:510][604]CompilerResultsLog:   [1/3] CastleforceHexPawn.cpp
[2019.02.11-14.20.15:510][604]CompilerResultsLog:    d:\shitty ue4 games i make\castleforce\castleforce\castleforce\source\castleforce\castleforcehexpawn.cpp(37)  : error C4700: uninitialized local variable 'NewRotation' used
[2019.02.11-14.20.15:510][604]CompilerResultsLog:    d:\shitty ue4 games i make\castleforce\castleforce\castleforce\source\castleforce\castleforcehexpawn.cpp(37)  : error C4700: uninitialized local variable 'NewLocation' used
[2019.02.11-14.20.15:510][604]CompilerResultsLog: ERROR: UBT ERROR: Failed to produce item: D:\Shitty UE4 Games I Make\Castleforce\castleforce\Castleforce\Binaries\Win64\UE4Editor-Castleforce-6880.dll
[2019.02.11-14.20.15:510][604]CompilerResultsLog:        (see ../Programs/UnrealBuildTool/Log.txt for full exception trace)
[2019.02.11-14.20.15:511][604]CompilerResultsLog: Total build time: 4.76 seconds (Parallel executor: 0.00 seconds)
[2019.02.11-14.20.15:511][604]LogMainFrame: MainFrame: Module compiling took 5.148 seconds
[2019.02.11-14.20.15:511][604]Warning: HotReload failed, recompile failed
[2019.02.11-14.20.51:875][507]Candidate modules for hot reload:
[2019.02.11-14.20.51:875][507]  Castleforce
[2019.02.11-14.20.51:875][507]Launching UnrealBuildTool... [D:/Unreal/Engine/UE_4.20/Engine/Binaries/DotNET/UnrealBuildTool.exe  -ModuleWithSuffix=Castleforce,1303 Win64 Development -TargetType=Editor -Project="../../../../../../Shitty UE4 Games I Make/Castleforce/castleforce/Castleforce/Castleforce.uproject" -canskiplink "D:/Shitty UE4 Games I Make/Castleforce/castleforce/Castleforce/Castleforce.uproject" ]
[2019.02.11-14.20.51:880][507]Warning: Starting HotReload took  0.1s.
[2019.02.11-14.20.58:117][250]CompilerResultsLog: New page: Compilation - 11 Feb 2019 14:20:58
[2019.02.11-14.20.58:118][250]CompilerResultsLog: Using 'git status' to determine working set for adaptive non-unity build.
[2019.02.11-14.20.58:118][250]CompilerResultsLog: Compiling game modules for hot reload
[2019.02.11-14.20.58:118][250]CompilerResultsLog: Building 3 actions with 8 processes...
[2019.02.11-14.20.58:118][250]CompilerResultsLog:   [1/3] CastleforceHexPawn.cpp
[2019.02.11-14.20.58:118][250]CompilerResultsLog:   [2/3] UE4Editor-Castleforce-1303.lib
[2019.02.11-14.20.58:118][250]CompilerResultsLog:      Creating library D:\Shitty UE4 Games I Make\Castleforce\castleforce\Castleforce\Intermediate\Build\Win64\UE4Editor\Development\Castleforce\UE4Editor-Castleforce-1303.lib and object D:\Shitty UE4 Games I Make\Castleforce\castleforce\Castleforce\Intermediate\Build\Win64\UE4Editor\Development\Castleforce\UE4Editor-Castleforce-1303.exp
[2019.02.11-14.20.58:118][250]CompilerResultsLog:   [3/3] UE4Editor-Castleforce-1303.dll
[2019.02.11-14.20.58:118][250]CompilerResultsLog:      Creating library D:\Shitty UE4 Games I Make\Castleforce\castleforce\Castleforce\Intermediate\Build\Win64\UE4Editor\Development\Castleforce\UE4Editor-Castleforce-1303.suppressed.lib and object D:\Shitty UE4 Games I Make\Castleforce\castleforce\Castleforce\Intermediate\Build\Win64\UE4Editor\Development\Castleforce\UE4Editor-Castleforce-1303.suppressed.exp
[2019.02.11-14.20.58:118][250]CompilerResultsLog: Total build time: 5.90 seconds (Parallel executor: 3.54 seconds)
[2019.02.11-14.20.58:118][250]LogMainFrame: MainFrame: Module compiling took 6.278 seconds
[2019.02.11-14.20.58:275][250]LogClass: Could not find existing class CastleforceHexPawn in package /Script/Castleforce for HotReload, assuming new class
[2019.02.11-14.20.58:292][250]LogHotReload: Re-instancing CastleforceGameMode after hot-reload.
[2019.02.11-14.20.58:437][250]LogHotReload: Re-instancing CastleforceHexPawn after hot-reload.
[2019.02.11-14.20.58:575][250]LogContentBrowser: Native class hierarchy updated for 'Castleforce' in 0.0007 seconds. Added 10 classes and 2 folders.
[2019.02.11-14.20.58:580][250]Display: HotReload successful (2 functions remapped  0 scriptstructs remapped)
[2019.02.11-14.20.59:186][250]LogContentBrowser: Native class hierarchy populated in 0.0163 seconds. Added 2583 classes and 607 folders.
[2019.02.11-14.20.59:186][250]Display: HotReload took  7.4s.
[2019.02.11-14.21.01:643][541]LogTemp: Repeating last play command: Selected Viewport
[2019.02.11-14.21.01:681][541]LogBlueprintUserMessages: Early PlayInEditor Detection: Level '/Game/Levels/Level1.Level1:PersistentLevel' has LevelScriptBlueprint '/Game/Levels/Level1.Level1:PersistentLevel.Level1' with GeneratedClass '/Game/Levels/Level1.Level1_C' with ClassGeneratedBy '/Game/Levels/Level1.Level1:PersistentLevel.Level1'
[2019.02.11-14.21.01:681][541]LogPlayLevel: PlayLevel: No blueprints needed recompiling
[2019.02.11-14.21.01:681][541]PIE: New page: PIE session: Level1 (11 Feb 2019 14:21:01)
[2019.02.11-14.21.01:682][541]LogPlayLevel: Creating play world package: /Game/Levels/UEDPIE_0_Level1
[2019.02.11-14.21.01:697][541]LogPlayLevel: PIE: StaticDuplicateObject took: (0.015565s)
[2019.02.11-14.21.01:698][541]LogAIModule: Creating AISystem for world Level1
[2019.02.11-14.21.01:698][541]LogPlayLevel: PIE: World Init took: (0.001163s)
[2019.02.11-14.21.01:698][541]LogPlayLevel: PIE: Created PIE world by copying editor world from /Game/Levels/Level1.Level1 to /Game/Levels/UEDPIE_0_Level1.Level1 (0.016976s)
[2019.02.11-14.21.01:890][541]LogInit: XAudio2 using 'Headset Earphone (HyperX 7.1 Audio)' : 2 channels at 48 kHz using 16 bits per sample (channel mask 0x3)
[2019.02.11-14.21.01:903][541]LogInit: FAudioDevice initialized.
[2019.02.11-14.21.01:936][541]LogLoad: Game class is 'CastleforceGameMode'
[2019.02.11-14.21.01:938][541]LogWorld: Bringing World /Game/Levels/UEDPIE_0_Level1.Level1 up for play (max tick rate 0) at 2019.02.11-14.21.01
[2019.02.11-14.21.01:938][541]LogWorld: Bringing up level for play took: 0.000776
[2019.02.11-14.21.01:960][541]PIE: Play in editor start time for /Game/Levels/UEDPIE_0_Level1 0.567
[2019.02.11-14.21.01:961][541]LogBlueprintUserMessages: Late PlayInEditor Detection: Level '/Game/Levels/Level1.Level1:PersistentLevel' has LevelScriptBlueprint '/Game/Levels/Level1.Level1:PersistentLevel.Level1' with GeneratedClass '/Game/Levels/Level1.Level1_C' with ClassGeneratedBy '/Game/Levels/Level1.Level1:PersistentLevel.Level1'
[2019.02.11-14.21.02:560][608]LogSpawn: Warning: SpawnActor failed because no class was specified
[2019.02.11-14.21.05:802][973]LogSpawn: Warning: SpawnActor failed because no class was specified
[2019.02.11-14.21.06:278][ 30]LogSpawn: Warning: SpawnActor failed because no class was specified
[2019.02.11-14.21.08:665][ 45]LogStats: FPlatformStackWalk::StackWalkAndDump -  2.260 s
[2019.02.11-14.21.08:665][ 45]LogOutputDevice: Error: === Handled ensure: ===
[2019.02.11-14.21.08:665][ 45]LogOutputDevice: Error: 
[2019.02.11-14.21.08:665][ 45]LogOutputDevice: Error: Ensure condition failed: !RotationQuat.ContainsNaN() [File:D:\Build\++UE4\Sync\Engine\Source\Runtime\Core\Private\Math\UnrealMath.cpp] [Line: 448]
[2019.02.11-14.21.08:665][ 45]LogOutputDevice: Error: Invalid input to FRotator::Quaternion - generated NaN output: X=-nan(ind) Y=-inf Z=-nan(ind) W=-nan(ind)
[2019.02.11-14.21.08:665][ 45]LogOutputDevice: Error: Stack: 
[2019.02.11-14.21.08:665][ 45]LogOutputDevice: Error: [Callstack] 0x00007ff83e2f71f6 UE4Editor-Core.dll!UnknownFunction []
[2019.02.11-14.21.08:665][ 45]LogOutputDevice: Error: [Callstack] 0x00007ff83e030c92 UE4Editor-Core.dll!UnknownFunction []
[2019.02.11-14.21.08:665][ 45]LogOutputDevice: Error: [Callstack] 0x00007ff83e04b356 UE4Editor-Core.dll!UnknownFunction []
[2019.02.11-14.21.08:665][ 45]LogOutputDevice: Error: [Callstack] 0x00007ff83e05036c UE4Editor-Core.dll!UnknownFunction []
[2019.02.11-14.21.08:665][ 45]LogOutputDevice: Error: [Callstack] 0x00007ff8357ffc6c UE4Editor-Engine.dll!UnknownFunction []
[2019.02.11-14.21.08:665][ 45]LogOutputDevice: Error: [Callstack] 0x00007ff804627987 UE4Editor-Castleforce-1303.dll!ACastleforceHexPawn::Click() [d:\shitty ue4 games i make\castleforce\castleforce\castleforce\source\castleforce\castleforcehexpawn.cpp:37]
[2019.02.11-14.21.08:665][ 45]LogOutputDevice: Error: [Callstack] 0x00007ff836162469 UE4Editor-Engine.dll!UnknownFunction []
[2019.02.11-14.21.08:665][ 45]LogOutputDevice: Error: [Callstack] 0x00007ff836193f52 UE4Editor-Engine.dll!UnknownFunction []
[2019.02.11-14.21.08:665][ 45]LogOutputDevice: Error: [Callstack] 0x00007ff835c6017c UE4Editor-Engine.dll!UnknownFunction []
[2019.02.11-14.21.08:665][ 45]LogOutputDevice: Error: [Callstack] 0x00007ff835c74608 UE4Editor-Engine.dll!UnknownFunction []
[2019.02.11-14.21.08:665][ 45]LogOutputDevice: Error: [Callstack] 0x00007ff835c5dbcb UE4Editor-Engine.dll!UnknownFunction []
[2019.02.11-14.21.08:665][ 45]LogOutputDevice: Error: [Callstack] 0x00007ff835c734c3 UE4Editor-Engine.dll!UnknownFunction []
[2019.02.11-14.21.08:666][ 45]LogOutputDevice: Error: [Callstack] 0x00007ff834e95630 UE4Editor-Engine.dll!UnknownFunction []
[2019.02.11-14.21.08:666][ 45]LogOutputDevice: Error: [Callstack] 0x00007ff8360916bd UE4Editor-Engine.dll!UnknownFunction []
[2019.02.11-14.21.08:666][ 45]LogOutputDevice: Error: [Callstack] 0x00007ff83deb1f92 UE4Editor-Core.dll!UnknownFunction []
[2019.02.11-14.21.08:666][ 45]LogOutputDevice: Error: [Callstack] 0x00007ff83deb2456 UE4Editor-Core.dll!UnknownFunction []
[2019.02.11-14.21.08:666][ 45]LogOutputDevice: Error: [Callstack] 0x00007ff83dec6d25 UE4Editor-Core.dll!UnknownFunction []
[2019.02.11-14.21.08:666][ 45]LogOutputDevice: Error: [Callstack] 0x00007ff8360e5b04 UE4Editor-Engine.dll!UnknownFunction []
[2019.02.11-14.21.08:666][ 45]LogOutputDevice: Error: [Callstack] 0x00007ff8360f4d92 UE4Editor-Engine.dll!UnknownFunction []
[2019.02.11-14.21.08:666][ 45]LogOutputDevice: Error: [Callstack] 0x00007ff8357f87e4 UE4Editor-Engine.dll!UnknownFunction []
[2019.02.11-14.21.08:666][ 45]LogOutputDevice: Error: [Callstack] 0x00007ff835804003 UE4Editor-Engine.dll!UnknownFunction []
[2019.02.11-14.21.08:666][ 45]LogOutputDevice: Error: [Callstack] 0x00007ff831e47335 UE4Editor-UnrealEd.dll!UnknownFunction []
[2019.02.11-14.21.08:666][ 45]LogOutputDevice: Error: [Callstack] 0x00007ff83273f666 UE4Editor-UnrealEd.dll!UnknownFunction []
[2019.02.11-14.21.08:666][ 45]LogOutputDevice: Error: [Callstack] 0x00007ff6e02f5cbd UE4Editor.exe!UnknownFunction []
[2019.02.11-14.21.08:666][ 45]LogOutputDevice: Error: [Callstack] 0x00007ff6e0305b3c UE4Editor.exe!UnknownFunction []
[2019.02.11-14.21.08:666][ 45]LogOutputDevice: Error: [Callstack] 0x00007ff6e0305bba UE4Editor.exe!UnknownFunction []
[2019.02.11-14.21.08:666][ 45]LogOutputDevice: Error: [Callstack] 0x00007ff6e0313dac UE4Editor.exe!UnknownFunction []
[2019.02.11-14.21.08:666][ 45]LogOutputDevice: Error: [Callstack] 0x00007ff6e0315aaa UE4Editor.exe!UnknownFunction []
[2019.02.11-14.21.08:666][ 45]LogOutputDevice: Error: [Callstack] 0x00007ff872583034 KERNEL32.DLL!UnknownFunction []
[2019.02.11-14.21.08:666][ 45]LogOutputDevice: Error: [Callstack] 0x00007ff874d13691 ntdll.dll!UnknownFunction []
[2019.02.11-14.21.08:666][ 45]LogOutputDevice: Error: 
[2019.02.11-14.21.08:685][ 45]LogStats:                SubmitErrorReport -  0.008 s
[2019.02.11-14.21.15:403][ 45]LogStats:                    SendNewReport -  6.717 s
[2019.02.11-14.21.15:403][ 45]LogStats:             FDebug::EnsureFailed -  8.998 s
[2019.02.11-14.21.15:403][ 45]LogSpawn: Warning: SpawnActor failed because no class was specified
[2019.02.11-14.21.15:414][ 46]LogSpawn: Warning: SpawnActor failed because no class was specified
[2019.02.11-14.21.15:414][ 46]LogSpawn: Warning: SpawnActor failed because no class was specified
[2019.02.11-14.21.15:414][ 46]LogSpawn: Warning: SpawnActor failed because no class was specified
[2019.02.11-14.21.15:414][ 46]LogSpawn: Warning: SpawnActor failed because no class was specified
[2019.02.11-14.21.15:414][ 46]LogSpawn: Warning: SpawnActor failed because no class was specified
[2019.02.11-14.21.19:998][594]LogSpawn: Warning: SpawnActor failed because no class was specified
[2019.02.11-14.21.21:307][751]LogSpawn: Warning: SpawnActor failed because no class was specified
[2019.02.11-14.21.23:399][  2]LogSpawn: Warning: SpawnActor failed because no class was specified
[2019.02.11-14.21.23:790][ 49]LogSpawn: Warning: SpawnActor failed because no class was specified
[2019.02.11-14.21.24:073][ 83]LogSpawn: Warning: SpawnActor failed because no class was specified
[2019.02.11-14.21.24:666][154]LogSpawn: Warning: SpawnActor failed because no class was specified
[2019.02.11-14.21.25:157][213]LogSpawn: Warning: SpawnActor failed because no class was specified
[2019.02.11-14.21.25:499][254]LogSpawn: Warning: SpawnActor failed because no class was specified
[2019.02.11-14.21.25:799][290]LogSpawn: Warning: SpawnActor failed because no class was specified
[2019.02.11-14.21.26:098][323]LogSpawn: Warning: SpawnActor failed because no class was specified
[2019.02.11-14.21.27:031][435]LogSlate: FSceneViewport::OnFocusLost() reason 0
[2019.02.11-14.21.27:123][446]LogBlueprintUserMessages: Early EndPlayMap Detection: Level '/Game/Levels/Level1.Level1:PersistentLevel' has LevelScriptBlueprint '/Game/Levels/Level1.Level1:PersistentLevel.Level1' with GeneratedClass '/Game/Levels/Level1.Level1_C' with ClassGeneratedBy '/Game/Levels/Level1.Level1:PersistentLevel.Level1'
[2019.02.11-14.21.27:124][446]LogSlate: Updating window title bar state: overlay mode, drag disabled, window buttons hidden, title bar hidden
[2019.02.11-14.21.27:164][446]LogPlayLevel: Display: Shutting down PIE online subsystems
[2019.02.11-14.21.27:164][446]LogBlueprintUserMessages: Late EndPlayMap Detection: Level '/Game/Levels/Level1.Level1:PersistentLevel' has LevelScriptBlueprint '/Game/Levels/Level1.Level1:PersistentLevel.Level1' with GeneratedClass '/Game/Levels/Level1.Level1_C' with ClassGeneratedBy '/Game/Levels/Level1.Level1:PersistentLevel.Level1'
[2019.02.11-14.21.27:236][446]LogSlate: Updating window title bar state: overlay mode, drag disabled, window buttons hidden, title bar hidden
[2019.02.11-14.21.27:283][447]LogPlayLevel: Display: Destroying online subsystem :Context_8
[2019.02.11-14.21.31:191][907]LogAssetEditorManager: Opening Asset editor for Blueprint /Game/Blueprints/MyCastleForceHexTile.MyCastleForceHexTile
[2019.02.11-14.21.34:003][ 66]LogSavePackage: Moving '../../../../../../Shitty UE4 Games I Make/Castleforce/castleforce/Castleforce/Saved/MyCastleForceHexTileECB32CAF4649558E580BACBCF409634C.tmp' to '../../../../../../Shitty UE4 Games I Make/Castleforce/castleforce/Castleforce/Content/Blueprints/MyCastleForceHexTile.uasset'
[2019.02.11-14.21.35:450][235]LogSlate: Window 'MyCastleForceHexTile' being destroyed
[2019.02.11-14.21.35:454][235]LogSlate: Window 'MyCastleForceHexTile' being destroyed
[2019.02.11-14.21.50:237][967]LogAssetEditorManager: Opening Asset editor for Blueprint /Game/Blueprints/MyCastleforcePawn.MyCastleforcePawn
[2019.02.11-14.21.50:715][967]LogSlate: Window 'Add Blueprint Class' being destroyed
[2019.02.11-14.21.56:356][490]LogSavePackage: Moving '../../../../../../Shitty UE4 Games I Make/Castleforce/castleforce/Castleforce/Saved/Level1A7048A3E4D621573B7BF1EB589172049.tmp' to '../../../../../../Shitty UE4 Games I Make/Castleforce/castleforce/Castleforce/Content/Levels/Level1.umap'
[2019.02.11-14.22.07:884][560]LogSlate: Window 'MyCastleforcePawn*' being destroyed
[2019.02.11-14.22.07:887][560]LogSlate: Window 'MyCastleforcePawn*' being destroyed
[2019.02.11-14.22.11:033][714]LogSlate: Window 'Delete Assets' being destroyed
[2019.02.11-14.22.21:967][980]LogAssetEditorManager: Opening Asset editor for Blueprint /Game/Blueprints/MyCastleforceHexPawn.MyCastleforceHexPawn
[2019.02.11-14.22.22:435][980]LogSlate: Window 'Add Blueprint Class' being destroyed
[2019.02.11-14.22.25:575][277]LogSlate: Prevented a slow task dialog from being summoned while a context menu was open
[2019.02.11-14.22.29:293][664]BlueprintLog: New page: Compile MyCastleforceHexPawn
[2019.02.11-14.22.30:038][705]LogSavePackage: Moving '../../../../../../Shitty UE4 Games I Make/Castleforce/castleforce/Castleforce/Saved/MyCastleforceHexPawn821BD3524F099C5E78322EB1F5BAF576.tmp' to '../../../../../../Shitty UE4 Games I Make/Castleforce/castleforce/Castleforce/Content/Blueprints/MyCastleforceHexPawn.uasset'
[2019.02.11-14.22.35:566][225]LogAssetEditorManager: Opening Asset editor for Class /Script/Castleforce.CastleforceGameMode
[2019.02.11-14.22.52:410][804]LogAssetEditorManager: Opening Asset editor for Blueprint /Game/Blueprints/MyCastleforceGameMode.MyCastleforceGameMode
[2019.02.11-14.22.52:913][804]LogSlate: Window 'Add Blueprint Class' being destroyed
[2019.02.11-14.23.03:106][706]LogSlate: Prevented a slow task dialog from being summoned while a context menu was open
[2019.02.11-14.23.08:164][236]BlueprintLog: New page: Compile MyCastleforceGameMode
[2019.02.11-14.23.08:845][269]LogSavePackage: Moving '../../../../../../Shitty UE4 Games I Make/Castleforce/castleforce/Castleforce/Saved/MyCastleforceGameMode6FE9DA604F29176EADB2339075746A04.tmp' to '../../../../../../Shitty UE4 Games I Make/Castleforce/castleforce/Castleforce/Content/Blueprints/MyCastleforceGameMode.uasset'
[2019.02.11-14.23.09:824][366]LogSlate: Window 'MyCastleforceGameMode' being destroyed
[2019.02.11-14.23.09:828][366]LogSlate: Window 'MyCastleforceGameMode' being destroyed
[2019.02.11-14.23.09:929][366]LogActorComponent: UnregisterComponent: (/Engine/Transient.EditorFloorComp) Not registered. Aborting.
[2019.02.11-14.23.16:994][844]LogTemp: Executing iPhonePackager certificates Engine -bundlename com.YourCompany.Castleforce
[2019.02.11-14.23.16:994][844]LogTemp: CWD: D:\Unreal\Engine\UE_4.20\Engine\Binaries\DotNET\IOS
[2019.02.11-14.23.16:994][844]LogTemp: Initial Dir: D:\Unreal\Engine\UE_4.20
[2019.02.11-14.23.16:994][844]LogTemp: Env CWD: D:\Unreal\Engine\UE_4.20\Engine\Binaries\DotNET\IOS
[2019.02.11-14.23.16:994][844]LogTemp: BranchPath = DESKTOP-TLUBEOD/D/Unreal/Engine/UE_4.20/Engine/Binaries --- GameBranchPath = DESKTOP-TLUBEOD/D/Unreal/Engine/UE_4.20/Engine/Binaries
[2019.02.11-14.23.16:994][844]LogSlate: Only BGRA pngs, bmps or icos are supported in by External Image Picker
[2019.02.11-14.23.17:109][845]LogTemp: IPP ERROR: Could not find provision directory 'C:\Users\rh27u\AppData\Local/Apple Computer/MobileDevice/Provisioning Profiles/'.
[2019.02.11-14.23.21:024][279]LogSlate: Prevented a slow task dialog from being summoned while a context menu was open
[2019.02.11-14.23.25:510][787]LogSlate: Window 'Project Settings' being destroyed
[2019.02.11-14.23.25:514][787]LogSlate: Window 'Project Settings' being destroyed
[2019.02.11-14.23.27:335][992]LogTemp: Repeating last play command: Selected Viewport
[2019.02.11-14.23.27:369][992]LogBlueprintUserMessages: Early PlayInEditor Detection: Level '/Game/Levels/Level1.Level1:PersistentLevel' has LevelScriptBlueprint '/Game/Levels/Level1.Level1:PersistentLevel.Level1' with GeneratedClass '/Game/Levels/Level1.Level1_C' with ClassGeneratedBy '/Game/Levels/Level1.Level1:PersistentLevel.Level1'
[2019.02.11-14.23.27:369][992]LogPlayLevel: PlayLevel: No blueprints needed recompiling
[2019.02.11-14.23.27:369][992]PIE: New page: PIE session: Level1 (11 Feb 2019 14:23:27)
[2019.02.11-14.23.27:369][992]LogPlayLevel: Creating play world package: /Game/Levels/UEDPIE_0_Level1
[2019.02.11-14.23.27:385][992]LogPlayLevel: PIE: StaticDuplicateObject took: (0.015395s)
[2019.02.11-14.23.27:385][992]LogAIModule: Creating AISystem for world Level1
[2019.02.11-14.23.27:386][992]LogPlayLevel: PIE: World Init took: (0.001042s)
[2019.02.11-14.23.27:386][992]LogPlayLevel: PIE: Created PIE world by copying editor world from /Game/Levels/Level1.Level1 to /Game/Levels/UEDPIE_0_Level1.Level1 (0.016670s)
[2019.02.11-14.23.27:495][992]LogInit: XAudio2 using 'Headset Earphone (HyperX 7.1 Audio)' : 2 channels at 48 kHz using 16 bits per sample (channel mask 0x3)
[2019.02.11-14.23.27:507][992]LogInit: FAudioDevice initialized.
[2019.02.11-14.23.27:540][992]LogLoad: Game class is 'MyCastleforceGameMode_C'
[2019.02.11-14.23.27:542][992]LogWorld: Bringing World /Game/Levels/UEDPIE_0_Level1.Level1 up for play (max tick rate 0) at 2019.02.11-14.23.27
[2019.02.11-14.23.27:542][992]LogWorld: Bringing up level for play took: 0.000736
[2019.02.11-14.23.27:574][992]PIE: Play in editor start time for /Game/Levels/UEDPIE_0_Level1 0.181
[2019.02.11-14.23.27:574][992]LogBlueprintUserMessages: Late PlayInEditor Detection: Level '/Game/Levels/Level1.Level1:PersistentLevel' has LevelScriptBlueprint '/Game/Levels/Level1.Level1:PersistentLevel.Level1' with GeneratedClass '/Game/Levels/Level1.Level1_C' with ClassGeneratedBy '/Game/Levels/Level1.Level1:PersistentLevel.Level1'
[2019.02.11-14.23.28:288][ 73]LogActor: Warning: CastleforceKnight_C /Game/Levels/UEDPIE_0_Level1.Level1:PersistentLevel.CastleforceKnight_C_0 has natively added scene component(s), but none of them were set as the actor's RootComponent - picking one arbitrarily
[2019.02.11-14.23.30:517][232]LogWindows: Error: === Critical error: ===
[2019.02.11-14.23.30:518][232]LogWindows: Error: 
[2019.02.11-14.23.30:518][232]LogWindows: Error: Unhandled Exception: EXCEPTION_ACCESS_VIOLATION reading address 0x00000420
[2019.02.11-14.23.30:518][232]LogWindows: Error: 
[2019.02.11-14.23.30:518][232]LogWindows: Error: [Callstack] 0x00007ff804628c00 UE4Editor-Castleforce-1303.dll!ACastleForceHexTile::GetOccupyingObject() [d:\shitty ue4 games i make\castleforce\castleforce\castleforce\source\castleforce\castleforcehextile.cpp:20]
[2019.02.11-14.23.30:518][232]LogWindows: Error: [Callstack] 0x00007ff80462782d UE4Editor-Castleforce-1303.dll!ACastleforceHexPawn::Click() [d:\shitty ue4 games i make\castleforce\castleforce\castleforce\source\castleforce\castleforcehexpawn.cpp:25]
[2019.02.11-14.23.30:518][232]LogWindows: Error: [Callstack] 0x00007ff836162469 UE4Editor-Engine.dll!UnknownFunction []
[2019.02.11-14.23.30:518][232]LogWindows: Error: [Callstack] 0x00007ff836193f52 UE4Editor-Engine.dll!UnknownFunction []
[2019.02.11-14.23.30:518][232]LogWindows: Error: [Callstack] 0x00007ff835c6017c UE4Editor-Engine.dll!UnknownFunction []
[2019.02.11-14.23.30:518][232]LogWindows: Error: [Callstack] 0x00007ff835c74608 UE4Editor-Engine.dll!UnknownFunction []
[2019.02.11-14.23.30:518][232]LogWindows: Error: [Callstack] 0x00007ff835c5dbcb UE4Editor-Engine.dll!UnknownFunction []
[2019.02.11-14.23.30:518][232]LogWindows: Error: [Callstack] 0x00007ff835c734c3 UE4Editor-Engine.dll!UnknownFunction []
[2019.02.11-14.23.30:518][232]LogWindows: Error: [Callstack] 0x00007ff834e95630 UE4Editor-Engine.dll!UnknownFunction []
[2019.02.11-14.23.30:518][232]LogWindows: Error: [Callstack] 0x00007ff8360916bd UE4Editor-Engine.dll!UnknownFunction []
[2019.02.11-14.23.30:518][232]LogWindows: Error: [Callstack] 0x00007ff83deb1f92 UE4Editor-Core.dll!UnknownFunction []
[2019.02.11-14.23.30:518][232]LogWindows: Error: [Callstack] 0x00007ff83deb2456 UE4Editor-Core.dll!UnknownFunction []
[2019.02.11-14.23.30:518][232]LogWindows: Error: [Callstack] 0x00007ff83dec6d25 UE4Editor-Core.dll!UnknownFunction []
[2019.02.11-14.23.30:518][232]LogWindows: Error: [Callstack] 0x00007ff8360e5b04 UE4Editor-Engine.dll!UnknownFunction []
[2019.02.11-14.23.30:518][232]LogWindows: Error: [Callstack] 0x00007ff8360f4d92 UE4Editor-Engine.dll!UnknownFunction []
[2019.02.11-14.23.30:518][232]LogWindows: Error: [Callstack] 0x00007ff8357f87e4 UE4Editor-Engine.dll!UnknownFunction []
[2019.02.11-14.23.30:518][232]LogWindows: Error: [Callstack] 0x00007ff835804003 UE4Editor-Engine.dll!UnknownFunction []
[2019.02.11-14.23.30:518][232]LogWindows: Error: [Callstack] 0x00007ff831e47335 UE4Editor-UnrealEd.dll!UnknownFunction []
[2019.02.11-14.23.30:518][232]LogWindows: Error: [Callstack] 0x00007ff83273f666 UE4Editor-UnrealEd.dll!UnknownFunction []
[2019.02.11-14.23.30:518][232]LogWindows: Error: [Callstack] 0x00007ff6e02f5cbd UE4Editor.exe!UnknownFunction []
[2019.02.11-14.23.30:518][232]LogWindows: Error: [Callstack] 0x00007ff6e0305b3c UE4Editor.exe!UnknownFunction []
[2019.02.11-14.23.30:518][232]LogWindows: Error: [Callstack] 0x00007ff6e0305bba UE4Editor.exe!UnknownFunction []
[2019.02.11-14.23.30:518][232]LogWindows: Error: [Callstack] 0x00007ff6e0313dac UE4Editor.exe!UnknownFunction []
[2019.02.11-14.23.30:518][232]LogWindows: Error: [Callstack] 0x00007ff6e0315aaa UE4Editor.exe!UnknownFunction []
[2019.02.11-14.23.30:518][232]LogWindows: Error: [Callstack] 0x00007ff872583034 KERNEL32.DLL!UnknownFunction []
[2019.02.11-14.23.30:518][232]LogWindows: Error: [Callstack] 0x00007ff874d13691 ntdll.dll!UnknownFunction []
[2019.02.11-14.23.30:518][232]LogWindows: Error: 
[2019.02.11-14.23.30:537][232]LogExit: Executing StaticShutdownAfterError
[2019.02.11-14.23.30:692][232]LogWindows: FPlatformMisc::RequestExit(1)
[2019.02.11-14.23.30:716][232]Log file closed, 02/11/19 14:23:30
