Log file open, 02/23/19 14:58:30
LogWindows: Failed to load 'aqProf.dll' (GetLastError=126)
LogWindows: File 'aqProf.dll' does not exist
LogWindows: Failed to load 'VSPerf140.dll' (GetLastError=126)
LogWindows: File 'VSPerf140.dll' does not exist
LogWindows: Failed to load 'VtuneApi.dll' (GetLastError=126)
LogWindows: File 'VtuneApi.dll' does not exist
LogWindows: Failed to load 'VtuneApi32e.dll' (GetLastError=126)
LogWindows: File 'VtuneApi32e.dll' does not exist
LogInit: Display: Running engine without a game
LogPlatformFile: Not using cached read wrapper
LogInit: Display: Loading recent project file: ../../../../../../Shitty UE4 Games I Make/Castleforce/castleforce/Castleforce/Castleforce.uproject
LogTaskGraph: Started task graph with 5 named threads and 23 total threads with 3 sets of task threads.
LogStats: Stats thread started at 1.261539
LogD3D11RHI: Loaded GFSDK_Aftermath_Lib.x64.dll
LogICUInternationalization: Display: ICU TimeZone Detection - Raw Offset: +0:00, Platform Override: ''
LogPluginManager: Warning: Engine version string in ../../../../../../Shitty UE4 Games I Make/Castleforce/castleforce/Castleforce/Plugins/SimplexNoise-master/SimplexNoise.uplugin could not be parsed ("4.10")
LogPluginManager: Mounting plugin Paper2D
LogPluginManager: Mounting plugin AISupport
LogPluginManager: Mounting plugin LightPropagationVolume
LogPluginManager: Mounting plugin CLionSourceCodeAccess
LogPluginManager: Mounting plugin CodeLiteSourceCodeAccess
LogPluginManager: Mounting plugin GitSourceControl
LogPluginManager: Mounting plugin KDevelopSourceCodeAccess
LogPluginManager: Mounting plugin NullSourceCodeAccess
LogPluginManager: Mounting plugin PerforceSourceControl
LogPluginManager: Mounting plugin SubversionSourceControl
LogPluginManager: Mounting plugin UObjectPlugin
LogPluginManager: Mounting plugin VisualStudioCodeSourceCodeAccess
LogPluginManager: Mounting plugin VisualStudioSourceCodeAccess
LogPluginManager: Mounting plugin XCodeSourceCodeAccess
LogPluginManager: Mounting plugin AssetManagerEditor
LogPluginManager: Mounting plugin CryptoKeys
LogPluginManager: Mounting plugin DataValidation
LogPluginManager: Mounting plugin FacialAnimation
LogPluginManager: Mounting plugin GameplayTagsEditor
LogPluginManager: Mounting plugin MacGraphicsSwitching
LogPluginManager: Mounting plugin MeshEditor
LogPluginManager: Mounting plugin MobileLauncherProfileWizard
LogPluginManager: Mounting plugin PluginBrowser
LogPluginManager: Mounting plugin SpeedTreeImporter
LogPluginManager: Mounting plugin DatasmithContent
LogPluginManager: Mounting plugin AlembicImporter
LogPluginManager: Mounting plugin AppleImageUtils
LogPluginManager: Mounting plugin AppleVision
LogPluginManager: Mounting plugin BackChannel
LogPluginManager: Mounting plugin CharacterAI
LogPluginManager: Mounting plugin GeometryCache
LogPluginManager: Mounting plugin HTML5Networking
LogPluginManager: Mounting plugin ProxyLODPlugin
LogPluginManager: Mounting plugin MagicLeap
LogPluginManager: Mounting plugin MagicLeapEmulator
LogPluginManager: Mounting plugin MagicLeapMedia
LogPluginManager: Mounting plugin AndroidMedia
LogPluginManager: Mounting plugin AvfMedia
LogPluginManager: Mounting plugin ImgMedia
LogPluginManager: Mounting plugin LinearTimecode
LogPluginManager: Mounting plugin MediaCompositing
LogPluginManager: Mounting plugin MediaPlayerEditor
LogPluginManager: Mounting plugin WmfMedia
LogPluginManager: Mounting plugin TcpMessaging
LogPluginManager: Mounting plugin UdpMessaging
LogPluginManager: Mounting plugin ActorSequence
LogPluginManager: Mounting plugin LevelSequenceEditor
LogPluginManager: Mounting plugin MatineeToLevelSequence
LogPluginManager: Mounting plugin NetcodeUnitTest
LogPluginManager: Mounting plugin NUTUnrealEngine4
LogPluginManager: Mounting plugin OnlineSubsystemGooglePlay
LogPluginManager: Mounting plugin OnlineSubsystemIOS
LogPluginManager: Mounting plugin OnlineSubsystem
LogPluginManager: Mounting plugin OnlineSubsystemNull
LogPluginManager: Mounting plugin OnlineSubsystemUtils
LogPluginManager: Mounting plugin LauncherChunkInstaller
LogPluginManager: Mounting plugin AndroidDeviceProfileSelector
LogPluginManager: Mounting plugin AndroidMoviePlayer
LogPluginManager: Mounting plugin AndroidPermission
LogPluginManager: Mounting plugin AppleMoviePlayer
LogPluginManager: Mounting plugin ArchVisCharacter
LogPluginManager: Mounting plugin AudioCapture
LogPluginManager: Mounting plugin CableComponent
LogPluginManager: Mounting plugin CustomMeshComponent
LogPluginManager: Mounting plugin EditableMesh
LogPluginManager: Mounting plugin ExampleDeviceProfileSelector
LogPluginManager: Mounting plugin GoogleCloudMessaging
LogPluginManager: Mounting plugin ImmediatePhysics
LogPluginManager: Mounting plugin IOSDeviceProfileSelector
LogPluginManager: Mounting plugin LinuxDeviceProfileSelector
LogPluginManager: Mounting plugin LocationServicesBPLibrary
LogPluginManager: Mounting plugin MobilePatchingUtils
LogPluginManager: Mounting plugin OculusVR
LogPluginManager: Plugin shader directory ../../../Engine/Plugins/Runtime/Oculus/OculusVR/Shaders found
LogPluginManager: Mapping shader source directory ../../../Engine/Plugins/Runtime/Oculus/OculusVR/Shaders to virtual directory /Plugin/OculusVR
LogPluginManager: Mounting plugin PhysXVehicles
LogPluginManager: Mounting plugin ProceduralMeshComponent
LogPluginManager: Mounting plugin RuntimePhysXCooking
LogPluginManager: Mounting plugin SteamVR
LogPluginManager: Mounting plugin WindowsMoviePlayer
LogPluginManager: Mounting plugin SimplexNoise
LogStreaming: Display: Took  0.486s to configure plugins.
LogInit: Using libcurl 7.55.1-DEV
LogInit:  - built for x86_64-pc-win32
LogInit:  - supports SSL with OpenSSL/1.0.2h
LogInit:  - supports HTTP deflate (compression) using libz 1.2.8
LogInit:  - other features:
LogInit:      CURL_VERSION_SSL
LogInit:      CURL_VERSION_LIBZ
LogInit:      CURL_VERSION_IPV6
LogInit:      CURL_VERSION_ASYNCHDNS
LogInit:      CURL_VERSION_LARGEFILE
LogInit:      CURL_VERSION_IDN
LogInit:  CurlRequestOptions (configurable via config and command line):
LogInit:  - bVerifyPeer = false  - Libcurl will NOT verify peer certificate
LogInit:  - bUseHttpProxy = false  - Libcurl will NOT use HTTP proxy
LogInit:  - bDontReuseConnections = false  - Libcurl will reuse connections
LogInit:  - CertBundlePath = nullptr  - Libcurl will use whatever was configured at build time.
LogInit:  - MaxHostConnections = 16  - Libcurl will limit the number of connections to a host
LogInit:  - LocalHostAddr = Default
LogInit:  - BufferSize = 65536
LogInit: WinSock: version 1.1 (2.2), MaxSocks=32767, MaxUdp=65467
LogInit: Build: ++UE4+Release-4.20-CL-4369336
LogInit: Engine Version: 4.20.3-4369336+++UE4+Release-4.20
LogInit: Compatible Engine Version: 4.20.0-4212847+++UE4+Release-4.20
LogInit: Net CL: 4212847
LogInit: OS: Windows 10 (), CPU: AMD FX(tm)-8350 Eight-Core Processor           , GPU: NVIDIA GeForce GTX 1070 Ti
LogInit: Compiled (64-bit): Sep 17 2018 12:26:19
LogInit: Compiled with Visual C++: 19.13.26129.00
LogInit: Build Configuration: Development
LogInit: Branch Name: ++UE4+Release-4.20
LogInit: Command Line: 
LogInit: Base Directory: D:/Unreal/Engine/UE_4.20/Engine/Binaries/Win64/
LogInit: Installed Engine Build: 1
LogDevObjectVersion: Number of dev versions registered: 20
LogDevObjectVersion:   Dev-Blueprints (B0D832E4-1F89-4F0D-ACCF-7EB736FD4AA2): 10
LogDevObjectVersion:   Dev-Build (E1C64328-A22C-4D53-A36C-8E866417BD8C): 0
LogDevObjectVersion:   Dev-Core (375EC13C-06E4-48FB-B500-84F0262A717E): 2
LogDevObjectVersion:   Dev-Editor (E4B068ED-F494-42E9-A231-DA0B2E46BB41): 24
LogDevObjectVersion:   Dev-Framework (CFFC743F-43B0-4480-9391-14DF171D2073): 34
LogDevObjectVersion:   Dev-Mobile (B02B49B5-BB20-44E9-A304-32B752E40360): 2
LogDevObjectVersion:   Dev-Networking (A4E4105C-59A1-49B5-A7C5-40C4547EDFEE): 0
LogDevObjectVersion:   Dev-Online (39C831C9-5AE6-47DC-9A44-9C173E1C8E7C): 0
LogDevObjectVersion:   Dev-Physics (78F01B33-EBEA-4F98-B9B4-84EACCB95AA2): 0
LogDevObjectVersion:   Dev-Platform (6631380F-2D4D-43E0-8009-CF276956A95A): 0
LogDevObjectVersion:   Dev-Rendering (12F88B9F-8875-4AFC-A67C-D90C383ABD29): 26
LogDevObjectVersion:   Dev-Sequencer (7B5AE74C-D270-4C10-A958-57980B212A5A): 9
LogDevObjectVersion:   Dev-VR (D7296918-1DD6-4BDD-9DE2-64A83CC13884): 2
LogDevObjectVersion:   Dev-LoadTimes (C2A15278-BFE7-4AFE-6C17-90FF531DF755): 1
LogDevObjectVersion:   Private-Geometry (6EACA3D4-40EC-4CC1-B786-8BED09428FC5): 3
LogDevObjectVersion:   Dev-AnimPhys (29E575DD-E0A3-4627-9D10-D276232CDCEA): 17
LogDevObjectVersion:   Dev-ReflectionCapture (6B266CEC-1EC7-4B8F-A30B-E4D90942FC07): 1
LogDevObjectVersion:   Dev-Automation (0DF73D61-A23F-47EA-B727-89E90C41499A): 1
LogDevObjectVersion:   FortniteMain (601D1886-AC64-4F84-AA16-D3DE0DEAC7D6): 12
LogDevObjectVersion:   Dev-Enterprise (9DFFBCD6-494F-0158-E221-12823C92A888): 1
LogStreaming: Display: Took  0.036s to delete old logs.
LogInit: Presizing for max 8388607 objects, including 0 objects not considered by GC, pre-allocating 0 bytes for permanent pool.
LogInit: Object subsystem initialized
[2019.02.23-14.58.33:960][  0]LogInit: Selected Device Profile: [Windows]
[2019.02.23-14.58.33:960][  0]LogInit: Applying CVar settings loaded from the selected device profile: [Windows]
[2019.02.23-14.58.34:017][  0]LogHAL: Display: Platform has ~ 8 GB [8484548608 / 8589934592 / 8], which maps to Default [LargestMinGB=32, LargerMinGB=12, DefaultMinGB=8, SmallerMinGB=6, SmallestMinGB=0)
[2019.02.23-14.58.34:022][  0]LogInit: Setting Device Profile CVar: [[r.Vulkan.UseRealUBs:1]]
[2019.02.23-14.58.34:028][  0]LogInit: Going up to parent DeviceProfile []
[2019.02.23-14.58.34:053][  0]LogInit: Computer: DESKTOP-TLUBEOD
[2019.02.23-14.58.34:053][  0]LogInit: User: rh27u
[2019.02.23-14.58.34:053][  0]LogInit: CPU Page size=4096, Cores=4
[2019.02.23-14.58.34:053][  0]LogInit: High frequency timer resolution =3.919342 MHz
[2019.02.23-14.58.34:053][  0]LogMemory: Memory total: Physical=7.9GB (8GB approx)
[2019.02.23-14.58.34:054][  0]LogMemory: Platform Memory Stats for Windows
[2019.02.23-14.58.34:054][  0]LogMemory: Process Physical Memory: 100.54 MB used, 100.54 MB peak
[2019.02.23-14.58.34:054][  0]LogMemory: Process Virtual Memory: 87.31 MB used, 87.31 MB peak
[2019.02.23-14.58.34:054][  0]LogMemory: Physical Memory: 3353.04 MB used,  4738.45 MB free, 8091.50 MB total
[2019.02.23-14.58.34:054][  0]LogMemory: Virtual Memory: 4641.60 MB used,  4738.45 MB free, 134217728.00 MB total
[2019.02.23-14.58.34:950][  0]LogInit: Using OS detected language (en-US).
[2019.02.23-14.58.34:950][  0]LogInit: Using OS detected locale (en-GB).
[2019.02.23-14.58.34:981][  0]LogTextLocalizationManager: No specific localization for 'en-US' exists, so the 'en' localization will be used.
[2019.02.23-14.58.35:772][  0]LogStreaming: Display: Took  0.822s to InitEngineTextLocalization.
[2019.02.23-14.58.35:772][  0]LogInit: Setting process to per monitor DPI aware
[2019.02.23-14.58.36:224][  0]LogSlate: New Slate User Created.  User Index 0, Is Virtual User: 0
[2019.02.23-14.58.36:224][  0]LogSlate: Slate User Registered.  User Index 0, Is Virtual User: 0
[2019.02.23-14.58.39:862][  0]LogHMD: Failed to initialize OpenVR with code 110
[2019.02.23-14.58.39:862][  0]LogD3D11RHI: D3D11 adapters:
[2019.02.23-14.58.40:156][  0]LogD3D11RHI:    0. 'NVIDIA GeForce GTX 1070 Ti' (Feature Level 11_0)
[2019.02.23-14.58.40:156][  0]LogD3D11RHI:       8080/0/4045 MB DedicatedVideo/DedicatedSystem/SharedSystem, Outputs:3, VendorId:0x10de
[2019.02.23-14.58.40:166][  0]LogD3D11RHI:    1. 'Microsoft Basic Render Driver' (Feature Level 11_0)
[2019.02.23-14.58.40:166][  0]LogD3D11RHI:       0/0/4045 MB DedicatedVideo/DedicatedSystem/SharedSystem, Outputs:0, VendorId:0x1414
[2019.02.23-14.58.40:166][  0]LogD3D11RHI: Chosen D3D11 Adapter: 0
[2019.02.23-14.58.40:185][  0]LogD3D11RHI: Creating new Direct3DDevice
[2019.02.23-14.58.40:185][  0]LogD3D11RHI:     GPU DeviceId: 0x1b82 (for the marketing name, search the web for "GPU Device Id")
[2019.02.23-14.58.40:185][  0]LogWindows: EnumDisplayDevices:
[2019.02.23-14.58.40:185][  0]LogWindows:    0. 'NVIDIA GeForce GTX 1070 Ti' (P:0 D:1)
[2019.02.23-14.58.40:186][  0]LogWindows:    1. 'NVIDIA GeForce GTX 1070 Ti' (P:1 D:1)
[2019.02.23-14.58.40:186][  0]LogWindows:    2. 'NVIDIA GeForce GTX 1070 Ti' (P:0 D:1)
[2019.02.23-14.58.40:187][  0]LogWindows:    3. 'NVIDIA GeForce GTX 1070 Ti' (P:0 D:0)
[2019.02.23-14.58.40:187][  0]LogWindows: DebugString: FoundDriverCount:4 
[2019.02.23-14.58.40:187][  0]LogD3D11RHI:     Adapter Name: NVIDIA GeForce GTX 1070 Ti
[2019.02.23-14.58.40:187][  0]LogD3D11RHI:   Driver Version: 417.35 (internal:25.21.14.1735, unified:417.35)
[2019.02.23-14.58.40:187][  0]LogD3D11RHI:      Driver Date: 12-11-2018
[2019.02.23-14.58.40:187][  0]LogRHI: Texture pool is 5656 MB (70% of 8080 MB)
[2019.02.23-14.58.40:259][  0]LogD3D11RHI: Async texture creation enabled
[2019.02.23-14.58.40:354][  0]LogD3D11RHI: GPU Timing Frequency: 1000.000000 (Debug: 2 2)
[2019.02.23-14.58.40:479][  0]LogShaderCompilers: Guid format shader working directory is -31 characters bigger than the processId version (../../../../../../Shitty UE4 Games I Make/Castleforce/castleforce/Castleforce/Intermediate/Shaders/WorkingDirectory/5844/).
[2019.02.23-14.58.40:479][  0]LogShaderCompilers: Cleaned the shader compiler working directory 'C:/Users/rh27u/AppData/Local/Temp/UnrealShaderWorkingDir/18F1D3F14AA9D39E2561B0A5D2870725/'.
[2019.02.23-14.58.41:767][  0]LogTemp: Display: Loaded TP AllDesktopTargetPlatform
[2019.02.23-14.58.41:854][  0]LogTemp: Display: Loaded TP MacClientTargetPlatform
[2019.02.23-14.58.41:927][  0]LogTemp: Display: Loaded TP MacNoEditorTargetPlatform
[2019.02.23-14.58.41:995][  0]LogTemp: Display: Loaded TP MacServerTargetPlatform
[2019.02.23-14.58.42:080][  0]LogTemp: Display: Loaded TP MacTargetPlatform
[2019.02.23-14.58.42:158][  0]LogTemp: Display: Loaded TP WindowsClientTargetPlatform
[2019.02.23-14.58.42:237][  0]LogTemp: Display: Loaded TP WindowsNoEditorTargetPlatform
[2019.02.23-14.58.42:311][  0]LogTemp: Display: Loaded TP WindowsServerTargetPlatform
[2019.02.23-14.58.42:369][  0]LogTemp: Display: Loaded TP WindowsTargetPlatform
[2019.02.23-14.58.42:572][  0]LogTemp: Display: Loaded TP AndroidTargetPlatform
[2019.02.23-14.58.42:572][  0]LogTemp: Display: Loaded TP AndroidTargetPlatform
[2019.02.23-14.58.42:572][  0]LogTemp: Display: Loaded TP AndroidTargetPlatform
[2019.02.23-14.58.42:572][  0]LogTemp: Display: Loaded TP AndroidTargetPlatform
[2019.02.23-14.58.42:572][  0]LogTemp: Display: Loaded TP AndroidTargetPlatform
[2019.02.23-14.58.42:572][  0]LogTemp: Display: Loaded TP AndroidTargetPlatform
[2019.02.23-14.58.42:572][  0]LogTemp: Display: Loaded TP AndroidTargetPlatform
[2019.02.23-14.58.42:572][  0]LogTemp: Display: Loaded TP AndroidTargetPlatform
[2019.02.23-14.58.42:572][  0]LogTemp: Display: Loaded TP AndroidTargetPlatform
[2019.02.23-14.58.42:572][  0]LogTemp: Display: Loaded TP AndroidTargetPlatform
[2019.02.23-14.58.42:572][  0]LogTemp: Display: Loaded TP AndroidTargetPlatform
[2019.02.23-14.58.42:572][  0]LogTemp: Display: Loaded TP AndroidTargetPlatform
[2019.02.23-14.58.42:572][  0]LogTemp: Display: Loaded TP AndroidTargetPlatform
[2019.02.23-14.58.42:572][  0]LogTemp: Display: Loaded TP AndroidTargetPlatform
[2019.02.23-14.58.42:572][  0]LogTemp: Display: Loaded TP AndroidTargetPlatform
[2019.02.23-14.58.42:572][  0]LogTemp: Display: Loaded TP AndroidTargetPlatform
[2019.02.23-14.58.42:572][  0]LogTemp: Display: Loaded TP AndroidTargetPlatform
[2019.02.23-14.58.42:572][  0]LogTemp: Display: Loaded TP AndroidTargetPlatform
[2019.02.23-14.58.42:627][  0]LogTemp: Display: Loaded TP HTML5TargetPlatform
[2019.02.23-14.58.42:889][  0]LogTemp: Display: Loaded TP IOSTargetPlatform
[2019.02.23-14.58.42:889][  0]LogTemp: Display: Loaded TP IOSTargetPlatform
[2019.02.23-14.58.42:978][  0]LogTemp: Display: Loaded TP TVOSTargetPlatform
[2019.02.23-14.58.42:978][  0]LogTemp: Display: Loaded TP TVOSTargetPlatform
[2019.02.23-14.58.43:047][  0]LogTemp: Display: Loaded TP LinuxClientTargetPlatform
[2019.02.23-14.58.43:117][  0]LogTemp: Display: Loaded TP LinuxNoEditorTargetPlatform
[2019.02.23-14.58.43:178][  0]LogTemp: Display: Loaded TP LinuxServerTargetPlatform
[2019.02.23-14.58.43:274][  0]LogTemp: Display: Loaded TP LinuxTargetPlatform
[2019.02.23-14.58.43:347][  0]LogTemp: Display: Loaded TP LuminTargetPlatform
[2019.02.23-14.58.43:347][  0]LogTargetPlatformManager: Display: Building Assets For Windows
[2019.02.23-14.58.45:117][  0]LogXGEController: Cleaning working directory: C:/Users/rh27u/AppData/Local/Temp/UnrealXGEWorkingDir/
[2019.02.23-14.58.45:118][  0]LogXGEController: Cannot use XGE Controller as Incredibuild is not installed on this machine.
[2019.02.23-14.58.45:118][  0]LogShaderCompilers: Cannot use XGE Shader Compiler as Incredibuild is not installed on this machine.
[2019.02.23-14.58.45:118][  0]LogShaderCompilers: Display: Using Local Shader Compiler.
[2019.02.23-14.58.48:781][  0]LogDerivedDataCache: Display: Max Cache Size: 512 MB
[2019.02.23-14.58.49:415][  0]LogDerivedDataCache: Loaded boot cache 0.63s 71MB C:/Users/rh27u/AppData/Local/UnrealEngine/4.20/DerivedDataCache/Boot.ddc.
[2019.02.23-14.58.49:415][  0]LogDerivedDataCache: Display: Loaded Boot cache: C:/Users/rh27u/AppData/Local/UnrealEngine/4.20/DerivedDataCache/Boot.ddc
[2019.02.23-14.58.49:415][  0]LogDerivedDataCache: FDerivedDataBackendGraph:  Pak pak cache file ../../../../../../Shitty UE4 Games I Make/Castleforce/castleforce/Castleforce/DerivedDataCache/DDC.ddp not found, will not use a pak cache.
[2019.02.23-14.58.49:415][  0]LogDerivedDataCache: Unable to find inner node Pak for hierarchical cache Hierarchy.
[2019.02.23-14.58.49:415][  0]LogDerivedDataCache: FDerivedDataBackendGraph:  CompressedPak pak cache file ../../../../../../Shitty UE4 Games I Make/Castleforce/castleforce/Castleforce/DerivedDataCache/Compressed.ddp not found, will not use a pak cache.
[2019.02.23-14.58.49:415][  0]LogDerivedDataCache: Unable to find inner node CompressedPak for hierarchical cache Hierarchy.
[2019.02.23-14.58.49:477][  0]LogDerivedDataCache: Display: Pak cache opened for reading ../../../Engine/DerivedDataCache/Compressed.ddp.
[2019.02.23-14.58.49:492][  0]LogDerivedDataCache: Using Local data cache path C:/Users/rh27u/AppData/Local/UnrealEngine/Common/DerivedDataCache: Writable
[2019.02.23-14.58.49:492][  0]LogDerivedDataCache: Shared data cache path not found in *engine.ini, will not use an Shared cache.
[2019.02.23-14.58.49:492][  0]LogDerivedDataCache: Unable to find inner node Shared for hierarchical cache Hierarchy.
[2019.02.23-14.58.49:527][  0]LogMaterial: Verifying Global Shaders for PCD3D_SM5
[2019.02.23-14.58.49:538][  0]LogSlate: Using FreeType 2.6.0
[2019.02.23-14.58.49:595][  0]LogSlate: SlateFontServices - WITH_FREETYPE: 1, WITH_HARFBUZZ: 1
[2019.02.23-14.58.50:372][  0]LogAssetRegistry: FAssetRegistry took 0.0286 seconds to start up
[2019.02.23-14.58.53:543][  0]LogInit: Selected Device Profile: [Windows]
[2019.02.23-14.58.56:543][  0]LogSimplygon: Simplygon DLL not present - disabling.
[2019.02.23-14.58.56:783][  0]LogMeshReduction: Using SimplygonSwarm for distributed automatic mesh merging
[2019.02.23-14.58.56:783][  0]LogMeshReduction: Using ProxyLODMeshReduction for automatic mesh merging
[2019.02.23-14.58.56:783][  0]LogMeshReduction: Using QuadricMeshReduction for automatic static mesh reduction
[2019.02.23-14.58.56:783][  0]LogMeshReduction: No automatic skeletal mesh reduction module available
[2019.02.23-14.58.57:294][  0]LogNetVersion: Castleforce 1.0.0, NetCL: 4212847, EngineNetVer: 5, GameNetVer: 0 (Checksum: 2622368503)
[2019.02.23-14.59.00:467][  0]LogPackageLocalizationCache: Processed 11 localized package path(s) for 2 prioritized culture(s) in 0.288817 seconds
[2019.02.23-14.59.00:491][  0]LogUObjectArray: 38425 objects as part of root set at end of initial load.
[2019.02.23-14.59.00:491][  0]LogUObjectAllocator: 6690872 out of 0 bytes used by permanent object pool.
[2019.02.23-14.59.00:491][  0]LogUObjectArray: CloseDisregardForGC: 0/0 objects in disregard for GC pool
[2019.02.23-14.59.19:885][  0]LogTcpMessaging: Initializing TcpMessaging bridge
[2019.02.23-14.59.19:957][  0]LogUdpMessaging: Initializing bridge on interface 0.0.0.0:0 to multicast group 230.0.0.1:6666.
[2019.02.23-14.59.21:663][  0]SourceControl: Source control is disabled
[2019.02.23-14.59.21:663][  0]SourceControl: Source control is disabled
[2019.02.23-14.59.21:811][  0]SourceControl: Source control is disabled
[2019.02.23-14.59.21:872][  0]SourceControl: Source control is disabled
[2019.02.23-14.59.24:517][  0]LogAndroidPermission: UAndroidPermissionCallbackProxy::GetInstance
[2019.02.23-14.59.24:997][  0]LogOcInput: OculusInput pre-init called
[2019.02.23-14.59.25:529][  0]LogEngine: Initializing Engine...
[2019.02.23-14.59.25:543][  0]LogHMD: Failed to initialize OpenVR with code 110
[2019.02.23-14.59.25:545][  0]LogStats: UGameplayTagsManager::ConstructGameplayTagTree: ImportINI prefixes -  0.000 s
[2019.02.23-14.59.25:545][  0]LogStats: UGameplayTagsManager::ConstructGameplayTagTree: Construct from data asset -  0.000 s
[2019.02.23-14.59.25:546][  0]LogStats: UGameplayTagsManager::ConstructGameplayTagTree: ImportINI -  0.000 s
[2019.02.23-14.59.25:546][  0]LogStats: UGameplayTagsManager::ConstructGameplayTagTree: GameplayTagTreeChangedEvent.Broadcast -  0.000 s
[2019.02.23-14.59.26:486][  0]LogInit: Initializing FReadOnlyCVARCache
[2019.02.23-14.59.26:629][  0]LogAIModule: Creating AISystem for world Untitled
[2019.02.23-14.59.26:785][  0]LogInit: XAudio2 using 'Headset Earphone (HyperX 7.1 Audio)' : 2 channels at 48 kHz using 16 bits per sample (channel mask 0x3)
[2019.02.23-14.59.26:811][  0]LogInit: FAudioDevice initialized.
[2019.02.23-14.59.26:811][  0]LogNetVersion: Set ProjectVersion to 1.0.0.0. Version Checksum will be recalculated on next use.
[2019.02.23-14.59.27:015][  0]LogDerivedDataCache: Saved boot cache 0.20s 71MB C:/Users/rh27u/AppData/Local/UnrealEngine/4.20/DerivedDataCache/Boot.ddc.
[2019.02.23-14.59.27:028][  0]LogInit: Texture streaming: Enabled
[2019.02.23-14.59.27:288][  0]LogEngineSessionManager: EngineSessionManager initialized
[2019.02.23-14.59.27:373][  0]LogWindowsTextInputMethodSystem: Display: IME system now deactivated.
[2019.02.23-14.59.27:701][  0]LogInit: Transaction tracking system initialized
[2019.02.23-14.59.28:113][  0]BlueprintLog: New page: Editor Load
[2019.02.23-14.59.29:981][  0]LocalizationService: Localization service is disabled
[2019.02.23-14.59.32:893][  0]LogCook: Display: Max memory allowance for cook 16384mb min free memory 0mb
[2019.02.23-14.59.32:893][  0]LogCook: Display: Mobile HDR setting 1
[2019.02.23-14.59.32:893][  0]LogGameplayTags: Display: UGameplayTagsManager::DoneAddingNativeTags. DelegateIsBound: 0
[2019.02.23-14.59.32:893][  0]LogStats: UGameplayTagsManager::ConstructGameplayTagTree: ImportINI prefixes -  0.000 s
[2019.02.23-14.59.32:893][  0]LogStats: UGameplayTagsManager::ConstructGameplayTagTree: Construct from data asset -  0.000 s
[2019.02.23-14.59.32:894][  0]LogStats: UGameplayTagsManager::ConstructGameplayTagTree: ImportINI -  0.000 s
[2019.02.23-14.59.32:894][  0]LogStats: UGameplayTagsManager::ConstructGameplayTagTree: GameplayTagTreeChangedEvent.Broadcast -  0.000 s
[2019.02.23-14.59.33:281][  0]LogFileCache: Scanning file cache for directory 'D:/Shitty UE4 Games I Make/Castleforce/castleforce/Castleforce/Content/' took 0.09s
[2019.02.23-14.59.35:792][  0]SourceControl: Source control is disabled
[2019.02.23-14.59.35:792][  0]Cmd: MAP LOAD FILE="../../../../../../Shitty UE4 Games I Make/Castleforce/castleforce/Castleforce/Content/Levels/Level1.umap" TEMPLATE=0 SHOWPROGRESS=1 FEATURELEVEL=3
[2019.02.23-14.59.35:793][  0]LightingResults: New page: Lighting Build
[2019.02.23-14.59.35:819][  0]MapCheck: New page: Map Check
[2019.02.23-14.59.35:819][  0]LightingResults: New page: Lighting Build
[2019.02.23-14.59.37:556][  0]LogAIModule: Creating AISystem for world Level1
[2019.02.23-14.59.37:655][  0]LogEditorServer: Finished looking for orphan Actors (0.000 secs)
[2019.02.23-14.59.37:782][  0]Cmd: MAP CHECKDEP NOCLEARLOG
[2019.02.23-14.59.37:882][  0]MapCheck: Map check complete: 0 Error(s), 0 Warning(s), took 100.03ms to complete.
[2019.02.23-14.59.37:882][  0]LogFileHelpers: Loading map 'Level1' took 2.090
[2019.02.23-14.59.38:392][  0]LogSlate: Updating window title bar state: overlay mode, drag disabled, window buttons hidden, title bar hidden
[2019.02.23-14.59.38:402][  0]LogSlate: Updating window title bar state: overlay mode, drag disabled, window buttons hidden, title bar hidden
[2019.02.23-14.59.38:416][  0]LogSlate: Updating window title bar state: overlay mode, drag disabled, window buttons hidden, title bar hidden
[2019.02.23-14.59.38:428][  0]LogSlate: Updating window title bar state: overlay mode, drag disabled, window buttons hidden, title bar hidden
[2019.02.23-14.59.38:515][  0]LogCollectionManager: Loaded 0 collections in 0.007283 seconds
[2019.02.23-14.59.38:595][  0]LogFileCache: Scanning file cache for directory 'D:/Shitty UE4 Games I Make/Castleforce/castleforce/Castleforce/Saved/Collections/' took 0.01s
[2019.02.23-14.59.38:595][  0]LogFileCache: Scanning file cache for directory 'D:/Shitty UE4 Games I Make/Castleforce/castleforce/Castleforce/Content/Developers/rh27u/Collections/' took 0.01s
[2019.02.23-14.59.38:595][  0]LogFileCache: Scanning file cache for directory 'D:/Shitty UE4 Games I Make/Castleforce/castleforce/Castleforce/Content/Collections/' took 0.01s
[2019.02.23-14.59.38:595][  0]LogCollectionManager: Rebuilt the GUID cache for 0 collections in 0.000000 seconds
[2019.02.23-14.59.38:614][  0]LogContentBrowser: Native class hierarchy populated in 0.0191 seconds. Added 2585 classes and 610 folders.
[2019.02.23-14.59.38:634][  0]LogContentBrowser: Native class hierarchy updated for 'WidgetCarousel' in 0.0009 seconds. Added 0 classes and 0 folders.
[2019.02.23-14.59.39:692][  0]LogContentBrowser: Native class hierarchy updated for 'AddContentDialog' in 0.0010 seconds. Added 0 classes and 0 folders.
[2019.02.23-14.59.39:781][  0]LogSlate: Took 0.016858 seconds to synchronously load lazily loaded font '../../../Engine/Content/Slate/Fonts/Roboto-Regular.ttf' (155K)
[2019.02.23-14.59.39:821][  0]LogSlate: Took 0.018805 seconds to synchronously load lazily loaded font '../../../Engine/Content/Slate/Fonts/Roboto-Bold.ttf' (160K)
[2019.02.23-14.59.39:833][  0]LogSlate: Took 0.009532 seconds to synchronously load lazily loaded font '../../../Engine/Content/Editor/Slate/Fonts/FontAwesome.ttf' (139K)
[2019.02.23-14.59.40:045][  0]LogRenderer: Reallocating scene render targets to support 1200x600 Format 10 NumSamples 1 (Frame:1).
[2019.02.23-14.59.40:410][  0]LogContentBrowser: Native class hierarchy updated for 'HierarchicalLODOutliner' in 0.0012 seconds. Added 0 classes and 0 folders.
[2019.02.23-14.59.40:410][  0]LogLoad: (Engine Initialization) Total time: 84.48 seconds
[2019.02.23-14.59.40:410][  0]LogLoad: (Engine Initialization) Total Blueprint compile time: 0.00 seconds
[2019.02.23-14.59.40:467][  0]LogContentStreaming: Texture pool size now 1000 MB
[2019.02.23-14.59.40:551][  0]LogSlate: Took 0.013043 seconds to synchronously load lazily loaded font '../../../Engine/Content/Slate/Fonts/Roboto-Light.ttf' (167K)
[2019.02.23-14.59.40:559][  1]LogFileCache: Retrieving MD5 hashes for directory 'D:/Shitty UE4 Games I Make/Castleforce/castleforce/Castleforce/Content/' took 0.12s
[2019.02.23-14.59.40:668][  2]LogAssetRegistry: Asset discovery search completed in 50.3188 seconds
[2019.02.23-14.59.40:670][  2]LogCollectionManager: Rebuilt the object cache for 0 collections in 0.000000 seconds (found 0 objects)
[2019.02.23-14.59.40:670][  2]LogCollectionManager: Fixed up redirectors for 0 collections in 0.000100 seconds (updated 0 objects)
[2019.02.23-15.02.22:694][302]LogSlate: FSceneViewport::OnFocusLost() reason 0
[2019.02.23-15.02.22:776][312]LogTemp: Repeating last play command: Selected Viewport
[2019.02.23-15.02.22:805][312]LogBlueprintUserMessages: Early PlayInEditor Detection: Level '/Game/Levels/Level1.Level1:PersistentLevel' has LevelScriptBlueprint '/Game/Levels/Level1.Level1:PersistentLevel.Level1' with GeneratedClass '/Game/Levels/Level1.Level1_C' with ClassGeneratedBy '/Game/Levels/Level1.Level1:PersistentLevel.Level1'
[2019.02.23-15.02.22:805][312]LogPlayLevel: PlayLevel: No blueprints needed recompiling
[2019.02.23-15.02.22:819][312]PIE: New page: PIE session: Level1 (23 Feb 2019 15:02:22)
[2019.02.23-15.02.22:819][312]LogPlayLevel: Creating play world package: /Game/Levels/UEDPIE_0_Level1
[2019.02.23-15.02.22:854][312]LogPlayLevel: PIE: StaticDuplicateObject took: (0.035336s)
[2019.02.23-15.02.22:855][312]LogAIModule: Creating AISystem for world Level1
[2019.02.23-15.02.22:856][312]LogPlayLevel: PIE: World Init took: (0.001370s)
[2019.02.23-15.02.22:856][312]LogPlayLevel: PIE: Created PIE world by copying editor world from /Game/Levels/Level1.Level1 to /Game/Levels/UEDPIE_0_Level1.Level1 (0.036971s)
[2019.02.23-15.02.22:985][312]LogInit: XAudio2 using 'Headset Earphone (HyperX 7.1 Audio)' : 2 channels at 48 kHz using 16 bits per sample (channel mask 0x3)
[2019.02.23-15.02.23:001][312]LogInit: FAudioDevice initialized.
[2019.02.23-15.02.23:419][312]LogLoad: Game class is 'MyCastleforceGameMode_C'
[2019.02.23-15.02.23:422][312]LogWorld: Bringing World /Game/Levels/UEDPIE_0_Level1.Level1 up for play (max tick rate 0) at 2019.02.23-15.02.23
[2019.02.23-15.02.23:422][312]LogWorld: Bringing up level for play took: 0.000854
[2019.02.23-15.02.23:485][312]LogContentBrowser: Native class hierarchy updated for 'MovieSceneCapture' in 0.0012 seconds. Added 10 classes and 0 folders.
[2019.02.23-15.02.23:741][312]PIE: Play in editor start time for /Game/Levels/UEDPIE_0_Level1 1.514
[2019.02.23-15.02.23:741][312]LogBlueprintUserMessages: Late PlayInEditor Detection: Level '/Game/Levels/Level1.Level1:PersistentLevel' has LevelScriptBlueprint '/Game/Levels/Level1.Level1:PersistentLevel.Level1' with GeneratedClass '/Game/Levels/Level1.Level1_C' with ClassGeneratedBy '/Game/Levels/Level1.Level1:PersistentLevel.Level1'
[2019.02.23-15.02.28:381][483]LogSlate: FSceneViewport::OnFocusLost() reason 0
[2019.02.23-15.02.28:434][484]LogBlueprintUserMessages: Early EndPlayMap Detection: Level '/Game/Levels/Level1.Level1:PersistentLevel' has LevelScriptBlueprint '/Game/Levels/Level1.Level1:PersistentLevel.Level1' with GeneratedClass '/Game/Levels/Level1.Level1_C' with ClassGeneratedBy '/Game/Levels/Level1.Level1:PersistentLevel.Level1'
[2019.02.23-15.02.28:444][484]LogSlate: Updating window title bar state: overlay mode, drag disabled, window buttons hidden, title bar hidden
[2019.02.23-15.02.28:494][484]LogPlayLevel: Display: Shutting down PIE online subsystems
[2019.02.23-15.02.28:494][484]LogBlueprintUserMessages: Late EndPlayMap Detection: Level '/Game/Levels/Level1.Level1:PersistentLevel' has LevelScriptBlueprint '/Game/Levels/Level1.Level1:PersistentLevel.Level1' with GeneratedClass '/Game/Levels/Level1.Level1_C' with ClassGeneratedBy '/Game/Levels/Level1.Level1:PersistentLevel.Level1'
[2019.02.23-15.02.28:619][484]LogSlate: Updating window title bar state: overlay mode, drag disabled, window buttons hidden, title bar hidden
[2019.02.23-15.02.28:646][485]LogPlayLevel: Display: Destroying online subsystem :Context_1
[2019.02.23-15.02.33:274][774]LogSlate: Only BGRA pngs, bmps or icos are supported in by External Image Picker
[2019.02.23-15.02.33:466][775]LogTemp: Executing iPhonePackager certificates Engine -bundlename com.YourCompany.Castleforce
[2019.02.23-15.02.33:466][775]LogTemp: CWD: D:\Unreal\Engine\UE_4.20\Engine\Binaries\DotNET\IOS
[2019.02.23-15.02.33:466][775]LogTemp: Initial Dir: D:\Unreal\Engine\UE_4.20
[2019.02.23-15.02.33:466][775]LogTemp: Env CWD: D:\Unreal\Engine\UE_4.20\Engine\Binaries\DotNET\IOS
[2019.02.23-15.02.33:495][776]LogTemp: BranchPath = DESKTOP-TLUBEOD/D/Unreal/Engine/UE_4.20/Engine/Binaries --- GameBranchPath = DESKTOP-TLUBEOD/D/Unreal/Engine/UE_4.20/Engine/Binaries
[2019.02.23-15.02.33:495][776]LogTemp: IPP ERROR: Could not find provision directory 'C:\Users\rh27u\AppData\Local/Apple Computer/MobileDevice/Provisioning Profiles/'.
[2019.02.23-15.03.21:359][153]LogSlate: Window 'Project Settings' being destroyed
[2019.02.23-15.03.21:362][153]LogSlate: Window 'Project Settings' being destroyed
[2019.02.23-15.03.22:265][257]LogTemp: Repeating last play command: Selected Viewport
[2019.02.23-15.03.22:294][257]LogBlueprintUserMessages: Early PlayInEditor Detection: Level '/Game/Levels/Level1.Level1:PersistentLevel' has LevelScriptBlueprint '/Game/Levels/Level1.Level1:PersistentLevel.Level1' with GeneratedClass '/Game/Levels/Level1.Level1_C' with ClassGeneratedBy '/Game/Levels/Level1.Level1:PersistentLevel.Level1'
[2019.02.23-15.03.22:294][257]LogPlayLevel: PlayLevel: No blueprints needed recompiling
[2019.02.23-15.03.22:294][257]PIE: New page: PIE session: Level1 (23 Feb 2019 15:03:22)
[2019.02.23-15.03.22:294][257]LogPlayLevel: Creating play world package: /Game/Levels/UEDPIE_0_Level1
[2019.02.23-15.03.22:307][257]LogPlayLevel: PIE: StaticDuplicateObject took: (0.012500s)
[2019.02.23-15.03.22:308][257]LogAIModule: Creating AISystem for world Level1
[2019.02.23-15.03.22:308][257]LogPlayLevel: PIE: World Init took: (0.001063s)
[2019.02.23-15.03.22:308][257]LogPlayLevel: PIE: Created PIE world by copying editor world from /Game/Levels/Level1.Level1 to /Game/Levels/UEDPIE_0_Level1.Level1 (0.013797s)
[2019.02.23-15.03.22:475][257]LogInit: XAudio2 using 'Headset Earphone (HyperX 7.1 Audio)' : 2 channels at 48 kHz using 16 bits per sample (channel mask 0x3)
[2019.02.23-15.03.22:489][257]LogInit: FAudioDevice initialized.
[2019.02.23-15.03.22:521][257]LogLoad: Game class is 'MyCastleforceGameMode_C'
[2019.02.23-15.03.22:523][257]LogWorld: Bringing World /Game/Levels/UEDPIE_0_Level1.Level1 up for play (max tick rate 0) at 2019.02.23-15.03.22
[2019.02.23-15.03.22:523][257]LogWorld: Bringing up level for play took: 0.000872
[2019.02.23-15.03.22:727][257]PIE: Play in editor start time for /Game/Levels/UEDPIE_0_Level1 0.501
[2019.02.23-15.03.22:727][257]LogBlueprintUserMessages: Late PlayInEditor Detection: Level '/Game/Levels/Level1.Level1:PersistentLevel' has LevelScriptBlueprint '/Game/Levels/Level1.Level1:PersistentLevel.Level1' with GeneratedClass '/Game/Levels/Level1.Level1_C' with ClassGeneratedBy '/Game/Levels/Level1.Level1:PersistentLevel.Level1'
[2019.02.23-15.03.50:051][229]LogSlate: FSceneViewport::OnFocusLost() reason 0
[2019.02.23-15.03.50:124][232]LogBlueprintUserMessages: Early EndPlayMap Detection: Level '/Game/Levels/Level1.Level1:PersistentLevel' has LevelScriptBlueprint '/Game/Levels/Level1.Level1:PersistentLevel.Level1' with GeneratedClass '/Game/Levels/Level1.Level1_C' with ClassGeneratedBy '/Game/Levels/Level1.Level1:PersistentLevel.Level1'
[2019.02.23-15.03.50:125][232]LogSlate: Updating window title bar state: overlay mode, drag disabled, window buttons hidden, title bar hidden
[2019.02.23-15.03.50:187][232]LogPlayLevel: Display: Shutting down PIE online subsystems
[2019.02.23-15.03.50:187][232]LogBlueprintUserMessages: Late EndPlayMap Detection: Level '/Game/Levels/Level1.Level1:PersistentLevel' has LevelScriptBlueprint '/Game/Levels/Level1.Level1:PersistentLevel.Level1' with GeneratedClass '/Game/Levels/Level1.Level1_C' with ClassGeneratedBy '/Game/Levels/Level1.Level1:PersistentLevel.Level1'
[2019.02.23-15.03.50:318][232]LogSlate: Updating window title bar state: overlay mode, drag disabled, window buttons hidden, title bar hidden
[2019.02.23-15.03.50:343][233]LogPlayLevel: Display: Destroying online subsystem :Context_3
[2019.02.23-15.04.40:981][633]LogTemp: Repeating last play command: Selected Viewport
[2019.02.23-15.04.41:009][633]LogBlueprintUserMessages: Early PlayInEditor Detection: Level '/Game/Levels/Level1.Level1:PersistentLevel' has LevelScriptBlueprint '/Game/Levels/Level1.Level1:PersistentLevel.Level1' with GeneratedClass '/Game/Levels/Level1.Level1_C' with ClassGeneratedBy '/Game/Levels/Level1.Level1:PersistentLevel.Level1'
[2019.02.23-15.04.41:009][633]LogPlayLevel: PlayLevel: No blueprints needed recompiling
[2019.02.23-15.04.41:009][633]PIE: New page: PIE session: Level1 (23 Feb 2019 15:04:41)
[2019.02.23-15.04.41:009][633]LogPlayLevel: Creating play world package: /Game/Levels/UEDPIE_0_Level1
[2019.02.23-15.04.41:024][633]LogPlayLevel: PIE: StaticDuplicateObject took: (0.014433s)
[2019.02.23-15.04.41:024][633]LogAIModule: Creating AISystem for world Level1
[2019.02.23-15.04.41:025][633]LogPlayLevel: PIE: World Init took: (0.000795s)
[2019.02.23-15.04.41:025][633]LogPlayLevel: PIE: Created PIE world by copying editor world from /Game/Levels/Level1.Level1 to /Game/Levels/UEDPIE_0_Level1.Level1 (0.015433s)
[2019.02.23-15.04.41:183][633]LogInit: XAudio2 using 'Headset Earphone (HyperX 7.1 Audio)' : 2 channels at 48 kHz using 16 bits per sample (channel mask 0x3)
[2019.02.23-15.04.41:196][633]LogInit: FAudioDevice initialized.
[2019.02.23-15.04.41:229][633]LogLoad: Game class is 'MyCastleforceGameMode_C'
[2019.02.23-15.04.41:231][633]LogWorld: Bringing World /Game/Levels/UEDPIE_0_Level1.Level1 up for play (max tick rate 0) at 2019.02.23-15.04.41
[2019.02.23-15.04.41:231][633]LogWorld: Bringing up level for play took: 0.000676
[2019.02.23-15.04.41:539][633]PIE: Play in editor start time for /Game/Levels/UEDPIE_0_Level1 1.313
[2019.02.23-15.04.41:539][633]LogBlueprintUserMessages: Late PlayInEditor Detection: Level '/Game/Levels/Level1.Level1:PersistentLevel' has LevelScriptBlueprint '/Game/Levels/Level1.Level1:PersistentLevel.Level1' with GeneratedClass '/Game/Levels/Level1.Level1_C' with ClassGeneratedBy '/Game/Levels/Level1.Level1:PersistentLevel.Level1'
[2019.02.23-15.04.51:784][ 31]LogBlueprintUserMessages: Early EndPlayMap Detection: Level '/Game/Levels/Level1.Level1:PersistentLevel' has LevelScriptBlueprint '/Game/Levels/Level1.Level1:PersistentLevel.Level1' with GeneratedClass '/Game/Levels/Level1.Level1_C' with ClassGeneratedBy '/Game/Levels/Level1.Level1:PersistentLevel.Level1'
[2019.02.23-15.04.51:784][ 31]LogSlate: Updating window title bar state: overlay mode, drag disabled, window buttons hidden, title bar hidden
[2019.02.23-15.04.51:843][ 31]LogPlayLevel: Display: Shutting down PIE online subsystems
[2019.02.23-15.04.51:844][ 31]LogBlueprintUserMessages: Late EndPlayMap Detection: Level '/Game/Levels/Level1.Level1:PersistentLevel' has LevelScriptBlueprint '/Game/Levels/Level1.Level1:PersistentLevel.Level1' with GeneratedClass '/Game/Levels/Level1.Level1_C' with ClassGeneratedBy '/Game/Levels/Level1.Level1:PersistentLevel.Level1'
[2019.02.23-15.04.51:968][ 31]LogSlate: Updating window title bar state: overlay mode, drag disabled, window buttons hidden, title bar hidden
[2019.02.23-15.04.51:999][ 32]LogPlayLevel: Display: Destroying online subsystem :Context_4
[2019.02.23-15.04.57:860][715]LogTemp: Repeating last play command: Selected Viewport
[2019.02.23-15.04.57:888][715]LogBlueprintUserMessages: Early PlayInEditor Detection: Level '/Game/Levels/Level1.Level1:PersistentLevel' has LevelScriptBlueprint '/Game/Levels/Level1.Level1:PersistentLevel.Level1' with GeneratedClass '/Game/Levels/Level1.Level1_C' with ClassGeneratedBy '/Game/Levels/Level1.Level1:PersistentLevel.Level1'
[2019.02.23-15.04.57:888][715]LogPlayLevel: PlayLevel: No blueprints needed recompiling
[2019.02.23-15.04.57:889][715]PIE: New page: PIE session: Level1 (23 Feb 2019 15:04:57)
[2019.02.23-15.04.57:889][715]LogPlayLevel: Creating play world package: /Game/Levels/UEDPIE_0_Level1
[2019.02.23-15.04.57:904][715]LogPlayLevel: PIE: StaticDuplicateObject took: (0.015718s)
[2019.02.23-15.04.57:906][715]LogAIModule: Creating AISystem for world Level1
[2019.02.23-15.04.57:907][715]LogPlayLevel: PIE: World Init took: (0.002466s)
[2019.02.23-15.04.57:907][715]LogPlayLevel: PIE: Created PIE world by copying editor world from /Game/Levels/Level1.Level1 to /Game/Levels/UEDPIE_0_Level1.Level1 (0.018518s)
[2019.02.23-15.04.58:041][715]LogInit: XAudio2 using 'Headset Earphone (HyperX 7.1 Audio)' : 2 channels at 48 kHz using 16 bits per sample (channel mask 0x3)
[2019.02.23-15.04.58:055][715]LogInit: FAudioDevice initialized.
[2019.02.23-15.04.58:090][715]LogLoad: Game class is 'MyCastleforceGameMode_C'
[2019.02.23-15.04.58:091][715]LogWorld: Bringing World /Game/Levels/UEDPIE_0_Level1.Level1 up for play (max tick rate 0) at 2019.02.23-15.04.58
[2019.02.23-15.04.58:092][715]LogWorld: Bringing up level for play took: 0.000693
[2019.02.23-15.04.58:289][715]PIE: Play in editor start time for /Game/Levels/UEDPIE_0_Level1 0.063
[2019.02.23-15.04.58:289][715]LogBlueprintUserMessages: Late PlayInEditor Detection: Level '/Game/Levels/Level1.Level1:PersistentLevel' has LevelScriptBlueprint '/Game/Levels/Level1.Level1:PersistentLevel.Level1' with GeneratedClass '/Game/Levels/Level1.Level1_C' with ClassGeneratedBy '/Game/Levels/Level1.Level1:PersistentLevel.Level1'
[2019.02.23-15.05.04:241][935]LogSlate: FSceneViewport::OnFocusLost() reason 0
[2019.02.23-15.05.04:583][952]LogBlueprintUserMessages: Early EndPlayMap Detection: Level '/Game/Levels/Level1.Level1:PersistentLevel' has LevelScriptBlueprint '/Game/Levels/Level1.Level1:PersistentLevel.Level1' with GeneratedClass '/Game/Levels/Level1.Level1_C' with ClassGeneratedBy '/Game/Levels/Level1.Level1:PersistentLevel.Level1'
[2019.02.23-15.05.04:583][952]LogSlate: Updating window title bar state: overlay mode, drag disabled, window buttons hidden, title bar hidden
[2019.02.23-15.05.04:650][952]LogPlayLevel: Display: Shutting down PIE online subsystems
[2019.02.23-15.05.04:650][952]LogBlueprintUserMessages: Late EndPlayMap Detection: Level '/Game/Levels/Level1.Level1:PersistentLevel' has LevelScriptBlueprint '/Game/Levels/Level1.Level1:PersistentLevel.Level1' with GeneratedClass '/Game/Levels/Level1.Level1_C' with ClassGeneratedBy '/Game/Levels/Level1.Level1:PersistentLevel.Level1'
[2019.02.23-15.05.04:781][952]LogSlate: Updating window title bar state: overlay mode, drag disabled, window buttons hidden, title bar hidden
[2019.02.23-15.05.04:814][953]LogPlayLevel: Display: Destroying online subsystem :Context_5
[2019.02.23-15.05.13:480][970]LogTemp: Repeating last play command: Selected Viewport
[2019.02.23-15.05.13:509][970]LogBlueprintUserMessages: Early PlayInEditor Detection: Level '/Game/Levels/Level1.Level1:PersistentLevel' has LevelScriptBlueprint '/Game/Levels/Level1.Level1:PersistentLevel.Level1' with GeneratedClass '/Game/Levels/Level1.Level1_C' with ClassGeneratedBy '/Game/Levels/Level1.Level1:PersistentLevel.Level1'
[2019.02.23-15.05.13:509][970]LogPlayLevel: PlayLevel: No blueprints needed recompiling
[2019.02.23-15.05.13:509][970]PIE: New page: PIE session: Level1 (23 Feb 2019 15:05:13)
[2019.02.23-15.05.13:509][970]LogPlayLevel: Creating play world package: /Game/Levels/UEDPIE_0_Level1
[2019.02.23-15.05.13:525][970]LogPlayLevel: PIE: StaticDuplicateObject took: (0.015484s)
[2019.02.23-15.05.13:526][970]LogAIModule: Creating AISystem for world Level1
[2019.02.23-15.05.13:526][970]LogPlayLevel: PIE: World Init took: (0.001164s)
[2019.02.23-15.05.13:526][970]LogPlayLevel: PIE: Created PIE world by copying editor world from /Game/Levels/Level1.Level1 to /Game/Levels/UEDPIE_0_Level1.Level1 (0.016897s)
[2019.02.23-15.05.13:692][970]LogInit: XAudio2 using 'Headset Earphone (HyperX 7.1 Audio)' : 2 channels at 48 kHz using 16 bits per sample (channel mask 0x3)
[2019.02.23-15.05.13:705][970]LogInit: FAudioDevice initialized.
[2019.02.23-15.05.13:743][970]LogLoad: Game class is 'MyCastleforceGameMode_C'
[2019.02.23-15.05.13:745][970]LogWorld: Bringing World /Game/Levels/UEDPIE_0_Level1.Level1 up for play (max tick rate 0) at 2019.02.23-15.05.13
[2019.02.23-15.05.13:745][970]LogWorld: Bringing up level for play took: 0.000669
[2019.02.23-15.05.13:956][970]PIE: Play in editor start time for /Game/Levels/UEDPIE_0_Level1 -0.27
[2019.02.23-15.05.13:956][970]LogBlueprintUserMessages: Late PlayInEditor Detection: Level '/Game/Levels/Level1.Level1:PersistentLevel' has LevelScriptBlueprint '/Game/Levels/Level1.Level1:PersistentLevel.Level1' with GeneratedClass '/Game/Levels/Level1.Level1_C' with ClassGeneratedBy '/Game/Levels/Level1.Level1:PersistentLevel.Level1'
[2019.02.23-15.05.57:471][568]LogSlate: FSceneViewport::OnFocusLost() reason 0
[2019.02.23-15.05.57:535][570]LogBlueprintUserMessages: Early EndPlayMap Detection: Level '/Game/Levels/Level1.Level1:PersistentLevel' has LevelScriptBlueprint '/Game/Levels/Level1.Level1:PersistentLevel.Level1' with GeneratedClass '/Game/Levels/Level1.Level1_C' with ClassGeneratedBy '/Game/Levels/Level1.Level1:PersistentLevel.Level1'
[2019.02.23-15.05.57:536][570]LogSlate: Updating window title bar state: overlay mode, drag disabled, window buttons hidden, title bar hidden
[2019.02.23-15.05.57:603][570]LogPlayLevel: Display: Shutting down PIE online subsystems
[2019.02.23-15.05.57:603][570]LogBlueprintUserMessages: Late EndPlayMap Detection: Level '/Game/Levels/Level1.Level1:PersistentLevel' has LevelScriptBlueprint '/Game/Levels/Level1.Level1:PersistentLevel.Level1' with GeneratedClass '/Game/Levels/Level1.Level1_C' with ClassGeneratedBy '/Game/Levels/Level1.Level1:PersistentLevel.Level1'
[2019.02.23-15.05.57:735][570]LogSlate: Updating window title bar state: overlay mode, drag disabled, window buttons hidden, title bar hidden
[2019.02.23-15.05.57:770][571]LogPlayLevel: Display: Destroying online subsystem :Context_6
[2019.02.23-15.06.03:857][271]LogSlate: Took 0.000414 seconds to synchronously load lazily loaded font '../../../Engine/Content/Slate/Fonts/Roboto-Light.ttf' (167K)
[2019.02.23-15.06.04:417][271]LogSavePackage: Moving '../../../../../../Shitty UE4 Games I Make/Castleforce/castleforce/Castleforce/Saved/Level12993FE04406932788CA04B96880E9070.tmp' to '../../../../../../Shitty UE4 Games I Make/Castleforce/castleforce/Castleforce/Content/Levels/Level1.umap'
[2019.02.23-15.06.04:933][322]LogTemp: Repeating last play command: Selected Viewport
[2019.02.23-15.06.04:962][322]LogBlueprintUserMessages: Early PlayInEditor Detection: Level '/Game/Levels/Level1.Level1:PersistentLevel' has LevelScriptBlueprint '/Game/Levels/Level1.Level1:PersistentLevel.Level1' with GeneratedClass '/Game/Levels/Level1.Level1_C' with ClassGeneratedBy '/Game/Levels/Level1.Level1:PersistentLevel.Level1'
[2019.02.23-15.06.04:962][322]LogPlayLevel: PlayLevel: No blueprints needed recompiling
[2019.02.23-15.06.04:962][322]PIE: New page: PIE session: Level1 (23 Feb 2019 15:06:04)
[2019.02.23-15.06.04:962][322]LogPlayLevel: Creating play world package: /Game/Levels/UEDPIE_0_Level1
[2019.02.23-15.06.04:977][322]LogPlayLevel: PIE: StaticDuplicateObject took: (0.014231s)
[2019.02.23-15.06.04:977][322]LogAIModule: Creating AISystem for world Level1
[2019.02.23-15.06.04:978][322]LogPlayLevel: PIE: World Init took: (0.000959s)
[2019.02.23-15.06.04:978][322]LogPlayLevel: PIE: Created PIE world by copying editor world from /Game/Levels/Level1.Level1 to /Game/Levels/UEDPIE_0_Level1.Level1 (0.015448s)
[2019.02.23-15.06.05:099][322]LogInit: XAudio2 using 'Headset Earphone (HyperX 7.1 Audio)' : 2 channels at 48 kHz using 16 bits per sample (channel mask 0x3)
[2019.02.23-15.06.05:113][322]LogInit: FAudioDevice initialized.
[2019.02.23-15.06.05:149][322]LogLoad: Game class is 'MyCastleforceGameMode_C'
[2019.02.23-15.06.05:150][322]LogWorld: Bringing World /Game/Levels/UEDPIE_0_Level1.Level1 up for play (max tick rate 0) at 2019.02.23-15.06.05
[2019.02.23-15.06.05:150][322]LogWorld: Bringing up level for play took: 0.000698
[2019.02.23-15.06.05:338][322]PIE: Play in editor start time for /Game/Levels/UEDPIE_0_Level1 1.112
[2019.02.23-15.06.05:338][322]LogBlueprintUserMessages: Late PlayInEditor Detection: Level '/Game/Levels/Level1.Level1:PersistentLevel' has LevelScriptBlueprint '/Game/Levels/Level1.Level1:PersistentLevel.Level1' with GeneratedClass '/Game/Levels/Level1.Level1_C' with ClassGeneratedBy '/Game/Levels/Level1.Level1:PersistentLevel.Level1'
[2019.02.23-15.06.19:482][830]LogSlate: FSceneViewport::OnFocusLost() reason 0
[2019.02.23-15.06.19:548][832]LogBlueprintUserMessages: Early EndPlayMap Detection: Level '/Game/Levels/Level1.Level1:PersistentLevel' has LevelScriptBlueprint '/Game/Levels/Level1.Level1:PersistentLevel.Level1' with GeneratedClass '/Game/Levels/Level1.Level1_C' with ClassGeneratedBy '/Game/Levels/Level1.Level1:PersistentLevel.Level1'
[2019.02.23-15.06.19:548][832]LogSlate: Updating window title bar state: overlay mode, drag disabled, window buttons hidden, title bar hidden
[2019.02.23-15.06.19:614][832]LogPlayLevel: Display: Shutting down PIE online subsystems
[2019.02.23-15.06.19:614][832]LogBlueprintUserMessages: Late EndPlayMap Detection: Level '/Game/Levels/Level1.Level1:PersistentLevel' has LevelScriptBlueprint '/Game/Levels/Level1.Level1:PersistentLevel.Level1' with GeneratedClass '/Game/Levels/Level1.Level1_C' with ClassGeneratedBy '/Game/Levels/Level1.Level1:PersistentLevel.Level1'
[2019.02.23-15.06.19:751][832]LogSlate: Updating window title bar state: overlay mode, drag disabled, window buttons hidden, title bar hidden
[2019.02.23-15.06.19:778][833]LogPlayLevel: Display: Destroying online subsystem :Context_7
[2019.02.23-15.06.27:604][708]LogSavePackage: Moving '../../../../../../Shitty UE4 Games I Make/Castleforce/castleforce/Castleforce/Saved/Level1D515490E419898AAF2266B96A20B4E0E.tmp' to '../../../../../../Shitty UE4 Games I Make/Castleforce/castleforce/Castleforce/Content/Levels/Level1.umap'
[2019.02.23-15.06.28:235][775]LogTemp: Repeating last play command: Selected Viewport
[2019.02.23-15.06.28:263][775]LogBlueprintUserMessages: Early PlayInEditor Detection: Level '/Game/Levels/Level1.Level1:PersistentLevel' has LevelScriptBlueprint '/Game/Levels/Level1.Level1:PersistentLevel.Level1' with GeneratedClass '/Game/Levels/Level1.Level1_C' with ClassGeneratedBy '/Game/Levels/Level1.Level1:PersistentLevel.Level1'
[2019.02.23-15.06.28:263][775]LogPlayLevel: PlayLevel: No blueprints needed recompiling
[2019.02.23-15.06.28:264][775]PIE: New page: PIE session: Level1 (23 Feb 2019 15:06:28)
[2019.02.23-15.06.28:264][775]LogPlayLevel: Creating play world package: /Game/Levels/UEDPIE_0_Level1
[2019.02.23-15.06.28:281][775]LogPlayLevel: PIE: StaticDuplicateObject took: (0.016890s)
[2019.02.23-15.06.28:282][775]LogAIModule: Creating AISystem for world Level1
[2019.02.23-15.06.28:282][775]LogPlayLevel: PIE: World Init took: (0.001109s)
[2019.02.23-15.06.28:282][775]LogPlayLevel: PIE: Created PIE world by copying editor world from /Game/Levels/Level1.Level1 to /Game/Levels/UEDPIE_0_Level1.Level1 (0.018227s)
[2019.02.23-15.06.28:407][775]LogInit: XAudio2 using 'Headset Earphone (HyperX 7.1 Audio)' : 2 channels at 48 kHz using 16 bits per sample (channel mask 0x3)
[2019.02.23-15.06.28:421][775]LogInit: FAudioDevice initialized.
[2019.02.23-15.06.28:454][775]LogLoad: Game class is 'MyCastleforceGameMode_C'
[2019.02.23-15.06.28:455][775]LogWorld: Bringing World /Game/Levels/UEDPIE_0_Level1.Level1 up for play (max tick rate 0) at 2019.02.23-15.06.28
[2019.02.23-15.06.28:456][775]LogWorld: Bringing up level for play took: 0.000682
[2019.02.23-15.06.28:647][775]PIE: Play in editor start time for /Game/Levels/UEDPIE_0_Level1 0.421
[2019.02.23-15.06.28:647][775]LogBlueprintUserMessages: Late PlayInEditor Detection: Level '/Game/Levels/Level1.Level1:PersistentLevel' has LevelScriptBlueprint '/Game/Levels/Level1.Level1:PersistentLevel.Level1' with GeneratedClass '/Game/Levels/Level1.Level1_C' with ClassGeneratedBy '/Game/Levels/Level1.Level1:PersistentLevel.Level1'
[2019.02.23-15.06.40:929][225]LogSlate: FSceneViewport::OnFocusLost() reason 0
[2019.02.23-15.06.40:988][226]LogBlueprintUserMessages: Early EndPlayMap Detection: Level '/Game/Levels/Level1.Level1:PersistentLevel' has LevelScriptBlueprint '/Game/Levels/Level1.Level1:PersistentLevel.Level1' with GeneratedClass '/Game/Levels/Level1.Level1_C' with ClassGeneratedBy '/Game/Levels/Level1.Level1:PersistentLevel.Level1'
[2019.02.23-15.06.40:988][226]LogSlate: Updating window title bar state: overlay mode, drag disabled, window buttons hidden, title bar hidden
[2019.02.23-15.06.41:051][226]LogPlayLevel: Display: Shutting down PIE online subsystems
[2019.02.23-15.06.41:051][226]LogBlueprintUserMessages: Late EndPlayMap Detection: Level '/Game/Levels/Level1.Level1:PersistentLevel' has LevelScriptBlueprint '/Game/Levels/Level1.Level1:PersistentLevel.Level1' with GeneratedClass '/Game/Levels/Level1.Level1_C' with ClassGeneratedBy '/Game/Levels/Level1.Level1:PersistentLevel.Level1'
[2019.02.23-15.06.41:179][226]LogSlate: Updating window title bar state: overlay mode, drag disabled, window buttons hidden, title bar hidden
[2019.02.23-15.06.41:203][227]LogPlayLevel: Display: Destroying online subsystem :Context_8
[2019.02.23-15.06.50:758][313]LogSavePackage: Moving '../../../../../../Shitty UE4 Games I Make/Castleforce/castleforce/Castleforce/Saved/Level18E4683ED4179EBC728D0A5B143840D5D.tmp' to '../../../../../../Shitty UE4 Games I Make/Castleforce/castleforce/Castleforce/Content/Levels/Level1.umap'
[2019.02.23-15.06.51:674][412]LogTemp: Repeating last play command: Selected Viewport
[2019.02.23-15.06.51:703][412]LogBlueprintUserMessages: Early PlayInEditor Detection: Level '/Game/Levels/Level1.Level1:PersistentLevel' has LevelScriptBlueprint '/Game/Levels/Level1.Level1:PersistentLevel.Level1' with GeneratedClass '/Game/Levels/Level1.Level1_C' with ClassGeneratedBy '/Game/Levels/Level1.Level1:PersistentLevel.Level1'
[2019.02.23-15.06.51:703][412]LogPlayLevel: PlayLevel: No blueprints needed recompiling
[2019.02.23-15.06.51:703][412]PIE: New page: PIE session: Level1 (23 Feb 2019 15:06:51)
[2019.02.23-15.06.51:703][412]LogPlayLevel: Creating play world package: /Game/Levels/UEDPIE_0_Level1
[2019.02.23-15.06.51:717][412]LogPlayLevel: PIE: StaticDuplicateObject took: (0.013396s)
[2019.02.23-15.06.51:717][412]LogAIModule: Creating AISystem for world Level1
[2019.02.23-15.06.51:718][412]LogPlayLevel: PIE: World Init took: (0.001047s)
[2019.02.23-15.06.51:718][412]LogPlayLevel: PIE: Created PIE world by copying editor world from /Game/Levels/Level1.Level1 to /Game/Levels/UEDPIE_0_Level1.Level1 (0.014686s)
[2019.02.23-15.06.51:830][412]LogInit: XAudio2 using 'Headset Earphone (HyperX 7.1 Audio)' : 2 channels at 48 kHz using 16 bits per sample (channel mask 0x3)
[2019.02.23-15.06.51:846][412]LogInit: FAudioDevice initialized.
[2019.02.23-15.06.51:876][412]LogLoad: Game class is 'MyCastleforceGameMode_C'
[2019.02.23-15.06.51:877][412]LogWorld: Bringing World /Game/Levels/UEDPIE_0_Level1.Level1 up for play (max tick rate 0) at 2019.02.23-15.06.51
[2019.02.23-15.06.51:878][412]LogWorld: Bringing up level for play took: 0.000802
[2019.02.23-15.06.52:067][412]PIE: Play in editor start time for /Game/Levels/UEDPIE_0_Level1 -0.159
[2019.02.23-15.06.52:067][412]LogBlueprintUserMessages: Late PlayInEditor Detection: Level '/Game/Levels/Level1.Level1:PersistentLevel' has LevelScriptBlueprint '/Game/Levels/Level1.Level1:PersistentLevel.Level1' with GeneratedClass '/Game/Levels/Level1.Level1_C' with ClassGeneratedBy '/Game/Levels/Level1.Level1:PersistentLevel.Level1'
[2019.02.23-15.07.00:829][734]LogSlate: FSceneViewport::OnFocusLost() reason 0
[2019.02.23-15.07.02:117][784]LogActor: Warning: CastleforceKnight_C /Game/Levels/UEDPIE_0_Level1.Level1:PersistentLevel.CastleforceKnight_C_0 has natively added scene component(s), but none of them were set as the actor's RootComponent - picking one arbitrarily
[2019.02.23-15.07.11:878][144]LogWindows: Windows GetLastError: The operation completed successfully. (0)
[2019.02.23-15.07.15:773][144]LogWindows: Error: === Critical error: ===
[2019.02.23-15.07.15:773][144]LogWindows: Error: 
[2019.02.23-15.07.15:773][144]LogWindows: Error: Assertion failed: (Index >= 0) & (Index < ArrayNum) [File:D:\Unreal\Engine\UE_4.20\Engine\Source\Runtime\Core\Public\Containers/Array.h] [Line: 611] 
[2019.02.23-15.07.15:773][144]LogWindows: Error: Array index out of bounds: 0 from an array of size 0
[2019.02.23-15.07.15:773][144]LogWindows: Error: 
[2019.02.23-15.07.15:773][144]LogWindows: Error: 
[2019.02.23-15.07.15:773][144]LogWindows: Error: [Callstack] 0x00007ffae46ea388 KERNELBASE.dll!UnknownFunction []
[2019.02.23-15.07.15:773][144]LogWindows: Error: [Callstack] 0x00007ffad9ef6850 UE4Editor-ApplicationCore.dll!UnknownFunction []
[2019.02.23-15.07.15:773][144]LogWindows: Error: [Callstack] 0x00007ffaa62762fc UE4Editor-Core.dll!UnknownFunction []
[2019.02.23-15.07.15:773][144]LogWindows: Error: [Callstack] 0x00007ffaa62051db UE4Editor-Core.dll!UnknownFunction []
[2019.02.23-15.07.15:773][144]LogWindows: Error: [Callstack] 0x00007ffa7d931649 UE4Editor-Castleforce-1676.dll!ACastleforceUnit::NavigateTo() [d:\shitty ue4 games i make\castleforce\castleforce\castleforce\source\castleforce\castleforceunit.cpp:16]
[2019.02.23-15.07.15:773][144]LogWindows: Error: [Callstack] 0x00007ffaa02e2469 UE4Editor-Engine.dll!UnknownFunction []
[2019.02.23-15.07.15:773][144]LogWindows: Error: [Callstack] 0x00007ffaa0313f52 UE4Editor-Engine.dll!UnknownFunction []
[2019.02.23-15.07.15:773][144]LogWindows: Error: [Callstack] 0x00007ffa9fde017c UE4Editor-Engine.dll!UnknownFunction []
[2019.02.23-15.07.15:773][144]LogWindows: Error: [Callstack] 0x00007ffa9fdf4608 UE4Editor-Engine.dll!UnknownFunction []
[2019.02.23-15.07.15:773][144]LogWindows: Error: [Callstack] 0x00007ffa9fdddbcb UE4Editor-Engine.dll!UnknownFunction []
[2019.02.23-15.07.15:773][144]LogWindows: Error: [Callstack] 0x00007ffa9fdf34c3 UE4Editor-Engine.dll!UnknownFunction []
[2019.02.23-15.07.15:773][144]LogWindows: Error: [Callstack] 0x00007ffa9f015630 UE4Editor-Engine.dll!UnknownFunction []
[2019.02.23-15.07.15:773][144]LogWindows: Error: [Callstack] 0x00007ffaa02116bd UE4Editor-Engine.dll!UnknownFunction []
[2019.02.23-15.07.15:773][144]LogWindows: Error: [Callstack] 0x00007ffaa6091f92 UE4Editor-Core.dll!UnknownFunction []
[2019.02.23-15.07.15:774][144]LogWindows: Error: [Callstack] 0x00007ffaa6092456 UE4Editor-Core.dll!UnknownFunction []
[2019.02.23-15.07.15:774][144]LogWindows: Error: [Callstack] 0x00007ffaa60a6d25 UE4Editor-Core.dll!UnknownFunction []
[2019.02.23-15.07.15:774][144]LogWindows: Error: [Callstack] 0x00007ffaa0265b04 UE4Editor-Engine.dll!UnknownFunction []
[2019.02.23-15.07.15:774][144]LogWindows: Error: [Callstack] 0x00007ffaa0274d92 UE4Editor-Engine.dll!UnknownFunction []
[2019.02.23-15.07.15:774][144]LogWindows: Error: [Callstack] 0x00007ffa9f9787e4 UE4Editor-Engine.dll!UnknownFunction []
[2019.02.23-15.07.15:774][144]LogWindows: Error: [Callstack] 0x00007ffa9f984003 UE4Editor-Engine.dll!UnknownFunction []
[2019.02.23-15.07.15:774][144]LogWindows: Error: [Callstack] 0x00007ffa87257335 UE4Editor-UnrealEd.dll!UnknownFunction []
[2019.02.23-15.07.15:774][144]LogWindows: Error: [Callstack] 0x00007ffa87b4f666 UE4Editor-UnrealEd.dll!UnknownFunction []
[2019.02.23-15.07.15:774][144]LogWindows: Error: [Callstack] 0x00007ff761355cbd UE4Editor.exe!UnknownFunction []
[2019.02.23-15.07.15:774][144]LogWindows: Error: [Callstack] 0x00007ff761365b3c UE4Editor.exe!UnknownFunction []
[2019.02.23-15.07.15:774][144]LogWindows: Error: [Callstack] 0x00007ff761365bba UE4Editor.exe!UnknownFunction []
[2019.02.23-15.07.15:774][144]LogWindows: Error: [Callstack] 0x00007ff761373dac UE4Editor.exe!UnknownFunction []
[2019.02.23-15.07.15:774][144]LogWindows: Error: [Callstack] 0x00007ff761375aaa UE4Editor.exe!UnknownFunction []
[2019.02.23-15.07.15:774][144]LogWindows: Error: [Callstack] 0x00007ffae6723dc4 KERNEL32.DLL!UnknownFunction []
[2019.02.23-15.07.15:774][144]LogWindows: Error: [Callstack] 0x00007ffae7513691 ntdll.dll!UnknownFunction []
[2019.02.23-15.07.15:774][144]LogWindows: Error: 
[2019.02.23-15.07.15:795][144]LogExit: Executing StaticShutdownAfterError
[2019.02.23-15.07.15:800][144]LogWindows: FPlatformMisc::RequestExit(1)
[2019.02.23-15.07.15:824][144]Log file closed, 02/23/19 15:07:15
