Log file open, 02/01/19 11:29:23
LogWindows: Failed to load 'aqProf.dll' (GetLastError=126)
LogWindows: File 'aqProf.dll' does not exist
LogWindows: Failed to load 'VtuneApi.dll' (GetLastError=126)
LogWindows: File 'VtuneApi.dll' does not exist
LogWindows: Failed to load 'VtuneApi32e.dll' (GetLastError=126)
LogWindows: File 'VtuneApi32e.dll' does not exist
LogInit: Display: Running engine for game: Castleforce
LogPlatformFile: Not using cached read wrapper
LogTaskGraph: Started task graph with 5 named threads and 23 total threads with 3 sets of task threads.
LogStats: Stats thread started at 0.306202
LogD3D11RHI: Loaded GFSDK_Aftermath_Lib.x64.dll
LogICUInternationalization: Display: ICU TimeZone Detection - Raw Offset: +0:00, Platform Override: ''
LogPluginManager: Mounting plugin Paper2D
LogPluginManager: Mounting plugin AISupport
LogPluginManager: Mounting plugin LightPropagationVolume
LogPluginManager: Mounting plugin CLionSourceCodeAccess
LogPluginManager: Mounting plugin CodeLiteSourceCodeAccess
LogPluginManager: Mounting plugin GitSourceControl
LogPluginManager: Mounting plugin KDevelopSourceCodeAccess
LogPluginManager: Mounting plugin NullSourceCodeAccess
LogPluginManager: Mounting plugin PerforceSourceControl
LogPluginManager: Mounting plugin SubversionSourceControl
LogPluginManager: Mounting plugin UObjectPlugin
LogPluginManager: Mounting plugin VisualStudioCodeSourceCodeAccess
LogPluginManager: Mounting plugin VisualStudioSourceCodeAccess
LogPluginManager: Mounting plugin XCodeSourceCodeAccess
LogPluginManager: Mounting plugin AssetManagerEditor
LogPluginManager: Mounting plugin CryptoKeys
LogPluginManager: Mounting plugin DataValidation
LogPluginManager: Mounting plugin FacialAnimation
LogPluginManager: Mounting plugin GameplayTagsEditor
LogPluginManager: Mounting plugin MacGraphicsSwitching
LogPluginManager: Mounting plugin MeshEditor
LogPluginManager: Mounting plugin MobileLauncherProfileWizard
LogPluginManager: Mounting plugin PluginBrowser
LogPluginManager: Mounting plugin SpeedTreeImporter
LogPluginManager: Mounting plugin DatasmithContent
LogPluginManager: Mounting plugin AlembicImporter
LogPluginManager: Mounting plugin AppleImageUtils
LogPluginManager: Mounting plugin AppleVision
LogPluginManager: Mounting plugin BackChannel
LogPluginManager: Mounting plugin CharacterAI
LogPluginManager: Mounting plugin GeometryCache
LogPluginManager: Mounting plugin HTML5Networking
LogPluginManager: Mounting plugin ProxyLODPlugin
LogPluginManager: Mounting plugin MagicLeap
LogPluginManager: Mounting plugin MagicLeapEmulator
LogPluginManager: Mounting plugin MagicLeapMedia
LogPluginManager: Mounting plugin AndroidMedia
LogPluginManager: Mounting plugin AvfMedia
LogPluginManager: Mounting plugin ImgMedia
LogPluginManager: Mounting plugin LinearTimecode
LogPluginManager: Mounting plugin MediaCompositing
LogPluginManager: Mounting plugin MediaPlayerEditor
LogPluginManager: Mounting plugin WmfMedia
LogPluginManager: Mounting plugin TcpMessaging
LogPluginManager: Mounting plugin UdpMessaging
LogPluginManager: Mounting plugin ActorSequence
LogPluginManager: Mounting plugin LevelSequenceEditor
LogPluginManager: Mounting plugin MatineeToLevelSequence
LogPluginManager: Mounting plugin NetcodeUnitTest
LogPluginManager: Mounting plugin NUTUnrealEngine4
LogPluginManager: Mounting plugin OnlineSubsystemGooglePlay
LogPluginManager: Mounting plugin OnlineSubsystemIOS
LogPluginManager: Mounting plugin OnlineSubsystem
LogPluginManager: Mounting plugin OnlineSubsystemNull
LogPluginManager: Mounting plugin OnlineSubsystemUtils
LogPluginManager: Mounting plugin LauncherChunkInstaller
LogPluginManager: Mounting plugin AndroidDeviceProfileSelector
LogPluginManager: Mounting plugin AndroidMoviePlayer
LogPluginManager: Mounting plugin AndroidPermission
LogPluginManager: Mounting plugin AppleMoviePlayer
LogPluginManager: Mounting plugin ArchVisCharacter
LogPluginManager: Mounting plugin AudioCapture
LogPluginManager: Mounting plugin CableComponent
LogPluginManager: Mounting plugin CustomMeshComponent
LogPluginManager: Mounting plugin EditableMesh
LogPluginManager: Mounting plugin ExampleDeviceProfileSelector
LogPluginManager: Mounting plugin GoogleCloudMessaging
LogPluginManager: Mounting plugin ImmediatePhysics
LogPluginManager: Mounting plugin IOSDeviceProfileSelector
LogPluginManager: Mounting plugin LinuxDeviceProfileSelector
LogPluginManager: Mounting plugin LocationServicesBPLibrary
LogPluginManager: Mounting plugin MobilePatchingUtils
LogPluginManager: Mounting plugin OculusVR
LogPluginManager: Plugin shader directory ../../../Engine/Plugins/Runtime/Oculus/OculusVR/Shaders found
LogPluginManager: Mapping shader source directory ../../../Engine/Plugins/Runtime/Oculus/OculusVR/Shaders to virtual directory /Plugin/OculusVR
LogPluginManager: Mounting plugin PhysXVehicles
LogPluginManager: Mounting plugin ProceduralMeshComponent
LogPluginManager: Mounting plugin RuntimePhysXCooking
LogPluginManager: Mounting plugin SteamVR
LogPluginManager: Mounting plugin WindowsMoviePlayer
LogStreaming: Display: Took  0.195s to configure plugins.
LogInit: Using libcurl 7.55.1-DEV
LogInit:  - built for x86_64-pc-win32
LogInit:  - supports SSL with OpenSSL/1.0.2h
LogInit:  - supports HTTP deflate (compression) using libz 1.2.8
LogInit:  - other features:
LogInit:      CURL_VERSION_SSL
LogInit:      CURL_VERSION_LIBZ
LogInit:      CURL_VERSION_IPV6
LogInit:      CURL_VERSION_ASYNCHDNS
LogInit:      CURL_VERSION_LARGEFILE
LogInit:      CURL_VERSION_IDN
LogInit:  CurlRequestOptions (configurable via config and command line):
LogInit:  - bVerifyPeer = false  - Libcurl will NOT verify peer certificate
LogInit:  - bUseHttpProxy = false  - Libcurl will NOT use HTTP proxy
LogInit:  - bDontReuseConnections = false  - Libcurl will reuse connections
LogInit:  - CertBundlePath = nullptr  - Libcurl will use whatever was configured at build time.
LogInit:  - MaxHostConnections = 16  - Libcurl will limit the number of connections to a host
LogInit:  - LocalHostAddr = Default
LogInit:  - BufferSize = 65536
LogInit: WinSock: version 1.1 (2.2), MaxSocks=32767, MaxUdp=65467
LogInit: Build: ++UE4+Release-4.20-CL-4369336
LogInit: Engine Version: 4.20.3-4369336+++UE4+Release-4.20
LogInit: Compatible Engine Version: 4.20.0-4212847+++UE4+Release-4.20
LogInit: Net CL: 4212847
LogInit: OS: Windows 10 (), CPU: Intel(R) Core(TM) i7-4790 CPU @ 3.60GHz, GPU: NVIDIA GeForce GTX 780
LogInit: Compiled (64-bit): Sep 17 2018 12:26:19
LogInit: Compiled with Visual C++: 19.13.26129.00
LogInit: Build Configuration: Development
LogInit: Branch Name: ++UE4+Release-4.20
LogInit: Command Line:  
LogInit: Base Directory: C:/Program Files/Epic Games/UE_4.20/Engine/Binaries/Win64/
LogInit: Installed Engine Build: 1
LogDevObjectVersion: Number of dev versions registered: 20
LogDevObjectVersion:   Dev-Blueprints (B0D832E4-1F89-4F0D-ACCF-7EB736FD4AA2): 10
LogDevObjectVersion:   Dev-Build (E1C64328-A22C-4D53-A36C-8E866417BD8C): 0
LogDevObjectVersion:   Dev-Core (375EC13C-06E4-48FB-B500-84F0262A717E): 2
LogDevObjectVersion:   Dev-Editor (E4B068ED-F494-42E9-A231-DA0B2E46BB41): 24
LogDevObjectVersion:   Dev-Framework (CFFC743F-43B0-4480-9391-14DF171D2073): 34
LogDevObjectVersion:   Dev-Mobile (B02B49B5-BB20-44E9-A304-32B752E40360): 2
LogDevObjectVersion:   Dev-Networking (A4E4105C-59A1-49B5-A7C5-40C4547EDFEE): 0
LogDevObjectVersion:   Dev-Online (39C831C9-5AE6-47DC-9A44-9C173E1C8E7C): 0
LogDevObjectVersion:   Dev-Physics (78F01B33-EBEA-4F98-B9B4-84EACCB95AA2): 0
LogDevObjectVersion:   Dev-Platform (6631380F-2D4D-43E0-8009-CF276956A95A): 0
LogDevObjectVersion:   Dev-Rendering (12F88B9F-8875-4AFC-A67C-D90C383ABD29): 26
LogDevObjectVersion:   Dev-Sequencer (7B5AE74C-D270-4C10-A958-57980B212A5A): 9
LogDevObjectVersion:   Dev-VR (D7296918-1DD6-4BDD-9DE2-64A83CC13884): 2
LogDevObjectVersion:   Dev-LoadTimes (C2A15278-BFE7-4AFE-6C17-90FF531DF755): 1
LogDevObjectVersion:   Private-Geometry (6EACA3D4-40EC-4CC1-B786-8BED09428FC5): 3
LogDevObjectVersion:   Dev-AnimPhys (29E575DD-E0A3-4627-9D10-D276232CDCEA): 17
LogDevObjectVersion:   Dev-ReflectionCapture (6B266CEC-1EC7-4B8F-A30B-E4D90942FC07): 1
LogDevObjectVersion:   Dev-Automation (0DF73D61-A23F-47EA-B727-89E90C41499A): 1
LogDevObjectVersion:   FortniteMain (601D1886-AC64-4F84-AA16-D3DE0DEAC7D6): 12
LogDevObjectVersion:   Dev-Enterprise (9DFFBCD6-494F-0158-E221-12823C92A888): 1
LogStreaming: Display: Took  0.000s to delete old logs.
LogInit: Presizing for max 8388607 objects, including 0 objects not considered by GC, pre-allocating 0 bytes for permanent pool.
LogInit: Object subsystem initialized
[2019.02.01-11.29.23:938][  0]LogInit: Selected Device Profile: [Windows]
[2019.02.01-11.29.23:939][  0]LogInit: Applying CVar settings loaded from the selected device profile: [Windows]
[2019.02.01-11.29.23:978][  0]LogHAL: Display: Platform has ~ 16 GB [17080971264 / 17179869184 / 16], which maps to Larger [LargestMinGB=32, LargerMinGB=12, DefaultMinGB=8, SmallerMinGB=6, SmallestMinGB=0)
[2019.02.01-11.29.23:978][  0]LogInit: Setting Device Profile CVar: [[r.Vulkan.UseRealUBs:1]]
[2019.02.01-11.29.23:978][  0]LogInit: Going up to parent DeviceProfile []
[2019.02.01-11.29.23:978][  0]LogInit: Computer: AMTX222-19
[2019.02.01-11.29.23:978][  0]LogInit: User: trj1crt
[2019.02.01-11.29.23:978][  0]LogInit: CPU Page size=4096, Cores=4
[2019.02.01-11.29.23:978][  0]LogInit: High frequency timer resolution =3.507499 MHz
[2019.02.01-11.29.23:979][  0]LogMemory: Memory total: Physical=15.9GB (16GB approx)
[2019.02.01-11.29.23:979][  0]LogMemory: Platform Memory Stats for Windows
[2019.02.01-11.29.23:979][  0]LogMemory: Process Physical Memory: 99.77 MB used, 99.77 MB peak
[2019.02.01-11.29.23:979][  0]LogMemory: Process Virtual Memory: 90.90 MB used, 90.90 MB peak
[2019.02.01-11.29.23:979][  0]LogMemory: Physical Memory: 4376.64 MB used,  11913.05 MB free, 16289.68 MB total
[2019.02.01-11.29.23:979][  0]LogMemory: Virtual Memory: 4640.63 MB used,  11913.05 MB free, 134217728.00 MB total
[2019.02.01-11.29.24:006][  0]LogInit: Using OS detected language (en-GB).
[2019.02.01-11.29.24:006][  0]LogInit: Using OS detected locale (en-GB).
[2019.02.01-11.29.24:007][  0]LogTextLocalizationManager: No specific localization for 'en-GB' exists, so the 'en' localization will be used.
[2019.02.01-11.29.24:358][  0]LogStreaming: Display: Took  0.352s to InitEngineTextLocalization.
[2019.02.01-11.29.24:358][  0]LogInit: Setting process to per monitor DPI aware
[2019.02.01-11.29.24:400][  0]LogSlate: New Slate User Created.  User Index 0, Is Virtual User: 0
[2019.02.01-11.29.24:400][  0]LogSlate: Slate User Registered.  User Index 0, Is Virtual User: 0
[2019.02.01-11.29.24:605][  0]LogHMD: Failed to initialize OpenVR with code 110
[2019.02.01-11.29.24:605][  0]LogD3D11RHI: D3D11 adapters:
[2019.02.01-11.29.24:662][  0]LogD3D11RHI:    0. 'NVIDIA GeForce GTX 780' (Feature Level 11_0)
[2019.02.01-11.29.24:662][  0]LogD3D11RHI:       3029/0/8144 MB DedicatedVideo/DedicatedSystem/SharedSystem, Outputs:2, VendorId:0x10de
[2019.02.01-11.29.24:665][  0]LogD3D11RHI:    1. 'Microsoft Basic Render Driver' (Feature Level 11_0)
[2019.02.01-11.29.24:665][  0]LogD3D11RHI:       0/0/8144 MB DedicatedVideo/DedicatedSystem/SharedSystem, Outputs:0, VendorId:0x1414
[2019.02.01-11.29.24:665][  0]LogD3D11RHI: Chosen D3D11 Adapter: 0
[2019.02.01-11.29.24:677][  0]LogD3D11RHI: Creating new Direct3DDevice
[2019.02.01-11.29.24:677][  0]LogD3D11RHI:     GPU DeviceId: 0x1004 (for the marketing name, search the web for "GPU Device Id")
[2019.02.01-11.29.24:677][  0]LogWindows: EnumDisplayDevices:
[2019.02.01-11.29.24:677][  0]LogWindows:    0. 'NVIDIA GeForce GTX 780' (P:1 D:1)
[2019.02.01-11.29.24:678][  0]LogWindows:    1. 'NVIDIA GeForce GTX 780' (P:0 D:1)
[2019.02.01-11.29.24:679][  0]LogWindows:    2. 'NVIDIA GeForce GTX 780' (P:0 D:0)
[2019.02.01-11.29.24:679][  0]LogWindows:    3. 'NVIDIA GeForce GTX 780' (P:0 D:0)
[2019.02.01-11.29.24:680][  0]LogWindows: DebugString: FoundDriverCount:4 
[2019.02.01-11.29.24:680][  0]LogD3D11RHI:     Adapter Name: NVIDIA GeForce GTX 780
[2019.02.01-11.29.24:680][  0]LogD3D11RHI:   Driver Version: 399.07 (internal:24.21.13.9907, unified:399.07)
[2019.02.01-11.29.24:680][  0]LogD3D11RHI:      Driver Date: 8-21-2018
[2019.02.01-11.29.24:680][  0]LogRHI: Texture pool is 2120 MB (70% of 3029 MB)
[2019.02.01-11.29.24:724][  0]LogD3D11RHI: Async texture creation enabled
[2019.02.01-11.29.24:741][  0]LogD3D11RHI: GPU Timing Frequency: 1000.000000 (Debug: 2 2)
[2019.02.01-11.29.24:744][  0]LogShaderCompilers: Guid format shader working directory is -4 characters bigger than the processId version (../../../../../../Temp/Rhun/castleforce/Castleforce/Intermediate/Shaders/WorkingDirectory/10948/).
[2019.02.01-11.29.24:744][  0]LogShaderCompilers: Cleaned the shader compiler working directory 'C:/Users/trj1crt/AppData/Local/Temp/UnrealShaderWorkingDir/5CB823B444B40635122DB8ADA68121E2/'.
[2019.02.01-11.29.25:056][  0]LogTemp: Display: Loaded TP AllDesktopTargetPlatform
[2019.02.01-11.29.25:070][  0]LogTemp: Display: Loaded TP MacClientTargetPlatform
[2019.02.01-11.29.25:083][  0]LogTemp: Display: Loaded TP MacNoEditorTargetPlatform
[2019.02.01-11.29.25:097][  0]LogTemp: Display: Loaded TP MacServerTargetPlatform
[2019.02.01-11.29.25:112][  0]LogTemp: Display: Loaded TP MacTargetPlatform
[2019.02.01-11.29.25:126][  0]LogTemp: Display: Loaded TP WindowsClientTargetPlatform
[2019.02.01-11.29.25:139][  0]LogTemp: Display: Loaded TP WindowsNoEditorTargetPlatform
[2019.02.01-11.29.25:153][  0]LogTemp: Display: Loaded TP WindowsServerTargetPlatform
[2019.02.01-11.29.25:160][  0]LogTemp: Display: Loaded TP WindowsTargetPlatform
[2019.02.01-11.29.25:229][  0]LogTemp: Display: Loaded TP AndroidTargetPlatform
[2019.02.01-11.29.25:229][  0]LogTemp: Display: Loaded TP AndroidTargetPlatform
[2019.02.01-11.29.25:229][  0]LogTemp: Display: Loaded TP AndroidTargetPlatform
[2019.02.01-11.29.25:229][  0]LogTemp: Display: Loaded TP AndroidTargetPlatform
[2019.02.01-11.29.25:229][  0]LogTemp: Display: Loaded TP AndroidTargetPlatform
[2019.02.01-11.29.25:229][  0]LogTemp: Display: Loaded TP AndroidTargetPlatform
[2019.02.01-11.29.25:229][  0]LogTemp: Display: Loaded TP AndroidTargetPlatform
[2019.02.01-11.29.25:229][  0]LogTemp: Display: Loaded TP AndroidTargetPlatform
[2019.02.01-11.29.25:230][  0]LogTemp: Display: Loaded TP AndroidTargetPlatform
[2019.02.01-11.29.25:230][  0]LogTemp: Display: Loaded TP AndroidTargetPlatform
[2019.02.01-11.29.25:230][  0]LogTemp: Display: Loaded TP AndroidTargetPlatform
[2019.02.01-11.29.25:230][  0]LogTemp: Display: Loaded TP AndroidTargetPlatform
[2019.02.01-11.29.25:230][  0]LogTemp: Display: Loaded TP AndroidTargetPlatform
[2019.02.01-11.29.25:230][  0]LogTemp: Display: Loaded TP AndroidTargetPlatform
[2019.02.01-11.29.25:230][  0]LogTemp: Display: Loaded TP AndroidTargetPlatform
[2019.02.01-11.29.25:230][  0]LogTemp: Display: Loaded TP AndroidTargetPlatform
[2019.02.01-11.29.25:230][  0]LogTemp: Display: Loaded TP AndroidTargetPlatform
[2019.02.01-11.29.25:230][  0]LogTemp: Display: Loaded TP AndroidTargetPlatform
[2019.02.01-11.29.25:231][  0]LogTemp: Display: Loaded TP HTML5TargetPlatform
[2019.02.01-11.29.25:292][  0]LogTemp: Display: Loaded TP IOSTargetPlatform
[2019.02.01-11.29.25:292][  0]LogTemp: Display: Loaded TP IOSTargetPlatform
[2019.02.01-11.29.25:362][  0]LogTemp: Display: Loaded TP TVOSTargetPlatform
[2019.02.01-11.29.25:362][  0]LogTemp: Display: Loaded TP TVOSTargetPlatform
[2019.02.01-11.29.25:378][  0]LogTemp: Display: Loaded TP LinuxClientTargetPlatform
[2019.02.01-11.29.25:390][  0]LogTemp: Display: Loaded TP LinuxNoEditorTargetPlatform
[2019.02.01-11.29.25:404][  0]LogTemp: Display: Loaded TP LinuxServerTargetPlatform
[2019.02.01-11.29.25:417][  0]LogTemp: Display: Loaded TP LinuxTargetPlatform
[2019.02.01-11.29.25:427][  0]LogTemp: Display: Loaded TP LuminTargetPlatform
[2019.02.01-11.29.25:427][  0]LogTargetPlatformManager: Display: Building Assets For Windows
[2019.02.01-11.29.25:513][  0]LogXGEController: Cleaning working directory: C:/Users/trj1crt/AppData/Local/Temp/UnrealXGEWorkingDir/
[2019.02.01-11.29.25:513][  0]LogXGEController: Cannot use XGE Controller as Incredibuild is not installed on this machine.
[2019.02.01-11.29.25:513][  0]LogShaderCompilers: Cannot use XGE Shader Compiler as Incredibuild is not installed on this machine.
[2019.02.01-11.29.25:513][  0]LogShaderCompilers: Display: Using Local Shader Compiler.
[2019.02.01-11.29.26:227][  0]LogDerivedDataCache: Display: Max Cache Size: 512 MB
[2019.02.01-11.29.26:329][  0]LogDerivedDataCache: Loaded boot cache 0.10s 87MB C:/Users/trj1crt/AppData/Local/UnrealEngine/4.20/DerivedDataCache/Boot.ddc.
[2019.02.01-11.29.26:330][  0]LogDerivedDataCache: Display: Loaded Boot cache: C:/Users/trj1crt/AppData/Local/UnrealEngine/4.20/DerivedDataCache/Boot.ddc
[2019.02.01-11.29.26:331][  0]LogDerivedDataCache: FDerivedDataBackendGraph:  Pak pak cache file ../../../../../../Temp/Rhun/castleforce/Castleforce/DerivedDataCache/DDC.ddp not found, will not use a pak cache.
[2019.02.01-11.29.26:331][  0]LogDerivedDataCache: Unable to find inner node Pak for hierarchical cache Hierarchy.
[2019.02.01-11.29.26:331][  0]LogDerivedDataCache: FDerivedDataBackendGraph:  CompressedPak pak cache file ../../../../../../Temp/Rhun/castleforce/Castleforce/DerivedDataCache/Compressed.ddp not found, will not use a pak cache.
[2019.02.01-11.29.26:331][  0]LogDerivedDataCache: Unable to find inner node CompressedPak for hierarchical cache Hierarchy.
[2019.02.01-11.29.26:342][  0]LogDerivedDataCache: Display: Pak cache opened for reading ../../../Engine/DerivedDataCache/Compressed.ddp.
[2019.02.01-11.29.26:355][  0]LogDerivedDataCache: Using Local data cache path C:/Users/trj1crt/AppData/Local/UnrealEngine/Common/DerivedDataCache: Writable
[2019.02.01-11.29.26:355][  0]LogDerivedDataCache: Shared data cache path not found in *engine.ini, will not use an Shared cache.
[2019.02.01-11.29.26:355][  0]LogDerivedDataCache: Unable to find inner node Shared for hierarchical cache Hierarchy.
[2019.02.01-11.29.26:373][  0]LogMaterial: Verifying Global Shaders for PCD3D_SM5
[2019.02.01-11.29.26:374][  0]LogSlate: Using FreeType 2.6.0
[2019.02.01-11.29.26:374][  0]LogSlate: SlateFontServices - WITH_FREETYPE: 1, WITH_HARFBUZZ: 1
[2019.02.01-11.29.26:470][  0]LogAssetRegistry: FAssetRegistry took 0.0255 seconds to start up
[2019.02.01-11.29.26:790][  0]LogInit: Selected Device Profile: [Windows]
[2019.02.01-11.29.26:919][  0]LogSimplygon: Simplygon DLL not present - disabling.
[2019.02.01-11.29.26:924][  0]LogMeshReduction: Using SimplygonSwarm for distributed automatic mesh merging
[2019.02.01-11.29.26:924][  0]LogMeshReduction: Using ProxyLODMeshReduction for automatic mesh merging
[2019.02.01-11.29.26:924][  0]LogMeshReduction: Using QuadricMeshReduction for automatic static mesh reduction
[2019.02.01-11.29.26:924][  0]LogMeshReduction: No automatic skeletal mesh reduction module available
[2019.02.01-11.29.26:943][  0]LogNetVersion: Castleforce 1.0.0, NetCL: 4212847, EngineNetVer: 5, GameNetVer: 0 (Checksum: 2622368503)
[2019.02.01-11.29.27:506][  0]LogPackageLocalizationCache: Processed 11 localized package path(s) for 2 prioritized culture(s) in 0.172892 seconds
[2019.02.01-11.29.27:512][  0]LogUObjectArray: 38425 objects as part of root set at end of initial load.
[2019.02.01-11.29.27:512][  0]LogUObjectAllocator: 6690864 out of 0 bytes used by permanent object pool.
[2019.02.01-11.29.27:512][  0]LogUObjectArray: CloseDisregardForGC: 0/0 objects in disregard for GC pool
[2019.02.01-11.29.28:411][  0]LogTcpMessaging: Initializing TcpMessaging bridge
[2019.02.01-11.29.28:425][  0]LogUdpMessaging: Initializing bridge on interface 0.0.0.0:0 to multicast group 230.0.0.1:6666.
[2019.02.01-11.29.28:593][  0]SourceControl: Source control is disabled
[2019.02.01-11.29.28:593][  0]SourceControl: Source control is disabled
[2019.02.01-11.29.28:595][  0]SourceControl: Source control is disabled
[2019.02.01-11.29.28:596][  0]SourceControl: Source control is disabled
[2019.02.01-11.29.28:772][  0]LogAndroidPermission: UAndroidPermissionCallbackProxy::GetInstance
[2019.02.01-11.29.28:798][  0]LogOcInput: OculusInput pre-init called
[2019.02.01-11.29.28:857][  0]LogEngine: Initializing Engine...
[2019.02.01-11.29.28:858][  0]LogHMD: Failed to initialize OpenVR with code 110
[2019.02.01-11.29.28:859][  0]LogStats: UGameplayTagsManager::ConstructGameplayTagTree: ImportINI prefixes -  0.000 s
[2019.02.01-11.29.28:859][  0]LogStats: UGameplayTagsManager::ConstructGameplayTagTree: Construct from data asset -  0.000 s
[2019.02.01-11.29.28:859][  0]LogStats: UGameplayTagsManager::ConstructGameplayTagTree: ImportINI -  0.000 s
[2019.02.01-11.29.28:859][  0]LogStats: UGameplayTagsManager::ConstructGameplayTagTree: GameplayTagTreeChangedEvent.Broadcast -  0.000 s
[2019.02.01-11.29.29:053][  0]LogInit: Initializing FReadOnlyCVARCache
[2019.02.01-11.29.29:072][  0]LogAIModule: Creating AISystem for world Untitled
[2019.02.01-11.29.29:091][  0]LogInit: No audio devices found!
[2019.02.01-11.29.29:091][  0]LogNetVersion: Set ProjectVersion to 1.0.0.0. Version Checksum will be recalculated on next use.
[2019.02.01-11.29.29:457][  0]LogDerivedDataCache: Saved boot cache 0.37s 87MB C:/Users/trj1crt/AppData/Local/UnrealEngine/4.20/DerivedDataCache/Boot.ddc.
[2019.02.01-11.29.29:477][  0]LogInit: Texture streaming: Enabled
[2019.02.01-11.29.29:504][  0]LogEngineSessionManager: EngineSessionManager initialized
[2019.02.01-11.29.29:526][  0]LogInit: Transaction tracking system initialized
[2019.02.01-11.29.29:562][  0]BlueprintLog: New page: Editor Load
[2019.02.01-11.29.29:667][  0]LocalizationService: Localization service is disabled
[2019.02.01-11.29.29:956][  0]LogCook: Display: Max memory allowance for cook 16384mb min free memory 0mb
[2019.02.01-11.29.29:956][  0]LogCook: Display: Mobile HDR setting 1
[2019.02.01-11.29.29:956][  0]LogGameplayTags: Display: UGameplayTagsManager::DoneAddingNativeTags. DelegateIsBound: 0
[2019.02.01-11.29.29:956][  0]LogStats: UGameplayTagsManager::ConstructGameplayTagTree: ImportINI prefixes -  0.000 s
[2019.02.01-11.29.29:956][  0]LogStats: UGameplayTagsManager::ConstructGameplayTagTree: Construct from data asset -  0.000 s
[2019.02.01-11.29.29:956][  0]LogStats: UGameplayTagsManager::ConstructGameplayTagTree: ImportINI -  0.000 s
[2019.02.01-11.29.29:956][  0]LogStats: UGameplayTagsManager::ConstructGameplayTagTree: GameplayTagTreeChangedEvent.Broadcast -  0.000 s
[2019.02.01-11.29.30:090][  0]LogFileCache: Scanning file cache for directory 'C:/Temp/Rhun/castleforce/Castleforce/Content/' took 0.02s
[2019.02.01-11.29.30:090][  0]SourceControl: Source control is disabled
[2019.02.01-11.29.30:090][  0]Cmd: MAP LOAD FILE="../../../../../../Temp/Rhun/castleforce/Castleforce/Content/PuzzleCPP/Maps/PuzzleExampleMap.umap" TEMPLATE=0 SHOWPROGRESS=1 FEATURELEVEL=3
[2019.02.01-11.29.30:091][  0]LightingResults: New page: Lighting Build
[2019.02.01-11.29.30:095][  0]MapCheck: New page: Map Check
[2019.02.01-11.29.30:095][  0]LightingResults: New page: Lighting Build
[2019.02.01-11.29.30:332][  0]LogAIModule: Creating AISystem for world PuzzleExampleMap
[2019.02.01-11.29.30:337][  0]LogEditorServer: Finished looking for orphan Actors (0.000 secs)
[2019.02.01-11.29.30:357][  0]Cmd: MAP CHECKDEP NOCLEARLOG
[2019.02.01-11.29.30:441][  0]MapCheck: Map check complete: 0 Error(s), 0 Warning(s), took 84.077ms to complete.
[2019.02.01-11.29.30:441][  0]LogFileHelpers: Loading map 'PuzzleExampleMap' took 0.351
[2019.02.01-11.29.30:746][  0]LogSlate: Updating window title bar state: overlay mode, drag disabled, window buttons hidden, title bar hidden
[2019.02.01-11.29.30:759][  0]LogSlate: Updating window title bar state: overlay mode, drag disabled, window buttons hidden, title bar hidden
[2019.02.01-11.29.30:771][  0]LogSlate: Updating window title bar state: overlay mode, drag disabled, window buttons hidden, title bar hidden
[2019.02.01-11.29.30:778][  0]LogSlate: Updating window title bar state: overlay mode, drag disabled, window buttons hidden, title bar hidden
[2019.02.01-11.29.30:788][  0]LogCollectionManager: Loaded 0 collections in 0.003767 seconds
[2019.02.01-11.29.30:830][  0]LogFileCache: Scanning file cache for directory 'C:/Temp/Rhun/castleforce/Castleforce/Saved/Collections/' took 0.01s
[2019.02.01-11.29.30:830][  0]LogFileCache: Scanning file cache for directory 'C:/Temp/Rhun/castleforce/Castleforce/Content/Developers/trj1crt/Collections/' took 0.01s
[2019.02.01-11.29.30:830][  0]LogFileCache: Scanning file cache for directory 'C:/Temp/Rhun/castleforce/Castleforce/Content/Collections/' took 0.01s
[2019.02.01-11.29.30:830][  0]LogCollectionManager: Rebuilt the GUID cache for 0 collections in 0.000000 seconds
[2019.02.01-11.29.30:852][  0]LogContentBrowser: Native class hierarchy populated in 0.0212 seconds. Added 2577 classes and 605 folders.
[2019.02.01-11.29.30:867][  0]LogContentBrowser: Native class hierarchy updated for 'WidgetCarousel' in 0.0004 seconds. Added 0 classes and 0 folders.
[2019.02.01-11.29.30:939][  0]LogContentBrowser: Native class hierarchy updated for 'AddContentDialog' in 0.0004 seconds. Added 0 classes and 0 folders.
[2019.02.01-11.29.30:945][  0]LogContentBrowser: Native class hierarchy updated for 'SceneOutliner' in 0.0004 seconds. Added 1 classes and 2 folders.
[2019.02.01-11.29.30:960][  0]LogSlate: Took 0.000248 seconds to synchronously load lazily loaded font '../../../Engine/Content/Slate/Fonts/Roboto-Regular.ttf' (155K)
[2019.02.01-11.29.30:962][  0]LogSlate: Took 0.000259 seconds to synchronously load lazily loaded font '../../../Engine/Content/Slate/Fonts/Roboto-Bold.ttf' (160K)
[2019.02.01-11.29.30:969][  0]LogSlate: Took 0.000233 seconds to synchronously load lazily loaded font '../../../Engine/Content/Editor/Slate/Fonts/FontAwesome.ttf' (139K)
[2019.02.01-11.29.31:040][  0]LogRenderer: Reallocating scene render targets to support 804x492 Format 10 NumSamples 1 (Frame:1).
[2019.02.01-11.29.31:156][  0]LogContentBrowser: Native class hierarchy updated for 'HierarchicalLODOutliner' in 0.0004 seconds. Added 0 classes and 0 folders.
[2019.02.01-11.29.31:156][  0]LogLoad: (Engine Initialization) Total time: 9.86 seconds
[2019.02.01-11.29.31:156][  0]LogLoad: (Engine Initialization) Total Blueprint compile time: 0.00 seconds
[2019.02.01-11.29.31:166][  0]LogWindowsTextInputMethodSystem: Display: IME system now deactivated.
[2019.02.01-11.29.31:186][  0]LogContentStreaming: Texture pool size now 1000 MB
[2019.02.01-11.29.31:212][  0]LogSlate: Took 0.000163 seconds to synchronously load lazily loaded font '../../../Engine/Content/Slate/Fonts/Roboto-Light.ttf' (167K)
[2019.02.01-11.29.31:226][  1]LogAssetRegistry: Asset discovery search completed in 4.7777 seconds
[2019.02.01-11.29.31:227][  1]LogCollectionManager: Rebuilt the object cache for 0 collections in 0.000000 seconds (found 0 objects)
[2019.02.01-11.29.31:227][  1]LogCollectionManager: Fixed up redirectors for 0 collections in 0.000036 seconds (updated 0 objects)
[2019.02.01-11.29.42:216][239]LogRenderer: Reallocating scene render targets to support 1208x528 Format 10 NumSamples 1 (Frame:1243).
[2019.02.01-11.29.43:200][345]LogSlate: FSceneViewport::OnFocusLost() reason 2
[2019.02.01-11.29.46:907][786]LogSlate: FSceneViewport::OnFocusLost() reason 2
[2019.02.01-11.29.54:936][786]LogTextFormatter: Warning: Failed to parse argument "ExistingAsset" as a number (using "0" as a fallback). Please check your format string for errors: "{ExistingAsset} already exists. Do you want to replace it?".
[2019.02.01-11.29.56:403][786]LogSlate: Window 'Message' being destroyed
[2019.02.01-11.29.56:409][786]LogSlate: Window 'Save Level As' being destroyed
[2019.02.01-11.29.56:413][786]LogSlate: FSceneViewport::OnFocusLost() reason 3
[2019.02.01-11.29.56:509][786]LogSlate: Took 0.000217 seconds to synchronously load lazily loaded font '../../../Engine/Content/Slate/Fonts/Roboto-Light.ttf' (167K)
[2019.02.01-11.29.56:519][786]LogAIModule: Creating AISystem for world Level1
[2019.02.01-11.29.56:779][786]LogAIModule: Creating AISystem for world Level1
[2019.02.01-11.29.56:789][786]Cmd: OBJ SAVEPACKAGE PACKAGE="/Game/Levels/Level1" FILE="../../../../../../Temp/Rhun/castleforce/Castleforce/Content/Levels/Level1.umap" SILENT=true AUTOSAVING=false KEEPDIRTY=false
[2019.02.01-11.29.56:908][786]LogSavePackage: Moving '../../../../../../Temp/Rhun/castleforce/Castleforce/Saved/Level1EDC9AD314E057651B3DC8E99C019FD32.tmp' to '../../../../../../Temp/Rhun/castleforce/Castleforce/Content/Levels/Level1.umap'
[2019.02.01-11.29.56:922][786]Cmd: OBJ SAVEPACKAGE PACKAGE="/Game/Levels/Level1_BuiltData" FILE="../../../../../../Temp/Rhun/castleforce/Castleforce/Content/Levels/Level1_BuiltData.uasset" SILENT=true
[2019.02.01-11.29.56:939][786]LogSavePackage: Moving '../../../../../../Temp/Rhun/castleforce/Castleforce/Saved/Level1_BuiltData330518EE49E5C89A23D4ABA3DD0EB58D.tmp' to '../../../../../../Temp/Rhun/castleforce/Castleforce/Content/Levels/Level1_BuiltData.uasset'
[2019.02.01-11.29.56:949][786]LogFileHelpers: Saving map 'Level1' took 0.535
[2019.02.01-11.29.56:950][786]Cmd: MAP LOAD FILE="../../../../../../Temp/Rhun/castleforce/Castleforce/Content/Levels/Level1.umap" TEMPLATE=0 SHOWPROGRESS=1 FEATURELEVEL=3
[2019.02.01-11.29.56:957][786]LogSlate: FSceneViewport::OnFocusLost() reason 2
[2019.02.01-11.29.56:961][786]LightingResults: New page: Lighting Build
[2019.02.01-11.29.56:962][786]LoadErrors: New page: Loading map: Level1.umap
[2019.02.01-11.29.56:963][786]MapCheck: New page: Map Check
[2019.02.01-11.29.56:963][786]LightingResults: New page: Lighting Build
[2019.02.01-11.29.56:994][786]LogEditorServer: Finished looking for orphan Actors (0.000 secs)
[2019.02.01-11.29.57:086][786]Cmd: MAP CHECKDEP NOCLEARLOG
[2019.02.01-11.29.57:206][786]MapCheck: Map check complete: 0 Error(s), 0 Warning(s), took 119.745ms to complete.
[2019.02.01-11.29.57:206][786]LogFileHelpers: Loading map 'Level1' took 0.257
[2019.02.01-11.29.58:638][955]LogSlate: FSceneViewport::OnFocusLost() reason 0
[2019.02.01-11.29.58:784][969]LogAssetEditorManager: Opening Asset editor for WidgetBlueprint /Game/Blueprints/Menu/MainMenu.MainMenu
[2019.02.01-11.29.59:198][969]LogContentBrowser: Native class hierarchy updated for 'BlueprintGraph' in 0.0007 seconds. Added 116 classes and 0 folders.
[2019.02.01-11.29.59:968][969]LogSlate: Took 0.000224 seconds to synchronously load lazily loaded font '../../../Engine/Content/Slate/Fonts/Roboto-BoldCondensed.ttf' (158K)
[2019.02.01-11.30.04:638][240]LogSlate: Window 'MainMenu' being destroyed
[2019.02.01-11.30.04:642][240]LogSlate: Window 'MainMenu' being destroyed
[2019.02.01-11.30.05:883][382]LogSlate: FSceneViewport::OnFocusLost() reason 0
[2019.02.01-11.30.05:958][391]LogTemp: Repeating last play command: Standalone Game
[2019.02.01-11.30.20:018][770]LogSlate: FSceneViewport::OnFocusLost() reason 2
[2019.02.01-11.30.24:810][341]LogSlate: FSceneViewport::OnFocusLost() reason 2
[2019.02.01-11.30.24:867][346]LogSlate: FSceneViewport::OnFocusLost() reason 2
[2019.02.01-11.30.25:087][370]LogSlate: FSceneViewport::OnFocusLost() reason 2
[2019.02.01-11.30.27:354][640]LogSlate: FSceneViewport::OnFocusLost() reason 2
[2019.02.01-11.30.29:841][640]LogSlate: Only BGRA pngs, bmps or icos are supported in by External Image Picker
[2019.02.01-11.30.29:959][642]LogTemp: Executing iPhonePackager certificates Engine -bundlename com.YourCompany.Castleforce
[2019.02.01-11.30.29:959][642]LogTemp: CWD: C:\Program Files\Epic Games\UE_4.20\Engine\Binaries\DotNET\IOS
[2019.02.01-11.30.29:959][642]LogTemp: Initial Dir: C:\Program Files\Epic Games\UE_4.20
[2019.02.01-11.30.29:959][642]LogTemp: Env CWD: C:\Program Files\Epic Games\UE_4.20\Engine\Binaries\DotNET\IOS
[2019.02.01-11.30.29:965][642]LogTemp: BranchPath = AMTX222-19/C/Program Files/Epic Games/UE_4.20/Engine/Binaries --- GameBranchPath = AMTX222-19/C/Program Files/Epic Games/UE_4.20/Engine/Binaries
[2019.02.01-11.30.30:060][645]LogTemp: IPP ERROR: Could not find provision directory 'C:\Users\trj1crt\AppData\Local/Apple Computer/MobileDevice/Provisioning Profiles/'.
[2019.02.01-11.31.21:724][737]LogSlate: Window 'Project Settings' being destroyed
[2019.02.01-11.31.21:728][737]LogSlate: Window 'Project Settings' being destroyed
[2019.02.01-11.31.22:689][848]LogSlate: FSceneViewport::OnFocusLost() reason 0
[2019.02.01-11.31.22:730][853]LogTemp: Repeating last play command: Standalone Game
[2019.02.01-11.32.03:227][504]LogSlate: FSceneViewport::OnFocusLost() reason 0
[2019.02.01-11.32.05:394][761]LogAssetEditorManager: Opening Asset editor for World /Game/Levels/Level1.Level1
[2019.02.01-11.32.05:413][761]Cmd: MAP LOAD FILE="../../../../../../Temp/Rhun/castleforce/Castleforce/Content/Levels/Level1.umap" TEMPLATE=0 SHOWPROGRESS=1 FEATURELEVEL=3
[2019.02.01-11.32.05:414][761]LightingResults: New page: Lighting Build
[2019.02.01-11.32.05:414][761]LoadErrors: New page: Loading map: Level1.umap
[2019.02.01-11.32.05:415][761]MapCheck: New page: Map Check
[2019.02.01-11.32.05:415][761]LightingResults: New page: Lighting Build
[2019.02.01-11.32.05:470][761]LogAIModule: Creating AISystem for world Level1
[2019.02.01-11.32.05:491][761]LogEditorServer: Finished looking for orphan Actors (0.000 secs)
[2019.02.01-11.32.05:541][761]Cmd: MAP CHECKDEP NOCLEARLOG
[2019.02.01-11.32.05:637][761]MapCheck: Map check complete: 0 Error(s), 0 Warning(s), took 96.241ms to complete.
[2019.02.01-11.32.05:638][761]LogFileHelpers: Loading map 'Level1' took 0.226
[2019.02.01-11.32.07:906][ 27]LogSlate: FSceneViewport::OnFocusLost() reason 0
[2019.02.01-11.32.10:834][376]LogAIModule: Creating AISystem for world MainMenu
[2019.02.01-11.32.10:836][376]LogAssetEditorManager: Opening Asset editor for World /Game/Levels/MainMenu.MainMenu
[2019.02.01-11.32.10:860][376]Cmd: MAP LOAD FILE="../../../../../../Temp/Rhun/castleforce/Castleforce/Content/Levels/MainMenu.umap" TEMPLATE=0 SHOWPROGRESS=1 FEATURELEVEL=3
[2019.02.01-11.32.10:860][376]LightingResults: New page: Lighting Build
[2019.02.01-11.32.10:861][376]LoadErrors: New page: Loading map: MainMenu.umap
[2019.02.01-11.32.10:862][376]MapCheck: New page: Map Check
[2019.02.01-11.32.10:862][376]LightingResults: New page: Lighting Build
[2019.02.01-11.32.10:886][376]LogEditorServer: Finished looking for orphan Actors (0.000 secs)
[2019.02.01-11.32.10:933][376]Cmd: MAP CHECKDEP NOCLEARLOG
[2019.02.01-11.32.11:025][376]MapCheck: Map check complete: 0 Error(s), 0 Warning(s), took 92.172ms to complete.
[2019.02.01-11.32.11:025][376]LogFileHelpers: Loading map 'MainMenu' took 0.166
[2019.02.01-11.32.12:463][543]LogSlate: FSceneViewport::OnFocusLost() reason 0
[2019.02.01-11.32.12:520][550]LogTemp: Repeating last play command: Standalone Game
[2019.02.01-11.40.09:013][298]LogSlate: FSceneViewport::OnFocusLost() reason 0
[2019.02.01-11.40.55:761][738]LogAssetEditorManager: Opening Asset editor for Font /Game/Fonts/PrinceValiant.PrinceValiant
[2019.02.01-11.40.58:133][996]LogSlate: Took 0.061636 seconds to synchronously load lazily loaded font '../../../Engine/Content/Slate/Fonts/DroidSansFallback.ttf' (3848K)
[2019.02.01-11.40.59:446][146]LogSlate: Took 0.002115 seconds to synchronously load lazily loaded font '../../../Engine/Content/Slate/Fonts/DroidSansFallback.ttf' (3848K)
[2019.02.01-11.40.59:450][146]LogSlate: Took 0.000478 seconds to synchronously load lazily loaded font '../../../Engine/Content/Slate/Fonts/Roboto-Regular.ttf' (155K)
[2019.02.01-11.40.59:456][146]LogSlate: Took 0.000471 seconds to synchronously load lazily loaded font '../../../Engine/Content/Slate/Fonts/Roboto-Bold.ttf' (160K)
[2019.02.01-11.40.59:466][146]LogSlate: Took 0.000454 seconds to synchronously load lazily loaded font '../../../Engine/Content/Editor/Slate/Fonts/FontAwesome.ttf' (139K)
[2019.02.01-11.40.59:470][146]LogSlate: Took 0.000446 seconds to synchronously load lazily loaded font '../../../Engine/Content/Slate/Fonts/Roboto-Light.ttf' (167K)
[2019.02.01-11.42.11:714][223]LogSlate: Window 'Save Font Face' being destroyed
[2019.02.01-11.42.11:718][223]LogWindows: Windows GetLastError: The operation completed successfully. (0)
[2019.02.01-11.42.25:326][223]LogWindows: Error: === Critical error: ===
[2019.02.01-11.42.25:326][223]LogWindows: Error: 
[2019.02.01-11.42.25:326][223]LogWindows: Error: Fatal error: [File:D:\Build\++UE4\Sync\Engine\Source\Runtime\CoreUObject\Private\UObject\UObjectGlobals.cpp] [Line: 2383] 
[2019.02.01-11.42.25:326][223]LogWindows: Error: Objects have the same fully qualified name but different paths.
[2019.02.01-11.42.25:326][223]LogWindows: Error: 	New Object: FontFace /Game/Fonts/PrinceValiant.PrinceValiant
[2019.02.01-11.42.25:326][223]LogWindows: Error: 	Existing Object: Font /Game/Fonts/PrinceValiant.PrinceValiant
[2019.02.01-11.42.25:326][223]LogWindows: Error: 
[2019.02.01-11.42.25:326][223]LogWindows: Error: 
[2019.02.01-11.42.25:326][223]LogWindows: Error: [Callstack] 0x00007ffd9052a388 KERNELBASE.dll!UnknownFunction []
[2019.02.01-11.42.25:326][223]LogWindows: Error: [Callstack] 0x00007ffd51b36850 UE4Editor-ApplicationCore.dll!UnknownFunction []
[2019.02.01-11.42.25:326][223]LogWindows: Error: [Callstack] 0x00007ffd4b6e62fc UE4Editor-Core.dll!UnknownFunction []
[2019.02.01-11.42.25:326][223]LogWindows: Error: [Callstack] 0x00007ffd4b6751db UE4Editor-Core.dll!UnknownFunction []
[2019.02.01-11.42.25:326][223]LogWindows: Error: [Callstack] 0x00007ffd4b1dfb5d UE4Editor-CoreUObject.dll!UnknownFunction []
[2019.02.01-11.42.25:326][223]LogWindows: Error: [Callstack] 0x00007ffd4b1e2b5c UE4Editor-CoreUObject.dll!UnknownFunction []
[2019.02.01-11.42.25:326][223]LogWindows: Error: [Callstack] 0x00007ffd4b1e42fb UE4Editor-CoreUObject.dll!UnknownFunction []
[2019.02.01-11.42.25:326][223]LogWindows: Error: [Callstack] 0x00007ffd4b1e3b06 UE4Editor-CoreUObject.dll!UnknownFunction []
[2019.02.01-11.42.25:326][223]LogWindows: Error: [Callstack] 0x00007ffd654acb31 UE4Editor-FontEditor.dll!UnknownFunction []
[2019.02.01-11.42.25:326][223]LogWindows: Error: [Callstack] 0x00007ffd65494174 UE4Editor-FontEditor.dll!UnknownFunction []
[2019.02.01-11.42.25:326][223]LogWindows: Error: [Callstack] 0x00007ffd65476016 UE4Editor-FontEditor.dll!UnknownFunction []
[2019.02.01-11.42.25:326][223]LogWindows: Error: [Callstack] 0x00007ffd6544d6ef UE4Editor-FontEditor.dll!UnknownFunction []
[2019.02.01-11.42.25:326][223]LogWindows: Error: [Callstack] 0x00007ffd4a779c3b UE4Editor-Slate.dll!UnknownFunction []
[2019.02.01-11.42.25:326][223]LogWindows: Error: [Callstack] 0x00007ffd4a5694c5 UE4Editor-Slate.dll!UnknownFunction []
[2019.02.01-11.42.25:326][223]LogWindows: Error: [Callstack] 0x00007ffd4a601db2 UE4Editor-Slate.dll!UnknownFunction []
[2019.02.01-11.42.25:326][223]LogWindows: Error: [Callstack] 0x00007ffd4a5e7c7a UE4Editor-Slate.dll!UnknownFunction []
[2019.02.01-11.42.25:326][223]LogWindows: Error: [Callstack] 0x00007ffd4a5db25c UE4Editor-Slate.dll!UnknownFunction []
[2019.02.01-11.42.25:326][223]LogWindows: Error: [Callstack] 0x00007ffd51b2d1c7 UE4Editor-ApplicationCore.dll!UnknownFunction []
[2019.02.01-11.42.25:326][223]LogWindows: Error: [Callstack] 0x00007ffd51b20270 UE4Editor-ApplicationCore.dll!UnknownFunction []
[2019.02.01-11.42.25:326][223]LogWindows: Error: [Callstack] 0x00007ffd51b2f4c5 UE4Editor-ApplicationCore.dll!UnknownFunction []
[2019.02.01-11.42.25:326][223]LogWindows: Error: [Callstack] 0x00007ffd51b1c209 UE4Editor-ApplicationCore.dll!UnknownFunction []
[2019.02.01-11.42.25:326][223]LogWindows: Error: [Callstack] 0x00007ffd91726d41 USER32.dll!UnknownFunction []
[2019.02.01-11.42.25:327][223]LogWindows: Error: [Callstack] 0x00007ffd91726713 USER32.dll!UnknownFunction []
[2019.02.01-11.42.25:327][223]LogWindows: Error: [Callstack] 0x00007ffd51b30646 UE4Editor-ApplicationCore.dll!UnknownFunction []
[2019.02.01-11.42.25:327][223]LogWindows: Error: [Callstack] 0x00007ff6046e54e5 UE4Editor.exe!UnknownFunction []
[2019.02.01-11.42.25:327][223]LogWindows: Error: [Callstack] 0x00007ff6046f5b3c UE4Editor.exe!UnknownFunction []
[2019.02.01-11.42.25:327][223]LogWindows: Error: [Callstack] 0x00007ff6046f5bba UE4Editor.exe!UnknownFunction []
[2019.02.01-11.42.25:327][223]LogWindows: Error: [Callstack] 0x00007ff604703dac UE4Editor.exe!UnknownFunction []
[2019.02.01-11.42.25:327][223]LogWindows: Error: [Callstack] 0x00007ff604705aaa UE4Editor.exe!UnknownFunction []
[2019.02.01-11.42.25:327][223]LogWindows: Error: [Callstack] 0x00007ffd934b3034 KERNEL32.DLL!UnknownFunction []
[2019.02.01-11.42.25:327][223]LogWindows: Error: [Callstack] 0x00007ffd937a3691 ntdll.dll!UnknownFunction []
[2019.02.01-11.42.25:327][223]LogWindows: Error: 
[2019.02.01-11.42.25:348][223]LogExit: Executing StaticShutdownAfterError
[2019.02.01-11.42.25:352][223]LogWindows: FPlatformMisc::RequestExit(1)
[2019.02.01-11.42.25:358][223]Log file closed, 02/01/19 11:42:25
