Log file open, 02/15/19 00:22:39
LogWindows: Failed to load 'aqProf.dll' (GetLastError=126)
LogWindows: File 'aqProf.dll' does not exist
LogWindows: Failed to load 'VSPerf140.dll' (GetLastError=126)
LogWindows: File 'VSPerf140.dll' does not exist
LogWindows: Failed to load 'VtuneApi.dll' (GetLastError=126)
LogWindows: File 'VtuneApi.dll' does not exist
LogWindows: Failed to load 'VtuneApi32e.dll' (GetLastError=126)
LogWindows: File 'VtuneApi32e.dll' does not exist
LogInit: Display: Running engine for game: Castleforce
LogPlatformFile: Not using cached read wrapper
LogTaskGraph: Started task graph with 5 named threads and 23 total threads with 3 sets of task threads.
LogStats: Stats thread started at 0.409083
LogD3D11RHI: Loaded GFSDK_Aftermath_Lib.x64.dll
LogICUInternationalization: Display: ICU TimeZone Detection - Raw Offset: +0:00, Platform Override: ''
LogPluginManager: Mounting plugin Paper2D
LogPluginManager: Mounting plugin AISupport
LogPluginManager: Mounting plugin LightPropagationVolume
LogPluginManager: Mounting plugin CLionSourceCodeAccess
LogPluginManager: Mounting plugin CodeLiteSourceCodeAccess
LogPluginManager: Mounting plugin GitSourceControl
LogPluginManager: Mounting plugin KDevelopSourceCodeAccess
LogPluginManager: Mounting plugin NullSourceCodeAccess
LogPluginManager: Mounting plugin PerforceSourceControl
LogPluginManager: Mounting plugin SubversionSourceControl
LogPluginManager: Mounting plugin UObjectPlugin
LogPluginManager: Mounting plugin VisualStudioCodeSourceCodeAccess
LogPluginManager: Mounting plugin VisualStudioSourceCodeAccess
LogPluginManager: Mounting plugin XCodeSourceCodeAccess
LogPluginManager: Mounting plugin AssetManagerEditor
LogPluginManager: Mounting plugin CryptoKeys
LogPluginManager: Mounting plugin DataValidation
LogPluginManager: Mounting plugin FacialAnimation
LogPluginManager: Mounting plugin GameplayTagsEditor
LogPluginManager: Mounting plugin MacGraphicsSwitching
LogPluginManager: Mounting plugin MeshEditor
LogPluginManager: Mounting plugin MobileLauncherProfileWizard
LogPluginManager: Mounting plugin PluginBrowser
LogPluginManager: Mounting plugin SpeedTreeImporter
LogPluginManager: Mounting plugin DatasmithContent
LogPluginManager: Mounting plugin AlembicImporter
LogPluginManager: Mounting plugin AppleImageUtils
LogPluginManager: Mounting plugin AppleVision
LogPluginManager: Mounting plugin BackChannel
LogPluginManager: Mounting plugin CharacterAI
LogPluginManager: Mounting plugin GeometryCache
LogPluginManager: Mounting plugin HTML5Networking
LogPluginManager: Mounting plugin ProxyLODPlugin
LogPluginManager: Mounting plugin MagicLeap
LogPluginManager: Mounting plugin MagicLeapEmulator
LogPluginManager: Mounting plugin MagicLeapMedia
LogPluginManager: Mounting plugin AndroidMedia
LogPluginManager: Mounting plugin AvfMedia
LogPluginManager: Mounting plugin ImgMedia
LogPluginManager: Mounting plugin LinearTimecode
LogPluginManager: Mounting plugin MediaCompositing
LogPluginManager: Mounting plugin MediaPlayerEditor
LogPluginManager: Mounting plugin WmfMedia
LogPluginManager: Mounting plugin TcpMessaging
LogPluginManager: Mounting plugin UdpMessaging
LogPluginManager: Mounting plugin ActorSequence
LogPluginManager: Mounting plugin LevelSequenceEditor
LogPluginManager: Mounting plugin MatineeToLevelSequence
LogPluginManager: Mounting plugin NetcodeUnitTest
LogPluginManager: Mounting plugin NUTUnrealEngine4
LogPluginManager: Mounting plugin OnlineSubsystemGooglePlay
LogPluginManager: Mounting plugin OnlineSubsystemIOS
LogPluginManager: Mounting plugin OnlineSubsystem
LogPluginManager: Mounting plugin OnlineSubsystemNull
LogPluginManager: Mounting plugin OnlineSubsystemUtils
LogPluginManager: Mounting plugin LauncherChunkInstaller
LogPluginManager: Mounting plugin AndroidDeviceProfileSelector
LogPluginManager: Mounting plugin AndroidMoviePlayer
LogPluginManager: Mounting plugin AndroidPermission
LogPluginManager: Mounting plugin AppleMoviePlayer
LogPluginManager: Mounting plugin ArchVisCharacter
LogPluginManager: Mounting plugin AudioCapture
LogPluginManager: Mounting plugin CableComponent
LogPluginManager: Mounting plugin CustomMeshComponent
LogPluginManager: Mounting plugin EditableMesh
LogPluginManager: Mounting plugin ExampleDeviceProfileSelector
LogPluginManager: Mounting plugin GoogleCloudMessaging
LogPluginManager: Mounting plugin ImmediatePhysics
LogPluginManager: Mounting plugin IOSDeviceProfileSelector
LogPluginManager: Mounting plugin LinuxDeviceProfileSelector
LogPluginManager: Mounting plugin LocationServicesBPLibrary
LogPluginManager: Mounting plugin MobilePatchingUtils
LogPluginManager: Mounting plugin OculusVR
LogPluginManager: Plugin shader directory ../../../Engine/Plugins/Runtime/Oculus/OculusVR/Shaders found
LogPluginManager: Mapping shader source directory ../../../Engine/Plugins/Runtime/Oculus/OculusVR/Shaders to virtual directory /Plugin/OculusVR
LogPluginManager: Mounting plugin PhysXVehicles
LogPluginManager: Mounting plugin ProceduralMeshComponent
LogPluginManager: Mounting plugin RuntimePhysXCooking
LogPluginManager: Mounting plugin SteamVR
LogPluginManager: Mounting plugin WindowsMoviePlayer
LogStreaming: Display: Took  0.203s to configure plugins.
LogInit: Using libcurl 7.55.1-DEV
LogInit:  - built for x86_64-pc-win32
LogInit:  - supports SSL with OpenSSL/1.0.2h
LogInit:  - supports HTTP deflate (compression) using libz 1.2.8
LogInit:  - other features:
LogInit:      CURL_VERSION_SSL
LogInit:      CURL_VERSION_LIBZ
LogInit:      CURL_VERSION_IPV6
LogInit:      CURL_VERSION_ASYNCHDNS
LogInit:      CURL_VERSION_LARGEFILE
LogInit:      CURL_VERSION_IDN
LogInit:  CurlRequestOptions (configurable via config and command line):
LogInit:  - bVerifyPeer = false  - Libcurl will NOT verify peer certificate
LogInit:  - bUseHttpProxy = false  - Libcurl will NOT use HTTP proxy
LogInit:  - bDontReuseConnections = false  - Libcurl will reuse connections
LogInit:  - CertBundlePath = nullptr  - Libcurl will use whatever was configured at build time.
LogInit:  - MaxHostConnections = 16  - Libcurl will limit the number of connections to a host
LogInit:  - LocalHostAddr = Default
LogInit:  - BufferSize = 65536
LogInit: WinSock: version 1.1 (2.2), MaxSocks=32767, MaxUdp=65467
LogInit: Build: ++UE4+Release-4.20-CL-4369336
LogInit: Engine Version: 4.20.3-4369336+++UE4+Release-4.20
LogInit: Compatible Engine Version: 4.20.0-4212847+++UE4+Release-4.20
LogInit: Net CL: 4212847
LogInit: OS: Windows 10 (), CPU: AMD FX(tm)-8350 Eight-Core Processor           , GPU: NVIDIA GeForce GTX 1070 Ti
LogInit: Compiled (64-bit): Sep 17 2018 12:26:19
LogInit: Compiled with Visual C++: 19.13.26129.00
LogInit: Build Configuration: Development
LogInit: Branch Name: ++UE4+Release-4.20
LogInit: Command Line:  -skipcompile
LogInit: Base Directory: D:/Unreal/Engine/UE_4.20/Engine/Binaries/Win64/
LogInit: Installed Engine Build: 1
LogDevObjectVersion: Number of dev versions registered: 20
LogDevObjectVersion:   Dev-Blueprints (B0D832E4-1F89-4F0D-ACCF-7EB736FD4AA2): 10
LogDevObjectVersion:   Dev-Build (E1C64328-A22C-4D53-A36C-8E866417BD8C): 0
LogDevObjectVersion:   Dev-Core (375EC13C-06E4-48FB-B500-84F0262A717E): 2
LogDevObjectVersion:   Dev-Editor (E4B068ED-F494-42E9-A231-DA0B2E46BB41): 24
LogDevObjectVersion:   Dev-Framework (CFFC743F-43B0-4480-9391-14DF171D2073): 34
LogDevObjectVersion:   Dev-Mobile (B02B49B5-BB20-44E9-A304-32B752E40360): 2
LogDevObjectVersion:   Dev-Networking (A4E4105C-59A1-49B5-A7C5-40C4547EDFEE): 0
LogDevObjectVersion:   Dev-Online (39C831C9-5AE6-47DC-9A44-9C173E1C8E7C): 0
LogDevObjectVersion:   Dev-Physics (78F01B33-EBEA-4F98-B9B4-84EACCB95AA2): 0
LogDevObjectVersion:   Dev-Platform (6631380F-2D4D-43E0-8009-CF276956A95A): 0
LogDevObjectVersion:   Dev-Rendering (12F88B9F-8875-4AFC-A67C-D90C383ABD29): 26
LogDevObjectVersion:   Dev-Sequencer (7B5AE74C-D270-4C10-A958-57980B212A5A): 9
LogDevObjectVersion:   Dev-VR (D7296918-1DD6-4BDD-9DE2-64A83CC13884): 2
LogDevObjectVersion:   Dev-LoadTimes (C2A15278-BFE7-4AFE-6C17-90FF531DF755): 1
LogDevObjectVersion:   Private-Geometry (6EACA3D4-40EC-4CC1-B786-8BED09428FC5): 3
LogDevObjectVersion:   Dev-AnimPhys (29E575DD-E0A3-4627-9D10-D276232CDCEA): 17
LogDevObjectVersion:   Dev-ReflectionCapture (6B266CEC-1EC7-4B8F-A30B-E4D90942FC07): 1
LogDevObjectVersion:   Dev-Automation (0DF73D61-A23F-47EA-B727-89E90C41499A): 1
LogDevObjectVersion:   FortniteMain (601D1886-AC64-4F84-AA16-D3DE0DEAC7D6): 12
LogDevObjectVersion:   Dev-Enterprise (9DFFBCD6-494F-0158-E221-12823C92A888): 1
LogStreaming: Display: Took  0.004s to delete old logs.
LogInit: Presizing for max 8388607 objects, including 0 objects not considered by GC, pre-allocating 0 bytes for permanent pool.
LogInit: Object subsystem initialized
[2019.02.15-00.22.40:120][  0]LogInit: Selected Device Profile: [Windows]
[2019.02.15-00.22.40:120][  0]LogInit: Applying CVar settings loaded from the selected device profile: [Windows]
[2019.02.15-00.22.40:141][  0]LogHAL: Display: Platform has ~ 8 GB [8484548608 / 8589934592 / 8], which maps to Default [LargestMinGB=32, LargerMinGB=12, DefaultMinGB=8, SmallerMinGB=6, SmallestMinGB=0)
[2019.02.15-00.22.40:141][  0]LogInit: Setting Device Profile CVar: [[r.Vulkan.UseRealUBs:1]]
[2019.02.15-00.22.40:141][  0]LogInit: Going up to parent DeviceProfile []
[2019.02.15-00.22.40:142][  0]LogInit: Computer: DESKTOP-TLUBEOD
[2019.02.15-00.22.40:142][  0]LogInit: User: rh27u
[2019.02.15-00.22.40:142][  0]LogInit: CPU Page size=4096, Cores=4
[2019.02.15-00.22.40:142][  0]LogInit: High frequency timer resolution =3.919334 MHz
[2019.02.15-00.22.40:142][  0]LogMemory: Memory total: Physical=7.9GB (8GB approx)
[2019.02.15-00.22.40:142][  0]LogMemory: Platform Memory Stats for Windows
[2019.02.15-00.22.40:142][  0]LogMemory: Process Physical Memory: 101.14 MB used, 101.14 MB peak
[2019.02.15-00.22.40:143][  0]LogMemory: Process Virtual Memory: 87.60 MB used, 87.60 MB peak
[2019.02.15-00.22.40:143][  0]LogMemory: Physical Memory: 4745.78 MB used,  3345.72 MB free, 8091.50 MB total
[2019.02.15-00.22.40:143][  0]LogMemory: Virtual Memory: 4641.60 MB used,  3345.72 MB free, 134217728.00 MB total
[2019.02.15-00.22.40:291][  0]LogInit: Using OS detected language (en-US).
[2019.02.15-00.22.40:291][  0]LogInit: Using OS detected locale (en-GB).
[2019.02.15-00.22.40:293][  0]LogTextLocalizationManager: No specific localization for 'en-US' exists, so the 'en' localization will be used.
[2019.02.15-00.22.40:764][  0]LogStreaming: Display: Took  0.473s to InitEngineTextLocalization.
[2019.02.15-00.22.40:764][  0]LogInit: Setting process to per monitor DPI aware
[2019.02.15-00.22.40:844][  0]LogSlate: New Slate User Created.  User Index 0, Is Virtual User: 0
[2019.02.15-00.22.40:844][  0]LogSlate: Slate User Registered.  User Index 0, Is Virtual User: 0
[2019.02.15-00.22.41:258][  0]LogHMD: Failed to initialize OpenVR with code 110
[2019.02.15-00.22.41:258][  0]LogD3D11RHI: D3D11 adapters:
[2019.02.15-00.22.41:371][  0]LogD3D11RHI:    0. 'NVIDIA GeForce GTX 1070 Ti' (Feature Level 11_0)
[2019.02.15-00.22.41:371][  0]LogD3D11RHI:       8080/0/4045 MB DedicatedVideo/DedicatedSystem/SharedSystem, Outputs:3, VendorId:0x10de
[2019.02.15-00.22.41:377][  0]LogD3D11RHI:    1. 'Microsoft Basic Render Driver' (Feature Level 11_0)
[2019.02.15-00.22.41:377][  0]LogD3D11RHI:       0/0/4045 MB DedicatedVideo/DedicatedSystem/SharedSystem, Outputs:0, VendorId:0x1414
[2019.02.15-00.22.41:377][  0]LogD3D11RHI: Chosen D3D11 Adapter: 0
[2019.02.15-00.22.41:388][  0]LogD3D11RHI: Creating new Direct3DDevice
[2019.02.15-00.22.41:388][  0]LogD3D11RHI:     GPU DeviceId: 0x1b82 (for the marketing name, search the web for "GPU Device Id")
[2019.02.15-00.22.41:388][  0]LogWindows: EnumDisplayDevices:
[2019.02.15-00.22.41:388][  0]LogWindows:    0. 'NVIDIA GeForce GTX 1070 Ti' (P:0 D:1)
[2019.02.15-00.22.41:388][  0]LogWindows:    1. 'NVIDIA GeForce GTX 1070 Ti' (P:1 D:1)
[2019.02.15-00.22.41:388][  0]LogWindows:    2. 'NVIDIA GeForce GTX 1070 Ti' (P:0 D:1)
[2019.02.15-00.22.41:389][  0]LogWindows:    3. 'NVIDIA GeForce GTX 1070 Ti' (P:0 D:0)
[2019.02.15-00.22.41:389][  0]LogWindows: DebugString: FoundDriverCount:4 
[2019.02.15-00.22.41:389][  0]LogD3D11RHI:     Adapter Name: NVIDIA GeForce GTX 1070 Ti
[2019.02.15-00.22.41:389][  0]LogD3D11RHI:   Driver Version: 417.35 (internal:25.21.14.1735, unified:417.35)
[2019.02.15-00.22.41:389][  0]LogD3D11RHI:      Driver Date: 12-11-2018
[2019.02.15-00.22.41:389][  0]LogRHI: Texture pool is 5656 MB (70% of 8080 MB)
[2019.02.15-00.22.41:458][  0]LogD3D11RHI: Async texture creation enabled
[2019.02.15-00.22.41:483][  0]LogD3D11RHI: GPU Timing Frequency: 1000.000000 (Debug: 2 2)
[2019.02.15-00.22.41:586][  0]LogShaderCompilers: Guid format shader working directory is -32 characters bigger than the processId version (../../../../../../Shitty UE4 Games I Make/Castleforce/castleforce/Castleforce/Intermediate/Shaders/WorkingDirectory/15380/).
[2019.02.15-00.22.41:586][  0]LogShaderCompilers: Cleaned the shader compiler working directory 'C:/Users/rh27u/AppData/Local/Temp/UnrealShaderWorkingDir/0125489B4F4122AEA595B0A34677C1CC/'.
[2019.02.15-00.22.41:927][  0]LogTemp: Display: Loaded TP AllDesktopTargetPlatform
[2019.02.15-00.22.41:951][  0]LogTemp: Display: Loaded TP MacClientTargetPlatform
[2019.02.15-00.22.41:974][  0]LogTemp: Display: Loaded TP MacNoEditorTargetPlatform
[2019.02.15-00.22.42:000][  0]LogTemp: Display: Loaded TP MacServerTargetPlatform
[2019.02.15-00.22.42:025][  0]LogTemp: Display: Loaded TP MacTargetPlatform
[2019.02.15-00.22.42:047][  0]LogTemp: Display: Loaded TP WindowsClientTargetPlatform
[2019.02.15-00.22.42:071][  0]LogTemp: Display: Loaded TP WindowsNoEditorTargetPlatform
[2019.02.15-00.22.42:093][  0]LogTemp: Display: Loaded TP WindowsServerTargetPlatform
[2019.02.15-00.22.42:105][  0]LogTemp: Display: Loaded TP WindowsTargetPlatform
[2019.02.15-00.22.42:228][  0]LogTemp: Display: Loaded TP AndroidTargetPlatform
[2019.02.15-00.22.42:228][  0]LogTemp: Display: Loaded TP AndroidTargetPlatform
[2019.02.15-00.22.42:228][  0]LogTemp: Display: Loaded TP AndroidTargetPlatform
[2019.02.15-00.22.42:228][  0]LogTemp: Display: Loaded TP AndroidTargetPlatform
[2019.02.15-00.22.42:229][  0]LogTemp: Display: Loaded TP AndroidTargetPlatform
[2019.02.15-00.22.42:229][  0]LogTemp: Display: Loaded TP AndroidTargetPlatform
[2019.02.15-00.22.42:229][  0]LogTemp: Display: Loaded TP AndroidTargetPlatform
[2019.02.15-00.22.42:229][  0]LogTemp: Display: Loaded TP AndroidTargetPlatform
[2019.02.15-00.22.42:229][  0]LogTemp: Display: Loaded TP AndroidTargetPlatform
[2019.02.15-00.22.42:229][  0]LogTemp: Display: Loaded TP AndroidTargetPlatform
[2019.02.15-00.22.42:229][  0]LogTemp: Display: Loaded TP AndroidTargetPlatform
[2019.02.15-00.22.42:229][  0]LogTemp: Display: Loaded TP AndroidTargetPlatform
[2019.02.15-00.22.42:229][  0]LogTemp: Display: Loaded TP AndroidTargetPlatform
[2019.02.15-00.22.42:229][  0]LogTemp: Display: Loaded TP AndroidTargetPlatform
[2019.02.15-00.22.42:229][  0]LogTemp: Display: Loaded TP AndroidTargetPlatform
[2019.02.15-00.22.42:229][  0]LogTemp: Display: Loaded TP AndroidTargetPlatform
[2019.02.15-00.22.42:230][  0]LogTemp: Display: Loaded TP AndroidTargetPlatform
[2019.02.15-00.22.42:230][  0]LogTemp: Display: Loaded TP AndroidTargetPlatform
[2019.02.15-00.22.42:235][  0]LogTemp: Display: Loaded TP HTML5TargetPlatform
[2019.02.15-00.22.42:324][  0]LogTemp: Display: Loaded TP IOSTargetPlatform
[2019.02.15-00.22.42:324][  0]LogTemp: Display: Loaded TP IOSTargetPlatform
[2019.02.15-00.22.42:365][  0]LogTemp: Display: Loaded TP TVOSTargetPlatform
[2019.02.15-00.22.42:366][  0]LogTemp: Display: Loaded TP TVOSTargetPlatform
[2019.02.15-00.22.42:388][  0]LogTemp: Display: Loaded TP LinuxClientTargetPlatform
[2019.02.15-00.22.42:410][  0]LogTemp: Display: Loaded TP LinuxNoEditorTargetPlatform
[2019.02.15-00.22.42:434][  0]LogTemp: Display: Loaded TP LinuxServerTargetPlatform
[2019.02.15-00.22.42:457][  0]LogTemp: Display: Loaded TP LinuxTargetPlatform
[2019.02.15-00.22.42:474][  0]LogTemp: Display: Loaded TP LuminTargetPlatform
[2019.02.15-00.22.42:474][  0]LogTargetPlatformManager: Display: Building Assets For Windows
[2019.02.15-00.22.42:598][  0]LogXGEController: Cleaning working directory: C:/Users/rh27u/AppData/Local/Temp/UnrealXGEWorkingDir/
[2019.02.15-00.22.42:598][  0]LogXGEController: Cannot use XGE Controller as Incredibuild is not installed on this machine.
[2019.02.15-00.22.42:599][  0]LogShaderCompilers: Cannot use XGE Shader Compiler as Incredibuild is not installed on this machine.
[2019.02.15-00.22.42:599][  0]LogShaderCompilers: Display: Using Local Shader Compiler.
[2019.02.15-00.22.43:626][  0]LogDerivedDataCache: Display: Max Cache Size: 512 MB
[2019.02.15-00.22.43:709][  0]LogDerivedDataCache: Loaded boot cache 0.08s 71MB C:/Users/rh27u/AppData/Local/UnrealEngine/4.20/DerivedDataCache/Boot.ddc.
[2019.02.15-00.22.43:710][  0]LogDerivedDataCache: Display: Loaded Boot cache: C:/Users/rh27u/AppData/Local/UnrealEngine/4.20/DerivedDataCache/Boot.ddc
[2019.02.15-00.22.43:710][  0]LogDerivedDataCache: FDerivedDataBackendGraph:  Pak pak cache file ../../../../../../Shitty UE4 Games I Make/Castleforce/castleforce/Castleforce/DerivedDataCache/DDC.ddp not found, will not use a pak cache.
[2019.02.15-00.22.43:710][  0]LogDerivedDataCache: Unable to find inner node Pak for hierarchical cache Hierarchy.
[2019.02.15-00.22.43:711][  0]LogDerivedDataCache: FDerivedDataBackendGraph:  CompressedPak pak cache file ../../../../../../Shitty UE4 Games I Make/Castleforce/castleforce/Castleforce/DerivedDataCache/Compressed.ddp not found, will not use a pak cache.
[2019.02.15-00.22.43:711][  0]LogDerivedDataCache: Unable to find inner node CompressedPak for hierarchical cache Hierarchy.
[2019.02.15-00.22.43:726][  0]LogDerivedDataCache: Display: Pak cache opened for reading ../../../Engine/DerivedDataCache/Compressed.ddp.
[2019.02.15-00.22.43:740][  0]LogDerivedDataCache: Using Local data cache path C:/Users/rh27u/AppData/Local/UnrealEngine/Common/DerivedDataCache: Writable
[2019.02.15-00.22.43:740][  0]LogDerivedDataCache: Shared data cache path not found in *engine.ini, will not use an Shared cache.
[2019.02.15-00.22.43:740][  0]LogDerivedDataCache: Unable to find inner node Shared for hierarchical cache Hierarchy.
[2019.02.15-00.22.43:771][  0]LogMaterial: Verifying Global Shaders for PCD3D_SM5
[2019.02.15-00.22.43:773][  0]LogSlate: Using FreeType 2.6.0
[2019.02.15-00.22.43:774][  0]LogSlate: SlateFontServices - WITH_FREETYPE: 1, WITH_HARFBUZZ: 1
[2019.02.15-00.22.43:877][  0]LogAssetRegistry: FAssetRegistry took 0.0318 seconds to start up
[2019.02.15-00.22.44:387][  0]LogInit: Selected Device Profile: [Windows]
[2019.02.15-00.22.44:571][  0]LogSimplygon: Simplygon DLL not present - disabling.
[2019.02.15-00.22.44:581][  0]LogMeshReduction: Using SimplygonSwarm for distributed automatic mesh merging
[2019.02.15-00.22.44:581][  0]LogMeshReduction: Using ProxyLODMeshReduction for automatic mesh merging
[2019.02.15-00.22.44:581][  0]LogMeshReduction: Using QuadricMeshReduction for automatic static mesh reduction
[2019.02.15-00.22.44:582][  0]LogMeshReduction: No automatic skeletal mesh reduction module available
[2019.02.15-00.22.44:636][  0]LogNetVersion: Castleforce 1.0.0, NetCL: 4212847, EngineNetVer: 5, GameNetVer: 0 (Checksum: 2622368503)
[2019.02.15-00.22.45:313][  0]LogPackageLocalizationCache: Processed 11 localized package path(s) for 2 prioritized culture(s) in 0.169617 seconds
[2019.02.15-00.22.45:322][  0]LogUObjectArray: 38425 objects as part of root set at end of initial load.
[2019.02.15-00.22.45:322][  0]LogUObjectAllocator: 6690872 out of 0 bytes used by permanent object pool.
[2019.02.15-00.22.45:323][  0]LogUObjectArray: CloseDisregardForGC: 0/0 objects in disregard for GC pool
[2019.02.15-00.22.46:624][  0]LogTcpMessaging: Initializing TcpMessaging bridge
[2019.02.15-00.22.46:642][  0]LogUdpMessaging: Initializing bridge on interface 0.0.0.0:0 to multicast group 230.0.0.1:6666.
[2019.02.15-00.22.46:891][  0]SourceControl: Source control is disabled
[2019.02.15-00.22.46:891][  0]SourceControl: Source control is disabled
[2019.02.15-00.22.46:898][  0]SourceControl: Source control is disabled
[2019.02.15-00.22.46:901][  0]SourceControl: Source control is disabled
[2019.02.15-00.22.47:184][  0]LogAndroidPermission: UAndroidPermissionCallbackProxy::GetInstance
[2019.02.15-00.22.47:337][  0]LogOcInput: OculusInput pre-init called
[2019.02.15-00.22.47:419][  0]LogEngine: Initializing Engine...
[2019.02.15-00.22.47:420][  0]LogHMD: Failed to initialize OpenVR with code 110
[2019.02.15-00.22.47:422][  0]LogStats: UGameplayTagsManager::ConstructGameplayTagTree: ImportINI prefixes -  0.000 s
[2019.02.15-00.22.47:422][  0]LogStats: UGameplayTagsManager::ConstructGameplayTagTree: Construct from data asset -  0.000 s
[2019.02.15-00.22.47:423][  0]LogStats: UGameplayTagsManager::ConstructGameplayTagTree: ImportINI -  0.000 s
[2019.02.15-00.22.47:423][  0]LogStats: UGameplayTagsManager::ConstructGameplayTagTree: GameplayTagTreeChangedEvent.Broadcast -  0.000 s
[2019.02.15-00.22.47:686][  0]LogInit: Initializing FReadOnlyCVARCache
[2019.02.15-00.22.47:703][  0]LogAIModule: Creating AISystem for world Untitled
[2019.02.15-00.22.47:832][  0]LogInit: XAudio2 using 'Headset Earphone (HyperX 7.1 Audio)' : 2 channels at 48 kHz using 16 bits per sample (channel mask 0x3)
[2019.02.15-00.22.47:853][  0]LogInit: FAudioDevice initialized.
[2019.02.15-00.22.47:853][  0]LogNetVersion: Set ProjectVersion to 1.0.0.0. Version Checksum will be recalculated on next use.
[2019.02.15-00.22.48:054][  0]LogDerivedDataCache: Saved boot cache 0.20s 71MB C:/Users/rh27u/AppData/Local/UnrealEngine/4.20/DerivedDataCache/Boot.ddc.
[2019.02.15-00.22.48:079][  0]LogInit: Texture streaming: Enabled
[2019.02.15-00.22.48:109][  0]LogEngineSessionManager: EngineSessionManager initialized
[2019.02.15-00.22.48:109][  0]LogEngineSessionManager: EngineSessionManager sent abnormal shutdown report. Type=Debugger, SessionId={84BC5C35-47E3-C8B6-0183-12A7446CC7A7}
[2019.02.15-00.22.48:122][  0]LogInit: Transaction tracking system initialized
[2019.02.15-00.22.48:155][  0]BlueprintLog: New page: Editor Load
[2019.02.15-00.22.48:281][  0]LocalizationService: Localization service is disabled
[2019.02.15-00.22.48:628][  0]LogCook: Display: Max memory allowance for cook 16384mb min free memory 0mb
[2019.02.15-00.22.48:629][  0]LogCook: Display: Mobile HDR setting 1
[2019.02.15-00.22.48:629][  0]LogGameplayTags: Display: UGameplayTagsManager::DoneAddingNativeTags. DelegateIsBound: 0
[2019.02.15-00.22.48:629][  0]LogStats: UGameplayTagsManager::ConstructGameplayTagTree: ImportINI prefixes -  0.000 s
[2019.02.15-00.22.48:629][  0]LogStats: UGameplayTagsManager::ConstructGameplayTagTree: Construct from data asset -  0.000 s
[2019.02.15-00.22.48:630][  0]LogStats: UGameplayTagsManager::ConstructGameplayTagTree: ImportINI -  0.000 s
[2019.02.15-00.22.48:630][  0]LogStats: UGameplayTagsManager::ConstructGameplayTagTree: GameplayTagTreeChangedEvent.Broadcast -  0.000 s
[2019.02.15-00.22.48:844][  0]LogFileCache: Scanning file cache for directory 'D:/Shitty UE4 Games I Make/Castleforce/castleforce/Castleforce/Content/' took 0.02s
[2019.02.15-00.22.48:844][  0]SourceControl: Source control is disabled
[2019.02.15-00.22.48:845][  0]Cmd: MAP LOAD FILE="../../../../../../Shitty UE4 Games I Make/Castleforce/castleforce/Castleforce/Content/Levels/Level1.umap" TEMPLATE=0 SHOWPROGRESS=1 FEATURELEVEL=3
[2019.02.15-00.22.48:845][  0]LightingResults: New page: Lighting Build
[2019.02.15-00.22.48:848][  0]MapCheck: New page: Map Check
[2019.02.15-00.22.48:848][  0]LightingResults: New page: Lighting Build
[2019.02.15-00.22.49:272][  0]LogAIModule: Creating AISystem for world Level1
[2019.02.15-00.22.49:284][  0]LogEditorServer: Finished looking for orphan Actors (0.000 secs)
[2019.02.15-00.22.49:402][  0]Cmd: MAP CHECKDEP NOCLEARLOG
[2019.02.15-00.22.49:494][  0]MapCheck: Map check complete: 0 Error(s), 0 Warning(s), took 91.586ms to complete.
[2019.02.15-00.22.49:494][  0]LogFileHelpers: Loading map 'Level1' took 0.650
[2019.02.15-00.22.49:747][  0]LogSlate: Updating window title bar state: overlay mode, drag disabled, window buttons hidden, title bar hidden
[2019.02.15-00.22.49:758][  0]LogSlate: Updating window title bar state: overlay mode, drag disabled, window buttons hidden, title bar hidden
[2019.02.15-00.22.49:769][  0]LogSlate: Updating window title bar state: overlay mode, drag disabled, window buttons hidden, title bar hidden
[2019.02.15-00.22.49:782][  0]LogSlate: Updating window title bar state: overlay mode, drag disabled, window buttons hidden, title bar hidden
[2019.02.15-00.22.49:791][  0]LogCollectionManager: Loaded 0 collections in 0.001484 seconds
[2019.02.15-00.22.49:873][  0]LogFileCache: Scanning file cache for directory 'D:/Shitty UE4 Games I Make/Castleforce/castleforce/Castleforce/Saved/Collections/' took 0.01s
[2019.02.15-00.22.49:873][  0]LogFileCache: Scanning file cache for directory 'D:/Shitty UE4 Games I Make/Castleforce/castleforce/Castleforce/Content/Developers/rh27u/Collections/' took 0.01s
[2019.02.15-00.22.49:873][  0]LogFileCache: Scanning file cache for directory 'D:/Shitty UE4 Games I Make/Castleforce/castleforce/Castleforce/Content/Collections/' took 0.01s
[2019.02.15-00.22.49:873][  0]LogCollectionManager: Rebuilt the GUID cache for 0 collections in 0.000000 seconds
[2019.02.15-00.22.49:891][  0]LogContentBrowser: Native class hierarchy populated in 0.0167 seconds. Added 2583 classes and 607 folders.
[2019.02.15-00.22.49:900][  0]LogContentBrowser: Native class hierarchy updated for 'WidgetCarousel' in 0.0005 seconds. Added 0 classes and 0 folders.
[2019.02.15-00.22.49:985][  0]LogContentBrowser: Native class hierarchy updated for 'AddContentDialog' in 0.0006 seconds. Added 0 classes and 0 folders.
[2019.02.15-00.22.50:047][  0]LogContentBrowser: Native class hierarchy updated for 'HierarchicalLODOutliner' in 0.0005 seconds. Added 0 classes and 0 folders.
[2019.02.15-00.22.50:047][  0]LogLoad: (Engine Initialization) Total time: 12.84 seconds
[2019.02.15-00.22.50:047][  0]LogLoad: (Engine Initialization) Total Blueprint compile time: 0.00 seconds
[2019.02.15-00.22.50:058][  0]LogWindowsTextInputMethodSystem: Display: IME system now deactivated.
[2019.02.15-00.22.50:094][  0]LogContentStreaming: Texture pool size now 1000 MB
[2019.02.15-00.22.50:096][  0]LogSlate: Took 0.000388 seconds to synchronously load lazily loaded font '../../../Engine/Content/Slate/Fonts/Roboto-Regular.ttf' (155K)
[2019.02.15-00.22.50:101][  0]LogSlate: Took 0.000578 seconds to synchronously load lazily loaded font '../../../Engine/Content/Slate/Fonts/Roboto-Bold.ttf' (160K)
[2019.02.15-00.22.50:104][  0]LogSlate: Took 0.000438 seconds to synchronously load lazily loaded font '../../../Engine/Content/Editor/Slate/Fonts/FontAwesome.ttf' (139K)
[2019.02.15-00.22.50:231][  0]LogRenderer: Reallocating scene render targets to support 528x360 Format 10 NumSamples 1 (Frame:1).
[2019.02.15-00.22.50:304][  0]LogSlate: Took 0.000459 seconds to synchronously load lazily loaded font '../../../Engine/Content/Slate/Fonts/Roboto-Light.ttf' (167K)
[2019.02.15-00.22.50:323][  1]LogFileCache: Retrieving MD5 hashes for directory 'D:/Shitty UE4 Games I Make/Castleforce/castleforce/Castleforce/Content/' took 0.25s
[2019.02.15-00.22.50:354][  1]LogAssetRegistry: Asset discovery search completed in 6.5019 seconds
[2019.02.15-00.22.50:357][  1]LogCollectionManager: Rebuilt the object cache for 0 collections in 0.000000 seconds (found 0 objects)
[2019.02.15-00.22.50:357][  1]LogCollectionManager: Fixed up redirectors for 0 collections in 0.000200 seconds (updated 0 objects)
[2019.02.15-00.22.54:370][410]LogRenderer: Reallocating scene render targets to support 1200x576 Format 10 NumSamples 1 (Frame:3).
[2019.02.15-00.22.55:055][487]LogSlate: FSceneViewport::OnFocusLost() reason 0
[2019.02.15-00.22.55:198][498]Candidate modules for hot reload:
[2019.02.15-00.22.55:198][498]  Castleforce
[2019.02.15-00.22.55:198][498]Launching UnrealBuildTool... [D:/Unreal/Engine/UE_4.20/Engine/Binaries/DotNET/UnrealBuildTool.exe  -ModuleWithSuffix=Castleforce,841 Win64 Development -TargetType=Editor -Project="../../../../../../Shitty UE4 Games I Make/Castleforce/castleforce/Castleforce/Castleforce.uproject" -canskiplink "D:/Shitty UE4 Games I Make/Castleforce/castleforce/Castleforce/Castleforce.uproject" ]
[2019.02.15-00.22.55:203][498]Warning: Starting HotReload took  0.1s.
[2019.02.15-00.22.57:909][818]CompilerResultsLog: New page: Compilation - 15 Feb 2019 00:22:57
[2019.02.15-00.22.57:910][818]CompilerResultsLog: Using 'git status' to determine working set for adaptive non-unity build.
[2019.02.15-00.22.57:910][818]CompilerResultsLog: Compiling game modules for hot reload
[2019.02.15-00.22.57:910][818]CompilerResultsLog: Target is up to date
[2019.02.15-00.22.57:910][818]CompilerResultsLog: Total build time: 2.37 seconds (NoActionsToExecute executor: 0.00 seconds)
[2019.02.15-00.22.57:911][818]LogMainFrame: MainFrame: Module compiling took 2.748 seconds
[2019.02.15-00.22.58:057][818]LogContentBrowser: Native class hierarchy populated in 0.0177 seconds. Added 2583 classes and 607 folders.
[2019.02.15-00.22.58:057][818]Display: HotReload took  2.9s.
[2019.02.15-00.22.59:626][  4]LogTemp: Repeating last play command: Selected Viewport
[2019.02.15-00.22.59:654][  4]LogBlueprintUserMessages: Early PlayInEditor Detection: Level '/Game/Levels/Level1.Level1:PersistentLevel' has LevelScriptBlueprint '/Game/Levels/Level1.Level1:PersistentLevel.Level1' with GeneratedClass '/Game/Levels/Level1.Level1_C' with ClassGeneratedBy '/Game/Levels/Level1.Level1:PersistentLevel.Level1'
[2019.02.15-00.22.59:654][  4]LogPlayLevel: PlayLevel: No blueprints needed recompiling
[2019.02.15-00.22.59:669][  4]PIE: New page: PIE session: Level1 (15 Feb 2019 00:22:59)
[2019.02.15-00.22.59:670][  4]LogPlayLevel: Creating play world package: /Game/Levels/UEDPIE_0_Level1
[2019.02.15-00.22.59:694][  4]LogPlayLevel: PIE: StaticDuplicateObject took: (0.024237s)
[2019.02.15-00.22.59:695][  4]LogAIModule: Creating AISystem for world Level1
[2019.02.15-00.22.59:696][  4]LogPlayLevel: PIE: World Init took: (0.001434s)
[2019.02.15-00.22.59:696][  4]LogPlayLevel: PIE: Created PIE world by copying editor world from /Game/Levels/Level1.Level1 to /Game/Levels/UEDPIE_0_Level1.Level1 (0.026509s)
[2019.02.15-00.22.59:828][  4]LogInit: XAudio2 using 'Headset Earphone (HyperX 7.1 Audio)' : 2 channels at 48 kHz using 16 bits per sample (channel mask 0x3)
[2019.02.15-00.22.59:839][  4]LogInit: FAudioDevice initialized.
[2019.02.15-00.22.59:920][  4]LogLoad: Game class is 'MyCastleforceGameMode_C'
[2019.02.15-00.22.59:922][  4]LogWorld: Bringing World /Game/Levels/UEDPIE_0_Level1.Level1 up for play (max tick rate 0) at 2019.02.15-00.22.59
[2019.02.15-00.22.59:923][  4]LogWorld: Bringing up level for play took: 0.000944
[2019.02.15-00.22.59:976][  4]LogContentBrowser: Native class hierarchy updated for 'MovieSceneCapture' in 0.0006 seconds. Added 10 classes and 0 folders.
[2019.02.15-00.22.59:987][  4]PIE: Play in editor start time for /Game/Levels/UEDPIE_0_Level1 -0.206
[2019.02.15-00.22.59:988][  4]LogBlueprintUserMessages: Late PlayInEditor Detection: Level '/Game/Levels/Level1.Level1:PersistentLevel' has LevelScriptBlueprint '/Game/Levels/Level1.Level1:PersistentLevel.Level1' with GeneratedClass '/Game/Levels/Level1.Level1_C' with ClassGeneratedBy '/Game/Levels/Level1.Level1:PersistentLevel.Level1'
[2019.02.15-00.23.00:825][ 94]LogOutputDevice: Error: Ensure condition failed: !RotationQuat.ContainsNaN() [File:D:\Build\++UE4\Sync\Engine\Source\Runtime\Core\Private\Math\UnrealMath.cpp] [Line: 448] 
Invalid input to FRotator::Quaternion - generated NaN output: X=-nan(ind) Y=-inf Z=-nan(ind) W=inf

[2019.02.15-00.23.00:826][ 94]LogStats:             FDebug::EnsureFailed -  0.000 s
[2019.02.15-00.23.04:967][ 94]LogSpawn: Warning: SpawnActor failed because the given transform (9254967602990546944.000000,0.000000,166.781250|-90.000000,0.000000,-nan(ind)|1.000000,1.000000,1.000000) is invalid
[2019.02.15-00.23.05:988][ 98]LogSlate: FSceneViewport::OnFocusLost() reason 0
[2019.02.15-00.23.06:040][104]LogBlueprintUserMessages: Early EndPlayMap Detection: Level '/Game/Levels/Level1.Level1:PersistentLevel' has LevelScriptBlueprint '/Game/Levels/Level1.Level1:PersistentLevel.Level1' with GeneratedClass '/Game/Levels/Level1.Level1_C' with ClassGeneratedBy '/Game/Levels/Level1.Level1:PersistentLevel.Level1'
[2019.02.15-00.23.06:041][104]LogSlate: Updating window title bar state: overlay mode, drag disabled, window buttons hidden, title bar hidden
[2019.02.15-00.23.06:082][104]LogPlayLevel: Display: Shutting down PIE online subsystems
[2019.02.15-00.23.06:083][104]LogBlueprintUserMessages: Late EndPlayMap Detection: Level '/Game/Levels/Level1.Level1:PersistentLevel' has LevelScriptBlueprint '/Game/Levels/Level1.Level1:PersistentLevel.Level1' with GeneratedClass '/Game/Levels/Level1.Level1_C' with ClassGeneratedBy '/Game/Levels/Level1.Level1:PersistentLevel.Level1'
[2019.02.15-00.23.06:208][104]LogSlate: Updating window title bar state: overlay mode, drag disabled, window buttons hidden, title bar hidden
[2019.02.15-00.23.06:230][105]LogPlayLevel: Display: Destroying online subsystem :Context_2
[2019.02.15-00.23.06:799][167]Candidate modules for hot reload:
[2019.02.15-00.23.06:800][167]  Castleforce
[2019.02.15-00.23.06:800][167]Launching UnrealBuildTool... [D:/Unreal/Engine/UE_4.20/Engine/Binaries/DotNET/UnrealBuildTool.exe  -ModuleWithSuffix=Castleforce,598 Win64 Development -TargetType=Editor -Project="../../../../../../Shitty UE4 Games I Make/Castleforce/castleforce/Castleforce/Castleforce.uproject" -canskiplink "D:/Shitty UE4 Games I Make/Castleforce/castleforce/Castleforce/Castleforce.uproject" ]
[2019.02.15-00.23.06:804][167]Warning: Starting HotReload took  0.0s.
[2019.02.15-00.23.09:494][487]CompilerResultsLog: New page: Compilation - 15 Feb 2019 00:23:09
[2019.02.15-00.23.09:495][487]CompilerResultsLog: Using 'git status' to determine working set for adaptive non-unity build.
[2019.02.15-00.23.09:495][487]CompilerResultsLog: Compiling game modules for hot reload
[2019.02.15-00.23.09:495][487]CompilerResultsLog: Target is up to date
[2019.02.15-00.23.09:495][487]CompilerResultsLog: Total build time: 2.34 seconds (NoActionsToExecute executor: 0.00 seconds)
[2019.02.15-00.23.09:496][487]LogMainFrame: MainFrame: Module compiling took 2.730 seconds
[2019.02.15-00.23.09:637][487]LogContentBrowser: Native class hierarchy populated in 0.0196 seconds. Added 2583 classes and 607 folders.
[2019.02.15-00.23.09:637][487]Display: HotReload took  2.9s.
[2019.02.15-00.23.10:881][633]LogTemp: Repeating last play command: Selected Viewport
[2019.02.15-00.23.10:908][633]LogBlueprintUserMessages: Early PlayInEditor Detection: Level '/Game/Levels/Level1.Level1:PersistentLevel' has LevelScriptBlueprint '/Game/Levels/Level1.Level1:PersistentLevel.Level1' with GeneratedClass '/Game/Levels/Level1.Level1_C' with ClassGeneratedBy '/Game/Levels/Level1.Level1:PersistentLevel.Level1'
[2019.02.15-00.23.10:908][633]LogPlayLevel: PlayLevel: No blueprints needed recompiling
[2019.02.15-00.23.10:908][633]PIE: New page: PIE session: Level1 (15 Feb 2019 00:23:10)
[2019.02.15-00.23.10:908][633]LogPlayLevel: Creating play world package: /Game/Levels/UEDPIE_0_Level1
[2019.02.15-00.23.10:923][633]LogPlayLevel: PIE: StaticDuplicateObject took: (0.014520s)
[2019.02.15-00.23.10:924][633]LogAIModule: Creating AISystem for world Level1
[2019.02.15-00.23.10:925][633]LogPlayLevel: PIE: World Init took: (0.001177s)
[2019.02.15-00.23.10:925][633]LogPlayLevel: PIE: Created PIE world by copying editor world from /Game/Levels/Level1.Level1 to /Game/Levels/UEDPIE_0_Level1.Level1 (0.016290s)
[2019.02.15-00.23.11:052][633]LogInit: XAudio2 using 'Headset Earphone (HyperX 7.1 Audio)' : 2 channels at 48 kHz using 16 bits per sample (channel mask 0x3)
[2019.02.15-00.23.11:063][633]LogInit: FAudioDevice initialized.
[2019.02.15-00.23.11:100][633]LogLoad: Game class is 'MyCastleforceGameMode_C'
[2019.02.15-00.23.11:102][633]LogWorld: Bringing World /Game/Levels/UEDPIE_0_Level1.Level1 up for play (max tick rate 0) at 2019.02.15-00.23.11
[2019.02.15-00.23.11:102][633]LogWorld: Bringing up level for play took: 0.000999
[2019.02.15-00.23.11:126][633]PIE: Play in editor start time for /Game/Levels/UEDPIE_0_Level1 0.933
[2019.02.15-00.23.11:127][633]LogBlueprintUserMessages: Late PlayInEditor Detection: Level '/Game/Levels/Level1.Level1:PersistentLevel' has LevelScriptBlueprint '/Game/Levels/Level1.Level1:PersistentLevel.Level1' with GeneratedClass '/Game/Levels/Level1.Level1_C' with ClassGeneratedBy '/Game/Levels/Level1.Level1:PersistentLevel.Level1'
[2019.02.15-00.23.11:753][703]LogSpawn: Warning: SpawnActor failed because the given transform (9074920374918971392.000000,0.000000,166.781250|-90.000000,0.000000,-nan(ind)|1.000000,1.000000,1.000000) is invalid
[2019.02.15-00.23.12:222][759]LogSpawn: Warning: SpawnActor failed because the given transform (9075835168593281024.000000,0.000000,166.781250|-90.000000,0.000000,-0.000000|1.000000,1.000000,1.000000) is invalid
[2019.02.15-00.23.13:724][939]LogSlate: FSceneViewport::OnFocusLost() reason 0
[2019.02.15-00.23.13:850][954]LogBlueprintUserMessages: Early EndPlayMap Detection: Level '/Game/Levels/Level1.Level1:PersistentLevel' has LevelScriptBlueprint '/Game/Levels/Level1.Level1:PersistentLevel.Level1' with GeneratedClass '/Game/Levels/Level1.Level1_C' with ClassGeneratedBy '/Game/Levels/Level1.Level1:PersistentLevel.Level1'
[2019.02.15-00.23.13:851][954]LogSlate: Updating window title bar state: overlay mode, drag disabled, window buttons hidden, title bar hidden
[2019.02.15-00.23.13:890][954]LogPlayLevel: Display: Shutting down PIE online subsystems
[2019.02.15-00.23.13:891][954]LogBlueprintUserMessages: Late EndPlayMap Detection: Level '/Game/Levels/Level1.Level1:PersistentLevel' has LevelScriptBlueprint '/Game/Levels/Level1.Level1:PersistentLevel.Level1' with GeneratedClass '/Game/Levels/Level1.Level1_C' with ClassGeneratedBy '/Game/Levels/Level1.Level1:PersistentLevel.Level1'
[2019.02.15-00.23.14:017][954]LogSlate: Updating window title bar state: overlay mode, drag disabled, window buttons hidden, title bar hidden
[2019.02.15-00.23.14:037][955]LogPlayLevel: Display: Destroying online subsystem :Context_3
[2019.02.15-00.23.22:397][895]LogTemp: Repeating last play command: Selected Viewport
[2019.02.15-00.23.22:424][895]LogBlueprintUserMessages: Early PlayInEditor Detection: Level '/Game/Levels/Level1.Level1:PersistentLevel' has LevelScriptBlueprint '/Game/Levels/Level1.Level1:PersistentLevel.Level1' with GeneratedClass '/Game/Levels/Level1.Level1_C' with ClassGeneratedBy '/Game/Levels/Level1.Level1:PersistentLevel.Level1'
[2019.02.15-00.23.22:425][895]LogPlayLevel: PlayLevel: No blueprints needed recompiling
[2019.02.15-00.23.22:425][895]PIE: New page: PIE session: Level1 (15 Feb 2019 00:23:22)
[2019.02.15-00.23.22:425][895]LogPlayLevel: Creating play world package: /Game/Levels/UEDPIE_0_Level1
[2019.02.15-00.23.22:440][895]LogPlayLevel: PIE: StaticDuplicateObject took: (0.014407s)
[2019.02.15-00.23.22:441][895]LogAIModule: Creating AISystem for world Level1
[2019.02.15-00.23.22:442][895]LogPlayLevel: PIE: World Init took: (0.001305s)
[2019.02.15-00.23.22:442][895]LogPlayLevel: PIE: Created PIE world by copying editor world from /Game/Levels/Level1.Level1 to /Game/Levels/UEDPIE_0_Level1.Level1 (0.016417s)
[2019.02.15-00.23.22:612][895]LogInit: XAudio2 using 'Headset Earphone (HyperX 7.1 Audio)' : 2 channels at 48 kHz using 16 bits per sample (channel mask 0x3)
[2019.02.15-00.23.22:624][895]LogInit: FAudioDevice initialized.
[2019.02.15-00.23.22:662][895]LogLoad: Game class is 'MyCastleforceGameMode_C'
[2019.02.15-00.23.22:663][895]LogWorld: Bringing World /Game/Levels/UEDPIE_0_Level1.Level1 up for play (max tick rate 0) at 2019.02.15-00.23.22
[2019.02.15-00.23.22:664][895]LogWorld: Bringing up level for play took: 0.001008
[2019.02.15-00.23.22:691][895]PIE: Play in editor start time for /Game/Levels/UEDPIE_0_Level1 0.498
[2019.02.15-00.23.22:691][895]LogBlueprintUserMessages: Late PlayInEditor Detection: Level '/Game/Levels/Level1.Level1:PersistentLevel' has LevelScriptBlueprint '/Game/Levels/Level1.Level1:PersistentLevel.Level1' with GeneratedClass '/Game/Levels/Level1.Level1_C' with ClassGeneratedBy '/Game/Levels/Level1.Level1:PersistentLevel.Level1'
[2019.02.15-00.23.30:937][781]LogActor: Warning: CastleforceKnight_C /Game/Levels/UEDPIE_0_Level1.Level1:PersistentLevel.CastleforceKnight_C_0 has natively added scene component(s), but none of them were set as the actor's RootComponent - picking one arbitrarily
