Log file open, 02/15/19 00:05:29
LogWindows: Failed to load 'aqProf.dll' (GetLastError=126)
LogWindows: File 'aqProf.dll' does not exist
LogWindows: Failed to load 'VSPerf140.dll' (GetLastError=126)
LogWindows: File 'VSPerf140.dll' does not exist
LogWindows: Failed to load 'VtuneApi.dll' (GetLastError=126)
LogWindows: File 'VtuneApi.dll' does not exist
LogWindows: Failed to load 'VtuneApi32e.dll' (GetLastError=126)
LogWindows: File 'VtuneApi32e.dll' does not exist
LogInit: Display: Running engine for game: Castleforce
LogPlatformFile: Not using cached read wrapper
LogTaskGraph: Started task graph with 5 named threads and 23 total threads with 3 sets of task threads.
LogStats: Stats thread started at 0.318177
LogD3D11RHI: Loaded GFSDK_Aftermath_Lib.x64.dll
LogICUInternationalization: Display: ICU TimeZone Detection - Raw Offset: +0:00, Platform Override: ''
LogPluginManager: Mounting plugin Paper2D
LogPluginManager: Mounting plugin AISupport
LogPluginManager: Mounting plugin LightPropagationVolume
LogPluginManager: Mounting plugin CLionSourceCodeAccess
LogPluginManager: Mounting plugin CodeLiteSourceCodeAccess
LogPluginManager: Mounting plugin GitSourceControl
LogPluginManager: Mounting plugin KDevelopSourceCodeAccess
LogPluginManager: Mounting plugin NullSourceCodeAccess
LogPluginManager: Mounting plugin PerforceSourceControl
LogPluginManager: Mounting plugin SubversionSourceControl
LogPluginManager: Mounting plugin UObjectPlugin
LogPluginManager: Mounting plugin VisualStudioCodeSourceCodeAccess
LogPluginManager: Mounting plugin VisualStudioSourceCodeAccess
LogPluginManager: Mounting plugin XCodeSourceCodeAccess
LogPluginManager: Mounting plugin AssetManagerEditor
LogPluginManager: Mounting plugin CryptoKeys
LogPluginManager: Mounting plugin DataValidation
LogPluginManager: Mounting plugin FacialAnimation
LogPluginManager: Mounting plugin GameplayTagsEditor
LogPluginManager: Mounting plugin MacGraphicsSwitching
LogPluginManager: Mounting plugin MeshEditor
LogPluginManager: Mounting plugin MobileLauncherProfileWizard
LogPluginManager: Mounting plugin PluginBrowser
LogPluginManager: Mounting plugin SpeedTreeImporter
LogPluginManager: Mounting plugin DatasmithContent
LogPluginManager: Mounting plugin AlembicImporter
LogPluginManager: Mounting plugin AppleImageUtils
LogPluginManager: Mounting plugin AppleVision
LogPluginManager: Mounting plugin BackChannel
LogPluginManager: Mounting plugin CharacterAI
LogPluginManager: Mounting plugin GeometryCache
LogPluginManager: Mounting plugin HTML5Networking
LogPluginManager: Mounting plugin ProxyLODPlugin
LogPluginManager: Mounting plugin MagicLeap
LogPluginManager: Mounting plugin MagicLeapEmulator
LogPluginManager: Mounting plugin MagicLeapMedia
LogPluginManager: Mounting plugin AndroidMedia
LogPluginManager: Mounting plugin AvfMedia
LogPluginManager: Mounting plugin ImgMedia
LogPluginManager: Mounting plugin LinearTimecode
LogPluginManager: Mounting plugin MediaCompositing
LogPluginManager: Mounting plugin MediaPlayerEditor
LogPluginManager: Mounting plugin WmfMedia
LogPluginManager: Mounting plugin TcpMessaging
LogPluginManager: Mounting plugin UdpMessaging
LogPluginManager: Mounting plugin ActorSequence
LogPluginManager: Mounting plugin LevelSequenceEditor
LogPluginManager: Mounting plugin MatineeToLevelSequence
LogPluginManager: Mounting plugin NetcodeUnitTest
LogPluginManager: Mounting plugin NUTUnrealEngine4
LogPluginManager: Mounting plugin OnlineSubsystemGooglePlay
LogPluginManager: Mounting plugin OnlineSubsystemIOS
LogPluginManager: Mounting plugin OnlineSubsystem
LogPluginManager: Mounting plugin OnlineSubsystemNull
LogPluginManager: Mounting plugin OnlineSubsystemUtils
LogPluginManager: Mounting plugin LauncherChunkInstaller
LogPluginManager: Mounting plugin AndroidDeviceProfileSelector
LogPluginManager: Mounting plugin AndroidMoviePlayer
LogPluginManager: Mounting plugin AndroidPermission
LogPluginManager: Mounting plugin AppleMoviePlayer
LogPluginManager: Mounting plugin ArchVisCharacter
LogPluginManager: Mounting plugin AudioCapture
LogPluginManager: Mounting plugin CableComponent
LogPluginManager: Mounting plugin CustomMeshComponent
LogPluginManager: Mounting plugin EditableMesh
LogPluginManager: Mounting plugin ExampleDeviceProfileSelector
LogPluginManager: Mounting plugin GoogleCloudMessaging
LogPluginManager: Mounting plugin ImmediatePhysics
LogPluginManager: Mounting plugin IOSDeviceProfileSelector
LogPluginManager: Mounting plugin LinuxDeviceProfileSelector
LogPluginManager: Mounting plugin LocationServicesBPLibrary
LogPluginManager: Mounting plugin MobilePatchingUtils
LogPluginManager: Mounting plugin OculusVR
LogPluginManager: Plugin shader directory ../../../Engine/Plugins/Runtime/Oculus/OculusVR/Shaders found
LogPluginManager: Mapping shader source directory ../../../Engine/Plugins/Runtime/Oculus/OculusVR/Shaders to virtual directory /Plugin/OculusVR
LogPluginManager: Mounting plugin PhysXVehicles
LogPluginManager: Mounting plugin ProceduralMeshComponent
LogPluginManager: Mounting plugin RuntimePhysXCooking
LogPluginManager: Mounting plugin SteamVR
LogPluginManager: Mounting plugin WindowsMoviePlayer
LogStreaming: Display: Took  0.202s to configure plugins.
LogInit: Using libcurl 7.55.1-DEV
LogInit:  - built for x86_64-pc-win32
LogInit:  - supports SSL with OpenSSL/1.0.2h
LogInit:  - supports HTTP deflate (compression) using libz 1.2.8
LogInit:  - other features:
LogInit:      CURL_VERSION_SSL
LogInit:      CURL_VERSION_LIBZ
LogInit:      CURL_VERSION_IPV6
LogInit:      CURL_VERSION_ASYNCHDNS
LogInit:      CURL_VERSION_LARGEFILE
LogInit:      CURL_VERSION_IDN
LogInit:  CurlRequestOptions (configurable via config and command line):
LogInit:  - bVerifyPeer = false  - Libcurl will NOT verify peer certificate
LogInit:  - bUseHttpProxy = false  - Libcurl will NOT use HTTP proxy
LogInit:  - bDontReuseConnections = false  - Libcurl will reuse connections
LogInit:  - CertBundlePath = nullptr  - Libcurl will use whatever was configured at build time.
LogInit:  - MaxHostConnections = 16  - Libcurl will limit the number of connections to a host
LogInit:  - LocalHostAddr = Default
LogInit:  - BufferSize = 65536
LogInit: WinSock: version 1.1 (2.2), MaxSocks=32767, MaxUdp=65467
LogInit: Build: ++UE4+Release-4.20-CL-4369336
LogInit: Engine Version: 4.20.3-4369336+++UE4+Release-4.20
LogInit: Compatible Engine Version: 4.20.0-4212847+++UE4+Release-4.20
LogInit: Net CL: 4212847
LogInit: OS: Windows 10 (), CPU: AMD FX(tm)-8350 Eight-Core Processor           , GPU: NVIDIA GeForce GTX 1070 Ti
LogInit: Compiled (64-bit): Sep 17 2018 12:26:19
LogInit: Compiled with Visual C++: 19.13.26129.00
LogInit: Build Configuration: Development
LogInit: Branch Name: ++UE4+Release-4.20
LogInit: Command Line: 
LogInit: Base Directory: D:/Unreal/Engine/UE_4.20/Engine/Binaries/Win64/
LogInit: Installed Engine Build: 1
LogDevObjectVersion: Number of dev versions registered: 20
LogDevObjectVersion:   Dev-Blueprints (B0D832E4-1F89-4F0D-ACCF-7EB736FD4AA2): 10
LogDevObjectVersion:   Dev-Build (E1C64328-A22C-4D53-A36C-8E866417BD8C): 0
LogDevObjectVersion:   Dev-Core (375EC13C-06E4-48FB-B500-84F0262A717E): 2
LogDevObjectVersion:   Dev-Editor (E4B068ED-F494-42E9-A231-DA0B2E46BB41): 24
LogDevObjectVersion:   Dev-Framework (CFFC743F-43B0-4480-9391-14DF171D2073): 34
LogDevObjectVersion:   Dev-Mobile (B02B49B5-BB20-44E9-A304-32B752E40360): 2
LogDevObjectVersion:   Dev-Networking (A4E4105C-59A1-49B5-A7C5-40C4547EDFEE): 0
LogDevObjectVersion:   Dev-Online (39C831C9-5AE6-47DC-9A44-9C173E1C8E7C): 0
LogDevObjectVersion:   Dev-Physics (78F01B33-EBEA-4F98-B9B4-84EACCB95AA2): 0
LogDevObjectVersion:   Dev-Platform (6631380F-2D4D-43E0-8009-CF276956A95A): 0
LogDevObjectVersion:   Dev-Rendering (12F88B9F-8875-4AFC-A67C-D90C383ABD29): 26
LogDevObjectVersion:   Dev-Sequencer (7B5AE74C-D270-4C10-A958-57980B212A5A): 9
LogDevObjectVersion:   Dev-VR (D7296918-1DD6-4BDD-9DE2-64A83CC13884): 2
LogDevObjectVersion:   Dev-LoadTimes (C2A15278-BFE7-4AFE-6C17-90FF531DF755): 1
LogDevObjectVersion:   Private-Geometry (6EACA3D4-40EC-4CC1-B786-8BED09428FC5): 3
LogDevObjectVersion:   Dev-AnimPhys (29E575DD-E0A3-4627-9D10-D276232CDCEA): 17
LogDevObjectVersion:   Dev-ReflectionCapture (6B266CEC-1EC7-4B8F-A30B-E4D90942FC07): 1
LogDevObjectVersion:   Dev-Automation (0DF73D61-A23F-47EA-B727-89E90C41499A): 1
LogDevObjectVersion:   FortniteMain (601D1886-AC64-4F84-AA16-D3DE0DEAC7D6): 12
LogDevObjectVersion:   Dev-Enterprise (9DFFBCD6-494F-0158-E221-12823C92A888): 1
LogStreaming: Display: Took  0.004s to delete old logs.
LogInit: Presizing for max 8388607 objects, including 0 objects not considered by GC, pre-allocating 0 bytes for permanent pool.
LogInit: Object subsystem initialized
[2019.02.15-00.05.29:766][  0]LogInit: Selected Device Profile: [Windows]
[2019.02.15-00.05.29:766][  0]LogInit: Applying CVar settings loaded from the selected device profile: [Windows]
[2019.02.15-00.05.29:786][  0]LogHAL: Display: Platform has ~ 8 GB [8484548608 / 8589934592 / 8], which maps to Default [LargestMinGB=32, LargerMinGB=12, DefaultMinGB=8, SmallerMinGB=6, SmallestMinGB=0)
[2019.02.15-00.05.29:787][  0]LogInit: Setting Device Profile CVar: [[r.Vulkan.UseRealUBs:1]]
[2019.02.15-00.05.29:787][  0]LogInit: Going up to parent DeviceProfile []
[2019.02.15-00.05.29:787][  0]LogInit: Computer: DESKTOP-TLUBEOD
[2019.02.15-00.05.29:787][  0]LogInit: User: rh27u
[2019.02.15-00.05.29:787][  0]LogInit: CPU Page size=4096, Cores=4
[2019.02.15-00.05.29:787][  0]LogInit: High frequency timer resolution =3.919334 MHz
[2019.02.15-00.05.29:787][  0]LogMemory: Memory total: Physical=7.9GB (8GB approx)
[2019.02.15-00.05.29:787][  0]LogMemory: Platform Memory Stats for Windows
[2019.02.15-00.05.29:787][  0]LogMemory: Process Physical Memory: 100.19 MB used, 100.19 MB peak
[2019.02.15-00.05.29:787][  0]LogMemory: Process Virtual Memory: 87.48 MB used, 87.48 MB peak
[2019.02.15-00.05.29:788][  0]LogMemory: Physical Memory: 4463.44 MB used,  3628.06 MB free, 8091.50 MB total
[2019.02.15-00.05.29:788][  0]LogMemory: Virtual Memory: 4641.60 MB used,  3628.06 MB free, 134217728.00 MB total
[2019.02.15-00.05.29:814][  0]LogInit: Using OS detected language (en-US).
[2019.02.15-00.05.29:814][  0]LogInit: Using OS detected locale (en-GB).
[2019.02.15-00.05.29:816][  0]LogTextLocalizationManager: No specific localization for 'en-US' exists, so the 'en' localization will be used.
[2019.02.15-00.05.30:273][  0]LogStreaming: Display: Took  0.459s to InitEngineTextLocalization.
[2019.02.15-00.05.30:273][  0]LogInit: Setting process to per monitor DPI aware
[2019.02.15-00.05.30:355][  0]LogSlate: New Slate User Created.  User Index 0, Is Virtual User: 0
[2019.02.15-00.05.30:355][  0]LogSlate: Slate User Registered.  User Index 0, Is Virtual User: 0
[2019.02.15-00.05.30:779][  0]LogHMD: Failed to initialize OpenVR with code 110
[2019.02.15-00.05.30:779][  0]LogD3D11RHI: D3D11 adapters:
[2019.02.15-00.05.30:868][  0]LogD3D11RHI:    0. 'NVIDIA GeForce GTX 1070 Ti' (Feature Level 11_0)
[2019.02.15-00.05.30:868][  0]LogD3D11RHI:       8080/0/4045 MB DedicatedVideo/DedicatedSystem/SharedSystem, Outputs:3, VendorId:0x10de
[2019.02.15-00.05.30:870][  0]LogD3D11RHI:    1. 'Microsoft Basic Render Driver' (Feature Level 11_0)
[2019.02.15-00.05.30:870][  0]LogD3D11RHI:       0/0/4045 MB DedicatedVideo/DedicatedSystem/SharedSystem, Outputs:0, VendorId:0x1414
[2019.02.15-00.05.30:870][  0]LogD3D11RHI: Chosen D3D11 Adapter: 0
[2019.02.15-00.05.30:882][  0]LogD3D11RHI: Creating new Direct3DDevice
[2019.02.15-00.05.30:882][  0]LogD3D11RHI:     GPU DeviceId: 0x1b82 (for the marketing name, search the web for "GPU Device Id")
[2019.02.15-00.05.30:882][  0]LogWindows: EnumDisplayDevices:
[2019.02.15-00.05.30:882][  0]LogWindows:    0. 'NVIDIA GeForce GTX 1070 Ti' (P:0 D:1)
[2019.02.15-00.05.30:882][  0]LogWindows:    1. 'NVIDIA GeForce GTX 1070 Ti' (P:1 D:1)
[2019.02.15-00.05.30:883][  0]LogWindows:    2. 'NVIDIA GeForce GTX 1070 Ti' (P:0 D:1)
[2019.02.15-00.05.30:883][  0]LogWindows:    3. 'NVIDIA GeForce GTX 1070 Ti' (P:0 D:0)
[2019.02.15-00.05.30:883][  0]LogWindows: DebugString: FoundDriverCount:4 
[2019.02.15-00.05.30:883][  0]LogD3D11RHI:     Adapter Name: NVIDIA GeForce GTX 1070 Ti
[2019.02.15-00.05.30:883][  0]LogD3D11RHI:   Driver Version: 417.35 (internal:25.21.14.1735, unified:417.35)
[2019.02.15-00.05.30:883][  0]LogD3D11RHI:      Driver Date: 12-11-2018
[2019.02.15-00.05.30:883][  0]LogRHI: Texture pool is 5656 MB (70% of 8080 MB)
[2019.02.15-00.05.30:945][  0]LogD3D11RHI: Async texture creation enabled
[2019.02.15-00.05.30:968][  0]LogD3D11RHI: GPU Timing Frequency: 1000.000000 (Debug: 2 2)
[2019.02.15-00.05.31:069][  0]LogShaderCompilers: Guid format shader working directory is -31 characters bigger than the processId version (../../../../../../Shitty UE4 Games I Make/Castleforce/castleforce/Castleforce/Intermediate/Shaders/WorkingDirectory/8088/).
[2019.02.15-00.05.31:070][  0]LogShaderCompilers: Cleaned the shader compiler working directory 'C:/Users/rh27u/AppData/Local/Temp/UnrealShaderWorkingDir/4E50347143AE662883CEDE8DBA46B087/'.
[2019.02.15-00.05.31:412][  0]LogTemp: Display: Loaded TP AllDesktopTargetPlatform
[2019.02.15-00.05.31:431][  0]LogTemp: Display: Loaded TP MacClientTargetPlatform
[2019.02.15-00.05.31:451][  0]LogTemp: Display: Loaded TP MacNoEditorTargetPlatform
[2019.02.15-00.05.31:471][  0]LogTemp: Display: Loaded TP MacServerTargetPlatform
[2019.02.15-00.05.31:490][  0]LogTemp: Display: Loaded TP MacTargetPlatform
[2019.02.15-00.05.31:510][  0]LogTemp: Display: Loaded TP WindowsClientTargetPlatform
[2019.02.15-00.05.31:530][  0]LogTemp: Display: Loaded TP WindowsNoEditorTargetPlatform
[2019.02.15-00.05.31:550][  0]LogTemp: Display: Loaded TP WindowsServerTargetPlatform
[2019.02.15-00.05.31:559][  0]LogTemp: Display: Loaded TP WindowsTargetPlatform
[2019.02.15-00.05.31:679][  0]LogTemp: Display: Loaded TP AndroidTargetPlatform
[2019.02.15-00.05.31:679][  0]LogTemp: Display: Loaded TP AndroidTargetPlatform
[2019.02.15-00.05.31:679][  0]LogTemp: Display: Loaded TP AndroidTargetPlatform
[2019.02.15-00.05.31:679][  0]LogTemp: Display: Loaded TP AndroidTargetPlatform
[2019.02.15-00.05.31:679][  0]LogTemp: Display: Loaded TP AndroidTargetPlatform
[2019.02.15-00.05.31:679][  0]LogTemp: Display: Loaded TP AndroidTargetPlatform
[2019.02.15-00.05.31:679][  0]LogTemp: Display: Loaded TP AndroidTargetPlatform
[2019.02.15-00.05.31:679][  0]LogTemp: Display: Loaded TP AndroidTargetPlatform
[2019.02.15-00.05.31:679][  0]LogTemp: Display: Loaded TP AndroidTargetPlatform
[2019.02.15-00.05.31:679][  0]LogTemp: Display: Loaded TP AndroidTargetPlatform
[2019.02.15-00.05.31:679][  0]LogTemp: Display: Loaded TP AndroidTargetPlatform
[2019.02.15-00.05.31:679][  0]LogTemp: Display: Loaded TP AndroidTargetPlatform
[2019.02.15-00.05.31:679][  0]LogTemp: Display: Loaded TP AndroidTargetPlatform
[2019.02.15-00.05.31:679][  0]LogTemp: Display: Loaded TP AndroidTargetPlatform
[2019.02.15-00.05.31:679][  0]LogTemp: Display: Loaded TP AndroidTargetPlatform
[2019.02.15-00.05.31:679][  0]LogTemp: Display: Loaded TP AndroidTargetPlatform
[2019.02.15-00.05.31:679][  0]LogTemp: Display: Loaded TP AndroidTargetPlatform
[2019.02.15-00.05.31:679][  0]LogTemp: Display: Loaded TP AndroidTargetPlatform
[2019.02.15-00.05.31:681][  0]LogTemp: Display: Loaded TP HTML5TargetPlatform
[2019.02.15-00.05.31:756][  0]LogTemp: Display: Loaded TP IOSTargetPlatform
[2019.02.15-00.05.31:756][  0]LogTemp: Display: Loaded TP IOSTargetPlatform
[2019.02.15-00.05.31:793][  0]LogTemp: Display: Loaded TP TVOSTargetPlatform
[2019.02.15-00.05.31:793][  0]LogTemp: Display: Loaded TP TVOSTargetPlatform
[2019.02.15-00.05.31:812][  0]LogTemp: Display: Loaded TP LinuxClientTargetPlatform
[2019.02.15-00.05.31:831][  0]LogTemp: Display: Loaded TP LinuxNoEditorTargetPlatform
[2019.02.15-00.05.31:851][  0]LogTemp: Display: Loaded TP LinuxServerTargetPlatform
[2019.02.15-00.05.31:872][  0]LogTemp: Display: Loaded TP LinuxTargetPlatform
[2019.02.15-00.05.31:885][  0]LogTemp: Display: Loaded TP LuminTargetPlatform
[2019.02.15-00.05.31:886][  0]LogTargetPlatformManager: Display: Building Assets For Windows
[2019.02.15-00.05.31:957][  0]LogXGEController: Cleaning working directory: C:/Users/rh27u/AppData/Local/Temp/UnrealXGEWorkingDir/
[2019.02.15-00.05.31:957][  0]LogXGEController: Cannot use XGE Controller as Incredibuild is not installed on this machine.
[2019.02.15-00.05.31:957][  0]LogShaderCompilers: Cannot use XGE Shader Compiler as Incredibuild is not installed on this machine.
[2019.02.15-00.05.31:957][  0]LogShaderCompilers: Display: Using Local Shader Compiler.
[2019.02.15-00.05.32:958][  0]LogDerivedDataCache: Display: Max Cache Size: 512 MB
[2019.02.15-00.05.33:043][  0]LogDerivedDataCache: Loaded boot cache 0.08s 71MB C:/Users/rh27u/AppData/Local/UnrealEngine/4.20/DerivedDataCache/Boot.ddc.
[2019.02.15-00.05.33:044][  0]LogDerivedDataCache: Display: Loaded Boot cache: C:/Users/rh27u/AppData/Local/UnrealEngine/4.20/DerivedDataCache/Boot.ddc
[2019.02.15-00.05.33:044][  0]LogDerivedDataCache: FDerivedDataBackendGraph:  Pak pak cache file ../../../../../../Shitty UE4 Games I Make/Castleforce/castleforce/Castleforce/DerivedDataCache/DDC.ddp not found, will not use a pak cache.
[2019.02.15-00.05.33:044][  0]LogDerivedDataCache: Unable to find inner node Pak for hierarchical cache Hierarchy.
[2019.02.15-00.05.33:044][  0]LogDerivedDataCache: FDerivedDataBackendGraph:  CompressedPak pak cache file ../../../../../../Shitty UE4 Games I Make/Castleforce/castleforce/Castleforce/DerivedDataCache/Compressed.ddp not found, will not use a pak cache.
[2019.02.15-00.05.33:044][  0]LogDerivedDataCache: Unable to find inner node CompressedPak for hierarchical cache Hierarchy.
[2019.02.15-00.05.33:059][  0]LogDerivedDataCache: Display: Pak cache opened for reading ../../../Engine/DerivedDataCache/Compressed.ddp.
[2019.02.15-00.05.33:072][  0]LogDerivedDataCache: Using Local data cache path C:/Users/rh27u/AppData/Local/UnrealEngine/Common/DerivedDataCache: Writable
[2019.02.15-00.05.33:072][  0]LogDerivedDataCache: Shared data cache path not found in *engine.ini, will not use an Shared cache.
[2019.02.15-00.05.33:072][  0]LogDerivedDataCache: Unable to find inner node Shared for hierarchical cache Hierarchy.
[2019.02.15-00.05.33:099][  0]LogMaterial: Verifying Global Shaders for PCD3D_SM5
[2019.02.15-00.05.33:101][  0]LogSlate: Using FreeType 2.6.0
[2019.02.15-00.05.33:102][  0]LogSlate: SlateFontServices - WITH_FREETYPE: 1, WITH_HARFBUZZ: 1
[2019.02.15-00.05.33:202][  0]LogAssetRegistry: FAssetRegistry took 0.0284 seconds to start up
[2019.02.15-00.05.33:710][  0]LogInit: Selected Device Profile: [Windows]
[2019.02.15-00.05.33:872][  0]LogSimplygon: Simplygon DLL not present - disabling.
[2019.02.15-00.05.33:876][  0]LogMeshReduction: Using SimplygonSwarm for distributed automatic mesh merging
[2019.02.15-00.05.33:876][  0]LogMeshReduction: Using ProxyLODMeshReduction for automatic mesh merging
[2019.02.15-00.05.33:876][  0]LogMeshReduction: Using QuadricMeshReduction for automatic static mesh reduction
[2019.02.15-00.05.33:876][  0]LogMeshReduction: No automatic skeletal mesh reduction module available
[2019.02.15-00.05.33:933][  0]LogNetVersion: Castleforce 1.0.0, NetCL: 4212847, EngineNetVer: 5, GameNetVer: 0 (Checksum: 2622368503)
[2019.02.15-00.05.34:702][  0]LogPackageLocalizationCache: Processed 11 localized package path(s) for 2 prioritized culture(s) in 0.176573 seconds
[2019.02.15-00.05.34:711][  0]LogUObjectArray: 38425 objects as part of root set at end of initial load.
[2019.02.15-00.05.34:711][  0]LogUObjectAllocator: 6690872 out of 0 bytes used by permanent object pool.
[2019.02.15-00.05.34:711][  0]LogUObjectArray: CloseDisregardForGC: 0/0 objects in disregard for GC pool
[2019.02.15-00.05.35:881][  0]LogTcpMessaging: Initializing TcpMessaging bridge
[2019.02.15-00.05.35:896][  0]LogUdpMessaging: Initializing bridge on interface 0.0.0.0:0 to multicast group 230.0.0.1:6666.
[2019.02.15-00.05.36:109][  0]SourceControl: Source control is disabled
[2019.02.15-00.05.36:110][  0]SourceControl: Source control is disabled
[2019.02.15-00.05.36:112][  0]SourceControl: Source control is disabled
[2019.02.15-00.05.36:113][  0]SourceControl: Source control is disabled
[2019.02.15-00.05.36:313][  0]LogAndroidPermission: UAndroidPermissionCallbackProxy::GetInstance
[2019.02.15-00.05.36:423][  0]LogOcInput: OculusInput pre-init called
[2019.02.15-00.05.36:497][  0]LogEngine: Initializing Engine...
[2019.02.15-00.05.36:498][  0]LogHMD: Failed to initialize OpenVR with code 110
[2019.02.15-00.05.36:500][  0]LogStats: UGameplayTagsManager::ConstructGameplayTagTree: ImportINI prefixes -  0.000 s
[2019.02.15-00.05.36:500][  0]LogStats: UGameplayTagsManager::ConstructGameplayTagTree: Construct from data asset -  0.000 s
[2019.02.15-00.05.36:500][  0]LogStats: UGameplayTagsManager::ConstructGameplayTagTree: ImportINI -  0.000 s
[2019.02.15-00.05.36:500][  0]LogStats: UGameplayTagsManager::ConstructGameplayTagTree: GameplayTagTreeChangedEvent.Broadcast -  0.000 s
[2019.02.15-00.05.36:772][  0]LogInit: Initializing FReadOnlyCVARCache
[2019.02.15-00.05.36:786][  0]LogAIModule: Creating AISystem for world Untitled
[2019.02.15-00.05.36:928][  0]LogInit: XAudio2 using 'Headset Earphone (HyperX 7.1 Audio)' : 2 channels at 48 kHz using 16 bits per sample (channel mask 0x3)
[2019.02.15-00.05.36:943][  0]LogInit: FAudioDevice initialized.
[2019.02.15-00.05.36:944][  0]LogNetVersion: Set ProjectVersion to 1.0.0.0. Version Checksum will be recalculated on next use.
[2019.02.15-00.05.37:142][  0]LogDerivedDataCache: Saved boot cache 0.20s 71MB C:/Users/rh27u/AppData/Local/UnrealEngine/4.20/DerivedDataCache/Boot.ddc.
[2019.02.15-00.05.37:155][  0]LogInit: Texture streaming: Enabled
[2019.02.15-00.05.37:181][  0]LogEngineSessionManager: EngineSessionManager initialized
[2019.02.15-00.05.37:181][  0]LogEngineSessionManager: EngineSessionManager sent abnormal shutdown report. Type=Crashed, SessionId={939B95E3-4B9C-CD76-66A0-95A418D1316B}
[2019.02.15-00.05.37:181][  0]LogEngineSessionManager: EngineSessionManager sent abnormal shutdown report. Type=Debugger, SessionId={101BDFC7-4DA6-51CF-C94A-F988A483FE43}
[2019.02.15-00.05.37:200][  0]LogInit: Transaction tracking system initialized
[2019.02.15-00.05.37:229][  0]BlueprintLog: New page: Editor Load
[2019.02.15-00.05.37:320][  0]LocalizationService: Localization service is disabled
[2019.02.15-00.05.37:646][  0]LogCook: Display: Max memory allowance for cook 16384mb min free memory 0mb
[2019.02.15-00.05.37:646][  0]LogCook: Display: Mobile HDR setting 1
[2019.02.15-00.05.37:646][  0]LogGameplayTags: Display: UGameplayTagsManager::DoneAddingNativeTags. DelegateIsBound: 0
[2019.02.15-00.05.37:646][  0]LogStats: UGameplayTagsManager::ConstructGameplayTagTree: ImportINI prefixes -  0.000 s
[2019.02.15-00.05.37:646][  0]LogStats: UGameplayTagsManager::ConstructGameplayTagTree: Construct from data asset -  0.000 s
[2019.02.15-00.05.37:647][  0]LogStats: UGameplayTagsManager::ConstructGameplayTagTree: ImportINI -  0.000 s
[2019.02.15-00.05.37:647][  0]LogStats: UGameplayTagsManager::ConstructGameplayTagTree: GameplayTagTreeChangedEvent.Broadcast -  0.000 s
[2019.02.15-00.05.37:803][  0]LogFileCache: Scanning file cache for directory 'D:/Shitty UE4 Games I Make/Castleforce/castleforce/Castleforce/Content/' took 0.02s
[2019.02.15-00.05.37:815][  0]SourceControl: Source control is disabled
[2019.02.15-00.05.37:815][  0]Cmd: MAP LOAD FILE="../../../../../../Shitty UE4 Games I Make/Castleforce/castleforce/Castleforce/Content/Levels/Level1.umap" TEMPLATE=0 SHOWPROGRESS=1 FEATURELEVEL=3
[2019.02.15-00.05.37:816][  0]LightingResults: New page: Lighting Build
[2019.02.15-00.05.37:819][  0]MapCheck: New page: Map Check
[2019.02.15-00.05.37:819][  0]LightingResults: New page: Lighting Build
[2019.02.15-00.05.38:235][  0]LogAIModule: Creating AISystem for world Level1
[2019.02.15-00.05.38:242][  0]LogEditorServer: Finished looking for orphan Actors (0.000 secs)
[2019.02.15-00.05.38:338][  0]Cmd: MAP CHECKDEP NOCLEARLOG
[2019.02.15-00.05.38:427][  0]MapCheck: Map check complete: 0 Error(s), 0 Warning(s), took 88.848ms to complete.
[2019.02.15-00.05.38:427][  0]LogFileHelpers: Loading map 'Level1' took 0.612
[2019.02.15-00.05.38:643][  0]LogSlate: Updating window title bar state: overlay mode, drag disabled, window buttons hidden, title bar hidden
[2019.02.15-00.05.38:654][  0]LogSlate: Updating window title bar state: overlay mode, drag disabled, window buttons hidden, title bar hidden
[2019.02.15-00.05.38:665][  0]LogSlate: Updating window title bar state: overlay mode, drag disabled, window buttons hidden, title bar hidden
[2019.02.15-00.05.38:675][  0]LogSlate: Updating window title bar state: overlay mode, drag disabled, window buttons hidden, title bar hidden
[2019.02.15-00.05.38:683][  0]LogCollectionManager: Loaded 0 collections in 0.001709 seconds
[2019.02.15-00.05.38:758][  0]LogFileCache: Scanning file cache for directory 'D:/Shitty UE4 Games I Make/Castleforce/castleforce/Castleforce/Saved/Collections/' took 0.01s
[2019.02.15-00.05.38:758][  0]LogFileCache: Scanning file cache for directory 'D:/Shitty UE4 Games I Make/Castleforce/castleforce/Castleforce/Content/Developers/rh27u/Collections/' took 0.01s
[2019.02.15-00.05.38:758][  0]LogFileCache: Scanning file cache for directory 'D:/Shitty UE4 Games I Make/Castleforce/castleforce/Castleforce/Content/Collections/' took 0.01s
[2019.02.15-00.05.38:758][  0]LogCollectionManager: Rebuilt the GUID cache for 0 collections in 0.000000 seconds
[2019.02.15-00.05.38:775][  0]LogContentBrowser: Native class hierarchy populated in 0.0166 seconds. Added 2583 classes and 607 folders.
[2019.02.15-00.05.38:785][  0]LogContentBrowser: Native class hierarchy updated for 'WidgetCarousel' in 0.0005 seconds. Added 0 classes and 0 folders.
[2019.02.15-00.05.38:872][  0]LogContentBrowser: Native class hierarchy updated for 'AddContentDialog' in 0.0005 seconds. Added 0 classes and 0 folders.
[2019.02.15-00.05.38:892][  0]LogSlate: Took 0.000513 seconds to synchronously load lazily loaded font '../../../Engine/Content/Slate/Fonts/Roboto-Regular.ttf' (155K)
[2019.02.15-00.05.38:898][  0]LogSlate: Took 0.000432 seconds to synchronously load lazily loaded font '../../../Engine/Content/Slate/Fonts/Roboto-Bold.ttf' (160K)
[2019.02.15-00.05.38:902][  0]LogSlate: Took 0.000404 seconds to synchronously load lazily loaded font '../../../Engine/Content/Editor/Slate/Fonts/FontAwesome.ttf' (139K)
[2019.02.15-00.05.38:998][  0]LogRenderer: Reallocating scene render targets to support 1200x576 Format 10 NumSamples 1 (Frame:1).
[2019.02.15-00.05.39:080][  0]LogSlate: Took 0.000470 seconds to synchronously load lazily loaded font '../../../Engine/Content/Slate/Fonts/Roboto-Light.ttf' (167K)
[2019.02.15-00.05.39:211][  0]LogContentBrowser: Native class hierarchy updated for 'HierarchicalLODOutliner' in 0.0007 seconds. Added 0 classes and 0 folders.
[2019.02.15-00.05.39:211][  0]LogLoad: (Engine Initialization) Total time: 12.07 seconds
[2019.02.15-00.05.39:212][  0]LogLoad: (Engine Initialization) Total Blueprint compile time: 0.00 seconds
[2019.02.15-00.05.39:223][  0]LogWindowsTextInputMethodSystem: Display: IME system now deactivated.
[2019.02.15-00.05.39:261][  0]LogContentStreaming: Texture pool size now 1000 MB
[2019.02.15-00.05.39:295][  1]LogFileCache: Retrieving MD5 hashes for directory 'D:/Shitty UE4 Games I Make/Castleforce/castleforce/Castleforce/Content/' took 0.06s
[2019.02.15-00.05.39:389][  2]LogAssetRegistry: Asset discovery search completed in 6.2090 seconds
[2019.02.15-00.05.39:391][  2]LogCollectionManager: Rebuilt the object cache for 0 collections in 0.000000 seconds (found 0 objects)
[2019.02.15-00.05.39:391][  2]LogCollectionManager: Fixed up redirectors for 0 collections in 0.000068 seconds (updated 0 objects)
[2019.02.15-00.08.11:629][857]LogSlate: FSceneViewport::OnFocusLost() reason 0
[2019.02.15-00.08.11:758][859]Candidate modules for hot reload:
[2019.02.15-00.08.11:758][859]  Castleforce
[2019.02.15-00.08.11:758][859]Launching UnrealBuildTool... [D:/Unreal/Engine/UE_4.20/Engine/Binaries/DotNET/UnrealBuildTool.exe  -ModuleWithSuffix=Castleforce,3505 Win64 Development -TargetType=Editor -Project="../../../../../../Shitty UE4 Games I Make/Castleforce/castleforce/Castleforce/Castleforce.uproject" -canskiplink "D:/Shitty UE4 Games I Make/Castleforce/castleforce/Castleforce/Castleforce.uproject" ]
[2019.02.15-00.08.11:762][859]Warning: Starting HotReload took  0.1s.
[2019.02.15-00.08.26:170][577]CompilerResultsLog: New page: Compilation - 15 Feb 2019 00:08:26
[2019.02.15-00.08.26:170][577]CompilerResultsLog: Using 'git status' to determine working set for adaptive non-unity build.
[2019.02.15-00.08.26:170][577]CompilerResultsLog: Creating makefile for hot reloading CastleforceEditor (modules to compile have changed)
[2019.02.15-00.08.26:170][577]CompilerResultsLog: Compiling game modules for hot reload
[2019.02.15-00.08.26:170][577]CompilerResultsLog: Using Visual Studio 2017 14.16.27023 toolchain (C:\Program Files (x86)\Microsoft Visual Studio\2017\Community\VC\Tools\MSVC\14.16.27023) and Windows 10.0.16299.0 SDK (C:\Program Files (x86)\Windows Kits\10).
[2019.02.15-00.08.26:171][577]CompilerResultsLog: Building 3 actions with 8 processes...
[2019.02.15-00.08.26:171][577]CompilerResultsLog:   [1/3] CastleforceHexGrid.cpp
[2019.02.15-00.08.26:171][577]CompilerResultsLog:   [2/3] UE4Editor-Castleforce-3505.lib
[2019.02.15-00.08.26:171][577]CompilerResultsLog:      Creating library D:\Shitty UE4 Games I Make\Castleforce\castleforce\Castleforce\Intermediate\Build\Win64\UE4Editor\Development\Castleforce\UE4Editor-Castleforce-3505.lib and object D:\Shitty UE4 Games I Make\Castleforce\castleforce\Castleforce\Intermediate\Build\Win64\UE4Editor\Development\Castleforce\UE4Editor-Castleforce-3505.exp
[2019.02.15-00.08.26:171][577]CompilerResultsLog:   [3/3] UE4Editor-Castleforce-3505.dll
[2019.02.15-00.08.26:171][577]CompilerResultsLog:      Creating library D:\Shitty UE4 Games I Make\Castleforce\castleforce\Castleforce\Intermediate\Build\Win64\UE4Editor\Development\Castleforce\UE4Editor-Castleforce-3505.suppressed.lib and object D:\Shitty UE4 Games I Make\Castleforce\castleforce\Castleforce\Intermediate\Build\Win64\UE4Editor\Development\Castleforce\UE4Editor-Castleforce-3505.suppressed.exp
[2019.02.15-00.08.26:171][577]CompilerResultsLog: Total build time: 14.05 seconds (Parallel executor: 5.75 seconds)
[2019.02.15-00.08.26:171][577]LogMainFrame: MainFrame: Module compiling took 14.447 seconds
[2019.02.15-00.08.26:323][577]LogContentBrowser: Native class hierarchy updated for 'Castleforce' in 0.0006 seconds. Added 10 classes and 2 folders.
[2019.02.15-00.08.26:327][577]Display: HotReload successful (2 functions remapped  0 scriptstructs remapped)
[2019.02.15-00.08.26:577][577]LogContentBrowser: Native class hierarchy populated in 0.0171 seconds. Added 2583 classes and 607 folders.
[2019.02.15-00.08.26:577][577]Display: HotReload took 14.9s.
[2019.02.15-00.08.29:185][887]LogTemp: Repeating last play command: Selected Viewport
[2019.02.15-00.08.29:214][887]LogBlueprintUserMessages: Early PlayInEditor Detection: Level '/Game/Levels/Level1.Level1:PersistentLevel' has LevelScriptBlueprint '/Game/Levels/Level1.Level1:PersistentLevel.Level1' with GeneratedClass '/Game/Levels/Level1.Level1_C' with ClassGeneratedBy '/Game/Levels/Level1.Level1:PersistentLevel.Level1'
[2019.02.15-00.08.29:214][887]LogPlayLevel: PlayLevel: No blueprints needed recompiling
[2019.02.15-00.08.29:227][887]PIE: New page: PIE session: Level1 (15 Feb 2019 00:08:29)
[2019.02.15-00.08.29:227][887]LogPlayLevel: Creating play world package: /Game/Levels/UEDPIE_0_Level1
[2019.02.15-00.08.29:260][887]LogPlayLevel: PIE: StaticDuplicateObject took: (0.033027s)
[2019.02.15-00.08.29:261][887]LogAIModule: Creating AISystem for world Level1
[2019.02.15-00.08.29:262][887]LogPlayLevel: PIE: World Init took: (0.001168s)
[2019.02.15-00.08.29:262][887]LogPlayLevel: PIE: Created PIE world by copying editor world from /Game/Levels/Level1.Level1 to /Game/Levels/UEDPIE_0_Level1.Level1 (0.034484s)
[2019.02.15-00.08.29:384][887]LogInit: XAudio2 using 'Headset Earphone (HyperX 7.1 Audio)' : 2 channels at 48 kHz using 16 bits per sample (channel mask 0x3)
[2019.02.15-00.08.29:396][887]LogInit: FAudioDevice initialized.
[2019.02.15-00.08.29:471][887]LogLoad: Game class is 'MyCastleforceGameMode_C'
[2019.02.15-00.08.29:474][887]LogWorld: Bringing World /Game/Levels/UEDPIE_0_Level1.Level1 up for play (max tick rate 0) at 2019.02.15-00.08.29
[2019.02.15-00.08.29:474][887]LogWorld: Bringing up level for play took: 0.000867
[2019.02.15-00.08.29:527][887]LogContentBrowser: Native class hierarchy updated for 'MovieSceneCapture' in 0.0006 seconds. Added 10 classes and 0 folders.
[2019.02.15-00.08.29:538][887]PIE: Play in editor start time for /Game/Levels/UEDPIE_0_Level1 -0.655
[2019.02.15-00.08.29:539][887]LogBlueprintUserMessages: Late PlayInEditor Detection: Level '/Game/Levels/Level1.Level1:PersistentLevel' has LevelScriptBlueprint '/Game/Levels/Level1.Level1:PersistentLevel.Level1' with GeneratedClass '/Game/Levels/Level1.Level1_C' with ClassGeneratedBy '/Game/Levels/Level1.Level1:PersistentLevel.Level1'
[2019.02.15-00.08.29:993][931]LogActor: Warning: CastleforceKnight_C /Game/Levels/UEDPIE_0_Level1.Level1:PersistentLevel.CastleforceKnight_C_0 has natively added scene component(s), but none of them were set as the actor's RootComponent - picking one arbitrarily
[2019.02.15-00.08.31:979][169]LogWindows: Windows GetLastError: The operation completed successfully. (0)
[2019.02.15-00.08.33:636][169]LogWindows: Error: === Critical error: ===
[2019.02.15-00.08.33:636][169]LogWindows: Error: 
[2019.02.15-00.08.33:636][169]LogWindows: Error: Assertion failed: Pair != nullptr [File:D:\Unreal\Engine\UE_4.20\Engine\Source\Runtime\Core\Public\Containers/Map.h] [Line: 467] 
[2019.02.15-00.08.33:636][169]LogWindows: Error: 
[2019.02.15-00.08.33:636][169]LogWindows: Error: 
[2019.02.15-00.08.33:636][169]LogWindows: Error: 
[2019.02.15-00.08.33:636][169]LogWindows: Error: [Callstack] 0x00007ffba64ea388 KERNELBASE.dll!UnknownFunction []
[2019.02.15-00.08.33:637][169]LogWindows: Error: [Callstack] 0x00007ffb9d3a6850 UE4Editor-ApplicationCore.dll!UnknownFunction []
[2019.02.15-00.08.33:637][169]LogWindows: Error: [Callstack] 0x00007ffb6e9262fc UE4Editor-Core.dll!UnknownFunction []
[2019.02.15-00.08.33:637][169]LogWindows: Error: [Callstack] 0x00007ffb6e8b51db UE4Editor-Core.dll!UnknownFunction []
[2019.02.15-00.08.33:637][169]LogWindows: Error: [Callstack] 0x00007ffb31dcafc2 UE4Editor-Castleforce-3505.dll!ACastleforceHexGrid::ReconstructPath() [d:\shitty ue4 games i make\castleforce\castleforce\castleforce\source\castleforce\castleforcehexgrid.cpp:56]
[2019.02.15-00.08.33:637][169]LogWindows: Error: [Callstack] 0x00007ffb31dc89d9 UE4Editor-Castleforce-3505.dll!ACastleforceHexGrid::AStar() [d:\shitty ue4 games i make\castleforce\castleforce\castleforce\source\castleforce\castleforcehexgrid.cpp:142]
[2019.02.15-00.08.33:637][169]LogWindows: Error: [Callstack] 0x00007ffb31dcf55c UE4Editor-Castleforce-3505.dll!ACastleforceUnit::NavigateTo() [d:\shitty ue4 games i make\castleforce\castleforce\castleforce\source\castleforce\castleforceunit.cpp:13]
[2019.02.15-00.08.33:637][169]LogWindows: Error: [Callstack] 0x00007ffb4ad72469 UE4Editor-Engine.dll!UnknownFunction []
[2019.02.15-00.08.33:637][169]LogWindows: Error: [Callstack] 0x00007ffb4ada3f52 UE4Editor-Engine.dll!UnknownFunction []
[2019.02.15-00.08.33:637][169]LogWindows: Error: [Callstack] 0x00007ffb4a87017c UE4Editor-Engine.dll!UnknownFunction []
[2019.02.15-00.08.33:637][169]LogWindows: Error: [Callstack] 0x00007ffb4a884608 UE4Editor-Engine.dll!UnknownFunction []
[2019.02.15-00.08.33:637][169]LogWindows: Error: [Callstack] 0x00007ffb4a86dbcb UE4Editor-Engine.dll!UnknownFunction []
[2019.02.15-00.08.33:637][169]LogWindows: Error: [Callstack] 0x00007ffb4a8834c3 UE4Editor-Engine.dll!UnknownFunction []
[2019.02.15-00.08.33:637][169]LogWindows: Error: [Callstack] 0x00007ffb49aa5630 UE4Editor-Engine.dll!UnknownFunction []
[2019.02.15-00.08.33:637][169]LogWindows: Error: [Callstack] 0x00007ffb4aca16bd UE4Editor-Engine.dll!UnknownFunction []
[2019.02.15-00.08.33:637][169]LogWindows: Error: [Callstack] 0x00007ffb6e741f92 UE4Editor-Core.dll!UnknownFunction []
[2019.02.15-00.08.33:637][169]LogWindows: Error: [Callstack] 0x00007ffb6e742456 UE4Editor-Core.dll!UnknownFunction []
[2019.02.15-00.08.33:637][169]LogWindows: Error: [Callstack] 0x00007ffb6e756d25 UE4Editor-Core.dll!UnknownFunction []
[2019.02.15-00.08.33:637][169]LogWindows: Error: [Callstack] 0x00007ffb4acf5b04 UE4Editor-Engine.dll!UnknownFunction []
[2019.02.15-00.08.33:637][169]LogWindows: Error: [Callstack] 0x00007ffb4ad04d92 UE4Editor-Engine.dll!UnknownFunction []
[2019.02.15-00.08.33:637][169]LogWindows: Error: [Callstack] 0x00007ffb4a4087e4 UE4Editor-Engine.dll!UnknownFunction []
[2019.02.15-00.08.33:637][169]LogWindows: Error: [Callstack] 0x00007ffb4a414003 UE4Editor-Engine.dll!UnknownFunction []
[2019.02.15-00.08.33:637][169]LogWindows: Error: [Callstack] 0x00007ffb485e7335 UE4Editor-UnrealEd.dll!UnknownFunction []
[2019.02.15-00.08.33:637][169]LogWindows: Error: [Callstack] 0x00007ffb48edf666 UE4Editor-UnrealEd.dll!UnknownFunction []
[2019.02.15-00.08.33:637][169]LogWindows: Error: [Callstack] 0x00007ff7d59e5cbd UE4Editor.exe!UnknownFunction []
[2019.02.15-00.08.33:637][169]LogWindows: Error: [Callstack] 0x00007ff7d59f5b3c UE4Editor.exe!UnknownFunction []
[2019.02.15-00.08.33:637][169]LogWindows: Error: [Callstack] 0x00007ff7d59f5bba UE4Editor.exe!UnknownFunction []
[2019.02.15-00.08.33:637][169]LogWindows: Error: [Callstack] 0x00007ff7d5a03dac UE4Editor.exe!UnknownFunction []
[2019.02.15-00.08.33:637][169]LogWindows: Error: [Callstack] 0x00007ff7d5a05aaa UE4Editor.exe!UnknownFunction []
[2019.02.15-00.08.33:637][169]LogWindows: Error: [Callstack] 0x00007ffba88a3dc4 KERNEL32.DLL!UnknownFunction []
[2019.02.15-00.08.33:637][169]LogWindows: Error: [Callstack] 0x00007ffba9363691 ntdll.dll!UnknownFunction []
[2019.02.15-00.08.33:637][169]LogWindows: Error: 
[2019.02.15-00.08.33:655][169]LogExit: Executing StaticShutdownAfterError
[2019.02.15-00.08.33:658][169]LogWindows: FPlatformMisc::RequestExit(1)
[2019.02.15-00.08.33:664][169]Log file closed, 02/15/19 00:08:33
