Log file open, 02/15/19 00:27:37
LogWindows: Failed to load 'aqProf.dll' (GetLastError=126)
LogWindows: File 'aqProf.dll' does not exist
LogWindows: Failed to load 'VSPerf140.dll' (GetLastError=126)
LogWindows: File 'VSPerf140.dll' does not exist
LogWindows: Failed to load 'VtuneApi.dll' (GetLastError=126)
LogWindows: File 'VtuneApi.dll' does not exist
LogWindows: Failed to load 'VtuneApi32e.dll' (GetLastError=126)
LogWindows: File 'VtuneApi32e.dll' does not exist
LogInit: Display: Running engine without a game
LogPlatformFile: Not using cached read wrapper
LogInit: Display: Loading recent project file: ../../../../../../Shitty UE4 Games I Make/Castleforce/castleforce/Castleforce/Castleforce.uproject
LogTaskGraph: Started task graph with 5 named threads and 23 total threads with 3 sets of task threads.
LogStats: Stats thread started at 0.323144
LogD3D11RHI: Loaded GFSDK_Aftermath_Lib.x64.dll
LogICUInternationalization: Display: ICU TimeZone Detection - Raw Offset: +0:00, Platform Override: ''
LogPluginManager: Mounting plugin Paper2D
LogPluginManager: Mounting plugin AISupport
LogPluginManager: Mounting plugin LightPropagationVolume
LogPluginManager: Mounting plugin CLionSourceCodeAccess
LogPluginManager: Mounting plugin CodeLiteSourceCodeAccess
LogPluginManager: Mounting plugin GitSourceControl
LogPluginManager: Mounting plugin KDevelopSourceCodeAccess
LogPluginManager: Mounting plugin NullSourceCodeAccess
LogPluginManager: Mounting plugin PerforceSourceControl
LogPluginManager: Mounting plugin SubversionSourceControl
LogPluginManager: Mounting plugin UObjectPlugin
LogPluginManager: Mounting plugin VisualStudioCodeSourceCodeAccess
LogPluginManager: Mounting plugin VisualStudioSourceCodeAccess
LogPluginManager: Mounting plugin XCodeSourceCodeAccess
LogPluginManager: Mounting plugin AssetManagerEditor
LogPluginManager: Mounting plugin CryptoKeys
LogPluginManager: Mounting plugin DataValidation
LogPluginManager: Mounting plugin FacialAnimation
LogPluginManager: Mounting plugin GameplayTagsEditor
LogPluginManager: Mounting plugin MacGraphicsSwitching
LogPluginManager: Mounting plugin MeshEditor
LogPluginManager: Mounting plugin MobileLauncherProfileWizard
LogPluginManager: Mounting plugin PluginBrowser
LogPluginManager: Mounting plugin SpeedTreeImporter
LogPluginManager: Mounting plugin DatasmithContent
LogPluginManager: Mounting plugin AlembicImporter
LogPluginManager: Mounting plugin AppleImageUtils
LogPluginManager: Mounting plugin AppleVision
LogPluginManager: Mounting plugin BackChannel
LogPluginManager: Mounting plugin CharacterAI
LogPluginManager: Mounting plugin GeometryCache
LogPluginManager: Mounting plugin HTML5Networking
LogPluginManager: Mounting plugin ProxyLODPlugin
LogPluginManager: Mounting plugin MagicLeap
LogPluginManager: Mounting plugin MagicLeapEmulator
LogPluginManager: Mounting plugin MagicLeapMedia
LogPluginManager: Mounting plugin AndroidMedia
LogPluginManager: Mounting plugin AvfMedia
LogPluginManager: Mounting plugin ImgMedia
LogPluginManager: Mounting plugin LinearTimecode
LogPluginManager: Mounting plugin MediaCompositing
LogPluginManager: Mounting plugin MediaPlayerEditor
LogPluginManager: Mounting plugin WmfMedia
LogPluginManager: Mounting plugin TcpMessaging
LogPluginManager: Mounting plugin UdpMessaging
LogPluginManager: Mounting plugin ActorSequence
LogPluginManager: Mounting plugin LevelSequenceEditor
LogPluginManager: Mounting plugin MatineeToLevelSequence
LogPluginManager: Mounting plugin NetcodeUnitTest
LogPluginManager: Mounting plugin NUTUnrealEngine4
LogPluginManager: Mounting plugin OnlineSubsystemGooglePlay
LogPluginManager: Mounting plugin OnlineSubsystemIOS
LogPluginManager: Mounting plugin OnlineSubsystem
LogPluginManager: Mounting plugin OnlineSubsystemNull
LogPluginManager: Mounting plugin OnlineSubsystemUtils
LogPluginManager: Mounting plugin LauncherChunkInstaller
LogPluginManager: Mounting plugin AndroidDeviceProfileSelector
LogPluginManager: Mounting plugin AndroidMoviePlayer
LogPluginManager: Mounting plugin AndroidPermission
LogPluginManager: Mounting plugin AppleMoviePlayer
LogPluginManager: Mounting plugin ArchVisCharacter
LogPluginManager: Mounting plugin AudioCapture
LogPluginManager: Mounting plugin CableComponent
LogPluginManager: Mounting plugin CustomMeshComponent
LogPluginManager: Mounting plugin EditableMesh
LogPluginManager: Mounting plugin ExampleDeviceProfileSelector
LogPluginManager: Mounting plugin GoogleCloudMessaging
LogPluginManager: Mounting plugin ImmediatePhysics
LogPluginManager: Mounting plugin IOSDeviceProfileSelector
LogPluginManager: Mounting plugin LinuxDeviceProfileSelector
LogPluginManager: Mounting plugin LocationServicesBPLibrary
LogPluginManager: Mounting plugin MobilePatchingUtils
LogPluginManager: Mounting plugin OculusVR
LogPluginManager: Plugin shader directory ../../../Engine/Plugins/Runtime/Oculus/OculusVR/Shaders found
LogPluginManager: Mapping shader source directory ../../../Engine/Plugins/Runtime/Oculus/OculusVR/Shaders to virtual directory /Plugin/OculusVR
LogPluginManager: Mounting plugin PhysXVehicles
LogPluginManager: Mounting plugin ProceduralMeshComponent
LogPluginManager: Mounting plugin RuntimePhysXCooking
LogPluginManager: Mounting plugin SteamVR
LogPluginManager: Mounting plugin WindowsMoviePlayer
LogStreaming: Display: Took  0.194s to configure plugins.
LogInit: Using libcurl 7.55.1-DEV
LogInit:  - built for x86_64-pc-win32
LogInit:  - supports SSL with OpenSSL/1.0.2h
LogInit:  - supports HTTP deflate (compression) using libz 1.2.8
LogInit:  - other features:
LogInit:      CURL_VERSION_SSL
LogInit:      CURL_VERSION_LIBZ
LogInit:      CURL_VERSION_IPV6
LogInit:      CURL_VERSION_ASYNCHDNS
LogInit:      CURL_VERSION_LARGEFILE
LogInit:      CURL_VERSION_IDN
LogInit:  CurlRequestOptions (configurable via config and command line):
LogInit:  - bVerifyPeer = false  - Libcurl will NOT verify peer certificate
LogInit:  - bUseHttpProxy = false  - Libcurl will NOT use HTTP proxy
LogInit:  - bDontReuseConnections = false  - Libcurl will reuse connections
LogInit:  - CertBundlePath = nullptr  - Libcurl will use whatever was configured at build time.
LogInit:  - MaxHostConnections = 16  - Libcurl will limit the number of connections to a host
LogInit:  - LocalHostAddr = Default
LogInit:  - BufferSize = 65536
LogInit: WinSock: version 1.1 (2.2), MaxSocks=32767, MaxUdp=65467
LogInit: Build: ++UE4+Release-4.20-CL-4369336
LogInit: Engine Version: 4.20.3-4369336+++UE4+Release-4.20
LogInit: Compatible Engine Version: 4.20.0-4212847+++UE4+Release-4.20
LogInit: Net CL: 4212847
LogInit: OS: Windows 10 (), CPU: AMD FX(tm)-8350 Eight-Core Processor           , GPU: NVIDIA GeForce GTX 1070 Ti
LogInit: Compiled (64-bit): Sep 17 2018 12:26:19
LogInit: Compiled with Visual C++: 19.13.26129.00
LogInit: Build Configuration: Development
LogInit: Branch Name: ++UE4+Release-4.20
LogInit: Command Line: 
LogInit: Base Directory: D:/Unreal/Engine/UE_4.20/Engine/Binaries/Win64/
LogInit: Installed Engine Build: 1
LogDevObjectVersion: Number of dev versions registered: 20
LogDevObjectVersion:   Dev-Blueprints (B0D832E4-1F89-4F0D-ACCF-7EB736FD4AA2): 10
LogDevObjectVersion:   Dev-Build (E1C64328-A22C-4D53-A36C-8E866417BD8C): 0
LogDevObjectVersion:   Dev-Core (375EC13C-06E4-48FB-B500-84F0262A717E): 2
LogDevObjectVersion:   Dev-Editor (E4B068ED-F494-42E9-A231-DA0B2E46BB41): 24
LogDevObjectVersion:   Dev-Framework (CFFC743F-43B0-4480-9391-14DF171D2073): 34
LogDevObjectVersion:   Dev-Mobile (B02B49B5-BB20-44E9-A304-32B752E40360): 2
LogDevObjectVersion:   Dev-Networking (A4E4105C-59A1-49B5-A7C5-40C4547EDFEE): 0
LogDevObjectVersion:   Dev-Online (39C831C9-5AE6-47DC-9A44-9C173E1C8E7C): 0
LogDevObjectVersion:   Dev-Physics (78F01B33-EBEA-4F98-B9B4-84EACCB95AA2): 0
LogDevObjectVersion:   Dev-Platform (6631380F-2D4D-43E0-8009-CF276956A95A): 0
LogDevObjectVersion:   Dev-Rendering (12F88B9F-8875-4AFC-A67C-D90C383ABD29): 26
LogDevObjectVersion:   Dev-Sequencer (7B5AE74C-D270-4C10-A958-57980B212A5A): 9
LogDevObjectVersion:   Dev-VR (D7296918-1DD6-4BDD-9DE2-64A83CC13884): 2
LogDevObjectVersion:   Dev-LoadTimes (C2A15278-BFE7-4AFE-6C17-90FF531DF755): 1
LogDevObjectVersion:   Private-Geometry (6EACA3D4-40EC-4CC1-B786-8BED09428FC5): 3
LogDevObjectVersion:   Dev-AnimPhys (29E575DD-E0A3-4627-9D10-D276232CDCEA): 17
LogDevObjectVersion:   Dev-ReflectionCapture (6B266CEC-1EC7-4B8F-A30B-E4D90942FC07): 1
LogDevObjectVersion:   Dev-Automation (0DF73D61-A23F-47EA-B727-89E90C41499A): 1
LogDevObjectVersion:   FortniteMain (601D1886-AC64-4F84-AA16-D3DE0DEAC7D6): 12
LogDevObjectVersion:   Dev-Enterprise (9DFFBCD6-494F-0158-E221-12823C92A888): 1
LogStreaming: Display: Took  0.003s to delete old logs.
LogInit: Presizing for max 8388607 objects, including 0 objects not considered by GC, pre-allocating 0 bytes for permanent pool.
LogInit: Object subsystem initialized
[2019.02.15-00.27.37:878][  0]LogInit: Selected Device Profile: [Windows]
[2019.02.15-00.27.37:878][  0]LogInit: Applying CVar settings loaded from the selected device profile: [Windows]
[2019.02.15-00.27.37:906][  0]LogHAL: Display: Platform has ~ 8 GB [8484548608 / 8589934592 / 8], which maps to Default [LargestMinGB=32, LargerMinGB=12, DefaultMinGB=8, SmallerMinGB=6, SmallestMinGB=0)
[2019.02.15-00.27.37:906][  0]LogInit: Setting Device Profile CVar: [[r.Vulkan.UseRealUBs:1]]
[2019.02.15-00.27.37:906][  0]LogInit: Going up to parent DeviceProfile []
[2019.02.15-00.27.37:907][  0]LogInit: Computer: DESKTOP-TLUBEOD
[2019.02.15-00.27.37:907][  0]LogInit: User: rh27u
[2019.02.15-00.27.37:907][  0]LogInit: CPU Page size=4096, Cores=4
[2019.02.15-00.27.37:907][  0]LogInit: High frequency timer resolution =3.919334 MHz
[2019.02.15-00.27.37:907][  0]LogMemory: Memory total: Physical=7.9GB (8GB approx)
[2019.02.15-00.27.37:907][  0]LogMemory: Platform Memory Stats for Windows
[2019.02.15-00.27.37:907][  0]LogMemory: Process Physical Memory: 100.32 MB used, 100.32 MB peak
[2019.02.15-00.27.37:907][  0]LogMemory: Process Virtual Memory: 87.56 MB used, 87.56 MB peak
[2019.02.15-00.27.37:907][  0]LogMemory: Physical Memory: 4792.20 MB used,  3299.30 MB free, 8091.50 MB total
[2019.02.15-00.27.37:907][  0]LogMemory: Virtual Memory: 4641.60 MB used,  3299.30 MB free, 134217728.00 MB total
[2019.02.15-00.27.37:940][  0]LogInit: Using OS detected language (en-US).
[2019.02.15-00.27.37:940][  0]LogInit: Using OS detected locale (en-GB).
[2019.02.15-00.27.37:941][  0]LogTextLocalizationManager: No specific localization for 'en-US' exists, so the 'en' localization will be used.
[2019.02.15-00.27.38:412][  0]LogStreaming: Display: Took  0.472s to InitEngineTextLocalization.
[2019.02.15-00.27.38:412][  0]LogInit: Setting process to per monitor DPI aware
[2019.02.15-00.27.38:477][  0]LogSlate: New Slate User Created.  User Index 0, Is Virtual User: 0
[2019.02.15-00.27.38:477][  0]LogSlate: Slate User Registered.  User Index 0, Is Virtual User: 0
[2019.02.15-00.27.38:891][  0]LogHMD: Failed to initialize OpenVR with code 110
[2019.02.15-00.27.38:891][  0]LogD3D11RHI: D3D11 adapters:
[2019.02.15-00.27.38:973][  0]LogD3D11RHI:    0. 'NVIDIA GeForce GTX 1070 Ti' (Feature Level 11_0)
[2019.02.15-00.27.38:973][  0]LogD3D11RHI:       8080/0/4045 MB DedicatedVideo/DedicatedSystem/SharedSystem, Outputs:3, VendorId:0x10de
[2019.02.15-00.27.38:975][  0]LogD3D11RHI:    1. 'Microsoft Basic Render Driver' (Feature Level 11_0)
[2019.02.15-00.27.38:975][  0]LogD3D11RHI:       0/0/4045 MB DedicatedVideo/DedicatedSystem/SharedSystem, Outputs:0, VendorId:0x1414
[2019.02.15-00.27.38:975][  0]LogD3D11RHI: Chosen D3D11 Adapter: 0
[2019.02.15-00.27.38:985][  0]LogD3D11RHI: Creating new Direct3DDevice
[2019.02.15-00.27.38:985][  0]LogD3D11RHI:     GPU DeviceId: 0x1b82 (for the marketing name, search the web for "GPU Device Id")
[2019.02.15-00.27.38:985][  0]LogWindows: EnumDisplayDevices:
[2019.02.15-00.27.38:985][  0]LogWindows:    0. 'NVIDIA GeForce GTX 1070 Ti' (P:0 D:1)
[2019.02.15-00.27.38:985][  0]LogWindows:    1. 'NVIDIA GeForce GTX 1070 Ti' (P:1 D:1)
[2019.02.15-00.27.38:985][  0]LogWindows:    2. 'NVIDIA GeForce GTX 1070 Ti' (P:0 D:1)
[2019.02.15-00.27.38:986][  0]LogWindows:    3. 'NVIDIA GeForce GTX 1070 Ti' (P:0 D:0)
[2019.02.15-00.27.38:986][  0]LogWindows: DebugString: FoundDriverCount:4 
[2019.02.15-00.27.38:986][  0]LogD3D11RHI:     Adapter Name: NVIDIA GeForce GTX 1070 Ti
[2019.02.15-00.27.38:986][  0]LogD3D11RHI:   Driver Version: 417.35 (internal:25.21.14.1735, unified:417.35)
[2019.02.15-00.27.38:986][  0]LogD3D11RHI:      Driver Date: 12-11-2018
[2019.02.15-00.27.38:986][  0]LogRHI: Texture pool is 5656 MB (70% of 8080 MB)
[2019.02.15-00.27.39:051][  0]LogD3D11RHI: Async texture creation enabled
[2019.02.15-00.27.39:075][  0]LogD3D11RHI: GPU Timing Frequency: 1000.000000 (Debug: 2 2)
[2019.02.15-00.27.39:182][  0]LogShaderCompilers: Guid format shader working directory is -32 characters bigger than the processId version (../../../../../../Shitty UE4 Games I Make/Castleforce/castleforce/Castleforce/Intermediate/Shaders/WorkingDirectory/14600/).
[2019.02.15-00.27.39:182][  0]LogShaderCompilers: Cleaned the shader compiler working directory 'C:/Users/rh27u/AppData/Local/Temp/UnrealShaderWorkingDir/211E072D4FDA7D9B6061ABAF7D192CCB/'.
[2019.02.15-00.27.39:525][  0]LogTemp: Display: Loaded TP AllDesktopTargetPlatform
[2019.02.15-00.27.39:545][  0]LogTemp: Display: Loaded TP MacClientTargetPlatform
[2019.02.15-00.27.39:566][  0]LogTemp: Display: Loaded TP MacNoEditorTargetPlatform
[2019.02.15-00.27.39:585][  0]LogTemp: Display: Loaded TP MacServerTargetPlatform
[2019.02.15-00.27.39:605][  0]LogTemp: Display: Loaded TP MacTargetPlatform
[2019.02.15-00.27.39:624][  0]LogTemp: Display: Loaded TP WindowsClientTargetPlatform
[2019.02.15-00.27.39:644][  0]LogTemp: Display: Loaded TP WindowsNoEditorTargetPlatform
[2019.02.15-00.27.39:664][  0]LogTemp: Display: Loaded TP WindowsServerTargetPlatform
[2019.02.15-00.27.39:672][  0]LogTemp: Display: Loaded TP WindowsTargetPlatform
[2019.02.15-00.27.39:790][  0]LogTemp: Display: Loaded TP AndroidTargetPlatform
[2019.02.15-00.27.39:790][  0]LogTemp: Display: Loaded TP AndroidTargetPlatform
[2019.02.15-00.27.39:790][  0]LogTemp: Display: Loaded TP AndroidTargetPlatform
[2019.02.15-00.27.39:790][  0]LogTemp: Display: Loaded TP AndroidTargetPlatform
[2019.02.15-00.27.39:790][  0]LogTemp: Display: Loaded TP AndroidTargetPlatform
[2019.02.15-00.27.39:790][  0]LogTemp: Display: Loaded TP AndroidTargetPlatform
[2019.02.15-00.27.39:790][  0]LogTemp: Display: Loaded TP AndroidTargetPlatform
[2019.02.15-00.27.39:790][  0]LogTemp: Display: Loaded TP AndroidTargetPlatform
[2019.02.15-00.27.39:790][  0]LogTemp: Display: Loaded TP AndroidTargetPlatform
[2019.02.15-00.27.39:790][  0]LogTemp: Display: Loaded TP AndroidTargetPlatform
[2019.02.15-00.27.39:790][  0]LogTemp: Display: Loaded TP AndroidTargetPlatform
[2019.02.15-00.27.39:790][  0]LogTemp: Display: Loaded TP AndroidTargetPlatform
[2019.02.15-00.27.39:790][  0]LogTemp: Display: Loaded TP AndroidTargetPlatform
[2019.02.15-00.27.39:790][  0]LogTemp: Display: Loaded TP AndroidTargetPlatform
[2019.02.15-00.27.39:790][  0]LogTemp: Display: Loaded TP AndroidTargetPlatform
[2019.02.15-00.27.39:790][  0]LogTemp: Display: Loaded TP AndroidTargetPlatform
[2019.02.15-00.27.39:790][  0]LogTemp: Display: Loaded TP AndroidTargetPlatform
[2019.02.15-00.27.39:790][  0]LogTemp: Display: Loaded TP AndroidTargetPlatform
[2019.02.15-00.27.39:792][  0]LogTemp: Display: Loaded TP HTML5TargetPlatform
[2019.02.15-00.27.39:865][  0]LogTemp: Display: Loaded TP IOSTargetPlatform
[2019.02.15-00.27.39:865][  0]LogTemp: Display: Loaded TP IOSTargetPlatform
[2019.02.15-00.27.39:901][  0]LogTemp: Display: Loaded TP TVOSTargetPlatform
[2019.02.15-00.27.39:901][  0]LogTemp: Display: Loaded TP TVOSTargetPlatform
[2019.02.15-00.27.39:919][  0]LogTemp: Display: Loaded TP LinuxClientTargetPlatform
[2019.02.15-00.27.39:939][  0]LogTemp: Display: Loaded TP LinuxNoEditorTargetPlatform
[2019.02.15-00.27.39:958][  0]LogTemp: Display: Loaded TP LinuxServerTargetPlatform
[2019.02.15-00.27.39:978][  0]LogTemp: Display: Loaded TP LinuxTargetPlatform
[2019.02.15-00.27.39:991][  0]LogTemp: Display: Loaded TP LuminTargetPlatform
[2019.02.15-00.27.39:992][  0]LogTargetPlatformManager: Display: Building Assets For Windows
[2019.02.15-00.27.40:066][  0]LogXGEController: Cleaning working directory: C:/Users/rh27u/AppData/Local/Temp/UnrealXGEWorkingDir/
[2019.02.15-00.27.40:066][  0]LogXGEController: Cannot use XGE Controller as Incredibuild is not installed on this machine.
[2019.02.15-00.27.40:066][  0]LogShaderCompilers: Cannot use XGE Shader Compiler as Incredibuild is not installed on this machine.
[2019.02.15-00.27.40:066][  0]LogShaderCompilers: Display: Using Local Shader Compiler.
[2019.02.15-00.27.41:067][  0]LogDerivedDataCache: Display: Max Cache Size: 512 MB
[2019.02.15-00.27.41:149][  0]LogDerivedDataCache: Loaded boot cache 0.08s 71MB C:/Users/rh27u/AppData/Local/UnrealEngine/4.20/DerivedDataCache/Boot.ddc.
[2019.02.15-00.27.41:149][  0]LogDerivedDataCache: Display: Loaded Boot cache: C:/Users/rh27u/AppData/Local/UnrealEngine/4.20/DerivedDataCache/Boot.ddc
[2019.02.15-00.27.41:150][  0]LogDerivedDataCache: FDerivedDataBackendGraph:  Pak pak cache file ../../../../../../Shitty UE4 Games I Make/Castleforce/castleforce/Castleforce/DerivedDataCache/DDC.ddp not found, will not use a pak cache.
[2019.02.15-00.27.41:150][  0]LogDerivedDataCache: Unable to find inner node Pak for hierarchical cache Hierarchy.
[2019.02.15-00.27.41:150][  0]LogDerivedDataCache: FDerivedDataBackendGraph:  CompressedPak pak cache file ../../../../../../Shitty UE4 Games I Make/Castleforce/castleforce/Castleforce/DerivedDataCache/Compressed.ddp not found, will not use a pak cache.
[2019.02.15-00.27.41:150][  0]LogDerivedDataCache: Unable to find inner node CompressedPak for hierarchical cache Hierarchy.
[2019.02.15-00.27.41:165][  0]LogDerivedDataCache: Display: Pak cache opened for reading ../../../Engine/DerivedDataCache/Compressed.ddp.
[2019.02.15-00.27.41:178][  0]LogDerivedDataCache: Using Local data cache path C:/Users/rh27u/AppData/Local/UnrealEngine/Common/DerivedDataCache: Writable
[2019.02.15-00.27.41:178][  0]LogDerivedDataCache: Shared data cache path not found in *engine.ini, will not use an Shared cache.
[2019.02.15-00.27.41:178][  0]LogDerivedDataCache: Unable to find inner node Shared for hierarchical cache Hierarchy.
[2019.02.15-00.27.41:205][  0]LogMaterial: Verifying Global Shaders for PCD3D_SM5
[2019.02.15-00.27.41:207][  0]LogSlate: Using FreeType 2.6.0
[2019.02.15-00.27.41:208][  0]LogSlate: SlateFontServices - WITH_FREETYPE: 1, WITH_HARFBUZZ: 1
[2019.02.15-00.27.41:306][  0]LogAssetRegistry: FAssetRegistry took 0.0281 seconds to start up
[2019.02.15-00.27.41:819][  0]LogInit: Selected Device Profile: [Windows]
[2019.02.15-00.27.41:980][  0]LogSimplygon: Simplygon DLL not present - disabling.
[2019.02.15-00.27.41:984][  0]LogMeshReduction: Using SimplygonSwarm for distributed automatic mesh merging
[2019.02.15-00.27.41:984][  0]LogMeshReduction: Using ProxyLODMeshReduction for automatic mesh merging
[2019.02.15-00.27.41:984][  0]LogMeshReduction: Using QuadricMeshReduction for automatic static mesh reduction
[2019.02.15-00.27.41:984][  0]LogMeshReduction: No automatic skeletal mesh reduction module available
[2019.02.15-00.27.42:038][  0]LogNetVersion: Castleforce 1.0.0, NetCL: 4212847, EngineNetVer: 5, GameNetVer: 0 (Checksum: 2622368503)
[2019.02.15-00.27.42:702][  0]LogPackageLocalizationCache: Processed 11 localized package path(s) for 2 prioritized culture(s) in 0.165487 seconds
[2019.02.15-00.27.42:711][  0]LogUObjectArray: 38425 objects as part of root set at end of initial load.
[2019.02.15-00.27.42:711][  0]LogUObjectAllocator: 6690864 out of 0 bytes used by permanent object pool.
[2019.02.15-00.27.42:711][  0]LogUObjectArray: CloseDisregardForGC: 0/0 objects in disregard for GC pool
[2019.02.15-00.27.43:869][  0]LogTcpMessaging: Initializing TcpMessaging bridge
[2019.02.15-00.27.43:884][  0]LogUdpMessaging: Initializing bridge on interface 0.0.0.0:0 to multicast group 230.0.0.1:6666.
[2019.02.15-00.27.44:082][  0]SourceControl: Source control is disabled
[2019.02.15-00.27.44:082][  0]SourceControl: Source control is disabled
[2019.02.15-00.27.44:084][  0]SourceControl: Source control is disabled
[2019.02.15-00.27.44:086][  0]SourceControl: Source control is disabled
[2019.02.15-00.27.44:288][  0]LogAndroidPermission: UAndroidPermissionCallbackProxy::GetInstance
[2019.02.15-00.27.44:399][  0]LogOcInput: OculusInput pre-init called
[2019.02.15-00.27.44:471][  0]LogEngine: Initializing Engine...
[2019.02.15-00.27.44:472][  0]LogHMD: Failed to initialize OpenVR with code 110
[2019.02.15-00.27.44:474][  0]LogStats: UGameplayTagsManager::ConstructGameplayTagTree: ImportINI prefixes -  0.000 s
[2019.02.15-00.27.44:474][  0]LogStats: UGameplayTagsManager::ConstructGameplayTagTree: Construct from data asset -  0.000 s
[2019.02.15-00.27.44:474][  0]LogStats: UGameplayTagsManager::ConstructGameplayTagTree: ImportINI -  0.000 s
[2019.02.15-00.27.44:474][  0]LogStats: UGameplayTagsManager::ConstructGameplayTagTree: GameplayTagTreeChangedEvent.Broadcast -  0.000 s
[2019.02.15-00.27.44:810][  0]LogInit: Initializing FReadOnlyCVARCache
[2019.02.15-00.27.44:823][  0]LogAIModule: Creating AISystem for world Untitled
[2019.02.15-00.27.44:855][  0]LogInit: XAudio2 using 'Headset Earphone (HyperX 7.1 Audio)' : 2 channels at 48 kHz using 16 bits per sample (channel mask 0x3)
[2019.02.15-00.27.44:871][  0]LogInit: FAudioDevice initialized.
[2019.02.15-00.27.44:871][  0]LogNetVersion: Set ProjectVersion to 1.0.0.0. Version Checksum will be recalculated on next use.
[2019.02.15-00.27.45:064][  0]LogDerivedDataCache: Saved boot cache 0.19s 71MB C:/Users/rh27u/AppData/Local/UnrealEngine/4.20/DerivedDataCache/Boot.ddc.
[2019.02.15-00.27.45:079][  0]LogInit: Texture streaming: Enabled
[2019.02.15-00.27.45:097][  0]LogEngineSessionManager: EngineSessionManager initialized
[2019.02.15-00.27.45:117][  0]LogInit: Transaction tracking system initialized
[2019.02.15-00.27.45:140][  0]BlueprintLog: New page: Editor Load
[2019.02.15-00.27.45:240][  0]LocalizationService: Localization service is disabled
[2019.02.15-00.27.45:547][  0]LogCook: Display: Max memory allowance for cook 16384mb min free memory 0mb
[2019.02.15-00.27.45:547][  0]LogCook: Display: Mobile HDR setting 1
[2019.02.15-00.27.45:547][  0]LogGameplayTags: Display: UGameplayTagsManager::DoneAddingNativeTags. DelegateIsBound: 0
[2019.02.15-00.27.45:547][  0]LogStats: UGameplayTagsManager::ConstructGameplayTagTree: ImportINI prefixes -  0.000 s
[2019.02.15-00.27.45:547][  0]LogStats: UGameplayTagsManager::ConstructGameplayTagTree: Construct from data asset -  0.000 s
[2019.02.15-00.27.45:548][  0]LogStats: UGameplayTagsManager::ConstructGameplayTagTree: ImportINI -  0.000 s
[2019.02.15-00.27.45:548][  0]LogStats: UGameplayTagsManager::ConstructGameplayTagTree: GameplayTagTreeChangedEvent.Broadcast -  0.000 s
[2019.02.15-00.27.45:705][  0]LogFileCache: Scanning file cache for directory 'D:/Shitty UE4 Games I Make/Castleforce/castleforce/Castleforce/Content/' took 0.02s
[2019.02.15-00.27.45:705][  0]SourceControl: Source control is disabled
[2019.02.15-00.27.45:706][  0]Cmd: MAP LOAD FILE="../../../../../../Shitty UE4 Games I Make/Castleforce/castleforce/Castleforce/Content/Levels/Level1.umap" TEMPLATE=0 SHOWPROGRESS=1 FEATURELEVEL=3
[2019.02.15-00.27.45:706][  0]LightingResults: New page: Lighting Build
[2019.02.15-00.27.45:709][  0]MapCheck: New page: Map Check
[2019.02.15-00.27.45:710][  0]LightingResults: New page: Lighting Build
[2019.02.15-00.27.46:120][  0]LogAIModule: Creating AISystem for world Level1
[2019.02.15-00.27.46:127][  0]LogEditorServer: Finished looking for orphan Actors (0.000 secs)
[2019.02.15-00.27.46:216][  0]Cmd: MAP CHECKDEP NOCLEARLOG
[2019.02.15-00.27.46:304][  0]MapCheck: Map check complete: 0 Error(s), 0 Warning(s), took 88.069ms to complete.
[2019.02.15-00.27.46:304][  0]LogFileHelpers: Loading map 'Level1' took 0.599
[2019.02.15-00.27.46:517][  0]LogSlate: Updating window title bar state: overlay mode, drag disabled, window buttons hidden, title bar hidden
[2019.02.15-00.27.46:527][  0]LogSlate: Updating window title bar state: overlay mode, drag disabled, window buttons hidden, title bar hidden
[2019.02.15-00.27.46:537][  0]LogSlate: Updating window title bar state: overlay mode, drag disabled, window buttons hidden, title bar hidden
[2019.02.15-00.27.46:547][  0]LogSlate: Updating window title bar state: overlay mode, drag disabled, window buttons hidden, title bar hidden
[2019.02.15-00.27.46:554][  0]LogCollectionManager: Loaded 0 collections in 0.001615 seconds
[2019.02.15-00.27.46:630][  0]LogFileCache: Scanning file cache for directory 'D:/Shitty UE4 Games I Make/Castleforce/castleforce/Castleforce/Saved/Collections/' took 0.01s
[2019.02.15-00.27.46:630][  0]LogFileCache: Scanning file cache for directory 'D:/Shitty UE4 Games I Make/Castleforce/castleforce/Castleforce/Content/Developers/rh27u/Collections/' took 0.01s
[2019.02.15-00.27.46:630][  0]LogFileCache: Scanning file cache for directory 'D:/Shitty UE4 Games I Make/Castleforce/castleforce/Castleforce/Content/Collections/' took 0.01s
[2019.02.15-00.27.46:630][  0]LogCollectionManager: Rebuilt the GUID cache for 0 collections in 0.000001 seconds
[2019.02.15-00.27.46:647][  0]LogContentBrowser: Native class hierarchy populated in 0.0169 seconds. Added 2583 classes and 607 folders.
[2019.02.15-00.27.46:657][  0]LogContentBrowser: Native class hierarchy updated for 'WidgetCarousel' in 0.0005 seconds. Added 0 classes and 0 folders.
[2019.02.15-00.27.46:746][  0]LogContentBrowser: Native class hierarchy updated for 'AddContentDialog' in 0.0006 seconds. Added 0 classes and 0 folders.
[2019.02.15-00.27.46:796][  0]LogContentBrowser: Native class hierarchy updated for 'HierarchicalLODOutliner' in 0.0006 seconds. Added 0 classes and 0 folders.
[2019.02.15-00.27.46:796][  0]LogLoad: (Engine Initialization) Total time: 11.57 seconds
[2019.02.15-00.27.46:796][  0]LogLoad: (Engine Initialization) Total Blueprint compile time: 0.00 seconds
[2019.02.15-00.27.46:806][  0]LogWindowsTextInputMethodSystem: Display: IME system now deactivated.
[2019.02.15-00.27.46:840][  0]LogContentStreaming: Texture pool size now 1000 MB
[2019.02.15-00.27.46:842][  0]LogSlate: Took 0.000346 seconds to synchronously load lazily loaded font '../../../Engine/Content/Slate/Fonts/Roboto-Regular.ttf' (155K)
[2019.02.15-00.27.46:847][  0]LogSlate: Took 0.000373 seconds to synchronously load lazily loaded font '../../../Engine/Content/Slate/Fonts/Roboto-Bold.ttf' (160K)
[2019.02.15-00.27.46:851][  0]LogSlate: Took 0.000308 seconds to synchronously load lazily loaded font '../../../Engine/Content/Editor/Slate/Fonts/FontAwesome.ttf' (139K)
[2019.02.15-00.27.46:971][  0]LogRenderer: Reallocating scene render targets to support 528x360 Format 10 NumSamples 1 (Frame:1).
[2019.02.15-00.27.47:032][  0]LogSlate: Took 0.000407 seconds to synchronously load lazily loaded font '../../../Engine/Content/Slate/Fonts/Roboto-Light.ttf' (167K)
[2019.02.15-00.27.47:051][  1]LogFileCache: Retrieving MD5 hashes for directory 'D:/Shitty UE4 Games I Make/Castleforce/castleforce/Castleforce/Content/' took 0.23s
[2019.02.15-00.27.47:084][  1]LogAssetRegistry: Asset discovery search completed in 5.8002 seconds
[2019.02.15-00.27.47:086][  1]LogCollectionManager: Rebuilt the object cache for 0 collections in 0.000000 seconds (found 0 objects)
[2019.02.15-00.27.47:086][  1]LogCollectionManager: Fixed up redirectors for 0 collections in 0.000063 seconds (updated 0 objects)
[2019.02.15-00.27.49:863][266]LogRenderer: Reallocating scene render targets to support 1200x576 Format 10 NumSamples 1 (Frame:3).
[2019.02.15-00.29.16:722][439]LogSlate: FSceneViewport::OnFocusLost() reason 0
[2019.02.15-00.29.16:866][446]Candidate modules for hot reload:
[2019.02.15-00.29.16:866][446]  Castleforce
[2019.02.15-00.29.16:866][446]Launching UnrealBuildTool... [D:/Unreal/Engine/UE_4.20/Engine/Binaries/DotNET/UnrealBuildTool.exe  -ModuleWithSuffix=Castleforce,9614 Win64 Development -TargetType=Editor -Project="../../../../../../Shitty UE4 Games I Make/Castleforce/castleforce/Castleforce/Castleforce.uproject" -canskiplink "D:/Shitty UE4 Games I Make/Castleforce/castleforce/Castleforce/Castleforce.uproject" ]
[2019.02.15-00.29.16:870][446]Warning: Starting HotReload took  0.0s.
[2019.02.15-00.29.28:976][892]CompilerResultsLog: New page: Compilation - 15 Feb 2019 00:29:28
[2019.02.15-00.29.28:976][892]CompilerResultsLog: Using 'git status' to determine working set for adaptive non-unity build.
[2019.02.15-00.29.28:977][892]CompilerResultsLog: Compiling game modules for hot reload
[2019.02.15-00.29.28:977][892]CompilerResultsLog: Building 4 actions with 8 processes...
[2019.02.15-00.29.28:977][892]CompilerResultsLog:   [1/4] CastleforceUnit.cpp
[2019.02.15-00.29.28:977][892]CompilerResultsLog:   [2/4] CastleforceHexPawn.cpp
[2019.02.15-00.29.28:977][892]CompilerResultsLog:   [3/4] UE4Editor-Castleforce-9614.lib
[2019.02.15-00.29.28:977][892]CompilerResultsLog:      Creating library D:\Shitty UE4 Games I Make\Castleforce\castleforce\Castleforce\Intermediate\Build\Win64\UE4Editor\Development\Castleforce\UE4Editor-Castleforce-9614.lib and object D:\Shitty UE4 Games I Make\Castleforce\castleforce\Castleforce\Intermediate\Build\Win64\UE4Editor\Development\Castleforce\UE4Editor-Castleforce-9614.exp
[2019.02.15-00.29.28:977][892]CompilerResultsLog:   [4/4] UE4Editor-Castleforce-9614.dll
[2019.02.15-00.29.28:977][892]CompilerResultsLog:      Creating library D:\Shitty UE4 Games I Make\Castleforce\castleforce\Castleforce\Intermediate\Build\Win64\UE4Editor\Development\Castleforce\UE4Editor-Castleforce-9614.suppressed.lib and object D:\Shitty UE4 Games I Make\Castleforce\castleforce\Castleforce\Intermediate\Build\Win64\UE4Editor\Development\Castleforce\UE4Editor-Castleforce-9614.suppressed.exp
[2019.02.15-00.29.28:977][892]CompilerResultsLog: Total build time: 11.75 seconds (Parallel executor: 9.31 seconds)
[2019.02.15-00.29.28:977][892]LogMainFrame: MainFrame: Module compiling took 12.147 seconds
[2019.02.15-00.29.29:141][892]LogContentBrowser: Native class hierarchy updated for 'Castleforce' in 0.0007 seconds. Added 10 classes and 2 folders.
[2019.02.15-00.29.29:144][892]Display: HotReload successful (2 functions remapped  0 scriptstructs remapped)
[2019.02.15-00.29.29:401][892]LogContentBrowser: Native class hierarchy populated in 0.0166 seconds. Added 2583 classes and 607 folders.
[2019.02.15-00.29.29:401][892]Display: HotReload took 12.6s.
[2019.02.15-00.29.31:757][172]LogTemp: Repeating last play command: Selected Viewport
[2019.02.15-00.29.31:785][172]LogBlueprintUserMessages: Early PlayInEditor Detection: Level '/Game/Levels/Level1.Level1:PersistentLevel' has LevelScriptBlueprint '/Game/Levels/Level1.Level1:PersistentLevel.Level1' with GeneratedClass '/Game/Levels/Level1.Level1_C' with ClassGeneratedBy '/Game/Levels/Level1.Level1:PersistentLevel.Level1'
[2019.02.15-00.29.31:785][172]LogPlayLevel: PlayLevel: No blueprints needed recompiling
[2019.02.15-00.29.31:798][172]PIE: New page: PIE session: Level1 (15 Feb 2019 00:29:31)
[2019.02.15-00.29.31:798][172]LogPlayLevel: Creating play world package: /Game/Levels/UEDPIE_0_Level1
[2019.02.15-00.29.31:823][172]LogPlayLevel: PIE: StaticDuplicateObject took: (0.024709s)
[2019.02.15-00.29.31:824][172]LogAIModule: Creating AISystem for world Level1
[2019.02.15-00.29.31:824][172]LogPlayLevel: PIE: World Init took: (0.000950s)
[2019.02.15-00.29.31:824][172]LogPlayLevel: PIE: Created PIE world by copying editor world from /Game/Levels/Level1.Level1 to /Game/Levels/UEDPIE_0_Level1.Level1 (0.025886s)
[2019.02.15-00.29.31:933][172]LogInit: XAudio2 using 'Headset Earphone (HyperX 7.1 Audio)' : 2 channels at 48 kHz using 16 bits per sample (channel mask 0x3)
[2019.02.15-00.29.31:943][172]LogInit: FAudioDevice initialized.
[2019.02.15-00.29.32:015][172]LogLoad: Game class is 'MyCastleforceGameMode_C'
[2019.02.15-00.29.32:017][172]LogWorld: Bringing World /Game/Levels/UEDPIE_0_Level1.Level1 up for play (max tick rate 0) at 2019.02.15-00.29.32
[2019.02.15-00.29.32:017][172]LogWorld: Bringing up level for play took: 0.000854
[2019.02.15-00.29.32:073][172]LogContentBrowser: Native class hierarchy updated for 'MovieSceneCapture' in 0.0007 seconds. Added 10 classes and 0 folders.
[2019.02.15-00.29.32:084][172]PIE: Play in editor start time for /Game/Levels/UEDPIE_0_Level1 -0.109
[2019.02.15-00.29.32:084][172]LogBlueprintUserMessages: Late PlayInEditor Detection: Level '/Game/Levels/Level1.Level1:PersistentLevel' has LevelScriptBlueprint '/Game/Levels/Level1.Level1:PersistentLevel.Level1' with GeneratedClass '/Game/Levels/Level1.Level1_C' with ClassGeneratedBy '/Game/Levels/Level1.Level1:PersistentLevel.Level1'
[2019.02.15-00.29.33:075][280]LogActor: Warning: CastleforceKnight_C /Game/Levels/UEDPIE_0_Level1.Level1:PersistentLevel.CastleforceKnight_C_0 has natively added scene component(s), but none of them were set as the actor's RootComponent - picking one arbitrarily
[2019.02.15-00.29.49:774][283]LogSlate: FSceneViewport::OnFocusLost() reason 0
[2019.02.15-00.29.49:858][293]LogBlueprintUserMessages: Early EndPlayMap Detection: Level '/Game/Levels/Level1.Level1:PersistentLevel' has LevelScriptBlueprint '/Game/Levels/Level1.Level1:PersistentLevel.Level1' with GeneratedClass '/Game/Levels/Level1.Level1_C' with ClassGeneratedBy '/Game/Levels/Level1.Level1:PersistentLevel.Level1'
[2019.02.15-00.29.49:858][293]LogSlate: Updating window title bar state: overlay mode, drag disabled, window buttons hidden, title bar hidden
[2019.02.15-00.29.49:893][293]LogPlayLevel: Display: Shutting down PIE online subsystems
[2019.02.15-00.29.49:893][293]LogBlueprintUserMessages: Late EndPlayMap Detection: Level '/Game/Levels/Level1.Level1:PersistentLevel' has LevelScriptBlueprint '/Game/Levels/Level1.Level1:PersistentLevel.Level1' with GeneratedClass '/Game/Levels/Level1.Level1_C' with ClassGeneratedBy '/Game/Levels/Level1.Level1:PersistentLevel.Level1'
[2019.02.15-00.29.50:020][293]LogSlate: Updating window title bar state: overlay mode, drag disabled, window buttons hidden, title bar hidden
[2019.02.15-00.29.50:042][294]LogPlayLevel: Display: Destroying online subsystem :Context_2
[2019.02.15-00.30.00:166][505]LogTemp: Repeating last play command: Selected Viewport
[2019.02.15-00.30.00:195][505]LogBlueprintUserMessages: Early PlayInEditor Detection: Level '/Game/Levels/Level1.Level1:PersistentLevel' has LevelScriptBlueprint '/Game/Levels/Level1.Level1:PersistentLevel.Level1' with GeneratedClass '/Game/Levels/Level1.Level1_C' with ClassGeneratedBy '/Game/Levels/Level1.Level1:PersistentLevel.Level1'
[2019.02.15-00.30.00:195][505]LogPlayLevel: PlayLevel: No blueprints needed recompiling
[2019.02.15-00.30.00:195][505]PIE: New page: PIE session: Level1 (15 Feb 2019 00:30:00)
[2019.02.15-00.30.00:195][505]LogPlayLevel: Creating play world package: /Game/Levels/UEDPIE_0_Level1
[2019.02.15-00.30.00:212][505]LogPlayLevel: PIE: StaticDuplicateObject took: (0.016857s)
[2019.02.15-00.30.00:213][505]LogAIModule: Creating AISystem for world Level1
[2019.02.15-00.30.00:213][505]LogPlayLevel: PIE: World Init took: (0.001092s)
[2019.02.15-00.30.00:214][505]LogPlayLevel: PIE: Created PIE world by copying editor world from /Game/Levels/Level1.Level1 to /Game/Levels/UEDPIE_0_Level1.Level1 (0.018200s)
[2019.02.15-00.30.00:361][505]LogInit: XAudio2 using 'Headset Earphone (HyperX 7.1 Audio)' : 2 channels at 48 kHz using 16 bits per sample (channel mask 0x3)
[2019.02.15-00.30.00:372][505]LogInit: FAudioDevice initialized.
[2019.02.15-00.30.00:402][505]LogLoad: Game class is 'MyCastleforceGameMode_C'
[2019.02.15-00.30.00:403][505]LogWorld: Bringing World /Game/Levels/UEDPIE_0_Level1.Level1 up for play (max tick rate 0) at 2019.02.15-00.30.00
[2019.02.15-00.30.00:404][505]LogWorld: Bringing up level for play took: 0.000775
[2019.02.15-00.30.00:426][505]PIE: Play in editor start time for /Game/Levels/UEDPIE_0_Level1 0.233
[2019.02.15-00.30.00:426][505]LogBlueprintUserMessages: Late PlayInEditor Detection: Level '/Game/Levels/Level1.Level1:PersistentLevel' has LevelScriptBlueprint '/Game/Levels/Level1.Level1:PersistentLevel.Level1' with GeneratedClass '/Game/Levels/Level1.Level1_C' with ClassGeneratedBy '/Game/Levels/Level1.Level1:PersistentLevel.Level1'
[2019.02.15-00.30.01:836][669]LogActor: Warning: CastleforceKnight_C /Game/Levels/UEDPIE_0_Level1.Level1:PersistentLevel.CastleforceKnight_C_0 has natively added scene component(s), but none of them were set as the actor's RootComponent - picking one arbitrarily
[2019.02.15-00.30.03:223][835]LogSlate: FSceneViewport::OnFocusLost() reason 0
[2019.02.15-00.30.04:709][960]LogEditorViewport: Clicking on Actor (LMB): MyCastleForceHexTile_C (MyCastleForceHexTile10)
[2019.02.15-00.30.13:601][792]LogSlate: Took 0.000378 seconds to synchronously load lazily loaded font '../../../Engine/Content/Slate/Fonts/Roboto-Italic.ttf' (157K)
[2019.02.15-00.30.14:323][864]LogSlate: FSceneViewport::OnFocusLost() reason 0
[2019.02.15-00.30.23:932][839]LogBlueprintUserMessages: Early EndPlayMap Detection: Level '/Game/Levels/Level1.Level1:PersistentLevel' has LevelScriptBlueprint '/Game/Levels/Level1.Level1:PersistentLevel.Level1' with GeneratedClass '/Game/Levels/Level1.Level1_C' with ClassGeneratedBy '/Game/Levels/Level1.Level1:PersistentLevel.Level1'
[2019.02.15-00.30.23:933][839]LogSlate: Updating window title bar state: overlay mode, drag disabled, window buttons hidden, title bar hidden
[2019.02.15-00.30.23:966][839]LogPlayLevel: Display: Shutting down PIE online subsystems
[2019.02.15-00.30.23:966][839]LogBlueprintUserMessages: Late EndPlayMap Detection: Level '/Game/Levels/Level1.Level1:PersistentLevel' has LevelScriptBlueprint '/Game/Levels/Level1.Level1:PersistentLevel.Level1' with GeneratedClass '/Game/Levels/Level1.Level1_C' with ClassGeneratedBy '/Game/Levels/Level1.Level1:PersistentLevel.Level1'
[2019.02.15-00.30.24:029][839]LogSlate: Updating window title bar state: overlay mode, drag disabled, window buttons hidden, title bar hidden
[2019.02.15-00.30.24:050][840]LogPlayLevel: Display: Destroying online subsystem :Context_3
[2019.02.15-00.30.52:421][164]Candidate modules for hot reload:
[2019.02.15-00.30.52:421][164]  Castleforce
[2019.02.15-00.30.52:421][164]Launching UnrealBuildTool... [D:/Unreal/Engine/UE_4.20/Engine/Binaries/DotNET/UnrealBuildTool.exe  -ModuleWithSuffix=Castleforce,2471 Win64 Development -TargetType=Editor -Project="../../../../../../Shitty UE4 Games I Make/Castleforce/castleforce/Castleforce/Castleforce.uproject" -canskiplink "D:/Shitty UE4 Games I Make/Castleforce/castleforce/Castleforce/Castleforce.uproject" ]
[2019.02.15-00.30.52:425][164]Warning: Starting HotReload took  0.0s.
[2019.02.15-00.31.22:396][752]CompilerResultsLog: New page: Compilation - 15 Feb 2019 00:31:22
[2019.02.15-00.31.22:397][752]CompilerResultsLog: Using 'git status' to determine working set for adaptive non-unity build.
[2019.02.15-00.31.22:397][752]CompilerResultsLog: Compiling game modules for hot reload
[2019.02.15-00.31.22:397][752]CompilerResultsLog: Parsing headers for CastleforceEditor
[2019.02.15-00.31.22:397][752]CompilerResultsLog:   Running UnrealHeaderTool "D:\Shitty UE4 Games I Make\Castleforce\castleforce\Castleforce\Castleforce.uproject" "D:\Shitty UE4 Games I Make\Castleforce\castleforce\Castleforce\Intermediate\Build\Win64\CastleforceEditor\Development\CastleforceEditor.uhtmanifest" -LogCmds="loginit warning, logexit warning, logdatabase error" -Unattended -WarningsAsErrors -installed
[2019.02.15-00.31.22:397][752]CompilerResultsLog: Reflection code generated for CastleforceEditor in 15.9176635 seconds
[2019.02.15-00.31.22:397][752]CompilerResultsLog: Building 12 actions with 8 processes...
[2019.02.15-00.31.22:397][752]CompilerResultsLog:   [1/12] CastleforceHexPawn.cpp
[2019.02.15-00.31.22:397][752]CompilerResultsLog:   [2/12] CastleforceHexGrid.cpp
[2019.02.15-00.31.22:397][752]CompilerResultsLog:   [3/12] CastleforceUnit.cpp
[2019.02.15-00.31.22:397][752]CompilerResultsLog:   [4/12] CastleforceHexTile.cpp
[2019.02.15-00.31.22:397][752]CompilerResultsLog:   D:\Shitty UE4 Games I Make\Castleforce\castleforce\Castleforce\Source\Castleforce\CastleforceHexTile.cpp(61): warning C4996: 'UTextRenderComponent::SetText': Passing text as FString is deprecated, please use FText instead (likely via a LOCTEXT). Please update your code to the new API before upgrading to the next release, otherwise your project will no longer compile.
[2019.02.15-00.31.22:397][752]CompilerResultsLog:   D:\Unreal\Engine\UE_4.20\Engine\Source\Runtime\Engine\Classes\Components/TextRenderComponent.h(108): note: see declaration of 'UTextRenderComponent::SetText'
[2019.02.15-00.31.22:397][752]CompilerResultsLog:   [5/12] Castleforce.init.gen.cpp
[2019.02.15-00.31.22:397][752]CompilerResultsLog:   [6/12] CastleforceHexGrid.gen.cpp
[2019.02.15-00.31.22:397][752]CompilerResultsLog:   [7/12] CastleforceHexPawn.gen.cpp
[2019.02.15-00.31.22:397][752]CompilerResultsLog:   [8/12] CastleforceUnit.gen.cpp
[2019.02.15-00.31.22:397][752]CompilerResultsLog:   [9/12] CastleforceHexTile.gen.cpp
[2019.02.15-00.31.22:397][752]CompilerResultsLog:   [10/12] CastleforceGameMode.cpp
[2019.02.15-00.31.22:397][752]CompilerResultsLog:   [11/12] UE4Editor-Castleforce-2471.lib
[2019.02.15-00.31.22:397][752]CompilerResultsLog:      Creating library D:\Shitty UE4 Games I Make\Castleforce\castleforce\Castleforce\Intermediate\Build\Win64\UE4Editor\Development\Castleforce\UE4Editor-Castleforce-2471.lib and object D:\Shitty UE4 Games I Make\Castleforce\castleforce\Castleforce\Intermediate\Build\Win64\UE4Editor\Development\Castleforce\UE4Editor-Castleforce-2471.exp
[2019.02.15-00.31.22:397][752]CompilerResultsLog:   [12/12] UE4Editor-Castleforce-2471.dll
[2019.02.15-00.31.22:397][752]CompilerResultsLog:      Creating library D:\Shitty UE4 Games I Make\Castleforce\castleforce\Castleforce\Intermediate\Build\Win64\UE4Editor\Development\Castleforce\UE4Editor-Castleforce-2471.suppressed.lib and object D:\Shitty UE4 Games I Make\Castleforce\castleforce\Castleforce\Intermediate\Build\Win64\UE4Editor\Development\Castleforce\UE4Editor-Castleforce-2471.suppressed.exp
[2019.02.15-00.31.22:397][752]CompilerResultsLog: Total build time: 29.62 seconds (Parallel executor: 11.18 seconds)
[2019.02.15-00.31.22:397][752]LogMainFrame: MainFrame: Module compiling took 30.011 seconds
[2019.02.15-00.31.22:564][752]LogClass: Could not find existing class CastleforceHexTile in package /Script/Castleforce for HotReload, assuming new class
[2019.02.15-00.31.22:574][752]LogHotReload: Re-instancing CastleforceHexTile after hot-reload.
[2019.02.15-00.31.22:788][752]LogContentBrowser: Native class hierarchy updated for 'Castleforce' in 0.0008 seconds. Added 10 classes and 2 folders.
[2019.02.15-00.31.22:791][752]Display: HotReload successful (2 functions remapped  0 scriptstructs remapped)
[2019.02.15-00.31.22:981][752]LogContentBrowser: Native class hierarchy populated in 0.0159 seconds. Added 2583 classes and 607 folders.
[2019.02.15-00.31.22:981][752]Display: HotReload took 30.6s.
[2019.02.15-00.31.24:312][909]LogTemp: Repeating last play command: Selected Viewport
[2019.02.15-00.31.24:340][909]LogBlueprintUserMessages: Early PlayInEditor Detection: Level '/Game/Levels/Level1.Level1:PersistentLevel' has LevelScriptBlueprint '/Game/Levels/Level1.Level1:PersistentLevel.Level1' with GeneratedClass '/Game/Levels/Level1.Level1_C' with ClassGeneratedBy '/Game/Levels/Level1.Level1:PersistentLevel.Level1'
[2019.02.15-00.31.24:340][909]LogPlayLevel: PlayLevel: No blueprints needed recompiling
[2019.02.15-00.31.24:340][909]PIE: New page: PIE session: Level1 (15 Feb 2019 00:31:24)
[2019.02.15-00.31.24:340][909]LogPlayLevel: Creating play world package: /Game/Levels/UEDPIE_0_Level1
[2019.02.15-00.31.24:355][909]LogPlayLevel: PIE: StaticDuplicateObject took: (0.015120s)
[2019.02.15-00.31.24:356][909]LogAIModule: Creating AISystem for world Level1
[2019.02.15-00.31.24:357][909]LogPlayLevel: PIE: World Init took: (0.001398s)
[2019.02.15-00.31.24:357][909]LogPlayLevel: PIE: Created PIE world by copying editor world from /Game/Levels/Level1.Level1 to /Game/Levels/UEDPIE_0_Level1.Level1 (0.016766s)
[2019.02.15-00.31.24:464][909]LogInit: XAudio2 using 'Headset Earphone (HyperX 7.1 Audio)' : 2 channels at 48 kHz using 16 bits per sample (channel mask 0x3)
[2019.02.15-00.31.24:475][909]LogInit: FAudioDevice initialized.
[2019.02.15-00.31.24:507][909]LogLoad: Game class is 'MyCastleforceGameMode_C'
[2019.02.15-00.31.24:509][909]LogWorld: Bringing World /Game/Levels/UEDPIE_0_Level1.Level1 up for play (max tick rate 0) at 2019.02.15-00.31.24
[2019.02.15-00.31.24:509][909]LogWorld: Bringing up level for play took: 0.000695
[2019.02.15-00.31.24:532][909]PIE: Play in editor start time for /Game/Levels/UEDPIE_0_Level1 0.338
[2019.02.15-00.31.24:532][909]LogBlueprintUserMessages: Late PlayInEditor Detection: Level '/Game/Levels/Level1.Level1:PersistentLevel' has LevelScriptBlueprint '/Game/Levels/Level1.Level1:PersistentLevel.Level1' with GeneratedClass '/Game/Levels/Level1.Level1_C' with ClassGeneratedBy '/Game/Levels/Level1.Level1:PersistentLevel.Level1'
[2019.02.15-00.31.26:968][156]LogEditorViewport: Clicking on Actor (LMB): MyCastleForceHexTile_C (MyCastleForceHexTile10)
[2019.02.15-00.31.29:225][347]LogSlate: FSceneViewport::OnFocusLost() reason 0
[2019.02.15-00.31.30:771][460]LogEditorViewport: Clicking on Actor (LMB): MyCastleForceHexTile_C (MyCastleForceHexTile11)
[2019.02.15-00.31.32:230][586]LogSlate: FSceneViewport::OnFocusLost() reason 0
[2019.02.15-00.31.33:753][689]LogEditorViewport: Clicking on Actor (LMB): MyCastleForceHexTile_C (MyCastleForceHexTile13)
[2019.02.15-00.31.34:767][769]LogSlate: FSceneViewport::OnFocusLost() reason 0
[2019.02.15-00.31.35:737][839]LogEditorViewport: Clicking on Actor (LMB): MyCastleForceHexTile_C (MyCastleForceHexTile14)
[2019.02.15-00.31.37:023][948]LogSlate: FSceneViewport::OnFocusLost() reason 0
[2019.02.15-00.31.39:185][158]LogActor: Warning: CastleforceKnight_C /Game/Levels/UEDPIE_0_Level1.Level1:PersistentLevel.CastleforceKnight_C_0 has natively added scene component(s), but none of them were set as the actor's RootComponent - picking one arbitrarily
[2019.02.15-00.32.11:919][ 66]LogSlate: FSceneViewport::OnFocusLost() reason 0
[2019.02.15-00.32.12:029][ 79]LogBlueprintUserMessages: Early EndPlayMap Detection: Level '/Game/Levels/Level1.Level1:PersistentLevel' has LevelScriptBlueprint '/Game/Levels/Level1.Level1:PersistentLevel.Level1' with GeneratedClass '/Game/Levels/Level1.Level1_C' with ClassGeneratedBy '/Game/Levels/Level1.Level1:PersistentLevel.Level1'
[2019.02.15-00.32.12:029][ 79]LogSlate: Updating window title bar state: overlay mode, drag disabled, window buttons hidden, title bar hidden
[2019.02.15-00.32.12:065][ 79]LogPlayLevel: Display: Shutting down PIE online subsystems
[2019.02.15-00.32.12:065][ 79]LogBlueprintUserMessages: Late EndPlayMap Detection: Level '/Game/Levels/Level1.Level1:PersistentLevel' has LevelScriptBlueprint '/Game/Levels/Level1.Level1:PersistentLevel.Level1' with GeneratedClass '/Game/Levels/Level1.Level1_C' with ClassGeneratedBy '/Game/Levels/Level1.Level1:PersistentLevel.Level1'
[2019.02.15-00.32.12:193][ 79]LogSlate: Updating window title bar state: overlay mode, drag disabled, window buttons hidden, title bar hidden
[2019.02.15-00.32.12:214][ 80]LogPlayLevel: Display: Destroying online subsystem :Context_5
[2019.02.15-00.32.38:507][ 23]LogRenderer: Reallocating scene render targets to support 1200x600 Format 10 NumSamples 1 (Frame:905).
[2019.02.15-00.32.47:039][277]LogSlate: Window 'Castleforce - Unreal Editor' being destroyed
[2019.02.15-00.32.47:040][277]LogWindowsTextInputMethodSystem: Display: IME system now deactivated.
[2019.02.15-00.32.47:267][278]Cmd: QUIT_EDITOR
[2019.02.15-00.32.47:443][278]LogExit: Preparing to exit.
[2019.02.15-00.32.48:138][278]LogExit: Editor shut down
[2019.02.15-00.32.48:138][278]LogExit: Transaction tracking system shut down
[2019.02.15-00.32.48:528][278]LogExit: Object subsystem successfully closed.
[2019.02.15-00.32.48:551][278]LogShaderCompilers: Display: Shaders left to compile 0
[2019.02.15-00.32.48:555][278]LogD3D11RHI: Shutdown
[2019.02.15-00.32.48:555][278]LogD3D11RHI: CleanupD3DDevice
[2019.02.15-00.32.48:557][278]LogD3D11RHI: ~FD3D11DynamicRHI
[2019.02.15-00.32.48:574][278]LogModuleManager: Shutting down and abandoning module Castleforce (618)
[2019.02.15-00.32.48:574][278]LogModuleManager: Shutting down and abandoning module MovieSceneCapture (617)
[2019.02.15-00.32.48:574][278]LogModuleManager: Shutting down and abandoning module Voice (615)
[2019.02.15-00.32.48:574][278]LogModuleManager: Shutting down and abandoning module HierarchicalLODOutliner (612)
[2019.02.15-00.32.48:574][278]LogModuleManager: Shutting down and abandoning module AddContentDialog (610)
[2019.02.15-00.32.48:574][278]LogModuleManager: Shutting down and abandoning module WidgetCarousel (609)
[2019.02.15-00.32.48:574][278]LogModuleManager: Shutting down and abandoning module EditorWidgets (606)
[2019.02.15-00.32.48:574][278]LogModuleManager: Shutting down and abandoning module CollectionManager (604)
[2019.02.15-00.32.48:574][278]LogModuleManager: Shutting down and abandoning module SceneOutliner (602)
[2019.02.15-00.32.48:575][278]LogModuleManager: Shutting down and abandoning module StatsViewer (600)
[2019.02.15-00.32.48:575][278]LogModuleManager: Shutting down and abandoning module FoliageEdit (598)
[2019.02.15-00.32.48:575][278]LogModuleManager: Shutting down and abandoning module LandscapeEditor (596)
[2019.02.15-00.32.48:575][278]LogModuleManager: Shutting down and abandoning module MeshPaintMode (594)
[2019.02.15-00.32.48:575][278]LogModuleManager: Shutting down and abandoning module SceneDepthPickerMode (592)
[2019.02.15-00.32.48:575][278]LogModuleManager: Shutting down and abandoning module ActorPickerMode (590)
[2019.02.15-00.32.48:575][278]LogModuleManager: Shutting down and abandoning module GeometryMode (588)
[2019.02.15-00.32.48:575][278]LogModuleManager: Shutting down and abandoning module TextureAlignMode (586)
[2019.02.15-00.32.48:575][278]LogModuleManager: Shutting down and abandoning module BspMode (584)
[2019.02.15-00.32.48:575][278]LogModuleManager: Shutting down and abandoning module PIEPreviewDeviceProfileSelector (582)
[2019.02.15-00.32.48:575][278]LogModuleManager: Shutting down and abandoning module SequenceRecorderSections (580)
[2019.02.15-00.32.48:575][278]LogModuleManager: Shutting down and abandoning module AutomationWorker (578)
[2019.02.15-00.32.48:575][278]LogModuleManager: Shutting down and abandoning module AudioCaptureEditor (576)
[2019.02.15-00.32.48:575][278]LogModuleManager: Shutting down and abandoning module SequenceRecorder (575)
[2019.02.15-00.32.48:575][278]LogModuleManager: Shutting down and abandoning module MatineeToLevelSequence (572)
[2019.02.15-00.32.48:575][278]LogModuleManager: Shutting down and abandoning module LevelSequenceEditor (570)
[2019.02.15-00.32.48:575][278]LogModuleManager: Shutting down and abandoning module PlacementMode (569)
[2019.02.15-00.32.48:575][278]LogModuleManager: Shutting down and abandoning module MaterialEditor (568)
[2019.02.15-00.32.48:575][278]LogModuleManager: Shutting down and abandoning module WmfMediaFactory (564)
[2019.02.15-00.32.48:575][278]LogModuleManager: Shutting down and abandoning module WmfMediaEditor (562)
[2019.02.15-00.32.48:575][278]LogModuleManager: Shutting down and abandoning module MediaPlayerEditor (560)
[2019.02.15-00.32.48:575][278]LogModuleManager: Shutting down and abandoning module OpenExrWrapper (558)
[2019.02.15-00.32.48:575][278]LogModuleManager: Shutting down and abandoning module ImgMediaFactory (556)
[2019.02.15-00.32.48:575][278]LogModuleManager: Shutting down and abandoning module ImgMediaEditor (554)
[2019.02.15-00.32.48:575][278]LogModuleManager: Shutting down and abandoning module AvfMediaFactory (552)
[2019.02.15-00.32.48:575][278]LogModuleManager: Shutting down and abandoning module AvfMediaEditor (550)
[2019.02.15-00.32.48:575][278]LogModuleManager: Shutting down and abandoning module AndroidMediaFactory (548)
[2019.02.15-00.32.48:575][278]LogModuleManager: Shutting down and abandoning module AndroidMediaEditor (546)
[2019.02.15-00.32.48:576][278]LogModuleManager: Shutting down and abandoning module MagicLeapCameraPreviewFactory (544)
[2019.02.15-00.32.48:576][278]LogModuleManager: Shutting down and abandoning module MagicLeapMediaFactory (542)
[2019.02.15-00.32.48:576][278]LogModuleManager: Shutting down and abandoning module MagicLeapMediaEditor (540)
[2019.02.15-00.32.48:576][278]LogModuleManager: Shutting down and abandoning module CharacterAI (538)
[2019.02.15-00.32.48:576][278]LogModuleManager: Shutting down and abandoning module SmartSnapping (536)
[2019.02.15-00.32.48:576][278]LogModuleManager: Shutting down and abandoning module SessionServices (534)
[2019.02.15-00.32.48:576][278]LogModuleManager: Shutting down and abandoning module ViewportSnapping (532)
[2019.02.15-00.32.48:576][278]LogModuleManager: Shutting down and abandoning module ViewportInteraction (530)
[2019.02.15-00.32.48:576][278]LogModuleManager: Shutting down and abandoning module ClothPainter (528)
[2019.02.15-00.32.48:576][278]LogModuleManager: Shutting down and abandoning module SkeletalMeshEditor (527)
[2019.02.15-00.32.48:576][278]LogModuleManager: Shutting down and abandoning module LogVisualizer (524)
[2019.02.15-00.32.48:576][278]LogModuleManager: Shutting down and abandoning module IntroTutorials (522)
[2019.02.15-00.32.48:576][278]LogModuleManager: Shutting down and abandoning module GameProjectGeneration (521)
[2019.02.15-00.32.48:576][278]LogModuleManager: Shutting down and abandoning module LuminPlatformEditor (518)
[2019.02.15-00.32.48:576][278]LogModuleManager: Shutting down and abandoning module IOSPlatformEditor (516)
[2019.02.15-00.32.48:576][278]LogModuleManager: Shutting down and abandoning module HTML5PlatformEditor (514)
[2019.02.15-00.32.48:576][278]LogModuleManager: Shutting down and abandoning module AndroidPlatformEditor (512)
[2019.02.15-00.32.48:576][278]LogModuleManager: Shutting down and abandoning module AndroidDeviceDetection (511)
[2019.02.15-00.32.49:509][278]LogModuleManager: Shutting down and abandoning module WindowsPlatformEditor (508)
[2019.02.15-00.32.49:509][278]LogModuleManager: Shutting down and abandoning module LuminRuntimeSettings (506)
[2019.02.15-00.32.49:509][278]LogModuleManager: Shutting down and abandoning module IOSRuntimeSettings (504)
[2019.02.15-00.32.49:510][278]LogModuleManager: Shutting down and abandoning module AndroidRuntimeSettings (502)
[2019.02.15-00.32.49:510][278]LogModuleManager: Shutting down and abandoning module InputBindingEditor (500)
[2019.02.15-00.32.49:510][278]LogModuleManager: Shutting down and abandoning module MergeActors (498)
[2019.02.15-00.32.49:510][278]LogModuleManager: Shutting down and abandoning module LocalizationDashboard (496)
[2019.02.15-00.32.49:510][278]LogModuleManager: Shutting down and abandoning module LocalizationService (495)
[2019.02.15-00.32.49:510][278]LogModuleManager: Shutting down and abandoning module HardwareTargeting (492)
[2019.02.15-00.32.49:510][278]LogModuleManager: Shutting down and abandoning module DeviceProfileEditor (490)
[2019.02.15-00.32.49:510][278]LogModuleManager: Shutting down and abandoning module UndoHistory (488)
[2019.02.15-00.32.49:510][278]LogModuleManager: Shutting down and abandoning module XmlParser (486)
[2019.02.15-00.32.49:510][278]LogModuleManager: Shutting down and abandoning module Blutility (484)
[2019.02.15-00.32.49:510][278]LogModuleManager: Shutting down and abandoning module ProjectSettingsViewer (482)
[2019.02.15-00.32.49:510][278]LogModuleManager: Shutting down and abandoning module ProjectTargetPlatformEditor (481)
[2019.02.15-00.32.49:510][278]LogModuleManager: Shutting down and abandoning module EditorSettingsViewer (478)
[2019.02.15-00.32.49:510][278]LogModuleManager: Shutting down and abandoning module SettingsEditor (476)
[2019.02.15-00.32.49:510][278]LogModuleManager: Shutting down and abandoning module ProjectLauncher (474)
[2019.02.15-00.32.49:510][278]LogModuleManager: Shutting down and abandoning module SessionFrontend (472)
[2019.02.15-00.32.49:510][278]LogModuleManager: Shutting down and abandoning module ProfilerClient (470)
[2019.02.15-00.32.49:510][278]LogModuleManager: Shutting down and abandoning module DeviceManager (468)
[2019.02.15-00.32.49:510][278]LogModuleManager: Shutting down and abandoning module TargetDeviceServices (467)
[2019.02.15-00.32.49:577][278]LogModuleManager: Shutting down and abandoning module AutomationController (464)
[2019.02.15-00.32.49:577][278]LogModuleManager: Shutting down and abandoning module AutomationWindow (462)
[2019.02.15-00.32.49:577][278]LogModuleManager: Shutting down and abandoning module Layers (460)
[2019.02.15-00.32.49:577][278]LogModuleManager: Shutting down and abandoning module ComponentVisualizers (458)
[2019.02.15-00.32.49:577][278]LogModuleManager: Shutting down and abandoning module DetailCustomizations (456)
[2019.02.15-00.32.49:577][278]LogModuleManager: Shutting down and abandoning module PackagesDialog (454)
[2019.02.15-00.32.49:577][278]LogModuleManager: Shutting down and abandoning module Persona (452)
[2019.02.15-00.32.49:577][278]LogModuleManager: Shutting down and abandoning module AdvancedPreviewScene (451)
[2019.02.15-00.32.49:577][278]LogModuleManager: Shutting down and abandoning module AnimGraph (449)
[2019.02.15-00.32.49:577][278]LogModuleManager: Shutting down and abandoning module Kismet (446)
[2019.02.15-00.32.49:578][278]LogModuleManager: Shutting down and abandoning module GraphEditor (444)
[2019.02.15-00.32.49:578][278]LogModuleManager: Shutting down and abandoning module ClassViewer (442)
[2019.02.15-00.32.49:578][278]LogModuleManager: Shutting down and abandoning module Toolbox (440)
[2019.02.15-00.32.49:578][278]LogModuleManager: Shutting down and abandoning module DesktopPlatform (439)
[2019.02.15-00.32.49:578][278]LogModuleManager: Shutting down and abandoning module ModuleUI (436)
[2019.02.15-00.32.49:578][278]LogModuleManager: Shutting down and abandoning module MovieSceneTools (434)
[2019.02.15-00.32.49:578][278]LogModuleManager: Shutting down and abandoning module OutputLog (432)
[2019.02.15-00.32.49:578][278]LogModuleManager: Shutting down and abandoning module GammaUI (430)
[2019.02.15-00.32.49:578][278]LogModuleManager: Shutting down and abandoning module Documentation (428)
[2019.02.15-00.32.49:578][278]LogModuleManager: Shutting down and abandoning module MovieSceneTracks (426)
[2019.02.15-00.32.49:578][278]LogModuleManager: Shutting down and abandoning module MovieScene (424)
[2019.02.15-00.32.49:578][278]LogModuleManager: Shutting down and abandoning module StreamingPauseRendering (422)
[2019.02.15-00.32.49:578][278]LogModuleManager: Shutting down and abandoning module LauncherPlatform (420)
[2019.02.15-00.32.49:578][278]LogModuleManager: Shutting down and abandoning module AnalyticsET (418)
[2019.02.15-00.32.49:578][278]LogModuleManager: Shutting down and abandoning module PortalServices (416)
[2019.02.15-00.32.49:578][278]LogModuleManager: Shutting down and abandoning module PortalRpc (414)
[2019.02.15-00.32.49:578][278]LogModuleManager: Shutting down and abandoning module MessagingRpc (412)
[2019.02.15-00.32.49:578][278]LogModuleManager: Shutting down and abandoning module AIModule (410)
[2019.02.15-00.32.49:578][278]LogModuleManager: Shutting down and abandoning module GameplayDebugger (409)
[2019.02.15-00.32.49:578][278]LogModuleManager: Shutting down and abandoning module AITestSuite (407)
[2019.02.15-00.32.49:578][278]LogModuleManager: Shutting down and abandoning module NavigationSystem (405)
[2019.02.15-00.32.49:578][278]LogModuleManager: Shutting down and abandoning module ProfilerService (402)
[2019.02.15-00.32.49:781][278]LogModuleManager: Shutting down and abandoning module TaskGraph (400)
[2019.02.15-00.32.49:781][278]LogModuleManager: Shutting down and abandoning module SteamVRController (398)
[2019.02.15-00.32.49:781][278]LogModuleManager: Shutting down and abandoning module ProceduralMeshComponentEditor (396)
[2019.02.15-00.32.49:781][278]LogModuleManager: Shutting down and abandoning module ProceduralMeshComponent (394)
[2019.02.15-00.32.49:781][278]LogModuleManager: Shutting down and abandoning module OculusInput (392)
[2019.02.15-00.32.49:781][278]LogModuleManager: Shutting down and abandoning module MobilePatchingUtils (390)
[2019.02.15-00.32.49:781][278]LogModuleManager: Shutting down and abandoning module EditableMesh (388)
[2019.02.15-00.32.49:781][278]LogModuleManager: Shutting down and abandoning module CustomMeshComponent (386)
[2019.02.15-00.32.49:781][278]LogModuleManager: Shutting down and abandoning module CableComponent (384)
[2019.02.15-00.32.49:781][278]LogModuleManager: Shutting down and abandoning module AudioCapture (382)
[2019.02.15-00.32.49:781][278]LogModuleManager: Shutting down and abandoning module ArchVisCharacter (380)
[2019.02.15-00.32.49:781][278]LogModuleManager: Shutting down and abandoning module AndroidPermission (378)
[2019.02.15-00.32.49:781][278]LogModuleManager: Shutting down and abandoning module NUTUnrealEngine4 (376)
[2019.02.15-00.32.49:781][278]LogModuleManager: Shutting down and abandoning module NetcodeUnitTest (374)
[2019.02.15-00.32.49:781][278]LogModuleManager: Shutting down and abandoning module MediaCompositingEditor (372)
[2019.02.15-00.32.49:782][278]LogModuleManager: Shutting down and abandoning module MediaCompositing (370)
[2019.02.15-00.32.49:782][278]LogModuleManager: Shutting down and abandoning module LinearTimecode (368)
[2019.02.15-00.32.49:782][278]LogModuleManager: Shutting down and abandoning module ImgMedia (366)
[2019.02.15-00.32.49:787][278]LogModuleManager: Shutting down and abandoning module HTML5Networking (364)
[2019.02.15-00.32.49:787][278]LogModuleManager: Shutting down and abandoning module GeometryCacheTracks (362)
[2019.02.15-00.32.49:787][278]LogModuleManager: Shutting down and abandoning module GeometryCacheSequencer (360)
[2019.02.15-00.32.49:787][278]LogModuleManager: Shutting down and abandoning module BackChannel (358)
[2019.02.15-00.32.49:787][278]LogModuleManager: Shutting down and abandoning module AppleVision (356)
[2019.02.15-00.32.49:787][278]LogModuleManager: Shutting down and abandoning module AppleImageUtils (354)
[2019.02.15-00.32.49:787][278]LogModuleManager: Shutting down and abandoning module AlembicImporter (352)
[2019.02.15-00.32.49:787][278]LogModuleManager: Shutting down and abandoning module AlembicLibrary (351)
[2019.02.15-00.32.49:788][278]LogModuleManager: Shutting down and abandoning module GeometryCache (350)
[2019.02.15-00.32.49:788][278]LogModuleManager: Shutting down and abandoning module GeometryCacheEd (349)
[2019.02.15-00.32.49:788][278]LogModuleManager: Shutting down and abandoning module DatasmithContentEditor (344)
[2019.02.15-00.32.49:788][278]LogModuleManager: Shutting down and abandoning module DatasmithContent (342)
[2019.02.15-00.32.49:788][278]LogModuleManager: Shutting down and abandoning module SpeedTreeImporter (340)
[2019.02.15-00.32.49:788][278]LogModuleManager: Shutting down and abandoning module PluginBrowser (338)
[2019.02.15-00.32.49:789][278]LogModuleManager: Shutting down and abandoning module MobileLauncherProfileWizard (336)
[2019.02.15-00.32.49:789][278]LogModuleManager: Shutting down and abandoning module PolygonModeling (334)
[2019.02.15-00.32.49:789][278]LogModuleManager: Shutting down and abandoning module MeshEditor (332)
[2019.02.15-00.32.49:789][278]LogModuleManager: Shutting down and abandoning module CryptoKeysOpenSSL (330)
[2019.02.15-00.32.49:789][278]LogModuleManager: Shutting down and abandoning module CryptoKeys (328)
[2019.02.15-00.32.49:789][278]LogModuleManager: Shutting down and abandoning module VisualStudioSourceCodeAccess (326)
[2019.02.15-00.32.49:789][278]LogModuleManager: Shutting down and abandoning module VisualStudioCodeSourceCodeAccess (324)
[2019.02.15-00.32.49:789][278]LogModuleManager: Shutting down and abandoning module UObjectPlugin (322)
[2019.02.15-00.32.49:789][278]LogModuleManager: Shutting down and abandoning module SubversionSourceControl (320)
[2019.02.15-00.32.49:789][278]LogModuleManager: Shutting down and abandoning module PerforceSourceControl (318)
[2019.02.15-00.32.49:789][278]LogModuleManager: Shutting down and abandoning module GitSourceControl (316)
[2019.02.15-00.32.49:789][278]LogModuleManager: Shutting down and abandoning module SourceControl (315)
[2019.02.15-00.32.49:789][278]LogModuleManager: Shutting down and abandoning module CLionSourceCodeAccess (312)
[2019.02.15-00.32.49:789][278]LogModuleManager: Shutting down and abandoning module LightPropagationVolumeEditor (310)
[2019.02.15-00.32.49:789][278]LogModuleManager: Shutting down and abandoning module PaperTiledImporter (308)
[2019.02.15-00.32.49:789][278]LogModuleManager: Shutting down and abandoning module PaperSpriteSheetImporter (306)
[2019.02.15-00.32.49:789][278]LogModuleManager: Shutting down and abandoning module Paper2DEditor (304)
[2019.02.15-00.32.49:790][278]LogModuleManager: Shutting down and abandoning module MeshPaint (303)
[2019.02.15-00.32.49:790][278]LogModuleManager: Shutting down and abandoning module RuntimePhysXCooking (298)
[2019.02.15-00.32.49:790][278]LogModuleManager: Shutting down and abandoning module PhysXVehiclesEditor (296)
[2019.02.15-00.32.49:790][278]LogModuleManager: Shutting down and abandoning module PhysXVehicles (294)
[2019.02.15-00.32.49:790][278]LogModuleManager: Shutting down and abandoning module OculusEditor (292)
[2019.02.15-00.32.49:790][278]LogModuleManager: Shutting down and abandoning module LocationServicesBPLibrary (290)
[2019.02.15-00.32.49:790][278]LogModuleManager: Shutting down and abandoning module ImmediatePhysicsEditor (288)
[2019.02.15-00.32.49:790][278]LogModuleManager: Shutting down and abandoning module ImmediatePhysics (286)
[2019.02.15-00.32.49:790][278]LogModuleManager: Shutting down and abandoning module ActorSequence (284)
[2019.02.15-00.32.49:790][278]LogModuleManager: Shutting down and abandoning module UdpMessaging (282)
[2019.02.15-00.32.49:891][278]LogModuleManager: Shutting down and abandoning module TcpMessaging (280)
[2019.02.15-00.32.49:992][278]LogModuleManager: Shutting down and abandoning module MagicLeapAudio (278)
[2019.02.15-00.32.49:992][278]LogModuleManager: Shutting down and abandoning module GameplayTagsEditor (276)
[2019.02.15-00.32.49:992][278]LogModuleManager: Shutting down and abandoning module FacialAnimationEditor (274)
[2019.02.15-00.32.49:992][278]LogModuleManager: Shutting down and abandoning module FacialAnimation (272)
[2019.02.15-00.32.49:992][278]LogModuleManager: Shutting down and abandoning module DataValidation (270)
[2019.02.15-00.32.49:992][278]LogModuleManager: Shutting down and abandoning module AssetManagerEditor (268)
[2019.02.15-00.32.49:992][278]LogModuleManager: Shutting down and abandoning module LevelEditor (267)
[2019.02.15-00.32.49:993][278]LogModuleManager: Shutting down and abandoning module PixelInspectorModule (266)
[2019.02.15-00.32.49:993][278]LogModuleManager: Shutting down and abandoning module CommonMenuExtensions (264)
[2019.02.15-00.32.49:993][278]LogModuleManager: Shutting down and abandoning module MainFrame (262)
[2019.02.15-00.32.49:993][278]LogModuleManager: Shutting down and abandoning module HotReload (261)
[2019.02.15-00.32.49:994][278]LogModuleManager: Shutting down and abandoning module ContentBrowser (257)
[2019.02.15-00.32.49:995][278]LogModuleManager: Shutting down and abandoning module TreeMap (255)
[2019.02.15-00.32.49:995][278]LogModuleManager: Shutting down and abandoning module LightPropagationVolumeRuntime (252)
[2019.02.15-00.32.49:995][278]LogModuleManager: Shutting down and abandoning module AISupportModule (250)
[2019.02.15-00.32.49:996][278]LogModuleManager: Shutting down and abandoning module Paper2D (248)
[2019.02.15-00.32.49:996][278]LogModuleManager: Shutting down and abandoning module WindowsMoviePlayer (246)
[2019.02.15-00.32.49:996][278]LogModuleManager: Shutting down and abandoning module WmfMedia (244)
[2019.02.15-00.32.49:998][278]LogModuleManager: Shutting down and abandoning module Media (243)
[2019.02.15-00.32.50:004][278]LogModuleManager: Shutting down and abandoning module PacketHandler (240)
[2019.02.15-00.32.50:005][278]LogModuleManager: Shutting down and abandoning module ClothingSystemEditor (238)
[2019.02.15-00.32.50:005][278]LogModuleManager: Shutting down and abandoning module ClothingSystemRuntime (236)
[2019.02.15-00.32.50:005][278]LogModuleManager: Shutting down and abandoning module MediaAssets (234)
[2019.02.15-00.32.50:005][278]LogModuleManager: Shutting down and abandoning module Overlay (232)
[2019.02.15-00.32.50:005][278]LogModuleManager: Shutting down and abandoning module OverlayEditor (231)
[2019.02.15-00.32.50:005][278]LogModuleManager: Shutting down and abandoning module VREditor (228)
[2019.02.15-00.32.50:005][278]LogModuleManager: Shutting down and abandoning module StringTableEditor (226)
[2019.02.15-00.32.50:005][278]LogModuleManager: Shutting down and abandoning module GameplayTasksEditor (224)
[2019.02.15-00.32.50:005][278]LogModuleManager: Shutting down and abandoning module BehaviorTreeEditor (222)
[2019.02.15-00.32.50:005][278]LogModuleManager: Shutting down and abandoning module FunctionalTesting (220)
[2019.02.15-00.32.50:005][278]LogModuleManager: Shutting down and abandoning module CollisionAnalyzer (218)
[2019.02.15-00.32.50:005][278]LogModuleManager: Shutting down and abandoning module WorkspaceMenuStructure (217)
[2019.02.15-00.32.50:005][278]LogModuleManager: Shutting down and abandoning module UMG (214)
[2019.02.15-00.32.50:005][278]LogModuleManager: Shutting down and abandoning module UMGEditor (213)
[2019.02.15-00.32.50:005][278]LogModuleManager: Shutting down and abandoning module Sequencer (212)
[2019.02.15-00.32.50:006][278]LogModuleManager: Shutting down and abandoning module MessageLog (209)
[2019.02.15-00.32.50:006][278]LogModuleManager: Shutting down and abandoning module SlateReflector (204)
[2019.02.15-00.32.50:006][278]LogModuleManager: Shutting down and abandoning module Slate (202)
[2019.02.15-00.32.50:006][278]LogModuleManager: Shutting down and abandoning module EditorStyle (200)
[2019.02.15-00.32.50:009][278]LogModuleManager: Shutting down and abandoning module MRMesh (198)
[2019.02.15-00.32.50:009][278]LogModuleManager: Shutting down and abandoning module SourceCodeAccess (196)
[2019.02.15-00.32.50:009][278]LogModuleManager: Shutting down and abandoning module HeadMountedDisplay (194)
[2019.02.15-00.32.50:009][278]LogModuleManager: Shutting down and abandoning module XAudio2 (192)
[2019.02.15-00.32.50:009][278]LogModuleManager: Shutting down and abandoning module Networking (190)
[2019.02.15-00.32.50:009][278]LogModuleManager: Shutting down and abandoning module Core (188)
[2019.02.15-00.32.50:009][278]LogModuleManager: Shutting down and abandoning module LevelSequence (186)
[2019.02.15-00.32.50:009][278]LogModuleManager: Shutting down and abandoning module KismetCompiler (184)
[2019.02.15-00.32.50:009][278]LogModuleManager: Shutting down and abandoning module MeshUtilities (182)
[2019.02.15-00.32.50:009][278]LogModuleManager: Shutting down and abandoning module MeshMergeUtilities (181)
[2019.02.15-00.32.50:009][278]LogModuleManager: Shutting down and abandoning module MeshReductionInterface (180)
[2019.02.15-00.32.50:009][278]LogModuleManager: Shutting down and abandoning module SimplygonSwarm (179)
[2019.02.15-00.32.50:009][278]LogModuleManager: Shutting down and abandoning module ProxyLODMeshReduction (177)
[2019.02.15-00.32.50:009][278]LogModuleManager: Shutting down and abandoning module SimplygonMeshReduction (175)
[2019.02.15-00.32.50:009][278]LogModuleManager: Shutting down and abandoning module QuadricMeshReduction (173)
[2019.02.15-00.32.50:009][278]LogModuleManager: Shutting down and abandoning module MaterialBaking (169)
[2019.02.15-00.32.50:009][278]LogModuleManager: Shutting down and abandoning module DirectoryWatcher (165)
[2019.02.15-00.32.50:010][278]LogModuleManager: Shutting down and abandoning module DerivedDataCache (162)
[2019.02.15-00.32.50:104][278]LogDerivedDataCache: Shutdown
[2019.02.15-00.32.50:104][278]LogModuleManager: Shutting down and abandoning module XGEController (160)
[2019.02.15-00.32.50:104][278]LogXGEController: Cleaning working directory: C:/Users/rh27u/AppData/Local/Temp/UnrealXGEWorkingDir/
[2019.02.15-00.32.50:105][278]LogModuleManager: Shutting down and abandoning module TargetPlatform (158)
[2019.02.15-00.32.50:105][278]LogModuleManager: Shutting down and abandoning module VulkanShaderFormat (157)
[2019.02.15-00.32.50:105][278]LogModuleManager: Shutting down and abandoning module ShaderFormatVectorVM (155)
[2019.02.15-00.32.50:105][278]LogModuleManager: Shutting down and abandoning module ShaderFormatOpenGL (153)
[2019.02.15-00.32.50:105][278]LogModuleManager: Shutting down and abandoning module ShaderFormatD3D (151)
[2019.02.15-00.32.50:105][278]LogModuleManager: Shutting down and abandoning module MetalShaderFormat (149)
[2019.02.15-00.32.50:105][278]LogModuleManager: Shutting down and abandoning module TextureFormatUncompressed (147)
[2019.02.15-00.32.50:105][278]LogModuleManager: Shutting down and abandoning module TextureFormatPVR (145)
[2019.02.15-00.32.50:105][278]LogModuleManager: Shutting down and abandoning module TextureFormatDXT (143)
[2019.02.15-00.32.50:105][278]LogModuleManager: Shutting down and abandoning module TextureFormatIntelISPCTexComp (141)
[2019.02.15-00.32.50:105][278]LogModuleManager: Shutting down and abandoning module TextureFormatASTC (139)
[2019.02.15-00.32.50:105][278]LogModuleManager: Shutting down and abandoning module ImageWrapper (138)
[2019.02.15-00.32.50:105][278]LogModuleManager: Shutting down and abandoning module TextureFormatAndroid (135)
[2019.02.15-00.32.50:105][278]LogModuleManager: Shutting down and abandoning module AudioFormatOpus (133)
[2019.02.15-00.32.50:105][278]LogModuleManager: Shutting down and abandoning module AudioFormatOgg (131)
[2019.02.15-00.32.50:105][278]LogModuleManager: Shutting down and abandoning module AudioFormatADPCM (129)
[2019.02.15-00.32.50:105][278]LogModuleManager: Shutting down and abandoning module LuminTargetPlatform (127)
[2019.02.15-00.32.50:105][278]LogModuleManager: Shutting down and abandoning module LinuxTargetPlatform (125)
[2019.02.15-00.32.50:105][278]LogModuleManager: Shutting down and abandoning module LinuxServerTargetPlatform (123)
[2019.02.15-00.32.50:105][278]LogModuleManager: Shutting down and abandoning module LinuxNoEditorTargetPlatform (121)
[2019.02.15-00.32.50:105][278]LogModuleManager: Shutting down and abandoning module LinuxClientTargetPlatform (119)
[2019.02.15-00.32.50:105][278]LogModuleManager: Shutting down and abandoning module TVOSTargetPlatform (117)
[2019.02.15-00.32.50:106][278]LogModuleManager: Shutting down and abandoning module Messaging (115)
[2019.02.15-00.32.50:106][278]LogModuleManager: Shutting down and abandoning module IOSTargetPlatform (113)
[2019.02.15-00.32.50:107][278]LogModuleManager: Shutting down and abandoning module HTML5TargetPlatform (111)
[2019.02.15-00.32.50:107][278]LogModuleManager: Shutting down and abandoning module AndroidTargetPlatform (109)
[2019.02.15-00.32.50:117][278]LogModuleManager: Shutting down and abandoning module WindowsTargetPlatform (107)
[2019.02.15-00.32.50:117][278]LogModuleManager: Shutting down and abandoning module WindowsServerTargetPlatform (105)
[2019.02.15-00.32.50:117][278]LogModuleManager: Shutting down and abandoning module WindowsNoEditorTargetPlatform (103)
[2019.02.15-00.32.50:117][278]LogModuleManager: Shutting down and abandoning module WindowsClientTargetPlatform (101)
[2019.02.15-00.32.50:117][278]LogModuleManager: Shutting down and abandoning module MacTargetPlatform (99)
[2019.02.15-00.32.50:117][278]LogModuleManager: Shutting down and abandoning module MacServerTargetPlatform (97)
[2019.02.15-00.32.50:117][278]LogModuleManager: Shutting down and abandoning module MacNoEditorTargetPlatform (95)
[2019.02.15-00.32.50:117][278]LogModuleManager: Shutting down and abandoning module MacClientTargetPlatform (93)
[2019.02.15-00.32.50:117][278]LogModuleManager: Shutting down and abandoning module AllDesktopTargetPlatform (91)
[2019.02.15-00.32.50:117][278]LogModuleManager: Shutting down and abandoning module InputCore (88)
[2019.02.15-00.32.50:117][278]LogModuleManager: Shutting down and abandoning module Settings (86)
[2019.02.15-00.32.50:118][278]LogModuleManager: Shutting down and abandoning module PhysXCooking (84)
[2019.02.15-00.32.50:118][278]LogModuleManager: Shutting down and abandoning module SteamVR (82)
[2019.02.15-00.32.50:118][278]LogModuleManager: Shutting down and abandoning module OculusHMD (80)
[2019.02.15-00.32.50:118][278]LogModuleManager: Shutting down and abandoning module ExampleDeviceProfileSelector (78)
[2019.02.15-00.32.50:118][278]LogModuleManager: Shutting down and abandoning module LauncherChunkInstaller (76)
[2019.02.15-00.32.50:118][278]LogModuleManager: Shutting down and abandoning module OnlineBlueprintSupport (74)
[2019.02.15-00.32.50:118][278]LogModuleManager: Shutting down and abandoning module OnlineSubsystem (70)
[2019.02.15-00.32.50:119][278]LogModuleManager: Shutting down and abandoning module XMPP (65)
[2019.02.15-00.32.50:119][278]LogModuleManager: Shutting down and abandoning module WebSockets (64)
[2019.02.15-00.32.50:125][278]LogModuleManager: Shutting down and abandoning module HTTP (61)
[2019.02.15-00.32.50:125][278]LogHttp: Display: Http module shutting down, but needs to wait on 2 outstanding Http requests:
[2019.02.15-00.32.50:126][278]LogHttp: Display: 	verb=[POST] url=[https://datarouter.ol.epicgames.com/datarouter/api/v1/public/data?SessionID=%7B10EC792B-41CB-1A50-0406-CB82DC6ECFC0%7D&AppID=UEEditor.Rocket.Release&AppVersion=4.20.3-4369336%2B%2B%2BUE4%2BRelease-4.20&UserID=ca0ba5b344a25a42bbbc08942dd4813d%7Cb9852a78c7114a83b7ea6e814f6762fe%7C843bd5b5-059e-4577-8c18-b86abac9c02d&AppEnvironment=datacollector-binary&UploadType=eteventstream] status=Processing
[2019.02.15-00.32.50:126][278]LogHttp: Display: 	verb=[POST] url=[https://datarouter.ol.epicgames.com/datarouter/api/v1/public/data?SessionID=%7B10EC792B-41CB-1A50-0406-CB82DC6ECFC0%7D&AppID=UEEditor.Rocket.Release&AppVersion=4.20.3-4369336%2B%2B%2BUE4%2BRelease-4.20&UserID=ca0ba5b344a25a42bbbc08942dd4813d%7Cb9852a78c7114a83b7ea6e814f6762fe%7C843bd5b5-059e-4577-8c18-b86abac9c02d&AppEnvironment=datacollector-binary&UploadType=eteventstream] status=Processing
[2019.02.15-00.32.50:160][278]LogModuleManager: Shutting down and abandoning module SSL (60)
[2019.02.15-00.32.50:162][278]LogModuleManager: Shutting down and abandoning module MagicLeapEmulator (56)
[2019.02.15-00.32.50:162][278]LogModuleManager: Shutting down and abandoning module MagicLeapPrivileges (54)
[2019.02.15-00.32.50:162][278]LogModuleManager: Shutting down and abandoning module MagicLeapIdentity (52)
[2019.02.15-00.32.50:162][278]LogModuleManager: Shutting down and abandoning module MagicLeapHelperVulkan (50)
[2019.02.15-00.32.50:162][278]LogModuleManager: Shutting down and abandoning module MagicLeapHelperOpenGL (48)
[2019.02.15-00.32.50:162][278]LogModuleManager: Shutting down and abandoning module MagicLeapSecureStorage (46)
[2019.02.15-00.32.50:162][278]LogModuleManager: Shutting down and abandoning module MagicLeapGestures (44)
[2019.02.15-00.32.50:162][278]LogModuleManager: Shutting down and abandoning module MagicLeapEyeTracker (42)
[2019.02.15-00.32.50:162][278]LogModuleManager: Shutting down and abandoning module MagicLeapController (40)
[2019.02.15-00.32.50:162][278]LogSlate: Slate User Destroyed.  User Index 0, Is Virtual User: 0
[2019.02.15-00.32.50:162][278]LogModuleManager: Shutting down and abandoning module MagicLeap (38)
[2019.02.15-00.32.50:162][278]LogModuleManager: Shutting down and abandoning module AnimationModifiers (36)
[2019.02.15-00.32.50:162][278]LogModuleManager: Shutting down and abandoning module PropertyEditor (35)
[2019.02.15-00.32.50:162][278]LogModuleManager: Shutting down and abandoning module AudioEditor (32)
[2019.02.15-00.32.50:162][278]LogModuleManager: Shutting down and abandoning module TextureCompressor (30)
[2019.02.15-00.32.50:162][278]LogModuleManager: Shutting down and abandoning module ShaderCore (28)
[2019.02.15-00.32.50:162][278]LogModuleManager: Shutting down and abandoning module Landscape (26)
[2019.02.15-00.32.50:162][278]LogModuleManager: Shutting down and abandoning module SlateRHIRenderer (24)
[2019.02.15-00.32.50:163][278]LogModuleManager: Shutting down and abandoning module OpenGLDrv (22)
[2019.02.15-00.32.50:163][278]LogModuleManager: Shutting down and abandoning module D3D11RHI (20)
[2019.02.15-00.32.50:163][278]LogModuleManager: Shutting down and abandoning module AnimGraphRuntime (18)
[2019.02.15-00.32.50:163][278]LogModuleManager: Shutting down and abandoning module Renderer (16)
[2019.02.15-00.32.50:163][278]LogModuleManager: Shutting down and abandoning module Engine (14)
[2019.02.15-00.32.50:163][278]LogModuleManager: Shutting down and abandoning module CoreUObject (12)
[2019.02.15-00.32.50:163][278]LogModuleManager: Shutting down and abandoning module NetworkFile (10)
[2019.02.15-00.32.50:163][278]LogModuleManager: Shutting down and abandoning module CookedIterativeFile (8)
[2019.02.15-00.32.50:163][278]LogModuleManager: Shutting down and abandoning module StreamingFile (6)
[2019.02.15-00.32.50:163][278]LogModuleManager: Shutting down and abandoning module SandboxFile (4)
[2019.02.15-00.32.50:163][278]LogModuleManager: Shutting down and abandoning module PakFile (2)
[2019.02.15-00.32.50:172][278]LogExit: Exiting.
[2019.02.15-00.32.50:184][278]Log file closed, 02/15/19 00:32:50
