Log file open, 02/15/19 00:21:26
LogWindows: Failed to load 'aqProf.dll' (GetLastError=126)
LogWindows: File 'aqProf.dll' does not exist
LogWindows: Failed to load 'VSPerf140.dll' (GetLastError=126)
LogWindows: File 'VSPerf140.dll' does not exist
LogWindows: Failed to load 'VtuneApi.dll' (GetLastError=126)
LogWindows: File 'VtuneApi.dll' does not exist
LogWindows: Failed to load 'VtuneApi32e.dll' (GetLastError=126)
LogWindows: File 'VtuneApi32e.dll' does not exist
LogInit: Display: Running engine for game: Castleforce
LogPlatformFile: Not using cached read wrapper
LogTaskGraph: Started task graph with 5 named threads and 23 total threads with 3 sets of task threads.
LogStats: Stats thread started at 0.421625
LogD3D11RHI: Loaded GFSDK_Aftermath_Lib.x64.dll
LogICUInternationalization: Display: ICU TimeZone Detection - Raw Offset: +0:00, Platform Override: ''
LogPluginManager: Mounting plugin Paper2D
LogPluginManager: Mounting plugin AISupport
LogPluginManager: Mounting plugin LightPropagationVolume
LogPluginManager: Mounting plugin CLionSourceCodeAccess
LogPluginManager: Mounting plugin CodeLiteSourceCodeAccess
LogPluginManager: Mounting plugin GitSourceControl
LogPluginManager: Mounting plugin KDevelopSourceCodeAccess
LogPluginManager: Mounting plugin NullSourceCodeAccess
LogPluginManager: Mounting plugin PerforceSourceControl
LogPluginManager: Mounting plugin SubversionSourceControl
LogPluginManager: Mounting plugin UObjectPlugin
LogPluginManager: Mounting plugin VisualStudioCodeSourceCodeAccess
LogPluginManager: Mounting plugin VisualStudioSourceCodeAccess
LogPluginManager: Mounting plugin XCodeSourceCodeAccess
LogPluginManager: Mounting plugin AssetManagerEditor
LogPluginManager: Mounting plugin CryptoKeys
LogPluginManager: Mounting plugin DataValidation
LogPluginManager: Mounting plugin FacialAnimation
LogPluginManager: Mounting plugin GameplayTagsEditor
LogPluginManager: Mounting plugin MacGraphicsSwitching
LogPluginManager: Mounting plugin MeshEditor
LogPluginManager: Mounting plugin MobileLauncherProfileWizard
LogPluginManager: Mounting plugin PluginBrowser
LogPluginManager: Mounting plugin SpeedTreeImporter
LogPluginManager: Mounting plugin DatasmithContent
LogPluginManager: Mounting plugin AlembicImporter
LogPluginManager: Mounting plugin AppleImageUtils
LogPluginManager: Mounting plugin AppleVision
LogPluginManager: Mounting plugin BackChannel
LogPluginManager: Mounting plugin CharacterAI
LogPluginManager: Mounting plugin GeometryCache
LogPluginManager: Mounting plugin HTML5Networking
LogPluginManager: Mounting plugin ProxyLODPlugin
LogPluginManager: Mounting plugin MagicLeap
LogPluginManager: Mounting plugin MagicLeapEmulator
LogPluginManager: Mounting plugin MagicLeapMedia
LogPluginManager: Mounting plugin AndroidMedia
LogPluginManager: Mounting plugin AvfMedia
LogPluginManager: Mounting plugin ImgMedia
LogPluginManager: Mounting plugin LinearTimecode
LogPluginManager: Mounting plugin MediaCompositing
LogPluginManager: Mounting plugin MediaPlayerEditor
LogPluginManager: Mounting plugin WmfMedia
LogPluginManager: Mounting plugin TcpMessaging
LogPluginManager: Mounting plugin UdpMessaging
LogPluginManager: Mounting plugin ActorSequence
LogPluginManager: Mounting plugin LevelSequenceEditor
LogPluginManager: Mounting plugin MatineeToLevelSequence
LogPluginManager: Mounting plugin NetcodeUnitTest
LogPluginManager: Mounting plugin NUTUnrealEngine4
LogPluginManager: Mounting plugin OnlineSubsystemGooglePlay
LogPluginManager: Mounting plugin OnlineSubsystemIOS
LogPluginManager: Mounting plugin OnlineSubsystem
LogPluginManager: Mounting plugin OnlineSubsystemNull
LogPluginManager: Mounting plugin OnlineSubsystemUtils
LogPluginManager: Mounting plugin LauncherChunkInstaller
LogPluginManager: Mounting plugin AndroidDeviceProfileSelector
LogPluginManager: Mounting plugin AndroidMoviePlayer
LogPluginManager: Mounting plugin AndroidPermission
LogPluginManager: Mounting plugin AppleMoviePlayer
LogPluginManager: Mounting plugin ArchVisCharacter
LogPluginManager: Mounting plugin AudioCapture
LogPluginManager: Mounting plugin CableComponent
LogPluginManager: Mounting plugin CustomMeshComponent
LogPluginManager: Mounting plugin EditableMesh
LogPluginManager: Mounting plugin ExampleDeviceProfileSelector
LogPluginManager: Mounting plugin GoogleCloudMessaging
LogPluginManager: Mounting plugin ImmediatePhysics
LogPluginManager: Mounting plugin IOSDeviceProfileSelector
LogPluginManager: Mounting plugin LinuxDeviceProfileSelector
LogPluginManager: Mounting plugin LocationServicesBPLibrary
LogPluginManager: Mounting plugin MobilePatchingUtils
LogPluginManager: Mounting plugin OculusVR
LogPluginManager: Plugin shader directory ../../../Engine/Plugins/Runtime/Oculus/OculusVR/Shaders found
LogPluginManager: Mapping shader source directory ../../../Engine/Plugins/Runtime/Oculus/OculusVR/Shaders to virtual directory /Plugin/OculusVR
LogPluginManager: Mounting plugin PhysXVehicles
LogPluginManager: Mounting plugin ProceduralMeshComponent
LogPluginManager: Mounting plugin RuntimePhysXCooking
LogPluginManager: Mounting plugin SteamVR
LogPluginManager: Mounting plugin WindowsMoviePlayer
LogStreaming: Display: Took  0.216s to configure plugins.
LogInit: Using libcurl 7.55.1-DEV
LogInit:  - built for x86_64-pc-win32
LogInit:  - supports SSL with OpenSSL/1.0.2h
LogInit:  - supports HTTP deflate (compression) using libz 1.2.8
LogInit:  - other features:
LogInit:      CURL_VERSION_SSL
LogInit:      CURL_VERSION_LIBZ
LogInit:      CURL_VERSION_IPV6
LogInit:      CURL_VERSION_ASYNCHDNS
LogInit:      CURL_VERSION_LARGEFILE
LogInit:      CURL_VERSION_IDN
LogInit:  CurlRequestOptions (configurable via config and command line):
LogInit:  - bVerifyPeer = false  - Libcurl will NOT verify peer certificate
LogInit:  - bUseHttpProxy = false  - Libcurl will NOT use HTTP proxy
LogInit:  - bDontReuseConnections = false  - Libcurl will reuse connections
LogInit:  - CertBundlePath = nullptr  - Libcurl will use whatever was configured at build time.
LogInit:  - MaxHostConnections = 16  - Libcurl will limit the number of connections to a host
LogInit:  - LocalHostAddr = Default
LogInit:  - BufferSize = 65536
LogInit: WinSock: version 1.1 (2.2), MaxSocks=32767, MaxUdp=65467
LogInit: Build: ++UE4+Release-4.20-CL-4369336
LogInit: Engine Version: 4.20.3-4369336+++UE4+Release-4.20
LogInit: Compatible Engine Version: 4.20.0-4212847+++UE4+Release-4.20
LogInit: Net CL: 4212847
LogInit: OS: Windows 10 (), CPU: AMD FX(tm)-8350 Eight-Core Processor           , GPU: NVIDIA GeForce GTX 1070 Ti
LogInit: Compiled (64-bit): Sep 17 2018 12:26:19
LogInit: Compiled with Visual C++: 19.13.26129.00
LogInit: Build Configuration: Development
LogInit: Branch Name: ++UE4+Release-4.20
LogInit: Command Line:  -skipcompile
LogInit: Base Directory: D:/Unreal/Engine/UE_4.20/Engine/Binaries/Win64/
LogInit: Installed Engine Build: 1
LogDevObjectVersion: Number of dev versions registered: 20
LogDevObjectVersion:   Dev-Blueprints (B0D832E4-1F89-4F0D-ACCF-7EB736FD4AA2): 10
LogDevObjectVersion:   Dev-Build (E1C64328-A22C-4D53-A36C-8E866417BD8C): 0
LogDevObjectVersion:   Dev-Core (375EC13C-06E4-48FB-B500-84F0262A717E): 2
LogDevObjectVersion:   Dev-Editor (E4B068ED-F494-42E9-A231-DA0B2E46BB41): 24
LogDevObjectVersion:   Dev-Framework (CFFC743F-43B0-4480-9391-14DF171D2073): 34
LogDevObjectVersion:   Dev-Mobile (B02B49B5-BB20-44E9-A304-32B752E40360): 2
LogDevObjectVersion:   Dev-Networking (A4E4105C-59A1-49B5-A7C5-40C4547EDFEE): 0
LogDevObjectVersion:   Dev-Online (39C831C9-5AE6-47DC-9A44-9C173E1C8E7C): 0
LogDevObjectVersion:   Dev-Physics (78F01B33-EBEA-4F98-B9B4-84EACCB95AA2): 0
LogDevObjectVersion:   Dev-Platform (6631380F-2D4D-43E0-8009-CF276956A95A): 0
LogDevObjectVersion:   Dev-Rendering (12F88B9F-8875-4AFC-A67C-D90C383ABD29): 26
LogDevObjectVersion:   Dev-Sequencer (7B5AE74C-D270-4C10-A958-57980B212A5A): 9
LogDevObjectVersion:   Dev-VR (D7296918-1DD6-4BDD-9DE2-64A83CC13884): 2
LogDevObjectVersion:   Dev-LoadTimes (C2A15278-BFE7-4AFE-6C17-90FF531DF755): 1
LogDevObjectVersion:   Private-Geometry (6EACA3D4-40EC-4CC1-B786-8BED09428FC5): 3
LogDevObjectVersion:   Dev-AnimPhys (29E575DD-E0A3-4627-9D10-D276232CDCEA): 17
LogDevObjectVersion:   Dev-ReflectionCapture (6B266CEC-1EC7-4B8F-A30B-E4D90942FC07): 1
LogDevObjectVersion:   Dev-Automation (0DF73D61-A23F-47EA-B727-89E90C41499A): 1
LogDevObjectVersion:   FortniteMain (601D1886-AC64-4F84-AA16-D3DE0DEAC7D6): 12
LogDevObjectVersion:   Dev-Enterprise (9DFFBCD6-494F-0158-E221-12823C92A888): 1
LogStreaming: Display: Took  0.003s to delete old logs.
LogInit: Presizing for max 8388607 objects, including 0 objects not considered by GC, pre-allocating 0 bytes for permanent pool.
LogInit: Object subsystem initialized
[2019.02.15-00.21.26:951][  0]LogInit: Selected Device Profile: [Windows]
[2019.02.15-00.21.26:951][  0]LogInit: Applying CVar settings loaded from the selected device profile: [Windows]
[2019.02.15-00.21.26:976][  0]LogHAL: Display: Platform has ~ 8 GB [8484548608 / 8589934592 / 8], which maps to Default [LargestMinGB=32, LargerMinGB=12, DefaultMinGB=8, SmallerMinGB=6, SmallestMinGB=0)
[2019.02.15-00.21.26:977][  0]LogInit: Setting Device Profile CVar: [[r.Vulkan.UseRealUBs:1]]
[2019.02.15-00.21.26:977][  0]LogInit: Going up to parent DeviceProfile []
[2019.02.15-00.21.26:977][  0]LogInit: Computer: DESKTOP-TLUBEOD
[2019.02.15-00.21.26:978][  0]LogInit: User: rh27u
[2019.02.15-00.21.26:978][  0]LogInit: CPU Page size=4096, Cores=4
[2019.02.15-00.21.26:978][  0]LogInit: High frequency timer resolution =3.919334 MHz
[2019.02.15-00.21.26:978][  0]LogMemory: Memory total: Physical=7.9GB (8GB approx)
[2019.02.15-00.21.26:978][  0]LogMemory: Platform Memory Stats for Windows
[2019.02.15-00.21.26:978][  0]LogMemory: Process Physical Memory: 101.05 MB used, 101.05 MB peak
[2019.02.15-00.21.26:979][  0]LogMemory: Process Virtual Memory: 87.46 MB used, 87.46 MB peak
[2019.02.15-00.21.26:979][  0]LogMemory: Physical Memory: 4804.52 MB used,  3286.98 MB free, 8091.50 MB total
[2019.02.15-00.21.26:979][  0]LogMemory: Virtual Memory: 4641.60 MB used,  3286.98 MB free, 134217728.00 MB total
[2019.02.15-00.21.27:120][  0]LogInit: Using OS detected language (en-US).
[2019.02.15-00.21.27:120][  0]LogInit: Using OS detected locale (en-GB).
[2019.02.15-00.21.27:122][  0]LogTextLocalizationManager: No specific localization for 'en-US' exists, so the 'en' localization will be used.
[2019.02.15-00.21.27:602][  0]LogStreaming: Display: Took  0.482s to InitEngineTextLocalization.
[2019.02.15-00.21.27:603][  0]LogInit: Setting process to per monitor DPI aware
[2019.02.15-00.21.27:686][  0]LogSlate: New Slate User Created.  User Index 0, Is Virtual User: 0
[2019.02.15-00.21.27:686][  0]LogSlate: Slate User Registered.  User Index 0, Is Virtual User: 0
[2019.02.15-00.21.28:123][  0]LogHMD: Failed to initialize OpenVR with code 110
[2019.02.15-00.21.28:123][  0]LogD3D11RHI: D3D11 adapters:
[2019.02.15-00.21.28:234][  0]LogD3D11RHI:    0. 'NVIDIA GeForce GTX 1070 Ti' (Feature Level 11_0)
[2019.02.15-00.21.28:234][  0]LogD3D11RHI:       8080/0/4045 MB DedicatedVideo/DedicatedSystem/SharedSystem, Outputs:3, VendorId:0x10de
[2019.02.15-00.21.28:239][  0]LogD3D11RHI:    1. 'Microsoft Basic Render Driver' (Feature Level 11_0)
[2019.02.15-00.21.28:240][  0]LogD3D11RHI:       0/0/4045 MB DedicatedVideo/DedicatedSystem/SharedSystem, Outputs:0, VendorId:0x1414
[2019.02.15-00.21.28:240][  0]LogD3D11RHI: Chosen D3D11 Adapter: 0
[2019.02.15-00.21.28:250][  0]LogD3D11RHI: Creating new Direct3DDevice
[2019.02.15-00.21.28:250][  0]LogD3D11RHI:     GPU DeviceId: 0x1b82 (for the marketing name, search the web for "GPU Device Id")
[2019.02.15-00.21.28:250][  0]LogWindows: EnumDisplayDevices:
[2019.02.15-00.21.28:250][  0]LogWindows:    0. 'NVIDIA GeForce GTX 1070 Ti' (P:0 D:1)
[2019.02.15-00.21.28:251][  0]LogWindows:    1. 'NVIDIA GeForce GTX 1070 Ti' (P:1 D:1)
[2019.02.15-00.21.28:251][  0]LogWindows:    2. 'NVIDIA GeForce GTX 1070 Ti' (P:0 D:1)
[2019.02.15-00.21.28:252][  0]LogWindows:    3. 'NVIDIA GeForce GTX 1070 Ti' (P:0 D:0)
[2019.02.15-00.21.28:252][  0]LogWindows: DebugString: FoundDriverCount:4 
[2019.02.15-00.21.28:252][  0]LogD3D11RHI:     Adapter Name: NVIDIA GeForce GTX 1070 Ti
[2019.02.15-00.21.28:252][  0]LogD3D11RHI:   Driver Version: 417.35 (internal:25.21.14.1735, unified:417.35)
[2019.02.15-00.21.28:252][  0]LogD3D11RHI:      Driver Date: 12-11-2018
[2019.02.15-00.21.28:252][  0]LogRHI: Texture pool is 5656 MB (70% of 8080 MB)
[2019.02.15-00.21.28:320][  0]LogD3D11RHI: Async texture creation enabled
[2019.02.15-00.21.28:344][  0]LogD3D11RHI: GPU Timing Frequency: 1000.000000 (Debug: 2 2)
[2019.02.15-00.21.28:448][  0]LogShaderCompilers: Guid format shader working directory is -32 characters bigger than the processId version (../../../../../../Shitty UE4 Games I Make/Castleforce/castleforce/Castleforce/Intermediate/Shaders/WorkingDirectory/14372/).
[2019.02.15-00.21.28:448][  0]LogShaderCompilers: Cleaned the shader compiler working directory 'C:/Users/rh27u/AppData/Local/Temp/UnrealShaderWorkingDir/00BE87794A4E31A5E6BE92BF2ED0BA2B/'.
[2019.02.15-00.21.28:812][  0]LogTemp: Display: Loaded TP AllDesktopTargetPlatform
[2019.02.15-00.21.28:838][  0]LogTemp: Display: Loaded TP MacClientTargetPlatform
[2019.02.15-00.21.28:860][  0]LogTemp: Display: Loaded TP MacNoEditorTargetPlatform
[2019.02.15-00.21.28:883][  0]LogTemp: Display: Loaded TP MacServerTargetPlatform
[2019.02.15-00.21.28:905][  0]LogTemp: Display: Loaded TP MacTargetPlatform
[2019.02.15-00.21.28:928][  0]LogTemp: Display: Loaded TP WindowsClientTargetPlatform
[2019.02.15-00.21.28:951][  0]LogTemp: Display: Loaded TP WindowsNoEditorTargetPlatform
[2019.02.15-00.21.28:973][  0]LogTemp: Display: Loaded TP WindowsServerTargetPlatform
[2019.02.15-00.21.28:986][  0]LogTemp: Display: Loaded TP WindowsTargetPlatform
[2019.02.15-00.21.29:119][  0]LogTemp: Display: Loaded TP AndroidTargetPlatform
[2019.02.15-00.21.29:119][  0]LogTemp: Display: Loaded TP AndroidTargetPlatform
[2019.02.15-00.21.29:119][  0]LogTemp: Display: Loaded TP AndroidTargetPlatform
[2019.02.15-00.21.29:119][  0]LogTemp: Display: Loaded TP AndroidTargetPlatform
[2019.02.15-00.21.29:119][  0]LogTemp: Display: Loaded TP AndroidTargetPlatform
[2019.02.15-00.21.29:119][  0]LogTemp: Display: Loaded TP AndroidTargetPlatform
[2019.02.15-00.21.29:119][  0]LogTemp: Display: Loaded TP AndroidTargetPlatform
[2019.02.15-00.21.29:119][  0]LogTemp: Display: Loaded TP AndroidTargetPlatform
[2019.02.15-00.21.29:120][  0]LogTemp: Display: Loaded TP AndroidTargetPlatform
[2019.02.15-00.21.29:120][  0]LogTemp: Display: Loaded TP AndroidTargetPlatform
[2019.02.15-00.21.29:120][  0]LogTemp: Display: Loaded TP AndroidTargetPlatform
[2019.02.15-00.21.29:120][  0]LogTemp: Display: Loaded TP AndroidTargetPlatform
[2019.02.15-00.21.29:120][  0]LogTemp: Display: Loaded TP AndroidTargetPlatform
[2019.02.15-00.21.29:120][  0]LogTemp: Display: Loaded TP AndroidTargetPlatform
[2019.02.15-00.21.29:120][  0]LogTemp: Display: Loaded TP AndroidTargetPlatform
[2019.02.15-00.21.29:120][  0]LogTemp: Display: Loaded TP AndroidTargetPlatform
[2019.02.15-00.21.29:120][  0]LogTemp: Display: Loaded TP AndroidTargetPlatform
[2019.02.15-00.21.29:120][  0]LogTemp: Display: Loaded TP AndroidTargetPlatform
[2019.02.15-00.21.29:125][  0]LogTemp: Display: Loaded TP HTML5TargetPlatform
[2019.02.15-00.21.29:208][  0]LogTemp: Display: Loaded TP IOSTargetPlatform
[2019.02.15-00.21.29:208][  0]LogTemp: Display: Loaded TP IOSTargetPlatform
[2019.02.15-00.21.29:247][  0]LogTemp: Display: Loaded TP TVOSTargetPlatform
[2019.02.15-00.21.29:248][  0]LogTemp: Display: Loaded TP TVOSTargetPlatform
[2019.02.15-00.21.29:269][  0]LogTemp: Display: Loaded TP LinuxClientTargetPlatform
[2019.02.15-00.21.29:292][  0]LogTemp: Display: Loaded TP LinuxNoEditorTargetPlatform
[2019.02.15-00.21.29:315][  0]LogTemp: Display: Loaded TP LinuxServerTargetPlatform
[2019.02.15-00.21.29:338][  0]LogTemp: Display: Loaded TP LinuxTargetPlatform
[2019.02.15-00.21.29:355][  0]LogTemp: Display: Loaded TP LuminTargetPlatform
[2019.02.15-00.21.29:355][  0]LogTargetPlatformManager: Display: Building Assets For Windows
[2019.02.15-00.21.29:478][  0]LogXGEController: Cleaning working directory: C:/Users/rh27u/AppData/Local/Temp/UnrealXGEWorkingDir/
[2019.02.15-00.21.29:478][  0]LogXGEController: Cannot use XGE Controller as Incredibuild is not installed on this machine.
[2019.02.15-00.21.29:478][  0]LogShaderCompilers: Cannot use XGE Shader Compiler as Incredibuild is not installed on this machine.
[2019.02.15-00.21.29:478][  0]LogShaderCompilers: Display: Using Local Shader Compiler.
[2019.02.15-00.21.30:578][  0]LogDerivedDataCache: Display: Max Cache Size: 512 MB
[2019.02.15-00.21.30:665][  0]LogDerivedDataCache: Loaded boot cache 0.09s 71MB C:/Users/rh27u/AppData/Local/UnrealEngine/4.20/DerivedDataCache/Boot.ddc.
[2019.02.15-00.21.30:666][  0]LogDerivedDataCache: Display: Loaded Boot cache: C:/Users/rh27u/AppData/Local/UnrealEngine/4.20/DerivedDataCache/Boot.ddc
[2019.02.15-00.21.30:666][  0]LogDerivedDataCache: FDerivedDataBackendGraph:  Pak pak cache file ../../../../../../Shitty UE4 Games I Make/Castleforce/castleforce/Castleforce/DerivedDataCache/DDC.ddp not found, will not use a pak cache.
[2019.02.15-00.21.30:666][  0]LogDerivedDataCache: Unable to find inner node Pak for hierarchical cache Hierarchy.
[2019.02.15-00.21.30:666][  0]LogDerivedDataCache: FDerivedDataBackendGraph:  CompressedPak pak cache file ../../../../../../Shitty UE4 Games I Make/Castleforce/castleforce/Castleforce/DerivedDataCache/Compressed.ddp not found, will not use a pak cache.
[2019.02.15-00.21.30:666][  0]LogDerivedDataCache: Unable to find inner node CompressedPak for hierarchical cache Hierarchy.
[2019.02.15-00.21.30:683][  0]LogDerivedDataCache: Display: Pak cache opened for reading ../../../Engine/DerivedDataCache/Compressed.ddp.
[2019.02.15-00.21.30:697][  0]LogDerivedDataCache: Using Local data cache path C:/Users/rh27u/AppData/Local/UnrealEngine/Common/DerivedDataCache: Writable
[2019.02.15-00.21.30:697][  0]LogDerivedDataCache: Shared data cache path not found in *engine.ini, will not use an Shared cache.
[2019.02.15-00.21.30:697][  0]LogDerivedDataCache: Unable to find inner node Shared for hierarchical cache Hierarchy.
[2019.02.15-00.21.30:727][  0]LogMaterial: Verifying Global Shaders for PCD3D_SM5
[2019.02.15-00.21.30:729][  0]LogSlate: Using FreeType 2.6.0
[2019.02.15-00.21.30:731][  0]LogSlate: SlateFontServices - WITH_FREETYPE: 1, WITH_HARFBUZZ: 1
[2019.02.15-00.21.30:833][  0]LogAssetRegistry: FAssetRegistry took 0.0306 seconds to start up
[2019.02.15-00.21.31:370][  0]LogInit: Selected Device Profile: [Windows]
[2019.02.15-00.21.31:563][  0]LogSimplygon: Simplygon DLL not present - disabling.
[2019.02.15-00.21.31:571][  0]LogMeshReduction: Using SimplygonSwarm for distributed automatic mesh merging
[2019.02.15-00.21.31:572][  0]LogMeshReduction: Using ProxyLODMeshReduction for automatic mesh merging
[2019.02.15-00.21.31:572][  0]LogMeshReduction: Using QuadricMeshReduction for automatic static mesh reduction
[2019.02.15-00.21.31:572][  0]LogMeshReduction: No automatic skeletal mesh reduction module available
[2019.02.15-00.21.31:624][  0]LogNetVersion: Castleforce 1.0.0, NetCL: 4212847, EngineNetVer: 5, GameNetVer: 0 (Checksum: 2622368503)
[2019.02.15-00.21.32:322][  0]LogPackageLocalizationCache: Processed 11 localized package path(s) for 2 prioritized culture(s) in 0.175545 seconds
[2019.02.15-00.21.32:332][  0]LogUObjectArray: 38425 objects as part of root set at end of initial load.
[2019.02.15-00.21.32:332][  0]LogUObjectAllocator: 6690872 out of 0 bytes used by permanent object pool.
[2019.02.15-00.21.32:332][  0]LogUObjectArray: CloseDisregardForGC: 0/0 objects in disregard for GC pool
[2019.02.15-00.21.33:628][  0]LogTcpMessaging: Initializing TcpMessaging bridge
[2019.02.15-00.21.33:646][  0]LogUdpMessaging: Initializing bridge on interface 0.0.0.0:0 to multicast group 230.0.0.1:6666.
[2019.02.15-00.21.33:894][  0]SourceControl: Source control is disabled
[2019.02.15-00.21.33:894][  0]SourceControl: Source control is disabled
[2019.02.15-00.21.33:899][  0]SourceControl: Source control is disabled
[2019.02.15-00.21.33:902][  0]SourceControl: Source control is disabled
[2019.02.15-00.21.34:236][  0]LogAndroidPermission: UAndroidPermissionCallbackProxy::GetInstance
[2019.02.15-00.21.34:420][  0]LogOcInput: OculusInput pre-init called
[2019.02.15-00.21.34:507][  0]LogEngine: Initializing Engine...
[2019.02.15-00.21.34:508][  0]LogHMD: Failed to initialize OpenVR with code 110
[2019.02.15-00.21.34:510][  0]LogStats: UGameplayTagsManager::ConstructGameplayTagTree: ImportINI prefixes -  0.000 s
[2019.02.15-00.21.34:510][  0]LogStats: UGameplayTagsManager::ConstructGameplayTagTree: Construct from data asset -  0.000 s
[2019.02.15-00.21.34:511][  0]LogStats: UGameplayTagsManager::ConstructGameplayTagTree: ImportINI -  0.000 s
[2019.02.15-00.21.34:511][  0]LogStats: UGameplayTagsManager::ConstructGameplayTagTree: GameplayTagTreeChangedEvent.Broadcast -  0.000 s
[2019.02.15-00.21.34:763][  0]LogInit: Initializing FReadOnlyCVARCache
[2019.02.15-00.21.34:781][  0]LogAIModule: Creating AISystem for world Untitled
[2019.02.15-00.21.34:929][  0]LogInit: XAudio2 using 'Headset Earphone (HyperX 7.1 Audio)' : 2 channels at 48 kHz using 16 bits per sample (channel mask 0x3)
[2019.02.15-00.21.34:951][  0]LogInit: FAudioDevice initialized.
[2019.02.15-00.21.34:951][  0]LogNetVersion: Set ProjectVersion to 1.0.0.0. Version Checksum will be recalculated on next use.
[2019.02.15-00.21.35:148][  0]LogDerivedDataCache: Saved boot cache 0.20s 71MB C:/Users/rh27u/AppData/Local/UnrealEngine/4.20/DerivedDataCache/Boot.ddc.
[2019.02.15-00.21.35:161][  0]LogInit: Texture streaming: Enabled
[2019.02.15-00.21.35:190][  0]LogEngineSessionManager: EngineSessionManager initialized
[2019.02.15-00.21.35:203][  0]LogInit: Transaction tracking system initialized
[2019.02.15-00.21.35:244][  0]BlueprintLog: New page: Editor Load
[2019.02.15-00.21.35:382][  0]LocalizationService: Localization service is disabled
[2019.02.15-00.21.35:732][  0]LogCook: Display: Max memory allowance for cook 16384mb min free memory 0mb
[2019.02.15-00.21.35:733][  0]LogCook: Display: Mobile HDR setting 1
[2019.02.15-00.21.35:733][  0]LogGameplayTags: Display: UGameplayTagsManager::DoneAddingNativeTags. DelegateIsBound: 0
[2019.02.15-00.21.35:733][  0]LogStats: UGameplayTagsManager::ConstructGameplayTagTree: ImportINI prefixes -  0.000 s
[2019.02.15-00.21.35:733][  0]LogStats: UGameplayTagsManager::ConstructGameplayTagTree: Construct from data asset -  0.000 s
[2019.02.15-00.21.35:734][  0]LogStats: UGameplayTagsManager::ConstructGameplayTagTree: ImportINI -  0.000 s
[2019.02.15-00.21.35:734][  0]LogStats: UGameplayTagsManager::ConstructGameplayTagTree: GameplayTagTreeChangedEvent.Broadcast -  0.000 s
[2019.02.15-00.21.35:970][  0]LogFileCache: Scanning file cache for directory 'D:/Shitty UE4 Games I Make/Castleforce/castleforce/Castleforce/Content/' took 0.02s
[2019.02.15-00.21.35:970][  0]SourceControl: Source control is disabled
[2019.02.15-00.21.35:970][  0]Cmd: MAP LOAD FILE="../../../../../../Shitty UE4 Games I Make/Castleforce/castleforce/Castleforce/Content/Levels/Level1.umap" TEMPLATE=0 SHOWPROGRESS=1 FEATURELEVEL=3
[2019.02.15-00.21.35:971][  0]LightingResults: New page: Lighting Build
[2019.02.15-00.21.35:974][  0]MapCheck: New page: Map Check
[2019.02.15-00.21.35:974][  0]LightingResults: New page: Lighting Build
[2019.02.15-00.21.36:382][  0]LogAIModule: Creating AISystem for world Level1
[2019.02.15-00.21.36:393][  0]LogEditorServer: Finished looking for orphan Actors (0.000 secs)
[2019.02.15-00.21.36:511][  0]Cmd: MAP CHECKDEP NOCLEARLOG
[2019.02.15-00.21.36:601][  0]MapCheck: Map check complete: 0 Error(s), 0 Warning(s), took 90.219ms to complete.
[2019.02.15-00.21.36:601][  0]LogFileHelpers: Loading map 'Level1' took 0.631
[2019.02.15-00.21.36:846][  0]LogSlate: Updating window title bar state: overlay mode, drag disabled, window buttons hidden, title bar hidden
[2019.02.15-00.21.36:858][  0]LogSlate: Updating window title bar state: overlay mode, drag disabled, window buttons hidden, title bar hidden
[2019.02.15-00.21.36:868][  0]LogSlate: Updating window title bar state: overlay mode, drag disabled, window buttons hidden, title bar hidden
[2019.02.15-00.21.36:878][  0]LogSlate: Updating window title bar state: overlay mode, drag disabled, window buttons hidden, title bar hidden
[2019.02.15-00.21.36:888][  0]LogCollectionManager: Loaded 0 collections in 0.001469 seconds
[2019.02.15-00.21.36:970][  0]LogFileCache: Scanning file cache for directory 'D:/Shitty UE4 Games I Make/Castleforce/castleforce/Castleforce/Saved/Collections/' took 0.01s
[2019.02.15-00.21.36:971][  0]LogFileCache: Scanning file cache for directory 'D:/Shitty UE4 Games I Make/Castleforce/castleforce/Castleforce/Content/Developers/rh27u/Collections/' took 0.01s
[2019.02.15-00.21.36:971][  0]LogFileCache: Scanning file cache for directory 'D:/Shitty UE4 Games I Make/Castleforce/castleforce/Castleforce/Content/Collections/' took 0.01s
[2019.02.15-00.21.36:971][  0]LogCollectionManager: Rebuilt the GUID cache for 0 collections in 0.000001 seconds
[2019.02.15-00.21.36:988][  0]LogContentBrowser: Native class hierarchy populated in 0.0169 seconds. Added 2583 classes and 607 folders.
[2019.02.15-00.21.36:998][  0]LogContentBrowser: Native class hierarchy updated for 'WidgetCarousel' in 0.0006 seconds. Added 0 classes and 0 folders.
[2019.02.15-00.21.37:087][  0]LogContentBrowser: Native class hierarchy updated for 'AddContentDialog' in 0.0006 seconds. Added 0 classes and 0 folders.
[2019.02.15-00.21.37:161][  0]LogContentBrowser: Native class hierarchy updated for 'HierarchicalLODOutliner' in 0.0006 seconds. Added 0 classes and 0 folders.
[2019.02.15-00.21.37:161][  0]LogLoad: (Engine Initialization) Total time: 13.29 seconds
[2019.02.15-00.21.37:161][  0]LogLoad: (Engine Initialization) Total Blueprint compile time: 0.00 seconds
[2019.02.15-00.21.37:172][  0]LogWindowsTextInputMethodSystem: Display: IME system now deactivated.
[2019.02.15-00.21.37:209][  0]LogContentStreaming: Texture pool size now 1000 MB
[2019.02.15-00.21.37:212][  0]LogSlate: Took 0.000428 seconds to synchronously load lazily loaded font '../../../Engine/Content/Slate/Fonts/Roboto-Regular.ttf' (155K)
[2019.02.15-00.21.37:216][  0]LogSlate: Took 0.000338 seconds to synchronously load lazily loaded font '../../../Engine/Content/Slate/Fonts/Roboto-Bold.ttf' (160K)
[2019.02.15-00.21.37:220][  0]LogSlate: Took 0.000336 seconds to synchronously load lazily loaded font '../../../Engine/Content/Editor/Slate/Fonts/FontAwesome.ttf' (139K)
[2019.02.15-00.21.37:346][  0]LogRenderer: Reallocating scene render targets to support 528x360 Format 10 NumSamples 1 (Frame:1).
[2019.02.15-00.21.37:411][  0]LogSlate: Took 0.000415 seconds to synchronously load lazily loaded font '../../../Engine/Content/Slate/Fonts/Roboto-Light.ttf' (167K)
[2019.02.15-00.21.37:429][  1]LogFileCache: Retrieving MD5 hashes for directory 'D:/Shitty UE4 Games I Make/Castleforce/castleforce/Castleforce/Content/' took 0.24s
[2019.02.15-00.21.37:460][  1]LogAssetRegistry: Asset discovery search completed in 6.6511 seconds
[2019.02.15-00.21.37:462][  1]LogCollectionManager: Rebuilt the object cache for 0 collections in 0.000001 seconds (found 0 objects)
[2019.02.15-00.21.37:462][  1]LogCollectionManager: Fixed up redirectors for 0 collections in 0.000174 seconds (updated 0 objects)
[2019.02.15-00.21.40:834][338]LogRenderer: Reallocating scene render targets to support 1200x576 Format 10 NumSamples 1 (Frame:4).
[2019.02.15-00.21.42:570][541]LogSlate: FSceneViewport::OnFocusLost() reason 0
[2019.02.15-00.21.42:653][551]LogTemp: Repeating last play command: Selected Viewport
[2019.02.15-00.21.42:681][551]LogBlueprintUserMessages: Early PlayInEditor Detection: Level '/Game/Levels/Level1.Level1:PersistentLevel' has LevelScriptBlueprint '/Game/Levels/Level1.Level1:PersistentLevel.Level1' with GeneratedClass '/Game/Levels/Level1.Level1_C' with ClassGeneratedBy '/Game/Levels/Level1.Level1:PersistentLevel.Level1'
[2019.02.15-00.21.42:682][551]LogPlayLevel: PlayLevel: No blueprints needed recompiling
[2019.02.15-00.21.42:697][551]PIE: New page: PIE session: Level1 (15 Feb 2019 00:21:42)
[2019.02.15-00.21.42:697][551]LogPlayLevel: Creating play world package: /Game/Levels/UEDPIE_0_Level1
[2019.02.15-00.21.42:729][551]LogPlayLevel: PIE: StaticDuplicateObject took: (0.032117s)
[2019.02.15-00.21.42:731][551]LogAIModule: Creating AISystem for world Level1
[2019.02.15-00.21.42:731][551]LogPlayLevel: PIE: World Init took: (0.001489s)
[2019.02.15-00.21.42:731][551]LogPlayLevel: PIE: Created PIE world by copying editor world from /Game/Levels/Level1.Level1 to /Game/Levels/UEDPIE_0_Level1.Level1 (0.034236s)
[2019.02.15-00.21.42:883][551]LogInit: XAudio2 using 'Headset Earphone (HyperX 7.1 Audio)' : 2 channels at 48 kHz using 16 bits per sample (channel mask 0x3)
[2019.02.15-00.21.42:896][551]LogInit: FAudioDevice initialized.
[2019.02.15-00.21.42:975][551]LogLoad: Game class is 'MyCastleforceGameMode_C'
[2019.02.15-00.21.42:977][551]LogWorld: Bringing World /Game/Levels/UEDPIE_0_Level1.Level1 up for play (max tick rate 0) at 2019.02.15-00.21.42
[2019.02.15-00.21.42:978][551]LogWorld: Bringing up level for play took: 0.000966
[2019.02.15-00.21.42:997][551]LogContentBrowser: Native class hierarchy updated for 'MovieSceneCapture' in 0.0006 seconds. Added 10 classes and 0 folders.
[2019.02.15-00.21.43:009][551]PIE: Play in editor start time for /Game/Levels/UEDPIE_0_Level1 0.816
[2019.02.15-00.21.43:010][551]LogBlueprintUserMessages: Late PlayInEditor Detection: Level '/Game/Levels/Level1.Level1:PersistentLevel' has LevelScriptBlueprint '/Game/Levels/Level1.Level1:PersistentLevel.Level1' with GeneratedClass '/Game/Levels/Level1.Level1_C' with ClassGeneratedBy '/Game/Levels/Level1.Level1:PersistentLevel.Level1'
[2019.02.15-00.21.43:595][611]LogOutputDevice: Error: Ensure condition failed: !RotationQuat.ContainsNaN() [File:D:\Build\++UE4\Sync\Engine\Source\Runtime\Core\Private\Math\UnrealMath.cpp] [Line: 448] 
Invalid input to FRotator::Quaternion - generated NaN output: X=-inf Y=-nan(ind) Z=inf W=-nan(ind)

[2019.02.15-00.21.43:596][611]LogStats:             FDebug::EnsureFailed -  0.000 s
[2019.02.15-00.21.47:858][611]LogSpawn: Warning: SpawnActor failed because the given transform (-121746216714240.000000,0.000000,-0.000000|-90.000000,0.000000,-0.000000|1.000000,1.000000,1.000000) is invalid
[2019.02.15-00.21.48:929][621]LogSlate: FSceneViewport::OnFocusLost() reason 0
[2019.02.15-00.21.49:015][631]LogBlueprintUserMessages: Early EndPlayMap Detection: Level '/Game/Levels/Level1.Level1:PersistentLevel' has LevelScriptBlueprint '/Game/Levels/Level1.Level1:PersistentLevel.Level1' with GeneratedClass '/Game/Levels/Level1.Level1_C' with ClassGeneratedBy '/Game/Levels/Level1.Level1:PersistentLevel.Level1'
[2019.02.15-00.21.49:015][631]LogSlate: Updating window title bar state: overlay mode, drag disabled, window buttons hidden, title bar hidden
[2019.02.15-00.21.49:055][631]LogPlayLevel: Display: Shutting down PIE online subsystems
[2019.02.15-00.21.49:056][631]LogBlueprintUserMessages: Late EndPlayMap Detection: Level '/Game/Levels/Level1.Level1:PersistentLevel' has LevelScriptBlueprint '/Game/Levels/Level1.Level1:PersistentLevel.Level1' with GeneratedClass '/Game/Levels/Level1.Level1_C' with ClassGeneratedBy '/Game/Levels/Level1.Level1:PersistentLevel.Level1'
[2019.02.15-00.21.49:179][631]LogSlate: Updating window title bar state: overlay mode, drag disabled, window buttons hidden, title bar hidden
[2019.02.15-00.21.49:199][632]LogPlayLevel: Display: Destroying online subsystem :Context_2
[2019.02.15-00.21.49:873][705]Candidate modules for hot reload:
[2019.02.15-00.21.49:873][705]  Castleforce
[2019.02.15-00.21.49:873][705]Launching UnrealBuildTool... [D:/Unreal/Engine/UE_4.20/Engine/Binaries/DotNET/UnrealBuildTool.exe  -ModuleWithSuffix=Castleforce,8130 Win64 Development -TargetType=Editor -Project="../../../../../../Shitty UE4 Games I Make/Castleforce/castleforce/Castleforce/Castleforce.uproject" -canskiplink "D:/Shitty UE4 Games I Make/Castleforce/castleforce/Castleforce/Castleforce.uproject" ]
[2019.02.15-00.21.49:879][705]Warning: Starting HotReload took  0.1s.
[2019.02.15-00.21.52:599][ 28]CompilerResultsLog: New page: Compilation - 15 Feb 2019 00:21:52
[2019.02.15-00.21.52:599][ 28]CompilerResultsLog: Using 'git status' to determine working set for adaptive non-unity build.
[2019.02.15-00.21.52:599][ 28]CompilerResultsLog: Compiling game modules for hot reload
[2019.02.15-00.21.52:599][ 28]CompilerResultsLog: Target is up to date
[2019.02.15-00.21.52:600][ 28]CompilerResultsLog: Total build time: 2.38 seconds (NoActionsToExecute executor: 0.00 seconds)
[2019.02.15-00.21.52:600][ 28]LogMainFrame: MainFrame: Module compiling took 2.763 seconds
[2019.02.15-00.21.52:739][ 28]LogContentBrowser: Native class hierarchy populated in 0.0167 seconds. Added 2583 classes and 607 folders.
[2019.02.15-00.21.52:740][ 28]Display: HotReload took  2.9s.
[2019.02.15-00.21.55:192][321]LogTemp: Repeating last play command: Selected Viewport
[2019.02.15-00.21.55:221][321]LogBlueprintUserMessages: Early PlayInEditor Detection: Level '/Game/Levels/Level1.Level1:PersistentLevel' has LevelScriptBlueprint '/Game/Levels/Level1.Level1:PersistentLevel.Level1' with GeneratedClass '/Game/Levels/Level1.Level1_C' with ClassGeneratedBy '/Game/Levels/Level1.Level1:PersistentLevel.Level1'
[2019.02.15-00.21.55:221][321]LogPlayLevel: PlayLevel: No blueprints needed recompiling
[2019.02.15-00.21.55:221][321]PIE: New page: PIE session: Level1 (15 Feb 2019 00:21:55)
[2019.02.15-00.21.55:221][321]LogPlayLevel: Creating play world package: /Game/Levels/UEDPIE_0_Level1
[2019.02.15-00.21.55:236][321]LogPlayLevel: PIE: StaticDuplicateObject took: (0.013856s)
[2019.02.15-00.21.55:237][321]LogAIModule: Creating AISystem for world Level1
[2019.02.15-00.21.55:237][321]LogPlayLevel: PIE: World Init took: (0.001242s)
[2019.02.15-00.21.55:237][321]LogPlayLevel: PIE: Created PIE world by copying editor world from /Game/Levels/Level1.Level1 to /Game/Levels/UEDPIE_0_Level1.Level1 (0.015699s)
[2019.02.15-00.21.55:360][321]LogInit: XAudio2 using 'Headset Earphone (HyperX 7.1 Audio)' : 2 channels at 48 kHz using 16 bits per sample (channel mask 0x3)
[2019.02.15-00.21.55:373][321]LogInit: FAudioDevice initialized.
[2019.02.15-00.21.55:410][321]LogLoad: Game class is 'MyCastleforceGameMode_C'
[2019.02.15-00.21.55:411][321]LogWorld: Bringing World /Game/Levels/UEDPIE_0_Level1.Level1 up for play (max tick rate 0) at 2019.02.15-00.21.55
[2019.02.15-00.21.55:412][321]LogWorld: Bringing up level for play took: 0.001011
[2019.02.15-00.21.55:437][321]PIE: Play in editor start time for /Game/Levels/UEDPIE_0_Level1 -0.756
[2019.02.15-00.21.55:438][321]LogBlueprintUserMessages: Late PlayInEditor Detection: Level '/Game/Levels/Level1.Level1:PersistentLevel' has LevelScriptBlueprint '/Game/Levels/Level1.Level1:PersistentLevel.Level1' with GeneratedClass '/Game/Levels/Level1.Level1_C' with ClassGeneratedBy '/Game/Levels/Level1.Level1:PersistentLevel.Level1'
[2019.02.15-00.21.55:909][372]LogActor: Warning: CastleforceKnight_C /Game/Levels/UEDPIE_0_Level1.Level1:PersistentLevel.CastleforceKnight_C_0 has natively added scene component(s), but none of them were set as the actor's RootComponent - picking one arbitrarily
