Log file open, 02/15/19 00:16:25
LogWindows: Failed to load 'aqProf.dll' (GetLastError=126)
LogWindows: File 'aqProf.dll' does not exist
LogWindows: Failed to load 'VSPerf140.dll' (GetLastError=126)
LogWindows: File 'VSPerf140.dll' does not exist
LogWindows: Failed to load 'VtuneApi.dll' (GetLastError=126)
LogWindows: File 'VtuneApi.dll' does not exist
LogWindows: Failed to load 'VtuneApi32e.dll' (GetLastError=126)
LogWindows: File 'VtuneApi32e.dll' does not exist
LogInit: Display: Running engine for game: Castleforce
LogPlatformFile: Not using cached read wrapper
LogTaskGraph: Started task graph with 5 named threads and 23 total threads with 3 sets of task threads.
LogStats: Stats thread started at 0.419766
LogD3D11RHI: Loaded GFSDK_Aftermath_Lib.x64.dll
LogICUInternationalization: Display: ICU TimeZone Detection - Raw Offset: +0:00, Platform Override: ''
LogPluginManager: Mounting plugin Paper2D
LogPluginManager: Mounting plugin AISupport
LogPluginManager: Mounting plugin LightPropagationVolume
LogPluginManager: Mounting plugin CLionSourceCodeAccess
LogPluginManager: Mounting plugin CodeLiteSourceCodeAccess
LogPluginManager: Mounting plugin GitSourceControl
LogPluginManager: Mounting plugin KDevelopSourceCodeAccess
LogPluginManager: Mounting plugin NullSourceCodeAccess
LogPluginManager: Mounting plugin PerforceSourceControl
LogPluginManager: Mounting plugin SubversionSourceControl
LogPluginManager: Mounting plugin UObjectPlugin
LogPluginManager: Mounting plugin VisualStudioCodeSourceCodeAccess
LogPluginManager: Mounting plugin VisualStudioSourceCodeAccess
LogPluginManager: Mounting plugin XCodeSourceCodeAccess
LogPluginManager: Mounting plugin AssetManagerEditor
LogPluginManager: Mounting plugin CryptoKeys
LogPluginManager: Mounting plugin DataValidation
LogPluginManager: Mounting plugin FacialAnimation
LogPluginManager: Mounting plugin GameplayTagsEditor
LogPluginManager: Mounting plugin MacGraphicsSwitching
LogPluginManager: Mounting plugin MeshEditor
LogPluginManager: Mounting plugin MobileLauncherProfileWizard
LogPluginManager: Mounting plugin PluginBrowser
LogPluginManager: Mounting plugin SpeedTreeImporter
LogPluginManager: Mounting plugin DatasmithContent
LogPluginManager: Mounting plugin AlembicImporter
LogPluginManager: Mounting plugin AppleImageUtils
LogPluginManager: Mounting plugin AppleVision
LogPluginManager: Mounting plugin BackChannel
LogPluginManager: Mounting plugin CharacterAI
LogPluginManager: Mounting plugin GeometryCache
LogPluginManager: Mounting plugin HTML5Networking
LogPluginManager: Mounting plugin ProxyLODPlugin
LogPluginManager: Mounting plugin MagicLeap
LogPluginManager: Mounting plugin MagicLeapEmulator
LogPluginManager: Mounting plugin MagicLeapMedia
LogPluginManager: Mounting plugin AndroidMedia
LogPluginManager: Mounting plugin AvfMedia
LogPluginManager: Mounting plugin ImgMedia
LogPluginManager: Mounting plugin LinearTimecode
LogPluginManager: Mounting plugin MediaCompositing
LogPluginManager: Mounting plugin MediaPlayerEditor
LogPluginManager: Mounting plugin WmfMedia
LogPluginManager: Mounting plugin TcpMessaging
LogPluginManager: Mounting plugin UdpMessaging
LogPluginManager: Mounting plugin ActorSequence
LogPluginManager: Mounting plugin LevelSequenceEditor
LogPluginManager: Mounting plugin MatineeToLevelSequence
LogPluginManager: Mounting plugin NetcodeUnitTest
LogPluginManager: Mounting plugin NUTUnrealEngine4
LogPluginManager: Mounting plugin OnlineSubsystemGooglePlay
LogPluginManager: Mounting plugin OnlineSubsystemIOS
LogPluginManager: Mounting plugin OnlineSubsystem
LogPluginManager: Mounting plugin OnlineSubsystemNull
LogPluginManager: Mounting plugin OnlineSubsystemUtils
LogPluginManager: Mounting plugin LauncherChunkInstaller
LogPluginManager: Mounting plugin AndroidDeviceProfileSelector
LogPluginManager: Mounting plugin AndroidMoviePlayer
LogPluginManager: Mounting plugin AndroidPermission
LogPluginManager: Mounting plugin AppleMoviePlayer
LogPluginManager: Mounting plugin ArchVisCharacter
LogPluginManager: Mounting plugin AudioCapture
LogPluginManager: Mounting plugin CableComponent
LogPluginManager: Mounting plugin CustomMeshComponent
LogPluginManager: Mounting plugin EditableMesh
LogPluginManager: Mounting plugin ExampleDeviceProfileSelector
LogPluginManager: Mounting plugin GoogleCloudMessaging
LogPluginManager: Mounting plugin ImmediatePhysics
LogPluginManager: Mounting plugin IOSDeviceProfileSelector
LogPluginManager: Mounting plugin LinuxDeviceProfileSelector
LogPluginManager: Mounting plugin LocationServicesBPLibrary
LogPluginManager: Mounting plugin MobilePatchingUtils
LogPluginManager: Mounting plugin OculusVR
LogPluginManager: Plugin shader directory ../../../Engine/Plugins/Runtime/Oculus/OculusVR/Shaders found
LogPluginManager: Mapping shader source directory ../../../Engine/Plugins/Runtime/Oculus/OculusVR/Shaders to virtual directory /Plugin/OculusVR
LogPluginManager: Mounting plugin PhysXVehicles
LogPluginManager: Mounting plugin ProceduralMeshComponent
LogPluginManager: Mounting plugin RuntimePhysXCooking
LogPluginManager: Mounting plugin SteamVR
LogPluginManager: Mounting plugin WindowsMoviePlayer
LogStreaming: Display: Took  0.208s to configure plugins.
LogInit: Using libcurl 7.55.1-DEV
LogInit:  - built for x86_64-pc-win32
LogInit:  - supports SSL with OpenSSL/1.0.2h
LogInit:  - supports HTTP deflate (compression) using libz 1.2.8
LogInit:  - other features:
LogInit:      CURL_VERSION_SSL
LogInit:      CURL_VERSION_LIBZ
LogInit:      CURL_VERSION_IPV6
LogInit:      CURL_VERSION_ASYNCHDNS
LogInit:      CURL_VERSION_LARGEFILE
LogInit:      CURL_VERSION_IDN
LogInit:  CurlRequestOptions (configurable via config and command line):
LogInit:  - bVerifyPeer = false  - Libcurl will NOT verify peer certificate
LogInit:  - bUseHttpProxy = false  - Libcurl will NOT use HTTP proxy
LogInit:  - bDontReuseConnections = false  - Libcurl will reuse connections
LogInit:  - CertBundlePath = nullptr  - Libcurl will use whatever was configured at build time.
LogInit:  - MaxHostConnections = 16  - Libcurl will limit the number of connections to a host
LogInit:  - LocalHostAddr = Default
LogInit:  - BufferSize = 65536
LogInit: WinSock: version 1.1 (2.2), MaxSocks=32767, MaxUdp=65467
LogInit: Build: ++UE4+Release-4.20-CL-4369336
LogInit: Engine Version: 4.20.3-4369336+++UE4+Release-4.20
LogInit: Compatible Engine Version: 4.20.0-4212847+++UE4+Release-4.20
LogInit: Net CL: 4212847
LogInit: OS: Windows 10 (), CPU: AMD FX(tm)-8350 Eight-Core Processor           , GPU: NVIDIA GeForce GTX 1070 Ti
LogInit: Compiled (64-bit): Sep 17 2018 12:26:19
LogInit: Compiled with Visual C++: 19.13.26129.00
LogInit: Build Configuration: Development
LogInit: Branch Name: ++UE4+Release-4.20
LogInit: Command Line:  -skipcompile
LogInit: Base Directory: D:/Unreal/Engine/UE_4.20/Engine/Binaries/Win64/
LogInit: Installed Engine Build: 1
LogDevObjectVersion: Number of dev versions registered: 20
LogDevObjectVersion:   Dev-Blueprints (B0D832E4-1F89-4F0D-ACCF-7EB736FD4AA2): 10
LogDevObjectVersion:   Dev-Build (E1C64328-A22C-4D53-A36C-8E866417BD8C): 0
LogDevObjectVersion:   Dev-Core (375EC13C-06E4-48FB-B500-84F0262A717E): 2
LogDevObjectVersion:   Dev-Editor (E4B068ED-F494-42E9-A231-DA0B2E46BB41): 24
LogDevObjectVersion:   Dev-Framework (CFFC743F-43B0-4480-9391-14DF171D2073): 34
LogDevObjectVersion:   Dev-Mobile (B02B49B5-BB20-44E9-A304-32B752E40360): 2
LogDevObjectVersion:   Dev-Networking (A4E4105C-59A1-49B5-A7C5-40C4547EDFEE): 0
LogDevObjectVersion:   Dev-Online (39C831C9-5AE6-47DC-9A44-9C173E1C8E7C): 0
LogDevObjectVersion:   Dev-Physics (78F01B33-EBEA-4F98-B9B4-84EACCB95AA2): 0
LogDevObjectVersion:   Dev-Platform (6631380F-2D4D-43E0-8009-CF276956A95A): 0
LogDevObjectVersion:   Dev-Rendering (12F88B9F-8875-4AFC-A67C-D90C383ABD29): 26
LogDevObjectVersion:   Dev-Sequencer (7B5AE74C-D270-4C10-A958-57980B212A5A): 9
LogDevObjectVersion:   Dev-VR (D7296918-1DD6-4BDD-9DE2-64A83CC13884): 2
LogDevObjectVersion:   Dev-LoadTimes (C2A15278-BFE7-4AFE-6C17-90FF531DF755): 1
LogDevObjectVersion:   Private-Geometry (6EACA3D4-40EC-4CC1-B786-8BED09428FC5): 3
LogDevObjectVersion:   Dev-AnimPhys (29E575DD-E0A3-4627-9D10-D276232CDCEA): 17
LogDevObjectVersion:   Dev-ReflectionCapture (6B266CEC-1EC7-4B8F-A30B-E4D90942FC07): 1
LogDevObjectVersion:   Dev-Automation (0DF73D61-A23F-47EA-B727-89E90C41499A): 1
LogDevObjectVersion:   FortniteMain (601D1886-AC64-4F84-AA16-D3DE0DEAC7D6): 12
LogDevObjectVersion:   Dev-Enterprise (9DFFBCD6-494F-0158-E221-12823C92A888): 1
LogStreaming: Display: Took  0.003s to delete old logs.
LogInit: Presizing for max 8388607 objects, including 0 objects not considered by GC, pre-allocating 0 bytes for permanent pool.
LogInit: Object subsystem initialized
[2019.02.15-00.16.25:831][  0]LogInit: Selected Device Profile: [Windows]
[2019.02.15-00.16.25:831][  0]LogInit: Applying CVar settings loaded from the selected device profile: [Windows]
[2019.02.15-00.16.25:852][  0]LogHAL: Display: Platform has ~ 8 GB [8484548608 / 8589934592 / 8], which maps to Default [LargestMinGB=32, LargerMinGB=12, DefaultMinGB=8, SmallerMinGB=6, SmallestMinGB=0)
[2019.02.15-00.16.25:852][  0]LogInit: Setting Device Profile CVar: [[r.Vulkan.UseRealUBs:1]]
[2019.02.15-00.16.25:852][  0]LogInit: Going up to parent DeviceProfile []
[2019.02.15-00.16.25:853][  0]LogInit: Computer: DESKTOP-TLUBEOD
[2019.02.15-00.16.25:853][  0]LogInit: User: rh27u
[2019.02.15-00.16.25:853][  0]LogInit: CPU Page size=4096, Cores=4
[2019.02.15-00.16.25:853][  0]LogInit: High frequency timer resolution =3.919334 MHz
[2019.02.15-00.16.25:854][  0]LogMemory: Memory total: Physical=7.9GB (8GB approx)
[2019.02.15-00.16.25:854][  0]LogMemory: Platform Memory Stats for Windows
[2019.02.15-00.16.25:854][  0]LogMemory: Process Physical Memory: 101.09 MB used, 101.09 MB peak
[2019.02.15-00.16.25:854][  0]LogMemory: Process Virtual Memory: 87.57 MB used, 87.57 MB peak
[2019.02.15-00.16.25:854][  0]LogMemory: Physical Memory: 4792.29 MB used,  3299.20 MB free, 8091.50 MB total
[2019.02.15-00.16.25:854][  0]LogMemory: Virtual Memory: 4641.60 MB used,  3299.20 MB free, 134217728.00 MB total
[2019.02.15-00.16.26:010][  0]LogInit: Using OS detected language (en-US).
[2019.02.15-00.16.26:010][  0]LogInit: Using OS detected locale (en-GB).
[2019.02.15-00.16.26:012][  0]LogTextLocalizationManager: No specific localization for 'en-US' exists, so the 'en' localization will be used.
[2019.02.15-00.16.26:488][  0]LogStreaming: Display: Took  0.478s to InitEngineTextLocalization.
[2019.02.15-00.16.26:488][  0]LogInit: Setting process to per monitor DPI aware
[2019.02.15-00.16.26:570][  0]LogSlate: New Slate User Created.  User Index 0, Is Virtual User: 0
[2019.02.15-00.16.26:570][  0]LogSlate: Slate User Registered.  User Index 0, Is Virtual User: 0
[2019.02.15-00.16.26:991][  0]LogHMD: Failed to initialize OpenVR with code 110
[2019.02.15-00.16.26:991][  0]LogD3D11RHI: D3D11 adapters:
[2019.02.15-00.16.27:126][  0]LogD3D11RHI:    0. 'NVIDIA GeForce GTX 1070 Ti' (Feature Level 11_0)
[2019.02.15-00.16.27:126][  0]LogD3D11RHI:       8080/0/4045 MB DedicatedVideo/DedicatedSystem/SharedSystem, Outputs:3, VendorId:0x10de
[2019.02.15-00.16.27:132][  0]LogD3D11RHI:    1. 'Microsoft Basic Render Driver' (Feature Level 11_0)
[2019.02.15-00.16.27:133][  0]LogD3D11RHI:       0/0/4045 MB DedicatedVideo/DedicatedSystem/SharedSystem, Outputs:0, VendorId:0x1414
[2019.02.15-00.16.27:133][  0]LogD3D11RHI: Chosen D3D11 Adapter: 0
[2019.02.15-00.16.27:143][  0]LogD3D11RHI: Creating new Direct3DDevice
[2019.02.15-00.16.27:143][  0]LogD3D11RHI:     GPU DeviceId: 0x1b82 (for the marketing name, search the web for "GPU Device Id")
[2019.02.15-00.16.27:143][  0]LogWindows: EnumDisplayDevices:
[2019.02.15-00.16.27:144][  0]LogWindows:    0. 'NVIDIA GeForce GTX 1070 Ti' (P:0 D:1)
[2019.02.15-00.16.27:144][  0]LogWindows:    1. 'NVIDIA GeForce GTX 1070 Ti' (P:1 D:1)
[2019.02.15-00.16.27:144][  0]LogWindows:    2. 'NVIDIA GeForce GTX 1070 Ti' (P:0 D:1)
[2019.02.15-00.16.27:145][  0]LogWindows:    3. 'NVIDIA GeForce GTX 1070 Ti' (P:0 D:0)
[2019.02.15-00.16.27:145][  0]LogWindows: DebugString: FoundDriverCount:4 
[2019.02.15-00.16.27:145][  0]LogD3D11RHI:     Adapter Name: NVIDIA GeForce GTX 1070 Ti
[2019.02.15-00.16.27:145][  0]LogD3D11RHI:   Driver Version: 417.35 (internal:25.21.14.1735, unified:417.35)
[2019.02.15-00.16.27:146][  0]LogD3D11RHI:      Driver Date: 12-11-2018
[2019.02.15-00.16.27:146][  0]LogRHI: Texture pool is 5656 MB (70% of 8080 MB)
[2019.02.15-00.16.27:216][  0]LogD3D11RHI: Async texture creation enabled
[2019.02.15-00.16.27:243][  0]LogD3D11RHI: GPU Timing Frequency: 1000.000000 (Debug: 2 2)
[2019.02.15-00.16.27:352][  0]LogShaderCompilers: Guid format shader working directory is -32 characters bigger than the processId version (../../../../../../Shitty UE4 Games I Make/Castleforce/castleforce/Castleforce/Intermediate/Shaders/WorkingDirectory/16116/).
[2019.02.15-00.16.27:352][  0]LogShaderCompilers: Cleaned the shader compiler working directory 'C:/Users/rh27u/AppData/Local/Temp/UnrealShaderWorkingDir/1C79967645E510D83F40E5A3BB7D079F/'.
[2019.02.15-00.16.27:716][  0]LogTemp: Display: Loaded TP AllDesktopTargetPlatform
[2019.02.15-00.16.27:739][  0]LogTemp: Display: Loaded TP MacClientTargetPlatform
[2019.02.15-00.16.27:762][  0]LogTemp: Display: Loaded TP MacNoEditorTargetPlatform
[2019.02.15-00.16.27:786][  0]LogTemp: Display: Loaded TP MacServerTargetPlatform
[2019.02.15-00.16.27:811][  0]LogTemp: Display: Loaded TP MacTargetPlatform
[2019.02.15-00.16.27:836][  0]LogTemp: Display: Loaded TP WindowsClientTargetPlatform
[2019.02.15-00.16.27:863][  0]LogTemp: Display: Loaded TP WindowsNoEditorTargetPlatform
[2019.02.15-00.16.27:887][  0]LogTemp: Display: Loaded TP WindowsServerTargetPlatform
[2019.02.15-00.16.27:899][  0]LogTemp: Display: Loaded TP WindowsTargetPlatform
[2019.02.15-00.16.28:023][  0]LogTemp: Display: Loaded TP AndroidTargetPlatform
[2019.02.15-00.16.28:023][  0]LogTemp: Display: Loaded TP AndroidTargetPlatform
[2019.02.15-00.16.28:023][  0]LogTemp: Display: Loaded TP AndroidTargetPlatform
[2019.02.15-00.16.28:023][  0]LogTemp: Display: Loaded TP AndroidTargetPlatform
[2019.02.15-00.16.28:023][  0]LogTemp: Display: Loaded TP AndroidTargetPlatform
[2019.02.15-00.16.28:023][  0]LogTemp: Display: Loaded TP AndroidTargetPlatform
[2019.02.15-00.16.28:023][  0]LogTemp: Display: Loaded TP AndroidTargetPlatform
[2019.02.15-00.16.28:023][  0]LogTemp: Display: Loaded TP AndroidTargetPlatform
[2019.02.15-00.16.28:023][  0]LogTemp: Display: Loaded TP AndroidTargetPlatform
[2019.02.15-00.16.28:023][  0]LogTemp: Display: Loaded TP AndroidTargetPlatform
[2019.02.15-00.16.28:023][  0]LogTemp: Display: Loaded TP AndroidTargetPlatform
[2019.02.15-00.16.28:023][  0]LogTemp: Display: Loaded TP AndroidTargetPlatform
[2019.02.15-00.16.28:024][  0]LogTemp: Display: Loaded TP AndroidTargetPlatform
[2019.02.15-00.16.28:024][  0]LogTemp: Display: Loaded TP AndroidTargetPlatform
[2019.02.15-00.16.28:024][  0]LogTemp: Display: Loaded TP AndroidTargetPlatform
[2019.02.15-00.16.28:024][  0]LogTemp: Display: Loaded TP AndroidTargetPlatform
[2019.02.15-00.16.28:024][  0]LogTemp: Display: Loaded TP AndroidTargetPlatform
[2019.02.15-00.16.28:024][  0]LogTemp: Display: Loaded TP AndroidTargetPlatform
[2019.02.15-00.16.28:029][  0]LogTemp: Display: Loaded TP HTML5TargetPlatform
[2019.02.15-00.16.28:120][  0]LogTemp: Display: Loaded TP IOSTargetPlatform
[2019.02.15-00.16.28:120][  0]LogTemp: Display: Loaded TP IOSTargetPlatform
[2019.02.15-00.16.28:160][  0]LogTemp: Display: Loaded TP TVOSTargetPlatform
[2019.02.15-00.16.28:161][  0]LogTemp: Display: Loaded TP TVOSTargetPlatform
[2019.02.15-00.16.28:183][  0]LogTemp: Display: Loaded TP LinuxClientTargetPlatform
[2019.02.15-00.16.28:205][  0]LogTemp: Display: Loaded TP LinuxNoEditorTargetPlatform
[2019.02.15-00.16.28:230][  0]LogTemp: Display: Loaded TP LinuxServerTargetPlatform
[2019.02.15-00.16.28:254][  0]LogTemp: Display: Loaded TP LinuxTargetPlatform
[2019.02.15-00.16.28:271][  0]LogTemp: Display: Loaded TP LuminTargetPlatform
[2019.02.15-00.16.28:272][  0]LogTargetPlatformManager: Display: Building Assets For Windows
[2019.02.15-00.16.28:391][  0]LogXGEController: Cleaning working directory: C:/Users/rh27u/AppData/Local/Temp/UnrealXGEWorkingDir/
[2019.02.15-00.16.28:392][  0]LogXGEController: Cannot use XGE Controller as Incredibuild is not installed on this machine.
[2019.02.15-00.16.28:392][  0]LogShaderCompilers: Cannot use XGE Shader Compiler as Incredibuild is not installed on this machine.
[2019.02.15-00.16.28:392][  0]LogShaderCompilers: Display: Using Local Shader Compiler.
[2019.02.15-00.16.29:463][  0]LogDerivedDataCache: Display: Max Cache Size: 512 MB
[2019.02.15-00.16.29:552][  0]LogDerivedDataCache: Loaded boot cache 0.09s 71MB C:/Users/rh27u/AppData/Local/UnrealEngine/4.20/DerivedDataCache/Boot.ddc.
[2019.02.15-00.16.29:554][  0]LogDerivedDataCache: Display: Loaded Boot cache: C:/Users/rh27u/AppData/Local/UnrealEngine/4.20/DerivedDataCache/Boot.ddc
[2019.02.15-00.16.29:554][  0]LogDerivedDataCache: FDerivedDataBackendGraph:  Pak pak cache file ../../../../../../Shitty UE4 Games I Make/Castleforce/castleforce/Castleforce/DerivedDataCache/DDC.ddp not found, will not use a pak cache.
[2019.02.15-00.16.29:554][  0]LogDerivedDataCache: Unable to find inner node Pak for hierarchical cache Hierarchy.
[2019.02.15-00.16.29:554][  0]LogDerivedDataCache: FDerivedDataBackendGraph:  CompressedPak pak cache file ../../../../../../Shitty UE4 Games I Make/Castleforce/castleforce/Castleforce/DerivedDataCache/Compressed.ddp not found, will not use a pak cache.
[2019.02.15-00.16.29:554][  0]LogDerivedDataCache: Unable to find inner node CompressedPak for hierarchical cache Hierarchy.
[2019.02.15-00.16.29:570][  0]LogDerivedDataCache: Display: Pak cache opened for reading ../../../Engine/DerivedDataCache/Compressed.ddp.
[2019.02.15-00.16.29:583][  0]LogDerivedDataCache: Using Local data cache path C:/Users/rh27u/AppData/Local/UnrealEngine/Common/DerivedDataCache: Writable
[2019.02.15-00.16.29:583][  0]LogDerivedDataCache: Shared data cache path not found in *engine.ini, will not use an Shared cache.
[2019.02.15-00.16.29:583][  0]LogDerivedDataCache: Unable to find inner node Shared for hierarchical cache Hierarchy.
[2019.02.15-00.16.29:611][  0]LogMaterial: Verifying Global Shaders for PCD3D_SM5
[2019.02.15-00.16.29:613][  0]LogSlate: Using FreeType 2.6.0
[2019.02.15-00.16.29:614][  0]LogSlate: SlateFontServices - WITH_FREETYPE: 1, WITH_HARFBUZZ: 1
[2019.02.15-00.16.29:717][  0]LogAssetRegistry: FAssetRegistry took 0.0320 seconds to start up
[2019.02.15-00.16.30:230][  0]LogInit: Selected Device Profile: [Windows]
[2019.02.15-00.16.30:429][  0]LogSimplygon: Simplygon DLL not present - disabling.
[2019.02.15-00.16.30:440][  0]LogMeshReduction: Using SimplygonSwarm for distributed automatic mesh merging
[2019.02.15-00.16.30:440][  0]LogMeshReduction: Using ProxyLODMeshReduction for automatic mesh merging
[2019.02.15-00.16.30:440][  0]LogMeshReduction: Using QuadricMeshReduction for automatic static mesh reduction
[2019.02.15-00.16.30:440][  0]LogMeshReduction: No automatic skeletal mesh reduction module available
[2019.02.15-00.16.30:494][  0]LogNetVersion: Castleforce 1.0.0, NetCL: 4212847, EngineNetVer: 5, GameNetVer: 0 (Checksum: 2622368503)
[2019.02.15-00.16.31:193][  0]LogPackageLocalizationCache: Processed 11 localized package path(s) for 2 prioritized culture(s) in 0.179708 seconds
[2019.02.15-00.16.31:203][  0]LogUObjectArray: 38425 objects as part of root set at end of initial load.
[2019.02.15-00.16.31:203][  0]LogUObjectAllocator: 6690872 out of 0 bytes used by permanent object pool.
[2019.02.15-00.16.31:204][  0]LogUObjectArray: CloseDisregardForGC: 0/0 objects in disregard for GC pool
[2019.02.15-00.16.32:510][  0]LogTcpMessaging: Initializing TcpMessaging bridge
[2019.02.15-00.16.32:528][  0]LogUdpMessaging: Initializing bridge on interface 0.0.0.0:0 to multicast group 230.0.0.1:6666.
[2019.02.15-00.16.32:787][  0]SourceControl: Source control is disabled
[2019.02.15-00.16.32:787][  0]SourceControl: Source control is disabled
[2019.02.15-00.16.32:791][  0]SourceControl: Source control is disabled
[2019.02.15-00.16.32:794][  0]SourceControl: Source control is disabled
[2019.02.15-00.16.33:074][  0]LogAndroidPermission: UAndroidPermissionCallbackProxy::GetInstance
[2019.02.15-00.16.33:238][  0]LogOcInput: OculusInput pre-init called
[2019.02.15-00.16.33:322][  0]LogEngine: Initializing Engine...
[2019.02.15-00.16.33:323][  0]LogHMD: Failed to initialize OpenVR with code 110
[2019.02.15-00.16.33:325][  0]LogStats: UGameplayTagsManager::ConstructGameplayTagTree: ImportINI prefixes -  0.000 s
[2019.02.15-00.16.33:325][  0]LogStats: UGameplayTagsManager::ConstructGameplayTagTree: Construct from data asset -  0.000 s
[2019.02.15-00.16.33:326][  0]LogStats: UGameplayTagsManager::ConstructGameplayTagTree: ImportINI -  0.000 s
[2019.02.15-00.16.33:326][  0]LogStats: UGameplayTagsManager::ConstructGameplayTagTree: GameplayTagTreeChangedEvent.Broadcast -  0.000 s
[2019.02.15-00.16.33:578][  0]LogInit: Initializing FReadOnlyCVARCache
[2019.02.15-00.16.33:599][  0]LogAIModule: Creating AISystem for world Untitled
[2019.02.15-00.16.33:732][  0]LogInit: XAudio2 using 'Headset Earphone (HyperX 7.1 Audio)' : 2 channels at 48 kHz using 16 bits per sample (channel mask 0x3)
[2019.02.15-00.16.33:754][  0]LogInit: FAudioDevice initialized.
[2019.02.15-00.16.33:755][  0]LogNetVersion: Set ProjectVersion to 1.0.0.0. Version Checksum will be recalculated on next use.
[2019.02.15-00.16.33:979][  0]LogDerivedDataCache: Saved boot cache 0.22s 71MB C:/Users/rh27u/AppData/Local/UnrealEngine/4.20/DerivedDataCache/Boot.ddc.
[2019.02.15-00.16.33:992][  0]LogInit: Texture streaming: Enabled
[2019.02.15-00.16.34:024][  0]LogEngineSessionManager: EngineSessionManager initialized
[2019.02.15-00.16.34:024][  0]LogEngineSessionManager: EngineSessionManager sent abnormal shutdown report. Type=Debugger, SessionId={323F09CA-438B-7764-5249-4C97C6751F58}
[2019.02.15-00.16.34:039][  0]LogInit: Transaction tracking system initialized
[2019.02.15-00.16.34:074][  0]BlueprintLog: New page: Editor Load
[2019.02.15-00.16.34:198][  0]LocalizationService: Localization service is disabled
[2019.02.15-00.16.34:553][  0]LogCook: Display: Max memory allowance for cook 16384mb min free memory 0mb
[2019.02.15-00.16.34:553][  0]LogCook: Display: Mobile HDR setting 1
[2019.02.15-00.16.34:554][  0]LogGameplayTags: Display: UGameplayTagsManager::DoneAddingNativeTags. DelegateIsBound: 0
[2019.02.15-00.16.34:554][  0]LogStats: UGameplayTagsManager::ConstructGameplayTagTree: ImportINI prefixes -  0.000 s
[2019.02.15-00.16.34:554][  0]LogStats: UGameplayTagsManager::ConstructGameplayTagTree: Construct from data asset -  0.000 s
[2019.02.15-00.16.34:554][  0]LogStats: UGameplayTagsManager::ConstructGameplayTagTree: ImportINI -  0.000 s
[2019.02.15-00.16.34:554][  0]LogStats: UGameplayTagsManager::ConstructGameplayTagTree: GameplayTagTreeChangedEvent.Broadcast -  0.000 s
[2019.02.15-00.16.34:776][  0]LogFileCache: Scanning file cache for directory 'D:/Shitty UE4 Games I Make/Castleforce/castleforce/Castleforce/Content/' took 0.02s
[2019.02.15-00.16.34:777][  0]SourceControl: Source control is disabled
[2019.02.15-00.16.34:777][  0]Cmd: MAP LOAD FILE="../../../../../../Shitty UE4 Games I Make/Castleforce/castleforce/Castleforce/Content/Levels/Level1.umap" TEMPLATE=0 SHOWPROGRESS=1 FEATURELEVEL=3
[2019.02.15-00.16.34:778][  0]LightingResults: New page: Lighting Build
[2019.02.15-00.16.34:781][  0]MapCheck: New page: Map Check
[2019.02.15-00.16.34:781][  0]LightingResults: New page: Lighting Build
[2019.02.15-00.16.35:202][  0]LogAIModule: Creating AISystem for world Level1
[2019.02.15-00.16.35:216][  0]LogEditorServer: Finished looking for orphan Actors (0.000 secs)
[2019.02.15-00.16.35:333][  0]Cmd: MAP CHECKDEP NOCLEARLOG
[2019.02.15-00.16.35:422][  0]MapCheck: Map check complete: 0 Error(s), 0 Warning(s), took 88.677ms to complete.
[2019.02.15-00.16.35:423][  0]LogFileHelpers: Loading map 'Level1' took 0.646
[2019.02.15-00.16.35:722][  0]LogSlate: Updating window title bar state: overlay mode, drag disabled, window buttons hidden, title bar hidden
[2019.02.15-00.16.35:733][  0]LogSlate: Updating window title bar state: overlay mode, drag disabled, window buttons hidden, title bar hidden
[2019.02.15-00.16.35:743][  0]LogSlate: Updating window title bar state: overlay mode, drag disabled, window buttons hidden, title bar hidden
[2019.02.15-00.16.35:753][  0]LogSlate: Updating window title bar state: overlay mode, drag disabled, window buttons hidden, title bar hidden
[2019.02.15-00.16.35:762][  0]LogCollectionManager: Loaded 0 collections in 0.001429 seconds
[2019.02.15-00.16.35:847][  0]LogFileCache: Scanning file cache for directory 'D:/Shitty UE4 Games I Make/Castleforce/castleforce/Castleforce/Saved/Collections/' took 0.01s
[2019.02.15-00.16.35:848][  0]LogFileCache: Scanning file cache for directory 'D:/Shitty UE4 Games I Make/Castleforce/castleforce/Castleforce/Content/Developers/rh27u/Collections/' took 0.01s
[2019.02.15-00.16.35:848][  0]LogFileCache: Scanning file cache for directory 'D:/Shitty UE4 Games I Make/Castleforce/castleforce/Castleforce/Content/Collections/' took 0.01s
[2019.02.15-00.16.35:848][  0]LogCollectionManager: Rebuilt the GUID cache for 0 collections in 0.000001 seconds
[2019.02.15-00.16.35:867][  0]LogContentBrowser: Native class hierarchy populated in 0.0191 seconds. Added 2583 classes and 607 folders.
[2019.02.15-00.16.35:878][  0]LogContentBrowser: Native class hierarchy updated for 'WidgetCarousel' in 0.0005 seconds. Added 0 classes and 0 folders.
[2019.02.15-00.16.35:974][  0]LogContentBrowser: Native class hierarchy updated for 'AddContentDialog' in 0.0005 seconds. Added 0 classes and 0 folders.
[2019.02.15-00.16.36:030][  0]LogContentBrowser: Native class hierarchy updated for 'HierarchicalLODOutliner' in 0.0006 seconds. Added 0 classes and 0 folders.
[2019.02.15-00.16.36:030][  0]LogLoad: (Engine Initialization) Total time: 13.13 seconds
[2019.02.15-00.16.36:030][  0]LogLoad: (Engine Initialization) Total Blueprint compile time: 0.00 seconds
[2019.02.15-00.16.36:040][  0]LogWindowsTextInputMethodSystem: Display: IME system now deactivated.
[2019.02.15-00.16.36:076][  0]LogContentStreaming: Texture pool size now 1000 MB
[2019.02.15-00.16.36:078][  0]LogSlate: Took 0.000474 seconds to synchronously load lazily loaded font '../../../Engine/Content/Slate/Fonts/Roboto-Regular.ttf' (155K)
[2019.02.15-00.16.36:083][  0]LogSlate: Took 0.000406 seconds to synchronously load lazily loaded font '../../../Engine/Content/Slate/Fonts/Roboto-Bold.ttf' (160K)
[2019.02.15-00.16.36:086][  0]LogSlate: Took 0.000298 seconds to synchronously load lazily loaded font '../../../Engine/Content/Editor/Slate/Fonts/FontAwesome.ttf' (139K)
[2019.02.15-00.16.36:214][  0]LogRenderer: Reallocating scene render targets to support 528x360 Format 10 NumSamples 1 (Frame:1).
[2019.02.15-00.16.36:282][  0]LogSlate: Took 0.000415 seconds to synchronously load lazily loaded font '../../../Engine/Content/Slate/Fonts/Roboto-Light.ttf' (167K)
[2019.02.15-00.16.36:301][  1]LogFileCache: Retrieving MD5 hashes for directory 'D:/Shitty UE4 Games I Make/Castleforce/castleforce/Castleforce/Content/' took 0.25s
[2019.02.15-00.16.36:409][  2]LogAssetRegistry: Asset discovery search completed in 6.7170 seconds
[2019.02.15-00.16.36:412][  2]LogCollectionManager: Rebuilt the object cache for 0 collections in 0.000001 seconds (found 0 objects)
[2019.02.15-00.16.36:412][  2]LogCollectionManager: Fixed up redirectors for 0 collections in 0.000246 seconds (updated 0 objects)
[2019.02.15-00.16.44:932][617]LogRenderer: Reallocating scene render targets to support 1200x576 Format 10 NumSamples 1 (Frame:4).
[2019.02.15-00.16.45:904][719]LogSlate: FSceneViewport::OnFocusLost() reason 0
[2019.02.15-00.16.46:005][731]LogTemp: Repeating last play command: Selected Viewport
[2019.02.15-00.16.46:035][731]LogBlueprintUserMessages: Early PlayInEditor Detection: Level '/Game/Levels/Level1.Level1:PersistentLevel' has LevelScriptBlueprint '/Game/Levels/Level1.Level1:PersistentLevel.Level1' with GeneratedClass '/Game/Levels/Level1.Level1_C' with ClassGeneratedBy '/Game/Levels/Level1.Level1:PersistentLevel.Level1'
[2019.02.15-00.16.46:036][731]LogPlayLevel: PlayLevel: No blueprints needed recompiling
[2019.02.15-00.16.46:053][731]PIE: New page: PIE session: Level1 (15 Feb 2019 00:16:46)
[2019.02.15-00.16.46:054][731]LogPlayLevel: Creating play world package: /Game/Levels/UEDPIE_0_Level1
[2019.02.15-00.16.46:086][731]LogPlayLevel: PIE: StaticDuplicateObject took: (0.032189s)
[2019.02.15-00.16.46:088][731]LogAIModule: Creating AISystem for world Level1
[2019.02.15-00.16.46:088][731]LogPlayLevel: PIE: World Init took: (0.001728s)
[2019.02.15-00.16.46:088][731]LogPlayLevel: PIE: Created PIE world by copying editor world from /Game/Levels/Level1.Level1 to /Game/Levels/UEDPIE_0_Level1.Level1 (0.034804s)
[2019.02.15-00.16.46:234][731]LogInit: XAudio2 using 'Headset Earphone (HyperX 7.1 Audio)' : 2 channels at 48 kHz using 16 bits per sample (channel mask 0x3)
[2019.02.15-00.16.46:247][731]LogInit: FAudioDevice initialized.
[2019.02.15-00.16.46:325][731]LogLoad: Game class is 'MyCastleforceGameMode_C'
[2019.02.15-00.16.46:328][731]LogWorld: Bringing World /Game/Levels/UEDPIE_0_Level1.Level1 up for play (max tick rate 0) at 2019.02.15-00.16.46
[2019.02.15-00.16.46:328][731]LogWorld: Bringing up level for play took: 0.000990
[2019.02.15-00.16.46:348][731]LogContentBrowser: Native class hierarchy updated for 'MovieSceneCapture' in 0.0006 seconds. Added 10 classes and 0 folders.
[2019.02.15-00.16.46:359][731]PIE: Play in editor start time for /Game/Levels/UEDPIE_0_Level1 0.166
[2019.02.15-00.16.46:360][731]LogBlueprintUserMessages: Late PlayInEditor Detection: Level '/Game/Levels/Level1.Level1:PersistentLevel' has LevelScriptBlueprint '/Game/Levels/Level1.Level1:PersistentLevel.Level1' with GeneratedClass '/Game/Levels/Level1.Level1_C' with ClassGeneratedBy '/Game/Levels/Level1.Level1:PersistentLevel.Level1'
[2019.02.15-00.16.47:145][815]LogOutputDevice: Error: Ensure condition failed: !RotationQuat.ContainsNaN() [File:D:\Build\++UE4\Sync\Engine\Source\Runtime\Core\Private\Math\UnrealMath.cpp] [Line: 448] 
Invalid input to FRotator::Quaternion - generated NaN output: X=-inf Y=-nan(ind) Z=inf W=-nan(ind)

[2019.02.15-00.16.47:145][815]LogStats:             FDebug::EnsureFailed -  0.000 s
[2019.02.15-00.17.17:746][815]LogSpawn: Warning: SpawnActor failed because the given transform (-1762897685049191505592320.000000,0.000000,-1557495495631444862042112.000000|-90.000000,0.000000,-0.000000|1.000000,1.000000,1.000000) is invalid
[2019.02.15-00.18.00:728][950]LogSpawn: Warning: SpawnActor failed because the given transform (-1763469534115476501692416.000000,0.000000,-1557495495631444862042112.000000|-90.000000,0.000000,-0.000000|1.000000,1.000000,1.000000) is invalid
[2019.02.15-00.18.01:165][  2]LogSpawn: Warning: SpawnActor failed because the given transform (-1763522568504688416653312.000000,0.000000,-1557495495631444862042112.000000|-90.000000,0.000000,-0.000000|1.000000,1.000000,1.000000) is invalid
[2019.02.15-00.18.01:374][ 27]LogSpawn: Warning: SpawnActor failed because the given transform (-2940512462441707930124288.000000,0.000000,-1557495495631444862042112.000000|-90.000000,0.000000,-0.000000|1.000000,1.000000,1.000000) is invalid
[2019.02.15-00.18.01:582][ 52]LogSpawn: Warning: SpawnActor failed because the given transform (-2940037458781809909170176.000000,0.000000,-1557495495631444862042112.000000|-90.000000,0.000000,-0.000000|1.000000,1.000000,1.000000) is invalid
[2019.02.15-00.18.01:791][ 77]LogSpawn: Warning: SpawnActor failed because the given transform (-2940323383314952407220224.000000,0.000000,-1557495495631444862042112.000000|-90.000000,0.000000,-0.000000|1.000000,1.000000,1.000000) is invalid
[2019.02.15-00.18.01:958][ 97]LogSpawn: Warning: SpawnActor failed because the given transform (-2940254208024675996401664.000000,0.000000,-1557495495631444862042112.000000|-90.000000,0.000000,-0.000000|1.000000,1.000000,1.000000) is invalid
[2019.02.15-00.18.02:133][118]LogSpawn: Warning: SpawnActor failed because the given transform (-2939728475818575274180608.000000,0.000000,-1557495495631444862042112.000000|-90.000000,0.000000,-0.000000|1.000000,1.000000,1.000000) is invalid
[2019.02.15-00.18.02:318][140]LogSpawn: Warning: SpawnActor failed because the given transform (-2939899108201257087533056.000000,0.000000,-1557495495631444862042112.000000|-90.000000,0.000000,-0.000000|1.000000,1.000000,1.000000) is invalid
[2019.02.15-00.18.02:502][162]LogSpawn: Warning: SpawnActor failed because the given transform (-2937482584727601136271360.000000,0.000000,-1557495495631444862042112.000000|-90.000000,0.000000,-0.000000|1.000000,1.000000,1.000000) is invalid
[2019.02.15-00.18.02:644][179]LogSpawn: Warning: SpawnActor failed because the given transform (-2937588653506024966193152.000000,0.000000,-1557495495631444862042112.000000|-90.000000,0.000000,-0.000000|1.000000,1.000000,1.000000) is invalid
[2019.02.15-00.18.02:829][201]LogSpawn: Warning: SpawnActor failed because the given transform (-2937685498912411941339136.000000,0.000000,-1557495495631444862042112.000000|-90.000000,0.000000,-0.000000|1.000000,1.000000,1.000000) is invalid
[2019.02.15-00.18.02:978][219]LogSpawn: Warning: SpawnActor failed because the given transform (-2937773120946762061709312.000000,0.000000,-1557495495631444862042112.000000|-90.000000,0.000000,-0.000000|1.000000,1.000000,1.000000) is invalid
[2019.02.15-00.18.03:170][242]LogSpawn: Warning: SpawnActor failed because the given transform (-2937791567690835771260928.000000,0.000000,-1557495495631444862042112.000000|-90.000000,0.000000,-0.000000|1.000000,1.000000,1.000000) is invalid
[2019.02.15-00.18.03:320][260]LogSpawn: Warning: SpawnActor failed because the given transform (-2937929918271388592898048.000000,0.000000,-1557495495631444862042112.000000|-90.000000,0.000000,-0.000000|1.000000,1.000000,1.000000) is invalid
[2019.02.15-00.18.03:512][283]LogSpawn: Warning: SpawnActor failed because the given transform (-2938165114258328389681152.000000,0.000000,-1557495495631444862042112.000000|-90.000000,0.000000,-0.000000|1.000000,1.000000,1.000000) is invalid
[2019.02.15-00.18.03:728][309]LogSpawn: Warning: SpawnActor failed because the given transform (-2938501767337673588998144.000000,0.000000,-1557495495631444862042112.000000|-90.000000,0.000000,-0.000000|1.000000,1.000000,1.000000) is invalid
[2019.02.15-00.18.03:903][330]LogSpawn: Warning: SpawnActor failed because the given transform (-2938451038791470887731200.000000,0.000000,-1557495495631444862042112.000000|-90.000000,0.000000,-0.000000|1.000000,1.000000,1.000000) is invalid
[2019.02.15-00.18.04:087][352]LogSpawn: Warning: SpawnActor failed because the given transform (-2940443287151431519305728.000000,0.000000,-1557495495631444862042112.000000|-90.000000,0.000000,-0.000000|1.000000,1.000000,1.000000) is invalid
[2019.02.15-00.18.04:271][374]LogSpawn: Warning: SpawnActor failed because the given transform (-2938700069836465966678016.000000,0.000000,-1557495495631444862042112.000000|-90.000000,0.000000,-0.000000|1.000000,1.000000,1.000000) is invalid
[2019.02.15-00.18.04:446][395]LogSpawn: Warning: SpawnActor failed because the given transform (-2938843032103037215703040.000000,0.000000,-1557495495631444862042112.000000|-90.000000,0.000000,-0.000000|1.000000,1.000000,1.000000) is invalid
[2019.02.15-00.18.04:630][417]LogSpawn: Warning: SpawnActor failed because the given transform (-2938926042451368908685312.000000,0.000000,-1557495495631444862042112.000000|-90.000000,0.000000,-0.000000|1.000000,1.000000,1.000000) is invalid
[2019.02.15-00.18.04:822][440]LogSpawn: Warning: SpawnActor failed because the given transform (-2939087451462013867261952.000000,0.000000,-1557495495631444862042112.000000|-90.000000,0.000000,-0.000000|1.000000,1.000000,1.000000) is invalid
[2019.02.15-00.18.04:997][461]LogSpawn: Warning: SpawnActor failed because the given transform (-2939119733264142858977280.000000,0.000000,-1557495495631444862042112.000000|-90.000000,0.000000,-0.000000|1.000000,1.000000,1.000000) is invalid
[2019.02.15-00.18.05:189][484]LogSpawn: Warning: SpawnActor failed because the given transform (-2939198131926456124571648.000000,0.000000,-1557495495631444862042112.000000|-90.000000,0.000000,-0.000000|1.000000,1.000000,1.000000) is invalid
[2019.02.15-00.18.05:364][505]LogSpawn: Warning: SpawnActor failed because the given transform (-2939603960296077734707200.000000,0.000000,-1557495495631444862042112.000000|-90.000000,0.000000,-0.000000|1.000000,1.000000,1.000000) is invalid
[2019.02.15-00.18.05:532][525]LogSpawn: Warning: SpawnActor failed because the given transform (-2939322647448953664045056.000000,0.000000,-1557495495631444862042112.000000|-90.000000,0.000000,-0.000000|1.000000,1.000000,1.000000) is invalid
[2019.02.15-00.18.05:715][547]LogSpawn: Warning: SpawnActor failed because the given transform (-2939705417388483137241088.000000,0.000000,-1557495495631444862042112.000000|-90.000000,0.000000,-0.000000|1.000000,1.000000,1.000000) is invalid
[2019.02.15-00.18.05:906][570]LogSpawn: Warning: SpawnActor failed because the given transform (-2937911471527314883346432.000000,0.000000,-1557495495631444862042112.000000|-90.000000,0.000000,-0.000000|1.000000,1.000000,1.000000) is invalid
[2019.02.15-00.18.06:041][586]LogSpawn: Warning: SpawnActor failed because the given transform (-2941748394294646470082560.000000,0.000000,-1557495495631444862042112.000000|-90.000000,0.000000,-0.000000|1.000000,1.000000,1.000000) is invalid
[2019.02.15-00.18.06:240][610]LogSpawn: Warning: SpawnActor failed because the given transform (-2941854463073070300004352.000000,0.000000,-1557495495631444862042112.000000|-90.000000,0.000000,-0.000000|1.000000,1.000000,1.000000) is invalid
[2019.02.15-00.18.06:392][628]LogSpawn: Warning: SpawnActor failed because the given transform (-2941969755223530984701952.000000,0.000000,-1557495495631444862042112.000000|-90.000000,0.000000,-0.000000|1.000000,1.000000,1.000000) is invalid
[2019.02.15-00.18.06:584][651]LogSpawn: Warning: SpawnActor failed because the given transform (-2938275794722770646990848.000000,0.000000,-1557495495631444862042112.000000|-90.000000,0.000000,-0.000000|1.000000,1.000000,1.000000) is invalid
[2019.02.15-00.18.06:760][672]LogSpawn: Warning: SpawnActor failed because the given transform (-2938363416757120767361024.000000,0.000000,-1557495495631444862042112.000000|-90.000000,0.000000,-0.000000|1.000000,1.000000,1.000000) is invalid
[2019.02.15-00.18.06:951][695]LogSpawn: Warning: SpawnActor failed because the given transform (-2938349581699065485197312.000000,0.000000,-1557495495631444862042112.000000|-90.000000,0.000000,-0.000000|1.000000,1.000000,1.000000) is invalid
[2019.02.15-00.18.07:194][724]LogSpawn: Warning: SpawnActor failed because the given transform (-2941978978595567839477760.000000,0.000000,-1557495495631444862042112.000000|-90.000000,0.000000,-0.000000|1.000000,1.000000,1.000000) is invalid
[2019.02.15-00.18.07:412][750]LogSpawn: Warning: SpawnActor failed because the given transform (-2941826792956959735676928.000000,0.000000,-1557495495631444862042112.000000|-90.000000,0.000000,-0.000000|1.000000,1.000000,1.000000) is invalid
[2019.02.15-00.18.07:762][792]LogSpawn: Warning: SpawnActor failed because the given transform (-2937367292577140451573760.000000,0.000000,-1557495495631444862042112.000000|-90.000000,0.000000,-0.000000|1.000000,1.000000,1.000000) is invalid
[2019.02.15-00.18.08:145][838]LogSpawn: Warning: SpawnActor failed because the given transform (-2939428716227377493966848.000000,0.000000,-1557495495631444862042112.000000|-90.000000,0.000000,-0.000000|1.000000,1.000000,1.000000) is invalid
[2019.02.15-00.18.08:329][860]LogSpawn: Warning: SpawnActor failed because the given transform (-2939216578670529834123264.000000,0.000000,-1557495495631444862042112.000000|-90.000000,0.000000,-0.000000|1.000000,1.000000,1.000000) is invalid
[2019.02.15-00.18.08:713][906]LogSpawn: Warning: SpawnActor failed because the given transform (-2939092063148032294649856.000000,0.000000,-1557495495631444862042112.000000|-90.000000,0.000000,-0.000000|1.000000,1.000000,1.000000) is invalid
[2019.02.15-00.18.08:904][929]LogSpawn: Warning: SpawnActor failed because the given transform (-2939009052799700601667584.000000,0.000000,-1557495495631444862042112.000000|-90.000000,0.000000,-0.000000|1.000000,1.000000,1.000000) is invalid
[2019.02.15-00.18.09:087][951]LogSpawn: Warning: SpawnActor failed because the given transform (-2938838420417018788315136.000000,0.000000,-1557495495631444862042112.000000|-90.000000,0.000000,-0.000000|1.000000,1.000000,1.000000) is invalid
[2019.02.15-00.18.09:288][975]LogSpawn: Warning: SpawnActor failed because the given transform (-2938732351638594958393344.000000,0.000000,-1557495495631444862042112.000000|-90.000000,0.000000,-0.000000|1.000000,1.000000,1.000000) is invalid
[2019.02.15-00.18.09:472][997]LogSpawn: Warning: SpawnActor failed because the given transform (-2938617059488134273695744.000000,0.000000,-1557495495631444862042112.000000|-90.000000,0.000000,-0.000000|1.000000,1.000000,1.000000) is invalid
[2019.02.15-00.18.09:621][ 15]LogSpawn: Warning: SpawnActor failed because the given transform (-2938469485535544597282816.000000,0.000000,0.000000|-90.000000,0.000000,-0.000000|1.000000,1.000000,1.000000) is invalid
[2019.02.15-00.18.09:780][ 34]LogSpawn: Warning: SpawnActor failed because the given transform (-2938248124606660082663424.000000,0.000000,-1557495495631444862042112.000000|-90.000000,0.000000,-0.000000|1.000000,1.000000,1.000000) is invalid
[2019.02.15-00.18.09:938][ 53]LogSpawn: Warning: SpawnActor failed because the given transform (-2938118997398144115802112.000000,0.000000,0.000000|-90.000000,0.000000,-0.000000|1.000000,1.000000,1.000000) is invalid
[2019.02.15-00.18.10:822][159]LogSpawn: Warning: SpawnActor failed because the given transform (-2937519478215748555374592.000000,0.000000,-1557495495631444862042112.000000|-90.000000,0.000000,-0.000000|1.000000,1.000000,1.000000) is invalid
[2019.02.15-00.18.11:196][203]LogSpawn: Warning: SpawnActor failed because the given transform (-2939742310876630556344320.000000,0.000000,-1557495495631444862042112.000000|-90.000000,0.000000,-0.000000|1.000000,1.000000,1.000000) is invalid
[2019.02.15-00.18.11:387][226]LogSpawn: Warning: SpawnActor failed because the given transform (-2940134304188196884316160.000000,0.000000,-1557495495631444862042112.000000|-90.000000,0.000000,-0.000000|1.000000,1.000000,1.000000) is invalid
[2019.02.15-00.18.11:554][246]LogSpawn: Warning: SpawnActor failed because the given transform (-2940327995000970834608128.000000,0.000000,-1557495495631444862042112.000000|-90.000000,0.000000,-0.000000|1.000000,1.000000,1.000000) is invalid
[2019.02.15-00.18.11:746][269]LogSpawn: Warning: SpawnActor failed because the given transform (-2940055905525883618721792.000000,0.000000,-1557495495631444862042112.000000|-90.000000,0.000000,-0.000000|1.000000,1.000000,1.000000) is invalid
[2019.02.15-00.18.11:921][290]LogSpawn: Warning: SpawnActor failed because the given transform (-2939843767969035958878208.000000,0.000000,-1557495495631444862042112.000000|-90.000000,0.000000,-0.000000|1.000000,1.000000,1.000000) is invalid
[2019.02.15-00.18.12:104][312]LogSpawn: Warning: SpawnActor failed because the given transform (-2940009788665699344842752.000000,0.000000,-1557495495631444862042112.000000|-90.000000,0.000000,-0.000000|1.000000,1.000000,1.000000) is invalid
[2019.02.15-00.18.12:287][334]LogSpawn: Warning: SpawnActor failed because the given transform (-2940360276803099826323456.000000,0.000000,-1557495495631444862042112.000000|-90.000000,0.000000,-0.000000|1.000000,1.000000,1.000000) is invalid
[2019.02.15-00.18.12:482][357]LogSpawn: Warning: SpawnActor failed because the given transform (-2940161974304307448643584.000000,0.000000,-1557495495631444862042112.000000|-90.000000,0.000000,-0.000000|1.000000,1.000000,1.000000) is invalid
[2019.02.15-00.18.12:649][377]LogSpawn: Warning: SpawnActor failed because the given transform (-2939857603027091241041920.000000,0.000000,-1557495495631444862042112.000000|-90.000000,0.000000,-0.000000|1.000000,1.000000,1.000000) is invalid
[2019.02.15-00.18.12:841][400]LogSpawn: Warning: SpawnActor failed because the given transform (-2939922166631349224472576.000000,0.000000,-1557495495631444862042112.000000|-90.000000,0.000000,-0.000000|1.000000,1.000000,1.000000) is invalid
[2019.02.15-00.18.13:045][423]LogSpawn: Warning: SpawnActor failed because the given transform (-2937874578039167464243200.000000,0.000000,-1557495495631444862042112.000000|-90.000000,0.000000,-0.000000|1.000000,1.000000,1.000000) is invalid
[2019.02.15-00.18.13:219][444]LogSpawn: Warning: SpawnActor failed because the given transform (-2937657828796301377011712.000000,0.000000,-1557495495631444862042112.000000|-90.000000,0.000000,-0.000000|1.000000,1.000000,1.000000) is invalid
[2019.02.15-00.18.13:586][488]LogSpawn: Warning: SpawnActor failed because the given transform (-2937971423445554439389184.000000,0.000000,-1557495495631444862042112.000000|-90.000000,0.000000,-0.000000|1.000000,1.000000,1.000000) is invalid
[2019.02.15-00.18.13:787][512]LogSpawn: Warning: SpawnActor failed because the given transform (-2938077492223978269310976.000000,0.000000,-1557495495631444862042112.000000|-90.000000,0.000000,-0.000000|1.000000,1.000000,1.000000) is invalid
[2019.02.15-00.18.13:954][532]LogSpawn: Warning: SpawnActor failed because the given transform (-2938146667514254680129536.000000,0.000000,-1557495495631444862042112.000000|-90.000000,0.000000,-0.000000|1.000000,1.000000,1.000000) is invalid
[2019.02.15-00.18.14:162][557]LogSpawn: Warning: SpawnActor failed because the given transform (-2938441815419434032955392.000000,0.000000,-1557495495631444862042112.000000|-90.000000,0.000000,-0.000000|1.000000,1.000000,1.000000) is invalid
[2019.02.15-00.18.14:378][583]LogSpawn: Warning: SpawnActor failed because the given transform (-2938653952976281692798976.000000,0.000000,-1557495495631444862042112.000000|-90.000000,0.000000,-0.000000|1.000000,1.000000,1.000000) is invalid
[2019.02.15-00.18.14:620][612]LogSpawn: Warning: SpawnActor failed because the given transform (-2938787691870816087048192.000000,0.000000,-1557495495631444862042112.000000|-90.000000,0.000000,-0.000000|1.000000,1.000000,1.000000) is invalid
[2019.02.15-00.18.14:837][638]LogSpawn: Warning: SpawnActor failed because the given transform (-2938935265823405763461120.000000,0.000000,-1557495495631444862042112.000000|-90.000000,0.000000,-0.000000|1.000000,1.000000,1.000000) is invalid
[2019.02.15-00.18.15:068][664]LogSpawn: Warning: SpawnActor failed because the given transform (-2939631630412188299034624.000000,0.000000,-1557495495631444862042112.000000|-90.000000,0.000000,-0.000000|1.000000,1.000000,1.000000) is invalid
[2019.02.15-00.18.15:336][696]LogSpawn: Warning: SpawnActor failed because the given transform (-2939276530588769390166016.000000,0.000000,-1557495495631444862042112.000000|-90.000000,0.000000,-0.000000|1.000000,1.000000,1.000000) is invalid
[2019.02.15-00.18.15:545][721]LogSpawn: Warning: SpawnActor failed because the given transform (-2939184296868400842407936.000000,0.000000,-1557495495631444862042112.000000|-90.000000,0.000000,-0.000000|1.000000,1.000000,1.000000) is invalid
[2019.02.15-00.18.15:720][742]LogSpawn: Warning: SpawnActor failed because the given transform (-2941992813653623121641472.000000,0.000000,-1557495495631444862042112.000000|-90.000000,0.000000,-0.000000|1.000000,1.000000,1.000000) is invalid
[2019.02.15-00.18.15:938][768]LogSpawn: Warning: SpawnActor failed because the given transform (-2939516338261727614337024.000000,0.000000,-1557495495631444862042112.000000|-90.000000,0.000000,-0.000000|1.000000,1.000000,1.000000) is invalid
[2019.02.15-00.18.16:179][797]LogSpawn: Warning: SpawnActor failed because the given transform (-2941831404642978163064832.000000,0.000000,-1557495495631444862042112.000000|-90.000000,0.000000,-0.000000|1.000000,1.000000,1.000000) is invalid
[2019.02.15-00.18.16:371][820]LogSpawn: Warning: SpawnActor failed because the given transform (-2941955920165475702538240.000000,0.000000,-1557495495631444862042112.000000|-90.000000,0.000000,-0.000000|1.000000,1.000000,1.000000) is invalid
[2019.02.15-00.18.16:596][847]LogSpawn: Warning: SpawnActor failed because the given transform (-2938298853152862783930368.000000,0.000000,-1557495495631444862042112.000000|-90.000000,0.000000,-0.000000|1.000000,1.000000,1.000000) is invalid
[2019.02.15-00.18.16:830][875]LogSpawn: Warning: SpawnActor failed because the given transform (-2938368028443139194748928.000000,0.000000,-1557495495631444862042112.000000|-90.000000,0.000000,-0.000000|1.000000,1.000000,1.000000) is invalid
[2019.02.15-00.18.17:030][899]LogSpawn: Warning: SpawnActor failed because the given transform (-2941895968247236146495488.000000,0.000000,-1557495495631444862042112.000000|-90.000000,0.000000,-0.000000|1.000000,1.000000,1.000000) is invalid
[2019.02.15-00.18.17:239][924]LogSpawn: Warning: SpawnActor failed because the given transform (-2941886744875199291719680.000000,0.000000,-1557495495631444862042112.000000|-90.000000,0.000000,-0.000000|1.000000,1.000000,1.000000) is invalid
[2019.02.15-00.18.17:447][949]LogSpawn: Warning: SpawnActor failed because the given transform (-2941734559236591187918848.000000,0.000000,-1557495495631444862042112.000000|-90.000000,0.000000,-0.000000|1.000000,1.000000,1.000000) is invalid
[2019.02.15-00.18.17:673][976]LogSpawn: Warning: SpawnActor failed because the given transform (-2937376515949177306349568.000000,0.000000,-1557495495631444862042112.000000|-90.000000,0.000000,-0.000000|1.000000,1.000000,1.000000) is invalid
[2019.02.15-00.18.17:889][  2]LogSpawn: Warning: SpawnActor failed because the given transform (-2939442551285432776130560.000000,0.000000,-1557495495631444862042112.000000|-90.000000,0.000000,-0.000000|1.000000,1.000000,1.000000) is invalid
[2019.02.15-00.18.19:252][165]LogSlate: FSceneViewport::OnFocusLost() reason 0
[2019.02.15-00.18.19:361][178]LogBlueprintUserMessages: Early EndPlayMap Detection: Level '/Game/Levels/Level1.Level1:PersistentLevel' has LevelScriptBlueprint '/Game/Levels/Level1.Level1:PersistentLevel.Level1' with GeneratedClass '/Game/Levels/Level1.Level1_C' with ClassGeneratedBy '/Game/Levels/Level1.Level1:PersistentLevel.Level1'
[2019.02.15-00.18.19:361][178]LogSlate: Updating window title bar state: overlay mode, drag disabled, window buttons hidden, title bar hidden
[2019.02.15-00.18.19:405][178]LogPlayLevel: Display: Shutting down PIE online subsystems
[2019.02.15-00.18.19:405][178]LogBlueprintUserMessages: Late EndPlayMap Detection: Level '/Game/Levels/Level1.Level1:PersistentLevel' has LevelScriptBlueprint '/Game/Levels/Level1.Level1:PersistentLevel.Level1' with GeneratedClass '/Game/Levels/Level1.Level1_C' with ClassGeneratedBy '/Game/Levels/Level1.Level1:PersistentLevel.Level1'
[2019.02.15-00.18.19:531][178]LogSlate: Updating window title bar state: overlay mode, drag disabled, window buttons hidden, title bar hidden
[2019.02.15-00.18.19:552][179]LogPlayLevel: Display: Destroying online subsystem :Context_2
[2019.02.15-00.18.22:384][510]Candidate modules for hot reload:
[2019.02.15-00.18.22:384][510]  Castleforce
[2019.02.15-00.18.22:384][510]Launching UnrealBuildTool... [D:/Unreal/Engine/UE_4.20/Engine/Binaries/DotNET/UnrealBuildTool.exe  -ModuleWithSuffix=Castleforce,3103 Win64 Development -TargetType=Editor -Project="../../../../../../Shitty UE4 Games I Make/Castleforce/castleforce/Castleforce/Castleforce.uproject" -canskiplink "D:/Shitty UE4 Games I Make/Castleforce/castleforce/Castleforce/Castleforce.uproject" ]
[2019.02.15-00.18.22:388][510]Warning: Starting HotReload took  0.1s.
[2019.02.15-00.18.30:982][534]CompilerResultsLog: New page: Compilation - 15 Feb 2019 00:18:30
[2019.02.15-00.18.30:982][534]CompilerResultsLog: Using 'git status' to determine working set for adaptive non-unity build.
[2019.02.15-00.18.30:982][534]CompilerResultsLog: Creating makefile for hot reloading CastleforceEditor (modules to compile have changed)
[2019.02.15-00.18.30:983][534]CompilerResultsLog: Compiling game modules for hot reload
[2019.02.15-00.18.30:983][534]CompilerResultsLog: Using Visual Studio 2017 14.16.27023 toolchain (C:\Program Files (x86)\Microsoft Visual Studio\2017\Community\VC\Tools\MSVC\14.16.27023) and Windows 10.0.16299.0 SDK (C:\Program Files (x86)\Windows Kits\10).
[2019.02.15-00.18.30:983][534]CompilerResultsLog: Target is up to date
[2019.02.15-00.18.30:983][534]CompilerResultsLog: Total build time: 8.26 seconds (NoActionsToExecute executor: 0.00 seconds)
[2019.02.15-00.18.30:983][534]LogMainFrame: MainFrame: Module compiling took 8.633 seconds
[2019.02.15-00.18.31:129][534]LogContentBrowser: Native class hierarchy populated in 0.0172 seconds. Added 2583 classes and 607 folders.
[2019.02.15-00.18.31:129][534]Display: HotReload took  8.8s.
[2019.02.15-00.18.43:116][830]LogTemp: Repeating last play command: Selected Viewport
[2019.02.15-00.18.43:145][830]LogBlueprintUserMessages: Early PlayInEditor Detection: Level '/Game/Levels/Level1.Level1:PersistentLevel' has LevelScriptBlueprint '/Game/Levels/Level1.Level1:PersistentLevel.Level1' with GeneratedClass '/Game/Levels/Level1.Level1_C' with ClassGeneratedBy '/Game/Levels/Level1.Level1:PersistentLevel.Level1'
[2019.02.15-00.18.43:145][830]LogPlayLevel: PlayLevel: No blueprints needed recompiling
[2019.02.15-00.18.43:146][830]PIE: New page: PIE session: Level1 (15 Feb 2019 00:18:43)
[2019.02.15-00.18.43:146][830]LogPlayLevel: Creating play world package: /Game/Levels/UEDPIE_0_Level1
[2019.02.15-00.18.43:162][830]LogPlayLevel: PIE: StaticDuplicateObject took: (0.015712s)
[2019.02.15-00.18.43:163][830]LogAIModule: Creating AISystem for world Level1
[2019.02.15-00.18.43:164][830]LogPlayLevel: PIE: World Init took: (0.001887s)
[2019.02.15-00.18.43:164][830]LogPlayLevel: PIE: Created PIE world by copying editor world from /Game/Levels/Level1.Level1 to /Game/Levels/UEDPIE_0_Level1.Level1 (0.018298s)
[2019.02.15-00.18.43:302][830]LogInit: XAudio2 using 'Headset Earphone (HyperX 7.1 Audio)' : 2 channels at 48 kHz using 16 bits per sample (channel mask 0x3)
[2019.02.15-00.18.43:316][830]LogInit: FAudioDevice initialized.
[2019.02.15-00.18.43:355][830]LogLoad: Game class is 'MyCastleforceGameMode_C'
[2019.02.15-00.18.43:357][830]LogWorld: Bringing World /Game/Levels/UEDPIE_0_Level1.Level1 up for play (max tick rate 0) at 2019.02.15-00.18.43
[2019.02.15-00.18.43:357][830]LogWorld: Bringing up level for play took: 0.001051
[2019.02.15-00.18.43:382][830]PIE: Play in editor start time for /Game/Levels/UEDPIE_0_Level1 1.188
[2019.02.15-00.18.43:382][830]LogBlueprintUserMessages: Late PlayInEditor Detection: Level '/Game/Levels/Level1.Level1:PersistentLevel' has LevelScriptBlueprint '/Game/Levels/Level1.Level1:PersistentLevel.Level1' with GeneratedClass '/Game/Levels/Level1.Level1_C' with ClassGeneratedBy '/Game/Levels/Level1.Level1:PersistentLevel.Level1'
[2019.02.15-00.18.43:964][888]LogActor: Warning: CastleforceKnight_C /Game/Levels/UEDPIE_0_Level1.Level1:PersistentLevel.CastleforceKnight_C_0 has natively added scene component(s), but none of them were set as the actor's RootComponent - picking one arbitrarily
