Log file open, 02/15/19 09:15:40
LogWindows: Failed to load 'aqProf.dll' (GetLastError=126)
LogWindows: File 'aqProf.dll' does not exist
LogWindows: Failed to load 'VtuneApi.dll' (GetLastError=126)
LogWindows: File 'VtuneApi.dll' does not exist
LogWindows: Failed to load 'VtuneApi32e.dll' (GetLastError=126)
LogWindows: File 'VtuneApi32e.dll' does not exist
LogInit: Display: Running engine for game: Castleforce
LogPlatformFile: Not using cached read wrapper
LogTaskGraph: Started task graph with 5 named threads and 23 total threads with 3 sets of task threads.
LogStats: Stats thread started at 0.310474
LogD3D11RHI: Loaded GFSDK_Aftermath_Lib.x64.dll
LogICUInternationalization: Display: ICU TimeZone Detection - Raw Offset: +0:00, Platform Override: ''
LogPluginManager: Mounting plugin Paper2D
LogPluginManager: Mounting plugin AISupport
LogPluginManager: Mounting plugin LightPropagationVolume
LogPluginManager: Mounting plugin CLionSourceCodeAccess
LogPluginManager: Mounting plugin CodeLiteSourceCodeAccess
LogPluginManager: Mounting plugin GitSourceControl
LogPluginManager: Mounting plugin KDevelopSourceCodeAccess
LogPluginManager: Mounting plugin NullSourceCodeAccess
LogPluginManager: Mounting plugin PerforceSourceControl
LogPluginManager: Mounting plugin SubversionSourceControl
LogPluginManager: Mounting plugin UObjectPlugin
LogPluginManager: Mounting plugin VisualStudioCodeSourceCodeAccess
LogPluginManager: Mounting plugin VisualStudioSourceCodeAccess
LogPluginManager: Mounting plugin XCodeSourceCodeAccess
LogPluginManager: Mounting plugin AssetManagerEditor
LogPluginManager: Mounting plugin CryptoKeys
LogPluginManager: Mounting plugin DataValidation
LogPluginManager: Mounting plugin FacialAnimation
LogPluginManager: Mounting plugin GameplayTagsEditor
LogPluginManager: Mounting plugin MacGraphicsSwitching
LogPluginManager: Mounting plugin MeshEditor
LogPluginManager: Mounting plugin MobileLauncherProfileWizard
LogPluginManager: Mounting plugin PluginBrowser
LogPluginManager: Mounting plugin SpeedTreeImporter
LogPluginManager: Mounting plugin DatasmithContent
LogPluginManager: Mounting plugin AlembicImporter
LogPluginManager: Mounting plugin AppleImageUtils
LogPluginManager: Mounting plugin AppleVision
LogPluginManager: Mounting plugin BackChannel
LogPluginManager: Mounting plugin CharacterAI
LogPluginManager: Mounting plugin GeometryCache
LogPluginManager: Mounting plugin HTML5Networking
LogPluginManager: Mounting plugin ProxyLODPlugin
LogPluginManager: Mounting plugin MagicLeap
LogPluginManager: Mounting plugin MagicLeapEmulator
LogPluginManager: Mounting plugin MagicLeapMedia
LogPluginManager: Mounting plugin AndroidMedia
LogPluginManager: Mounting plugin AvfMedia
LogPluginManager: Mounting plugin ImgMedia
LogPluginManager: Mounting plugin LinearTimecode
LogPluginManager: Mounting plugin MediaCompositing
LogPluginManager: Mounting plugin MediaPlayerEditor
LogPluginManager: Mounting plugin WmfMedia
LogPluginManager: Mounting plugin TcpMessaging
LogPluginManager: Mounting plugin UdpMessaging
LogPluginManager: Mounting plugin ActorSequence
LogPluginManager: Mounting plugin LevelSequenceEditor
LogPluginManager: Mounting plugin MatineeToLevelSequence
LogPluginManager: Mounting plugin NetcodeUnitTest
LogPluginManager: Mounting plugin NUTUnrealEngine4
LogPluginManager: Mounting plugin OnlineSubsystemGooglePlay
LogPluginManager: Mounting plugin OnlineSubsystemIOS
LogPluginManager: Mounting plugin OnlineSubsystem
LogPluginManager: Mounting plugin OnlineSubsystemNull
LogPluginManager: Mounting plugin OnlineSubsystemUtils
LogPluginManager: Mounting plugin LauncherChunkInstaller
LogPluginManager: Mounting plugin AndroidDeviceProfileSelector
LogPluginManager: Mounting plugin AndroidMoviePlayer
LogPluginManager: Mounting plugin AndroidPermission
LogPluginManager: Mounting plugin AppleMoviePlayer
LogPluginManager: Mounting plugin ArchVisCharacter
LogPluginManager: Mounting plugin AudioCapture
LogPluginManager: Mounting plugin CableComponent
LogPluginManager: Mounting plugin CustomMeshComponent
LogPluginManager: Mounting plugin EditableMesh
LogPluginManager: Mounting plugin ExampleDeviceProfileSelector
LogPluginManager: Mounting plugin GoogleCloudMessaging
LogPluginManager: Mounting plugin ImmediatePhysics
LogPluginManager: Mounting plugin IOSDeviceProfileSelector
LogPluginManager: Mounting plugin LinuxDeviceProfileSelector
LogPluginManager: Mounting plugin LocationServicesBPLibrary
LogPluginManager: Mounting plugin MobilePatchingUtils
LogPluginManager: Mounting plugin OculusVR
LogPluginManager: Plugin shader directory ../../../Engine/Plugins/Runtime/Oculus/OculusVR/Shaders found
LogPluginManager: Mapping shader source directory ../../../Engine/Plugins/Runtime/Oculus/OculusVR/Shaders to virtual directory /Plugin/OculusVR
LogPluginManager: Mounting plugin PhysXVehicles
LogPluginManager: Mounting plugin ProceduralMeshComponent
LogPluginManager: Mounting plugin RuntimePhysXCooking
LogPluginManager: Mounting plugin SteamVR
LogPluginManager: Mounting plugin WindowsMoviePlayer
LogStreaming: Display: Took  0.364s to configure plugins.
LogInit: Using libcurl 7.55.1-DEV
LogInit:  - built for x86_64-pc-win32
LogInit:  - supports SSL with OpenSSL/1.0.2h
LogInit:  - supports HTTP deflate (compression) using libz 1.2.8
LogInit:  - other features:
LogInit:      CURL_VERSION_SSL
LogInit:      CURL_VERSION_LIBZ
LogInit:      CURL_VERSION_IPV6
LogInit:      CURL_VERSION_ASYNCHDNS
LogInit:      CURL_VERSION_LARGEFILE
LogInit:      CURL_VERSION_IDN
LogInit:  CurlRequestOptions (configurable via config and command line):
LogInit:  - bVerifyPeer = false  - Libcurl will NOT verify peer certificate
LogInit:  - bUseHttpProxy = false  - Libcurl will NOT use HTTP proxy
LogInit:  - bDontReuseConnections = false  - Libcurl will reuse connections
LogInit:  - CertBundlePath = nullptr  - Libcurl will use whatever was configured at build time.
LogInit:  - MaxHostConnections = 16  - Libcurl will limit the number of connections to a host
LogInit:  - LocalHostAddr = Default
LogInit:  - BufferSize = 65536
LogInit: WinSock: version 1.1 (2.2), MaxSocks=32767, MaxUdp=65467
LogInit: Build: ++UE4+Release-4.20-CL-4369336
LogInit: Engine Version: 4.20.3-4369336+++UE4+Release-4.20
LogInit: Compatible Engine Version: 4.20.0-4212847+++UE4+Release-4.20
LogInit: Net CL: 4212847
LogInit: OS: Windows 10 (), CPU: Intel(R) Core(TM) i7-4790 CPU @ 3.60GHz, GPU: NVIDIA GeForce GTX 780
LogInit: Compiled (64-bit): Sep 17 2018 12:26:19
LogInit: Compiled with Visual C++: 19.13.26129.00
LogInit: Build Configuration: Development
LogInit: Branch Name: ++UE4+Release-4.20
LogInit: Command Line: 
LogInit: Base Directory: C:/Program Files/Epic Games/UE_4.20/Engine/Binaries/Win64/
LogInit: Installed Engine Build: 1
LogDevObjectVersion: Number of dev versions registered: 20
LogDevObjectVersion:   Dev-Blueprints (B0D832E4-1F89-4F0D-ACCF-7EB736FD4AA2): 10
LogDevObjectVersion:   Dev-Build (E1C64328-A22C-4D53-A36C-8E866417BD8C): 0
LogDevObjectVersion:   Dev-Core (375EC13C-06E4-48FB-B500-84F0262A717E): 2
LogDevObjectVersion:   Dev-Editor (E4B068ED-F494-42E9-A231-DA0B2E46BB41): 24
LogDevObjectVersion:   Dev-Framework (CFFC743F-43B0-4480-9391-14DF171D2073): 34
LogDevObjectVersion:   Dev-Mobile (B02B49B5-BB20-44E9-A304-32B752E40360): 2
LogDevObjectVersion:   Dev-Networking (A4E4105C-59A1-49B5-A7C5-40C4547EDFEE): 0
LogDevObjectVersion:   Dev-Online (39C831C9-5AE6-47DC-9A44-9C173E1C8E7C): 0
LogDevObjectVersion:   Dev-Physics (78F01B33-EBEA-4F98-B9B4-84EACCB95AA2): 0
LogDevObjectVersion:   Dev-Platform (6631380F-2D4D-43E0-8009-CF276956A95A): 0
LogDevObjectVersion:   Dev-Rendering (12F88B9F-8875-4AFC-A67C-D90C383ABD29): 26
LogDevObjectVersion:   Dev-Sequencer (7B5AE74C-D270-4C10-A958-57980B212A5A): 9
LogDevObjectVersion:   Dev-VR (D7296918-1DD6-4BDD-9DE2-64A83CC13884): 2
LogDevObjectVersion:   Dev-LoadTimes (C2A15278-BFE7-4AFE-6C17-90FF531DF755): 1
LogDevObjectVersion:   Private-Geometry (6EACA3D4-40EC-4CC1-B786-8BED09428FC5): 3
LogDevObjectVersion:   Dev-AnimPhys (29E575DD-E0A3-4627-9D10-D276232CDCEA): 17
LogDevObjectVersion:   Dev-ReflectionCapture (6B266CEC-1EC7-4B8F-A30B-E4D90942FC07): 1
LogDevObjectVersion:   Dev-Automation (0DF73D61-A23F-47EA-B727-89E90C41499A): 1
LogDevObjectVersion:   FortniteMain (601D1886-AC64-4F84-AA16-D3DE0DEAC7D6): 12
LogDevObjectVersion:   Dev-Enterprise (9DFFBCD6-494F-0158-E221-12823C92A888): 1
LogStreaming: Display: Took  0.011s to delete old logs.
LogInit: Presizing for max 8388607 objects, including 0 objects not considered by GC, pre-allocating 0 bytes for permanent pool.
LogInit: Object subsystem initialized
[2019.02.15-09.15.41:117][  0]LogInit: Selected Device Profile: [Windows]
[2019.02.15-09.15.41:117][  0]LogInit: Applying CVar settings loaded from the selected device profile: [Windows]
[2019.02.15-09.15.41:137][  0]LogHAL: Display: Platform has ~ 16 GB [17080971264 / 17179869184 / 16], which maps to Larger [LargestMinGB=32, LargerMinGB=12, DefaultMinGB=8, SmallerMinGB=6, SmallestMinGB=0)
[2019.02.15-09.15.41:137][  0]LogInit: Setting Device Profile CVar: [[r.Vulkan.UseRealUBs:1]]
[2019.02.15-09.15.41:137][  0]LogInit: Going up to parent DeviceProfile []
[2019.02.15-09.15.41:137][  0]LogInit: Computer: AMTX222-19
[2019.02.15-09.15.41:137][  0]LogInit: User: trj1crt
[2019.02.15-09.15.41:137][  0]LogInit: CPU Page size=4096, Cores=4
[2019.02.15-09.15.41:137][  0]LogInit: High frequency timer resolution =3.507501 MHz
[2019.02.15-09.15.41:138][  0]LogMemory: Memory total: Physical=15.9GB (16GB approx)
[2019.02.15-09.15.41:138][  0]LogMemory: Platform Memory Stats for Windows
[2019.02.15-09.15.41:138][  0]LogMemory: Process Physical Memory: 100.26 MB used, 100.26 MB peak
[2019.02.15-09.15.41:138][  0]LogMemory: Process Virtual Memory: 90.95 MB used, 90.95 MB peak
[2019.02.15-09.15.41:138][  0]LogMemory: Physical Memory: 4280.93 MB used,  12008.76 MB free, 16289.68 MB total
[2019.02.15-09.15.41:138][  0]LogMemory: Virtual Memory: 4640.63 MB used,  12008.76 MB free, 134217728.00 MB total
[2019.02.15-09.15.41:158][  0]LogInit: Using OS detected language (en-GB).
[2019.02.15-09.15.41:158][  0]LogInit: Using OS detected locale (en-GB).
[2019.02.15-09.15.41:159][  0]LogTextLocalizationManager: No specific localization for 'en-GB' exists, so the 'en' localization will be used.
[2019.02.15-09.15.41:552][  0]LogStreaming: Display: Took  0.393s to InitEngineTextLocalization.
[2019.02.15-09.15.41:552][  0]LogInit: Setting process to per monitor DPI aware
[2019.02.15-09.15.41:594][  0]LogSlate: New Slate User Created.  User Index 0, Is Virtual User: 0
[2019.02.15-09.15.41:594][  0]LogSlate: Slate User Registered.  User Index 0, Is Virtual User: 0
[2019.02.15-09.15.41:829][  0]LogHMD: Failed to initialize OpenVR with code 110
[2019.02.15-09.15.41:829][  0]LogD3D11RHI: D3D11 adapters:
[2019.02.15-09.15.41:884][  0]LogD3D11RHI:    0. 'NVIDIA GeForce GTX 780' (Feature Level 11_0)
[2019.02.15-09.15.41:884][  0]LogD3D11RHI:       3029/0/8144 MB DedicatedVideo/DedicatedSystem/SharedSystem, Outputs:2, VendorId:0x10de
[2019.02.15-09.15.41:887][  0]LogD3D11RHI:    1. 'Microsoft Basic Render Driver' (Feature Level 11_0)
[2019.02.15-09.15.41:887][  0]LogD3D11RHI:       0/0/8144 MB DedicatedVideo/DedicatedSystem/SharedSystem, Outputs:0, VendorId:0x1414
[2019.02.15-09.15.41:887][  0]LogD3D11RHI: Chosen D3D11 Adapter: 0
[2019.02.15-09.15.41:896][  0]LogD3D11RHI: Creating new Direct3DDevice
[2019.02.15-09.15.41:896][  0]LogD3D11RHI:     GPU DeviceId: 0x1004 (for the marketing name, search the web for "GPU Device Id")
[2019.02.15-09.15.41:896][  0]LogWindows: EnumDisplayDevices:
[2019.02.15-09.15.41:896][  0]LogWindows:    0. 'NVIDIA GeForce GTX 780' (P:1 D:1)
[2019.02.15-09.15.41:897][  0]LogWindows:    1. 'NVIDIA GeForce GTX 780' (P:0 D:1)
[2019.02.15-09.15.41:897][  0]LogWindows:    2. 'NVIDIA GeForce GTX 780' (P:0 D:0)
[2019.02.15-09.15.41:897][  0]LogWindows:    3. 'NVIDIA GeForce GTX 780' (P:0 D:0)
[2019.02.15-09.15.41:898][  0]LogWindows: DebugString: FoundDriverCount:4 
[2019.02.15-09.15.41:898][  0]LogD3D11RHI:     Adapter Name: NVIDIA GeForce GTX 780
[2019.02.15-09.15.41:898][  0]LogD3D11RHI:   Driver Version: 399.07 (internal:24.21.13.9907, unified:399.07)
[2019.02.15-09.15.41:898][  0]LogD3D11RHI:      Driver Date: 8-21-2018
[2019.02.15-09.15.41:898][  0]LogRHI: Texture pool is 2120 MB (70% of 3029 MB)
[2019.02.15-09.15.41:936][  0]LogD3D11RHI: Async texture creation enabled
[2019.02.15-09.15.41:955][  0]LogD3D11RHI: GPU Timing Frequency: 1000.000000 (Debug: 2 2)
[2019.02.15-09.15.41:959][  0]LogShaderCompilers: Guid format shader working directory is -3 characters bigger than the processId version (../../../../../../Temp/Rhun/castleforce/Castleforce/Intermediate/Shaders/WorkingDirectory/5676/).
[2019.02.15-09.15.41:959][  0]LogShaderCompilers: Cleaned the shader compiler working directory 'C:/Users/trj1crt/AppData/Local/Temp/UnrealShaderWorkingDir/6E0A5F5A431CADD3C38C35BC25B383E1/'.
[2019.02.15-09.15.42:419][  0]LogTemp: Display: Loaded TP AllDesktopTargetPlatform
[2019.02.15-09.15.42:434][  0]LogTemp: Display: Loaded TP MacClientTargetPlatform
[2019.02.15-09.15.42:451][  0]LogTemp: Display: Loaded TP MacNoEditorTargetPlatform
[2019.02.15-09.15.42:466][  0]LogTemp: Display: Loaded TP MacServerTargetPlatform
[2019.02.15-09.15.42:481][  0]LogTemp: Display: Loaded TP MacTargetPlatform
[2019.02.15-09.15.42:496][  0]LogTemp: Display: Loaded TP WindowsClientTargetPlatform
[2019.02.15-09.15.42:512][  0]LogTemp: Display: Loaded TP WindowsNoEditorTargetPlatform
[2019.02.15-09.15.42:528][  0]LogTemp: Display: Loaded TP WindowsServerTargetPlatform
[2019.02.15-09.15.42:536][  0]LogTemp: Display: Loaded TP WindowsTargetPlatform
[2019.02.15-09.15.42:622][  0]LogTemp: Display: Loaded TP AndroidTargetPlatform
[2019.02.15-09.15.42:622][  0]LogTemp: Display: Loaded TP AndroidTargetPlatform
[2019.02.15-09.15.42:622][  0]LogTemp: Display: Loaded TP AndroidTargetPlatform
[2019.02.15-09.15.42:622][  0]LogTemp: Display: Loaded TP AndroidTargetPlatform
[2019.02.15-09.15.42:622][  0]LogTemp: Display: Loaded TP AndroidTargetPlatform
[2019.02.15-09.15.42:622][  0]LogTemp: Display: Loaded TP AndroidTargetPlatform
[2019.02.15-09.15.42:622][  0]LogTemp: Display: Loaded TP AndroidTargetPlatform
[2019.02.15-09.15.42:622][  0]LogTemp: Display: Loaded TP AndroidTargetPlatform
[2019.02.15-09.15.42:622][  0]LogTemp: Display: Loaded TP AndroidTargetPlatform
[2019.02.15-09.15.42:622][  0]LogTemp: Display: Loaded TP AndroidTargetPlatform
[2019.02.15-09.15.42:622][  0]LogTemp: Display: Loaded TP AndroidTargetPlatform
[2019.02.15-09.15.42:622][  0]LogTemp: Display: Loaded TP AndroidTargetPlatform
[2019.02.15-09.15.42:622][  0]LogTemp: Display: Loaded TP AndroidTargetPlatform
[2019.02.15-09.15.42:622][  0]LogTemp: Display: Loaded TP AndroidTargetPlatform
[2019.02.15-09.15.42:622][  0]LogTemp: Display: Loaded TP AndroidTargetPlatform
[2019.02.15-09.15.42:622][  0]LogTemp: Display: Loaded TP AndroidTargetPlatform
[2019.02.15-09.15.42:622][  0]LogTemp: Display: Loaded TP AndroidTargetPlatform
[2019.02.15-09.15.42:622][  0]LogTemp: Display: Loaded TP AndroidTargetPlatform
[2019.02.15-09.15.42:624][  0]LogTemp: Display: Loaded TP HTML5TargetPlatform
[2019.02.15-09.15.42:686][  0]LogTemp: Display: Loaded TP IOSTargetPlatform
[2019.02.15-09.15.42:686][  0]LogTemp: Display: Loaded TP IOSTargetPlatform
[2019.02.15-09.15.42:711][  0]LogTemp: Display: Loaded TP TVOSTargetPlatform
[2019.02.15-09.15.42:711][  0]LogTemp: Display: Loaded TP TVOSTargetPlatform
[2019.02.15-09.15.42:724][  0]LogTemp: Display: Loaded TP LinuxClientTargetPlatform
[2019.02.15-09.15.42:738][  0]LogTemp: Display: Loaded TP LinuxNoEditorTargetPlatform
[2019.02.15-09.15.42:750][  0]LogTemp: Display: Loaded TP LinuxServerTargetPlatform
[2019.02.15-09.15.42:766][  0]LogTemp: Display: Loaded TP LinuxTargetPlatform
[2019.02.15-09.15.42:775][  0]LogTemp: Display: Loaded TP LuminTargetPlatform
[2019.02.15-09.15.42:775][  0]LogTargetPlatformManager: Display: Building Assets For Windows
[2019.02.15-09.15.42:863][  0]LogXGEController: Cannot use XGE Controller as Incredibuild is not installed on this machine.
[2019.02.15-09.15.42:863][  0]LogShaderCompilers: Cannot use XGE Shader Compiler as Incredibuild is not installed on this machine.
[2019.02.15-09.15.42:864][  0]LogShaderCompilers: Display: Using Local Shader Compiler.
[2019.02.15-09.15.43:688][  0]LogDerivedDataCache: Display: Max Cache Size: 512 MB
[2019.02.15-09.15.43:808][  0]LogDerivedDataCache: Loaded boot cache 0.12s 87MB C:/Users/trj1crt/AppData/Local/UnrealEngine/4.20/DerivedDataCache/Boot.ddc.
[2019.02.15-09.15.43:810][  0]LogDerivedDataCache: Display: Loaded Boot cache: C:/Users/trj1crt/AppData/Local/UnrealEngine/4.20/DerivedDataCache/Boot.ddc
[2019.02.15-09.15.43:811][  0]LogDerivedDataCache: FDerivedDataBackendGraph:  Pak pak cache file ../../../../../../Temp/Rhun/castleforce/Castleforce/DerivedDataCache/DDC.ddp not found, will not use a pak cache.
[2019.02.15-09.15.43:811][  0]LogDerivedDataCache: Unable to find inner node Pak for hierarchical cache Hierarchy.
[2019.02.15-09.15.43:811][  0]LogDerivedDataCache: FDerivedDataBackendGraph:  CompressedPak pak cache file ../../../../../../Temp/Rhun/castleforce/Castleforce/DerivedDataCache/Compressed.ddp not found, will not use a pak cache.
[2019.02.15-09.15.43:811][  0]LogDerivedDataCache: Unable to find inner node CompressedPak for hierarchical cache Hierarchy.
[2019.02.15-09.15.43:824][  0]LogDerivedDataCache: Display: Pak cache opened for reading ../../../Engine/DerivedDataCache/Compressed.ddp.
[2019.02.15-09.15.43:837][  0]LogDerivedDataCache: Using Local data cache path C:/Users/trj1crt/AppData/Local/UnrealEngine/Common/DerivedDataCache: Writable
[2019.02.15-09.15.43:837][  0]LogDerivedDataCache: Shared data cache path not found in *engine.ini, will not use an Shared cache.
[2019.02.15-09.15.43:837][  0]LogDerivedDataCache: Unable to find inner node Shared for hierarchical cache Hierarchy.
[2019.02.15-09.15.43:860][  0]LogMaterial: Verifying Global Shaders for PCD3D_SM5
[2019.02.15-09.15.43:862][  0]LogSlate: Using FreeType 2.6.0
[2019.02.15-09.15.43:863][  0]LogSlate: SlateFontServices - WITH_FREETYPE: 1, WITH_HARFBUZZ: 1
[2019.02.15-09.15.43:946][  0]LogAssetRegistry: FAssetRegistry took 0.0270 seconds to start up
[2019.02.15-09.15.44:349][  0]LogInit: Selected Device Profile: [Windows]
[2019.02.15-09.15.44:528][  0]LogSimplygon: Simplygon DLL not present - disabling.
[2019.02.15-09.15.44:535][  0]LogMeshReduction: Using SimplygonSwarm for distributed automatic mesh merging
[2019.02.15-09.15.44:535][  0]LogMeshReduction: Using ProxyLODMeshReduction for automatic mesh merging
[2019.02.15-09.15.44:535][  0]LogMeshReduction: Using QuadricMeshReduction for automatic static mesh reduction
[2019.02.15-09.15.44:535][  0]LogMeshReduction: No automatic skeletal mesh reduction module available
[2019.02.15-09.15.44:557][  0]LogNetVersion: Castleforce 1.0.0, NetCL: 4212847, EngineNetVer: 5, GameNetVer: 0 (Checksum: 2622368503)
[2019.02.15-09.15.45:225][  0]LogPackageLocalizationCache: Processed 11 localized package path(s) for 2 prioritized culture(s) in 0.246688 seconds
[2019.02.15-09.15.45:231][  0]LogUObjectArray: 38425 objects as part of root set at end of initial load.
[2019.02.15-09.15.45:231][  0]LogUObjectAllocator: 6690864 out of 0 bytes used by permanent object pool.
[2019.02.15-09.15.45:231][  0]LogUObjectArray: CloseDisregardForGC: 0/0 objects in disregard for GC pool
[2019.02.15-09.15.46:174][  0]LogTcpMessaging: Initializing TcpMessaging bridge
[2019.02.15-09.15.46:188][  0]LogUdpMessaging: Initializing bridge on interface 0.0.0.0:0 to multicast group 230.0.0.1:6666.
[2019.02.15-09.15.46:530][  0]SourceControl: Source control is disabled
[2019.02.15-09.15.46:530][  0]SourceControl: Source control is disabled
[2019.02.15-09.15.46:531][  0]SourceControl: Source control is disabled
[2019.02.15-09.15.46:532][  0]SourceControl: Source control is disabled
[2019.02.15-09.15.46:750][  0]LogAndroidPermission: UAndroidPermissionCallbackProxy::GetInstance
[2019.02.15-09.15.46:778][  0]LogOcInput: OculusInput pre-init called
[2019.02.15-09.15.46:843][  0]LogEngine: Initializing Engine...
[2019.02.15-09.15.46:844][  0]LogHMD: Failed to initialize OpenVR with code 110
[2019.02.15-09.15.46:845][  0]LogStats: UGameplayTagsManager::ConstructGameplayTagTree: ImportINI prefixes -  0.000 s
[2019.02.15-09.15.46:845][  0]LogStats: UGameplayTagsManager::ConstructGameplayTagTree: Construct from data asset -  0.000 s
[2019.02.15-09.15.46:845][  0]LogStats: UGameplayTagsManager::ConstructGameplayTagTree: ImportINI -  0.000 s
[2019.02.15-09.15.46:845][  0]LogStats: UGameplayTagsManager::ConstructGameplayTagTree: GameplayTagTreeChangedEvent.Broadcast -  0.000 s
[2019.02.15-09.15.47:082][  0]LogInit: Initializing FReadOnlyCVARCache
[2019.02.15-09.15.47:104][  0]LogAIModule: Creating AISystem for world Untitled
[2019.02.15-09.15.47:125][  0]LogInit: No audio devices found!
[2019.02.15-09.15.47:126][  0]LogNetVersion: Set ProjectVersion to 1.0.0.0. Version Checksum will be recalculated on next use.
[2019.02.15-09.15.47:567][  0]LogDerivedDataCache: Saved boot cache 0.44s 87MB C:/Users/trj1crt/AppData/Local/UnrealEngine/4.20/DerivedDataCache/Boot.ddc.
[2019.02.15-09.15.47:587][  0]LogInit: Texture streaming: Enabled
[2019.02.15-09.15.47:611][  0]LogEngineSessionManager: EngineSessionManager initialized
[2019.02.15-09.15.47:632][  0]LogInit: Transaction tracking system initialized
[2019.02.15-09.15.47:671][  0]BlueprintLog: New page: Editor Load
[2019.02.15-09.15.47:787][  0]LocalizationService: Localization service is disabled
[2019.02.15-09.15.48:076][  0]LogCook: Display: Max memory allowance for cook 16384mb min free memory 0mb
[2019.02.15-09.15.48:076][  0]LogCook: Display: Mobile HDR setting 1
[2019.02.15-09.15.48:076][  0]LogGameplayTags: Display: UGameplayTagsManager::DoneAddingNativeTags. DelegateIsBound: 0
[2019.02.15-09.15.48:076][  0]LogStats: UGameplayTagsManager::ConstructGameplayTagTree: ImportINI prefixes -  0.000 s
[2019.02.15-09.15.48:076][  0]LogStats: UGameplayTagsManager::ConstructGameplayTagTree: Construct from data asset -  0.000 s
[2019.02.15-09.15.48:076][  0]LogStats: UGameplayTagsManager::ConstructGameplayTagTree: ImportINI -  0.000 s
[2019.02.15-09.15.48:076][  0]LogStats: UGameplayTagsManager::ConstructGameplayTagTree: GameplayTagTreeChangedEvent.Broadcast -  0.000 s
[2019.02.15-09.15.48:224][  0]LogFileCache: Scanning file cache for directory 'C:/Temp/Rhun/castleforce/Castleforce/Content/' took 0.02s
[2019.02.15-09.15.48:224][  0]SourceControl: Source control is disabled
[2019.02.15-09.15.48:224][  0]Cmd: MAP LOAD FILE="../../../../../../Temp/Rhun/castleforce/Castleforce/Content/Levels/Level1.umap" TEMPLATE=0 SHOWPROGRESS=1 FEATURELEVEL=3
[2019.02.15-09.15.48:224][  0]LightingResults: New page: Lighting Build
[2019.02.15-09.15.48:228][  0]MapCheck: New page: Map Check
[2019.02.15-09.15.48:228][  0]LightingResults: New page: Lighting Build
[2019.02.15-09.15.48:370][  0]LogLinker: Warning: CreateExport: Failed to load Parent for BlueprintGeneratedClass /Game/Blueprints/MyCastleForceHexTile.MyCastleForceHexTile_C
[2019.02.15-09.15.48:370][  0]LogLinker: Warning: CreateExport: Failed to load Parent for BlueprintGeneratedClass /Game/Blueprints/MyCastleForceHexTile.MyCastleForceHexTile_C
[2019.02.15-09.15.48:370][  0]LogLinker: Warning: Unable to load Default__MyCastleForceHexTile_C with outer Package /Game/Blueprints/MyCastleForceHexTile because its class does not exist
[2019.02.15-09.15.48:370][  0]LogLinker: Warning: CreateExport: Failed to load Parent for BlueprintGeneratedClass /Game/Blueprints/MyCastleForceHexTile.MyCastleForceHexTile_C
[2019.02.15-09.15.48:371][  0]LogLinker: Warning: CreateExport: Failed to load Parent for BlueprintGeneratedClass /Game/Blueprints/MyCastleForceHexTile.MyCastleForceHexTile_C
[2019.02.15-09.15.48:376][  0]LogLinker: Warning: CreateExport: Failed to load Parent for BlueprintGeneratedClass /Game/Blueprints/MyCastleForceHexTile.MyCastleForceHexTile_C
[2019.02.15-09.15.48:656][  0]LogLinker: Warning: CreateExport: Failed to load Parent for BlueprintGeneratedClass /Game/Blueprints/MyCastleForceHexTile.MyCastleForceHexTile_C
[2019.02.15-09.15.48:656][  0]LogLinker: Warning: CreateExport: Failed to load Parent for BlueprintGeneratedClass /Game/Blueprints/MyCastleForceHexTile.MyCastleForceHexTile_C
[2019.02.15-09.15.48:748][  0]LogAIModule: Creating AISystem for world Level1
[2019.02.15-09.15.48:760][  0]LogEditorServer: Finished looking for orphan Actors (0.000 secs)
[2019.02.15-09.15.48:783][  0]Cmd: MAP CHECKDEP NOCLEARLOG
[2019.02.15-09.15.48:874][  0]MapCheck: Map check complete: 0 Error(s), 0 Warning(s), took 91.258ms to complete.
[2019.02.15-09.15.48:874][  0]LogFileHelpers: Loading map 'Level1' took 0.651
[2019.02.15-09.15.49:149][  0]LogSlate: Updating window title bar state: overlay mode, drag disabled, window buttons hidden, title bar hidden
[2019.02.15-09.15.49:157][  0]LogSlate: Updating window title bar state: overlay mode, drag disabled, window buttons hidden, title bar hidden
[2019.02.15-09.15.49:165][  0]LogSlate: Updating window title bar state: overlay mode, drag disabled, window buttons hidden, title bar hidden
[2019.02.15-09.15.49:175][  0]LogSlate: Updating window title bar state: overlay mode, drag disabled, window buttons hidden, title bar hidden
[2019.02.15-09.15.49:234][  0]LogCollectionManager: Loaded 0 collections in 0.003157 seconds
[2019.02.15-09.15.49:366][  0]LogFileCache: Scanning file cache for directory 'C:/Temp/Rhun/castleforce/Castleforce/Saved/Collections/' took 0.01s
[2019.02.15-09.15.49:366][  0]LogFileCache: Scanning file cache for directory 'C:/Temp/Rhun/castleforce/Castleforce/Content/Developers/trj1crt/Collections/' took 0.01s
[2019.02.15-09.15.49:366][  0]LogFileCache: Scanning file cache for directory 'C:/Temp/Rhun/castleforce/Castleforce/Content/Collections/' took 0.01s
[2019.02.15-09.15.49:366][  0]LogCollectionManager: Rebuilt the GUID cache for 0 collections in 0.000000 seconds
[2019.02.15-09.15.49:378][  0]LogContentBrowser: Native class hierarchy populated in 0.0117 seconds. Added 2577 classes and 605 folders.
[2019.02.15-09.15.49:473][  0]LogContentBrowser: Native class hierarchy updated for 'WidgetCarousel' in 0.0011 seconds. Added 0 classes and 0 folders.
[2019.02.15-09.15.55:055][  0]LogContentBrowser: Native class hierarchy updated for 'AddContentDialog' in 0.0009 seconds. Added 0 classes and 0 folders.
[2019.02.15-09.15.55:093][  0]LogContentBrowser: Native class hierarchy updated for 'SceneOutliner' in 0.0010 seconds. Added 1 classes and 2 folders.
[2019.02.15-09.15.55:131][  0]LogSlate: Took 0.000872 seconds to synchronously load lazily loaded font '../../../Engine/Content/Slate/Fonts/Roboto-Regular.ttf' (155K)
[2019.02.15-09.15.55:134][  0]LogSlate: Took 0.000209 seconds to synchronously load lazily loaded font '../../../Engine/Content/Slate/Fonts/Roboto-Bold.ttf' (160K)
[2019.02.15-09.15.55:197][  0]LogSlate: Took 0.058303 seconds to synchronously load lazily loaded font '../../../Engine/Content/Editor/Slate/Fonts/FontAwesome.ttf' (139K)
[2019.02.15-09.15.55:563][  0]LogRenderer: Reallocating scene render targets to support 1208x576 Format 10 NumSamples 1 (Frame:1).
[2019.02.15-09.15.55:801][  0]LogSlate: Took 0.182817 seconds to synchronously load lazily loaded font '../../../Engine/Content/Slate/Fonts/Roboto-Light.ttf' (167K)
[2019.02.15-09.15.55:889][  0]LogSlate: FSceneViewport::OnFocusLost() reason 2
[2019.02.15-09.15.56:095][  0]LogSlate: Window 'Tutorials' being destroyed
[2019.02.15-09.15.56:128][  0]LogContentBrowser: Native class hierarchy updated for 'HierarchicalLODOutliner' in 0.0009 seconds. Added 0 classes and 0 folders.
[2019.02.15-09.15.56:128][  0]LogLoad: (Engine Initialization) Total time: 17.87 seconds
[2019.02.15-09.15.56:128][  0]LogLoad: (Engine Initialization) Total Blueprint compile time: 0.00 seconds
[2019.02.15-09.15.56:138][  0]LogWindowsTextInputMethodSystem: Display: IME system now deactivated.
[2019.02.15-09.15.56:138][  0]LoadErrors: Warning: CreateExport: Failed to load Outer for resource 'Hex Mesh': MyCastleForceHexTile_C /Game/Blueprints/MyCastleForceHexTile.Default__MyCastleForceHexTile_C
[2019.02.15-09.15.56:138][  0]LoadErrors: Warning: CreateExport: Failed to load Outer for resource 'BodySetup_0': ProceduralMeshComponent /Game/Blueprints/MyCastleForceHexTile.Default__MyCastleForceHexTile_C:Hex Mesh
[2019.02.15-09.15.56:138][  0]LoadErrors: Warning: CreateExport: Failed to load Outer for resource 'DefaultSceneRoot_GEN_VARIABLE': BlueprintGeneratedClass /Game/Blueprints/MyCastleForceHexTile.MyCastleForceHexTile_C
[2019.02.15-09.15.56:138][  0]LoadErrors: Warning: CreateExport: Failed to load Outer for resource 'SimpleConstructionScript_0': BlueprintGeneratedClass /Game/Blueprints/MyCastleForceHexTile.MyCastleForceHexTile_C
[2019.02.15-09.15.56:138][  0]LoadErrors: Warning: CreateExport: Failed to load Outer for resource 'SCS_Node_0': SimpleConstructionScript /Game/Blueprints/MyCastleForceHexTile.MyCastleForceHexTile_C:SimpleConstructionScript_0
[2019.02.15-09.15.56:138][  0]LoadErrors: Warning: CreateExport: Failed to load Outer for resource 'Text': MyCastleForceHexTile_C /Game/Blueprints/MyCastleForceHexTile.Default__MyCastleForceHexTile_C
[2019.02.15-09.15.56:176][  0]LogContentStreaming: Texture pool size now 1000 MB
[2019.02.15-09.15.56:183][  0]LogSlate: FSceneViewport::OnFocusLost() reason 2
[2019.02.15-09.15.56:443][  1]LogFileCache: Retrieving MD5 hashes for directory 'C:/Temp/Rhun/castleforce/Castleforce/Content/' took 0.29s
[2019.02.15-09.15.59:734][368]LogAssetRegistry: Asset discovery search completed in 15.8102 seconds
[2019.02.15-09.15.59:737][368]LogCollectionManager: Rebuilt the object cache for 0 collections in 0.000000 seconds (found 0 objects)
[2019.02.15-09.15.59:737][368]LogCollectionManager: Fixed up redirectors for 0 collections in 0.000062 seconds (updated 0 objects)
[2019.02.15-09.16.01:840][613]LogSlate: FSceneViewport::OnFocusLost() reason 0
[2019.02.15-09.16.01:940][625]LogTemp: Repeating last play command: Selected Viewport
[2019.02.15-09.16.01:962][625]LogBlueprintUserMessages: Early PlayInEditor Detection: Level '/Game/Levels/Level1.Level1:PersistentLevel' has LevelScriptBlueprint '/Game/Levels/Level1.Level1:PersistentLevel.Level1' with GeneratedClass '/Game/Levels/Level1.Level1_C' with ClassGeneratedBy '/Game/Levels/Level1.Level1:PersistentLevel.Level1'
[2019.02.15-09.16.01:962][625]LogPlayLevel: PlayLevel: No blueprints needed recompiling
[2019.02.15-09.16.01:974][625]PIE: New page: PIE session: Level1 (15 Feb 2019 09:16:01)
[2019.02.15-09.16.01:974][625]LogPlayLevel: Creating play world package: /Game/Levels/UEDPIE_0_Level1
[2019.02.15-09.16.02:000][625]LogPlayLevel: PIE: StaticDuplicateObject took: (0.026317s)
[2019.02.15-09.16.02:001][625]LogAIModule: Creating AISystem for world Level1
[2019.02.15-09.16.02:001][625]LogPlayLevel: PIE: World Init took: (0.000608s)
[2019.02.15-09.16.02:001][625]LogPlayLevel: PIE: Created PIE world by copying editor world from /Game/Levels/Level1.Level1 to /Game/Levels/UEDPIE_0_Level1.Level1 (0.027061s)
[2019.02.15-09.16.02:074][625]LogLinker: Warning: CreateExport: Failed to load Parent for BlueprintGeneratedClass /Game/Blueprints/CastleforceKnight.CastleforceKnight_C
[2019.02.15-09.16.02:074][625]LogLinker: Warning: CreateExport: Failed to load Parent for BlueprintGeneratedClass /Game/Blueprints/CastleforceKnight.CastleforceKnight_C
[2019.02.15-09.16.02:074][625]LogLinker: Warning: Unable to load Default__CastleforceKnight_C with outer Package /Game/Blueprints/CastleforceKnight because its class does not exist
[2019.02.15-09.16.02:075][625]LogLinker: Warning: CreateExport: Failed to load Parent for BlueprintGeneratedClass /Game/Blueprints/CastleforceKnight.CastleforceKnight_C
[2019.02.15-09.16.02:075][625]LogLinker: Warning: CreateExport: Failed to load Parent for BlueprintGeneratedClass /Game/Blueprints/CastleforceKnight.CastleforceKnight_C
[2019.02.15-09.16.02:076][625]LogLinker: Warning: CreateExport: Failed to load Parent for BlueprintGeneratedClass /Game/Blueprints/MyCastleforceHexPawn.MyCastleforceHexPawn_C
[2019.02.15-09.16.02:076][625]LogLinker: Warning: CreateExport: Failed to load Parent for BlueprintGeneratedClass /Game/Blueprints/MyCastleforceHexPawn.MyCastleforceHexPawn_C
[2019.02.15-09.16.02:076][625]LogLinker: Warning: CreateExport: Failed to load Parent for BlueprintGeneratedClass /Game/Blueprints/MyCastleforceHexPawn.MyCastleforceHexPawn_C
[2019.02.15-09.16.02:076][625]LogLinker: Warning: Unable to load Default__MyCastleforceHexPawn_C with outer Package /Game/Blueprints/MyCastleforceHexPawn because its class does not exist
[2019.02.15-09.16.02:076][625]LogLinker: Warning: CreateExport: Failed to load Parent for BlueprintGeneratedClass /Game/Blueprints/MyCastleforceHexPawn.MyCastleforceHexPawn_C
[2019.02.15-09.16.02:076][625]LogLinker: Warning: CreateExport: Failed to load Parent for BlueprintGeneratedClass /Game/Blueprints/MyCastleforceHexPawn.MyCastleforceHexPawn_C
[2019.02.15-09.16.02:077][625]LogLinker: Warning: CreateExport: Failed to load Parent for BlueprintGeneratedClass /Game/Blueprints/MyCastleforceHexPawn.MyCastleforceHexPawn_C
[2019.02.15-09.16.02:077][625]LogLinker: Warning: CreateExport: Failed to load Parent for BlueprintGeneratedClass /Game/Blueprints/MyCastleforceHexPawn.MyCastleforceHexPawn_C
[2019.02.15-09.16.02:080][625]LogLinker: Warning: CreateExport: Failed to load Parent for BlueprintGeneratedClass /Game/Blueprints/MyCastleforceHexPawn.MyCastleforceHexPawn_C
[2019.02.15-09.16.02:080][625]LogLinker: Warning: CreateExport: Failed to load Parent for BlueprintGeneratedClass /Game/Blueprints/MyCastleforceHexPawn.MyCastleforceHexPawn_C
[2019.02.15-09.16.02:080][625]LogLinker: Warning: CreateExport: Failed to load Parent for BlueprintGeneratedClass /Game/Blueprints/CastleforceKnight.CastleforceKnight_C
[2019.02.15-09.16.02:080][625]LogLinker: Warning: CreateExport: Failed to load Parent for BlueprintGeneratedClass /Game/Blueprints/CastleforceKnight.CastleforceKnight_C
[2019.02.15-09.16.02:101][625]LogLoad: Game class is 'MyCastleforceGameMode_C'
[2019.02.15-09.16.02:103][625]LogWorld: Bringing World /Game/Levels/UEDPIE_0_Level1.Level1 up for play (max tick rate 0) at 2019.02.15-09.16.02
[2019.02.15-09.16.02:103][625]LogWorld: Bringing up level for play took: 0.000595
[2019.02.15-09.16.02:149][625]LogContentBrowser: Native class hierarchy updated for 'MovieSceneCapture' in 0.0010 seconds. Added 10 classes and 0 folders.
[2019.02.15-09.16.02:160][625]PIE: Play in editor start time for /Game/Levels/UEDPIE_0_Level1 -0.407
[2019.02.15-09.16.02:160][625]LogBlueprintUserMessages: Late PlayInEditor Detection: Level '/Game/Levels/Level1.Level1:PersistentLevel' has LevelScriptBlueprint '/Game/Levels/Level1.Level1:PersistentLevel.Level1' with GeneratedClass '/Game/Levels/Level1.Level1_C' with ClassGeneratedBy '/Game/Levels/Level1.Level1:PersistentLevel.Level1'
[2019.02.15-09.16.02:234][626]LoadErrors: Warning: CreateExport: Failed to load Outer for resource 'DefaultSceneRoot_GEN_VARIABLE': BlueprintGeneratedClass /Game/Blueprints/CastleforceKnight.CastleforceKnight_C
[2019.02.15-09.16.02:234][626]LoadErrors: Warning: CreateExport: Failed to load Outer for resource 'SimpleConstructionScript_0': BlueprintGeneratedClass /Game/Blueprints/CastleforceKnight.CastleforceKnight_C
[2019.02.15-09.16.02:234][626]LoadErrors: Warning: CreateExport: Failed to load Outer for resource 'SCS_Node_0': SimpleConstructionScript /Game/Blueprints/CastleforceKnight.CastleforceKnight_C:SimpleConstructionScript_0
[2019.02.15-09.16.02:234][626]LoadErrors: Warning: CreateExport: Failed to load Outer for resource 'Object Mesh': CastleforceKnight_C /Game/Blueprints/CastleforceKnight.Default__CastleforceKnight_C
[2019.02.15-09.16.02:234][626]LoadErrors: Warning: CreateExport: Failed to load Outer for resource 'DefaultSceneRoot': BlueprintGeneratedClass /Game/Blueprints/MyCastleforceHexPawn.MyCastleforceHexPawn_C
[2019.02.15-09.16.02:234][626]LoadErrors: Warning: CreateExport: Failed to load Outer for resource 'DefaultSceneRoot_GEN_VARIABLE': BlueprintGeneratedClass /Game/Blueprints/MyCastleforceHexPawn.MyCastleforceHexPawn_C
[2019.02.15-09.16.02:234][626]LoadErrors: Warning: CreateExport: Failed to load Outer for resource 'SimpleConstructionScript_0': BlueprintGeneratedClass /Game/Blueprints/MyCastleforceHexPawn.MyCastleforceHexPawn_C
[2019.02.15-09.16.02:234][626]LoadErrors: Warning: CreateExport: Failed to load Outer for resource 'SCS_Node_0': SimpleConstructionScript /Game/Blueprints/MyCastleforceHexPawn.MyCastleforceHexPawn_C:SimpleConstructionScript_0
[2019.02.15-09.16.03:527][781]LogBlueprintUserMessages: Early EndPlayMap Detection: Level '/Game/Levels/Level1.Level1:PersistentLevel' has LevelScriptBlueprint '/Game/Levels/Level1.Level1:PersistentLevel.Level1' with GeneratedClass '/Game/Levels/Level1.Level1_C' with ClassGeneratedBy '/Game/Levels/Level1.Level1:PersistentLevel.Level1'
[2019.02.15-09.16.03:527][781]LogSlate: Updating window title bar state: overlay mode, drag disabled, window buttons hidden, title bar hidden
[2019.02.15-09.16.03:562][781]LogPlayLevel: Display: Shutting down PIE online subsystems
[2019.02.15-09.16.03:562][781]LogBlueprintUserMessages: Late EndPlayMap Detection: Level '/Game/Levels/Level1.Level1:PersistentLevel' has LevelScriptBlueprint '/Game/Levels/Level1.Level1:PersistentLevel.Level1' with GeneratedClass '/Game/Levels/Level1.Level1_C' with ClassGeneratedBy '/Game/Levels/Level1.Level1:PersistentLevel.Level1'
[2019.02.15-09.16.03:581][781]LogSlate: Updating window title bar state: overlay mode, drag disabled, window buttons hidden, title bar hidden
[2019.02.15-09.16.03:632][786]LogPlayLevel: Display: Destroying online subsystem :Context_2
[2019.02.15-09.16.04:442][879]LogVSAccessor: Warning: Couldn't access Visual Studio
[2019.02.15-09.16.04:448][879]Candidate modules for hot reload:
[2019.02.15-09.16.04:448][879]  Castleforce
[2019.02.15-09.16.04:449][879]Launching UnrealBuildTool... [C:/Program Files/Epic Games/UE_4.20/Engine/Binaries/DotNET/UnrealBuildTool.exe  -ModuleWithSuffix=Castleforce,583 Win64 Development -TargetType=Editor -Project="../../../../../../Temp/Rhun/castleforce/Castleforce/Castleforce.uproject" -canskiplink "C:/Temp/Rhun/castleforce/Castleforce/Castleforce.uproject" ]
[2019.02.15-09.16.04:462][879]Warning: Starting HotReload took  0.1s.
[2019.02.15-09.18.06:036][497]CompilerResultsLog: New page: Compilation - 15 Feb 2019 09:18:06
[2019.02.15-09.18.06:037][497]CompilerResultsLog: Performing full C++ include scan (hot reloading a new target)
[2019.02.15-09.18.06:037][497]CompilerResultsLog: Using 'git status' to determine working set for adaptive non-unity build.
[2019.02.15-09.18.06:037][497]CompilerResultsLog: Creating makefile for hot reloading CastleforceEditor (game project files are newer)
[2019.02.15-09.18.06:037][497]CompilerResultsLog: Compiling game modules for hot reload
[2019.02.15-09.18.06:037][497]CompilerResultsLog: Using Visual Studio 2017 14.15.26726 toolchain (C:\Program Files (x86)\Microsoft Visual Studio\2017\Enterprise\VC\Tools\MSVC\14.15.26726) and Windows 10.0.15063.0 SDK (C:\Program Files (x86)\Windows Kits\10).
[2019.02.15-09.18.06:037][497]CompilerResultsLog: Parsing headers for CastleforceEditor
[2019.02.15-09.18.06:037][497]CompilerResultsLog:   Running UnrealHeaderTool "C:\Temp\Rhun\castleforce\Castleforce\Castleforce.uproject" "C:\Temp\Rhun\castleforce\Castleforce\Intermediate\Build\Win64\CastleforceEditor\Development\CastleforceEditor.uhtmanifest" -LogCmds="loginit warning, logexit warning, logdatabase error" -Unattended -WarningsAsErrors -installed
[2019.02.15-09.18.06:037][497]CompilerResultsLog: Reflection code generated for CastleforceEditor in 11.588318 seconds
[2019.02.15-09.18.06:037][497]CompilerResultsLog: Building 26 actions with 8 processes...
[2019.02.15-09.18.06:037][497]CompilerResultsLog:   [1/26] PCLaunch.rc
[2019.02.15-09.18.06:037][497]CompilerResultsLog:   [2/26] SharedPCH.Engine.cpp
[2019.02.15-09.18.06:037][497]CompilerResultsLog:   [3/26] CastleforceObject.gen.cpp
[2019.02.15-09.18.06:037][497]CompilerResultsLog:   [4/26] CastleforcePawn.gen.cpp
[2019.02.15-09.18.06:037][497]CompilerResultsLog:   [5/26] CastleforcePlayerController.gen.cpp
[2019.02.15-09.18.06:037][497]CompilerResultsLog:   [6/26] CastleforceGameMode.gen.cpp
[2019.02.15-09.18.06:037][497]CompilerResultsLog:   [7/26] CastleforceHexGrid.gen.cpp
[2019.02.15-09.18.06:037][497]CompilerResultsLog:   [8/26] CastleforceBlockGrid.gen.cpp
[2019.02.15-09.18.06:037][497]CompilerResultsLog:   [9/26] CastleForceHexTile.gen.cpp
[2019.02.15-09.18.06:037][497]CompilerResultsLog:   [10/26] CastleforceHexPawn.gen.cpp
[2019.02.15-09.18.06:037][497]CompilerResultsLog:   [11/26] Castleforce.init.gen.cpp
[2019.02.15-09.18.06:037][497]CompilerResultsLog:   [12/26] CastleforceObject.cpp
[2019.02.15-09.18.06:037][497]CompilerResultsLog:   [13/26] CastleforcePlayerController.cpp
[2019.02.15-09.18.06:037][497]CompilerResultsLog:   [14/26] CastleforceBlock.gen.cpp
[2019.02.15-09.18.06:037][497]CompilerResultsLog:   [15/26] CastleforceHexTile.cpp
[2019.02.15-09.18.06:037][497]CompilerResultsLog:   C:\Temp\Rhun\castleforce\Castleforce\Source\Castleforce\CastleforceHexTile.cpp(61): warning C4996: 'UTextRenderComponent::SetText': Passing text as FString is deprecated, please use FText instead (likely via a LOCTEXT). Please update your code to the new API before upgrading to the next release, otherwise your project will no longer compile.
[2019.02.15-09.18.06:037][497]CompilerResultsLog:   C:\Program Files\Epic Games\UE_4.20\Engine\Source\Runtime\Engine\Classes\Components/TextRenderComponent.h(108): note: see declaration of 'UTextRenderComponent::SetText'
[2019.02.15-09.18.06:037][497]CompilerResultsLog:   [16/26] CastleforcePawn.cpp
[2019.02.15-09.18.06:037][497]CompilerResultsLog:   [17/26] Castleforce.cpp
[2019.02.15-09.18.06:037][497]CompilerResultsLog:   [18/26] CastleforceBlockGrid.cpp
[2019.02.15-09.18.06:037][497]CompilerResultsLog:   [19/26] CastleforceHexPawn.cpp
[2019.02.15-09.18.06:037][497]CompilerResultsLog:   [20/26] CastleforceBlock.cpp
[2019.02.15-09.18.06:037][497]CompilerResultsLog:   [21/26] CastleforceGameMode.cpp
[2019.02.15-09.18.06:037][497]CompilerResultsLog:   [22/26] CastleforceHexGrid.cpp
[2019.02.15-09.18.06:037][497]CompilerResultsLog:   [23/26] CastleforceUnit.cpp
[2019.02.15-09.18.06:037][497]CompilerResultsLog:   [24/26] CastleforceUnit.gen.cpp
[2019.02.15-09.18.06:037][497]CompilerResultsLog:   [25/26] UE4Editor-Castleforce-583.lib
[2019.02.15-09.18.06:037][497]CompilerResultsLog:      Creating library C:\Temp\Rhun\castleforce\Castleforce\Intermediate\Build\Win64\UE4Editor\Development\Castleforce\UE4Editor-Castleforce-583.lib and object C:\Temp\Rhun\castleforce\Castleforce\Intermediate\Build\Win64\UE4Editor\Development\Castleforce\UE4Editor-Castleforce-583.exp
[2019.02.15-09.18.06:037][497]CompilerResultsLog:   [26/26] UE4Editor-Castleforce-583.dll
[2019.02.15-09.18.06:037][497]CompilerResultsLog:      Creating library C:\Temp\Rhun\castleforce\Castleforce\Intermediate\Build\Win64\UE4Editor\Development\Castleforce\UE4Editor-Castleforce-583.suppressed.lib and object C:\Temp\Rhun\castleforce\Castleforce\Intermediate\Build\Win64\UE4Editor\Development\Castleforce\UE4Editor-Castleforce-583.suppressed.exp
[2019.02.15-09.18.06:037][497]CompilerResultsLog: ERROR: Failed to write dependency cache: The device is not ready.
[2019.02.15-09.18.06:037][497]CompilerResultsLog: ERROR: Failed to write FlatCPPIncludeDependencyCache: The device is not ready.
[2019.02.15-09.18.06:037][497]CompilerResultsLog: Total build time: 121.07 seconds (Parallel executor: 48.37 seconds)
[2019.02.15-09.18.06:037][497]LogMainFrame: MainFrame: Module compiling took 121.595 seconds
[2019.02.15-09.18.06:205][497]LogClass: Could not find existing class CastleforceHexGrid in package /Script/Castleforce for HotReload, assuming new class
[2019.02.15-09.18.06:205][497]LogClass: Could not find existing class CastleforceHexPawn in package /Script/Castleforce for HotReload, assuming new class
[2019.02.15-09.18.06:205][497]LogClass: Could not find existing class CastleforceHexTile in package /Script/Castleforce for HotReload, assuming new class
[2019.02.15-09.18.06:205][497]LogClass: Could not find existing class CastleforceObject in package /Script/Castleforce for HotReload, assuming new class
[2019.02.15-09.18.06:206][497]LogClass: Could not find existing class CastleforceUnit in package /Script/Castleforce for HotReload, assuming new class
[2019.02.15-09.18.06:209][497]LogHotReload: Re-instancing CastleforceGameMode after hot-reload.
[2019.02.15-09.18.06:593][497]LogHotReload: Re-instancing CastleforcePlayerController after hot-reload.
[2019.02.15-09.18.06:640][497]LogContentBrowser: Native class hierarchy updated for 'Castleforce' in 0.0009 seconds. Added 10 classes and 2 folders.
[2019.02.15-09.18.06:642][497]Display: HotReload successful (2 functions remapped  0 scriptstructs remapped)
[2019.02.15-09.18.06:760][497]LogContentBrowser: Native class hierarchy populated in 0.0100 seconds. Added 2583 classes and 607 folders.
[2019.02.15-09.18.06:778][497]Display: HotReload took 122.4s.
[2019.02.15-09.32.18:675][296]LogSlate: Window 'Message Log' being destroyed
[2019.02.15-09.32.18:678][296]LogSlate: Window 'Castleforce - Unreal Editor' being destroyed
[2019.02.15-09.32.18:679][296]LogWindowsTextInputMethodSystem: Display: IME system now deactivated.
[2019.02.15-09.32.19:148][297]Cmd: QUIT_EDITOR
[2019.02.15-09.32.19:715][297]LogExit: Preparing to exit.
[2019.02.15-09.32.20:682][297]LogExit: Editor shut down
[2019.02.15-09.32.20:682][297]LogExit: Transaction tracking system shut down
[2019.02.15-09.32.21:457][297]LogExit: Object subsystem successfully closed.
[2019.02.15-09.32.21:477][297]LogShaderCompilers: Display: Shaders left to compile 0
[2019.02.15-09.32.21:480][297]LogD3D11RHI: Shutdown
[2019.02.15-09.32.21:480][297]LogD3D11RHI: CleanupD3DDevice
[2019.02.15-09.32.21:482][297]LogD3D11RHI: ~FD3D11DynamicRHI
[2019.02.15-09.32.21:526][297]LogModuleManager: Shutting down and abandoning module Castleforce (617)
[2019.02.15-09.32.21:526][297]LogModuleManager: Shutting down and abandoning module MovieSceneCapture (616)
[2019.02.15-09.32.21:526][297]LogModuleManager: Shutting down and abandoning module Voice (614)
[2019.02.15-09.32.21:604][297]LogModuleManager: Shutting down and abandoning module HierarchicalLODOutliner (612)
[2019.02.15-09.32.21:604][297]LogModuleManager: Shutting down and abandoning module SceneOutliner (610)
[2019.02.15-09.32.21:604][297]LogModuleManager: Shutting down and abandoning module AddContentDialog (608)
[2019.02.15-09.32.21:658][297]LogModuleManager: Shutting down and abandoning module WidgetCarousel (607)
[2019.02.15-09.32.21:658][297]LogModuleManager: Shutting down and abandoning module EditorWidgets (604)
[2019.02.15-09.32.21:658][297]LogModuleManager: Shutting down and abandoning module CollectionManager (602)
[2019.02.15-09.32.21:658][297]LogModuleManager: Shutting down and abandoning module StatsViewer (600)
[2019.02.15-09.32.21:658][297]LogModuleManager: Shutting down and abandoning module FoliageEdit (598)
[2019.02.15-09.32.21:658][297]LogModuleManager: Shutting down and abandoning module LandscapeEditor (596)
[2019.02.15-09.32.21:658][297]LogModuleManager: Shutting down and abandoning module MeshPaintMode (594)
[2019.02.15-09.32.21:658][297]LogModuleManager: Shutting down and abandoning module SceneDepthPickerMode (592)
[2019.02.15-09.32.21:658][297]LogModuleManager: Shutting down and abandoning module ActorPickerMode (590)
[2019.02.15-09.32.21:658][297]LogModuleManager: Shutting down and abandoning module GeometryMode (588)
[2019.02.15-09.32.21:658][297]LogModuleManager: Shutting down and abandoning module TextureAlignMode (586)
[2019.02.15-09.32.21:659][297]LogModuleManager: Shutting down and abandoning module BspMode (584)
[2019.02.15-09.32.21:659][297]LogModuleManager: Shutting down and abandoning module PIEPreviewDeviceProfileSelector (582)
[2019.02.15-09.32.21:659][297]LogModuleManager: Shutting down and abandoning module SequenceRecorderSections (580)
[2019.02.15-09.32.21:659][297]LogModuleManager: Shutting down and abandoning module AutomationWorker (578)
[2019.02.15-09.32.21:659][297]LogModuleManager: Shutting down and abandoning module AudioCaptureEditor (576)
[2019.02.15-09.32.21:659][297]LogModuleManager: Shutting down and abandoning module SequenceRecorder (575)
[2019.02.15-09.32.21:659][297]LogModuleManager: Shutting down and abandoning module MatineeToLevelSequence (572)
[2019.02.15-09.32.21:659][297]LogModuleManager: Shutting down and abandoning module LevelSequenceEditor (570)
[2019.02.15-09.32.21:659][297]LogModuleManager: Shutting down and abandoning module PlacementMode (569)
[2019.02.15-09.32.21:659][297]LogModuleManager: Shutting down and abandoning module MaterialEditor (568)
[2019.02.15-09.32.21:659][297]LogModuleManager: Shutting down and abandoning module WmfMediaFactory (564)
[2019.02.15-09.32.21:659][297]LogModuleManager: Shutting down and abandoning module WmfMediaEditor (562)
[2019.02.15-09.32.21:659][297]LogModuleManager: Shutting down and abandoning module MediaPlayerEditor (560)
[2019.02.15-09.32.21:659][297]LogModuleManager: Shutting down and abandoning module OpenExrWrapper (558)
[2019.02.15-09.32.21:659][297]LogModuleManager: Shutting down and abandoning module ImgMediaFactory (556)
[2019.02.15-09.32.21:659][297]LogModuleManager: Shutting down and abandoning module ImgMediaEditor (554)
[2019.02.15-09.32.21:659][297]LogModuleManager: Shutting down and abandoning module AvfMediaFactory (552)
[2019.02.15-09.32.21:659][297]LogModuleManager: Shutting down and abandoning module AvfMediaEditor (550)
[2019.02.15-09.32.21:659][297]LogModuleManager: Shutting down and abandoning module AndroidMediaFactory (548)
[2019.02.15-09.32.21:659][297]LogModuleManager: Shutting down and abandoning module AndroidMediaEditor (546)
[2019.02.15-09.32.21:659][297]LogModuleManager: Shutting down and abandoning module MagicLeapCameraPreviewFactory (544)
[2019.02.15-09.32.21:659][297]LogModuleManager: Shutting down and abandoning module MagicLeapMediaFactory (542)
[2019.02.15-09.32.21:659][297]LogModuleManager: Shutting down and abandoning module MagicLeapMediaEditor (540)
[2019.02.15-09.32.21:659][297]LogModuleManager: Shutting down and abandoning module CharacterAI (538)
[2019.02.15-09.32.21:659][297]LogModuleManager: Shutting down and abandoning module SmartSnapping (536)
[2019.02.15-09.32.21:659][297]LogModuleManager: Shutting down and abandoning module SessionServices (534)
[2019.02.15-09.32.21:659][297]LogModuleManager: Shutting down and abandoning module ViewportSnapping (532)
[2019.02.15-09.32.21:659][297]LogModuleManager: Shutting down and abandoning module ViewportInteraction (530)
[2019.02.15-09.32.21:660][297]LogModuleManager: Shutting down and abandoning module ClothPainter (528)
[2019.02.15-09.32.21:660][297]LogModuleManager: Shutting down and abandoning module SkeletalMeshEditor (527)
[2019.02.15-09.32.21:660][297]LogModuleManager: Shutting down and abandoning module LogVisualizer (524)
[2019.02.15-09.32.21:660][297]LogModuleManager: Shutting down and abandoning module IntroTutorials (522)
[2019.02.15-09.32.21:660][297]LogModuleManager: Shutting down and abandoning module GameProjectGeneration (521)
[2019.02.15-09.32.21:660][297]LogModuleManager: Shutting down and abandoning module LuminPlatformEditor (518)
[2019.02.15-09.32.21:660][297]LogModuleManager: Shutting down and abandoning module IOSPlatformEditor (516)
[2019.02.15-09.32.21:660][297]LogModuleManager: Shutting down and abandoning module HTML5PlatformEditor (514)
[2019.02.15-09.32.21:660][297]LogModuleManager: Shutting down and abandoning module AndroidPlatformEditor (512)
[2019.02.15-09.32.21:660][297]LogModuleManager: Shutting down and abandoning module AndroidDeviceDetection (511)
[2019.02.15-09.32.22:260][297]LogModuleManager: Shutting down and abandoning module WindowsPlatformEditor (508)
[2019.02.15-09.32.22:260][297]LogModuleManager: Shutting down and abandoning module LuminRuntimeSettings (506)
[2019.02.15-09.32.22:260][297]LogModuleManager: Shutting down and abandoning module IOSRuntimeSettings (504)
[2019.02.15-09.32.22:260][297]LogModuleManager: Shutting down and abandoning module AndroidRuntimeSettings (502)
[2019.02.15-09.32.22:260][297]LogModuleManager: Shutting down and abandoning module InputBindingEditor (500)
[2019.02.15-09.32.22:260][297]LogModuleManager: Shutting down and abandoning module MergeActors (498)
[2019.02.15-09.32.22:260][297]LogModuleManager: Shutting down and abandoning module LocalizationDashboard (496)
[2019.02.15-09.32.22:260][297]LogModuleManager: Shutting down and abandoning module LocalizationService (495)
[2019.02.15-09.32.22:260][297]LogModuleManager: Shutting down and abandoning module HardwareTargeting (492)
[2019.02.15-09.32.22:261][297]LogModuleManager: Shutting down and abandoning module DeviceProfileEditor (490)
[2019.02.15-09.32.22:261][297]LogModuleManager: Shutting down and abandoning module UndoHistory (488)
[2019.02.15-09.32.22:261][297]LogModuleManager: Shutting down and abandoning module XmlParser (486)
[2019.02.15-09.32.22:261][297]LogModuleManager: Shutting down and abandoning module Blutility (484)
[2019.02.15-09.32.22:261][297]LogModuleManager: Shutting down and abandoning module ProjectSettingsViewer (482)
[2019.02.15-09.32.22:261][297]LogModuleManager: Shutting down and abandoning module ProjectTargetPlatformEditor (481)
[2019.02.15-09.32.22:261][297]LogModuleManager: Shutting down and abandoning module EditorSettingsViewer (478)
[2019.02.15-09.32.22:261][297]LogModuleManager: Shutting down and abandoning module SettingsEditor (476)
[2019.02.15-09.32.22:261][297]LogModuleManager: Shutting down and abandoning module ProjectLauncher (474)
[2019.02.15-09.32.22:261][297]LogModuleManager: Shutting down and abandoning module SessionFrontend (472)
[2019.02.15-09.32.22:261][297]LogModuleManager: Shutting down and abandoning module ProfilerClient (470)
[2019.02.15-09.32.22:261][297]LogModuleManager: Shutting down and abandoning module DeviceManager (468)
[2019.02.15-09.32.22:261][297]LogModuleManager: Shutting down and abandoning module TargetDeviceServices (467)
[2019.02.15-09.32.22:316][297]LogModuleManager: Shutting down and abandoning module AutomationController (464)
[2019.02.15-09.32.22:316][297]LogModuleManager: Shutting down and abandoning module AutomationWindow (462)
[2019.02.15-09.32.22:316][297]LogModuleManager: Shutting down and abandoning module Layers (460)
[2019.02.15-09.32.22:316][297]LogModuleManager: Shutting down and abandoning module ComponentVisualizers (458)
[2019.02.15-09.32.22:316][297]LogModuleManager: Shutting down and abandoning module DetailCustomizations (456)
[2019.02.15-09.32.22:316][297]LogModuleManager: Shutting down and abandoning module PackagesDialog (454)
[2019.02.15-09.32.22:316][297]LogModuleManager: Shutting down and abandoning module Persona (452)
[2019.02.15-09.32.22:316][297]LogModuleManager: Shutting down and abandoning module AdvancedPreviewScene (451)
[2019.02.15-09.32.22:316][297]LogModuleManager: Shutting down and abandoning module AnimGraph (449)
[2019.02.15-09.32.22:316][297]LogModuleManager: Shutting down and abandoning module Kismet (446)
[2019.02.15-09.32.22:316][297]LogModuleManager: Shutting down and abandoning module GraphEditor (444)
[2019.02.15-09.32.22:316][297]LogModuleManager: Shutting down and abandoning module ClassViewer (442)
[2019.02.15-09.32.22:317][297]LogModuleManager: Shutting down and abandoning module Toolbox (440)
[2019.02.15-09.32.22:317][297]LogModuleManager: Shutting down and abandoning module DesktopPlatform (439)
[2019.02.15-09.32.22:317][297]LogModuleManager: Shutting down and abandoning module ModuleUI (436)
[2019.02.15-09.32.22:317][297]LogModuleManager: Shutting down and abandoning module MovieSceneTools (434)
[2019.02.15-09.32.22:317][297]LogModuleManager: Shutting down and abandoning module OutputLog (432)
[2019.02.15-09.32.22:317][297]LogModuleManager: Shutting down and abandoning module GammaUI (430)
[2019.02.15-09.32.22:317][297]LogModuleManager: Shutting down and abandoning module Documentation (428)
[2019.02.15-09.32.22:317][297]LogModuleManager: Shutting down and abandoning module MovieSceneTracks (426)
[2019.02.15-09.32.22:317][297]LogModuleManager: Shutting down and abandoning module MovieScene (424)
[2019.02.15-09.32.22:317][297]LogModuleManager: Shutting down and abandoning module StreamingPauseRendering (422)
[2019.02.15-09.32.22:317][297]LogModuleManager: Shutting down and abandoning module LauncherPlatform (420)
[2019.02.15-09.32.22:317][297]LogModuleManager: Shutting down and abandoning module AnalyticsET (418)
[2019.02.15-09.32.22:317][297]LogModuleManager: Shutting down and abandoning module PortalServices (416)
[2019.02.15-09.32.22:317][297]LogModuleManager: Shutting down and abandoning module PortalRpc (414)
[2019.02.15-09.32.22:317][297]LogModuleManager: Shutting down and abandoning module MessagingRpc (412)
[2019.02.15-09.32.22:317][297]LogModuleManager: Shutting down and abandoning module AIModule (410)
[2019.02.15-09.32.22:317][297]LogModuleManager: Shutting down and abandoning module GameplayDebugger (409)
[2019.02.15-09.32.22:317][297]LogModuleManager: Shutting down and abandoning module AITestSuite (407)
[2019.02.15-09.32.22:317][297]LogModuleManager: Shutting down and abandoning module NavigationSystem (405)
[2019.02.15-09.32.22:317][297]LogModuleManager: Shutting down and abandoning module ProfilerService (402)
[2019.02.15-09.32.22:326][297]LogModuleManager: Shutting down and abandoning module TaskGraph (400)
[2019.02.15-09.32.22:326][297]LogModuleManager: Shutting down and abandoning module SteamVRController (398)
[2019.02.15-09.32.22:326][297]LogModuleManager: Shutting down and abandoning module ProceduralMeshComponentEditor (396)
[2019.02.15-09.32.22:326][297]LogModuleManager: Shutting down and abandoning module ProceduralMeshComponent (394)
[2019.02.15-09.32.22:326][297]LogModuleManager: Shutting down and abandoning module OculusInput (392)
[2019.02.15-09.32.22:326][297]LogModuleManager: Shutting down and abandoning module MobilePatchingUtils (390)
[2019.02.15-09.32.22:326][297]LogModuleManager: Shutting down and abandoning module EditableMesh (388)
[2019.02.15-09.32.22:326][297]LogModuleManager: Shutting down and abandoning module CustomMeshComponent (386)
[2019.02.15-09.32.22:326][297]LogModuleManager: Shutting down and abandoning module CableComponent (384)
[2019.02.15-09.32.22:326][297]LogModuleManager: Shutting down and abandoning module AudioCapture (382)
[2019.02.15-09.32.22:326][297]LogModuleManager: Shutting down and abandoning module ArchVisCharacter (380)
[2019.02.15-09.32.22:326][297]LogModuleManager: Shutting down and abandoning module AndroidPermission (378)
[2019.02.15-09.32.22:326][297]LogModuleManager: Shutting down and abandoning module NUTUnrealEngine4 (376)
[2019.02.15-09.32.22:326][297]LogModuleManager: Shutting down and abandoning module NetcodeUnitTest (374)
[2019.02.15-09.32.22:326][297]LogModuleManager: Shutting down and abandoning module MediaCompositingEditor (372)
[2019.02.15-09.32.22:327][297]LogModuleManager: Shutting down and abandoning module MediaCompositing (370)
[2019.02.15-09.32.22:327][297]LogModuleManager: Shutting down and abandoning module LinearTimecode (368)
[2019.02.15-09.32.22:327][297]LogModuleManager: Shutting down and abandoning module ImgMedia (366)
[2019.02.15-09.32.22:329][297]LogModuleManager: Shutting down and abandoning module HTML5Networking (364)
[2019.02.15-09.32.22:329][297]LogModuleManager: Shutting down and abandoning module GeometryCacheTracks (362)
[2019.02.15-09.32.22:329][297]LogModuleManager: Shutting down and abandoning module GeometryCacheSequencer (360)
[2019.02.15-09.32.22:329][297]LogModuleManager: Shutting down and abandoning module BackChannel (358)
[2019.02.15-09.32.22:329][297]LogModuleManager: Shutting down and abandoning module AppleVision (356)
[2019.02.15-09.32.22:329][297]LogModuleManager: Shutting down and abandoning module AppleImageUtils (354)
[2019.02.15-09.32.22:329][297]LogModuleManager: Shutting down and abandoning module AlembicImporter (352)
[2019.02.15-09.32.22:329][297]LogModuleManager: Shutting down and abandoning module AlembicLibrary (351)
[2019.02.15-09.32.22:329][297]LogModuleManager: Shutting down and abandoning module GeometryCache (350)
[2019.02.15-09.32.22:329][297]LogModuleManager: Shutting down and abandoning module GeometryCacheEd (349)
[2019.02.15-09.32.22:329][297]LogModuleManager: Shutting down and abandoning module DatasmithContentEditor (344)
[2019.02.15-09.32.22:329][297]LogModuleManager: Shutting down and abandoning module DatasmithContent (342)
[2019.02.15-09.32.22:330][297]LogModuleManager: Shutting down and abandoning module SpeedTreeImporter (340)
[2019.02.15-09.32.22:330][297]LogModuleManager: Shutting down and abandoning module PluginBrowser (338)
[2019.02.15-09.32.22:330][297]LogModuleManager: Shutting down and abandoning module MobileLauncherProfileWizard (336)
[2019.02.15-09.32.22:330][297]LogModuleManager: Shutting down and abandoning module PolygonModeling (334)
[2019.02.15-09.32.22:330][297]LogModuleManager: Shutting down and abandoning module MeshEditor (332)
[2019.02.15-09.32.22:331][297]LogModuleManager: Shutting down and abandoning module CryptoKeysOpenSSL (330)
[2019.02.15-09.32.22:331][297]LogModuleManager: Shutting down and abandoning module CryptoKeys (328)
[2019.02.15-09.32.22:331][297]LogModuleManager: Shutting down and abandoning module VisualStudioSourceCodeAccess (326)
[2019.02.15-09.32.22:331][297]LogModuleManager: Shutting down and abandoning module VisualStudioCodeSourceCodeAccess (324)
[2019.02.15-09.32.22:331][297]LogModuleManager: Shutting down and abandoning module UObjectPlugin (322)
[2019.02.15-09.32.22:331][297]LogModuleManager: Shutting down and abandoning module SubversionSourceControl (320)
[2019.02.15-09.32.22:331][297]LogModuleManager: Shutting down and abandoning module PerforceSourceControl (318)
[2019.02.15-09.32.22:331][297]LogModuleManager: Shutting down and abandoning module GitSourceControl (316)
[2019.02.15-09.32.22:331][297]LogModuleManager: Shutting down and abandoning module SourceControl (315)
[2019.02.15-09.32.22:331][297]LogModuleManager: Shutting down and abandoning module CLionSourceCodeAccess (312)
[2019.02.15-09.32.22:331][297]LogModuleManager: Shutting down and abandoning module LightPropagationVolumeEditor (310)
[2019.02.15-09.32.22:331][297]LogModuleManager: Shutting down and abandoning module PaperTiledImporter (308)
[2019.02.15-09.32.22:331][297]LogModuleManager: Shutting down and abandoning module PaperSpriteSheetImporter (306)
[2019.02.15-09.32.22:331][297]LogModuleManager: Shutting down and abandoning module Paper2DEditor (304)
[2019.02.15-09.32.22:331][297]LogModuleManager: Shutting down and abandoning module MeshPaint (303)
[2019.02.15-09.32.22:331][297]LogModuleManager: Shutting down and abandoning module RuntimePhysXCooking (298)
[2019.02.15-09.32.22:331][297]LogModuleManager: Shutting down and abandoning module PhysXVehiclesEditor (296)
[2019.02.15-09.32.22:331][297]LogModuleManager: Shutting down and abandoning module PhysXVehicles (294)
[2019.02.15-09.32.22:331][297]LogModuleManager: Shutting down and abandoning module OculusEditor (292)
[2019.02.15-09.32.22:331][297]LogModuleManager: Shutting down and abandoning module LocationServicesBPLibrary (290)
[2019.02.15-09.32.22:331][297]LogModuleManager: Shutting down and abandoning module ImmediatePhysicsEditor (288)
[2019.02.15-09.32.22:331][297]LogModuleManager: Shutting down and abandoning module ImmediatePhysics (286)
[2019.02.15-09.32.22:331][297]LogModuleManager: Shutting down and abandoning module ActorSequence (284)
[2019.02.15-09.32.22:331][297]LogModuleManager: Shutting down and abandoning module UdpMessaging (282)
[2019.02.15-09.32.22:432][297]LogModuleManager: Shutting down and abandoning module TcpMessaging (280)
[2019.02.15-09.32.22:533][297]LogModuleManager: Shutting down and abandoning module MagicLeapAudio (278)
[2019.02.15-09.32.22:533][297]LogModuleManager: Shutting down and abandoning module GameplayTagsEditor (276)
[2019.02.15-09.32.22:533][297]LogModuleManager: Shutting down and abandoning module FacialAnimationEditor (274)
[2019.02.15-09.32.22:533][297]LogModuleManager: Shutting down and abandoning module FacialAnimation (272)
[2019.02.15-09.32.22:533][297]LogModuleManager: Shutting down and abandoning module DataValidation (270)
[2019.02.15-09.32.22:533][297]LogModuleManager: Shutting down and abandoning module AssetManagerEditor (268)
[2019.02.15-09.32.22:533][297]LogModuleManager: Shutting down and abandoning module LevelEditor (267)
[2019.02.15-09.32.22:533][297]LogModuleManager: Shutting down and abandoning module PixelInspectorModule (266)
[2019.02.15-09.32.22:533][297]LogModuleManager: Shutting down and abandoning module CommonMenuExtensions (264)
[2019.02.15-09.32.22:534][297]LogModuleManager: Shutting down and abandoning module MainFrame (262)
[2019.02.15-09.32.22:534][297]LogModuleManager: Shutting down and abandoning module HotReload (261)
[2019.02.15-09.32.22:534][297]LogModuleManager: Shutting down and abandoning module ContentBrowser (257)
[2019.02.15-09.32.22:535][297]LogModuleManager: Shutting down and abandoning module TreeMap (255)
[2019.02.15-09.32.22:535][297]LogModuleManager: Shutting down and abandoning module LightPropagationVolumeRuntime (252)
[2019.02.15-09.32.22:535][297]LogModuleManager: Shutting down and abandoning module AISupportModule (250)
[2019.02.15-09.32.22:535][297]LogModuleManager: Shutting down and abandoning module Paper2D (248)
[2019.02.15-09.32.22:535][297]LogModuleManager: Shutting down and abandoning module WindowsMoviePlayer (246)
[2019.02.15-09.32.22:535][297]LogModuleManager: Shutting down and abandoning module WmfMedia (244)
[2019.02.15-09.32.22:538][297]LogModuleManager: Shutting down and abandoning module Media (243)
[2019.02.15-09.32.22:544][297]LogModuleManager: Shutting down and abandoning module PacketHandler (240)
[2019.02.15-09.32.22:544][297]LogModuleManager: Shutting down and abandoning module ClothingSystemEditor (238)
[2019.02.15-09.32.22:544][297]LogModuleManager: Shutting down and abandoning module ClothingSystemRuntime (236)
[2019.02.15-09.32.22:544][297]LogModuleManager: Shutting down and abandoning module MediaAssets (234)
[2019.02.15-09.32.22:544][297]LogModuleManager: Shutting down and abandoning module Overlay (232)
[2019.02.15-09.32.22:544][297]LogModuleManager: Shutting down and abandoning module OverlayEditor (231)
[2019.02.15-09.32.22:544][297]LogModuleManager: Shutting down and abandoning module VREditor (228)
[2019.02.15-09.32.22:544][297]LogModuleManager: Shutting down and abandoning module StringTableEditor (226)
[2019.02.15-09.32.22:544][297]LogModuleManager: Shutting down and abandoning module GameplayTasksEditor (224)
[2019.02.15-09.32.22:544][297]LogModuleManager: Shutting down and abandoning module BehaviorTreeEditor (222)
[2019.02.15-09.32.22:544][297]LogModuleManager: Shutting down and abandoning module FunctionalTesting (220)
[2019.02.15-09.32.22:544][297]LogModuleManager: Shutting down and abandoning module CollisionAnalyzer (218)
[2019.02.15-09.32.22:544][297]LogModuleManager: Shutting down and abandoning module WorkspaceMenuStructure (217)
[2019.02.15-09.32.22:544][297]LogModuleManager: Shutting down and abandoning module UMG (214)
[2019.02.15-09.32.22:544][297]LogModuleManager: Shutting down and abandoning module UMGEditor (213)
[2019.02.15-09.32.22:544][297]LogModuleManager: Shutting down and abandoning module Sequencer (212)
[2019.02.15-09.32.22:545][297]LogModuleManager: Shutting down and abandoning module MessageLog (209)
[2019.02.15-09.32.22:545][297]LogModuleManager: Shutting down and abandoning module SlateReflector (204)
[2019.02.15-09.32.22:545][297]LogModuleManager: Shutting down and abandoning module Slate (202)
[2019.02.15-09.32.22:545][297]LogModuleManager: Shutting down and abandoning module EditorStyle (200)
[2019.02.15-09.32.22:546][297]LogModuleManager: Shutting down and abandoning module MRMesh (198)
[2019.02.15-09.32.22:546][297]LogModuleManager: Shutting down and abandoning module SourceCodeAccess (196)
[2019.02.15-09.32.22:546][297]LogModuleManager: Shutting down and abandoning module HeadMountedDisplay (194)
[2019.02.15-09.32.22:546][297]LogModuleManager: Shutting down and abandoning module XAudio2 (192)
[2019.02.15-09.32.22:546][297]LogModuleManager: Shutting down and abandoning module Networking (190)
[2019.02.15-09.32.22:546][297]LogModuleManager: Shutting down and abandoning module Core (188)
[2019.02.15-09.32.22:546][297]LogModuleManager: Shutting down and abandoning module LevelSequence (186)
[2019.02.15-09.32.22:546][297]LogModuleManager: Shutting down and abandoning module KismetCompiler (184)
[2019.02.15-09.32.22:546][297]LogModuleManager: Shutting down and abandoning module MeshUtilities (182)
[2019.02.15-09.32.22:546][297]LogModuleManager: Shutting down and abandoning module MeshMergeUtilities (181)
[2019.02.15-09.32.22:546][297]LogModuleManager: Shutting down and abandoning module MeshReductionInterface (180)
[2019.02.15-09.32.22:546][297]LogModuleManager: Shutting down and abandoning module SimplygonSwarm (179)
[2019.02.15-09.32.22:546][297]LogModuleManager: Shutting down and abandoning module ProxyLODMeshReduction (177)
[2019.02.15-09.32.22:546][297]LogModuleManager: Shutting down and abandoning module SimplygonMeshReduction (175)
[2019.02.15-09.32.22:546][297]LogModuleManager: Shutting down and abandoning module QuadricMeshReduction (173)
[2019.02.15-09.32.22:546][297]LogModuleManager: Shutting down and abandoning module MaterialBaking (169)
[2019.02.15-09.32.22:546][297]LogModuleManager: Shutting down and abandoning module DirectoryWatcher (165)
[2019.02.15-09.32.22:546][297]LogModuleManager: Shutting down and abandoning module DerivedDataCache (162)
[2019.02.15-09.32.22:641][297]LogDerivedDataCache: Shutdown
[2019.02.15-09.32.22:641][297]LogModuleManager: Shutting down and abandoning module XGEController (160)
[2019.02.15-09.32.22:641][297]LogModuleManager: Shutting down and abandoning module TargetPlatform (158)
[2019.02.15-09.32.22:641][297]LogModuleManager: Shutting down and abandoning module VulkanShaderFormat (157)
[2019.02.15-09.32.22:641][297]LogModuleManager: Shutting down and abandoning module ShaderFormatVectorVM (155)
[2019.02.15-09.32.22:641][297]LogModuleManager: Shutting down and abandoning module ShaderFormatOpenGL (153)
[2019.02.15-09.32.22:641][297]LogModuleManager: Shutting down and abandoning module ShaderFormatD3D (151)
[2019.02.15-09.32.22:641][297]LogModuleManager: Shutting down and abandoning module MetalShaderFormat (149)
[2019.02.15-09.32.22:641][297]LogModuleManager: Shutting down and abandoning module TextureFormatUncompressed (147)
[2019.02.15-09.32.22:641][297]LogModuleManager: Shutting down and abandoning module TextureFormatPVR (145)
[2019.02.15-09.32.22:641][297]LogModuleManager: Shutting down and abandoning module TextureFormatDXT (143)
[2019.02.15-09.32.22:641][297]LogModuleManager: Shutting down and abandoning module TextureFormatIntelISPCTexComp (141)
[2019.02.15-09.32.22:641][297]LogModuleManager: Shutting down and abandoning module TextureFormatASTC (139)
[2019.02.15-09.32.22:641][297]LogModuleManager: Shutting down and abandoning module ImageWrapper (138)
[2019.02.15-09.32.22:641][297]LogModuleManager: Shutting down and abandoning module TextureFormatAndroid (135)
[2019.02.15-09.32.22:642][297]LogModuleManager: Shutting down and abandoning module AudioFormatOpus (133)
[2019.02.15-09.32.22:642][297]LogModuleManager: Shutting down and abandoning module AudioFormatOgg (131)
[2019.02.15-09.32.22:642][297]LogModuleManager: Shutting down and abandoning module AudioFormatADPCM (129)
[2019.02.15-09.32.22:642][297]LogModuleManager: Shutting down and abandoning module LuminTargetPlatform (127)
[2019.02.15-09.32.22:642][297]LogModuleManager: Shutting down and abandoning module LinuxTargetPlatform (125)
[2019.02.15-09.32.22:642][297]LogModuleManager: Shutting down and abandoning module LinuxServerTargetPlatform (123)
[2019.02.15-09.32.22:642][297]LogModuleManager: Shutting down and abandoning module LinuxNoEditorTargetPlatform (121)
[2019.02.15-09.32.22:642][297]LogModuleManager: Shutting down and abandoning module LinuxClientTargetPlatform (119)
[2019.02.15-09.32.22:642][297]LogModuleManager: Shutting down and abandoning module TVOSTargetPlatform (117)
[2019.02.15-09.32.22:643][297]LogModuleManager: Shutting down and abandoning module Messaging (115)
[2019.02.15-09.32.22:643][297]LogModuleManager: Shutting down and abandoning module IOSTargetPlatform (113)
[2019.02.15-09.32.22:644][297]LogModuleManager: Shutting down and abandoning module HTML5TargetPlatform (111)
[2019.02.15-09.32.22:644][297]LogModuleManager: Shutting down and abandoning module AndroidTargetPlatform (109)
[2019.02.15-09.32.22:650][297]LogModuleManager: Shutting down and abandoning module WindowsTargetPlatform (107)
[2019.02.15-09.32.22:650][297]LogModuleManager: Shutting down and abandoning module WindowsServerTargetPlatform (105)
[2019.02.15-09.32.22:650][297]LogModuleManager: Shutting down and abandoning module WindowsNoEditorTargetPlatform (103)
[2019.02.15-09.32.22:650][297]LogModuleManager: Shutting down and abandoning module WindowsClientTargetPlatform (101)
[2019.02.15-09.32.22:650][297]LogModuleManager: Shutting down and abandoning module MacTargetPlatform (99)
[2019.02.15-09.32.22:650][297]LogModuleManager: Shutting down and abandoning module MacServerTargetPlatform (97)
[2019.02.15-09.32.22:650][297]LogModuleManager: Shutting down and abandoning module MacNoEditorTargetPlatform (95)
[2019.02.15-09.32.22:650][297]LogModuleManager: Shutting down and abandoning module MacClientTargetPlatform (93)
[2019.02.15-09.32.22:650][297]LogModuleManager: Shutting down and abandoning module AllDesktopTargetPlatform (91)
[2019.02.15-09.32.22:650][297]LogModuleManager: Shutting down and abandoning module InputCore (88)
[2019.02.15-09.32.22:650][297]LogModuleManager: Shutting down and abandoning module Settings (86)
[2019.02.15-09.32.22:650][297]LogModuleManager: Shutting down and abandoning module PhysXCooking (84)
[2019.02.15-09.32.22:650][297]LogModuleManager: Shutting down and abandoning module SteamVR (82)
[2019.02.15-09.32.22:650][297]LogModuleManager: Shutting down and abandoning module OculusHMD (80)
[2019.02.15-09.32.22:650][297]LogModuleManager: Shutting down and abandoning module ExampleDeviceProfileSelector (78)
[2019.02.15-09.32.22:650][297]LogModuleManager: Shutting down and abandoning module LauncherChunkInstaller (76)
[2019.02.15-09.32.22:650][297]LogModuleManager: Shutting down and abandoning module OnlineBlueprintSupport (74)
[2019.02.15-09.32.22:650][297]LogModuleManager: Shutting down and abandoning module OnlineSubsystem (70)
[2019.02.15-09.32.22:651][297]LogModuleManager: Shutting down and abandoning module XMPP (65)
[2019.02.15-09.32.22:651][297]LogModuleManager: Shutting down and abandoning module WebSockets (64)
[2019.02.15-09.32.22:693][297]LogModuleManager: Shutting down and abandoning module HTTP (61)
[2019.02.15-09.32.22:693][297]LogHttp: Display: Http module shutting down, but needs to wait on 1 outstanding Http requests:
[2019.02.15-09.32.22:693][297]LogHttp: Display: 	verb=[POST] url=[https://datarouter.ol.epicgames.com/datarouter/api/v1/public/data?SessionID=%7B47031143-4B5E-5F9F-110D-D49BA03EBE36%7D&AppID=UEEditor.Rocket.Release&AppVersion=4.20.3-4369336%2B%2B%2BUE4%2BRelease-4.20&UserID=b122ec034621b40a4fd26d9823131a55%7C%7Cff32d30c-e02f-455d-8f76-e49cc0b64af9&AppEnvironment=datacollector-binary&UploadType=eteventstream] status=Processing
[2019.02.15-09.32.22:712][297]LogModuleManager: Shutting down and abandoning module SSL (60)
[2019.02.15-09.32.22:714][297]LogModuleManager: Shutting down and abandoning module MagicLeapEmulator (56)
[2019.02.15-09.32.22:714][297]LogModuleManager: Shutting down and abandoning module MagicLeapPrivileges (54)
[2019.02.15-09.32.22:714][297]LogModuleManager: Shutting down and abandoning module MagicLeapIdentity (52)
[2019.02.15-09.32.22:714][297]LogModuleManager: Shutting down and abandoning module MagicLeapHelperVulkan (50)
[2019.02.15-09.32.22:714][297]LogModuleManager: Shutting down and abandoning module MagicLeapHelperOpenGL (48)
[2019.02.15-09.32.22:714][297]LogModuleManager: Shutting down and abandoning module MagicLeapSecureStorage (46)
[2019.02.15-09.32.22:714][297]LogModuleManager: Shutting down and abandoning module MagicLeapGestures (44)
[2019.02.15-09.32.22:714][297]LogModuleManager: Shutting down and abandoning module MagicLeapEyeTracker (42)
[2019.02.15-09.32.22:714][297]LogModuleManager: Shutting down and abandoning module MagicLeapController (40)
[2019.02.15-09.32.22:714][297]LogSlate: Slate User Destroyed.  User Index 0, Is Virtual User: 0
[2019.02.15-09.32.22:714][297]LogModuleManager: Shutting down and abandoning module MagicLeap (38)
[2019.02.15-09.32.22:715][297]LogModuleManager: Shutting down and abandoning module AnimationModifiers (36)
[2019.02.15-09.32.22:715][297]LogModuleManager: Shutting down and abandoning module PropertyEditor (35)
[2019.02.15-09.32.22:715][297]LogModuleManager: Shutting down and abandoning module AudioEditor (32)
[2019.02.15-09.32.22:715][297]LogModuleManager: Shutting down and abandoning module TextureCompressor (30)
[2019.02.15-09.32.22:715][297]LogModuleManager: Shutting down and abandoning module ShaderCore (28)
[2019.02.15-09.32.22:715][297]LogModuleManager: Shutting down and abandoning module Landscape (26)
[2019.02.15-09.32.22:715][297]LogModuleManager: Shutting down and abandoning module SlateRHIRenderer (24)
[2019.02.15-09.32.22:721][297]LogModuleManager: Shutting down and abandoning module OpenGLDrv (22)
[2019.02.15-09.32.22:721][297]LogModuleManager: Shutting down and abandoning module D3D11RHI (20)
[2019.02.15-09.32.22:721][297]LogModuleManager: Shutting down and abandoning module AnimGraphRuntime (18)
[2019.02.15-09.32.22:721][297]LogModuleManager: Shutting down and abandoning module Renderer (16)
[2019.02.15-09.32.22:721][297]LogModuleManager: Shutting down and abandoning module Engine (14)
[2019.02.15-09.32.22:721][297]LogModuleManager: Shutting down and abandoning module CoreUObject (12)
[2019.02.15-09.32.22:721][297]LogModuleManager: Shutting down and abandoning module NetworkFile (10)
[2019.02.15-09.32.22:721][297]LogModuleManager: Shutting down and abandoning module CookedIterativeFile (8)
[2019.02.15-09.32.22:722][297]LogModuleManager: Shutting down and abandoning module StreamingFile (6)
[2019.02.15-09.32.22:722][297]LogModuleManager: Shutting down and abandoning module SandboxFile (4)
[2019.02.15-09.32.22:722][297]LogModuleManager: Shutting down and abandoning module PakFile (2)
[2019.02.15-09.32.22:727][297]LogExit: Exiting.
[2019.02.15-09.32.22:739][297]Log file closed, 02/15/19 09:32:22
