Log file open, 02/22/19 16:03:26
LogWindows: Failed to load 'aqProf.dll' (GetLastError=126)
LogWindows: File 'aqProf.dll' does not exist
LogWindows: Failed to load 'VSPerf140.dll' (GetLastError=126)
LogWindows: File 'VSPerf140.dll' does not exist
LogWindows: Failed to load 'VtuneApi.dll' (GetLastError=126)
LogWindows: File 'VtuneApi.dll' does not exist
LogWindows: Failed to load 'VtuneApi32e.dll' (GetLastError=126)
LogWindows: File 'VtuneApi32e.dll' does not exist
LogInit: Display: Running engine for game: Castleforce
LogPlatformFile: Not using cached read wrapper
LogTaskGraph: Started task graph with 5 named threads and 23 total threads with 3 sets of task threads.
LogStats: Stats thread started at 0.955873
LogD3D11RHI: Loaded GFSDK_Aftermath_Lib.x64.dll
LogICUInternationalization: Display: ICU TimeZone Detection - Raw Offset: +0:00, Platform Override: ''
LogPluginManager: Warning: Engine version string in ../../../../../../Shitty UE4 Games I Make/Castleforce/castleforce/Castleforce/Plugins/SimplexNoise-master/SimplexNoise.uplugin could not be parsed ("4.10")
LogPluginManager: Mounting plugin Paper2D
LogPluginManager: Mounting plugin AISupport
LogPluginManager: Mounting plugin LightPropagationVolume
LogPluginManager: Mounting plugin CLionSourceCodeAccess
LogPluginManager: Mounting plugin CodeLiteSourceCodeAccess
LogPluginManager: Mounting plugin GitSourceControl
LogPluginManager: Mounting plugin KDevelopSourceCodeAccess
LogPluginManager: Mounting plugin NullSourceCodeAccess
LogPluginManager: Mounting plugin PerforceSourceControl
LogPluginManager: Mounting plugin SubversionSourceControl
LogPluginManager: Mounting plugin UObjectPlugin
LogPluginManager: Mounting plugin VisualStudioCodeSourceCodeAccess
LogPluginManager: Mounting plugin VisualStudioSourceCodeAccess
LogPluginManager: Mounting plugin XCodeSourceCodeAccess
LogPluginManager: Mounting plugin AssetManagerEditor
LogPluginManager: Mounting plugin CryptoKeys
LogPluginManager: Mounting plugin DataValidation
LogPluginManager: Mounting plugin FacialAnimation
LogPluginManager: Mounting plugin GameplayTagsEditor
LogPluginManager: Mounting plugin MacGraphicsSwitching
LogPluginManager: Mounting plugin MeshEditor
LogPluginManager: Mounting plugin MobileLauncherProfileWizard
LogPluginManager: Mounting plugin PluginBrowser
LogPluginManager: Mounting plugin SpeedTreeImporter
LogPluginManager: Mounting plugin DatasmithContent
LogPluginManager: Mounting plugin AlembicImporter
LogPluginManager: Mounting plugin AppleImageUtils
LogPluginManager: Mounting plugin AppleVision
LogPluginManager: Mounting plugin BackChannel
LogPluginManager: Mounting plugin CharacterAI
LogPluginManager: Mounting plugin GeometryCache
LogPluginManager: Mounting plugin HTML5Networking
LogPluginManager: Mounting plugin ProxyLODPlugin
LogPluginManager: Mounting plugin MagicLeap
LogPluginManager: Mounting plugin MagicLeapEmulator
LogPluginManager: Mounting plugin MagicLeapMedia
LogPluginManager: Mounting plugin AndroidMedia
LogPluginManager: Mounting plugin AvfMedia
LogPluginManager: Mounting plugin ImgMedia
LogPluginManager: Mounting plugin LinearTimecode
LogPluginManager: Mounting plugin MediaCompositing
LogPluginManager: Mounting plugin MediaPlayerEditor
LogPluginManager: Mounting plugin WmfMedia
LogPluginManager: Mounting plugin TcpMessaging
LogPluginManager: Mounting plugin UdpMessaging
LogPluginManager: Mounting plugin ActorSequence
LogPluginManager: Mounting plugin LevelSequenceEditor
LogPluginManager: Mounting plugin MatineeToLevelSequence
LogPluginManager: Mounting plugin NetcodeUnitTest
LogPluginManager: Mounting plugin NUTUnrealEngine4
LogPluginManager: Mounting plugin OnlineSubsystemGooglePlay
LogPluginManager: Mounting plugin OnlineSubsystemIOS
LogPluginManager: Mounting plugin OnlineSubsystem
LogPluginManager: Mounting plugin OnlineSubsystemNull
LogPluginManager: Mounting plugin OnlineSubsystemUtils
LogPluginManager: Mounting plugin LauncherChunkInstaller
LogPluginManager: Mounting plugin AndroidDeviceProfileSelector
LogPluginManager: Mounting plugin AndroidMoviePlayer
LogPluginManager: Mounting plugin AndroidPermission
LogPluginManager: Mounting plugin AppleMoviePlayer
LogPluginManager: Mounting plugin ArchVisCharacter
LogPluginManager: Mounting plugin AudioCapture
LogPluginManager: Mounting plugin CableComponent
LogPluginManager: Mounting plugin CustomMeshComponent
LogPluginManager: Mounting plugin EditableMesh
LogPluginManager: Mounting plugin ExampleDeviceProfileSelector
LogPluginManager: Mounting plugin GoogleCloudMessaging
LogPluginManager: Mounting plugin ImmediatePhysics
LogPluginManager: Mounting plugin IOSDeviceProfileSelector
LogPluginManager: Mounting plugin LinuxDeviceProfileSelector
LogPluginManager: Mounting plugin LocationServicesBPLibrary
LogPluginManager: Mounting plugin MobilePatchingUtils
LogPluginManager: Mounting plugin OculusVR
LogPluginManager: Plugin shader directory ../../../Engine/Plugins/Runtime/Oculus/OculusVR/Shaders found
LogPluginManager: Mapping shader source directory ../../../Engine/Plugins/Runtime/Oculus/OculusVR/Shaders to virtual directory /Plugin/OculusVR
LogPluginManager: Mounting plugin PhysXVehicles
LogPluginManager: Mounting plugin ProceduralMeshComponent
LogPluginManager: Mounting plugin RuntimePhysXCooking
LogPluginManager: Mounting plugin SteamVR
LogPluginManager: Mounting plugin WindowsMoviePlayer
LogPluginManager: Mounting plugin SimplexNoise
LogStreaming: Display: Took  0.291s to configure plugins.
LogInit: Using libcurl 7.55.1-DEV
LogInit:  - built for x86_64-pc-win32
LogInit:  - supports SSL with OpenSSL/1.0.2h
LogInit:  - supports HTTP deflate (compression) using libz 1.2.8
LogInit:  - other features:
LogInit:      CURL_VERSION_SSL
LogInit:      CURL_VERSION_LIBZ
LogInit:      CURL_VERSION_IPV6
LogInit:      CURL_VERSION_ASYNCHDNS
LogInit:      CURL_VERSION_LARGEFILE
LogInit:      CURL_VERSION_IDN
LogInit:  CurlRequestOptions (configurable via config and command line):
LogInit:  - bVerifyPeer = false  - Libcurl will NOT verify peer certificate
LogInit:  - bUseHttpProxy = false  - Libcurl will NOT use HTTP proxy
LogInit:  - bDontReuseConnections = false  - Libcurl will reuse connections
LogInit:  - CertBundlePath = nullptr  - Libcurl will use whatever was configured at build time.
LogInit:  - MaxHostConnections = 16  - Libcurl will limit the number of connections to a host
LogInit:  - LocalHostAddr = Default
LogInit:  - BufferSize = 65536
LogInit: WinSock: version 1.1 (2.2), MaxSocks=32767, MaxUdp=65467
LogInit: Build: ++UE4+Release-4.20-CL-4369336
LogInit: Engine Version: 4.20.3-4369336+++UE4+Release-4.20
LogInit: Compatible Engine Version: 4.20.0-4212847+++UE4+Release-4.20
LogInit: Net CL: 4212847
LogInit: OS: Windows 10 (), CPU: AMD FX(tm)-8350 Eight-Core Processor           , GPU: NVIDIA GeForce GTX 1070 Ti
LogInit: Compiled (64-bit): Sep 17 2018 12:26:19
LogInit: Compiled with Visual C++: 19.13.26129.00
LogInit: Build Configuration: Development
LogInit: Branch Name: ++UE4+Release-4.20
LogInit: Command Line:  
LogInit: Base Directory: D:/Unreal/Engine/UE_4.20/Engine/Binaries/Win64/
LogInit: Installed Engine Build: 1
LogDevObjectVersion: Number of dev versions registered: 20
LogDevObjectVersion:   Dev-Blueprints (B0D832E4-1F89-4F0D-ACCF-7EB736FD4AA2): 10
LogDevObjectVersion:   Dev-Build (E1C64328-A22C-4D53-A36C-8E866417BD8C): 0
LogDevObjectVersion:   Dev-Core (375EC13C-06E4-48FB-B500-84F0262A717E): 2
LogDevObjectVersion:   Dev-Editor (E4B068ED-F494-42E9-A231-DA0B2E46BB41): 24
LogDevObjectVersion:   Dev-Framework (CFFC743F-43B0-4480-9391-14DF171D2073): 34
LogDevObjectVersion:   Dev-Mobile (B02B49B5-BB20-44E9-A304-32B752E40360): 2
LogDevObjectVersion:   Dev-Networking (A4E4105C-59A1-49B5-A7C5-40C4547EDFEE): 0
LogDevObjectVersion:   Dev-Online (39C831C9-5AE6-47DC-9A44-9C173E1C8E7C): 0
LogDevObjectVersion:   Dev-Physics (78F01B33-EBEA-4F98-B9B4-84EACCB95AA2): 0
LogDevObjectVersion:   Dev-Platform (6631380F-2D4D-43E0-8009-CF276956A95A): 0
LogDevObjectVersion:   Dev-Rendering (12F88B9F-8875-4AFC-A67C-D90C383ABD29): 26
LogDevObjectVersion:   Dev-Sequencer (7B5AE74C-D270-4C10-A958-57980B212A5A): 9
LogDevObjectVersion:   Dev-VR (D7296918-1DD6-4BDD-9DE2-64A83CC13884): 2
LogDevObjectVersion:   Dev-LoadTimes (C2A15278-BFE7-4AFE-6C17-90FF531DF755): 1
LogDevObjectVersion:   Private-Geometry (6EACA3D4-40EC-4CC1-B786-8BED09428FC5): 3
LogDevObjectVersion:   Dev-AnimPhys (29E575DD-E0A3-4627-9D10-D276232CDCEA): 17
LogDevObjectVersion:   Dev-ReflectionCapture (6B266CEC-1EC7-4B8F-A30B-E4D90942FC07): 1
LogDevObjectVersion:   Dev-Automation (0DF73D61-A23F-47EA-B727-89E90C41499A): 1
LogDevObjectVersion:   FortniteMain (601D1886-AC64-4F84-AA16-D3DE0DEAC7D6): 12
LogDevObjectVersion:   Dev-Enterprise (9DFFBCD6-494F-0158-E221-12823C92A888): 1
LogStreaming: Display: Took  0.005s to delete old logs.
LogInit: Presizing for max 8388607 objects, including 0 objects not considered by GC, pre-allocating 0 bytes for permanent pool.
LogInit: Object subsystem initialized
[2019.02.22-16.03.29:530][  0]LogInit: Selected Device Profile: [Windows]
[2019.02.22-16.03.29:530][  0]LogInit: Applying CVar settings loaded from the selected device profile: [Windows]
[2019.02.22-16.03.29:570][  0]LogHAL: Display: Platform has ~ 8 GB [8484548608 / 8589934592 / 8], which maps to Default [LargestMinGB=32, LargerMinGB=12, DefaultMinGB=8, SmallerMinGB=6, SmallestMinGB=0)
[2019.02.22-16.03.29:576][  0]LogInit: Setting Device Profile CVar: [[r.Vulkan.UseRealUBs:1]]
[2019.02.22-16.03.29:581][  0]LogInit: Going up to parent DeviceProfile []
[2019.02.22-16.03.29:590][  0]LogInit: Computer: DESKTOP-TLUBEOD
[2019.02.22-16.03.29:590][  0]LogInit: User: rh27u
[2019.02.22-16.03.29:590][  0]LogInit: CPU Page size=4096, Cores=4
[2019.02.22-16.03.29:590][  0]LogInit: High frequency timer resolution =3.919342 MHz
[2019.02.22-16.03.29:590][  0]LogMemory: Memory total: Physical=7.9GB (8GB approx)
[2019.02.22-16.03.29:590][  0]LogMemory: Platform Memory Stats for Windows
[2019.02.22-16.03.29:590][  0]LogMemory: Process Physical Memory: 100.60 MB used, 100.60 MB peak
[2019.02.22-16.03.29:590][  0]LogMemory: Process Virtual Memory: 87.49 MB used, 87.49 MB peak
[2019.02.22-16.03.29:590][  0]LogMemory: Physical Memory: 4229.39 MB used,  3862.11 MB free, 8091.50 MB total
[2019.02.22-16.03.29:590][  0]LogMemory: Virtual Memory: 4641.60 MB used,  3862.11 MB free, 134217728.00 MB total
[2019.02.22-16.03.30:520][  0]LogInit: Using OS detected language (en-US).
[2019.02.22-16.03.30:520][  0]LogInit: Using OS detected locale (en-GB).
[2019.02.22-16.03.30:542][  0]LogTextLocalizationManager: No specific localization for 'en-US' exists, so the 'en' localization will be used.
[2019.02.22-16.03.31:293][  0]LogStreaming: Display: Took  0.772s to InitEngineTextLocalization.
[2019.02.22-16.03.31:293][  0]LogInit: Setting process to per monitor DPI aware
[2019.02.22-16.03.31:654][  0]LogSlate: New Slate User Created.  User Index 0, Is Virtual User: 0
[2019.02.22-16.03.31:654][  0]LogSlate: Slate User Registered.  User Index 0, Is Virtual User: 0
[2019.02.22-16.03.35:102][  0]LogHMD: Failed to initialize OpenVR with code 110
[2019.02.22-16.03.35:102][  0]LogD3D11RHI: D3D11 adapters:
[2019.02.22-16.03.35:349][  0]LogD3D11RHI:    0. 'NVIDIA GeForce GTX 1070 Ti' (Feature Level 11_0)
[2019.02.22-16.03.35:349][  0]LogD3D11RHI:       8080/0/4045 MB DedicatedVideo/DedicatedSystem/SharedSystem, Outputs:3, VendorId:0x10de
[2019.02.22-16.03.35:356][  0]LogD3D11RHI:    1. 'Microsoft Basic Render Driver' (Feature Level 11_0)
[2019.02.22-16.03.35:356][  0]LogD3D11RHI:       0/0/4045 MB DedicatedVideo/DedicatedSystem/SharedSystem, Outputs:0, VendorId:0x1414
[2019.02.22-16.03.35:356][  0]LogD3D11RHI: Chosen D3D11 Adapter: 0
[2019.02.22-16.03.35:365][  0]LogD3D11RHI: Creating new Direct3DDevice
[2019.02.22-16.03.35:365][  0]LogD3D11RHI:     GPU DeviceId: 0x1b82 (for the marketing name, search the web for "GPU Device Id")
[2019.02.22-16.03.35:365][  0]LogWindows: EnumDisplayDevices:
[2019.02.22-16.03.35:365][  0]LogWindows:    0. 'NVIDIA GeForce GTX 1070 Ti' (P:0 D:1)
[2019.02.22-16.03.35:365][  0]LogWindows:    1. 'NVIDIA GeForce GTX 1070 Ti' (P:1 D:1)
[2019.02.22-16.03.35:366][  0]LogWindows:    2. 'NVIDIA GeForce GTX 1070 Ti' (P:0 D:1)
[2019.02.22-16.03.35:366][  0]LogWindows:    3. 'NVIDIA GeForce GTX 1070 Ti' (P:0 D:0)
[2019.02.22-16.03.35:367][  0]LogWindows: DebugString: FoundDriverCount:4 
[2019.02.22-16.03.35:367][  0]LogD3D11RHI:     Adapter Name: NVIDIA GeForce GTX 1070 Ti
[2019.02.22-16.03.35:367][  0]LogD3D11RHI:   Driver Version: 417.35 (internal:25.21.14.1735, unified:417.35)
[2019.02.22-16.03.35:367][  0]LogD3D11RHI:      Driver Date: 12-11-2018
[2019.02.22-16.03.35:367][  0]LogRHI: Texture pool is 5656 MB (70% of 8080 MB)
[2019.02.22-16.03.35:442][  0]LogD3D11RHI: Async texture creation enabled
[2019.02.22-16.03.35:550][  0]LogD3D11RHI: GPU Timing Frequency: 1000.000000 (Debug: 2 2)
[2019.02.22-16.03.35:682][  0]LogShaderCompilers: Guid format shader working directory is -31 characters bigger than the processId version (../../../../../../Shitty UE4 Games I Make/Castleforce/castleforce/Castleforce/Intermediate/Shaders/WorkingDirectory/9488/).
[2019.02.22-16.03.35:683][  0]LogShaderCompilers: Cleaned the shader compiler working directory 'C:/Users/rh27u/AppData/Local/Temp/UnrealShaderWorkingDir/63B7C84947FC829B59C6A4B8BEA8A917/'.
[2019.02.22-16.03.36:321][  0]LogTemp: Display: Loaded TP AllDesktopTargetPlatform
[2019.02.22-16.03.36:399][  0]LogTemp: Display: Loaded TP MacClientTargetPlatform
[2019.02.22-16.03.36:470][  0]LogTemp: Display: Loaded TP MacNoEditorTargetPlatform
[2019.02.22-16.03.36:540][  0]LogTemp: Display: Loaded TP MacServerTargetPlatform
[2019.02.22-16.03.36:634][  0]LogTemp: Display: Loaded TP MacTargetPlatform
[2019.02.22-16.03.36:720][  0]LogTemp: Display: Loaded TP WindowsClientTargetPlatform
[2019.02.22-16.03.36:788][  0]LogTemp: Display: Loaded TP WindowsNoEditorTargetPlatform
[2019.02.22-16.03.36:863][  0]LogTemp: Display: Loaded TP WindowsServerTargetPlatform
[2019.02.22-16.03.36:922][  0]LogTemp: Display: Loaded TP WindowsTargetPlatform
[2019.02.22-16.03.37:125][  0]LogTemp: Display: Loaded TP AndroidTargetPlatform
[2019.02.22-16.03.37:125][  0]LogTemp: Display: Loaded TP AndroidTargetPlatform
[2019.02.22-16.03.37:125][  0]LogTemp: Display: Loaded TP AndroidTargetPlatform
[2019.02.22-16.03.37:125][  0]LogTemp: Display: Loaded TP AndroidTargetPlatform
[2019.02.22-16.03.37:125][  0]LogTemp: Display: Loaded TP AndroidTargetPlatform
[2019.02.22-16.03.37:125][  0]LogTemp: Display: Loaded TP AndroidTargetPlatform
[2019.02.22-16.03.37:125][  0]LogTemp: Display: Loaded TP AndroidTargetPlatform
[2019.02.22-16.03.37:125][  0]LogTemp: Display: Loaded TP AndroidTargetPlatform
[2019.02.22-16.03.37:125][  0]LogTemp: Display: Loaded TP AndroidTargetPlatform
[2019.02.22-16.03.37:125][  0]LogTemp: Display: Loaded TP AndroidTargetPlatform
[2019.02.22-16.03.37:125][  0]LogTemp: Display: Loaded TP AndroidTargetPlatform
[2019.02.22-16.03.37:125][  0]LogTemp: Display: Loaded TP AndroidTargetPlatform
[2019.02.22-16.03.37:125][  0]LogTemp: Display: Loaded TP AndroidTargetPlatform
[2019.02.22-16.03.37:125][  0]LogTemp: Display: Loaded TP AndroidTargetPlatform
[2019.02.22-16.03.37:125][  0]LogTemp: Display: Loaded TP AndroidTargetPlatform
[2019.02.22-16.03.37:126][  0]LogTemp: Display: Loaded TP AndroidTargetPlatform
[2019.02.22-16.03.37:126][  0]LogTemp: Display: Loaded TP AndroidTargetPlatform
[2019.02.22-16.03.37:126][  0]LogTemp: Display: Loaded TP AndroidTargetPlatform
[2019.02.22-16.03.37:180][  0]LogTemp: Display: Loaded TP HTML5TargetPlatform
[2019.02.22-16.03.37:476][  0]LogTemp: Display: Loaded TP IOSTargetPlatform
[2019.02.22-16.03.37:476][  0]LogTemp: Display: Loaded TP IOSTargetPlatform
[2019.02.22-16.03.37:563][  0]LogTemp: Display: Loaded TP TVOSTargetPlatform
[2019.02.22-16.03.37:563][  0]LogTemp: Display: Loaded TP TVOSTargetPlatform
[2019.02.22-16.03.37:635][  0]LogTemp: Display: Loaded TP LinuxClientTargetPlatform
[2019.02.22-16.03.37:704][  0]LogTemp: Display: Loaded TP LinuxNoEditorTargetPlatform
[2019.02.22-16.03.37:766][  0]LogTemp: Display: Loaded TP LinuxServerTargetPlatform
[2019.02.22-16.03.37:860][  0]LogTemp: Display: Loaded TP LinuxTargetPlatform
[2019.02.22-16.03.37:925][  0]LogTemp: Display: Loaded TP LuminTargetPlatform
[2019.02.22-16.03.37:925][  0]LogTargetPlatformManager: Display: Building Assets For Windows
[2019.02.22-16.03.39:704][  0]LogXGEController: Cleaning working directory: C:/Users/rh27u/AppData/Local/Temp/UnrealXGEWorkingDir/
[2019.02.22-16.03.39:704][  0]LogXGEController: Cannot use XGE Controller as Incredibuild is not installed on this machine.
[2019.02.22-16.03.39:704][  0]LogShaderCompilers: Cannot use XGE Shader Compiler as Incredibuild is not installed on this machine.
[2019.02.22-16.03.39:704][  0]LogShaderCompilers: Display: Using Local Shader Compiler.
[2019.02.22-16.03.42:843][  0]LogDerivedDataCache: Display: Max Cache Size: 512 MB
[2019.02.22-16.03.43:506][  0]LogDerivedDataCache: Loaded boot cache 0.66s 71MB C:/Users/rh27u/AppData/Local/UnrealEngine/4.20/DerivedDataCache/Boot.ddc.
[2019.02.22-16.03.43:507][  0]LogDerivedDataCache: Display: Loaded Boot cache: C:/Users/rh27u/AppData/Local/UnrealEngine/4.20/DerivedDataCache/Boot.ddc
[2019.02.22-16.03.43:507][  0]LogDerivedDataCache: FDerivedDataBackendGraph:  Pak pak cache file ../../../../../../Shitty UE4 Games I Make/Castleforce/castleforce/Castleforce/DerivedDataCache/DDC.ddp not found, will not use a pak cache.
[2019.02.22-16.03.43:507][  0]LogDerivedDataCache: Unable to find inner node Pak for hierarchical cache Hierarchy.
[2019.02.22-16.03.43:507][  0]LogDerivedDataCache: FDerivedDataBackendGraph:  CompressedPak pak cache file ../../../../../../Shitty UE4 Games I Make/Castleforce/castleforce/Castleforce/DerivedDataCache/Compressed.ddp not found, will not use a pak cache.
[2019.02.22-16.03.43:507][  0]LogDerivedDataCache: Unable to find inner node CompressedPak for hierarchical cache Hierarchy.
[2019.02.22-16.03.43:564][  0]LogDerivedDataCache: Display: Pak cache opened for reading ../../../Engine/DerivedDataCache/Compressed.ddp.
[2019.02.22-16.03.43:578][  0]LogDerivedDataCache: Using Local data cache path C:/Users/rh27u/AppData/Local/UnrealEngine/Common/DerivedDataCache: Writable
[2019.02.22-16.03.43:578][  0]LogDerivedDataCache: Shared data cache path not found in *engine.ini, will not use an Shared cache.
[2019.02.22-16.03.43:578][  0]LogDerivedDataCache: Unable to find inner node Shared for hierarchical cache Hierarchy.
[2019.02.22-16.03.43:614][  0]LogMaterial: Verifying Global Shaders for PCD3D_SM5
[2019.02.22-16.03.43:625][  0]LogSlate: Using FreeType 2.6.0
[2019.02.22-16.03.43:665][  0]LogSlate: SlateFontServices - WITH_FREETYPE: 1, WITH_HARFBUZZ: 1
[2019.02.22-16.03.44:292][  0]LogAssetRegistry: FAssetRegistry took 0.0286 seconds to start up
[2019.02.22-16.03.46:473][  0]LogInit: Selected Device Profile: [Windows]
[2019.02.22-16.03.48:039][  0]LogSimplygon: Simplygon DLL not present - disabling.
[2019.02.22-16.03.48:254][  0]LogMeshReduction: Using SimplygonSwarm for distributed automatic mesh merging
[2019.02.22-16.03.48:254][  0]LogMeshReduction: Using ProxyLODMeshReduction for automatic mesh merging
[2019.02.22-16.03.48:254][  0]LogMeshReduction: Using QuadricMeshReduction for automatic static mesh reduction
[2019.02.22-16.03.48:254][  0]LogMeshReduction: No automatic skeletal mesh reduction module available
[2019.02.22-16.03.48:781][  0]LogNetVersion: Castleforce 1.0.0, NetCL: 4212847, EngineNetVer: 5, GameNetVer: 0 (Checksum: 2622368503)
[2019.02.22-16.03.51:482][  0]LogPackageLocalizationCache: Processed 11 localized package path(s) for 2 prioritized culture(s) in 0.242042 seconds
[2019.02.22-16.03.51:503][  0]LogUObjectArray: 38425 objects as part of root set at end of initial load.
[2019.02.22-16.03.51:503][  0]LogUObjectAllocator: 6690864 out of 0 bytes used by permanent object pool.
[2019.02.22-16.03.51:503][  0]LogUObjectArray: CloseDisregardForGC: 0/0 objects in disregard for GC pool
[2019.02.22-16.04.09:305][  0]LogTcpMessaging: Initializing TcpMessaging bridge
[2019.02.22-16.04.09:356][  0]LogUdpMessaging: Initializing bridge on interface 0.0.0.0:0 to multicast group 230.0.0.1:6666.
[2019.02.22-16.04.10:984][  0]SourceControl: Source control is disabled
[2019.02.22-16.04.10:988][  0]SourceControl: Source control is disabled
[2019.02.22-16.04.11:140][  0]SourceControl: Source control is disabled
[2019.02.22-16.04.11:211][  0]SourceControl: Source control is disabled
[2019.02.22-16.04.13:752][  0]LogAndroidPermission: UAndroidPermissionCallbackProxy::GetInstance
[2019.02.22-16.04.14:268][  0]LogOcInput: OculusInput pre-init called
[2019.02.22-16.04.14:740][  0]LogEngine: Initializing Engine...
[2019.02.22-16.04.14:742][  0]LogHMD: Failed to initialize OpenVR with code 110
[2019.02.22-16.04.14:744][  0]LogStats: UGameplayTagsManager::ConstructGameplayTagTree: ImportINI prefixes -  0.000 s
[2019.02.22-16.04.14:744][  0]LogStats: UGameplayTagsManager::ConstructGameplayTagTree: Construct from data asset -  0.000 s
[2019.02.22-16.04.14:744][  0]LogStats: UGameplayTagsManager::ConstructGameplayTagTree: ImportINI -  0.000 s
[2019.02.22-16.04.14:744][  0]LogStats: UGameplayTagsManager::ConstructGameplayTagTree: GameplayTagTreeChangedEvent.Broadcast -  0.000 s
[2019.02.22-16.04.15:531][  0]LogInit: Initializing FReadOnlyCVARCache
[2019.02.22-16.04.15:673][  0]LogAIModule: Creating AISystem for world Untitled
[2019.02.22-16.04.15:825][  0]LogInit: XAudio2 using 'Headset Earphone (HyperX 7.1 Audio)' : 2 channels at 48 kHz using 16 bits per sample (channel mask 0x3)
[2019.02.22-16.04.15:857][  0]LogInit: FAudioDevice initialized.
[2019.02.22-16.04.15:858][  0]LogNetVersion: Set ProjectVersion to 1.0.0.0. Version Checksum will be recalculated on next use.
[2019.02.22-16.04.16:054][  0]LogDerivedDataCache: Saved boot cache 0.20s 71MB C:/Users/rh27u/AppData/Local/UnrealEngine/4.20/DerivedDataCache/Boot.ddc.
[2019.02.22-16.04.16:068][  0]LogInit: Texture streaming: Enabled
[2019.02.22-16.04.16:318][  0]LogEngineSessionManager: EngineSessionManager initialized
[2019.02.22-16.04.16:318][  0]LogEngineSessionManager: EngineSessionManager sent abnormal shutdown report. Type=Debugger, SessionId={A61D6B01-4D0A-B29C-2F83-83B9C2FE3C5E}
[2019.02.22-16.04.16:404][  0]LogWindowsTextInputMethodSystem: Display: IME system now deactivated.
[2019.02.22-16.04.17:273][  0]LogInit: Transaction tracking system initialized
[2019.02.22-16.04.17:653][  0]BlueprintLog: New page: Editor Load
[2019.02.22-16.04.19:534][  0]LocalizationService: Localization service is disabled
[2019.02.22-16.04.21:996][  0]LogCook: Display: Max memory allowance for cook 16384mb min free memory 0mb
[2019.02.22-16.04.21:997][  0]LogCook: Display: Mobile HDR setting 1
[2019.02.22-16.04.21:997][  0]LogGameplayTags: Display: UGameplayTagsManager::DoneAddingNativeTags. DelegateIsBound: 0
[2019.02.22-16.04.21:997][  0]LogStats: UGameplayTagsManager::ConstructGameplayTagTree: ImportINI prefixes -  0.000 s
[2019.02.22-16.04.21:997][  0]LogStats: UGameplayTagsManager::ConstructGameplayTagTree: Construct from data asset -  0.000 s
[2019.02.22-16.04.21:997][  0]LogStats: UGameplayTagsManager::ConstructGameplayTagTree: ImportINI -  0.000 s
[2019.02.22-16.04.21:997][  0]LogStats: UGameplayTagsManager::ConstructGameplayTagTree: GameplayTagTreeChangedEvent.Broadcast -  0.000 s
[2019.02.22-16.04.23:082][  0]LogFileCache: Scanning file cache for directory 'D:/Shitty UE4 Games I Make/Castleforce/castleforce/Castleforce/Content/' took 0.04s
[2019.02.22-16.04.25:479][  0]SourceControl: Source control is disabled
[2019.02.22-16.04.25:479][  0]Cmd: MAP LOAD FILE="../../../../../../Shitty UE4 Games I Make/Castleforce/castleforce/Castleforce/Content/Levels/Level1.umap" TEMPLATE=0 SHOWPROGRESS=1 FEATURELEVEL=3
[2019.02.22-16.04.25:513][  0]LightingResults: New page: Lighting Build
[2019.02.22-16.04.25:609][  0]MapCheck: New page: Map Check
[2019.02.22-16.04.25:610][  0]LightingResults: New page: Lighting Build
[2019.02.22-16.04.28:974][  0]LogTexture: Display: Building textures: PriestFriendly (AutoDXT, 1856X2180)
[2019.02.22-16.04.28:974][  0]LogTexture: Display: Building textures: KnightFriendly (BGRA8, 2174X2187)
[2019.02.22-16.04.28:974][  0]LogTexture: Display: Building textures: MythicFriendly (AutoDXT, 2184X2400)
[2019.02.22-16.04.30:217][  0]LogAIModule: Creating AISystem for world Level1
[2019.02.22-16.04.30:399][  0]LogEditorServer: Finished looking for orphan Actors (0.000 secs)
[2019.02.22-16.04.30:544][  0]Cmd: MAP CHECKDEP NOCLEARLOG
[2019.02.22-16.04.30:642][  0]MapCheck: Map check complete: 0 Error(s), 0 Warning(s), took 98.637ms to complete.
[2019.02.22-16.04.30:642][  0]LogFileHelpers: Loading map 'Level1' took 5.164
[2019.02.22-16.04.31:334][  0]LogSlate: Updating window title bar state: overlay mode, drag disabled, window buttons hidden, title bar hidden
[2019.02.22-16.04.31:371][  0]LogSlate: Updating window title bar state: overlay mode, drag disabled, window buttons hidden, title bar hidden
[2019.02.22-16.04.31:384][  0]LogSlate: Updating window title bar state: overlay mode, drag disabled, window buttons hidden, title bar hidden
[2019.02.22-16.04.31:395][  0]LogSlate: Updating window title bar state: overlay mode, drag disabled, window buttons hidden, title bar hidden
[2019.02.22-16.04.31:537][  0]LogCollectionManager: Loaded 0 collections in 0.007044 seconds
[2019.02.22-16.04.31:668][  0]LogFileCache: Scanning file cache for directory 'D:/Shitty UE4 Games I Make/Castleforce/castleforce/Castleforce/Saved/Collections/' took 0.01s
[2019.02.22-16.04.31:669][  0]LogFileCache: Scanning file cache for directory 'D:/Shitty UE4 Games I Make/Castleforce/castleforce/Castleforce/Content/Developers/rh27u/Collections/' took 0.01s
[2019.02.22-16.04.31:669][  0]LogFileCache: Scanning file cache for directory 'D:/Shitty UE4 Games I Make/Castleforce/castleforce/Castleforce/Content/Collections/' took 0.01s
[2019.02.22-16.04.31:669][  0]LogCollectionManager: Rebuilt the GUID cache for 0 collections in 0.000001 seconds
[2019.02.22-16.04.31:692][  0]LogContentBrowser: Native class hierarchy populated in 0.0214 seconds. Added 2585 classes and 610 folders.
[2019.02.22-16.04.31:762][  0]LogContentBrowser: Native class hierarchy updated for 'WidgetCarousel' in 0.0011 seconds. Added 0 classes and 0 folders.
[2019.02.22-16.04.33:096][  0]LogContentBrowser: Native class hierarchy updated for 'AddContentDialog' in 0.0018 seconds. Added 0 classes and 0 folders.
[2019.02.22-16.04.33:176][  0]LogSlate: Took 0.015814 seconds to synchronously load lazily loaded font '../../../Engine/Content/Slate/Fonts/Roboto-Regular.ttf' (155K)
[2019.02.22-16.04.33:224][  0]LogSlate: Took 0.017640 seconds to synchronously load lazily loaded font '../../../Engine/Content/Slate/Fonts/Roboto-Bold.ttf' (160K)
[2019.02.22-16.04.33:249][  0]LogSlate: Took 0.020237 seconds to synchronously load lazily loaded font '../../../Engine/Content/Editor/Slate/Fonts/FontAwesome.ttf' (139K)
[2019.02.22-16.04.33:583][  0]LogRenderer: Reallocating scene render targets to support 1200x576 Format 10 NumSamples 1 (Frame:1).
[2019.02.22-16.04.34:041][  0]LogContentBrowser: Native class hierarchy updated for 'HierarchicalLODOutliner' in 0.0012 seconds. Added 0 classes and 0 folders.
[2019.02.22-16.04.34:041][  0]LogLoad: (Engine Initialization) Total time: 75.29 seconds
[2019.02.22-16.04.34:041][  0]LogLoad: (Engine Initialization) Total Blueprint compile time: 0.00 seconds
[2019.02.22-16.04.34:124][  0]LogContentStreaming: Texture pool size now 1000 MB
[2019.02.22-16.04.34:263][  0]LogSlate: Took 0.013405 seconds to synchronously load lazily loaded font '../../../Engine/Content/Slate/Fonts/Roboto-Light.ttf' (167K)
[2019.02.22-16.04.34:298][  1]LogFileCache: Retrieving MD5 hashes for directory 'D:/Shitty UE4 Games I Make/Castleforce/castleforce/Castleforce/Content/' took 0.22s
[2019.02.22-16.04.34:391][  2]LogAssetRegistry: Asset discovery search completed in 50.1215 seconds
[2019.02.22-16.04.34:394][  2]LogCollectionManager: Rebuilt the object cache for 0 collections in 0.000001 seconds (found 0 objects)
[2019.02.22-16.04.34:394][  2]LogCollectionManager: Fixed up redirectors for 0 collections in 0.000087 seconds (updated 0 objects)
[2019.02.22-16.04.39:338][582]LogSlate: FSceneViewport::OnFocusLost() reason 0
[2019.02.22-16.04.45:357][270]LogTemp: Repeating last play command: Selected Viewport
[2019.02.22-16.04.45:386][270]LogBlueprintUserMessages: Early PlayInEditor Detection: Level '/Game/Levels/Level1.Level1:PersistentLevel' has LevelScriptBlueprint '/Game/Levels/Level1.Level1:PersistentLevel.Level1' with GeneratedClass '/Game/Levels/Level1.Level1_C' with ClassGeneratedBy '/Game/Levels/Level1.Level1:PersistentLevel.Level1'
[2019.02.22-16.04.45:386][270]LogPlayLevel: PlayLevel: No blueprints needed recompiling
[2019.02.22-16.04.45:401][270]PIE: New page: PIE session: Level1 (22 Feb 2019 16:04:45)
[2019.02.22-16.04.45:401][270]LogPlayLevel: Creating play world package: /Game/Levels/UEDPIE_0_Level1
[2019.02.22-16.04.45:446][270]LogPlayLevel: PIE: StaticDuplicateObject took: (0.045604s)
[2019.02.22-16.04.45:447][270]LogAIModule: Creating AISystem for world Level1
[2019.02.22-16.04.45:448][270]LogPlayLevel: PIE: World Init took: (0.001152s)
[2019.02.22-16.04.45:448][270]LogPlayLevel: PIE: Created PIE world by copying editor world from /Game/Levels/Level1.Level1 to /Game/Levels/UEDPIE_0_Level1.Level1 (0.047081s)
[2019.02.22-16.04.45:631][270]LogInit: XAudio2 using 'Headset Earphone (HyperX 7.1 Audio)' : 2 channels at 48 kHz using 16 bits per sample (channel mask 0x3)
[2019.02.22-16.04.45:645][270]LogInit: FAudioDevice initialized.
[2019.02.22-16.04.45:909][270]LogLoad: Game class is 'MyCastleforceGameMode_C'
[2019.02.22-16.04.45:934][270]LogWorld: Bringing World /Game/Levels/UEDPIE_0_Level1.Level1 up for play (max tick rate 0) at 2019.02.22-16.04.45
[2019.02.22-16.04.45:934][270]LogWorld: Bringing up level for play took: 0.001140
[2019.02.22-16.04.46:014][270]LogContentBrowser: Native class hierarchy updated for 'MovieSceneCapture' in 0.0011 seconds. Added 10 classes and 0 folders.
[2019.02.22-16.04.46:961][270]PIE: Play in editor start time for /Game/Levels/UEDPIE_0_Level1 1.58
[2019.02.22-16.04.46:961][270]LogBlueprintUserMessages: Late PlayInEditor Detection: Level '/Game/Levels/Level1.Level1:PersistentLevel' has LevelScriptBlueprint '/Game/Levels/Level1.Level1:PersistentLevel.Level1' with GeneratedClass '/Game/Levels/Level1.Level1_C' with ClassGeneratedBy '/Game/Levels/Level1.Level1:PersistentLevel.Level1'
[2019.02.22-16.04.47:679][271]LogActor: Warning: CastleforcePriest_C /Engine/Transient.World_1:PersistentLevel.CastleforcePriest_C_0 has natively added scene component(s), but none of them were set as the actor's RootComponent - picking one arbitrarily
[2019.02.22-16.04.47:849][272]LogActor: Warning: CastleforceKnight_C /Engine/Transient.World_2:PersistentLevel.CastleforceKnight_C_0 has natively added scene component(s), but none of them were set as the actor's RootComponent - picking one arbitrarily
[2019.02.22-16.04.48:022][273]LogActor: Warning: CastleforceMythic_C /Engine/Transient.World_3:PersistentLevel.CastleforceMythic_C_0 has natively added scene component(s), but none of them were set as the actor's RootComponent - picking one arbitrarily
[2019.02.22-16.05.06:090][511]LogSlate: FSceneViewport::OnFocusLost() reason 0
[2019.02.22-16.05.06:250][512]LogBlueprintUserMessages: Early EndPlayMap Detection: Level '/Game/Levels/Level1.Level1:PersistentLevel' has LevelScriptBlueprint '/Game/Levels/Level1.Level1:PersistentLevel.Level1' with GeneratedClass '/Game/Levels/Level1.Level1_C' with ClassGeneratedBy '/Game/Levels/Level1.Level1:PersistentLevel.Level1'
[2019.02.22-16.05.06:251][512]LogSlate: Updating window title bar state: overlay mode, drag disabled, window buttons hidden, title bar hidden
[2019.02.22-16.05.06:384][512]LogPlayLevel: Display: Shutting down PIE online subsystems
[2019.02.22-16.05.06:385][512]LogBlueprintUserMessages: Late EndPlayMap Detection: Level '/Game/Levels/Level1.Level1:PersistentLevel' has LevelScriptBlueprint '/Game/Levels/Level1.Level1:PersistentLevel.Level1' with GeneratedClass '/Game/Levels/Level1.Level1_C' with ClassGeneratedBy '/Game/Levels/Level1.Level1:PersistentLevel.Level1'
[2019.02.22-16.05.06:529][512]LogSlate: Updating window title bar state: overlay mode, drag disabled, window buttons hidden, title bar hidden
[2019.02.22-16.05.06:602][513]LogPlayLevel: Display: Destroying online subsystem :Context_2
[2019.02.22-16.05.07:269][585]LogTemp: Repeating last play command: Selected Viewport
[2019.02.22-16.05.07:298][585]LogBlueprintUserMessages: Early PlayInEditor Detection: Level '/Game/Levels/Level1.Level1:PersistentLevel' has LevelScriptBlueprint '/Game/Levels/Level1.Level1:PersistentLevel.Level1' with GeneratedClass '/Game/Levels/Level1.Level1_C' with ClassGeneratedBy '/Game/Levels/Level1.Level1:PersistentLevel.Level1'
[2019.02.22-16.05.07:298][585]LogPlayLevel: PlayLevel: No blueprints needed recompiling
[2019.02.22-16.05.07:298][585]PIE: New page: PIE session: Level1 (22 Feb 2019 16:05:07)
[2019.02.22-16.05.07:298][585]LogPlayLevel: Creating play world package: /Game/Levels/UEDPIE_0_Level1
[2019.02.22-16.05.07:312][585]LogPlayLevel: PIE: StaticDuplicateObject took: (0.013706s)
[2019.02.22-16.05.07:313][585]LogAIModule: Creating AISystem for world Level1
[2019.02.22-16.05.07:313][585]LogPlayLevel: PIE: World Init took: (0.000918s)
[2019.02.22-16.05.07:313][585]LogPlayLevel: PIE: Created PIE world by copying editor world from /Game/Levels/Level1.Level1 to /Game/Levels/UEDPIE_0_Level1.Level1 (0.014879s)
[2019.02.22-16.05.07:467][585]LogInit: XAudio2 using 'Headset Earphone (HyperX 7.1 Audio)' : 2 channels at 48 kHz using 16 bits per sample (channel mask 0x3)
[2019.02.22-16.05.07:480][585]LogInit: FAudioDevice initialized.
[2019.02.22-16.05.07:515][585]LogLoad: Game class is 'MyCastleforceGameMode_C'
[2019.02.22-16.05.07:517][585]LogWorld: Bringing World /Game/Levels/UEDPIE_0_Level1.Level1 up for play (max tick rate 0) at 2019.02.22-16.05.07
[2019.02.22-16.05.07:517][585]LogWorld: Bringing up level for play took: 0.000808
[2019.02.22-16.05.08:300][585]PIE: Play in editor start time for /Game/Levels/UEDPIE_0_Level1 0.919
[2019.02.22-16.05.08:300][585]LogBlueprintUserMessages: Late PlayInEditor Detection: Level '/Game/Levels/Level1.Level1:PersistentLevel' has LevelScriptBlueprint '/Game/Levels/Level1.Level1:PersistentLevel.Level1' with GeneratedClass '/Game/Levels/Level1.Level1_C' with ClassGeneratedBy '/Game/Levels/Level1.Level1:PersistentLevel.Level1'
[2019.02.22-16.05.12:638][640]LogSlate: FSceneViewport::OnFocusLost() reason 0
[2019.02.22-16.05.16:293][659]LogStats: FPlatformStackWalk::StackWalkAndDump -  2.271 s
[2019.02.22-16.05.16:293][659]LogOutputDevice: Error: === Handled ensure: ===
[2019.02.22-16.05.16:293][659]LogOutputDevice: Error: 
[2019.02.22-16.05.16:293][659]LogOutputDevice: Error: Ensure condition failed: !RotationQuat.ContainsNaN() [File:D:\Build\++UE4\Sync\Engine\Source\Runtime\Core\Private\Math\UnrealMath.cpp] [Line: 448]
[2019.02.22-16.05.16:293][659]LogOutputDevice: Error: Invalid input to FRotator::Quaternion - generated NaN output: X=nan Y=nan Z=nan W=-nan(ind)
[2019.02.22-16.05.16:294][659]LogOutputDevice: Error: Stack: 
[2019.02.22-16.05.16:294][659]LogOutputDevice: Error: [Callstack] 0x00007ffaa9c871f6 UE4Editor-Core.dll!UnknownFunction []
[2019.02.22-16.05.16:294][659]LogOutputDevice: Error: [Callstack] 0x00007ffaa99c0c92 UE4Editor-Core.dll!UnknownFunction []
[2019.02.22-16.05.16:294][659]LogOutputDevice: Error: [Callstack] 0x00007ffaa99db356 UE4Editor-Core.dll!UnknownFunction []
[2019.02.22-16.05.16:294][659]LogOutputDevice: Error: [Callstack] 0x00007ffaa99e036c UE4Editor-Core.dll!UnknownFunction []
[2019.02.22-16.05.16:294][659]LogOutputDevice: Error: [Callstack] 0x00007ffaa6fffc6c UE4Editor-Engine.dll!UnknownFunction []
[2019.02.22-16.05.16:294][659]LogOutputDevice: Error: [Callstack] 0x00007ffa8681da7f UE4Editor-Castleforce.dll!ACastleforceHexPawn::BuildUnit() [d:\shitty ue4 games i make\castleforce\castleforce\castleforce\source\castleforce\castleforcehexpawn.cpp:149]
[2019.02.22-16.05.16:294][659]LogOutputDevice: Error: [Callstack] 0x00007ffa8681db80 UE4Editor-Castleforce.dll!ACastleforceHexPawn::Click() [d:\shitty ue4 games i make\castleforce\castleforce\castleforce\source\castleforce\castleforcehexpawn.cpp:64]
[2019.02.22-16.05.16:294][659]LogOutputDevice: Error: [Callstack] 0x00007ffaa7962469 UE4Editor-Engine.dll!UnknownFunction []
[2019.02.22-16.05.16:294][659]LogOutputDevice: Error: [Callstack] 0x00007ffaa7993f52 UE4Editor-Engine.dll!UnknownFunction []
[2019.02.22-16.05.16:294][659]LogOutputDevice: Error: [Callstack] 0x00007ffaa746017c UE4Editor-Engine.dll!UnknownFunction []
[2019.02.22-16.05.16:294][659]LogOutputDevice: Error: [Callstack] 0x00007ffaa7474608 UE4Editor-Engine.dll!UnknownFunction []
[2019.02.22-16.05.16:294][659]LogOutputDevice: Error: [Callstack] 0x00007ffaa745dbcb UE4Editor-Engine.dll!UnknownFunction []
[2019.02.22-16.05.16:294][659]LogOutputDevice: Error: [Callstack] 0x00007ffaa74734c3 UE4Editor-Engine.dll!UnknownFunction []
[2019.02.22-16.05.16:294][659]LogOutputDevice: Error: [Callstack] 0x00007ffaa6695630 UE4Editor-Engine.dll!UnknownFunction []
[2019.02.22-16.05.16:294][659]LogOutputDevice: Error: [Callstack] 0x00007ffaa78916bd UE4Editor-Engine.dll!UnknownFunction []
[2019.02.22-16.05.16:294][659]LogOutputDevice: Error: [Callstack] 0x00007ffaa9841f92 UE4Editor-Core.dll!UnknownFunction []
[2019.02.22-16.05.16:294][659]LogOutputDevice: Error: [Callstack] 0x00007ffaa9842456 UE4Editor-Core.dll!UnknownFunction []
[2019.02.22-16.05.16:294][659]LogOutputDevice: Error: [Callstack] 0x00007ffaa9856d25 UE4Editor-Core.dll!UnknownFunction []
[2019.02.22-16.05.16:294][659]LogOutputDevice: Error: [Callstack] 0x00007ffaa78e5b04 UE4Editor-Engine.dll!UnknownFunction []
[2019.02.22-16.05.16:294][659]LogOutputDevice: Error: [Callstack] 0x00007ffaa78f4d92 UE4Editor-Engine.dll!UnknownFunction []
[2019.02.22-16.05.16:294][659]LogOutputDevice: Error: [Callstack] 0x00007ffaa6ff87e4 UE4Editor-Engine.dll!UnknownFunction []
[2019.02.22-16.05.16:294][659]LogOutputDevice: Error: [Callstack] 0x00007ffaa7004003 UE4Editor-Engine.dll!UnknownFunction []
[2019.02.22-16.05.16:294][659]LogOutputDevice: Error: [Callstack] 0x00007ffaa07a7335 UE4Editor-UnrealEd.dll!UnknownFunction []
[2019.02.22-16.05.16:294][659]LogOutputDevice: Error: [Callstack] 0x00007ffaa109f666 UE4Editor-UnrealEd.dll!UnknownFunction []
[2019.02.22-16.05.16:294][659]LogOutputDevice: Error: [Callstack] 0x00007ff6c38f5cbd UE4Editor.exe!UnknownFunction []
[2019.02.22-16.05.16:294][659]LogOutputDevice: Error: [Callstack] 0x00007ff6c3905b3c UE4Editor.exe!UnknownFunction []
[2019.02.22-16.05.16:294][659]LogOutputDevice: Error: [Callstack] 0x00007ff6c3905bba UE4Editor.exe!UnknownFunction []
[2019.02.22-16.05.16:294][659]LogOutputDevice: Error: [Callstack] 0x00007ff6c3913dac UE4Editor.exe!UnknownFunction []
[2019.02.22-16.05.16:294][659]LogOutputDevice: Error: [Callstack] 0x00007ff6c3915aaa UE4Editor.exe!UnknownFunction []
[2019.02.22-16.05.16:294][659]LogOutputDevice: Error: [Callstack] 0x00007ffae6723dc4 KERNEL32.DLL!UnknownFunction []
[2019.02.22-16.05.16:294][659]LogOutputDevice: Error: [Callstack] 0x00007ffae7513691 ntdll.dll!UnknownFunction []
[2019.02.22-16.05.16:294][659]LogOutputDevice: Error: 
[2019.02.22-16.05.16:299][659]LogStats:                SubmitErrorReport -  0.000 s
[2019.02.22-16.05.18:129][659]LogStats:                    SendNewReport -  1.829 s
[2019.02.22-16.05.18:129][659]LogStats:             FDebug::EnsureFailed -  4.106 s
[2019.02.22-16.05.18:129][659]LogSpawn: Warning: SpawnActor failed because the given transform (-3837278401069056.000000,0.000000,-0.000188|-90.000000,0.000000,-0.000000|1.000000,1.000000,1.000000) is invalid
[2019.02.22-16.05.20:137][686]LogSlate: FSceneViewport::OnFocusLost() reason 0
[2019.02.22-16.05.20:292][687]LogBlueprintUserMessages: Early EndPlayMap Detection: Level '/Game/Levels/Level1.Level1:PersistentLevel' has LevelScriptBlueprint '/Game/Levels/Level1.Level1:PersistentLevel.Level1' with GeneratedClass '/Game/Levels/Level1.Level1_C' with ClassGeneratedBy '/Game/Levels/Level1.Level1:PersistentLevel.Level1'
[2019.02.22-16.05.20:293][687]LogSlate: Updating window title bar state: overlay mode, drag disabled, window buttons hidden, title bar hidden
[2019.02.22-16.05.20:439][687]LogPlayLevel: Display: Shutting down PIE online subsystems
[2019.02.22-16.05.20:439][687]LogBlueprintUserMessages: Late EndPlayMap Detection: Level '/Game/Levels/Level1.Level1:PersistentLevel' has LevelScriptBlueprint '/Game/Levels/Level1.Level1:PersistentLevel.Level1' with GeneratedClass '/Game/Levels/Level1.Level1_C' with ClassGeneratedBy '/Game/Levels/Level1.Level1:PersistentLevel.Level1'
[2019.02.22-16.05.20:572][687]LogSlate: Updating window title bar state: overlay mode, drag disabled, window buttons hidden, title bar hidden
[2019.02.22-16.05.20:613][688]LogPlayLevel: Display: Destroying online subsystem :Context_6
[2019.02.22-16.05.21:174][749]LogTemp: Repeating last play command: Selected Viewport
[2019.02.22-16.05.21:204][749]LogBlueprintUserMessages: Early PlayInEditor Detection: Level '/Game/Levels/Level1.Level1:PersistentLevel' has LevelScriptBlueprint '/Game/Levels/Level1.Level1:PersistentLevel.Level1' with GeneratedClass '/Game/Levels/Level1.Level1_C' with ClassGeneratedBy '/Game/Levels/Level1.Level1:PersistentLevel.Level1'
[2019.02.22-16.05.21:205][749]LogPlayLevel: PlayLevel: No blueprints needed recompiling
[2019.02.22-16.05.21:205][749]PIE: New page: PIE session: Level1 (22 Feb 2019 16:05:21)
[2019.02.22-16.05.21:205][749]LogPlayLevel: Creating play world package: /Game/Levels/UEDPIE_0_Level1
[2019.02.22-16.05.21:221][749]LogPlayLevel: PIE: StaticDuplicateObject took: (0.015940s)
[2019.02.22-16.05.21:222][749]LogAIModule: Creating AISystem for world Level1
[2019.02.22-16.05.21:222][749]LogPlayLevel: PIE: World Init took: (0.001280s)
[2019.02.22-16.05.21:222][749]LogPlayLevel: PIE: Created PIE world by copying editor world from /Game/Levels/Level1.Level1 to /Game/Levels/UEDPIE_0_Level1.Level1 (0.017447s)
[2019.02.22-16.05.21:387][749]LogInit: XAudio2 using 'Headset Earphone (HyperX 7.1 Audio)' : 2 channels at 48 kHz using 16 bits per sample (channel mask 0x3)
[2019.02.22-16.05.21:402][749]LogInit: FAudioDevice initialized.
[2019.02.22-16.05.21:438][749]LogLoad: Game class is 'MyCastleforceGameMode_C'
[2019.02.22-16.05.21:440][749]LogWorld: Bringing World /Game/Levels/UEDPIE_0_Level1.Level1 up for play (max tick rate 0) at 2019.02.22-16.05.21
[2019.02.22-16.05.21:440][749]LogWorld: Bringing up level for play took: 0.000732
[2019.02.22-16.05.22:257][749]PIE: Play in editor start time for /Game/Levels/UEDPIE_0_Level1 0.876
[2019.02.22-16.05.22:258][749]LogBlueprintUserMessages: Late PlayInEditor Detection: Level '/Game/Levels/Level1.Level1:PersistentLevel' has LevelScriptBlueprint '/Game/Levels/Level1.Level1:PersistentLevel.Level1' with GeneratedClass '/Game/Levels/Level1.Level1_C' with ClassGeneratedBy '/Game/Levels/Level1.Level1:PersistentLevel.Level1'
[2019.02.22-16.05.25:449][788]LogSpawn: Warning: SpawnActor failed because the given transform (-2447268070293504.000000,0.000000,-0.000188|-90.000000,0.000000,-0.000000|1.000000,1.000000,1.000000) is invalid
[2019.02.22-16.05.26:180][798]LogSpawn: Warning: SpawnActor failed because the given transform (-2447238005522432.000000,0.000000,-0.000188|-90.000000,0.000000,-0.000000|1.000000,1.000000,1.000000) is invalid
[2019.02.22-16.05.27:360][814]LogSpawn: Warning: SpawnActor failed because the given transform (-2447392624345088.000000,0.000000,-0.000188|-90.000000,0.000000,-0.000000|1.000000,1.000000,1.000000) is invalid
[2019.02.22-16.05.28:169][825]LogSlate: FSceneViewport::OnFocusLost() reason 0
[2019.02.22-16.05.30:618][854]LogSpawn: Warning: SpawnActor failed because the given transform (-3837600523616256.000000,0.000000,-0.000188|-90.000000,0.000000,-0.000000|1.000000,1.000000,1.000000) is invalid
[2019.02.22-16.05.31:353][864]LogActor: Warning: CastleforceKnight_C /Game/Levels/UEDPIE_0_Level1.Level1:PersistentLevel.CastleforceKnight_C_0 has natively added scene component(s), but none of them were set as the actor's RootComponent - picking one arbitrarily
[2019.02.22-16.06.02:613][274]LogSlate: FSceneViewport::OnFocusLost() reason 0
[2019.02.22-16.06.03:529][286]LogActor: Warning: CastleforceMythic_C /Game/Levels/UEDPIE_0_Level1.Level1:PersistentLevel.CastleforceMythic_C_0 has natively added scene component(s), but none of them were set as the actor's RootComponent - picking one arbitrarily
[2019.02.22-16.06.05:428][311]LogActor: Warning: CastleforceMythic_C /Game/Levels/UEDPIE_0_Level1.Level1:PersistentLevel.CastleforceMythic_C_1 has natively added scene component(s), but none of them were set as the actor's RootComponent - picking one arbitrarily
[2019.02.22-16.06.06:957][331]LogSlate: FSceneViewport::OnFocusLost() reason 0
[2019.02.22-16.06.08:113][346]LogActor: Warning: CastleforcePriest_C /Game/Levels/UEDPIE_0_Level1.Level1:PersistentLevel.CastleforcePriest_C_0 has natively added scene component(s), but none of them were set as the actor's RootComponent - picking one arbitrarily
[2019.02.22-16.06.42:187][793]LogSlate: FSceneViewport::OnFocusLost() reason 0
[2019.02.22-16.08.42:123][289]LogBlueprintUserMessages: Early EndPlayMap Detection: Level '/Game/Levels/Level1.Level1:PersistentLevel' has LevelScriptBlueprint '/Game/Levels/Level1.Level1:PersistentLevel.Level1' with GeneratedClass '/Game/Levels/Level1.Level1_C' with ClassGeneratedBy '/Game/Levels/Level1.Level1:PersistentLevel.Level1'
[2019.02.22-16.08.42:124][289]LogSlate: Updating window title bar state: overlay mode, drag disabled, window buttons hidden, title bar hidden
[2019.02.22-16.08.42:262][289]LogPlayLevel: Display: Shutting down PIE online subsystems
[2019.02.22-16.08.42:262][289]LogBlueprintUserMessages: Late EndPlayMap Detection: Level '/Game/Levels/Level1.Level1:PersistentLevel' has LevelScriptBlueprint '/Game/Levels/Level1.Level1:PersistentLevel.Level1' with GeneratedClass '/Game/Levels/Level1.Level1_C' with ClassGeneratedBy '/Game/Levels/Level1.Level1:PersistentLevel.Level1'
[2019.02.22-16.08.42:385][289]LogSlate: Updating window title bar state: overlay mode, drag disabled, window buttons hidden, title bar hidden
[2019.02.22-16.08.42:421][290]LogPlayLevel: Display: Destroying online subsystem :Context_7
[2019.02.22-16.08.45:448][570]LogRenderer: Reallocating scene render targets to support 1200x600 Format 10 NumSamples 1 (Frame:19).
[2019.02.22-16.23.58:158][817]LogTemp: Repeating last play command: Selected Viewport
[2019.02.22-16.23.58:208][817]LogBlueprintUserMessages: Early PlayInEditor Detection: Level '/Game/Levels/Level1.Level1:PersistentLevel' has LevelScriptBlueprint '/Game/Levels/Level1.Level1:PersistentLevel.Level1' with GeneratedClass '/Game/Levels/Level1.Level1_C' with ClassGeneratedBy '/Game/Levels/Level1.Level1:PersistentLevel.Level1'
[2019.02.22-16.23.58:208][817]LogPlayLevel: PlayLevel: No blueprints needed recompiling
[2019.02.22-16.23.58:208][817]PIE: New page: PIE session: Level1 (22 Feb 2019 16:23:58)
[2019.02.22-16.23.58:208][817]LogPlayLevel: Creating play world package: /Game/Levels/UEDPIE_0_Level1
[2019.02.22-16.23.58:224][817]LogPlayLevel: PIE: StaticDuplicateObject took: (0.015572s)
[2019.02.22-16.23.58:225][817]LogAIModule: Creating AISystem for world Level1
[2019.02.22-16.23.58:225][817]LogPlayLevel: PIE: World Init took: (0.000990s)
[2019.02.22-16.23.58:225][817]LogPlayLevel: PIE: Created PIE world by copying editor world from /Game/Levels/Level1.Level1 to /Game/Levels/UEDPIE_0_Level1.Level1 (0.016791s)
[2019.02.22-16.23.58:395][817]LogInit: XAudio2 using 'Headset Earphone (HyperX 7.1 Audio)' : 2 channels at 48 kHz using 16 bits per sample (channel mask 0x3)
[2019.02.22-16.23.58:413][817]LogInit: FAudioDevice initialized.
[2019.02.22-16.23.58:448][817]LogLoad: Game class is 'MyCastleforceGameMode_C'
[2019.02.22-16.23.58:450][817]LogWorld: Bringing World /Game/Levels/UEDPIE_0_Level1.Level1 up for play (max tick rate 0) at 2019.02.22-16.23.58
[2019.02.22-16.23.58:450][817]LogWorld: Bringing up level for play took: 0.000711
[2019.02.22-16.23.59:259][817]PIE: Play in editor start time for /Game/Levels/UEDPIE_0_Level1 1.879
[2019.02.22-16.23.59:260][817]LogBlueprintUserMessages: Late PlayInEditor Detection: Level '/Game/Levels/Level1.Level1:PersistentLevel' has LevelScriptBlueprint '/Game/Levels/Level1.Level1:PersistentLevel.Level1' with GeneratedClass '/Game/Levels/Level1.Level1_C' with ClassGeneratedBy '/Game/Levels/Level1.Level1:PersistentLevel.Level1'
[2019.02.22-16.24.08:418][925]LogBlueprintUserMessages: Early EndPlayMap Detection: Level '/Game/Levels/Level1.Level1:PersistentLevel' has LevelScriptBlueprint '/Game/Levels/Level1.Level1:PersistentLevel.Level1' with GeneratedClass '/Game/Levels/Level1.Level1_C' with ClassGeneratedBy '/Game/Levels/Level1.Level1:PersistentLevel.Level1'
[2019.02.22-16.24.08:418][925]LogSlate: Updating window title bar state: overlay mode, drag disabled, window buttons hidden, title bar hidden
[2019.02.22-16.24.08:554][925]LogPlayLevel: Display: Shutting down PIE online subsystems
[2019.02.22-16.24.08:554][925]LogBlueprintUserMessages: Late EndPlayMap Detection: Level '/Game/Levels/Level1.Level1:PersistentLevel' has LevelScriptBlueprint '/Game/Levels/Level1.Level1:PersistentLevel.Level1' with GeneratedClass '/Game/Levels/Level1.Level1_C' with ClassGeneratedBy '/Game/Levels/Level1.Level1:PersistentLevel.Level1'
[2019.02.22-16.24.08:689][925]LogSlate: Updating window title bar state: overlay mode, drag disabled, window buttons hidden, title bar hidden
[2019.02.22-16.24.08:741][926]LogPlayLevel: Display: Destroying online subsystem :Context_8
[2019.02.22-16.24.15:158][670]LogTemp: Repeating last play command: Selected Viewport
[2019.02.22-16.24.15:191][670]LogBlueprintUserMessages: Early PlayInEditor Detection: Level '/Game/Levels/Level1.Level1:PersistentLevel' has LevelScriptBlueprint '/Game/Levels/Level1.Level1:PersistentLevel.Level1' with GeneratedClass '/Game/Levels/Level1.Level1_C' with ClassGeneratedBy '/Game/Levels/Level1.Level1:PersistentLevel.Level1'
[2019.02.22-16.24.15:191][670]LogPlayLevel: PlayLevel: No blueprints needed recompiling
[2019.02.22-16.24.15:191][670]PIE: New page: PIE session: Level1 (22 Feb 2019 16:24:15)
[2019.02.22-16.24.15:191][670]LogPlayLevel: Creating play world package: /Game/Levels/UEDPIE_0_Level1
[2019.02.22-16.24.15:209][670]LogPlayLevel: PIE: StaticDuplicateObject took: (0.017868s)
[2019.02.22-16.24.15:210][670]LogAIModule: Creating AISystem for world Level1
[2019.02.22-16.24.15:210][670]LogPlayLevel: PIE: World Init took: (0.001012s)
[2019.02.22-16.24.15:210][670]LogPlayLevel: PIE: Created PIE world by copying editor world from /Game/Levels/Level1.Level1 to /Game/Levels/UEDPIE_0_Level1.Level1 (0.019113s)
[2019.02.22-16.24.15:378][670]LogInit: XAudio2 using 'Headset Earphone (HyperX 7.1 Audio)' : 2 channels at 48 kHz using 16 bits per sample (channel mask 0x3)
[2019.02.22-16.24.15:392][670]LogInit: FAudioDevice initialized.
[2019.02.22-16.24.15:425][670]LogLoad: Game class is 'MyCastleforceGameMode_C'
[2019.02.22-16.24.15:427][670]LogWorld: Bringing World /Game/Levels/UEDPIE_0_Level1.Level1 up for play (max tick rate 0) at 2019.02.22-16.24.15
[2019.02.22-16.24.15:427][670]LogWorld: Bringing up level for play took: 0.000797
[2019.02.22-16.24.15:635][670]PIE: Play in editor start time for /Game/Levels/UEDPIE_0_Level1 0.254
[2019.02.22-16.24.15:635][670]LogBlueprintUserMessages: Late PlayInEditor Detection: Level '/Game/Levels/Level1.Level1:PersistentLevel' has LevelScriptBlueprint '/Game/Levels/Level1.Level1:PersistentLevel.Level1' with GeneratedClass '/Game/Levels/Level1.Level1_C' with ClassGeneratedBy '/Game/Levels/Level1.Level1:PersistentLevel.Level1'
[2019.02.22-16.24.41:339][596]LogSlate: FSceneViewport::OnFocusLost() reason 0
[2019.02.22-16.24.41:400][597]LogBlueprintUserMessages: Early EndPlayMap Detection: Level '/Game/Levels/Level1.Level1:PersistentLevel' has LevelScriptBlueprint '/Game/Levels/Level1.Level1:PersistentLevel.Level1' with GeneratedClass '/Game/Levels/Level1.Level1_C' with ClassGeneratedBy '/Game/Levels/Level1.Level1:PersistentLevel.Level1'
[2019.02.22-16.24.41:400][597]LogSlate: Updating window title bar state: overlay mode, drag disabled, window buttons hidden, title bar hidden
[2019.02.22-16.24.41:467][597]LogPlayLevel: Display: Shutting down PIE online subsystems
[2019.02.22-16.24.41:468][597]LogBlueprintUserMessages: Late EndPlayMap Detection: Level '/Game/Levels/Level1.Level1:PersistentLevel' has LevelScriptBlueprint '/Game/Levels/Level1.Level1:PersistentLevel.Level1' with GeneratedClass '/Game/Levels/Level1.Level1_C' with ClassGeneratedBy '/Game/Levels/Level1.Level1:PersistentLevel.Level1'
[2019.02.22-16.24.41:582][597]LogSlate: Updating window title bar state: overlay mode, drag disabled, window buttons hidden, title bar hidden
[2019.02.22-16.24.41:628][598]LogPlayLevel: Display: Destroying online subsystem :Context_9
[2019.02.22-16.24.59:854][ 39]LogSlate: Took 0.000522 seconds to synchronously load lazily loaded font '../../../Engine/Content/Slate/Fonts/Roboto-Light.ttf' (167K)
[2019.02.22-16.25.09:324][ 66]LogSavePackage: Moving '../../../../../../Shitty UE4 Games I Make/Castleforce/castleforce/Castleforce/Saved/Level1_Auto10BA380614D8B6781F90060A41212B165.tmp' to '../../../../../../Shitty UE4 Games I Make/Castleforce/castleforce/Castleforce/Saved/Autosaves/Game/Levels/Level1_Auto1.umap'
[2019.02.22-16.25.09:339][ 66]LogFileHelpers: Editor autosave (incl. sublevels) for '/Game/Levels/Level1' took 0.436
[2019.02.22-16.25.09:339][ 66]LogFileHelpers: Editor autosave (incl. sublevels) for all levels took 0.436
[2019.02.22-16.25.28:859][124]Candidate modules for hot reload:
[2019.02.22-16.25.28:859][124]  SimplexNoise
[2019.02.22-16.25.28:860][124]  Castleforce
[2019.02.22-16.25.28:860][124]Launching UnrealBuildTool... [D:/Unreal/Engine/UE_4.20/Engine/Binaries/DotNET/UnrealBuildTool.exe  -ModuleWithSuffix=SimplexNoise,8489 -ModuleWithSuffix=Castleforce,1676 Win64 Development -TargetType=Editor -Project="../../../../../../Shitty UE4 Games I Make/Castleforce/castleforce/Castleforce/Castleforce.uproject" -canskiplink "D:/Shitty UE4 Games I Make/Castleforce/castleforce/Castleforce/Castleforce.uproject" ]
[2019.02.22-16.25.28:875][124]Warning: Starting HotReload took  0.4s.
[2019.02.22-16.30.27:185][935]CompilerResultsLog: New page: Compilation - 22 Feb 2019 16:30:27
[2019.02.22-16.30.27:192][935]CompilerResultsLog: Using 'git status' to determine working set for adaptive non-unity build.
[2019.02.22-16.30.27:192][935]CompilerResultsLog: Creating makefile for hot reloading CastleforceEditor (game project files are newer)
[2019.02.22-16.30.27:193][935]CompilerResultsLog: Compiling game modules for hot reload
[2019.02.22-16.30.27:193][935]CompilerResultsLog: Using Visual Studio 2017 14.16.27023 toolchain (C:\Program Files (x86)\Microsoft Visual Studio\2017\Community\VC\Tools\MSVC\14.16.27023) and Windows 10.0.16299.0 SDK (C:\Program Files (x86)\Windows Kits\10).
[2019.02.22-16.30.27:193][935]CompilerResultsLog: Building 5 actions with 8 processes...
[2019.02.22-16.30.27:193][935]CompilerResultsLog:   [1/5] UE4Editor-SimplexNoise-8489.lib
[2019.02.22-16.30.27:193][935]CompilerResultsLog:      Creating library D:\Shitty UE4 Games I Make\Castleforce\castleforce\Castleforce\Plugins\SimplexNoise-master\Intermediate\Build\Win64\UE4Editor\Development\SimplexNoise\UE4Editor-SimplexNoise-8489.lib and object D:\Shitty UE4 Games I Make\Castleforce\castleforce\Castleforce\Plugins\SimplexNoise-master\Intermediate\Build\Win64\UE4Editor\Development\SimplexNoise\UE4Editor-SimplexNoise-8489.exp
[2019.02.22-16.30.27:193][935]CompilerResultsLog:   [2/5] UE4Editor-SimplexNoise-8489.dll
[2019.02.22-16.30.27:193][935]CompilerResultsLog:      Creating library D:\Shitty UE4 Games I Make\Castleforce\castleforce\Castleforce\Plugins\SimplexNoise-master\Intermediate\Build\Win64\UE4Editor\Development\SimplexNoise\UE4Editor-SimplexNoise-8489.suppressed.lib and object D:\Shitty UE4 Games I Make\Castleforce\castleforce\Castleforce\Plugins\SimplexNoise-master\Intermediate\Build\Win64\UE4Editor\Development\SimplexNoise\UE4Editor-SimplexNoise-8489.suppressed.exp
[2019.02.22-16.30.27:193][935]CompilerResultsLog:   [3/5] CastleforceHexGrid.cpp
[2019.02.22-16.30.27:193][935]CompilerResultsLog:   [4/5] UE4Editor-Castleforce-1676.lib
[2019.02.22-16.30.27:193][935]CompilerResultsLog:      Creating library D:\Shitty UE4 Games I Make\Castleforce\castleforce\Castleforce\Intermediate\Build\Win64\UE4Editor\Development\Castleforce\UE4Editor-Castleforce-1676.lib and object D:\Shitty UE4 Games I Make\Castleforce\castleforce\Castleforce\Intermediate\Build\Win64\UE4Editor\Development\Castleforce\UE4Editor-Castleforce-1676.exp
[2019.02.22-16.30.27:193][935]CompilerResultsLog:   [5/5] UE4Editor-Castleforce-1676.dll
[2019.02.22-16.30.27:193][935]CompilerResultsLog:      Creating library D:\Shitty UE4 Games I Make\Castleforce\castleforce\Castleforce\Intermediate\Build\Win64\UE4Editor\Development\Castleforce\UE4Editor-Castleforce-1676.suppressed.lib and object D:\Shitty UE4 Games I Make\Castleforce\castleforce\Castleforce\Intermediate\Build\Win64\UE4Editor\Development\Castleforce\UE4Editor-Castleforce-1676.suppressed.exp
[2019.02.22-16.30.27:193][935]CompilerResultsLog: Total build time: 297.70 seconds (Parallel executor: 220.46 seconds)
[2019.02.22-16.30.27:204][935]LogMainFrame: MainFrame: Module compiling took 298.460 seconds
[2019.02.22-16.30.27:439][935]LogContentBrowser: Native class hierarchy updated for 'SimplexNoise' in 0.0011 seconds. Added 1 classes and 3 folders.
[2019.02.22-16.30.27:507][935]LogClass: BuildingType HotReload.
[2019.02.22-16.30.27:508][935]LogClass: UnitType HotReload.
[2019.02.22-16.30.27:508][935]LogClass: BuildMode HotReload.
[2019.02.22-16.30.27:508][935]LogClass: TileHeight HotReload.
[2019.02.22-16.30.27:518][935]LogContentBrowser: Native class hierarchy updated for 'Castleforce' in 0.0014 seconds. Added 11 classes and 2 folders.
[2019.02.22-16.30.27:522][935]Display: HotReload successful (16 functions remapped  0 scriptstructs remapped)
[2019.02.22-16.30.27:775][935]LogContentBrowser: Native class hierarchy populated in 0.0168 seconds. Added 2585 classes and 610 folders.
[2019.02.22-16.30.27:796][935]Display: HotReload took 299.3s.
[2019.02.22-16.39.38:791][519]LogSlate: Took 0.021549 seconds to synchronously load lazily loaded font '../../../Engine/Content/Slate/Fonts/DroidSansMono.ttf' (77K)
[2019.02.22-16.39.48:780][663]LogTemp: Repeating last play command: Selected Viewport
[2019.02.22-16.39.48:812][663]LogBlueprintUserMessages: Early PlayInEditor Detection: Level '/Game/Levels/Level1.Level1:PersistentLevel' has LevelScriptBlueprint '/Game/Levels/Level1.Level1:PersistentLevel.Level1' with GeneratedClass '/Game/Levels/Level1.Level1_C' with ClassGeneratedBy '/Game/Levels/Level1.Level1:PersistentLevel.Level1'
[2019.02.22-16.39.48:813][663]LogPlayLevel: PlayLevel: No blueprints needed recompiling
[2019.02.22-16.39.48:813][663]PIE: New page: PIE session: Level1 (22 Feb 2019 16:39:48)
[2019.02.22-16.39.48:813][663]LogPlayLevel: Creating play world package: /Game/Levels/UEDPIE_0_Level1
[2019.02.22-16.39.48:831][663]LogPlayLevel: PIE: StaticDuplicateObject took: (0.017832s)
[2019.02.22-16.39.48:832][663]LogAIModule: Creating AISystem for world Level1
[2019.02.22-16.39.48:833][663]LogPlayLevel: PIE: World Init took: (0.001062s)
[2019.02.22-16.39.48:833][663]LogPlayLevel: PIE: Created PIE world by copying editor world from /Game/Levels/Level1.Level1 to /Game/Levels/UEDPIE_0_Level1.Level1 (0.019452s)
[2019.02.22-16.39.48:997][663]LogInit: XAudio2 using 'Headset Earphone (HyperX 7.1 Audio)' : 2 channels at 48 kHz using 16 bits per sample (channel mask 0x3)
[2019.02.22-16.39.49:013][663]LogInit: FAudioDevice initialized.
[2019.02.22-16.39.49:051][663]LogLoad: Game class is 'MyCastleforceGameMode_C'
[2019.02.22-16.39.49:052][663]LogWorld: Bringing World /Game/Levels/UEDPIE_0_Level1.Level1 up for play (max tick rate 0) at 2019.02.22-16.39.49
[2019.02.22-16.39.49:053][663]LogWorld: Bringing up level for play took: 0.001165
[2019.02.22-16.39.49:273][663]PIE: Play in editor start time for /Game/Levels/UEDPIE_0_Level1 -0.107
[2019.02.22-16.39.49:274][663]LogBlueprintUserMessages: Late PlayInEditor Detection: Level '/Game/Levels/Level1.Level1:PersistentLevel' has LevelScriptBlueprint '/Game/Levels/Level1.Level1:PersistentLevel.Level1' with GeneratedClass '/Game/Levels/Level1.Level1_C' with ClassGeneratedBy '/Game/Levels/Level1.Level1:PersistentLevel.Level1'
[2019.02.22-16.40.56:181][154]LogSlate: FSceneViewport::OnFocusLost() reason 0
[2019.02.22-16.42.49:020][808]LogSlate: FSceneViewport::OnFocusLost() reason 0
[2019.02.22-16.42.49:094][811]LogBlueprintUserMessages: Early EndPlayMap Detection: Level '/Game/Levels/Level1.Level1:PersistentLevel' has LevelScriptBlueprint '/Game/Levels/Level1.Level1:PersistentLevel.Level1' with GeneratedClass '/Game/Levels/Level1.Level1_C' with ClassGeneratedBy '/Game/Levels/Level1.Level1:PersistentLevel.Level1'
[2019.02.22-16.42.49:095][811]LogSlate: Updating window title bar state: overlay mode, drag disabled, window buttons hidden, title bar hidden
[2019.02.22-16.42.49:162][811]LogPlayLevel: Display: Shutting down PIE online subsystems
[2019.02.22-16.42.49:162][811]LogBlueprintUserMessages: Late EndPlayMap Detection: Level '/Game/Levels/Level1.Level1:PersistentLevel' has LevelScriptBlueprint '/Game/Levels/Level1.Level1:PersistentLevel.Level1' with GeneratedClass '/Game/Levels/Level1.Level1_C' with ClassGeneratedBy '/Game/Levels/Level1.Level1:PersistentLevel.Level1'
[2019.02.22-16.42.49:274][811]LogSlate: Updating window title bar state: overlay mode, drag disabled, window buttons hidden, title bar hidden
[2019.02.22-16.42.49:300][812]LogPlayLevel: Display: Destroying online subsystem :Context_10
[2019.02.22-16.59.10:883][615]LogTexture: Display: Building textures: CastleEnemy (BGRA8, 1597X2281)
[2019.02.22-16.59.10:912][615]LogAssetEditorManager: Opening Asset editor for Texture2D /Game/Textures/MrBordello_is_a_babe/CastleEnemy.CastleEnemy
[2019.02.22-16.59.12:179][615]LogContentBrowser: Native class hierarchy updated for 'TextureEditor' in 0.0030 seconds. Added 1 classes and 2 folders.
[2019.02.22-17.04.56:682][422]LogSlate: Window 'Editor Preferences' being destroyed
[2019.02.22-17.04.56:688][422]LogSlate: Window 'Editor Preferences' being destroyed
[2019.02.22-17.05.57:537][ 80]LogSlate: FSceneViewport::OnFocusLost() reason 2
[2019.02.22-17.05.59:720][331]LogSlate: FSceneViewport::OnFocusLost() reason 2
[2019.02.22-17.06.01:210][503]LogSlate: FSceneViewport::OnFocusLost() reason 2
[2019.02.22-17.06.01:333][512]LogSlate: FSceneViewport::OnFocusLost() reason 2
[2019.02.22-17.06.01:389][513]LogSlate: FSceneViewport::OnFocusLost() reason 2
[2019.02.22-17.06.02:369][625]LogSlate: FSceneViewport::OnFocusLost() reason 2
[2019.02.22-17.06.03:749][785]LogSlate: FSceneViewport::OnFocusLost() reason 2
[2019.02.22-17.06.06:296][ 82]LogSlate: FSceneViewport::OnFocusLost() reason 2
[2019.02.22-17.08.07:299][560]LogSlate: Window 'CastleEnemy' being destroyed
[2019.02.22-17.08.07:303][560]LogSlate: Window 'CastleEnemy' being destroyed
[2019.02.22-17.08.36:087][708]LogSlate: Window 'Save Content' being destroyed
[2019.02.22-17.08.38:366][708]LogSavePackage: Moving '../../../../../../Shitty UE4 Games I Make/Castleforce/castleforce/Castleforce/Saved/Level1C233A96745D9D0ABAD365ABEF7BB187D.tmp' to '../../../../../../Shitty UE4 Games I Make/Castleforce/castleforce/Castleforce/Content/Levels/Level1.umap'
[2019.02.22-17.08.38:449][708]LogFileHelpers: Saving map 'Level1' took 2.283
[2019.02.22-17.08.38:638][708]LogSlate: Window 'Message Log' being destroyed
[2019.02.22-17.08.38:641][708]LogSlate: Window 'Castleforce - Unreal Editor' being destroyed
[2019.02.22-17.08.38:641][708]LogWindowsTextInputMethodSystem: Display: IME system now deactivated.
[2019.02.22-17.08.39:154][709]Cmd: QUIT_EDITOR
[2019.02.22-17.08.39:509][709]LogExit: Preparing to exit.
[2019.02.22-17.08.41:134][709]LogExit: Editor shut down
[2019.02.22-17.08.41:136][709]LogExit: Transaction tracking system shut down
[2019.02.22-17.08.42:829][709]LogExit: Object subsystem successfully closed.
[2019.02.22-17.08.43:014][709]LogShaderCompilers: Display: Shaders left to compile 0
[2019.02.22-17.08.43:042][709]LogD3D11RHI: Shutdown
[2019.02.22-17.08.43:042][709]LogD3D11RHI: CleanupD3DDevice
[2019.02.22-17.08.43:103][709]LogD3D11RHI: ~FD3D11DynamicRHI
[2019.02.22-17.08.44:038][709]LogModuleManager: Shutting down and abandoning module TextureEditor (622)
[2019.02.22-17.08.44:046][709]LogModuleManager: Shutting down and abandoning module Castleforce (620)
[2019.02.22-17.08.44:046][709]LogModuleManager: Shutting down and abandoning module SimplexNoise (619)
[2019.02.22-17.08.44:046][709]LogModuleManager: Shutting down and abandoning module MovieSceneCapture (618)
[2019.02.22-17.08.44:053][709]LogModuleManager: Shutting down and abandoning module Voice (616)
[2019.02.22-17.08.44:059][709]LogModuleManager: Shutting down and abandoning module HierarchicalLODOutliner (614)
[2019.02.22-17.08.44:059][709]LogModuleManager: Shutting down and abandoning module AddContentDialog (612)
[2019.02.22-17.08.44:078][709]LogModuleManager: Shutting down and abandoning module WidgetCarousel (611)
[2019.02.22-17.08.44:078][709]LogModuleManager: Shutting down and abandoning module EditorWidgets (608)
[2019.02.22-17.08.44:078][709]LogModuleManager: Shutting down and abandoning module CollectionManager (606)
[2019.02.22-17.08.44:102][709]LogModuleManager: Shutting down and abandoning module SceneOutliner (604)
[2019.02.22-17.08.44:102][709]LogModuleManager: Shutting down and abandoning module StatsViewer (602)
[2019.02.22-17.08.44:113][709]LogModuleManager: Shutting down and abandoning module FoliageEdit (600)
[2019.02.22-17.08.44:120][709]LogModuleManager: Shutting down and abandoning module LandscapeEditor (598)
[2019.02.22-17.08.44:154][709]LogModuleManager: Shutting down and abandoning module MeshPaintMode (596)
[2019.02.22-17.08.44:163][709]LogModuleManager: Shutting down and abandoning module SceneDepthPickerMode (594)
[2019.02.22-17.08.44:163][709]LogModuleManager: Shutting down and abandoning module ActorPickerMode (592)
[2019.02.22-17.08.44:163][709]LogModuleManager: Shutting down and abandoning module GeometryMode (590)
[2019.02.22-17.08.44:163][709]LogModuleManager: Shutting down and abandoning module TextureAlignMode (588)
[2019.02.22-17.08.44:163][709]LogModuleManager: Shutting down and abandoning module BspMode (586)
[2019.02.22-17.08.44:163][709]LogModuleManager: Shutting down and abandoning module PIEPreviewDeviceProfileSelector (584)
[2019.02.22-17.08.44:170][709]LogModuleManager: Shutting down and abandoning module SequenceRecorderSections (582)
[2019.02.22-17.08.44:177][709]LogModuleManager: Shutting down and abandoning module AutomationWorker (580)
[2019.02.22-17.08.44:177][709]LogModuleManager: Shutting down and abandoning module AudioCaptureEditor (578)
[2019.02.22-17.08.44:177][709]LogModuleManager: Shutting down and abandoning module SequenceRecorder (577)
[2019.02.22-17.08.44:181][709]LogModuleManager: Shutting down and abandoning module MatineeToLevelSequence (574)
[2019.02.22-17.08.44:197][709]LogModuleManager: Shutting down and abandoning module LevelSequenceEditor (572)
[2019.02.22-17.08.44:209][709]LogModuleManager: Shutting down and abandoning module PlacementMode (571)
[2019.02.22-17.08.44:209][709]LogModuleManager: Shutting down and abandoning module MaterialEditor (570)
[2019.02.22-17.08.44:241][709]LogModuleManager: Shutting down and abandoning module WmfMediaFactory (566)
[2019.02.22-17.08.44:249][709]LogModuleManager: Shutting down and abandoning module WmfMediaEditor (564)
[2019.02.22-17.08.44:249][709]LogModuleManager: Shutting down and abandoning module MediaPlayerEditor (562)
[2019.02.22-17.08.44:260][709]LogModuleManager: Shutting down and abandoning module OpenExrWrapper (560)
[2019.02.22-17.08.44:260][709]LogModuleManager: Shutting down and abandoning module ImgMediaFactory (558)
[2019.02.22-17.08.44:260][709]LogModuleManager: Shutting down and abandoning module ImgMediaEditor (556)
[2019.02.22-17.08.44:260][709]LogModuleManager: Shutting down and abandoning module AvfMediaFactory (554)
[2019.02.22-17.08.44:260][709]LogModuleManager: Shutting down and abandoning module AvfMediaEditor (552)
[2019.02.22-17.08.44:260][709]LogModuleManager: Shutting down and abandoning module AndroidMediaFactory (550)
[2019.02.22-17.08.44:261][709]LogModuleManager: Shutting down and abandoning module AndroidMediaEditor (548)
[2019.02.22-17.08.44:261][709]LogModuleManager: Shutting down and abandoning module MagicLeapCameraPreviewFactory (546)
[2019.02.22-17.08.44:261][709]LogModuleManager: Shutting down and abandoning module MagicLeapMediaFactory (544)
[2019.02.22-17.08.44:261][709]LogModuleManager: Shutting down and abandoning module MagicLeapMediaEditor (542)
[2019.02.22-17.08.44:261][709]LogModuleManager: Shutting down and abandoning module CharacterAI (540)
[2019.02.22-17.08.44:261][709]LogModuleManager: Shutting down and abandoning module SmartSnapping (538)
[2019.02.22-17.08.44:261][709]LogModuleManager: Shutting down and abandoning module SessionServices (536)
[2019.02.22-17.08.44:261][709]LogModuleManager: Shutting down and abandoning module ViewportSnapping (534)
[2019.02.22-17.08.44:261][709]LogModuleManager: Shutting down and abandoning module ViewportInteraction (532)
[2019.02.22-17.08.44:261][709]LogModuleManager: Shutting down and abandoning module ClothPainter (530)
[2019.02.22-17.08.44:286][709]LogModuleManager: Shutting down and abandoning module SkeletalMeshEditor (529)
[2019.02.22-17.08.44:298][709]LogModuleManager: Shutting down and abandoning module LogVisualizer (526)
[2019.02.22-17.08.44:315][709]LogModuleManager: Shutting down and abandoning module IntroTutorials (524)
[2019.02.22-17.08.44:337][709]LogModuleManager: Shutting down and abandoning module GameProjectGeneration (523)
[2019.02.22-17.08.44:341][709]LogModuleManager: Shutting down and abandoning module LuminPlatformEditor (520)
[2019.02.22-17.08.44:341][709]LogModuleManager: Shutting down and abandoning module IOSPlatformEditor (518)
[2019.02.22-17.08.44:350][709]LogModuleManager: Shutting down and abandoning module HTML5PlatformEditor (516)
[2019.02.22-17.08.44:350][709]LogModuleManager: Shutting down and abandoning module AndroidPlatformEditor (514)
[2019.02.22-17.08.44:350][709]LogModuleManager: Shutting down and abandoning module AndroidDeviceDetection (513)
[2019.02.22-17.08.44:834][709]LogModuleManager: Shutting down and abandoning module WindowsPlatformEditor (510)
[2019.02.22-17.08.44:834][709]LogModuleManager: Shutting down and abandoning module LuminRuntimeSettings (508)
[2019.02.22-17.08.44:834][709]LogModuleManager: Shutting down and abandoning module IOSRuntimeSettings (506)
[2019.02.22-17.08.44:834][709]LogModuleManager: Shutting down and abandoning module AndroidRuntimeSettings (504)
[2019.02.22-17.08.44:834][709]LogModuleManager: Shutting down and abandoning module InputBindingEditor (502)
[2019.02.22-17.08.44:834][709]LogModuleManager: Shutting down and abandoning module MergeActors (500)
[2019.02.22-17.08.44:851][709]LogModuleManager: Shutting down and abandoning module LocalizationDashboard (498)
[2019.02.22-17.08.44:863][709]LogModuleManager: Shutting down and abandoning module LocalizationService (497)
[2019.02.22-17.08.44:868][709]LogModuleManager: Shutting down and abandoning module HardwareTargeting (494)
[2019.02.22-17.08.44:868][709]LogModuleManager: Shutting down and abandoning module DeviceProfileEditor (492)
[2019.02.22-17.08.44:868][709]LogModuleManager: Shutting down and abandoning module UndoHistory (490)
[2019.02.22-17.08.44:877][709]LogModuleManager: Shutting down and abandoning module XmlParser (488)
[2019.02.22-17.08.44:877][709]LogModuleManager: Shutting down and abandoning module Blutility (486)
[2019.02.22-17.08.44:882][709]LogModuleManager: Shutting down and abandoning module ProjectSettingsViewer (484)
[2019.02.22-17.08.44:883][709]LogModuleManager: Shutting down and abandoning module ProjectTargetPlatformEditor (483)
[2019.02.22-17.08.44:886][709]LogModuleManager: Shutting down and abandoning module EditorSettingsViewer (480)
[2019.02.22-17.08.44:886][709]LogModuleManager: Shutting down and abandoning module SettingsEditor (478)
[2019.02.22-17.08.44:894][709]LogModuleManager: Shutting down and abandoning module ProjectLauncher (476)
[2019.02.22-17.08.44:909][709]LogModuleManager: Shutting down and abandoning module SessionFrontend (474)
[2019.02.22-17.08.44:915][709]LogModuleManager: Shutting down and abandoning module ProfilerClient (472)
[2019.02.22-17.08.44:926][709]LogModuleManager: Shutting down and abandoning module DeviceManager (470)
[2019.02.22-17.08.44:937][709]LogModuleManager: Shutting down and abandoning module TargetDeviceServices (469)
[2019.02.22-17.08.45:010][709]LogModuleManager: Shutting down and abandoning module AutomationController (466)
[2019.02.22-17.08.45:029][709]LogModuleManager: Shutting down and abandoning module AutomationWindow (464)
[2019.02.22-17.08.45:048][709]LogModuleManager: Shutting down and abandoning module Layers (462)
[2019.02.22-17.08.45:068][709]LogModuleManager: Shutting down and abandoning module ComponentVisualizers (460)
[2019.02.22-17.08.45:068][709]LogModuleManager: Shutting down and abandoning module DetailCustomizations (458)
[2019.02.22-17.08.45:081][709]LogModuleManager: Shutting down and abandoning module PackagesDialog (456)
[2019.02.22-17.08.45:082][709]LogModuleManager: Shutting down and abandoning module Persona (454)
[2019.02.22-17.08.45:091][709]LogModuleManager: Shutting down and abandoning module AdvancedPreviewScene (453)
[2019.02.22-17.08.45:091][709]LogModuleManager: Shutting down and abandoning module AnimGraph (451)
[2019.02.22-17.08.45:095][709]LogModuleManager: Shutting down and abandoning module Kismet (448)
[2019.02.22-17.08.45:114][709]LogModuleManager: Shutting down and abandoning module GraphEditor (446)
[2019.02.22-17.08.45:160][709]LogModuleManager: Shutting down and abandoning module ClassViewer (444)
[2019.02.22-17.08.45:160][709]LogModuleManager: Shutting down and abandoning module Toolbox (442)
[2019.02.22-17.08.45:160][709]LogModuleManager: Shutting down and abandoning module DesktopPlatform (441)
[2019.02.22-17.08.45:165][709]LogModuleManager: Shutting down and abandoning module ModuleUI (438)
[2019.02.22-17.08.45:170][709]LogModuleManager: Shutting down and abandoning module MovieSceneTools (436)
[2019.02.22-17.08.45:184][709]LogModuleManager: Shutting down and abandoning module OutputLog (434)
[2019.02.22-17.08.45:184][709]LogModuleManager: Shutting down and abandoning module GammaUI (432)
[2019.02.22-17.08.45:187][709]LogModuleManager: Shutting down and abandoning module Documentation (430)
[2019.02.22-17.08.45:187][709]LogModuleManager: Shutting down and abandoning module MovieSceneTracks (428)
[2019.02.22-17.08.45:187][709]LogModuleManager: Shutting down and abandoning module MovieScene (426)
[2019.02.22-17.08.45:196][709]LogModuleManager: Shutting down and abandoning module StreamingPauseRendering (424)
[2019.02.22-17.08.45:207][709]LogModuleManager: Shutting down and abandoning module LauncherPlatform (422)
[2019.02.22-17.08.45:207][709]LogModuleManager: Shutting down and abandoning module AnalyticsET (420)
[2019.02.22-17.08.45:207][709]LogModuleManager: Shutting down and abandoning module PortalServices (418)
[2019.02.22-17.08.45:207][709]LogModuleManager: Shutting down and abandoning module PortalRpc (416)
[2019.02.22-17.08.45:207][709]LogModuleManager: Shutting down and abandoning module MessagingRpc (414)
[2019.02.22-17.08.45:207][709]LogModuleManager: Shutting down and abandoning module AIModule (412)
[2019.02.22-17.08.45:219][709]LogModuleManager: Shutting down and abandoning module GameplayDebugger (411)
[2019.02.22-17.08.45:227][709]LogModuleManager: Shutting down and abandoning module AITestSuite (409)
[2019.02.22-17.08.45:234][709]LogModuleManager: Shutting down and abandoning module NavigationSystem (407)
[2019.02.22-17.08.45:234][709]LogModuleManager: Shutting down and abandoning module ProfilerService (404)
[2019.02.22-17.08.45:309][709]LogModuleManager: Shutting down and abandoning module TaskGraph (402)
[2019.02.22-17.08.45:326][709]LogModuleManager: Shutting down and abandoning module SteamVRController (400)
[2019.02.22-17.08.45:326][709]LogModuleManager: Shutting down and abandoning module ProceduralMeshComponentEditor (398)
[2019.02.22-17.08.45:326][709]LogModuleManager: Shutting down and abandoning module ProceduralMeshComponent (396)
[2019.02.22-17.08.45:326][709]LogModuleManager: Shutting down and abandoning module OculusInput (394)
[2019.02.22-17.08.45:326][709]LogModuleManager: Shutting down and abandoning module MobilePatchingUtils (392)
[2019.02.22-17.08.45:326][709]LogModuleManager: Shutting down and abandoning module EditableMesh (390)
[2019.02.22-17.08.45:333][709]LogModuleManager: Shutting down and abandoning module CustomMeshComponent (388)
[2019.02.22-17.08.45:333][709]LogModuleManager: Shutting down and abandoning module CableComponent (386)
[2019.02.22-17.08.45:333][709]LogModuleManager: Shutting down and abandoning module AudioCapture (384)
[2019.02.22-17.08.45:333][709]LogModuleManager: Shutting down and abandoning module ArchVisCharacter (382)
[2019.02.22-17.08.45:333][709]LogModuleManager: Shutting down and abandoning module AndroidPermission (380)
[2019.02.22-17.08.45:333][709]LogModuleManager: Shutting down and abandoning module NUTUnrealEngine4 (378)
[2019.02.22-17.08.45:333][709]LogModuleManager: Shutting down and abandoning module NetcodeUnitTest (376)
[2019.02.22-17.08.45:359][709]LogModuleManager: Shutting down and abandoning module MediaCompositingEditor (374)
[2019.02.22-17.08.45:359][709]LogModuleManager: Shutting down and abandoning module MediaCompositing (372)
[2019.02.22-17.08.45:359][709]LogModuleManager: Shutting down and abandoning module LinearTimecode (370)
[2019.02.22-17.08.45:359][709]LogModuleManager: Shutting down and abandoning module ImgMedia (368)
[2019.02.22-17.08.45:372][709]LogModuleManager: Shutting down and abandoning module HTML5Networking (366)
[2019.02.22-17.08.45:372][709]LogModuleManager: Shutting down and abandoning module GeometryCacheTracks (364)
[2019.02.22-17.08.45:372][709]LogModuleManager: Shutting down and abandoning module GeometryCacheSequencer (362)
[2019.02.22-17.08.45:372][709]LogModuleManager: Shutting down and abandoning module BackChannel (360)
[2019.02.22-17.08.45:388][709]LogModuleManager: Shutting down and abandoning module AppleVision (358)
[2019.02.22-17.08.45:389][709]LogModuleManager: Shutting down and abandoning module AppleImageUtils (356)
[2019.02.22-17.08.45:389][709]LogModuleManager: Shutting down and abandoning module AlembicImporter (354)
[2019.02.22-17.08.45:389][709]LogModuleManager: Shutting down and abandoning module AlembicLibrary (353)
[2019.02.22-17.08.45:389][709]LogModuleManager: Shutting down and abandoning module GeometryCache (352)
[2019.02.22-17.08.45:389][709]LogModuleManager: Shutting down and abandoning module GeometryCacheEd (351)
[2019.02.22-17.08.45:389][709]LogModuleManager: Shutting down and abandoning module DatasmithContentEditor (346)
[2019.02.22-17.08.45:395][709]LogModuleManager: Shutting down and abandoning module DatasmithContent (344)
[2019.02.22-17.08.45:397][709]LogModuleManager: Shutting down and abandoning module SpeedTreeImporter (342)
[2019.02.22-17.08.45:397][709]LogModuleManager: Shutting down and abandoning module PluginBrowser (340)
[2019.02.22-17.08.45:425][709]LogModuleManager: Shutting down and abandoning module MobileLauncherProfileWizard (338)
[2019.02.22-17.08.45:428][709]LogModuleManager: Shutting down and abandoning module PolygonModeling (336)
[2019.02.22-17.08.45:428][709]LogModuleManager: Shutting down and abandoning module MeshEditor (334)
[2019.02.22-17.08.45:440][709]LogModuleManager: Shutting down and abandoning module CryptoKeysOpenSSL (332)
[2019.02.22-17.08.45:442][709]LogModuleManager: Shutting down and abandoning module CryptoKeys (330)
[2019.02.22-17.08.45:442][709]LogModuleManager: Shutting down and abandoning module VisualStudioSourceCodeAccess (328)
[2019.02.22-17.08.45:452][709]LogModuleManager: Shutting down and abandoning module VisualStudioCodeSourceCodeAccess (326)
[2019.02.22-17.08.45:452][709]LogModuleManager: Shutting down and abandoning module UObjectPlugin (324)
[2019.02.22-17.08.45:452][709]LogModuleManager: Shutting down and abandoning module SubversionSourceControl (322)
[2019.02.22-17.08.45:459][709]LogModuleManager: Shutting down and abandoning module PerforceSourceControl (320)
[2019.02.22-17.08.45:473][709]LogModuleManager: Shutting down and abandoning module GitSourceControl (318)
[2019.02.22-17.08.45:492][709]LogModuleManager: Shutting down and abandoning module SourceControl (317)
[2019.02.22-17.08.45:497][709]LogModuleManager: Shutting down and abandoning module CLionSourceCodeAccess (314)
[2019.02.22-17.08.45:507][709]LogModuleManager: Shutting down and abandoning module LightPropagationVolumeEditor (312)
[2019.02.22-17.08.45:507][709]LogModuleManager: Shutting down and abandoning module PaperTiledImporter (310)
[2019.02.22-17.08.45:507][709]LogModuleManager: Shutting down and abandoning module PaperSpriteSheetImporter (308)
[2019.02.22-17.08.45:507][709]LogModuleManager: Shutting down and abandoning module Paper2DEditor (306)
[2019.02.22-17.08.45:525][709]LogModuleManager: Shutting down and abandoning module MeshPaint (305)
[2019.02.22-17.08.45:536][709]LogModuleManager: Shutting down and abandoning module RuntimePhysXCooking (298)
[2019.02.22-17.08.45:536][709]LogModuleManager: Shutting down and abandoning module PhysXVehiclesEditor (296)
[2019.02.22-17.08.45:536][709]LogModuleManager: Shutting down and abandoning module PhysXVehicles (294)
[2019.02.22-17.08.45:536][709]LogModuleManager: Shutting down and abandoning module OculusEditor (292)
[2019.02.22-17.08.45:542][709]LogModuleManager: Shutting down and abandoning module LocationServicesBPLibrary (290)
[2019.02.22-17.08.45:542][709]LogModuleManager: Shutting down and abandoning module ImmediatePhysicsEditor (288)
[2019.02.22-17.08.45:542][709]LogModuleManager: Shutting down and abandoning module ImmediatePhysics (286)
[2019.02.22-17.08.45:554][709]LogModuleManager: Shutting down and abandoning module ActorSequence (284)
[2019.02.22-17.08.45:554][709]LogModuleManager: Shutting down and abandoning module UdpMessaging (282)
[2019.02.22-17.08.45:655][709]LogModuleManager: Shutting down and abandoning module TcpMessaging (280)
[2019.02.22-17.08.45:756][709]LogModuleManager: Shutting down and abandoning module MagicLeapAudio (278)
[2019.02.22-17.08.45:756][709]LogModuleManager: Shutting down and abandoning module GameplayTagsEditor (276)
[2019.02.22-17.08.45:766][709]LogModuleManager: Shutting down and abandoning module FacialAnimationEditor (274)
[2019.02.22-17.08.45:774][709]LogModuleManager: Shutting down and abandoning module FacialAnimation (272)
[2019.02.22-17.08.45:774][709]LogModuleManager: Shutting down and abandoning module DataValidation (270)
[2019.02.22-17.08.45:774][709]LogModuleManager: Shutting down and abandoning module AssetManagerEditor (268)
[2019.02.22-17.08.45:785][709]LogModuleManager: Shutting down and abandoning module LevelEditor (267)
[2019.02.22-17.08.45:804][709]LogModuleManager: Shutting down and abandoning module PixelInspectorModule (266)
[2019.02.22-17.08.45:816][709]LogModuleManager: Shutting down and abandoning module CommonMenuExtensions (264)
[2019.02.22-17.08.45:816][709]LogModuleManager: Shutting down and abandoning module MainFrame (262)
[2019.02.22-17.08.45:822][709]LogModuleManager: Shutting down and abandoning module HotReload (261)
[2019.02.22-17.08.45:832][709]LogModuleManager: Shutting down and abandoning module ContentBrowser (257)
[2019.02.22-17.08.45:835][709]LogModuleManager: Shutting down and abandoning module TreeMap (255)
[2019.02.22-17.08.45:846][709]LogModuleManager: Shutting down and abandoning module LightPropagationVolumeRuntime (252)
[2019.02.22-17.08.45:846][709]LogModuleManager: Shutting down and abandoning module AISupportModule (250)
[2019.02.22-17.08.45:846][709]LogModuleManager: Shutting down and abandoning module Paper2D (248)
[2019.02.22-17.08.45:851][709]LogModuleManager: Shutting down and abandoning module WindowsMoviePlayer (246)
[2019.02.22-17.08.45:858][709]LogModuleManager: Shutting down and abandoning module WmfMedia (244)
[2019.02.22-17.08.45:865][709]LogModuleManager: Shutting down and abandoning module Media (243)
[2019.02.22-17.08.45:872][709]LogModuleManager: Shutting down and abandoning module PacketHandler (240)
[2019.02.22-17.08.45:872][709]LogModuleManager: Shutting down and abandoning module ClothingSystemEditor (238)
[2019.02.22-17.08.45:872][709]LogModuleManager: Shutting down and abandoning module ClothingSystemRuntime (236)
[2019.02.22-17.08.45:878][709]LogModuleManager: Shutting down and abandoning module MediaAssets (234)
[2019.02.22-17.08.45:878][709]LogModuleManager: Shutting down and abandoning module Overlay (232)
[2019.02.22-17.08.45:878][709]LogModuleManager: Shutting down and abandoning module OverlayEditor (231)
[2019.02.22-17.08.45:878][709]LogModuleManager: Shutting down and abandoning module VREditor (228)
[2019.02.22-17.08.45:889][709]LogModuleManager: Shutting down and abandoning module StringTableEditor (226)
[2019.02.22-17.08.45:902][709]LogModuleManager: Shutting down and abandoning module GameplayTasksEditor (224)
[2019.02.22-17.08.45:902][709]LogModuleManager: Shutting down and abandoning module BehaviorTreeEditor (222)
[2019.02.22-17.08.45:919][709]LogModuleManager: Shutting down and abandoning module FunctionalTesting (220)
[2019.02.22-17.08.45:928][709]LogModuleManager: Shutting down and abandoning module CollisionAnalyzer (218)
[2019.02.22-17.08.45:935][709]LogModuleManager: Shutting down and abandoning module WorkspaceMenuStructure (217)
[2019.02.22-17.08.45:936][709]LogModuleManager: Shutting down and abandoning module UMG (214)
[2019.02.22-17.08.45:936][709]LogModuleManager: Shutting down and abandoning module UMGEditor (213)
[2019.02.22-17.08.45:950][709]LogModuleManager: Shutting down and abandoning module Sequencer (212)
[2019.02.22-17.08.46:007][709]LogModuleManager: Shutting down and abandoning module MessageLog (209)
[2019.02.22-17.08.46:008][709]LogModuleManager: Shutting down and abandoning module SlateReflector (204)
[2019.02.22-17.08.46:035][709]LogModuleManager: Shutting down and abandoning module Slate (202)
[2019.02.22-17.08.46:035][709]LogModuleManager: Shutting down and abandoning module EditorStyle (200)
[2019.02.22-17.08.46:048][709]LogModuleManager: Shutting down and abandoning module MRMesh (198)
[2019.02.22-17.08.46:055][709]LogModuleManager: Shutting down and abandoning module SourceCodeAccess (196)
[2019.02.22-17.08.46:055][709]LogModuleManager: Shutting down and abandoning module HeadMountedDisplay (194)
[2019.02.22-17.08.46:055][709]LogModuleManager: Shutting down and abandoning module XAudio2 (192)
[2019.02.22-17.08.46:055][709]LogModuleManager: Shutting down and abandoning module Networking (190)
[2019.02.22-17.08.46:055][709]LogModuleManager: Shutting down and abandoning module Core (188)
[2019.02.22-17.08.46:055][709]LogModuleManager: Shutting down and abandoning module LevelSequence (186)
[2019.02.22-17.08.46:055][709]LogModuleManager: Shutting down and abandoning module KismetCompiler (184)
[2019.02.22-17.08.46:055][709]LogModuleManager: Shutting down and abandoning module MeshUtilities (182)
[2019.02.22-17.08.46:070][709]LogModuleManager: Shutting down and abandoning module MeshMergeUtilities (181)
[2019.02.22-17.08.46:081][709]LogModuleManager: Shutting down and abandoning module MeshReductionInterface (180)
[2019.02.22-17.08.46:081][709]LogModuleManager: Shutting down and abandoning module SimplygonSwarm (179)
[2019.02.22-17.08.46:094][709]LogModuleManager: Shutting down and abandoning module ProxyLODMeshReduction (177)
[2019.02.22-17.08.46:107][709]LogModuleManager: Shutting down and abandoning module SimplygonMeshReduction (175)
[2019.02.22-17.08.46:107][709]LogModuleManager: Shutting down and abandoning module QuadricMeshReduction (173)
[2019.02.22-17.08.46:114][709]LogModuleManager: Shutting down and abandoning module MaterialBaking (169)
[2019.02.22-17.08.46:120][709]LogModuleManager: Shutting down and abandoning module DirectoryWatcher (165)
[2019.02.22-17.08.46:122][709]LogModuleManager: Shutting down and abandoning module DerivedDataCache (162)
[2019.02.22-17.08.46:148][709]LogDerivedDataCache: Shutdown
[2019.02.22-17.08.46:148][709]LogModuleManager: Shutting down and abandoning module XGEController (160)
[2019.02.22-17.08.46:148][709]LogXGEController: Cleaning working directory: C:/Users/rh27u/AppData/Local/Temp/UnrealXGEWorkingDir/
[2019.02.22-17.08.46:158][709]LogModuleManager: Shutting down and abandoning module TargetPlatform (158)
[2019.02.22-17.08.46:173][709]LogModuleManager: Shutting down and abandoning module VulkanShaderFormat (157)
[2019.02.22-17.08.46:184][709]LogModuleManager: Shutting down and abandoning module ShaderFormatVectorVM (155)
[2019.02.22-17.08.46:187][709]LogModuleManager: Shutting down and abandoning module ShaderFormatOpenGL (153)
[2019.02.22-17.08.46:192][709]LogModuleManager: Shutting down and abandoning module ShaderFormatD3D (151)
[2019.02.22-17.08.46:200][709]LogModuleManager: Shutting down and abandoning module MetalShaderFormat (149)
[2019.02.22-17.08.46:215][709]LogModuleManager: Shutting down and abandoning module TextureFormatUncompressed (147)
[2019.02.22-17.08.46:215][709]LogModuleManager: Shutting down and abandoning module TextureFormatPVR (145)
[2019.02.22-17.08.46:215][709]LogModuleManager: Shutting down and abandoning module TextureFormatDXT (143)
[2019.02.22-17.08.46:215][709]LogModuleManager: Shutting down and abandoning module TextureFormatIntelISPCTexComp (141)
[2019.02.22-17.08.46:233][709]LogModuleManager: Shutting down and abandoning module TextureFormatASTC (139)
[2019.02.22-17.08.46:233][709]LogModuleManager: Shutting down and abandoning module ImageWrapper (138)
[2019.02.22-17.08.46:233][709]LogModuleManager: Shutting down and abandoning module TextureFormatAndroid (135)
[2019.02.22-17.08.46:233][709]LogModuleManager: Shutting down and abandoning module AudioFormatOpus (133)
[2019.02.22-17.08.46:233][709]LogModuleManager: Shutting down and abandoning module AudioFormatOgg (131)
[2019.02.22-17.08.46:233][709]LogModuleManager: Shutting down and abandoning module AudioFormatADPCM (129)
[2019.02.22-17.08.46:233][709]LogModuleManager: Shutting down and abandoning module LuminTargetPlatform (127)
[2019.02.22-17.08.46:233][709]LogModuleManager: Shutting down and abandoning module LinuxTargetPlatform (125)
[2019.02.22-17.08.46:233][709]LogModuleManager: Shutting down and abandoning module LinuxServerTargetPlatform (123)
[2019.02.22-17.08.46:233][709]LogModuleManager: Shutting down and abandoning module LinuxNoEditorTargetPlatform (121)
[2019.02.22-17.08.46:244][709]LogModuleManager: Shutting down and abandoning module LinuxClientTargetPlatform (119)
[2019.02.22-17.08.46:250][709]LogModuleManager: Shutting down and abandoning module TVOSTargetPlatform (117)
[2019.02.22-17.08.46:271][709]LogModuleManager: Shutting down and abandoning module Messaging (115)
[2019.02.22-17.08.46:272][709]LogModuleManager: Shutting down and abandoning module IOSTargetPlatform (113)
[2019.02.22-17.08.46:291][709]LogModuleManager: Shutting down and abandoning module HTML5TargetPlatform (111)
[2019.02.22-17.08.46:291][709]LogModuleManager: Shutting down and abandoning module AndroidTargetPlatform (109)
[2019.02.22-17.08.46:344][709]LogModuleManager: Shutting down and abandoning module WindowsTargetPlatform (107)
[2019.02.22-17.08.46:344][709]LogModuleManager: Shutting down and abandoning module WindowsServerTargetPlatform (105)
[2019.02.22-17.08.46:344][709]LogModuleManager: Shutting down and abandoning module WindowsNoEditorTargetPlatform (103)
[2019.02.22-17.08.46:344][709]LogModuleManager: Shutting down and abandoning module WindowsClientTargetPlatform (101)
[2019.02.22-17.08.46:344][709]LogModuleManager: Shutting down and abandoning module MacTargetPlatform (99)
[2019.02.22-17.08.46:344][709]LogModuleManager: Shutting down and abandoning module MacServerTargetPlatform (97)
[2019.02.22-17.08.46:345][709]LogModuleManager: Shutting down and abandoning module MacNoEditorTargetPlatform (95)
[2019.02.22-17.08.46:345][709]LogModuleManager: Shutting down and abandoning module MacClientTargetPlatform (93)
[2019.02.22-17.08.46:345][709]LogModuleManager: Shutting down and abandoning module AllDesktopTargetPlatform (91)
[2019.02.22-17.08.46:345][709]LogModuleManager: Shutting down and abandoning module InputCore (88)
[2019.02.22-17.08.46:345][709]LogModuleManager: Shutting down and abandoning module Settings (86)
[2019.02.22-17.08.46:345][709]LogModuleManager: Shutting down and abandoning module PhysXCooking (84)
[2019.02.22-17.08.46:345][709]LogModuleManager: Shutting down and abandoning module SteamVR (82)
[2019.02.22-17.08.46:345][709]LogModuleManager: Shutting down and abandoning module OculusHMD (80)
[2019.02.22-17.08.46:352][709]LogModuleManager: Shutting down and abandoning module ExampleDeviceProfileSelector (78)
[2019.02.22-17.08.46:352][709]LogModuleManager: Shutting down and abandoning module LauncherChunkInstaller (76)
[2019.02.22-17.08.46:352][709]LogModuleManager: Shutting down and abandoning module OnlineBlueprintSupport (74)
[2019.02.22-17.08.46:352][709]LogModuleManager: Shutting down and abandoning module OnlineSubsystem (70)
[2019.02.22-17.08.46:357][709]LogModuleManager: Shutting down and abandoning module XMPP (65)
[2019.02.22-17.08.46:387][709]LogModuleManager: Shutting down and abandoning module WebSockets (64)
[2019.02.22-17.08.46:429][709]LogModuleManager: Shutting down and abandoning module HTTP (61)
[2019.02.22-17.08.46:440][709]LogHttp: Display: Http module shutting down, but needs to wait on 2 outstanding Http requests:
[2019.02.22-17.08.46:440][709]LogHttp: Display: 	verb=[POST] url=[https://datarouter.ol.epicgames.com/datarouter/api/v1/public/data?SessionID=%7B52BF4E35-440E-0B82-9DEF-95BD0EDE5016%7D&AppID=UEEditor.Rocket.Release&AppVersion=4.20.3-4369336%2B%2B%2BUE4%2BRelease-4.20&UserID=ca0ba5b344a25a42bbbc08942dd4813d%7Cb9852a78c7114a83b7ea6e814f6762fe%7C843bd5b5-059e-4577-8c18-b86abac9c02d&AppEnvironment=datacollector-binary&UploadType=eteventstream] status=Processing
[2019.02.22-17.08.46:440][709]LogHttp: Display: 	verb=[POST] url=[https://datarouter.ol.epicgames.com/datarouter/api/v1/public/data?SessionID=%7B52BF4E35-440E-0B82-9DEF-95BD0EDE5016%7D&AppID=UEEditor.Rocket.Release&AppVersion=4.20.3-4369336%2B%2B%2BUE4%2BRelease-4.20&UserID=ca0ba5b344a25a42bbbc08942dd4813d%7Cb9852a78c7114a83b7ea6e814f6762fe%7C843bd5b5-059e-4577-8c18-b86abac9c02d&AppEnvironment=datacollector-binary&UploadType=eteventstream] status=Processing
[2019.02.22-17.08.46:460][709]LogModuleManager: Shutting down and abandoning module SSL (60)
[2019.02.22-17.08.46:473][709]LogModuleManager: Shutting down and abandoning module MagicLeapEmulator (56)
[2019.02.22-17.08.46:473][709]LogModuleManager: Shutting down and abandoning module MagicLeapPrivileges (54)
[2019.02.22-17.08.46:473][709]LogModuleManager: Shutting down and abandoning module MagicLeapIdentity (52)
[2019.02.22-17.08.46:473][709]LogModuleManager: Shutting down and abandoning module MagicLeapHelperVulkan (50)
[2019.02.22-17.08.46:473][709]LogModuleManager: Shutting down and abandoning module MagicLeapHelperOpenGL (48)
[2019.02.22-17.08.46:474][709]LogModuleManager: Shutting down and abandoning module MagicLeapSecureStorage (46)
[2019.02.22-17.08.46:474][709]LogModuleManager: Shutting down and abandoning module MagicLeapGestures (44)
[2019.02.22-17.08.46:474][709]LogModuleManager: Shutting down and abandoning module MagicLeapEyeTracker (42)
[2019.02.22-17.08.46:474][709]LogModuleManager: Shutting down and abandoning module MagicLeapController (40)
[2019.02.22-17.08.46:474][709]LogSlate: Slate User Destroyed.  User Index 0, Is Virtual User: 0
[2019.02.22-17.08.46:474][709]LogModuleManager: Shutting down and abandoning module MagicLeap (38)
[2019.02.22-17.08.46:485][709]LogModuleManager: Shutting down and abandoning module AnimationModifiers (36)
[2019.02.22-17.08.46:496][709]LogModuleManager: Shutting down and abandoning module PropertyEditor (35)
[2019.02.22-17.08.46:501][709]LogModuleManager: Shutting down and abandoning module AudioEditor (32)
[2019.02.22-17.08.46:510][709]LogModuleManager: Shutting down and abandoning module TextureCompressor (30)
[2019.02.22-17.08.46:510][709]LogModuleManager: Shutting down and abandoning module ShaderCore (28)
[2019.02.22-17.08.46:510][709]LogModuleManager: Shutting down and abandoning module Landscape (26)
[2019.02.22-17.08.46:510][709]LogModuleManager: Shutting down and abandoning module SlateRHIRenderer (24)
[2019.02.22-17.08.46:539][709]LogModuleManager: Shutting down and abandoning module OpenGLDrv (22)
[2019.02.22-17.08.46:551][709]LogModuleManager: Shutting down and abandoning module D3D11RHI (20)
[2019.02.22-17.08.46:551][709]LogModuleManager: Shutting down and abandoning module AnimGraphRuntime (18)
[2019.02.22-17.08.46:558][709]LogModuleManager: Shutting down and abandoning module Renderer (16)
[2019.02.22-17.08.46:558][709]LogModuleManager: Shutting down and abandoning module Engine (14)
[2019.02.22-17.08.46:558][709]LogModuleManager: Shutting down and abandoning module CoreUObject (12)
[2019.02.22-17.08.46:558][709]LogModuleManager: Shutting down and abandoning module NetworkFile (10)
[2019.02.22-17.08.46:564][709]LogModuleManager: Shutting down and abandoning module CookedIterativeFile (8)
[2019.02.22-17.08.46:564][709]LogModuleManager: Shutting down and abandoning module StreamingFile (6)
[2019.02.22-17.08.46:570][709]LogModuleManager: Shutting down and abandoning module SandboxFile (4)
[2019.02.22-17.08.46:570][709]LogModuleManager: Shutting down and abandoning module PakFile (2)
[2019.02.22-17.08.46:602][709]LogExit: Exiting.
[2019.02.22-17.08.46:669][709]Log file closed, 02/22/19 17:08:46
