Log file open, 02/22/19 12:04:40
LogWindows: Failed to load 'aqProf.dll' (GetLastError=126)
LogWindows: File 'aqProf.dll' does not exist
LogWindows: Failed to load 'VtuneApi.dll' (GetLastError=126)
LogWindows: File 'VtuneApi.dll' does not exist
LogWindows: Failed to load 'VtuneApi32e.dll' (GetLastError=126)
LogWindows: File 'VtuneApi32e.dll' does not exist
LogInit: Display: Running engine for game: Castleforce
LogPlatformFile: Not using cached read wrapper
LogTaskGraph: Started task graph with 5 named threads and 23 total threads with 3 sets of task threads.
LogStats: Stats thread started at 0.315251
LogD3D11RHI: Loaded GFSDK_Aftermath_Lib.x64.dll
LogICUInternationalization: Display: ICU TimeZone Detection - Raw Offset: +0:00, Platform Override: ''
LogPluginManager: Warning: Engine version string in ../../../../../../Temp/Rhun/Castleforce/castleforce/Castleforce/Plugins/SimplexNoise-master/SimplexNoise.uplugin could not be parsed ("4.10")
LogPluginManager: Mounting plugin Paper2D
LogPluginManager: Mounting plugin AISupport
LogPluginManager: Mounting plugin LightPropagationVolume
LogPluginManager: Mounting plugin CLionSourceCodeAccess
LogPluginManager: Mounting plugin CodeLiteSourceCodeAccess
LogPluginManager: Mounting plugin GitSourceControl
LogPluginManager: Mounting plugin KDevelopSourceCodeAccess
LogPluginManager: Mounting plugin NullSourceCodeAccess
LogPluginManager: Mounting plugin PerforceSourceControl
LogPluginManager: Mounting plugin SubversionSourceControl
LogPluginManager: Mounting plugin UObjectPlugin
LogPluginManager: Mounting plugin VisualStudioCodeSourceCodeAccess
LogPluginManager: Mounting plugin VisualStudioSourceCodeAccess
LogPluginManager: Mounting plugin XCodeSourceCodeAccess
LogPluginManager: Mounting plugin AssetManagerEditor
LogPluginManager: Mounting plugin CryptoKeys
LogPluginManager: Mounting plugin DataValidation
LogPluginManager: Mounting plugin FacialAnimation
LogPluginManager: Mounting plugin GameplayTagsEditor
LogPluginManager: Mounting plugin MacGraphicsSwitching
LogPluginManager: Mounting plugin MeshEditor
LogPluginManager: Mounting plugin MobileLauncherProfileWizard
LogPluginManager: Mounting plugin PluginBrowser
LogPluginManager: Mounting plugin SpeedTreeImporter
LogPluginManager: Mounting plugin DatasmithContent
LogPluginManager: Mounting plugin AlembicImporter
LogPluginManager: Mounting plugin AppleImageUtils
LogPluginManager: Mounting plugin AppleVision
LogPluginManager: Mounting plugin BackChannel
LogPluginManager: Mounting plugin CharacterAI
LogPluginManager: Mounting plugin GeometryCache
LogPluginManager: Mounting plugin HTML5Networking
LogPluginManager: Mounting plugin ProxyLODPlugin
LogPluginManager: Mounting plugin MagicLeap
LogPluginManager: Mounting plugin MagicLeapEmulator
LogPluginManager: Mounting plugin MagicLeapMedia
LogPluginManager: Mounting plugin AndroidMedia
LogPluginManager: Mounting plugin AvfMedia
LogPluginManager: Mounting plugin ImgMedia
LogPluginManager: Mounting plugin LinearTimecode
LogPluginManager: Mounting plugin MediaCompositing
LogPluginManager: Mounting plugin MediaPlayerEditor
LogPluginManager: Mounting plugin WmfMedia
LogPluginManager: Mounting plugin TcpMessaging
LogPluginManager: Mounting plugin UdpMessaging
LogPluginManager: Mounting plugin ActorSequence
LogPluginManager: Mounting plugin LevelSequenceEditor
LogPluginManager: Mounting plugin MatineeToLevelSequence
LogPluginManager: Mounting plugin NetcodeUnitTest
LogPluginManager: Mounting plugin NUTUnrealEngine4
LogPluginManager: Mounting plugin OnlineSubsystemGooglePlay
LogPluginManager: Mounting plugin OnlineSubsystemIOS
LogPluginManager: Mounting plugin OnlineSubsystem
LogPluginManager: Mounting plugin OnlineSubsystemNull
LogPluginManager: Mounting plugin OnlineSubsystemUtils
LogPluginManager: Mounting plugin LauncherChunkInstaller
LogPluginManager: Mounting plugin AndroidDeviceProfileSelector
LogPluginManager: Mounting plugin AndroidMoviePlayer
LogPluginManager: Mounting plugin AndroidPermission
LogPluginManager: Mounting plugin AppleMoviePlayer
LogPluginManager: Mounting plugin ArchVisCharacter
LogPluginManager: Mounting plugin AudioCapture
LogPluginManager: Mounting plugin CableComponent
LogPluginManager: Mounting plugin CustomMeshComponent
LogPluginManager: Mounting plugin EditableMesh
LogPluginManager: Mounting plugin ExampleDeviceProfileSelector
LogPluginManager: Mounting plugin GoogleCloudMessaging
LogPluginManager: Mounting plugin ImmediatePhysics
LogPluginManager: Mounting plugin IOSDeviceProfileSelector
LogPluginManager: Mounting plugin LinuxDeviceProfileSelector
LogPluginManager: Mounting plugin LocationServicesBPLibrary
LogPluginManager: Mounting plugin MobilePatchingUtils
LogPluginManager: Mounting plugin OculusVR
LogPluginManager: Plugin shader directory ../../../Engine/Plugins/Runtime/Oculus/OculusVR/Shaders found
LogPluginManager: Mapping shader source directory ../../../Engine/Plugins/Runtime/Oculus/OculusVR/Shaders to virtual directory /Plugin/OculusVR
LogPluginManager: Mounting plugin PhysXVehicles
LogPluginManager: Mounting plugin ProceduralMeshComponent
LogPluginManager: Mounting plugin RuntimePhysXCooking
LogPluginManager: Mounting plugin SteamVR
LogPluginManager: Mounting plugin WindowsMoviePlayer
LogPluginManager: Mounting plugin SimplexNoise
LogStreaming: Display: Took  0.204s to configure plugins.
LogInit: Using libcurl 7.55.1-DEV
LogInit:  - built for x86_64-pc-win32
LogInit:  - supports SSL with OpenSSL/1.0.2h
LogInit:  - supports HTTP deflate (compression) using libz 1.2.8
LogInit:  - other features:
LogInit:      CURL_VERSION_SSL
LogInit:      CURL_VERSION_LIBZ
LogInit:      CURL_VERSION_IPV6
LogInit:      CURL_VERSION_ASYNCHDNS
LogInit:      CURL_VERSION_LARGEFILE
LogInit:      CURL_VERSION_IDN
LogInit:  CurlRequestOptions (configurable via config and command line):
LogInit:  - bVerifyPeer = false  - Libcurl will NOT verify peer certificate
LogInit:  - bUseHttpProxy = false  - Libcurl will NOT use HTTP proxy
LogInit:  - bDontReuseConnections = false  - Libcurl will reuse connections
LogInit:  - CertBundlePath = nullptr  - Libcurl will use whatever was configured at build time.
LogInit:  - MaxHostConnections = 16  - Libcurl will limit the number of connections to a host
LogInit:  - LocalHostAddr = Default
LogInit:  - BufferSize = 65536
LogInit: WinSock: version 1.1 (2.2), MaxSocks=32767, MaxUdp=65467
LogInit: Build: ++UE4+Release-4.20-CL-4233996
LogInit: Engine Version: 4.20.1-4233996+++UE4+Release-4.20
LogInit: Compatible Engine Version: 4.20.0-4212847+++UE4+Release-4.20
LogInit: Net CL: 4212847
LogInit: OS: Windows 10 (), CPU: Intel(R) Core(TM) i7-4790 CPU @ 3.60GHz, GPU: NVIDIA GeForce GTX 780
LogInit: Compiled (64-bit): Jul 26 2018 10:07:30
LogInit: Compiled with Visual C++: 19.13.26129.00
LogInit: Build Configuration: Development
LogInit: Branch Name: ++UE4+Release-4.20
LogInit: Command Line: 
LogInit: Base Directory: C:/Program Files/Epic Games/UE_4.20/Engine/Binaries/Win64/
LogInit: Installed Engine Build: 1
LogDevObjectVersion: Number of dev versions registered: 20
LogDevObjectVersion:   Dev-Blueprints (B0D832E4-1F89-4F0D-ACCF-7EB736FD4AA2): 10
LogDevObjectVersion:   Dev-Build (E1C64328-A22C-4D53-A36C-8E866417BD8C): 0
LogDevObjectVersion:   Dev-Core (375EC13C-06E4-48FB-B500-84F0262A717E): 2
LogDevObjectVersion:   Dev-Editor (E4B068ED-F494-42E9-A231-DA0B2E46BB41): 24
LogDevObjectVersion:   Dev-Framework (CFFC743F-43B0-4480-9391-14DF171D2073): 34
LogDevObjectVersion:   Dev-Mobile (B02B49B5-BB20-44E9-A304-32B752E40360): 2
LogDevObjectVersion:   Dev-Networking (A4E4105C-59A1-49B5-A7C5-40C4547EDFEE): 0
LogDevObjectVersion:   Dev-Online (39C831C9-5AE6-47DC-9A44-9C173E1C8E7C): 0
LogDevObjectVersion:   Dev-Physics (78F01B33-EBEA-4F98-B9B4-84EACCB95AA2): 0
LogDevObjectVersion:   Dev-Platform (6631380F-2D4D-43E0-8009-CF276956A95A): 0
LogDevObjectVersion:   Dev-Rendering (12F88B9F-8875-4AFC-A67C-D90C383ABD29): 26
LogDevObjectVersion:   Dev-Sequencer (7B5AE74C-D270-4C10-A958-57980B212A5A): 9
LogDevObjectVersion:   Dev-VR (D7296918-1DD6-4BDD-9DE2-64A83CC13884): 2
LogDevObjectVersion:   Dev-LoadTimes (C2A15278-BFE7-4AFE-6C17-90FF531DF755): 1
LogDevObjectVersion:   Private-Geometry (6EACA3D4-40EC-4CC1-B786-8BED09428FC5): 3
LogDevObjectVersion:   Dev-AnimPhys (29E575DD-E0A3-4627-9D10-D276232CDCEA): 17
LogDevObjectVersion:   Dev-ReflectionCapture (6B266CEC-1EC7-4B8F-A30B-E4D90942FC07): 1
LogDevObjectVersion:   Dev-Automation (0DF73D61-A23F-47EA-B727-89E90C41499A): 1
LogDevObjectVersion:   FortniteMain (601D1886-AC64-4F84-AA16-D3DE0DEAC7D6): 12
LogDevObjectVersion:   Dev-Enterprise (9DFFBCD6-494F-0158-E221-12823C92A888): 1
LogStreaming: Display: Took  0.009s to delete old logs.
LogInit: Presizing for max 8388607 objects, including 0 objects not considered by GC, pre-allocating 0 bytes for permanent pool.
LogInit: Object subsystem initialized
[2019.02.22-12.04.40:792][  0]LogInit: Selected Device Profile: [Windows]
[2019.02.22-12.04.40:792][  0]LogInit: Applying CVar settings loaded from the selected device profile: [Windows]
[2019.02.22-12.04.40:807][  0]LogHAL: Display: Platform has ~ 16 GB [17080971264 / 17179869184 / 16], which maps to Larger [LargestMinGB=32, LargerMinGB=12, DefaultMinGB=8, SmallerMinGB=6, SmallestMinGB=0)
[2019.02.22-12.04.40:808][  0]LogInit: Setting Device Profile CVar: [[r.Vulkan.UseRealUBs:1]]
[2019.02.22-12.04.40:808][  0]LogInit: Going up to parent DeviceProfile []
[2019.02.22-12.04.40:808][  0]LogInit: Computer: AMTX222-20
[2019.02.22-12.04.40:808][  0]LogInit: User: trj1crt
[2019.02.22-12.04.40:808][  0]LogInit: CPU Page size=4096, Cores=4
[2019.02.22-12.04.40:808][  0]LogInit: High frequency timer resolution =3.507504 MHz
[2019.02.22-12.04.40:808][  0]LogMemory: Memory total: Physical=15.9GB (16GB approx)
[2019.02.22-12.04.40:808][  0]LogMemory: Platform Memory Stats for Windows
[2019.02.22-12.04.40:808][  0]LogMemory: Process Physical Memory: 100.86 MB used, 100.86 MB peak
[2019.02.22-12.04.40:808][  0]LogMemory: Process Virtual Memory: 89.54 MB used, 89.54 MB peak
[2019.02.22-12.04.40:808][  0]LogMemory: Physical Memory: 5612.52 MB used,  10677.16 MB free, 16289.68 MB total
[2019.02.22-12.04.40:808][  0]LogMemory: Virtual Memory: 4639.05 MB used,  10677.16 MB free, 134217728.00 MB total
[2019.02.22-12.04.40:829][  0]LogInit: Using OS detected language (en-GB).
[2019.02.22-12.04.40:829][  0]LogInit: Using OS detected locale (en-GB).
[2019.02.22-12.04.40:830][  0]LogTextLocalizationManager: No specific localization for 'en-GB' exists, so the 'en' localization will be used.
[2019.02.22-12.04.41:181][  0]LogStreaming: Display: Took  0.352s to InitEngineTextLocalization.
[2019.02.22-12.04.41:182][  0]LogInit: Setting process to per monitor DPI aware
[2019.02.22-12.04.41:223][  0]LogSlate: New Slate User Created.  User Index 0, Is Virtual User: 0
[2019.02.22-12.04.41:223][  0]LogSlate: Slate User Registered.  User Index 0, Is Virtual User: 0
[2019.02.22-12.04.41:431][  0]LogHMD: Failed to initialize OpenVR with code 110
[2019.02.22-12.04.41:431][  0]LogD3D11RHI: D3D11 adapters:
[2019.02.22-12.04.41:483][  0]LogD3D11RHI:    0. 'NVIDIA GeForce GTX 780' (Feature Level 11_0)
[2019.02.22-12.04.41:483][  0]LogD3D11RHI:       3029/0/8144 MB DedicatedVideo/DedicatedSystem/SharedSystem, Outputs:2, VendorId:0x10de
[2019.02.22-12.04.41:486][  0]LogD3D11RHI:    1. 'Microsoft Basic Render Driver' (Feature Level 11_0)
[2019.02.22-12.04.41:486][  0]LogD3D11RHI:       0/0/8144 MB DedicatedVideo/DedicatedSystem/SharedSystem, Outputs:0, VendorId:0x1414
[2019.02.22-12.04.41:486][  0]LogD3D11RHI: Chosen D3D11 Adapter: 0
[2019.02.22-12.04.41:494][  0]LogD3D11RHI: Creating new Direct3DDevice
[2019.02.22-12.04.41:494][  0]LogD3D11RHI:     GPU DeviceId: 0x1004 (for the marketing name, search the web for "GPU Device Id")
[2019.02.22-12.04.41:494][  0]LogWindows: EnumDisplayDevices:
[2019.02.22-12.04.41:494][  0]LogWindows:    0. 'NVIDIA GeForce GTX 780' (P:1 D:1)
[2019.02.22-12.04.41:495][  0]LogWindows:    1. 'NVIDIA GeForce GTX 780' (P:0 D:1)
[2019.02.22-12.04.41:495][  0]LogWindows:    2. 'NVIDIA GeForce GTX 780' (P:0 D:0)
[2019.02.22-12.04.41:496][  0]LogWindows:    3. 'NVIDIA GeForce GTX 780' (P:0 D:0)
[2019.02.22-12.04.41:496][  0]LogWindows: DebugString: FoundDriverCount:4 
[2019.02.22-12.04.41:496][  0]LogD3D11RHI:     Adapter Name: NVIDIA GeForce GTX 780
[2019.02.22-12.04.41:496][  0]LogD3D11RHI:   Driver Version: 399.07 (internal:24.21.13.9907, unified:399.07)
[2019.02.22-12.04.41:496][  0]LogD3D11RHI:      Driver Date: 8-21-2018
[2019.02.22-12.04.41:496][  0]LogRHI: Texture pool is 2120 MB (70% of 3029 MB)
[2019.02.22-12.04.41:532][  0]LogD3D11RHI: Async texture creation enabled
[2019.02.22-12.04.41:550][  0]LogD3D11RHI: GPU Timing Frequency: 1000.000000 (Debug: 2 2)
[2019.02.22-12.04.41:553][  0]LogShaderCompilers: Guid format shader working directory is -15 characters bigger than the processId version (../../../../../../Temp/Rhun/Castleforce/castleforce/Castleforce/Intermediate/Shaders/WorkingDirectory/6908/).
[2019.02.22-12.04.41:553][  0]LogShaderCompilers: Cleaned the shader compiler working directory 'C:/Users/trj1crt/AppData/Local/Temp/UnrealShaderWorkingDir/B330684944FE92B7C163448322727593/'.
[2019.02.22-12.04.41:904][  0]LogTemp: Display: Loaded TP AllDesktopTargetPlatform
[2019.02.22-12.04.41:918][  0]LogTemp: Display: Loaded TP MacClientTargetPlatform
[2019.02.22-12.04.41:932][  0]LogTemp: Display: Loaded TP MacNoEditorTargetPlatform
[2019.02.22-12.04.41:946][  0]LogTemp: Display: Loaded TP MacServerTargetPlatform
[2019.02.22-12.04.41:960][  0]LogTemp: Display: Loaded TP MacTargetPlatform
[2019.02.22-12.04.41:975][  0]LogTemp: Display: Loaded TP WindowsClientTargetPlatform
[2019.02.22-12.04.41:989][  0]LogTemp: Display: Loaded TP WindowsNoEditorTargetPlatform
[2019.02.22-12.04.42:004][  0]LogTemp: Display: Loaded TP WindowsServerTargetPlatform
[2019.02.22-12.04.42:012][  0]LogTemp: Display: Loaded TP WindowsTargetPlatform
[2019.02.22-12.04.42:086][  0]LogTemp: Display: Loaded TP AndroidTargetPlatform
[2019.02.22-12.04.42:086][  0]LogTemp: Display: Loaded TP AndroidTargetPlatform
[2019.02.22-12.04.42:086][  0]LogTemp: Display: Loaded TP AndroidTargetPlatform
[2019.02.22-12.04.42:086][  0]LogTemp: Display: Loaded TP AndroidTargetPlatform
[2019.02.22-12.04.42:086][  0]LogTemp: Display: Loaded TP AndroidTargetPlatform
[2019.02.22-12.04.42:086][  0]LogTemp: Display: Loaded TP AndroidTargetPlatform
[2019.02.22-12.04.42:086][  0]LogTemp: Display: Loaded TP AndroidTargetPlatform
[2019.02.22-12.04.42:086][  0]LogTemp: Display: Loaded TP AndroidTargetPlatform
[2019.02.22-12.04.42:086][  0]LogTemp: Display: Loaded TP AndroidTargetPlatform
[2019.02.22-12.04.42:086][  0]LogTemp: Display: Loaded TP AndroidTargetPlatform
[2019.02.22-12.04.42:086][  0]LogTemp: Display: Loaded TP AndroidTargetPlatform
[2019.02.22-12.04.42:086][  0]LogTemp: Display: Loaded TP AndroidTargetPlatform
[2019.02.22-12.04.42:086][  0]LogTemp: Display: Loaded TP AndroidTargetPlatform
[2019.02.22-12.04.42:086][  0]LogTemp: Display: Loaded TP AndroidTargetPlatform
[2019.02.22-12.04.42:086][  0]LogTemp: Display: Loaded TP AndroidTargetPlatform
[2019.02.22-12.04.42:086][  0]LogTemp: Display: Loaded TP AndroidTargetPlatform
[2019.02.22-12.04.42:086][  0]LogTemp: Display: Loaded TP AndroidTargetPlatform
[2019.02.22-12.04.42:086][  0]LogTemp: Display: Loaded TP AndroidTargetPlatform
[2019.02.22-12.04.42:088][  0]LogTemp: Display: Loaded TP HTML5TargetPlatform
[2019.02.22-12.04.42:148][  0]LogTemp: Display: Loaded TP IOSTargetPlatform
[2019.02.22-12.04.42:148][  0]LogTemp: Display: Loaded TP IOSTargetPlatform
[2019.02.22-12.04.42:186][  0]LogTemp: Display: Loaded TP TVOSTargetPlatform
[2019.02.22-12.04.42:187][  0]LogTemp: Display: Loaded TP TVOSTargetPlatform
[2019.02.22-12.04.42:198][  0]LogTemp: Display: Loaded TP LinuxClientTargetPlatform
[2019.02.22-12.04.42:211][  0]LogTemp: Display: Loaded TP LinuxNoEditorTargetPlatform
[2019.02.22-12.04.42:224][  0]LogTemp: Display: Loaded TP LinuxServerTargetPlatform
[2019.02.22-12.04.42:236][  0]LogTemp: Display: Loaded TP LinuxTargetPlatform
[2019.02.22-12.04.42:246][  0]LogTemp: Display: Loaded TP LuminTargetPlatform
[2019.02.22-12.04.42:246][  0]LogTargetPlatformManager: Display: Building Assets For Windows
[2019.02.22-12.04.42:324][  0]LogXGEController: Cleaning working directory: C:/Users/trj1crt/AppData/Local/Temp/UnrealXGEWorkingDir/
[2019.02.22-12.04.42:325][  0]LogXGEController: Cannot use XGE Controller as Incredibuild is not installed on this machine.
[2019.02.22-12.04.42:325][  0]LogShaderCompilers: Cannot use XGE Shader Compiler as Incredibuild is not installed on this machine.
[2019.02.22-12.04.42:325][  0]LogShaderCompilers: Display: Using Local Shader Compiler.
[2019.02.22-12.04.43:047][  0]LogDerivedDataCache: Display: Max Cache Size: 512 MB
[2019.02.22-12.04.43:166][  0]LogDerivedDataCache: Loaded boot cache 0.12s 87MB C:/Users/trj1crt/AppData/Local/UnrealEngine/4.20/DerivedDataCache/Boot.ddc.
[2019.02.22-12.04.43:168][  0]LogDerivedDataCache: Display: Loaded Boot cache: C:/Users/trj1crt/AppData/Local/UnrealEngine/4.20/DerivedDataCache/Boot.ddc
[2019.02.22-12.04.43:168][  0]LogDerivedDataCache: FDerivedDataBackendGraph:  Pak pak cache file ../../../../../../Temp/Rhun/Castleforce/castleforce/Castleforce/DerivedDataCache/DDC.ddp not found, will not use a pak cache.
[2019.02.22-12.04.43:168][  0]LogDerivedDataCache: Unable to find inner node Pak for hierarchical cache Hierarchy.
[2019.02.22-12.04.43:168][  0]LogDerivedDataCache: FDerivedDataBackendGraph:  CompressedPak pak cache file ../../../../../../Temp/Rhun/Castleforce/castleforce/Castleforce/DerivedDataCache/Compressed.ddp not found, will not use a pak cache.
[2019.02.22-12.04.43:168][  0]LogDerivedDataCache: Unable to find inner node CompressedPak for hierarchical cache Hierarchy.
[2019.02.22-12.04.43:180][  0]LogDerivedDataCache: Display: Pak cache opened for reading ../../../Engine/DerivedDataCache/Compressed.ddp.
[2019.02.22-12.04.43:193][  0]LogDerivedDataCache: Using Local data cache path C:/Users/trj1crt/AppData/Local/UnrealEngine/Common/DerivedDataCache: Writable
[2019.02.22-12.04.43:193][  0]LogDerivedDataCache: Shared data cache path not found in *engine.ini, will not use an Shared cache.
[2019.02.22-12.04.43:193][  0]LogDerivedDataCache: Unable to find inner node Shared for hierarchical cache Hierarchy.
[2019.02.22-12.04.43:211][  0]LogMaterial: Verifying Global Shaders for PCD3D_SM5
[2019.02.22-12.04.43:212][  0]LogSlate: Using FreeType 2.6.0
[2019.02.22-12.04.43:213][  0]LogSlate: SlateFontServices - WITH_FREETYPE: 1, WITH_HARFBUZZ: 1
[2019.02.22-12.04.43:292][  0]LogAssetRegistry: FAssetRegistry took 0.0268 seconds to start up
[2019.02.22-12.04.43:617][  0]LogInit: Selected Device Profile: [Windows]
[2019.02.22-12.04.43:678][  0]LogSimplygon: Simplygon DLL not present - disabling.
[2019.02.22-12.04.43:683][  0]LogMeshReduction: Using SimplygonSwarm for distributed automatic mesh merging
[2019.02.22-12.04.43:683][  0]LogMeshReduction: Using ProxyLODMeshReduction for automatic mesh merging
[2019.02.22-12.04.43:683][  0]LogMeshReduction: Using QuadricMeshReduction for automatic static mesh reduction
[2019.02.22-12.04.43:683][  0]LogMeshReduction: No automatic skeletal mesh reduction module available
[2019.02.22-12.04.43:771][  0]LogNetVersion: Castleforce 1.0.0, NetCL: 4212847, EngineNetVer: 5, GameNetVer: 0 (Checksum: 2622368503)
[2019.02.22-12.04.44:352][  0]LogPackageLocalizationCache: Processed 11 localized package path(s) for 2 prioritized culture(s) in 0.188113 seconds
[2019.02.22-12.04.44:358][  0]LogUObjectArray: 38425 objects as part of root set at end of initial load.
[2019.02.22-12.04.44:358][  0]LogUObjectAllocator: 6690864 out of 0 bytes used by permanent object pool.
[2019.02.22-12.04.44:358][  0]LogUObjectArray: CloseDisregardForGC: 0/0 objects in disregard for GC pool
[2019.02.22-12.04.45:196][  0]LogTcpMessaging: Initializing TcpMessaging bridge
[2019.02.22-12.04.45:210][  0]LogUdpMessaging: Initializing bridge on interface 0.0.0.0:0 to multicast group 230.0.0.1:6666.
[2019.02.22-12.04.45:408][  0]SourceControl: Source control is disabled
[2019.02.22-12.04.45:408][  0]SourceControl: Source control is disabled
[2019.02.22-12.04.45:410][  0]SourceControl: Source control is disabled
[2019.02.22-12.04.45:411][  0]SourceControl: Source control is disabled
[2019.02.22-12.04.45:586][  0]LogAndroidPermission: UAndroidPermissionCallbackProxy::GetInstance
[2019.02.22-12.04.45:634][  0]LogOcInput: OculusInput pre-init called
[2019.02.22-12.04.45:701][  0]LogEngine: Initializing Engine...
[2019.02.22-12.04.45:702][  0]LogHMD: Failed to initialize OpenVR with code 110
[2019.02.22-12.04.45:703][  0]LogStats: UGameplayTagsManager::ConstructGameplayTagTree: ImportINI prefixes -  0.000 s
[2019.02.22-12.04.45:703][  0]LogStats: UGameplayTagsManager::ConstructGameplayTagTree: Construct from data asset -  0.000 s
[2019.02.22-12.04.45:703][  0]LogStats: UGameplayTagsManager::ConstructGameplayTagTree: ImportINI -  0.000 s
[2019.02.22-12.04.45:703][  0]LogStats: UGameplayTagsManager::ConstructGameplayTagTree: GameplayTagTreeChangedEvent.Broadcast -  0.000 s
[2019.02.22-12.04.45:938][  0]LogInit: Initializing FReadOnlyCVARCache
[2019.02.22-12.04.45:955][  0]LogAIModule: Creating AISystem for world Untitled
[2019.02.22-12.04.45:964][  0]LogInit: XAudio2 using 'Speakers (High Definition Audio Device)' : 2 channels at 48 kHz using 16 bits per sample (channel mask 0x3)
[2019.02.22-12.04.45:986][  0]LogInit: FAudioDevice initialized.
[2019.02.22-12.04.45:986][  0]LogNetVersion: Set ProjectVersion to 1.0.0.0. Version Checksum will be recalculated on next use.
[2019.02.22-12.04.46:190][  0]LogDerivedDataCache: Saved boot cache 0.20s 87MB C:/Users/trj1crt/AppData/Local/UnrealEngine/4.20/DerivedDataCache/Boot.ddc.
[2019.02.22-12.04.46:264][  0]LogInit: Texture streaming: Enabled
[2019.02.22-12.04.46:286][  0]LogEngineSessionManager: EngineSessionManager initialized
[2019.02.22-12.04.46:286][  0]LogEngineSessionManager: EngineSessionManager sent abnormal shutdown report. Type=Crashed, SessionId={190D9C1D-42C0-55EE-526A-3CADB330E8E0}
[2019.02.22-12.04.46:303][  0]LogInit: Transaction tracking system initialized
[2019.02.22-12.04.46:343][  0]BlueprintLog: New page: Editor Load
[2019.02.22-12.04.46:450][  0]LocalizationService: Localization service is disabled
[2019.02.22-12.04.46:735][  0]LogCook: Display: Max memory allowance for cook 16384mb min free memory 0mb
[2019.02.22-12.04.46:735][  0]LogCook: Display: Mobile HDR setting 1
[2019.02.22-12.04.46:735][  0]LogGameplayTags: Display: UGameplayTagsManager::DoneAddingNativeTags. DelegateIsBound: 0
[2019.02.22-12.04.46:735][  0]LogStats: UGameplayTagsManager::ConstructGameplayTagTree: ImportINI prefixes -  0.000 s
[2019.02.22-12.04.46:735][  0]LogStats: UGameplayTagsManager::ConstructGameplayTagTree: Construct from data asset -  0.000 s
[2019.02.22-12.04.46:735][  0]LogStats: UGameplayTagsManager::ConstructGameplayTagTree: ImportINI -  0.000 s
[2019.02.22-12.04.46:735][  0]LogStats: UGameplayTagsManager::ConstructGameplayTagTree: GameplayTagTreeChangedEvent.Broadcast -  0.000 s
[2019.02.22-12.04.46:881][  0]LogFileCache: Scanning file cache for directory 'C:/Temp/Rhun/Castleforce/castleforce/Castleforce/Content/' took 0.02s
[2019.02.22-12.04.46:881][  0]SourceControl: Source control is disabled
[2019.02.22-12.04.46:882][  0]Cmd: MAP LOAD FILE="../../../../../../Temp/Rhun/Castleforce/castleforce/Castleforce/Content/Levels/Level1.umap" TEMPLATE=0 SHOWPROGRESS=1 FEATURELEVEL=3
[2019.02.22-12.04.46:882][  0]LightingResults: New page: Lighting Build
[2019.02.22-12.04.46:886][  0]MapCheck: New page: Map Check
[2019.02.22-12.04.46:886][  0]LightingResults: New page: Lighting Build
[2019.02.22-12.04.47:251][  0]LogAIModule: Creating AISystem for world Level1
[2019.02.22-12.04.47:272][  0]LogEditorServer: Finished looking for orphan Actors (0.000 secs)
[2019.02.22-12.04.47:293][  0]Cmd: MAP CHECKDEP NOCLEARLOG
[2019.02.22-12.04.47:380][  0]MapCheck: Map check complete: 0 Error(s), 0 Warning(s), took 85.856ms to complete.
[2019.02.22-12.04.47:380][  0]LogFileHelpers: Loading map 'Level1' took 0.498
[2019.02.22-12.04.47:482][  0]LogSlate: Updating window title bar state: overlay mode, drag disabled, window buttons hidden, title bar hidden
[2019.02.22-12.04.47:490][  0]LogSlate: Updating window title bar state: overlay mode, drag disabled, window buttons hidden, title bar hidden
[2019.02.22-12.04.47:497][  0]LogSlate: Updating window title bar state: overlay mode, drag disabled, window buttons hidden, title bar hidden
[2019.02.22-12.04.47:505][  0]LogSlate: Updating window title bar state: overlay mode, drag disabled, window buttons hidden, title bar hidden
[2019.02.22-12.04.47:514][  0]LogCollectionManager: Loaded 0 collections in 0.003137 seconds
[2019.02.22-12.04.47:558][  0]LogFileCache: Scanning file cache for directory 'C:/Temp/Rhun/Castleforce/castleforce/Castleforce/Saved/Collections/' took 0.01s
[2019.02.22-12.04.47:558][  0]LogFileCache: Scanning file cache for directory 'C:/Temp/Rhun/Castleforce/castleforce/Castleforce/Content/Developers/trj1crt/Collections/' took 0.01s
[2019.02.22-12.04.47:558][  0]LogFileCache: Scanning file cache for directory 'C:/Temp/Rhun/Castleforce/castleforce/Castleforce/Content/Collections/' took 0.01s
[2019.02.22-12.04.47:558][  0]LogCollectionManager: Rebuilt the GUID cache for 0 collections in 0.000000 seconds
[2019.02.22-12.04.47:570][  0]LogContentBrowser: Native class hierarchy populated in 0.0111 seconds. Added 2584 classes and 608 folders.
[2019.02.22-12.04.47:584][  0]LogContentBrowser: Native class hierarchy updated for 'WidgetCarousel' in 0.0014 seconds. Added 0 classes and 0 folders.
[2019.02.22-12.04.47:659][  0]LogContentBrowser: Native class hierarchy updated for 'AddContentDialog' in 0.0012 seconds. Added 0 classes and 0 folders.
[2019.02.22-12.04.47:667][  0]LogContentBrowser: Native class hierarchy updated for 'SceneOutliner' in 0.0009 seconds. Added 1 classes and 2 folders.
[2019.02.22-12.04.47:681][  0]LogSlate: Took 0.000235 seconds to synchronously load lazily loaded font '../../../Engine/Content/Slate/Fonts/Roboto-Regular.ttf' (155K)
[2019.02.22-12.04.47:683][  0]LogSlate: Took 0.000218 seconds to synchronously load lazily loaded font '../../../Engine/Content/Slate/Fonts/Roboto-Bold.ttf' (160K)
[2019.02.22-12.04.47:690][  0]LogSlate: Took 0.000295 seconds to synchronously load lazily loaded font '../../../Engine/Content/Editor/Slate/Fonts/FontAwesome.ttf' (139K)
[2019.02.22-12.04.47:764][  0]LogRenderer: Reallocating scene render targets to support 1208x576 Format 10 NumSamples 1 (Frame:1).
[2019.02.22-12.04.47:887][  0]LogContentBrowser: Native class hierarchy updated for 'HierarchicalLODOutliner' in 0.0018 seconds. Added 0 classes and 0 folders.
[2019.02.22-12.04.47:887][  0]LogLoad: (Engine Initialization) Total time: 9.79 seconds
[2019.02.22-12.04.47:887][  0]LogLoad: (Engine Initialization) Total Blueprint compile time: 0.00 seconds
[2019.02.22-12.04.47:899][  0]LogWindowsTextInputMethodSystem: Display: IME system now deactivated.
[2019.02.22-12.04.47:938][  0]LogContentStreaming: Texture pool size now 3000 MB
[2019.02.22-12.04.47:958][  0]LogSlate: Took 0.000223 seconds to synchronously load lazily loaded font '../../../Engine/Content/Slate/Fonts/Roboto-Light.ttf' (167K)
[2019.02.22-12.04.47:965][  1]LogFileCache: Retrieving MD5 hashes for directory 'C:/Temp/Rhun/Castleforce/castleforce/Castleforce/Content/' took 0.05s
[2019.02.22-12.04.47:977][  1]LogAssetRegistry: Asset discovery search completed in 4.7074 seconds
[2019.02.22-12.04.47:978][  1]LogCollectionManager: Rebuilt the object cache for 0 collections in 0.000000 seconds (found 0 objects)
[2019.02.22-12.04.47:978][  1]LogCollectionManager: Fixed up redirectors for 0 collections in 0.000038 seconds (updated 0 objects)
[2019.02.22-12.04.49:162][137]LogSlate: FSceneViewport::OnFocusLost() reason 0
[2019.02.22-12.04.49:262][149]LogTemp: Repeating last play command: Selected Viewport
[2019.02.22-12.04.49:281][149]LogBlueprintUserMessages: Early PlayInEditor Detection: Level '/Game/Levels/Level1.Level1:PersistentLevel' has LevelScriptBlueprint '/Game/Levels/Level1.Level1:PersistentLevel.Level1' with GeneratedClass '/Game/Levels/Level1.Level1_C' with ClassGeneratedBy '/Game/Levels/Level1.Level1:PersistentLevel.Level1'
[2019.02.22-12.04.49:281][149]LogPlayLevel: PlayLevel: No blueprints needed recompiling
[2019.02.22-12.04.49:293][149]PIE: New page: PIE session: Level1 (22 Feb 2019 12:04:49)
[2019.02.22-12.04.49:293][149]LogPlayLevel: Creating play world package: /Game/Levels/UEDPIE_0_Level1
[2019.02.22-12.04.49:319][149]LogPlayLevel: PIE: StaticDuplicateObject took: (0.025524s)
[2019.02.22-12.04.49:319][149]LogAIModule: Creating AISystem for world Level1
[2019.02.22-12.04.49:320][149]LogPlayLevel: PIE: World Init took: (0.000692s)
[2019.02.22-12.04.49:320][149]LogPlayLevel: PIE: Created PIE world by copying editor world from /Game/Levels/Level1.Level1 to /Game/Levels/UEDPIE_0_Level1.Level1 (0.026360s)
[2019.02.22-12.04.49:347][149]LogInit: XAudio2 using 'Speakers (High Definition Audio Device)' : 2 channels at 48 kHz using 16 bits per sample (channel mask 0x3)
[2019.02.22-12.04.49:356][149]LogInit: FAudioDevice initialized.
[2019.02.22-12.04.49:482][149]LogLoad: Game class is 'MyCastleforceGameMode_C'
[2019.02.22-12.04.49:485][149]LogWorld: Bringing World /Game/Levels/UEDPIE_0_Level1.Level1 up for play (max tick rate 0) at 2019.02.22-12.04.49
[2019.02.22-12.04.49:485][149]LogWorld: Bringing up level for play took: 0.000728
[2019.02.22-12.04.49:506][149]LogContentBrowser: Native class hierarchy updated for 'MovieSceneCapture' in 0.0010 seconds. Added 10 classes and 0 folders.
[2019.02.22-12.04.50:065][149]PIE: Play in editor start time for /Game/Levels/UEDPIE_0_Level1 1.497
[2019.02.22-12.04.50:065][149]LogBlueprintUserMessages: Late PlayInEditor Detection: Level '/Game/Levels/Level1.Level1:PersistentLevel' has LevelScriptBlueprint '/Game/Levels/Level1.Level1:PersistentLevel.Level1' with GeneratedClass '/Game/Levels/Level1.Level1_C' with ClassGeneratedBy '/Game/Levels/Level1.Level1:PersistentLevel.Level1'
[2019.02.22-12.04.53:169][193]LogStats: FPlatformStackWalk::StackWalkAndDump -  0.718 s
[2019.02.22-12.04.53:169][193]LogOutputDevice: Error: === Handled ensure: ===
[2019.02.22-12.04.53:169][193]LogOutputDevice: Error: 
[2019.02.22-12.04.53:169][193]LogOutputDevice: Error: Ensure condition failed: !RotationQuat.ContainsNaN() [File:D:\Build\++UE4\Sync\Engine\Source\Runtime\Core\Private\Math\UnrealMath.cpp] [Line: 448]
[2019.02.22-12.04.53:169][193]LogOutputDevice: Error: Invalid input to FRotator::Quaternion - generated NaN output: X=-inf Y=-nan(ind) Z=inf W=-nan(ind)
[2019.02.22-12.04.53:169][193]LogOutputDevice: Error: Stack: 
[2019.02.22-12.04.53:169][193]LogOutputDevice: Error: [Callstack] 0x00007ffceab07136 UE4Editor-Core.dll!UnknownFunction []
[2019.02.22-12.04.53:169][193]LogOutputDevice: Error: [Callstack] 0x00007ffcea840c82 UE4Editor-Core.dll!UnknownFunction []
[2019.02.22-12.04.53:169][193]LogOutputDevice: Error: [Callstack] 0x00007ffcea85b346 UE4Editor-Core.dll!UnknownFunction []
[2019.02.22-12.04.53:169][193]LogOutputDevice: Error: [Callstack] 0x00007ffcea86035c UE4Editor-Core.dll!UnknownFunction []
[2019.02.22-12.04.53:169][193]LogOutputDevice: Error: [Callstack] 0x00007ffce357fadc UE4Editor-Engine.dll!UnknownFunction []
[2019.02.22-12.04.53:169][193]LogOutputDevice: Error: [Callstack] 0x00007ffcd1c1da7f UE4Editor-Castleforce-4339.dll!ACastleforceHexPawn::BuildUnit() [c:\temp\rhun\castleforce\castleforce\castleforce\source\castleforce\castleforcehexpawn.cpp:147]
[2019.02.22-12.04.53:169][193]LogOutputDevice: Error: [Callstack] 0x00007ffcd1c1db80 UE4Editor-Castleforce-4339.dll!ACastleforceHexPawn::Click() [c:\temp\rhun\castleforce\castleforce\castleforce\source\castleforce\castleforcehexpawn.cpp:63]
[2019.02.22-12.04.53:169][193]LogOutputDevice: Error: [Callstack] 0x00007ffce3ee0b59 UE4Editor-Engine.dll!UnknownFunction []
[2019.02.22-12.04.53:169][193]LogOutputDevice: Error: [Callstack] 0x00007ffce3f12642 UE4Editor-Engine.dll!UnknownFunction []
[2019.02.22-12.04.53:169][193]LogOutputDevice: Error: [Callstack] 0x00007ffce39df45c UE4Editor-Engine.dll!UnknownFunction []
[2019.02.22-12.04.53:169][193]LogOutputDevice: Error: [Callstack] 0x00007ffce39f38e8 UE4Editor-Engine.dll!UnknownFunction []
[2019.02.22-12.04.53:169][193]LogOutputDevice: Error: [Callstack] 0x00007ffce39dceab UE4Editor-Engine.dll!UnknownFunction []
[2019.02.22-12.04.53:169][193]LogOutputDevice: Error: [Callstack] 0x00007ffce39f27a3 UE4Editor-Engine.dll!UnknownFunction []
[2019.02.22-12.04.53:169][193]LogOutputDevice: Error: [Callstack] 0x00007ffce2c155e0 UE4Editor-Engine.dll!UnknownFunction []
[2019.02.22-12.04.53:169][193]LogOutputDevice: Error: [Callstack] 0x00007ffce3e0fdad UE4Editor-Engine.dll!UnknownFunction []
[2019.02.22-12.04.53:169][193]LogOutputDevice: Error: [Callstack] 0x00007ffcea6c1f92 UE4Editor-Core.dll!UnknownFunction []
[2019.02.22-12.04.53:169][193]LogOutputDevice: Error: [Callstack] 0x00007ffcea6c2456 UE4Editor-Core.dll!UnknownFunction []
[2019.02.22-12.04.53:169][193]LogOutputDevice: Error: [Callstack] 0x00007ffcea6d6d25 UE4Editor-Core.dll!UnknownFunction []
[2019.02.22-12.04.53:169][193]LogOutputDevice: Error: [Callstack] 0x00007ffce3e641f4 UE4Editor-Engine.dll!UnknownFunction []
[2019.02.22-12.04.53:169][193]LogOutputDevice: Error: [Callstack] 0x00007ffce3e73482 UE4Editor-Engine.dll!UnknownFunction []
[2019.02.22-12.04.53:169][193]LogOutputDevice: Error: [Callstack] 0x00007ffce3578654 UE4Editor-Engine.dll!UnknownFunction []
[2019.02.22-12.04.53:169][193]LogOutputDevice: Error: [Callstack] 0x00007ffce3583e73 UE4Editor-Engine.dll!UnknownFunction []
[2019.02.22-12.04.53:169][193]LogOutputDevice: Error: [Callstack] 0x00007ffce1757295 UE4Editor-UnrealEd.dll!UnknownFunction []
[2019.02.22-12.04.53:169][193]LogOutputDevice: Error: [Callstack] 0x00007ffce204f0d6 UE4Editor-UnrealEd.dll!UnknownFunction []
[2019.02.22-12.04.53:169][193]LogOutputDevice: Error: [Callstack] 0x00007ff77af75cbd UE4Editor.exe!UnknownFunction []
[2019.02.22-12.04.53:169][193]LogOutputDevice: Error: [Callstack] 0x00007ff77af85b3c UE4Editor.exe!UnknownFunction []
[2019.02.22-12.04.53:169][193]LogOutputDevice: Error: [Callstack] 0x00007ff77af85bba UE4Editor.exe!UnknownFunction []
[2019.02.22-12.04.53:169][193]LogOutputDevice: Error: [Callstack] 0x00007ff77af93dac UE4Editor.exe!UnknownFunction []
[2019.02.22-12.04.53:169][193]LogOutputDevice: Error: [Callstack] 0x00007ff77af95aaa UE4Editor.exe!UnknownFunction []
[2019.02.22-12.04.53:169][193]LogOutputDevice: Error: [Callstack] 0x00007ffd31053034 KERNEL32.DLL!UnknownFunction []
[2019.02.22-12.04.53:169][193]LogOutputDevice: Error: [Callstack] 0x00007ffd32c43691 ntdll.dll!UnknownFunction []
[2019.02.22-12.04.53:169][193]LogOutputDevice: Error: 
[2019.02.22-12.04.53:173][193]LogStats:                SubmitErrorReport -  0.000 s
[2019.02.22-12.04.53:646][193]LogStats:                    SendNewReport -  0.473 s
[2019.02.22-12.04.53:646][193]LogStats:             FDebug::EnsureFailed -  1.196 s
[2019.02.22-12.04.53:646][193]LogSpawn: Warning: SpawnActor failed because the given transform (-135403207693172736.000000,0.000000,-346130573728413515583062016.000000|-90.000000,0.000000,-0.000000|1.000000,1.000000,1.000000) is invalid
[2019.02.22-12.04.54:508][214]LogSpawn: Warning: SpawnActor failed because the given transform (-135412003786194944.000000,0.000000,-346130573728413515583062016.000000|-90.000000,0.000000,-0.000000|1.000000,1.000000,1.000000) is invalid
[2019.02.22-12.04.55:494][236]LogSpawn: Warning: SpawnActor failed because the given transform (-135396748062359552.000000,0.000000,-346130573728413515583062016.000000|-90.000000,0.000000,-0.000000|1.000000,1.000000,1.000000) is invalid
[2019.02.22-12.04.55:902][246]LogSlate: FSceneViewport::OnFocusLost() reason 0
[2019.02.22-12.04.56:731][266]LogSpawn: Warning: SpawnActor failed because the given transform (-135410766835613696.000000,0.000000,-346130573728413515583062016.000000|-90.000000,0.000000,-0.000000|1.000000,1.000000,1.000000) is invalid
[2019.02.22-12.04.57:372][282]LogSpawn: Warning: SpawnActor failed because the given transform (-135392624893755392.000000,0.000000,-346130573728413515583062016.000000|-90.000000,0.000000,-0.000000|1.000000,1.000000,1.000000) is invalid
[2019.02.22-12.05.03:965][434]LogSlate: FSceneViewport::OnFocusLost() reason 0
[2019.02.22-12.05.14:412][680]LogSpawn: Warning: SpawnActor failed because the given transform (-1147665839026077696.000000,0.000000,-346130573728413515583062016.000000|-90.000000,0.000000,-0.000000|1.000000,1.000000,1.000000) is invalid
[2019.02.22-12.05.18:640][783]LogSlate: FSceneViewport::OnFocusLost() reason 0
[2019.02.22-12.05.24:069][914]LogSpawn: Warning: SpawnActor failed because the given transform (-1147371169909833728.000000,0.000000,-346130573728413515583062016.000000|-90.000000,0.000000,-0.000000|1.000000,1.000000,1.000000) is invalid
[2019.02.22-12.05.25:511][949]LogSpawn: Warning: SpawnActor failed because the given transform (-1147351378700533760.000000,0.000000,-346130573728413515583062016.000000|-90.000000,0.000000,-0.000000|1.000000,1.000000,1.000000) is invalid
[2019.02.22-12.05.25:852][957]LogSpawn: Warning: SpawnActor failed because the given transform (-1147460230351683584.000000,0.000000,-346130573728413515583062016.000000|-90.000000,0.000000,-0.000000|1.000000,1.000000,1.000000) is invalid
[2019.02.22-12.05.26:216][966]LogSpawn: Warning: SpawnActor failed because the given transform (-1147310696770306048.000000,0.000000,-346130573728413515583062016.000000|-90.000000,0.000000,-0.000000|1.000000,1.000000,1.000000) is invalid
[2019.02.22-12.05.26:473][972]LogSpawn: Warning: SpawnActor failed because the given transform (-1147488817654005760.000000,0.000000,-346130573728413515583062016.000000|-90.000000,0.000000,-0.000000|1.000000,1.000000,1.000000) is invalid
[2019.02.22-12.05.26:725][978]LogSpawn: Warning: SpawnActor failed because the given transform (-1147364572840067072.000000,0.000000,-346130573728413515583062016.000000|-90.000000,0.000000,-0.000000|1.000000,1.000000,1.000000) is invalid
[2019.02.22-12.05.26:971][984]LogSpawn: Warning: SpawnActor failed because the given transform (-1147350279188905984.000000,0.000000,-346130573728413515583062016.000000|-90.000000,0.000000,-0.000000|1.000000,1.000000,1.000000) is invalid
[2019.02.22-12.05.27:205][989]LogSpawn: Warning: SpawnActor failed because the given transform (-1147328288956350464.000000,0.000000,0.000000|-90.000000,0.000000,-nan(ind)|1.000000,1.000000,1.000000) is invalid
[2019.02.22-12.05.27:363][993]LogSpawn: Warning: SpawnActor failed because the given transform (-1147398657700528128.000000,0.000000,-346130573728413515583062016.000000|-90.000000,0.000000,-0.000000|1.000000,1.000000,1.000000) is invalid
[2019.02.22-12.05.27:566][998]LogSpawn: Warning: SpawnActor failed because the given transform (-1147385463560994816.000000,0.000000,0.000000|-90.000000,0.000000,-nan(ind)|1.000000,1.000000,1.000000) is invalid
[2019.02.22-12.05.27:734][  2]LogSpawn: Warning: SpawnActor failed because the given transform (-1147429444026105856.000000,0.000000,-346130573728413515583062016.000000|-90.000000,0.000000,-0.000000|1.000000,1.000000,1.000000) is invalid
[2019.02.22-12.05.27:895][  6]LogSpawn: Warning: SpawnActor failed because the given transform (-1147394259654017024.000000,0.000000,0.000000|-90.000000,0.000000,-0.000000|1.000000,1.000000,1.000000) is invalid
[2019.02.22-12.05.28:136][ 12]LogSpawn: Warning: SpawnActor failed because the given transform (-1147322791398211584.000000,0.000000,-346130573728413515583062016.000000|-90.000000,0.000000,-0.000000|1.000000,1.000000,1.000000) is invalid
[2019.02.22-12.05.28:299][ 16]LogSpawn: Warning: SpawnActor failed because the given transform (-1147417349398200320.000000,0.000000,0.000000|-90.000000,0.000000,-0.000000|1.000000,1.000000,1.000000) is invalid
[2019.02.22-12.05.28:505][ 21]LogSpawn: Warning: SpawnActor failed because the given transform (-1147433842072616960.000000,0.000000,-346130573728413515583062016.000000|-90.000000,0.000000,-0.000000|1.000000,1.000000,1.000000) is invalid
[2019.02.22-12.05.28:664][ 25]LogSpawn: Warning: SpawnActor failed because the given transform (-1147472324979589120.000000,0.000000,0.000000|-90.000000,0.000000,-0.000000|1.000000,1.000000,1.000000) is invalid
[2019.02.22-12.05.28:868][ 30]LogSpawn: Warning: SpawnActor failed because the given transform (-1147456931816800256.000000,0.000000,-346130573728413515583062016.000000|-90.000000,0.000000,-nan(ind)|1.000000,1.000000,1.000000) is invalid
[2019.02.22-12.05.29:073][ 35]LogSpawn: Warning: SpawnActor failed because the given transform (-1147379966002855936.000000,0.000000,-346130573728413515583062016.000000|-90.000000,0.000000,-0.000000|1.000000,1.000000,1.000000) is invalid
[2019.02.22-12.05.29:661][ 49]LogSlate: FSceneViewport::OnFocusLost() reason 0
[2019.02.22-12.05.29:747][ 50]LogBlueprintUserMessages: Early EndPlayMap Detection: Level '/Game/Levels/Level1.Level1:PersistentLevel' has LevelScriptBlueprint '/Game/Levels/Level1.Level1:PersistentLevel.Level1' with GeneratedClass '/Game/Levels/Level1.Level1_C' with ClassGeneratedBy '/Game/Levels/Level1.Level1:PersistentLevel.Level1'
[2019.02.22-12.05.29:814][ 50]LogSlate: Updating window title bar state: overlay mode, drag disabled, window buttons hidden, title bar hidden
[2019.02.22-12.05.29:882][ 50]LogPlayLevel: Display: Shutting down PIE online subsystems
[2019.02.22-12.05.29:883][ 50]LogBlueprintUserMessages: Late EndPlayMap Detection: Level '/Game/Levels/Level1.Level1:PersistentLevel' has LevelScriptBlueprint '/Game/Levels/Level1.Level1:PersistentLevel.Level1' with GeneratedClass '/Game/Levels/Level1.Level1_C' with ClassGeneratedBy '/Game/Levels/Level1.Level1:PersistentLevel.Level1'
[2019.02.22-12.05.29:932][ 50]LogSlate: Updating window title bar state: overlay mode, drag disabled, window buttons hidden, title bar hidden
[2019.02.22-12.05.29:963][ 51]LogPlayLevel: Display: Destroying online subsystem :Context_1
[2019.02.22-12.05.30:624][123]LogTemp: Repeating last play command: Selected Viewport
[2019.02.22-12.05.30:644][123]LogBlueprintUserMessages: Early PlayInEditor Detection: Level '/Game/Levels/Level1.Level1:PersistentLevel' has LevelScriptBlueprint '/Game/Levels/Level1.Level1:PersistentLevel.Level1' with GeneratedClass '/Game/Levels/Level1.Level1_C' with ClassGeneratedBy '/Game/Levels/Level1.Level1:PersistentLevel.Level1'
[2019.02.22-12.05.30:644][123]LogPlayLevel: PlayLevel: No blueprints needed recompiling
[2019.02.22-12.05.30:644][123]PIE: New page: PIE session: Level1 (22 Feb 2019 12:05:30)
[2019.02.22-12.05.30:644][123]LogPlayLevel: Creating play world package: /Game/Levels/UEDPIE_0_Level1
[2019.02.22-12.05.30:658][123]LogPlayLevel: PIE: StaticDuplicateObject took: (0.013863s)
[2019.02.22-12.05.30:659][123]LogAIModule: Creating AISystem for world Level1
[2019.02.22-12.05.30:659][123]LogPlayLevel: PIE: World Init took: (0.000872s)
[2019.02.22-12.05.30:659][123]LogPlayLevel: PIE: Created PIE world by copying editor world from /Game/Levels/Level1.Level1 to /Game/Levels/UEDPIE_0_Level1.Level1 (0.014915s)
[2019.02.22-12.05.30:689][123]LogInit: XAudio2 using 'Speakers (High Definition Audio Device)' : 2 channels at 48 kHz using 16 bits per sample (channel mask 0x3)
[2019.02.22-12.05.30:698][123]LogInit: FAudioDevice initialized.
[2019.02.22-12.05.30:731][123]LogLoad: Game class is 'MyCastleforceGameMode_C'
[2019.02.22-12.05.30:733][123]LogWorld: Bringing World /Game/Levels/UEDPIE_0_Level1.Level1 up for play (max tick rate 0) at 2019.02.22-12.05.30
[2019.02.22-12.05.30:733][123]LogWorld: Bringing up level for play took: 0.000555
[2019.02.22-12.05.31:258][123]PIE: Play in editor start time for /Game/Levels/UEDPIE_0_Level1 0.692
[2019.02.22-12.05.31:259][123]LogBlueprintUserMessages: Late PlayInEditor Detection: Level '/Game/Levels/Level1.Level1:PersistentLevel' has LevelScriptBlueprint '/Game/Levels/Level1.Level1:PersistentLevel.Level1' with GeneratedClass '/Game/Levels/Level1.Level1_C' with ClassGeneratedBy '/Game/Levels/Level1.Level1:PersistentLevel.Level1'
[2019.02.22-12.05.37:854][268]LogActor: Warning: CastleforceKnight_C /Game/Levels/UEDPIE_0_Level1.Level1:PersistentLevel.CastleforceKnight_C_0 has natively added scene component(s), but none of them were set as the actor's RootComponent - picking one arbitrarily
[2019.02.22-12.05.39:945][317]LogSlate: FSceneViewport::OnFocusLost() reason 0
[2019.02.22-12.05.40:886][339]LogActor: Warning: CastleforceMythic_C /Game/Levels/UEDPIE_0_Level1.Level1:PersistentLevel.CastleforceMythic_C_0 has natively added scene component(s), but none of them were set as the actor's RootComponent - picking one arbitrarily
[2019.02.22-12.05.43:968][388]LogWindows: Error: === Critical error: ===
[2019.02.22-12.05.43:968][388]LogWindows: Error: 
[2019.02.22-12.05.43:968][388]LogWindows: Error: Unhandled Exception: EXCEPTION_ACCESS_VIOLATION reading address 0x00000468
[2019.02.22-12.05.43:968][388]LogWindows: Error: 
[2019.02.22-12.05.43:968][388]LogWindows: Error: [Callstack] 0x00007ffcd1c1e501 UE4Editor-Castleforce-4339.dll!ACastleforceHexPawn::TraceForBlock() [c:\temp\rhun\castleforce\castleforce\castleforce\source\castleforce\castleforcehexpawn.cpp:96]
[2019.02.22-12.05.43:968][388]LogWindows: Error: [Callstack] 0x00007ffcd1c1e35f UE4Editor-Castleforce-4339.dll!ACastleforceHexPawn::Tick() [c:\temp\rhun\castleforce\castleforce\castleforce\source\castleforce\castleforcehexpawn.cpp:21]
[2019.02.22-12.05.43:968][388]LogWindows: Error: [Callstack] 0x00007ffce2c572bc UE4Editor-Engine.dll!UnknownFunction []
[2019.02.22-12.05.43:968][388]LogWindows: Error: [Callstack] 0x00007ffce2c155e0 UE4Editor-Engine.dll!UnknownFunction []
[2019.02.22-12.05.43:968][388]LogWindows: Error: [Callstack] 0x00007ffce3e0fdad UE4Editor-Engine.dll!UnknownFunction []
[2019.02.22-12.05.43:968][388]LogWindows: Error: [Callstack] 0x00007ffcea6c1f92 UE4Editor-Core.dll!UnknownFunction []
[2019.02.22-12.05.43:968][388]LogWindows: Error: [Callstack] 0x00007ffcea6c2456 UE4Editor-Core.dll!UnknownFunction []
[2019.02.22-12.05.43:968][388]LogWindows: Error: [Callstack] 0x00007ffcea6d6d25 UE4Editor-Core.dll!UnknownFunction []
[2019.02.22-12.05.43:968][388]LogWindows: Error: [Callstack] 0x00007ffce3e641f4 UE4Editor-Engine.dll!UnknownFunction []
[2019.02.22-12.05.43:968][388]LogWindows: Error: [Callstack] 0x00007ffce3e73482 UE4Editor-Engine.dll!UnknownFunction []
[2019.02.22-12.05.43:968][388]LogWindows: Error: [Callstack] 0x00007ffce3578654 UE4Editor-Engine.dll!UnknownFunction []
[2019.02.22-12.05.43:968][388]LogWindows: Error: [Callstack] 0x00007ffce3583e73 UE4Editor-Engine.dll!UnknownFunction []
[2019.02.22-12.05.43:968][388]LogWindows: Error: [Callstack] 0x00007ffce1757295 UE4Editor-UnrealEd.dll!UnknownFunction []
[2019.02.22-12.05.43:968][388]LogWindows: Error: [Callstack] 0x00007ffce204f0d6 UE4Editor-UnrealEd.dll!UnknownFunction []
[2019.02.22-12.05.43:968][388]LogWindows: Error: [Callstack] 0x00007ff77af75cbd UE4Editor.exe!UnknownFunction []
[2019.02.22-12.05.43:968][388]LogWindows: Error: [Callstack] 0x00007ff77af85b3c UE4Editor.exe!UnknownFunction []
[2019.02.22-12.05.43:969][388]LogWindows: Error: [Callstack] 0x00007ff77af85bba UE4Editor.exe!UnknownFunction []
[2019.02.22-12.05.43:969][388]LogWindows: Error: [Callstack] 0x00007ff77af93dac UE4Editor.exe!UnknownFunction []
[2019.02.22-12.05.43:969][388]LogWindows: Error: [Callstack] 0x00007ff77af95aaa UE4Editor.exe!UnknownFunction []
[2019.02.22-12.05.43:969][388]LogWindows: Error: [Callstack] 0x00007ffd31053034 KERNEL32.DLL!UnknownFunction []
[2019.02.22-12.05.43:969][388]LogWindows: Error: [Callstack] 0x00007ffd32c43691 ntdll.dll!UnknownFunction []
[2019.02.22-12.05.43:969][388]LogWindows: Error: 
[2019.02.22-12.05.43:997][388]LogExit: Executing StaticShutdownAfterError
[2019.02.22-12.05.44:010][388]LogWindows: FPlatformMisc::RequestExit(1)
[2019.02.22-12.05.44:020][388]Log file closed, 02/22/19 12:05:44
