Log file open, 02/15/19 10:07:06
LogWindows: Failed to load 'aqProf.dll' (GetLastError=126)
LogWindows: File 'aqProf.dll' does not exist
LogWindows: Failed to load 'VtuneApi.dll' (GetLastError=126)
LogWindows: File 'VtuneApi.dll' does not exist
LogWindows: Failed to load 'VtuneApi32e.dll' (GetLastError=126)
LogWindows: File 'VtuneApi32e.dll' does not exist
LogInit: Display: Running engine for game: Castleforce
LogPlatformFile: Not using cached read wrapper
LogTaskGraph: Started task graph with 5 named threads and 23 total threads with 3 sets of task threads.
LogStats: Stats thread started at 0.313782
LogD3D11RHI: Loaded GFSDK_Aftermath_Lib.x64.dll
LogICUInternationalization: Display: ICU TimeZone Detection - Raw Offset: +0:00, Platform Override: ''
LogPluginManager: Mounting plugin Paper2D
LogPluginManager: Mounting plugin AISupport
LogPluginManager: Mounting plugin LightPropagationVolume
LogPluginManager: Mounting plugin CLionSourceCodeAccess
LogPluginManager: Mounting plugin CodeLiteSourceCodeAccess
LogPluginManager: Mounting plugin GitSourceControl
LogPluginManager: Mounting plugin KDevelopSourceCodeAccess
LogPluginManager: Mounting plugin NullSourceCodeAccess
LogPluginManager: Mounting plugin PerforceSourceControl
LogPluginManager: Mounting plugin SubversionSourceControl
LogPluginManager: Mounting plugin UObjectPlugin
LogPluginManager: Mounting plugin VisualStudioCodeSourceCodeAccess
LogPluginManager: Mounting plugin VisualStudioSourceCodeAccess
LogPluginManager: Mounting plugin XCodeSourceCodeAccess
LogPluginManager: Mounting plugin AssetManagerEditor
LogPluginManager: Mounting plugin CryptoKeys
LogPluginManager: Mounting plugin DataValidation
LogPluginManager: Mounting plugin FacialAnimation
LogPluginManager: Mounting plugin GameplayTagsEditor
LogPluginManager: Mounting plugin MacGraphicsSwitching
LogPluginManager: Mounting plugin MeshEditor
LogPluginManager: Mounting plugin MobileLauncherProfileWizard
LogPluginManager: Mounting plugin PluginBrowser
LogPluginManager: Mounting plugin SpeedTreeImporter
LogPluginManager: Mounting plugin DatasmithContent
LogPluginManager: Mounting plugin AlembicImporter
LogPluginManager: Mounting plugin AppleImageUtils
LogPluginManager: Mounting plugin AppleVision
LogPluginManager: Mounting plugin BackChannel
LogPluginManager: Mounting plugin CharacterAI
LogPluginManager: Mounting plugin GeometryCache
LogPluginManager: Mounting plugin HTML5Networking
LogPluginManager: Mounting plugin ProxyLODPlugin
LogPluginManager: Mounting plugin MagicLeap
LogPluginManager: Mounting plugin MagicLeapEmulator
LogPluginManager: Mounting plugin MagicLeapMedia
LogPluginManager: Mounting plugin AndroidMedia
LogPluginManager: Mounting plugin AvfMedia
LogPluginManager: Mounting plugin ImgMedia
LogPluginManager: Mounting plugin LinearTimecode
LogPluginManager: Mounting plugin MediaCompositing
LogPluginManager: Mounting plugin MediaPlayerEditor
LogPluginManager: Mounting plugin WmfMedia
LogPluginManager: Mounting plugin TcpMessaging
LogPluginManager: Mounting plugin UdpMessaging
LogPluginManager: Mounting plugin ActorSequence
LogPluginManager: Mounting plugin LevelSequenceEditor
LogPluginManager: Mounting plugin MatineeToLevelSequence
LogPluginManager: Mounting plugin NetcodeUnitTest
LogPluginManager: Mounting plugin NUTUnrealEngine4
LogPluginManager: Mounting plugin OnlineSubsystemGooglePlay
LogPluginManager: Mounting plugin OnlineSubsystemIOS
LogPluginManager: Mounting plugin OnlineSubsystem
LogPluginManager: Mounting plugin OnlineSubsystemNull
LogPluginManager: Mounting plugin OnlineSubsystemUtils
LogPluginManager: Mounting plugin LauncherChunkInstaller
LogPluginManager: Mounting plugin AndroidDeviceProfileSelector
LogPluginManager: Mounting plugin AndroidMoviePlayer
LogPluginManager: Mounting plugin AndroidPermission
LogPluginManager: Mounting plugin AppleMoviePlayer
LogPluginManager: Mounting plugin ArchVisCharacter
LogPluginManager: Mounting plugin AudioCapture
LogPluginManager: Mounting plugin CableComponent
LogPluginManager: Mounting plugin CustomMeshComponent
LogPluginManager: Mounting plugin EditableMesh
LogPluginManager: Mounting plugin ExampleDeviceProfileSelector
LogPluginManager: Mounting plugin GoogleCloudMessaging
LogPluginManager: Mounting plugin ImmediatePhysics
LogPluginManager: Mounting plugin IOSDeviceProfileSelector
LogPluginManager: Mounting plugin LinuxDeviceProfileSelector
LogPluginManager: Mounting plugin LocationServicesBPLibrary
LogPluginManager: Mounting plugin MobilePatchingUtils
LogPluginManager: Mounting plugin OculusVR
LogPluginManager: Plugin shader directory ../../../Engine/Plugins/Runtime/Oculus/OculusVR/Shaders found
LogPluginManager: Mapping shader source directory ../../../Engine/Plugins/Runtime/Oculus/OculusVR/Shaders to virtual directory /Plugin/OculusVR
LogPluginManager: Mounting plugin PhysXVehicles
LogPluginManager: Mounting plugin ProceduralMeshComponent
LogPluginManager: Mounting plugin RuntimePhysXCooking
LogPluginManager: Mounting plugin SteamVR
LogPluginManager: Mounting plugin WindowsMoviePlayer
LogStreaming: Display: Took  0.206s to configure plugins.
LogInit: Using libcurl 7.55.1-DEV
LogInit:  - built for x86_64-pc-win32
LogInit:  - supports SSL with OpenSSL/1.0.2h
LogInit:  - supports HTTP deflate (compression) using libz 1.2.8
LogInit:  - other features:
LogInit:      CURL_VERSION_SSL
LogInit:      CURL_VERSION_LIBZ
LogInit:      CURL_VERSION_IPV6
LogInit:      CURL_VERSION_ASYNCHDNS
LogInit:      CURL_VERSION_LARGEFILE
LogInit:      CURL_VERSION_IDN
LogInit:  CurlRequestOptions (configurable via config and command line):
LogInit:  - bVerifyPeer = false  - Libcurl will NOT verify peer certificate
LogInit:  - bUseHttpProxy = false  - Libcurl will NOT use HTTP proxy
LogInit:  - bDontReuseConnections = false  - Libcurl will reuse connections
LogInit:  - CertBundlePath = nullptr  - Libcurl will use whatever was configured at build time.
LogInit:  - MaxHostConnections = 16  - Libcurl will limit the number of connections to a host
LogInit:  - LocalHostAddr = Default
LogInit:  - BufferSize = 65536
LogInit: WinSock: version 1.1 (2.2), MaxSocks=32767, MaxUdp=65467
LogInit: Build: ++UE4+Release-4.20-CL-4369336
LogInit: Engine Version: 4.20.3-4369336+++UE4+Release-4.20
LogInit: Compatible Engine Version: 4.20.0-4212847+++UE4+Release-4.20
LogInit: Net CL: 4212847
LogInit: OS: Windows 10 (), CPU: Intel(R) Core(TM) i7-4790 CPU @ 3.60GHz, GPU: NVIDIA GeForce GTX 780
LogInit: Compiled (64-bit): Sep 17 2018 12:26:19
LogInit: Compiled with Visual C++: 19.13.26129.00
LogInit: Build Configuration: Development
LogInit: Branch Name: ++UE4+Release-4.20
LogInit: Command Line: 
LogInit: Base Directory: C:/Program Files/Epic Games/UE_4.20/Engine/Binaries/Win64/
LogInit: Installed Engine Build: 1
LogDevObjectVersion: Number of dev versions registered: 20
LogDevObjectVersion:   Dev-Blueprints (B0D832E4-1F89-4F0D-ACCF-7EB736FD4AA2): 10
LogDevObjectVersion:   Dev-Build (E1C64328-A22C-4D53-A36C-8E866417BD8C): 0
LogDevObjectVersion:   Dev-Core (375EC13C-06E4-48FB-B500-84F0262A717E): 2
LogDevObjectVersion:   Dev-Editor (E4B068ED-F494-42E9-A231-DA0B2E46BB41): 24
LogDevObjectVersion:   Dev-Framework (CFFC743F-43B0-4480-9391-14DF171D2073): 34
LogDevObjectVersion:   Dev-Mobile (B02B49B5-BB20-44E9-A304-32B752E40360): 2
LogDevObjectVersion:   Dev-Networking (A4E4105C-59A1-49B5-A7C5-40C4547EDFEE): 0
LogDevObjectVersion:   Dev-Online (39C831C9-5AE6-47DC-9A44-9C173E1C8E7C): 0
LogDevObjectVersion:   Dev-Physics (78F01B33-EBEA-4F98-B9B4-84EACCB95AA2): 0
LogDevObjectVersion:   Dev-Platform (6631380F-2D4D-43E0-8009-CF276956A95A): 0
LogDevObjectVersion:   Dev-Rendering (12F88B9F-8875-4AFC-A67C-D90C383ABD29): 26
LogDevObjectVersion:   Dev-Sequencer (7B5AE74C-D270-4C10-A958-57980B212A5A): 9
LogDevObjectVersion:   Dev-VR (D7296918-1DD6-4BDD-9DE2-64A83CC13884): 2
LogDevObjectVersion:   Dev-LoadTimes (C2A15278-BFE7-4AFE-6C17-90FF531DF755): 1
LogDevObjectVersion:   Private-Geometry (6EACA3D4-40EC-4CC1-B786-8BED09428FC5): 3
LogDevObjectVersion:   Dev-AnimPhys (29E575DD-E0A3-4627-9D10-D276232CDCEA): 17
LogDevObjectVersion:   Dev-ReflectionCapture (6B266CEC-1EC7-4B8F-A30B-E4D90942FC07): 1
LogDevObjectVersion:   Dev-Automation (0DF73D61-A23F-47EA-B727-89E90C41499A): 1
LogDevObjectVersion:   FortniteMain (601D1886-AC64-4F84-AA16-D3DE0DEAC7D6): 12
LogDevObjectVersion:   Dev-Enterprise (9DFFBCD6-494F-0158-E221-12823C92A888): 1
LogStreaming: Display: Took  0.010s to delete old logs.
LogInit: Presizing for max 8388607 objects, including 0 objects not considered by GC, pre-allocating 0 bytes for permanent pool.
LogInit: Object subsystem initialized
[2019.02.15-10.07.06:567][  0]LogInit: Selected Device Profile: [Windows]
[2019.02.15-10.07.06:567][  0]LogInit: Applying CVar settings loaded from the selected device profile: [Windows]
[2019.02.15-10.07.06:582][  0]LogHAL: Display: Platform has ~ 16 GB [17080971264 / 17179869184 / 16], which maps to Larger [LargestMinGB=32, LargerMinGB=12, DefaultMinGB=8, SmallerMinGB=6, SmallestMinGB=0)
[2019.02.15-10.07.06:582][  0]LogInit: Setting Device Profile CVar: [[r.Vulkan.UseRealUBs:1]]
[2019.02.15-10.07.06:582][  0]LogInit: Going up to parent DeviceProfile []
[2019.02.15-10.07.06:583][  0]LogInit: Computer: AMTX222-19
[2019.02.15-10.07.06:583][  0]LogInit: User: trj1crt
[2019.02.15-10.07.06:583][  0]LogInit: CPU Page size=4096, Cores=4
[2019.02.15-10.07.06:583][  0]LogInit: High frequency timer resolution =3.507501 MHz
[2019.02.15-10.07.06:583][  0]LogMemory: Memory total: Physical=15.9GB (16GB approx)
[2019.02.15-10.07.06:583][  0]LogMemory: Platform Memory Stats for Windows
[2019.02.15-10.07.06:583][  0]LogMemory: Process Physical Memory: 100.28 MB used, 100.28 MB peak
[2019.02.15-10.07.06:583][  0]LogMemory: Process Virtual Memory: 91.00 MB used, 91.00 MB peak
[2019.02.15-10.07.06:583][  0]LogMemory: Physical Memory: 6452.67 MB used,  9837.02 MB free, 16289.68 MB total
[2019.02.15-10.07.06:583][  0]LogMemory: Virtual Memory: 4640.63 MB used,  9837.02 MB free, 134217728.00 MB total
[2019.02.15-10.07.06:604][  0]LogInit: Using OS detected language (en-GB).
[2019.02.15-10.07.06:604][  0]LogInit: Using OS detected locale (en-GB).
[2019.02.15-10.07.06:606][  0]LogTextLocalizationManager: No specific localization for 'en-GB' exists, so the 'en' localization will be used.
[2019.02.15-10.07.06:987][  0]LogStreaming: Display: Took  0.384s to InitEngineTextLocalization.
[2019.02.15-10.07.06:987][  0]LogInit: Setting process to per monitor DPI aware
[2019.02.15-10.07.07:031][  0]LogSlate: New Slate User Created.  User Index 0, Is Virtual User: 0
[2019.02.15-10.07.07:031][  0]LogSlate: Slate User Registered.  User Index 0, Is Virtual User: 0
[2019.02.15-10.07.07:234][  0]LogHMD: Failed to initialize OpenVR with code 110
[2019.02.15-10.07.07:234][  0]LogD3D11RHI: D3D11 adapters:
[2019.02.15-10.07.07:287][  0]LogD3D11RHI:    0. 'NVIDIA GeForce GTX 780' (Feature Level 11_0)
[2019.02.15-10.07.07:287][  0]LogD3D11RHI:       3029/0/8144 MB DedicatedVideo/DedicatedSystem/SharedSystem, Outputs:2, VendorId:0x10de
[2019.02.15-10.07.07:289][  0]LogD3D11RHI:    1. 'Microsoft Basic Render Driver' (Feature Level 11_0)
[2019.02.15-10.07.07:289][  0]LogD3D11RHI:       0/0/8144 MB DedicatedVideo/DedicatedSystem/SharedSystem, Outputs:0, VendorId:0x1414
[2019.02.15-10.07.07:289][  0]LogD3D11RHI: Chosen D3D11 Adapter: 0
[2019.02.15-10.07.07:296][  0]LogD3D11RHI: Creating new Direct3DDevice
[2019.02.15-10.07.07:296][  0]LogD3D11RHI:     GPU DeviceId: 0x1004 (for the marketing name, search the web for "GPU Device Id")
[2019.02.15-10.07.07:296][  0]LogWindows: EnumDisplayDevices:
[2019.02.15-10.07.07:296][  0]LogWindows:    0. 'NVIDIA GeForce GTX 780' (P:1 D:1)
[2019.02.15-10.07.07:296][  0]LogWindows:    1. 'NVIDIA GeForce GTX 780' (P:0 D:1)
[2019.02.15-10.07.07:297][  0]LogWindows:    2. 'NVIDIA GeForce GTX 780' (P:0 D:0)
[2019.02.15-10.07.07:297][  0]LogWindows:    3. 'NVIDIA GeForce GTX 780' (P:0 D:0)
[2019.02.15-10.07.07:297][  0]LogWindows: DebugString: FoundDriverCount:4 
[2019.02.15-10.07.07:297][  0]LogD3D11RHI:     Adapter Name: NVIDIA GeForce GTX 780
[2019.02.15-10.07.07:297][  0]LogD3D11RHI:   Driver Version: 399.07 (internal:24.21.13.9907, unified:399.07)
[2019.02.15-10.07.07:297][  0]LogD3D11RHI:      Driver Date: 8-21-2018
[2019.02.15-10.07.07:297][  0]LogRHI: Texture pool is 2120 MB (70% of 3029 MB)
[2019.02.15-10.07.07:334][  0]LogD3D11RHI: Async texture creation enabled
[2019.02.15-10.07.07:352][  0]LogD3D11RHI: GPU Timing Frequency: 1000.000000 (Debug: 2 2)
[2019.02.15-10.07.07:355][  0]LogShaderCompilers: Guid format shader working directory is -3 characters bigger than the processId version (../../../../../../Temp/Rhun/castleforce/Castleforce/Intermediate/Shaders/WorkingDirectory/7912/).
[2019.02.15-10.07.07:355][  0]LogShaderCompilers: Cleaned the shader compiler working directory 'C:/Users/trj1crt/AppData/Local/Temp/UnrealShaderWorkingDir/1719CB9542355092186D92AA6C029CA7/'.
[2019.02.15-10.07.07:698][  0]LogTemp: Display: Loaded TP AllDesktopTargetPlatform
[2019.02.15-10.07.07:712][  0]LogTemp: Display: Loaded TP MacClientTargetPlatform
[2019.02.15-10.07.07:727][  0]LogTemp: Display: Loaded TP MacNoEditorTargetPlatform
[2019.02.15-10.07.07:742][  0]LogTemp: Display: Loaded TP MacServerTargetPlatform
[2019.02.15-10.07.07:757][  0]LogTemp: Display: Loaded TP MacTargetPlatform
[2019.02.15-10.07.07:772][  0]LogTemp: Display: Loaded TP WindowsClientTargetPlatform
[2019.02.15-10.07.07:788][  0]LogTemp: Display: Loaded TP WindowsNoEditorTargetPlatform
[2019.02.15-10.07.07:804][  0]LogTemp: Display: Loaded TP WindowsServerTargetPlatform
[2019.02.15-10.07.07:812][  0]LogTemp: Display: Loaded TP WindowsTargetPlatform
[2019.02.15-10.07.07:903][  0]LogTemp: Display: Loaded TP AndroidTargetPlatform
[2019.02.15-10.07.07:903][  0]LogTemp: Display: Loaded TP AndroidTargetPlatform
[2019.02.15-10.07.07:903][  0]LogTemp: Display: Loaded TP AndroidTargetPlatform
[2019.02.15-10.07.07:903][  0]LogTemp: Display: Loaded TP AndroidTargetPlatform
[2019.02.15-10.07.07:903][  0]LogTemp: Display: Loaded TP AndroidTargetPlatform
[2019.02.15-10.07.07:903][  0]LogTemp: Display: Loaded TP AndroidTargetPlatform
[2019.02.15-10.07.07:903][  0]LogTemp: Display: Loaded TP AndroidTargetPlatform
[2019.02.15-10.07.07:904][  0]LogTemp: Display: Loaded TP AndroidTargetPlatform
[2019.02.15-10.07.07:904][  0]LogTemp: Display: Loaded TP AndroidTargetPlatform
[2019.02.15-10.07.07:904][  0]LogTemp: Display: Loaded TP AndroidTargetPlatform
[2019.02.15-10.07.07:904][  0]LogTemp: Display: Loaded TP AndroidTargetPlatform
[2019.02.15-10.07.07:904][  0]LogTemp: Display: Loaded TP AndroidTargetPlatform
[2019.02.15-10.07.07:904][  0]LogTemp: Display: Loaded TP AndroidTargetPlatform
[2019.02.15-10.07.07:904][  0]LogTemp: Display: Loaded TP AndroidTargetPlatform
[2019.02.15-10.07.07:904][  0]LogTemp: Display: Loaded TP AndroidTargetPlatform
[2019.02.15-10.07.07:904][  0]LogTemp: Display: Loaded TP AndroidTargetPlatform
[2019.02.15-10.07.07:904][  0]LogTemp: Display: Loaded TP AndroidTargetPlatform
[2019.02.15-10.07.07:904][  0]LogTemp: Display: Loaded TP AndroidTargetPlatform
[2019.02.15-10.07.07:905][  0]LogTemp: Display: Loaded TP HTML5TargetPlatform
[2019.02.15-10.07.07:968][  0]LogTemp: Display: Loaded TP IOSTargetPlatform
[2019.02.15-10.07.07:968][  0]LogTemp: Display: Loaded TP IOSTargetPlatform
[2019.02.15-10.07.07:991][  0]LogTemp: Display: Loaded TP TVOSTargetPlatform
[2019.02.15-10.07.07:991][  0]LogTemp: Display: Loaded TP TVOSTargetPlatform
[2019.02.15-10.07.08:004][  0]LogTemp: Display: Loaded TP LinuxClientTargetPlatform
[2019.02.15-10.07.08:018][  0]LogTemp: Display: Loaded TP LinuxNoEditorTargetPlatform
[2019.02.15-10.07.08:031][  0]LogTemp: Display: Loaded TP LinuxServerTargetPlatform
[2019.02.15-10.07.08:045][  0]LogTemp: Display: Loaded TP LinuxTargetPlatform
[2019.02.15-10.07.08:055][  0]LogTemp: Display: Loaded TP LuminTargetPlatform
[2019.02.15-10.07.08:055][  0]LogTargetPlatformManager: Display: Building Assets For Windows
[2019.02.15-10.07.08:144][  0]LogXGEController: Cleaning working directory: C:/Users/trj1crt/AppData/Local/Temp/UnrealXGEWorkingDir/
[2019.02.15-10.07.08:144][  0]LogXGEController: Cannot use XGE Controller as Incredibuild is not installed on this machine.
[2019.02.15-10.07.08:144][  0]LogShaderCompilers: Cannot use XGE Shader Compiler as Incredibuild is not installed on this machine.
[2019.02.15-10.07.08:145][  0]LogShaderCompilers: Display: Using Local Shader Compiler.
[2019.02.15-10.07.08:946][  0]LogDerivedDataCache: Display: Max Cache Size: 512 MB
[2019.02.15-10.07.09:064][  0]LogDerivedDataCache: Loaded boot cache 0.12s 71MB C:/Users/trj1crt/AppData/Local/UnrealEngine/4.20/DerivedDataCache/Boot.ddc.
[2019.02.15-10.07.09:067][  0]LogDerivedDataCache: Display: Loaded Boot cache: C:/Users/trj1crt/AppData/Local/UnrealEngine/4.20/DerivedDataCache/Boot.ddc
[2019.02.15-10.07.09:067][  0]LogDerivedDataCache: FDerivedDataBackendGraph:  Pak pak cache file ../../../../../../Temp/Rhun/castleforce/Castleforce/DerivedDataCache/DDC.ddp not found, will not use a pak cache.
[2019.02.15-10.07.09:067][  0]LogDerivedDataCache: Unable to find inner node Pak for hierarchical cache Hierarchy.
[2019.02.15-10.07.09:067][  0]LogDerivedDataCache: FDerivedDataBackendGraph:  CompressedPak pak cache file ../../../../../../Temp/Rhun/castleforce/Castleforce/DerivedDataCache/Compressed.ddp not found, will not use a pak cache.
[2019.02.15-10.07.09:067][  0]LogDerivedDataCache: Unable to find inner node CompressedPak for hierarchical cache Hierarchy.
[2019.02.15-10.07.09:081][  0]LogDerivedDataCache: Display: Pak cache opened for reading ../../../Engine/DerivedDataCache/Compressed.ddp.
[2019.02.15-10.07.09:094][  0]LogDerivedDataCache: Using Local data cache path C:/Users/trj1crt/AppData/Local/UnrealEngine/Common/DerivedDataCache: Writable
[2019.02.15-10.07.09:094][  0]LogDerivedDataCache: Shared data cache path not found in *engine.ini, will not use an Shared cache.
[2019.02.15-10.07.09:094][  0]LogDerivedDataCache: Unable to find inner node Shared for hierarchical cache Hierarchy.
[2019.02.15-10.07.09:113][  0]LogMaterial: Verifying Global Shaders for PCD3D_SM5
[2019.02.15-10.07.09:115][  0]LogSlate: Using FreeType 2.6.0
[2019.02.15-10.07.09:115][  0]LogSlate: SlateFontServices - WITH_FREETYPE: 1, WITH_HARFBUZZ: 1
[2019.02.15-10.07.09:205][  0]LogAssetRegistry: FAssetRegistry took 0.0269 seconds to start up
[2019.02.15-10.07.09:533][  0]LogInit: Selected Device Profile: [Windows]
[2019.02.15-10.07.09:671][  0]LogSimplygon: Simplygon DLL not present - disabling.
[2019.02.15-10.07.09:676][  0]LogMeshReduction: Using SimplygonSwarm for distributed automatic mesh merging
[2019.02.15-10.07.09:676][  0]LogMeshReduction: Using ProxyLODMeshReduction for automatic mesh merging
[2019.02.15-10.07.09:676][  0]LogMeshReduction: Using QuadricMeshReduction for automatic static mesh reduction
[2019.02.15-10.07.09:677][  0]LogMeshReduction: No automatic skeletal mesh reduction module available
[2019.02.15-10.07.09:697][  0]LogNetVersion: Castleforce 1.0.0, NetCL: 4212847, EngineNetVer: 5, GameNetVer: 0 (Checksum: 2622368503)
[2019.02.15-10.07.10:313][  0]LogPackageLocalizationCache: Processed 11 localized package path(s) for 2 prioritized culture(s) in 0.205607 seconds
[2019.02.15-10.07.10:322][  0]LogUObjectArray: 38425 objects as part of root set at end of initial load.
[2019.02.15-10.07.10:322][  0]LogUObjectAllocator: 6690864 out of 0 bytes used by permanent object pool.
[2019.02.15-10.07.10:322][  0]LogUObjectArray: CloseDisregardForGC: 0/0 objects in disregard for GC pool
[2019.02.15-10.07.11:267][  0]LogTcpMessaging: Initializing TcpMessaging bridge
[2019.02.15-10.07.11:280][  0]LogUdpMessaging: Initializing bridge on interface 0.0.0.0:0 to multicast group 230.0.0.1:6666.
[2019.02.15-10.07.11:445][  0]SourceControl: Source control is disabled
[2019.02.15-10.07.11:445][  0]SourceControl: Source control is disabled
[2019.02.15-10.07.11:447][  0]SourceControl: Source control is disabled
[2019.02.15-10.07.11:448][  0]SourceControl: Source control is disabled
[2019.02.15-10.07.11:637][  0]LogAndroidPermission: UAndroidPermissionCallbackProxy::GetInstance
[2019.02.15-10.07.11:663][  0]LogOcInput: OculusInput pre-init called
[2019.02.15-10.07.11:732][  0]LogEngine: Initializing Engine...
[2019.02.15-10.07.11:733][  0]LogHMD: Failed to initialize OpenVR with code 110
[2019.02.15-10.07.11:734][  0]LogStats: UGameplayTagsManager::ConstructGameplayTagTree: ImportINI prefixes -  0.000 s
[2019.02.15-10.07.11:734][  0]LogStats: UGameplayTagsManager::ConstructGameplayTagTree: Construct from data asset -  0.000 s
[2019.02.15-10.07.11:734][  0]LogStats: UGameplayTagsManager::ConstructGameplayTagTree: ImportINI -  0.000 s
[2019.02.15-10.07.11:735][  0]LogStats: UGameplayTagsManager::ConstructGameplayTagTree: GameplayTagTreeChangedEvent.Broadcast -  0.000 s
[2019.02.15-10.07.11:963][  0]LogInit: Initializing FReadOnlyCVARCache
[2019.02.15-10.07.11:982][  0]LogAIModule: Creating AISystem for world Untitled
[2019.02.15-10.07.11:987][  0]LogInit: No audio devices found!
[2019.02.15-10.07.11:987][  0]LogNetVersion: Set ProjectVersion to 1.0.0.0. Version Checksum will be recalculated on next use.
[2019.02.15-10.07.12:142][  0]LogDerivedDataCache: Saved boot cache 0.16s 71MB C:/Users/trj1crt/AppData/Local/UnrealEngine/4.20/DerivedDataCache/Boot.ddc.
[2019.02.15-10.07.12:183][  0]LogInit: Texture streaming: Enabled
[2019.02.15-10.07.12:209][  0]LogEngineSessionManager: EngineSessionManager initialized
[2019.02.15-10.07.12:209][  0]LogEngineSessionManager: EngineSessionManager sent abnormal shutdown report. Type=Crashed, SessionId={53EC9DBB-4351-9960-56F5-29B0F6DA8CCB}
[2019.02.15-10.07.12:209][  0]LogEngineSessionManager: EngineSessionManager sent abnormal shutdown report. Type=Debugger, SessionId={7B015ADC-4479-5D26-CD1F-C99BBCE2A54D}
[2019.02.15-10.07.12:227][  0]LogInit: Transaction tracking system initialized
[2019.02.15-10.07.12:266][  0]BlueprintLog: New page: Editor Load
[2019.02.15-10.07.12:382][  0]LocalizationService: Localization service is disabled
[2019.02.15-10.07.12:656][  0]LogCook: Display: Max memory allowance for cook 16384mb min free memory 0mb
[2019.02.15-10.07.12:656][  0]LogCook: Display: Mobile HDR setting 1
[2019.02.15-10.07.12:656][  0]LogGameplayTags: Display: UGameplayTagsManager::DoneAddingNativeTags. DelegateIsBound: 0
[2019.02.15-10.07.12:656][  0]LogStats: UGameplayTagsManager::ConstructGameplayTagTree: ImportINI prefixes -  0.000 s
[2019.02.15-10.07.12:656][  0]LogStats: UGameplayTagsManager::ConstructGameplayTagTree: Construct from data asset -  0.000 s
[2019.02.15-10.07.12:656][  0]LogStats: UGameplayTagsManager::ConstructGameplayTagTree: ImportINI -  0.000 s
[2019.02.15-10.07.12:656][  0]LogStats: UGameplayTagsManager::ConstructGameplayTagTree: GameplayTagTreeChangedEvent.Broadcast -  0.000 s
[2019.02.15-10.07.12:815][  0]LogFileCache: Scanning file cache for directory 'C:/Temp/Rhun/castleforce/Castleforce/Content/' took 0.02s
[2019.02.15-10.07.12:815][  0]SourceControl: Source control is disabled
[2019.02.15-10.07.12:816][  0]Cmd: MAP LOAD FILE="../../../../../../Temp/Rhun/castleforce/Castleforce/Content/Levels/Level1.umap" TEMPLATE=0 SHOWPROGRESS=1 FEATURELEVEL=3
[2019.02.15-10.07.12:816][  0]LightingResults: New page: Lighting Build
[2019.02.15-10.07.12:821][  0]MapCheck: New page: Map Check
[2019.02.15-10.07.12:821][  0]LightingResults: New page: Lighting Build
[2019.02.15-10.07.13:033][  0]LogAIModule: Creating AISystem for world Level1
[2019.02.15-10.07.13:038][  0]LogEditorServer: Finished looking for orphan Actors (0.000 secs)
[2019.02.15-10.07.13:062][  0]Cmd: MAP CHECKDEP NOCLEARLOG
[2019.02.15-10.07.13:149][  0]MapCheck: Map check complete: 0 Error(s), 0 Warning(s), took 86.255ms to complete.
[2019.02.15-10.07.13:149][  0]LogFileHelpers: Loading map 'Level1' took 0.333
[2019.02.15-10.07.13:252][  0]LogSlate: Updating window title bar state: overlay mode, drag disabled, window buttons hidden, title bar hidden
[2019.02.15-10.07.13:259][  0]LogSlate: Updating window title bar state: overlay mode, drag disabled, window buttons hidden, title bar hidden
[2019.02.15-10.07.13:266][  0]LogSlate: Updating window title bar state: overlay mode, drag disabled, window buttons hidden, title bar hidden
[2019.02.15-10.07.13:273][  0]LogSlate: Updating window title bar state: overlay mode, drag disabled, window buttons hidden, title bar hidden
[2019.02.15-10.07.13:282][  0]LogCollectionManager: Loaded 0 collections in 0.003085 seconds
[2019.02.15-10.07.13:325][  0]LogFileCache: Scanning file cache for directory 'C:/Temp/Rhun/castleforce/Castleforce/Saved/Collections/' took 0.01s
[2019.02.15-10.07.13:325][  0]LogFileCache: Scanning file cache for directory 'C:/Temp/Rhun/castleforce/Castleforce/Content/Developers/trj1crt/Collections/' took 0.01s
[2019.02.15-10.07.13:325][  0]LogFileCache: Scanning file cache for directory 'C:/Temp/Rhun/castleforce/Castleforce/Content/Collections/' took 0.01s
[2019.02.15-10.07.13:325][  0]LogCollectionManager: Rebuilt the GUID cache for 0 collections in 0.000000 seconds
[2019.02.15-10.07.13:337][  0]LogContentBrowser: Native class hierarchy populated in 0.0110 seconds. Added 2583 classes and 607 folders.
[2019.02.15-10.07.13:346][  0]LogContentBrowser: Native class hierarchy updated for 'WidgetCarousel' in 0.0008 seconds. Added 0 classes and 0 folders.
[2019.02.15-10.07.13:413][  0]LogContentBrowser: Native class hierarchy updated for 'AddContentDialog' in 0.0010 seconds. Added 0 classes and 0 folders.
[2019.02.15-10.07.13:452][  0]LogSlate: Took 0.000249 seconds to synchronously load lazily loaded font '../../../Engine/Content/Slate/Fonts/Roboto-Regular.ttf' (155K)
[2019.02.15-10.07.13:456][  0]LogSlate: Took 0.000218 seconds to synchronously load lazily loaded font '../../../Engine/Content/Slate/Fonts/Roboto-Bold.ttf' (160K)
[2019.02.15-10.07.13:458][  0]LogSlate: Took 0.000195 seconds to synchronously load lazily loaded font '../../../Engine/Content/Editor/Slate/Fonts/FontAwesome.ttf' (139K)
[2019.02.15-10.07.13:528][  0]LogRenderer: Reallocating scene render targets to support 1208x576 Format 10 NumSamples 1 (Frame:1).
[2019.02.15-10.07.13:602][  0]LogSlate: Took 0.000229 seconds to synchronously load lazily loaded font '../../../Engine/Content/Slate/Fonts/Roboto-Light.ttf' (167K)
[2019.02.15-10.07.13:700][  0]LogContentBrowser: Native class hierarchy updated for 'HierarchicalLODOutliner' in 0.0009 seconds. Added 0 classes and 0 folders.
[2019.02.15-10.07.13:700][  0]LogLoad: (Engine Initialization) Total time: 9.62 seconds
[2019.02.15-10.07.13:700][  0]LogLoad: (Engine Initialization) Total Blueprint compile time: 0.00 seconds
[2019.02.15-10.07.13:710][  0]LogWindowsTextInputMethodSystem: Display: IME system now deactivated.
[2019.02.15-10.07.13:745][  0]LogContentStreaming: Texture pool size now 1000 MB
[2019.02.15-10.07.13:771][  1]LogFileCache: Retrieving MD5 hashes for directory 'C:/Temp/Rhun/castleforce/Castleforce/Content/' took 0.05s
[2019.02.15-10.07.13:781][  1]LogAssetRegistry: Asset discovery search completed in 4.5992 seconds
[2019.02.15-10.07.13:783][  1]LogCollectionManager: Rebuilt the object cache for 0 collections in 0.000000 seconds (found 0 objects)
[2019.02.15-10.07.13:783][  1]LogCollectionManager: Fixed up redirectors for 0 collections in 0.000038 seconds (updated 0 objects)
[2019.02.15-10.09.39:652][647]LogSlate: FSceneViewport::OnFocusLost() reason 0
[2019.02.15-10.09.39:806][647]Candidate modules for hot reload:
[2019.02.15-10.09.39:806][647]  Castleforce
[2019.02.15-10.09.39:806][647]Launching UnrealBuildTool... [C:/Program Files/Epic Games/UE_4.20/Engine/Binaries/DotNET/UnrealBuildTool.exe  -ModuleWithSuffix=Castleforce,590 Win64 Development -TargetType=Editor -Project="../../../../../../Temp/Rhun/castleforce/Castleforce/Castleforce.uproject" -canskiplink "C:/Temp/Rhun/castleforce/Castleforce/Castleforce.uproject" ]
[2019.02.15-10.09.39:815][647]Warning: Starting HotReload took  0.0s.
[2019.02.15-10.09.50:120][881]CompilerResultsLog: New page: Compilation - 15 Feb 2019 10:09:50
[2019.02.15-10.09.50:120][881]CompilerResultsLog: Using 'git status' to determine working set for adaptive non-unity build.
[2019.02.15-10.09.50:120][881]CompilerResultsLog: Creating makefile for hot reloading CastleforceEditor (modules to compile have changed)
[2019.02.15-10.09.50:120][881]CompilerResultsLog: Compiling game modules for hot reload
[2019.02.15-10.09.50:120][881]CompilerResultsLog: Using Visual Studio 2017 14.15.26726 toolchain (C:\Program Files (x86)\Microsoft Visual Studio\2017\Enterprise\VC\Tools\MSVC\14.15.26726) and Windows 10.0.15063.0 SDK (C:\Program Files (x86)\Windows Kits\10).
[2019.02.15-10.09.50:120][881]CompilerResultsLog: Building 3 actions with 8 processes...
[2019.02.15-10.09.50:120][881]CompilerResultsLog:   [1/3] CastleforceUnit.cpp
[2019.02.15-10.09.50:120][881]CompilerResultsLog:   [2/3] UE4Editor-Castleforce-590.lib
[2019.02.15-10.09.50:120][881]CompilerResultsLog:      Creating library C:\Temp\Rhun\castleforce\Castleforce\Intermediate\Build\Win64\UE4Editor\Development\Castleforce\UE4Editor-Castleforce-590.lib and object C:\Temp\Rhun\castleforce\Castleforce\Intermediate\Build\Win64\UE4Editor\Development\Castleforce\UE4Editor-Castleforce-590.exp
[2019.02.15-10.09.50:120][881]CompilerResultsLog:   [3/3] UE4Editor-Castleforce-590.dll
[2019.02.15-10.09.50:120][881]CompilerResultsLog:      Creating library C:\Temp\Rhun\castleforce\Castleforce\Intermediate\Build\Win64\UE4Editor\Development\Castleforce\UE4Editor-Castleforce-590.suppressed.lib and object C:\Temp\Rhun\castleforce\Castleforce\Intermediate\Build\Win64\UE4Editor\Development\Castleforce\UE4Editor-Castleforce-590.suppressed.exp
[2019.02.15-10.09.50:120][881]CompilerResultsLog: Total build time: 10.02 seconds (Parallel executor: 2.43 seconds)
[2019.02.15-10.09.50:120][881]LogMainFrame: MainFrame: Module compiling took 10.321 seconds
[2019.02.15-10.09.50:165][881]LogContentBrowser: Native class hierarchy updated for 'Castleforce' in 0.0009 seconds. Added 10 classes and 2 folders.
[2019.02.15-10.09.50:167][881]Display: HotReload successful (2 functions remapped  0 scriptstructs remapped)
[2019.02.15-10.09.50:325][881]LogContentBrowser: Native class hierarchy populated in 0.0097 seconds. Added 2583 classes and 607 folders.
[2019.02.15-10.09.50:325][881]Display: HotReload took 10.5s.
[2019.02.15-10.09.58:984][909]LogTemp: Repeating last play command: Selected Viewport
[2019.02.15-10.09.59:002][909]LogBlueprintUserMessages: Early PlayInEditor Detection: Level '/Game/Levels/Level1.Level1:PersistentLevel' has LevelScriptBlueprint '/Game/Levels/Level1.Level1:PersistentLevel.Level1' with GeneratedClass '/Game/Levels/Level1.Level1_C' with ClassGeneratedBy '/Game/Levels/Level1.Level1:PersistentLevel.Level1'
[2019.02.15-10.09.59:002][909]LogPlayLevel: PlayLevel: No blueprints needed recompiling
[2019.02.15-10.09.59:015][909]PIE: New page: PIE session: Level1 (15 Feb 2019 10:09:59)
[2019.02.15-10.09.59:015][909]LogPlayLevel: Creating play world package: /Game/Levels/UEDPIE_0_Level1
[2019.02.15-10.09.59:043][909]LogPlayLevel: PIE: StaticDuplicateObject took: (0.028117s)
[2019.02.15-10.09.59:044][909]LogAIModule: Creating AISystem for world Level1
[2019.02.15-10.09.59:044][909]LogPlayLevel: PIE: World Init took: (0.000976s)
[2019.02.15-10.09.59:044][909]LogPlayLevel: PIE: Created PIE world by copying editor world from /Game/Levels/Level1.Level1 to /Game/Levels/UEDPIE_0_Level1.Level1 (0.029269s)
[2019.02.15-10.09.59:141][909]LogLoad: Game class is 'MyCastleforceGameMode_C'
[2019.02.15-10.09.59:143][909]LogWorld: Bringing World /Game/Levels/UEDPIE_0_Level1.Level1 up for play (max tick rate 0) at 2019.02.15-10.09.59
[2019.02.15-10.09.59:143][909]LogWorld: Bringing up level for play took: 0.000611
[2019.02.15-10.09.59:192][909]LogContentBrowser: Native class hierarchy updated for 'MovieSceneCapture' in 0.0008 seconds. Added 10 classes and 0 folders.
[2019.02.15-10.09.59:200][909]PIE: Play in editor start time for /Game/Levels/UEDPIE_0_Level1 0.656
[2019.02.15-10.09.59:200][909]LogBlueprintUserMessages: Late PlayInEditor Detection: Level '/Game/Levels/Level1.Level1:PersistentLevel' has LevelScriptBlueprint '/Game/Levels/Level1.Level1:PersistentLevel.Level1' with GeneratedClass '/Game/Levels/Level1.Level1_C' with ClassGeneratedBy '/Game/Levels/Level1.Level1:PersistentLevel.Level1'
[2019.02.15-10.10.00:266][ 31]LogActor: Warning: CastleforceKnight_C /Game/Levels/UEDPIE_0_Level1.Level1:PersistentLevel.CastleforceKnight_C_0 has natively added scene component(s), but none of them were set as the actor's RootComponent - picking one arbitrarily
[2019.02.15-10.10.29:818][577]LogSlate: FSceneViewport::OnFocusLost() reason 0
[2019.02.15-10.10.29:919][589]LogBlueprintUserMessages: Early EndPlayMap Detection: Level '/Game/Levels/Level1.Level1:PersistentLevel' has LevelScriptBlueprint '/Game/Levels/Level1.Level1:PersistentLevel.Level1' with GeneratedClass '/Game/Levels/Level1.Level1_C' with ClassGeneratedBy '/Game/Levels/Level1.Level1:PersistentLevel.Level1'
[2019.02.15-10.10.29:919][589]LogSlate: Updating window title bar state: overlay mode, drag disabled, window buttons hidden, title bar hidden
[2019.02.15-10.10.29:951][589]LogPlayLevel: Display: Shutting down PIE online subsystems
[2019.02.15-10.10.29:951][589]LogBlueprintUserMessages: Late EndPlayMap Detection: Level '/Game/Levels/Level1.Level1:PersistentLevel' has LevelScriptBlueprint '/Game/Levels/Level1.Level1:PersistentLevel.Level1' with GeneratedClass '/Game/Levels/Level1.Level1_C' with ClassGeneratedBy '/Game/Levels/Level1.Level1:PersistentLevel.Level1'
[2019.02.15-10.10.29:970][589]LogSlate: Updating window title bar state: overlay mode, drag disabled, window buttons hidden, title bar hidden
[2019.02.15-10.10.30:019][594]LogPlayLevel: Display: Destroying online subsystem :Context_2
[2019.02.15-10.19.30:043][156]Candidate modules for hot reload:
[2019.02.15-10.19.30:043][156]  Castleforce
[2019.02.15-10.19.30:043][156]Launching UnrealBuildTool... [C:/Program Files/Epic Games/UE_4.20/Engine/Binaries/DotNET/UnrealBuildTool.exe  -ModuleWithSuffix=Castleforce,1269 Win64 Development -TargetType=Editor -Project="../../../../../../Temp/Rhun/castleforce/Castleforce/Castleforce.uproject" -canskiplink "C:/Temp/Rhun/castleforce/Castleforce/Castleforce.uproject" ]
[2019.02.15-10.19.30:059][156]Warning: Starting HotReload took  0.0s.
[2019.02.15-10.19.45:990][ 64]CompilerResultsLog: New page: Compilation - 15 Feb 2019 10:19:45
[2019.02.15-10.19.45:990][ 64]CompilerResultsLog: Using 'git status' to determine working set for adaptive non-unity build.
[2019.02.15-10.19.45:991][ 64]CompilerResultsLog: Compiling game modules for hot reload
[2019.02.15-10.19.45:991][ 64]CompilerResultsLog: Parsing headers for CastleforceEditor
[2019.02.15-10.19.45:991][ 64]CompilerResultsLog:   Running UnrealHeaderTool "C:\Temp\Rhun\castleforce\Castleforce\Castleforce.uproject" "C:\Temp\Rhun\castleforce\Castleforce\Intermediate\Build\Win64\CastleforceEditor\Development\CastleforceEditor.uhtmanifest" -LogCmds="loginit warning, logexit warning, logdatabase error" -Unattended -WarningsAsErrors -installed
[2019.02.15-10.19.45:991][ 64]CompilerResultsLog: Reflection code generated for CastleforceEditor in 11.0394562 seconds
[2019.02.15-10.19.45:991][ 64]CompilerResultsLog: Building 7 actions with 8 processes...
[2019.02.15-10.19.45:991][ 64]CompilerResultsLog:   [1/7] CastleforceGameMode.cpp
[2019.02.15-10.19.45:991][ 64]CompilerResultsLog:    c:\temp\rhun\castleforce\castleforce\source\castleforce\CastleforceHexPawn.h(13) : error C2365: 'None': redefinition; previous definition was 'enumerator'
[2019.02.15-10.19.45:991][ 64]CompilerResultsLog:   c:\temp\rhun\castleforce\castleforce\source\castleforce\CastleforceHexPawn.h(12): note: see declaration of 'None'
[2019.02.15-10.19.45:991][ 64]CompilerResultsLog:    c:\temp\rhun\castleforce\castleforce\source\castleforce\CastleforceHexPawn.h(14) : error C2365: 'None': redefinition; previous definition was 'enumerator'
[2019.02.15-10.19.45:991][ 64]CompilerResultsLog:   c:\temp\rhun\castleforce\castleforce\source\castleforce\CastleforceHexPawn.h(12): note: see declaration of 'None'
[2019.02.15-10.19.45:991][ 64]CompilerResultsLog:   [2/7] CastleforceHexPawn.gen.cpp
[2019.02.15-10.19.45:991][ 64]CompilerResultsLog:    C:\Temp\Rhun\castleforce\Castleforce\Source\Castleforce/CastleforceHexPawn.h(13) : error C2365: 'None': redefinition; previous definition was 'enumerator'
[2019.02.15-10.19.45:991][ 64]CompilerResultsLog:   C:\Temp\Rhun\castleforce\Castleforce\Source\Castleforce/CastleforceHexPawn.h(12): note: see declaration of 'None'
[2019.02.15-10.19.45:991][ 64]CompilerResultsLog:    C:\Temp\Rhun\castleforce\Castleforce\Source\Castleforce/CastleforceHexPawn.h(14) : error C2365: 'None': redefinition; previous definition was 'enumerator'
[2019.02.15-10.19.45:991][ 64]CompilerResultsLog:   C:\Temp\Rhun\castleforce\Castleforce\Source\Castleforce/CastleforceHexPawn.h(12): note: see declaration of 'None'
[2019.02.15-10.19.45:991][ 64]CompilerResultsLog:   [3/7] CastleforcePawn.gen.cpp
[2019.02.15-10.19.45:991][ 64]CompilerResultsLog:   [4/7] CastleforcePawn.cpp
[2019.02.15-10.19.45:991][ 64]CompilerResultsLog:   [5/7] CastleforceHexPawn.cpp
[2019.02.15-10.19.45:991][ 64]CompilerResultsLog:    c:\temp\rhun\castleforce\castleforce\source\castleforce\CastleforceHexPawn.h(13) : error C2365: 'None': redefinition; previous definition was 'enumerator'
[2019.02.15-10.19.45:991][ 64]CompilerResultsLog:   c:\temp\rhun\castleforce\castleforce\source\castleforce\CastleforceHexPawn.h(12): note: see declaration of 'None'
[2019.02.15-10.19.45:991][ 64]CompilerResultsLog:    c:\temp\rhun\castleforce\castleforce\source\castleforce\CastleforceHexPawn.h(14) : error C2365: 'None': redefinition; previous definition was 'enumerator'
[2019.02.15-10.19.45:991][ 64]CompilerResultsLog:   c:\temp\rhun\castleforce\castleforce\source\castleforce\CastleforceHexPawn.h(12): note: see declaration of 'None'
[2019.02.15-10.19.45:991][ 64]CompilerResultsLog: ERROR: UBT ERROR: Failed to produce item: C:\Temp\Rhun\castleforce\Castleforce\Binaries\Win64\UE4Editor-Castleforce-1269.dll
[2019.02.15-10.19.45:991][ 64]CompilerResultsLog:        (see ../Programs/UnrealBuildTool/Log.txt for full exception trace)
[2019.02.15-10.19.45:991][ 64]CompilerResultsLog: Total build time: 15.58 seconds (Parallel executor: 0.00 seconds)
[2019.02.15-10.19.45:991][ 64]LogMainFrame: MainFrame: Module compiling took 15.956 seconds
[2019.02.15-10.19.45:991][ 64]Warning: HotReload failed, recompile failed
[2019.02.15-10.19.56:401][291]LogVSAccessor: Warning: Couldn't goto line number '13' in 'c:\temp\rhun\castleforce\castleforce\source\castleforce\CastleforceHexPawn.h'
[2019.02.15-10.20.50:916][636]Candidate modules for hot reload:
[2019.02.15-10.20.50:916][636]  Castleforce
[2019.02.15-10.20.50:916][636]Launching UnrealBuildTool... [C:/Program Files/Epic Games/UE_4.20/Engine/Binaries/DotNET/UnrealBuildTool.exe  -ModuleWithSuffix=Castleforce,2600 Win64 Development -TargetType=Editor -Project="../../../../../../Temp/Rhun/castleforce/Castleforce/Castleforce.uproject" -canskiplink "C:/Temp/Rhun/castleforce/Castleforce/Castleforce.uproject" ]
[2019.02.15-10.20.50:930][636]Warning: Starting HotReload took  0.0s.
[2019.02.15-10.21.08:726][752]CompilerResultsLog: New page: Compilation - 15 Feb 2019 10:21:08
[2019.02.15-10.21.08:727][752]CompilerResultsLog: Using 'git status' to determine working set for adaptive non-unity build.
[2019.02.15-10.21.08:727][752]CompilerResultsLog: Compiling game modules for hot reload
[2019.02.15-10.21.08:727][752]CompilerResultsLog: Parsing headers for CastleforceEditor
[2019.02.15-10.21.08:727][752]CompilerResultsLog:   Running UnrealHeaderTool "C:\Temp\Rhun\castleforce\Castleforce\Castleforce.uproject" "C:\Temp\Rhun\castleforce\Castleforce\Intermediate\Build\Win64\CastleforceEditor\Development\CastleforceEditor.uhtmanifest" -LogCmds="loginit warning, logexit warning, logdatabase error" -Unattended -WarningsAsErrors -installed
[2019.02.15-10.21.08:727][752]CompilerResultsLog: Reflection code generated for CastleforceEditor in 11.7313178 seconds
[2019.02.15-10.21.08:727][752]CompilerResultsLog: Building 5 actions with 8 processes...
[2019.02.15-10.21.08:727][752]CompilerResultsLog:   [1/5] CastleforceGameMode.cpp
[2019.02.15-10.21.08:727][752]CompilerResultsLog:   [2/5] CastleforceHexPawn.gen.cpp
[2019.02.15-10.21.08:727][752]CompilerResultsLog:   [3/5] CastleforceHexPawn.cpp
[2019.02.15-10.21.08:727][752]CompilerResultsLog:   [4/5] UE4Editor-Castleforce-2600.lib
[2019.02.15-10.21.08:727][752]CompilerResultsLog:      Creating library C:\Temp\Rhun\castleforce\Castleforce\Intermediate\Build\Win64\UE4Editor\Development\Castleforce\UE4Editor-Castleforce-2600.lib and object C:\Temp\Rhun\castleforce\Castleforce\Intermediate\Build\Win64\UE4Editor\Development\Castleforce\UE4Editor-Castleforce-2600.exp
[2019.02.15-10.21.08:727][752]CompilerResultsLog:   [5/5] UE4Editor-Castleforce-2600.dll
[2019.02.15-10.21.08:727][752]CompilerResultsLog:      Creating library C:\Temp\Rhun\castleforce\Castleforce\Intermediate\Build\Win64\UE4Editor\Development\Castleforce\UE4Editor-Castleforce-2600.suppressed.lib and object C:\Temp\Rhun\castleforce\Castleforce\Intermediate\Build\Win64\UE4Editor\Development\Castleforce\UE4Editor-Castleforce-2600.suppressed.exp
[2019.02.15-10.21.08:727][752]CompilerResultsLog: Total build time: 17.49 seconds (Parallel executor: 2.91 seconds)
[2019.02.15-10.21.08:727][752]LogMainFrame: MainFrame: Module compiling took 17.818 seconds
[2019.02.15-10.21.08:765][752]LogClass: Could not find existing class CastleforceHexPawn in package /Script/Castleforce for HotReload, assuming new class
[2019.02.15-10.21.08:771][752]LogHotReload: Re-instancing CastleforceGameMode after hot-reload.
[2019.02.15-10.21.08:817][752]LogHotReload: Re-instancing CastleforceHexPawn after hot-reload.
[2019.02.15-10.21.08:864][752]LogContentBrowser: Native class hierarchy updated for 'Castleforce' in 0.0009 seconds. Added 10 classes and 2 folders.
[2019.02.15-10.21.08:866][752]Display: HotReload successful (2 functions remapped  0 scriptstructs remapped)
[2019.02.15-10.21.08:914][752]LogContentBrowser: Native class hierarchy populated in 0.0095 seconds. Added 2583 classes and 607 folders.
[2019.02.15-10.21.08:914][752]Display: HotReload took 18.0s.
[2019.02.15-10.25.01:428][613]LogSlate: Window 'Tutorials' being destroyed
[2019.02.15-10.25.03:320][832]LogEditorViewport: Clicking on Actor (LMB): BP_Sky_Sphere_C (SkySphere)
[2019.02.15-10.25.03:718][858]LogSlate: FSceneViewport::OnFocusLost() reason 0
[2019.02.15-10.25.12:219][833]LogEditorViewport: Clicking on Actor (LMB): BP_Sky_Sphere_C (SkySphere)
[2019.02.15-10.25.13:312][962]LogSlate: FSceneViewport::OnFocusLost() reason 0
[2019.02.15-10.39.56:435][ 98]LogDirectoryWatcher: Warning: Failed to begin reading directory changes for ../../../../../../Temp/Rhun/castleforce/Castleforce/Plugins/. Error: The system cannot find the file specified. (0x00000002)
[2019.02.15-10.40.02:593][785]LogSlate: Window 'New Plugin' being destroyed
[2019.02.15-10.40.02:597][785]LogSlate: Window 'New Plugin' being destroyed
[2019.02.15-10.40.24:538][402]LogSlate: Window 'New Plugin' being destroyed
[2019.02.15-10.40.24:541][402]LogSlate: Window 'New Plugin' being destroyed
[2019.02.15-10.46.04:262][860]LogSlate: Window 'Plugins' being destroyed
[2019.02.15-10.46.04:266][860]LogSlate: Window 'Plugins' being destroyed
[2019.02.15-10.46.04:266][860]LogDirectoryWatcher: A directory notification for '../../../Engine/Plugins/' was aborted.
[2019.02.15-10.46.06:348][108]Candidate modules for hot reload:
[2019.02.15-10.46.06:349][108]  Castleforce
[2019.02.15-10.46.06:349][108]Launching UnrealBuildTool... [C:/Program Files/Epic Games/UE_4.20/Engine/Binaries/DotNET/UnrealBuildTool.exe  -ModuleWithSuffix=Castleforce,3307 Win64 Development -TargetType=Editor -Project="../../../../../../Temp/Rhun/castleforce/Castleforce/Castleforce.uproject" -canskiplink "C:/Temp/Rhun/castleforce/Castleforce/Castleforce.uproject" ]
[2019.02.15-10.46.06:372][108]Warning: Starting HotReload took  0.0s.
[2019.02.15-10.46.09:548][489]CompilerResultsLog: New page: Compilation - 15 Feb 2019 10:46:09
[2019.02.15-10.46.09:548][489]CompilerResultsLog: Using 'git status' to determine working set for adaptive non-unity build.
[2019.02.15-10.46.09:548][489]CompilerResultsLog: Compiling game modules for hot reload
[2019.02.15-10.46.09:548][489]CompilerResultsLog: Target is up to date
[2019.02.15-10.46.09:548][489]CompilerResultsLog: Total build time: 2.81 seconds (NoActionsToExecute executor: 0.00 seconds)
[2019.02.15-10.46.09:548][489]LogMainFrame: MainFrame: Module compiling took 3.207 seconds
[2019.02.15-10.46.09:586][489]LogContentBrowser: Native class hierarchy populated in 0.0097 seconds. Added 2583 classes and 607 folders.
[2019.02.15-10.46.09:586][489]Display: HotReload took  3.3s.
[2019.02.15-10.47.04:375][ 95]LogSlate: Window 'Message Log' being destroyed
[2019.02.15-10.47.04:377][ 95]LogSlate: Window 'Plugins' being destroyed
[2019.02.15-10.47.04:378][ 95]LogDirectoryWatcher: A directory notification for '../../../Engine/Plugins/' was aborted.
[2019.02.15-10.47.04:378][ 95]LogDirectoryWatcher: A directory notification for '../../../../../../Temp/Rhun/castleforce/Castleforce/Plugins/' was aborted.
[2019.02.15-10.47.04:379][ 95]LogSlate: Window 'Castleforce - Unreal Editor' being destroyed
[2019.02.15-10.47.04:381][ 95]LogWindowsTextInputMethodSystem: Display: IME system now deactivated.
[2019.02.15-10.47.04:569][ 96]Cmd: QUIT_EDITOR
[2019.02.15-10.47.04:807][ 96]LogExit: Preparing to exit.
[2019.02.15-10.47.05:490][ 96]LogExit: Editor shut down
[2019.02.15-10.47.05:491][ 96]LogExit: Transaction tracking system shut down
[2019.02.15-10.47.06:168][ 96]LogExit: Object subsystem successfully closed.
[2019.02.15-10.47.06:190][ 96]LogShaderCompilers: Display: Shaders left to compile 0
[2019.02.15-10.47.06:193][ 96]LogD3D11RHI: Shutdown
[2019.02.15-10.47.06:193][ 96]LogD3D11RHI: CleanupD3DDevice
[2019.02.15-10.47.06:195][ 96]LogD3D11RHI: ~FD3D11DynamicRHI
[2019.02.15-10.47.06:235][ 96]LogModuleManager: Shutting down and abandoning module Castleforce (618)
[2019.02.15-10.47.06:235][ 96]LogModuleManager: Shutting down and abandoning module MovieSceneCapture (617)
[2019.02.15-10.47.06:235][ 96]LogModuleManager: Shutting down and abandoning module Voice (615)
[2019.02.15-10.47.06:235][ 96]LogModuleManager: Shutting down and abandoning module HierarchicalLODOutliner (612)
[2019.02.15-10.47.06:235][ 96]LogModuleManager: Shutting down and abandoning module AddContentDialog (610)
[2019.02.15-10.47.06:235][ 96]LogModuleManager: Shutting down and abandoning module WidgetCarousel (609)
[2019.02.15-10.47.06:235][ 96]LogModuleManager: Shutting down and abandoning module EditorWidgets (606)
[2019.02.15-10.47.06:236][ 96]LogModuleManager: Shutting down and abandoning module CollectionManager (604)
[2019.02.15-10.47.06:236][ 96]LogModuleManager: Shutting down and abandoning module SceneOutliner (602)
[2019.02.15-10.47.06:236][ 96]LogModuleManager: Shutting down and abandoning module StatsViewer (600)
[2019.02.15-10.47.06:236][ 96]LogModuleManager: Shutting down and abandoning module FoliageEdit (598)
[2019.02.15-10.47.06:236][ 96]LogModuleManager: Shutting down and abandoning module LandscapeEditor (596)
[2019.02.15-10.47.06:236][ 96]LogModuleManager: Shutting down and abandoning module MeshPaintMode (594)
[2019.02.15-10.47.06:236][ 96]LogModuleManager: Shutting down and abandoning module SceneDepthPickerMode (592)
[2019.02.15-10.47.06:236][ 96]LogModuleManager: Shutting down and abandoning module ActorPickerMode (590)
[2019.02.15-10.47.06:236][ 96]LogModuleManager: Shutting down and abandoning module GeometryMode (588)
[2019.02.15-10.47.06:236][ 96]LogModuleManager: Shutting down and abandoning module TextureAlignMode (586)
[2019.02.15-10.47.06:236][ 96]LogModuleManager: Shutting down and abandoning module BspMode (584)
[2019.02.15-10.47.06:236][ 96]LogModuleManager: Shutting down and abandoning module PIEPreviewDeviceProfileSelector (582)
[2019.02.15-10.47.06:236][ 96]LogModuleManager: Shutting down and abandoning module SequenceRecorderSections (580)
[2019.02.15-10.47.06:236][ 96]LogModuleManager: Shutting down and abandoning module AutomationWorker (578)
[2019.02.15-10.47.06:236][ 96]LogModuleManager: Shutting down and abandoning module AudioCaptureEditor (576)
[2019.02.15-10.47.06:237][ 96]LogModuleManager: Shutting down and abandoning module SequenceRecorder (575)
[2019.02.15-10.47.06:237][ 96]LogModuleManager: Shutting down and abandoning module MatineeToLevelSequence (572)
[2019.02.15-10.47.06:237][ 96]LogModuleManager: Shutting down and abandoning module LevelSequenceEditor (570)
[2019.02.15-10.47.06:237][ 96]LogModuleManager: Shutting down and abandoning module PlacementMode (569)
[2019.02.15-10.47.06:237][ 96]LogModuleManager: Shutting down and abandoning module MaterialEditor (568)
[2019.02.15-10.47.06:237][ 96]LogModuleManager: Shutting down and abandoning module WmfMediaFactory (564)
[2019.02.15-10.47.06:237][ 96]LogModuleManager: Shutting down and abandoning module WmfMediaEditor (562)
[2019.02.15-10.47.06:237][ 96]LogModuleManager: Shutting down and abandoning module MediaPlayerEditor (560)
[2019.02.15-10.47.06:237][ 96]LogModuleManager: Shutting down and abandoning module OpenExrWrapper (558)
[2019.02.15-10.47.06:237][ 96]LogModuleManager: Shutting down and abandoning module ImgMediaFactory (556)
[2019.02.15-10.47.06:237][ 96]LogModuleManager: Shutting down and abandoning module ImgMediaEditor (554)
[2019.02.15-10.47.06:237][ 96]LogModuleManager: Shutting down and abandoning module AvfMediaFactory (552)
[2019.02.15-10.47.06:237][ 96]LogModuleManager: Shutting down and abandoning module AvfMediaEditor (550)
[2019.02.15-10.47.06:237][ 96]LogModuleManager: Shutting down and abandoning module AndroidMediaFactory (548)
[2019.02.15-10.47.06:237][ 96]LogModuleManager: Shutting down and abandoning module AndroidMediaEditor (546)
[2019.02.15-10.47.06:237][ 96]LogModuleManager: Shutting down and abandoning module MagicLeapCameraPreviewFactory (544)
[2019.02.15-10.47.06:237][ 96]LogModuleManager: Shutting down and abandoning module MagicLeapMediaFactory (542)
[2019.02.15-10.47.06:237][ 96]LogModuleManager: Shutting down and abandoning module MagicLeapMediaEditor (540)
[2019.02.15-10.47.06:237][ 96]LogModuleManager: Shutting down and abandoning module CharacterAI (538)
[2019.02.15-10.47.06:237][ 96]LogModuleManager: Shutting down and abandoning module SmartSnapping (536)
[2019.02.15-10.47.06:237][ 96]LogModuleManager: Shutting down and abandoning module SessionServices (534)
[2019.02.15-10.47.06:238][ 96]LogModuleManager: Shutting down and abandoning module ViewportSnapping (532)
[2019.02.15-10.47.06:238][ 96]LogModuleManager: Shutting down and abandoning module ViewportInteraction (530)
[2019.02.15-10.47.06:238][ 96]LogModuleManager: Shutting down and abandoning module ClothPainter (528)
[2019.02.15-10.47.06:238][ 96]LogModuleManager: Shutting down and abandoning module SkeletalMeshEditor (527)
[2019.02.15-10.47.06:238][ 96]LogModuleManager: Shutting down and abandoning module LogVisualizer (524)
[2019.02.15-10.47.06:238][ 96]LogModuleManager: Shutting down and abandoning module IntroTutorials (522)
[2019.02.15-10.47.06:238][ 96]LogModuleManager: Shutting down and abandoning module GameProjectGeneration (521)
[2019.02.15-10.47.06:238][ 96]LogModuleManager: Shutting down and abandoning module LuminPlatformEditor (518)
[2019.02.15-10.47.06:238][ 96]LogModuleManager: Shutting down and abandoning module IOSPlatformEditor (516)
[2019.02.15-10.47.06:238][ 96]LogModuleManager: Shutting down and abandoning module HTML5PlatformEditor (514)
[2019.02.15-10.47.06:238][ 96]LogModuleManager: Shutting down and abandoning module AndroidPlatformEditor (512)
[2019.02.15-10.47.06:238][ 96]LogModuleManager: Shutting down and abandoning module AndroidDeviceDetection (511)
[2019.02.15-10.47.06:687][ 96]LogModuleManager: Shutting down and abandoning module WindowsPlatformEditor (508)
[2019.02.15-10.47.06:688][ 96]LogModuleManager: Shutting down and abandoning module LuminRuntimeSettings (506)
[2019.02.15-10.47.06:688][ 96]LogModuleManager: Shutting down and abandoning module IOSRuntimeSettings (504)
[2019.02.15-10.47.06:688][ 96]LogModuleManager: Shutting down and abandoning module AndroidRuntimeSettings (502)
[2019.02.15-10.47.06:688][ 96]LogModuleManager: Shutting down and abandoning module InputBindingEditor (500)
[2019.02.15-10.47.06:688][ 96]LogModuleManager: Shutting down and abandoning module MergeActors (498)
[2019.02.15-10.47.06:688][ 96]LogModuleManager: Shutting down and abandoning module LocalizationDashboard (496)
[2019.02.15-10.47.06:688][ 96]LogModuleManager: Shutting down and abandoning module LocalizationService (495)
[2019.02.15-10.47.06:688][ 96]LogModuleManager: Shutting down and abandoning module HardwareTargeting (492)
[2019.02.15-10.47.06:688][ 96]LogModuleManager: Shutting down and abandoning module DeviceProfileEditor (490)
[2019.02.15-10.47.06:688][ 96]LogModuleManager: Shutting down and abandoning module UndoHistory (488)
[2019.02.15-10.47.06:689][ 96]LogModuleManager: Shutting down and abandoning module XmlParser (486)
[2019.02.15-10.47.06:689][ 96]LogModuleManager: Shutting down and abandoning module Blutility (484)
[2019.02.15-10.47.06:689][ 96]LogModuleManager: Shutting down and abandoning module ProjectSettingsViewer (482)
[2019.02.15-10.47.06:689][ 96]LogModuleManager: Shutting down and abandoning module ProjectTargetPlatformEditor (481)
[2019.02.15-10.47.06:689][ 96]LogModuleManager: Shutting down and abandoning module EditorSettingsViewer (478)
[2019.02.15-10.47.06:689][ 96]LogModuleManager: Shutting down and abandoning module SettingsEditor (476)
[2019.02.15-10.47.06:689][ 96]LogModuleManager: Shutting down and abandoning module ProjectLauncher (474)
[2019.02.15-10.47.06:690][ 96]LogModuleManager: Shutting down and abandoning module SessionFrontend (472)
[2019.02.15-10.47.06:690][ 96]LogModuleManager: Shutting down and abandoning module ProfilerClient (470)
[2019.02.15-10.47.06:690][ 96]LogModuleManager: Shutting down and abandoning module DeviceManager (468)
[2019.02.15-10.47.06:690][ 96]LogModuleManager: Shutting down and abandoning module TargetDeviceServices (467)
[2019.02.15-10.47.06:745][ 96]LogModuleManager: Shutting down and abandoning module AutomationController (464)
[2019.02.15-10.47.06:745][ 96]LogModuleManager: Shutting down and abandoning module AutomationWindow (462)
[2019.02.15-10.47.06:745][ 96]LogModuleManager: Shutting down and abandoning module Layers (460)
[2019.02.15-10.47.06:745][ 96]LogModuleManager: Shutting down and abandoning module ComponentVisualizers (458)
[2019.02.15-10.47.06:745][ 96]LogModuleManager: Shutting down and abandoning module DetailCustomizations (456)
[2019.02.15-10.47.06:746][ 96]LogModuleManager: Shutting down and abandoning module PackagesDialog (454)
[2019.02.15-10.47.06:746][ 96]LogModuleManager: Shutting down and abandoning module Persona (452)
[2019.02.15-10.47.06:746][ 96]LogModuleManager: Shutting down and abandoning module AdvancedPreviewScene (451)
[2019.02.15-10.47.06:746][ 96]LogModuleManager: Shutting down and abandoning module AnimGraph (449)
[2019.02.15-10.47.06:746][ 96]LogModuleManager: Shutting down and abandoning module Kismet (446)
[2019.02.15-10.47.06:747][ 96]LogModuleManager: Shutting down and abandoning module GraphEditor (444)
[2019.02.15-10.47.06:747][ 96]LogModuleManager: Shutting down and abandoning module ClassViewer (442)
[2019.02.15-10.47.06:747][ 96]LogModuleManager: Shutting down and abandoning module Toolbox (440)
[2019.02.15-10.47.06:747][ 96]LogModuleManager: Shutting down and abandoning module DesktopPlatform (439)
[2019.02.15-10.47.06:748][ 96]LogModuleManager: Shutting down and abandoning module ModuleUI (436)
[2019.02.15-10.47.06:748][ 96]LogModuleManager: Shutting down and abandoning module MovieSceneTools (434)
[2019.02.15-10.47.06:748][ 96]LogModuleManager: Shutting down and abandoning module OutputLog (432)
[2019.02.15-10.47.06:748][ 96]LogModuleManager: Shutting down and abandoning module GammaUI (430)
[2019.02.15-10.47.06:748][ 96]LogModuleManager: Shutting down and abandoning module Documentation (428)
[2019.02.15-10.47.06:748][ 96]LogModuleManager: Shutting down and abandoning module MovieSceneTracks (426)
[2019.02.15-10.47.06:748][ 96]LogModuleManager: Shutting down and abandoning module MovieScene (424)
[2019.02.15-10.47.06:748][ 96]LogModuleManager: Shutting down and abandoning module StreamingPauseRendering (422)
[2019.02.15-10.47.06:748][ 96]LogModuleManager: Shutting down and abandoning module LauncherPlatform (420)
[2019.02.15-10.47.06:748][ 96]LogModuleManager: Shutting down and abandoning module AnalyticsET (418)
[2019.02.15-10.47.06:749][ 96]LogModuleManager: Shutting down and abandoning module PortalServices (416)
[2019.02.15-10.47.06:749][ 96]LogModuleManager: Shutting down and abandoning module PortalRpc (414)
[2019.02.15-10.47.06:749][ 96]LogModuleManager: Shutting down and abandoning module MessagingRpc (412)
[2019.02.15-10.47.06:749][ 96]LogModuleManager: Shutting down and abandoning module AIModule (410)
[2019.02.15-10.47.06:749][ 96]LogModuleManager: Shutting down and abandoning module GameplayDebugger (409)
[2019.02.15-10.47.06:749][ 96]LogModuleManager: Shutting down and abandoning module AITestSuite (407)
[2019.02.15-10.47.06:749][ 96]LogModuleManager: Shutting down and abandoning module NavigationSystem (405)
[2019.02.15-10.47.06:749][ 96]LogModuleManager: Shutting down and abandoning module ProfilerService (402)
[2019.02.15-10.47.06:933][ 96]LogModuleManager: Shutting down and abandoning module TaskGraph (400)
[2019.02.15-10.47.06:934][ 96]LogModuleManager: Shutting down and abandoning module SteamVRController (398)
[2019.02.15-10.47.06:934][ 96]LogModuleManager: Shutting down and abandoning module ProceduralMeshComponentEditor (396)
[2019.02.15-10.47.06:934][ 96]LogModuleManager: Shutting down and abandoning module ProceduralMeshComponent (394)
[2019.02.15-10.47.06:934][ 96]LogModuleManager: Shutting down and abandoning module OculusInput (392)
[2019.02.15-10.47.06:934][ 96]LogModuleManager: Shutting down and abandoning module MobilePatchingUtils (390)
[2019.02.15-10.47.06:934][ 96]LogModuleManager: Shutting down and abandoning module EditableMesh (388)
[2019.02.15-10.47.06:934][ 96]LogModuleManager: Shutting down and abandoning module CustomMeshComponent (386)
[2019.02.15-10.47.06:934][ 96]LogModuleManager: Shutting down and abandoning module CableComponent (384)
[2019.02.15-10.47.06:934][ 96]LogModuleManager: Shutting down and abandoning module AudioCapture (382)
[2019.02.15-10.47.06:934][ 96]LogModuleManager: Shutting down and abandoning module ArchVisCharacter (380)
[2019.02.15-10.47.06:934][ 96]LogModuleManager: Shutting down and abandoning module AndroidPermission (378)
[2019.02.15-10.47.06:934][ 96]LogModuleManager: Shutting down and abandoning module NUTUnrealEngine4 (376)
[2019.02.15-10.47.06:934][ 96]LogModuleManager: Shutting down and abandoning module NetcodeUnitTest (374)
[2019.02.15-10.47.06:934][ 96]LogModuleManager: Shutting down and abandoning module MediaCompositingEditor (372)
[2019.02.15-10.47.06:934][ 96]LogModuleManager: Shutting down and abandoning module MediaCompositing (370)
[2019.02.15-10.47.06:934][ 96]LogModuleManager: Shutting down and abandoning module LinearTimecode (368)
[2019.02.15-10.47.06:934][ 96]LogModuleManager: Shutting down and abandoning module ImgMedia (366)
[2019.02.15-10.47.06:940][ 96]LogModuleManager: Shutting down and abandoning module HTML5Networking (364)
[2019.02.15-10.47.06:940][ 96]LogModuleManager: Shutting down and abandoning module GeometryCacheTracks (362)
[2019.02.15-10.47.06:940][ 96]LogModuleManager: Shutting down and abandoning module GeometryCacheSequencer (360)
[2019.02.15-10.47.06:940][ 96]LogModuleManager: Shutting down and abandoning module BackChannel (358)
[2019.02.15-10.47.06:940][ 96]LogModuleManager: Shutting down and abandoning module AppleVision (356)
[2019.02.15-10.47.06:940][ 96]LogModuleManager: Shutting down and abandoning module AppleImageUtils (354)
[2019.02.15-10.47.06:940][ 96]LogModuleManager: Shutting down and abandoning module AlembicImporter (352)
[2019.02.15-10.47.06:940][ 96]LogModuleManager: Shutting down and abandoning module AlembicLibrary (351)
[2019.02.15-10.47.06:940][ 96]LogModuleManager: Shutting down and abandoning module GeometryCache (350)
[2019.02.15-10.47.06:940][ 96]LogModuleManager: Shutting down and abandoning module GeometryCacheEd (349)
[2019.02.15-10.47.06:940][ 96]LogModuleManager: Shutting down and abandoning module DatasmithContentEditor (344)
[2019.02.15-10.47.06:940][ 96]LogModuleManager: Shutting down and abandoning module DatasmithContent (342)
[2019.02.15-10.47.06:943][ 96]LogModuleManager: Shutting down and abandoning module SpeedTreeImporter (340)
[2019.02.15-10.47.06:943][ 96]LogModuleManager: Shutting down and abandoning module PluginBrowser (338)
[2019.02.15-10.47.06:943][ 96]LogModuleManager: Shutting down and abandoning module MobileLauncherProfileWizard (336)
[2019.02.15-10.47.06:943][ 96]LogModuleManager: Shutting down and abandoning module PolygonModeling (334)
[2019.02.15-10.47.06:943][ 96]LogModuleManager: Shutting down and abandoning module MeshEditor (332)
[2019.02.15-10.47.06:944][ 96]LogModuleManager: Shutting down and abandoning module CryptoKeysOpenSSL (330)
[2019.02.15-10.47.06:944][ 96]LogModuleManager: Shutting down and abandoning module CryptoKeys (328)
[2019.02.15-10.47.06:944][ 96]LogModuleManager: Shutting down and abandoning module VisualStudioSourceCodeAccess (326)
[2019.02.15-10.47.06:944][ 96]LogModuleManager: Shutting down and abandoning module VisualStudioCodeSourceCodeAccess (324)
[2019.02.15-10.47.06:944][ 96]LogModuleManager: Shutting down and abandoning module UObjectPlugin (322)
[2019.02.15-10.47.06:944][ 96]LogModuleManager: Shutting down and abandoning module SubversionSourceControl (320)
[2019.02.15-10.47.06:944][ 96]LogModuleManager: Shutting down and abandoning module PerforceSourceControl (318)
[2019.02.15-10.47.06:944][ 96]LogModuleManager: Shutting down and abandoning module GitSourceControl (316)
[2019.02.15-10.47.06:944][ 96]LogModuleManager: Shutting down and abandoning module SourceControl (315)
[2019.02.15-10.47.06:944][ 96]LogModuleManager: Shutting down and abandoning module CLionSourceCodeAccess (312)
[2019.02.15-10.47.06:944][ 96]LogModuleManager: Shutting down and abandoning module LightPropagationVolumeEditor (310)
[2019.02.15-10.47.06:944][ 96]LogModuleManager: Shutting down and abandoning module PaperTiledImporter (308)
[2019.02.15-10.47.06:944][ 96]LogModuleManager: Shutting down and abandoning module PaperSpriteSheetImporter (306)
[2019.02.15-10.47.06:944][ 96]LogModuleManager: Shutting down and abandoning module Paper2DEditor (304)
[2019.02.15-10.47.06:944][ 96]LogModuleManager: Shutting down and abandoning module MeshPaint (303)
[2019.02.15-10.47.06:944][ 96]LogModuleManager: Shutting down and abandoning module RuntimePhysXCooking (298)
[2019.02.15-10.47.06:944][ 96]LogModuleManager: Shutting down and abandoning module PhysXVehiclesEditor (296)
[2019.02.15-10.47.06:945][ 96]LogModuleManager: Shutting down and abandoning module PhysXVehicles (294)
[2019.02.15-10.47.06:945][ 96]LogModuleManager: Shutting down and abandoning module OculusEditor (292)
[2019.02.15-10.47.06:945][ 96]LogModuleManager: Shutting down and abandoning module LocationServicesBPLibrary (290)
[2019.02.15-10.47.06:945][ 96]LogModuleManager: Shutting down and abandoning module ImmediatePhysicsEditor (288)
[2019.02.15-10.47.06:945][ 96]LogModuleManager: Shutting down and abandoning module ImmediatePhysics (286)
[2019.02.15-10.47.06:945][ 96]LogModuleManager: Shutting down and abandoning module ActorSequence (284)
[2019.02.15-10.47.06:945][ 96]LogModuleManager: Shutting down and abandoning module UdpMessaging (282)
[2019.02.15-10.47.07:046][ 96]LogModuleManager: Shutting down and abandoning module TcpMessaging (280)
[2019.02.15-10.47.07:147][ 96]LogModuleManager: Shutting down and abandoning module MagicLeapAudio (278)
[2019.02.15-10.47.07:147][ 96]LogModuleManager: Shutting down and abandoning module GameplayTagsEditor (276)
[2019.02.15-10.47.07:147][ 96]LogModuleManager: Shutting down and abandoning module FacialAnimationEditor (274)
[2019.02.15-10.47.07:147][ 96]LogModuleManager: Shutting down and abandoning module FacialAnimation (272)
[2019.02.15-10.47.07:147][ 96]LogModuleManager: Shutting down and abandoning module DataValidation (270)
[2019.02.15-10.47.07:147][ 96]LogModuleManager: Shutting down and abandoning module AssetManagerEditor (268)
[2019.02.15-10.47.07:147][ 96]LogModuleManager: Shutting down and abandoning module LevelEditor (267)
[2019.02.15-10.47.07:149][ 96]LogModuleManager: Shutting down and abandoning module PixelInspectorModule (266)
[2019.02.15-10.47.07:149][ 96]LogModuleManager: Shutting down and abandoning module CommonMenuExtensions (264)
[2019.02.15-10.47.07:150][ 96]LogModuleManager: Shutting down and abandoning module MainFrame (262)
[2019.02.15-10.47.07:150][ 96]LogModuleManager: Shutting down and abandoning module HotReload (261)
[2019.02.15-10.47.07:151][ 96]LogModuleManager: Shutting down and abandoning module ContentBrowser (257)
[2019.02.15-10.47.07:155][ 96]LogModuleManager: Shutting down and abandoning module TreeMap (255)
[2019.02.15-10.47.07:155][ 96]LogModuleManager: Shutting down and abandoning module LightPropagationVolumeRuntime (252)
[2019.02.15-10.47.07:155][ 96]LogModuleManager: Shutting down and abandoning module AISupportModule (250)
[2019.02.15-10.47.07:155][ 96]LogModuleManager: Shutting down and abandoning module Paper2D (248)
[2019.02.15-10.47.07:155][ 96]LogModuleManager: Shutting down and abandoning module WindowsMoviePlayer (246)
[2019.02.15-10.47.07:155][ 96]LogModuleManager: Shutting down and abandoning module WmfMedia (244)
[2019.02.15-10.47.07:162][ 96]LogModuleManager: Shutting down and abandoning module Media (243)
[2019.02.15-10.47.07:169][ 96]LogModuleManager: Shutting down and abandoning module PacketHandler (240)
[2019.02.15-10.47.07:169][ 96]LogModuleManager: Shutting down and abandoning module ClothingSystemEditor (238)
[2019.02.15-10.47.07:169][ 96]LogModuleManager: Shutting down and abandoning module ClothingSystemRuntime (236)
[2019.02.15-10.47.07:169][ 96]LogModuleManager: Shutting down and abandoning module MediaAssets (234)
[2019.02.15-10.47.07:169][ 96]LogModuleManager: Shutting down and abandoning module Overlay (232)
[2019.02.15-10.47.07:169][ 96]LogModuleManager: Shutting down and abandoning module OverlayEditor (231)
[2019.02.15-10.47.07:169][ 96]LogModuleManager: Shutting down and abandoning module VREditor (228)
[2019.02.15-10.47.07:169][ 96]LogModuleManager: Shutting down and abandoning module StringTableEditor (226)
[2019.02.15-10.47.07:169][ 96]LogModuleManager: Shutting down and abandoning module GameplayTasksEditor (224)
[2019.02.15-10.47.07:169][ 96]LogModuleManager: Shutting down and abandoning module BehaviorTreeEditor (222)
[2019.02.15-10.47.07:169][ 96]LogModuleManager: Shutting down and abandoning module FunctionalTesting (220)
[2019.02.15-10.47.07:169][ 96]LogModuleManager: Shutting down and abandoning module CollisionAnalyzer (218)
[2019.02.15-10.47.07:169][ 96]LogModuleManager: Shutting down and abandoning module WorkspaceMenuStructure (217)
[2019.02.15-10.47.07:170][ 96]LogModuleManager: Shutting down and abandoning module UMG (214)
[2019.02.15-10.47.07:170][ 96]LogModuleManager: Shutting down and abandoning module UMGEditor (213)
[2019.02.15-10.47.07:170][ 96]LogModuleManager: Shutting down and abandoning module Sequencer (212)
[2019.02.15-10.47.07:170][ 96]LogModuleManager: Shutting down and abandoning module MessageLog (209)
[2019.02.15-10.47.07:170][ 96]LogModuleManager: Shutting down and abandoning module SlateReflector (204)
[2019.02.15-10.47.07:170][ 96]LogModuleManager: Shutting down and abandoning module Slate (202)
[2019.02.15-10.47.07:170][ 96]LogModuleManager: Shutting down and abandoning module EditorStyle (200)
[2019.02.15-10.47.07:173][ 96]LogModuleManager: Shutting down and abandoning module MRMesh (198)
[2019.02.15-10.47.07:173][ 96]LogModuleManager: Shutting down and abandoning module SourceCodeAccess (196)
[2019.02.15-10.47.07:174][ 96]LogModuleManager: Shutting down and abandoning module HeadMountedDisplay (194)
[2019.02.15-10.47.07:174][ 96]LogModuleManager: Shutting down and abandoning module XAudio2 (192)
[2019.02.15-10.47.07:174][ 96]LogModuleManager: Shutting down and abandoning module Networking (190)
[2019.02.15-10.47.07:174][ 96]LogModuleManager: Shutting down and abandoning module Core (188)
[2019.02.15-10.47.07:174][ 96]LogModuleManager: Shutting down and abandoning module LevelSequence (186)
[2019.02.15-10.47.07:174][ 96]LogModuleManager: Shutting down and abandoning module KismetCompiler (184)
[2019.02.15-10.47.07:174][ 96]LogModuleManager: Shutting down and abandoning module MeshUtilities (182)
[2019.02.15-10.47.07:174][ 96]LogModuleManager: Shutting down and abandoning module MeshMergeUtilities (181)
[2019.02.15-10.47.07:174][ 96]LogModuleManager: Shutting down and abandoning module MeshReductionInterface (180)
[2019.02.15-10.47.07:174][ 96]LogModuleManager: Shutting down and abandoning module SimplygonSwarm (179)
[2019.02.15-10.47.07:174][ 96]LogModuleManager: Shutting down and abandoning module ProxyLODMeshReduction (177)
[2019.02.15-10.47.07:174][ 96]LogModuleManager: Shutting down and abandoning module SimplygonMeshReduction (175)
[2019.02.15-10.47.07:174][ 96]LogModuleManager: Shutting down and abandoning module QuadricMeshReduction (173)
[2019.02.15-10.47.07:174][ 96]LogModuleManager: Shutting down and abandoning module MaterialBaking (169)
[2019.02.15-10.47.07:174][ 96]LogModuleManager: Shutting down and abandoning module DirectoryWatcher (165)
[2019.02.15-10.47.07:190][ 96]LogModuleManager: Shutting down and abandoning module DerivedDataCache (162)
[2019.02.15-10.47.07:214][ 96]LogDerivedDataCache: Shutdown
[2019.02.15-10.47.07:214][ 96]LogModuleManager: Shutting down and abandoning module XGEController (160)
[2019.02.15-10.47.07:214][ 96]LogXGEController: Cleaning working directory: C:/Users/trj1crt/AppData/Local/Temp/UnrealXGEWorkingDir/
[2019.02.15-10.47.07:215][ 96]LogModuleManager: Shutting down and abandoning module TargetPlatform (158)
[2019.02.15-10.47.07:215][ 96]LogModuleManager: Shutting down and abandoning module VulkanShaderFormat (157)
[2019.02.15-10.47.07:215][ 96]LogModuleManager: Shutting down and abandoning module ShaderFormatVectorVM (155)
[2019.02.15-10.47.07:215][ 96]LogModuleManager: Shutting down and abandoning module ShaderFormatOpenGL (153)
[2019.02.15-10.47.07:215][ 96]LogModuleManager: Shutting down and abandoning module ShaderFormatD3D (151)
[2019.02.15-10.47.07:215][ 96]LogModuleManager: Shutting down and abandoning module MetalShaderFormat (149)
[2019.02.15-10.47.07:215][ 96]LogModuleManager: Shutting down and abandoning module TextureFormatUncompressed (147)
[2019.02.15-10.47.07:215][ 96]LogModuleManager: Shutting down and abandoning module TextureFormatPVR (145)
[2019.02.15-10.47.07:215][ 96]LogModuleManager: Shutting down and abandoning module TextureFormatDXT (143)
[2019.02.15-10.47.07:215][ 96]LogModuleManager: Shutting down and abandoning module TextureFormatIntelISPCTexComp (141)
[2019.02.15-10.47.07:215][ 96]LogModuleManager: Shutting down and abandoning module TextureFormatASTC (139)
[2019.02.15-10.47.07:215][ 96]LogModuleManager: Shutting down and abandoning module ImageWrapper (138)
[2019.02.15-10.47.07:215][ 96]LogModuleManager: Shutting down and abandoning module TextureFormatAndroid (135)
[2019.02.15-10.47.07:215][ 96]LogModuleManager: Shutting down and abandoning module AudioFormatOpus (133)
[2019.02.15-10.47.07:215][ 96]LogModuleManager: Shutting down and abandoning module AudioFormatOgg (131)
[2019.02.15-10.47.07:215][ 96]LogModuleManager: Shutting down and abandoning module AudioFormatADPCM (129)
[2019.02.15-10.47.07:215][ 96]LogModuleManager: Shutting down and abandoning module LuminTargetPlatform (127)
[2019.02.15-10.47.07:215][ 96]LogModuleManager: Shutting down and abandoning module LinuxTargetPlatform (125)
[2019.02.15-10.47.07:215][ 96]LogModuleManager: Shutting down and abandoning module LinuxServerTargetPlatform (123)
[2019.02.15-10.47.07:215][ 96]LogModuleManager: Shutting down and abandoning module LinuxNoEditorTargetPlatform (121)
[2019.02.15-10.47.07:215][ 96]LogModuleManager: Shutting down and abandoning module LinuxClientTargetPlatform (119)
[2019.02.15-10.47.07:215][ 96]LogModuleManager: Shutting down and abandoning module TVOSTargetPlatform (117)
[2019.02.15-10.47.07:216][ 96]LogModuleManager: Shutting down and abandoning module Messaging (115)
[2019.02.15-10.47.07:216][ 96]LogModuleManager: Shutting down and abandoning module IOSTargetPlatform (113)
[2019.02.15-10.47.07:217][ 96]LogModuleManager: Shutting down and abandoning module HTML5TargetPlatform (111)
[2019.02.15-10.47.07:217][ 96]LogModuleManager: Shutting down and abandoning module AndroidTargetPlatform (109)
[2019.02.15-10.47.07:224][ 96]LogModuleManager: Shutting down and abandoning module WindowsTargetPlatform (107)
[2019.02.15-10.47.07:224][ 96]LogModuleManager: Shutting down and abandoning module WindowsServerTargetPlatform (105)
[2019.02.15-10.47.07:224][ 96]LogModuleManager: Shutting down and abandoning module WindowsNoEditorTargetPlatform (103)
[2019.02.15-10.47.07:224][ 96]LogModuleManager: Shutting down and abandoning module WindowsClientTargetPlatform (101)
[2019.02.15-10.47.07:224][ 96]LogModuleManager: Shutting down and abandoning module MacTargetPlatform (99)
[2019.02.15-10.47.07:224][ 96]LogModuleManager: Shutting down and abandoning module MacServerTargetPlatform (97)
[2019.02.15-10.47.07:224][ 96]LogModuleManager: Shutting down and abandoning module MacNoEditorTargetPlatform (95)
[2019.02.15-10.47.07:224][ 96]LogModuleManager: Shutting down and abandoning module MacClientTargetPlatform (93)
[2019.02.15-10.47.07:224][ 96]LogModuleManager: Shutting down and abandoning module AllDesktopTargetPlatform (91)
[2019.02.15-10.47.07:224][ 96]LogModuleManager: Shutting down and abandoning module InputCore (88)
[2019.02.15-10.47.07:224][ 96]LogModuleManager: Shutting down and abandoning module Settings (86)
[2019.02.15-10.47.07:225][ 96]LogModuleManager: Shutting down and abandoning module PhysXCooking (84)
[2019.02.15-10.47.07:225][ 96]LogModuleManager: Shutting down and abandoning module SteamVR (82)
[2019.02.15-10.47.07:225][ 96]LogModuleManager: Shutting down and abandoning module OculusHMD (80)
[2019.02.15-10.47.07:225][ 96]LogModuleManager: Shutting down and abandoning module ExampleDeviceProfileSelector (78)
[2019.02.15-10.47.07:225][ 96]LogModuleManager: Shutting down and abandoning module LauncherChunkInstaller (76)
[2019.02.15-10.47.07:225][ 96]LogModuleManager: Shutting down and abandoning module OnlineBlueprintSupport (74)
[2019.02.15-10.47.07:225][ 96]LogModuleManager: Shutting down and abandoning module OnlineSubsystem (70)
[2019.02.15-10.47.07:225][ 96]LogModuleManager: Shutting down and abandoning module XMPP (65)
[2019.02.15-10.47.07:226][ 96]LogModuleManager: Shutting down and abandoning module WebSockets (64)
[2019.02.15-10.47.07:257][ 96]LogModuleManager: Shutting down and abandoning module HTTP (61)
[2019.02.15-10.47.07:257][ 96]LogHttp: Display: Http module shutting down, but needs to wait on 1 outstanding Http requests:
[2019.02.15-10.47.07:257][ 96]LogHttp: Display: 	verb=[POST] url=[https://datarouter.ol.epicgames.com/datarouter/api/v1/public/data?SessionID=%7B90FE507E-4D55-39A0-C7A7-3AB508F3FE66%7D&AppID=UEEditor.Rocket.Release&AppVersion=4.20.3-4369336%2B%2B%2BUE4%2BRelease-4.20&UserID=b122ec034621b40a4fd26d9823131a55%7C%7Cff32d30c-e02f-455d-8f76-e49cc0b64af9&AppEnvironment=datacollector-binary&UploadType=eteventstream] status=Processing
[2019.02.15-10.47.07:282][ 96]LogModuleManager: Shutting down and abandoning module SSL (60)
[2019.02.15-10.47.07:285][ 96]LogModuleManager: Shutting down and abandoning module MagicLeapEmulator (56)
[2019.02.15-10.47.07:285][ 96]LogModuleManager: Shutting down and abandoning module MagicLeapPrivileges (54)
[2019.02.15-10.47.07:285][ 96]LogModuleManager: Shutting down and abandoning module MagicLeapIdentity (52)
[2019.02.15-10.47.07:286][ 96]LogModuleManager: Shutting down and abandoning module MagicLeapHelperVulkan (50)
[2019.02.15-10.47.07:286][ 96]LogModuleManager: Shutting down and abandoning module MagicLeapHelperOpenGL (48)
[2019.02.15-10.47.07:286][ 96]LogModuleManager: Shutting down and abandoning module MagicLeapSecureStorage (46)
[2019.02.15-10.47.07:286][ 96]LogModuleManager: Shutting down and abandoning module MagicLeapGestures (44)
[2019.02.15-10.47.07:286][ 96]LogModuleManager: Shutting down and abandoning module MagicLeapEyeTracker (42)
[2019.02.15-10.47.07:286][ 96]LogModuleManager: Shutting down and abandoning module MagicLeapController (40)
[2019.02.15-10.47.07:286][ 96]LogSlate: Slate User Destroyed.  User Index 0, Is Virtual User: 0
[2019.02.15-10.47.07:286][ 96]LogModuleManager: Shutting down and abandoning module MagicLeap (38)
[2019.02.15-10.47.07:286][ 96]LogModuleManager: Shutting down and abandoning module AnimationModifiers (36)
[2019.02.15-10.47.07:287][ 96]LogModuleManager: Shutting down and abandoning module PropertyEditor (35)
[2019.02.15-10.47.07:287][ 96]LogModuleManager: Shutting down and abandoning module AudioEditor (32)
[2019.02.15-10.47.07:287][ 96]LogModuleManager: Shutting down and abandoning module TextureCompressor (30)
[2019.02.15-10.47.07:288][ 96]LogModuleManager: Shutting down and abandoning module ShaderCore (28)
[2019.02.15-10.47.07:288][ 96]LogModuleManager: Shutting down and abandoning module Landscape (26)
[2019.02.15-10.47.07:288][ 96]LogModuleManager: Shutting down and abandoning module SlateRHIRenderer (24)
[2019.02.15-10.47.07:289][ 96]LogModuleManager: Shutting down and abandoning module OpenGLDrv (22)
[2019.02.15-10.47.07:289][ 96]LogModuleManager: Shutting down and abandoning module D3D11RHI (20)
[2019.02.15-10.47.07:289][ 96]LogModuleManager: Shutting down and abandoning module AnimGraphRuntime (18)
[2019.02.15-10.47.07:289][ 96]LogModuleManager: Shutting down and abandoning module Renderer (16)
[2019.02.15-10.47.07:289][ 96]LogModuleManager: Shutting down and abandoning module Engine (14)
[2019.02.15-10.47.07:289][ 96]LogModuleManager: Shutting down and abandoning module CoreUObject (12)
[2019.02.15-10.47.07:289][ 96]LogModuleManager: Shutting down and abandoning module NetworkFile (10)
[2019.02.15-10.47.07:289][ 96]LogModuleManager: Shutting down and abandoning module CookedIterativeFile (8)
[2019.02.15-10.47.07:289][ 96]LogModuleManager: Shutting down and abandoning module StreamingFile (6)
[2019.02.15-10.47.07:289][ 96]LogModuleManager: Shutting down and abandoning module SandboxFile (4)
[2019.02.15-10.47.07:289][ 96]LogModuleManager: Shutting down and abandoning module PakFile (2)
[2019.02.15-10.47.07:307][ 96]LogExit: Exiting.
[2019.02.15-10.47.07:320][ 96]Log file closed, 02/15/19 10:47:07
