Log file open, 02/15/19 09:41:30
LogWindows: Failed to load 'aqProf.dll' (GetLastError=126)
LogWindows: File 'aqProf.dll' does not exist
LogWindows: Failed to load 'VtuneApi.dll' (GetLastError=126)
LogWindows: File 'VtuneApi.dll' does not exist
LogWindows: Failed to load 'VtuneApi32e.dll' (GetLastError=126)
LogWindows: File 'VtuneApi32e.dll' does not exist
LogInit: Display: Running engine for game: Castleforce
LogPlatformFile: Not using cached read wrapper
LogTaskGraph: Started task graph with 5 named threads and 23 total threads with 3 sets of task threads.
LogStats: Stats thread started at 0.723017
LogD3D11RHI: Loaded GFSDK_Aftermath_Lib.x64.dll
LogICUInternationalization: Display: ICU TimeZone Detection - Raw Offset: +0:00, Platform Override: ''
LogPluginManager: Mounting plugin Paper2D
LogPluginManager: Mounting plugin AISupport
LogPluginManager: Mounting plugin LightPropagationVolume
LogPluginManager: Mounting plugin CLionSourceCodeAccess
LogPluginManager: Mounting plugin CodeLiteSourceCodeAccess
LogPluginManager: Mounting plugin GitSourceControl
LogPluginManager: Mounting plugin KDevelopSourceCodeAccess
LogPluginManager: Mounting plugin NullSourceCodeAccess
LogPluginManager: Mounting plugin PerforceSourceControl
LogPluginManager: Mounting plugin SubversionSourceControl
LogPluginManager: Mounting plugin UObjectPlugin
LogPluginManager: Mounting plugin VisualStudioCodeSourceCodeAccess
LogPluginManager: Mounting plugin VisualStudioSourceCodeAccess
LogPluginManager: Mounting plugin XCodeSourceCodeAccess
LogPluginManager: Mounting plugin AssetManagerEditor
LogPluginManager: Mounting plugin CryptoKeys
LogPluginManager: Mounting plugin DataValidation
LogPluginManager: Mounting plugin FacialAnimation
LogPluginManager: Mounting plugin GameplayTagsEditor
LogPluginManager: Mounting plugin MacGraphicsSwitching
LogPluginManager: Mounting plugin MeshEditor
LogPluginManager: Mounting plugin MobileLauncherProfileWizard
LogPluginManager: Mounting plugin PluginBrowser
LogPluginManager: Mounting plugin SpeedTreeImporter
LogPluginManager: Mounting plugin DatasmithContent
LogPluginManager: Mounting plugin AlembicImporter
LogPluginManager: Mounting plugin AppleImageUtils
LogPluginManager: Mounting plugin AppleVision
LogPluginManager: Mounting plugin BackChannel
LogPluginManager: Mounting plugin CharacterAI
LogPluginManager: Mounting plugin GeometryCache
LogPluginManager: Mounting plugin HTML5Networking
LogPluginManager: Mounting plugin ProxyLODPlugin
LogPluginManager: Mounting plugin MagicLeap
LogPluginManager: Mounting plugin MagicLeapEmulator
LogPluginManager: Mounting plugin MagicLeapMedia
LogPluginManager: Mounting plugin AndroidMedia
LogPluginManager: Mounting plugin AvfMedia
LogPluginManager: Mounting plugin ImgMedia
LogPluginManager: Mounting plugin LinearTimecode
LogPluginManager: Mounting plugin MediaCompositing
LogPluginManager: Mounting plugin MediaPlayerEditor
LogPluginManager: Mounting plugin WmfMedia
LogPluginManager: Mounting plugin TcpMessaging
LogPluginManager: Mounting plugin UdpMessaging
LogPluginManager: Mounting plugin ActorSequence
LogPluginManager: Mounting plugin LevelSequenceEditor
LogPluginManager: Mounting plugin MatineeToLevelSequence
LogPluginManager: Mounting plugin NetcodeUnitTest
LogPluginManager: Mounting plugin NUTUnrealEngine4
LogPluginManager: Mounting plugin OnlineSubsystemGooglePlay
LogPluginManager: Mounting plugin OnlineSubsystemIOS
LogPluginManager: Mounting plugin OnlineSubsystem
LogPluginManager: Mounting plugin OnlineSubsystemNull
LogPluginManager: Mounting plugin OnlineSubsystemUtils
LogPluginManager: Mounting plugin LauncherChunkInstaller
LogPluginManager: Mounting plugin AndroidDeviceProfileSelector
LogPluginManager: Mounting plugin AndroidMoviePlayer
LogPluginManager: Mounting plugin AndroidPermission
LogPluginManager: Mounting plugin AppleMoviePlayer
LogPluginManager: Mounting plugin ArchVisCharacter
LogPluginManager: Mounting plugin AudioCapture
LogPluginManager: Mounting plugin CableComponent
LogPluginManager: Mounting plugin CustomMeshComponent
LogPluginManager: Mounting plugin EditableMesh
LogPluginManager: Mounting plugin ExampleDeviceProfileSelector
LogPluginManager: Mounting plugin GoogleCloudMessaging
LogPluginManager: Mounting plugin ImmediatePhysics
LogPluginManager: Mounting plugin IOSDeviceProfileSelector
LogPluginManager: Mounting plugin LinuxDeviceProfileSelector
LogPluginManager: Mounting plugin LocationServicesBPLibrary
LogPluginManager: Mounting plugin MobilePatchingUtils
LogPluginManager: Mounting plugin OculusVR
LogPluginManager: Plugin shader directory ../../../Engine/Plugins/Runtime/Oculus/OculusVR/Shaders found
LogPluginManager: Mapping shader source directory ../../../Engine/Plugins/Runtime/Oculus/OculusVR/Shaders to virtual directory /Plugin/OculusVR
LogPluginManager: Mounting plugin PhysXVehicles
LogPluginManager: Mounting plugin ProceduralMeshComponent
LogPluginManager: Mounting plugin RuntimePhysXCooking
LogPluginManager: Mounting plugin SteamVR
LogPluginManager: Mounting plugin WindowsMoviePlayer
LogStreaming: Display: Took  0.392s to configure plugins.
LogInit: Using libcurl 7.55.1-DEV
LogInit:  - built for x86_64-pc-win32
LogInit:  - supports SSL with OpenSSL/1.0.2h
LogInit:  - supports HTTP deflate (compression) using libz 1.2.8
LogInit:  - other features:
LogInit:      CURL_VERSION_SSL
LogInit:      CURL_VERSION_LIBZ
LogInit:      CURL_VERSION_IPV6
LogInit:      CURL_VERSION_ASYNCHDNS
LogInit:      CURL_VERSION_LARGEFILE
LogInit:      CURL_VERSION_IDN
LogInit:  CurlRequestOptions (configurable via config and command line):
LogInit:  - bVerifyPeer = false  - Libcurl will NOT verify peer certificate
LogInit:  - bUseHttpProxy = false  - Libcurl will NOT use HTTP proxy
LogInit:  - bDontReuseConnections = false  - Libcurl will reuse connections
LogInit:  - CertBundlePath = nullptr  - Libcurl will use whatever was configured at build time.
LogInit:  - MaxHostConnections = 16  - Libcurl will limit the number of connections to a host
LogInit:  - LocalHostAddr = Default
LogInit:  - BufferSize = 65536
LogInit: WinSock: version 1.1 (2.2), MaxSocks=32767, MaxUdp=65467
LogInit: Build: ++UE4+Release-4.20-CL-4369336
LogInit: Engine Version: 4.20.3-4369336+++UE4+Release-4.20
LogInit: Compatible Engine Version: 4.20.0-4212847+++UE4+Release-4.20
LogInit: Net CL: 4212847
LogInit: OS: Windows 10 (), CPU: Intel(R) Core(TM) i7-4790 CPU @ 3.60GHz, GPU: NVIDIA GeForce GTX 780
LogInit: Compiled (64-bit): Sep 17 2018 12:26:19
LogInit: Compiled with Visual C++: 19.13.26129.00
LogInit: Build Configuration: Development
LogInit: Branch Name: ++UE4+Release-4.20
LogInit: Command Line:  -skipcompile
LogInit: Base Directory: C:/Program Files/Epic Games/UE_4.20/Engine/Binaries/Win64/
LogInit: Installed Engine Build: 1
LogDevObjectVersion: Number of dev versions registered: 20
LogDevObjectVersion:   Dev-Blueprints (B0D832E4-1F89-4F0D-ACCF-7EB736FD4AA2): 10
LogDevObjectVersion:   Dev-Build (E1C64328-A22C-4D53-A36C-8E866417BD8C): 0
LogDevObjectVersion:   Dev-Core (375EC13C-06E4-48FB-B500-84F0262A717E): 2
LogDevObjectVersion:   Dev-Editor (E4B068ED-F494-42E9-A231-DA0B2E46BB41): 24
LogDevObjectVersion:   Dev-Framework (CFFC743F-43B0-4480-9391-14DF171D2073): 34
LogDevObjectVersion:   Dev-Mobile (B02B49B5-BB20-44E9-A304-32B752E40360): 2
LogDevObjectVersion:   Dev-Networking (A4E4105C-59A1-49B5-A7C5-40C4547EDFEE): 0
LogDevObjectVersion:   Dev-Online (39C831C9-5AE6-47DC-9A44-9C173E1C8E7C): 0
LogDevObjectVersion:   Dev-Physics (78F01B33-EBEA-4F98-B9B4-84EACCB95AA2): 0
LogDevObjectVersion:   Dev-Platform (6631380F-2D4D-43E0-8009-CF276956A95A): 0
LogDevObjectVersion:   Dev-Rendering (12F88B9F-8875-4AFC-A67C-D90C383ABD29): 26
LogDevObjectVersion:   Dev-Sequencer (7B5AE74C-D270-4C10-A958-57980B212A5A): 9
LogDevObjectVersion:   Dev-VR (D7296918-1DD6-4BDD-9DE2-64A83CC13884): 2
LogDevObjectVersion:   Dev-LoadTimes (C2A15278-BFE7-4AFE-6C17-90FF531DF755): 1
LogDevObjectVersion:   Private-Geometry (6EACA3D4-40EC-4CC1-B786-8BED09428FC5): 3
LogDevObjectVersion:   Dev-AnimPhys (29E575DD-E0A3-4627-9D10-D276232CDCEA): 17
LogDevObjectVersion:   Dev-ReflectionCapture (6B266CEC-1EC7-4B8F-A30B-E4D90942FC07): 1
LogDevObjectVersion:   Dev-Automation (0DF73D61-A23F-47EA-B727-89E90C41499A): 1
LogDevObjectVersion:   FortniteMain (601D1886-AC64-4F84-AA16-D3DE0DEAC7D6): 12
LogDevObjectVersion:   Dev-Enterprise (9DFFBCD6-494F-0158-E221-12823C92A888): 1
LogStreaming: Display: Took  0.008s to delete old logs.
LogInit: Presizing for max 8388607 objects, including 0 objects not considered by GC, pre-allocating 0 bytes for permanent pool.
LogInit: Object subsystem initialized
[2019.02.15-09.41.30:952][  0]LogInit: Selected Device Profile: [Windows]
[2019.02.15-09.41.30:952][  0]LogInit: Applying CVar settings loaded from the selected device profile: [Windows]
[2019.02.15-09.41.30:973][  0]LogHAL: Display: Platform has ~ 16 GB [17080971264 / 17179869184 / 16], which maps to Larger [LargestMinGB=32, LargerMinGB=12, DefaultMinGB=8, SmallerMinGB=6, SmallestMinGB=0)
[2019.02.15-09.41.30:974][  0]LogInit: Setting Device Profile CVar: [[r.Vulkan.UseRealUBs:1]]
[2019.02.15-09.41.30:974][  0]LogInit: Going up to parent DeviceProfile []
[2019.02.15-09.41.30:974][  0]LogInit: Computer: AMTX222-19
[2019.02.15-09.41.30:974][  0]LogInit: User: trj1crt
[2019.02.15-09.41.30:974][  0]LogInit: CPU Page size=4096, Cores=4
[2019.02.15-09.41.30:974][  0]LogInit: High frequency timer resolution =3.507501 MHz
[2019.02.15-09.41.30:975][  0]LogMemory: Memory total: Physical=15.9GB (16GB approx)
[2019.02.15-09.41.30:975][  0]LogMemory: Platform Memory Stats for Windows
[2019.02.15-09.41.30:975][  0]LogMemory: Process Physical Memory: 101.13 MB used, 101.13 MB peak
[2019.02.15-09.41.30:975][  0]LogMemory: Process Virtual Memory: 87.64 MB used, 87.64 MB peak
[2019.02.15-09.41.30:975][  0]LogMemory: Physical Memory: 7009.47 MB used,  9280.21 MB free, 16289.68 MB total
[2019.02.15-09.41.30:975][  0]LogMemory: Virtual Memory: 4638.07 MB used,  9280.21 MB free, 134217728.00 MB total
[2019.02.15-09.41.31:195][  0]LogInit: Using OS detected language (en-GB).
[2019.02.15-09.41.31:196][  0]LogInit: Using OS detected locale (en-GB).
[2019.02.15-09.41.31:197][  0]LogTextLocalizationManager: No specific localization for 'en-GB' exists, so the 'en' localization will be used.
[2019.02.15-09.41.31:631][  0]LogStreaming: Display: Took  0.436s to InitEngineTextLocalization.
[2019.02.15-09.41.31:631][  0]LogInit: Setting process to per monitor DPI aware
[2019.02.15-09.41.31:677][  0]LogSlate: New Slate User Created.  User Index 0, Is Virtual User: 0
[2019.02.15-09.41.31:677][  0]LogSlate: Slate User Registered.  User Index 0, Is Virtual User: 0
[2019.02.15-09.41.31:902][  0]LogHMD: Failed to initialize OpenVR with code 110
[2019.02.15-09.41.31:903][  0]LogD3D11RHI: D3D11 adapters:
[2019.02.15-09.41.31:973][  0]LogD3D11RHI:    0. 'NVIDIA GeForce GTX 780' (Feature Level 11_0)
[2019.02.15-09.41.31:973][  0]LogD3D11RHI:       3029/0/8144 MB DedicatedVideo/DedicatedSystem/SharedSystem, Outputs:2, VendorId:0x10de
[2019.02.15-09.41.32:018][  0]LogD3D11RHI:    1. 'Microsoft Basic Render Driver' (Feature Level 11_0)
[2019.02.15-09.41.32:018][  0]LogD3D11RHI:       0/0/8144 MB DedicatedVideo/DedicatedSystem/SharedSystem, Outputs:0, VendorId:0x1414
[2019.02.15-09.41.32:018][  0]LogD3D11RHI: Chosen D3D11 Adapter: 0
[2019.02.15-09.41.32:027][  0]LogD3D11RHI: Creating new Direct3DDevice
[2019.02.15-09.41.32:027][  0]LogD3D11RHI:     GPU DeviceId: 0x1004 (for the marketing name, search the web for "GPU Device Id")
[2019.02.15-09.41.32:027][  0]LogWindows: EnumDisplayDevices:
[2019.02.15-09.41.32:028][  0]LogWindows:    0. 'NVIDIA GeForce GTX 780' (P:1 D:1)
[2019.02.15-09.41.32:028][  0]LogWindows:    1. 'NVIDIA GeForce GTX 780' (P:0 D:1)
[2019.02.15-09.41.32:029][  0]LogWindows:    2. 'NVIDIA GeForce GTX 780' (P:0 D:0)
[2019.02.15-09.41.32:029][  0]LogWindows:    3. 'NVIDIA GeForce GTX 780' (P:0 D:0)
[2019.02.15-09.41.32:030][  0]LogWindows: DebugString: FoundDriverCount:4 
[2019.02.15-09.41.32:030][  0]LogD3D11RHI:     Adapter Name: NVIDIA GeForce GTX 780
[2019.02.15-09.41.32:030][  0]LogD3D11RHI:   Driver Version: 399.07 (internal:24.21.13.9907, unified:399.07)
[2019.02.15-09.41.32:030][  0]LogD3D11RHI:      Driver Date: 8-21-2018
[2019.02.15-09.41.32:030][  0]LogRHI: Texture pool is 2120 MB (70% of 3029 MB)
[2019.02.15-09.41.32:077][  0]LogD3D11RHI: Async texture creation enabled
[2019.02.15-09.41.32:096][  0]LogD3D11RHI: GPU Timing Frequency: 1000.000000 (Debug: 2 2)
[2019.02.15-09.41.32:100][  0]LogShaderCompilers: Guid format shader working directory is -3 characters bigger than the processId version (../../../../../../Temp/Rhun/castleforce/Castleforce/Intermediate/Shaders/WorkingDirectory/7320/).
[2019.02.15-09.41.32:100][  0]LogShaderCompilers: Cleaned the shader compiler working directory 'C:/Users/trj1crt/AppData/Local/Temp/UnrealShaderWorkingDir/4E9B90A04A3DA268EB0ED6BB4BFB34F1/'.
[2019.02.15-09.41.32:507][  0]LogTemp: Display: Loaded TP AllDesktopTargetPlatform
[2019.02.15-09.41.32:526][  0]LogTemp: Display: Loaded TP MacClientTargetPlatform
[2019.02.15-09.41.32:545][  0]LogTemp: Display: Loaded TP MacNoEditorTargetPlatform
[2019.02.15-09.41.32:566][  0]LogTemp: Display: Loaded TP MacServerTargetPlatform
[2019.02.15-09.41.32:587][  0]LogTemp: Display: Loaded TP MacTargetPlatform
[2019.02.15-09.41.32:618][  0]LogTemp: Display: Loaded TP WindowsClientTargetPlatform
[2019.02.15-09.41.32:641][  0]LogTemp: Display: Loaded TP WindowsNoEditorTargetPlatform
[2019.02.15-09.41.32:658][  0]LogTemp: Display: Loaded TP WindowsServerTargetPlatform
[2019.02.15-09.41.32:671][  0]LogTemp: Display: Loaded TP WindowsTargetPlatform
[2019.02.15-09.41.32:762][  0]LogTemp: Display: Loaded TP AndroidTargetPlatform
[2019.02.15-09.41.32:762][  0]LogTemp: Display: Loaded TP AndroidTargetPlatform
[2019.02.15-09.41.32:762][  0]LogTemp: Display: Loaded TP AndroidTargetPlatform
[2019.02.15-09.41.32:762][  0]LogTemp: Display: Loaded TP AndroidTargetPlatform
[2019.02.15-09.41.32:762][  0]LogTemp: Display: Loaded TP AndroidTargetPlatform
[2019.02.15-09.41.32:762][  0]LogTemp: Display: Loaded TP AndroidTargetPlatform
[2019.02.15-09.41.32:762][  0]LogTemp: Display: Loaded TP AndroidTargetPlatform
[2019.02.15-09.41.32:762][  0]LogTemp: Display: Loaded TP AndroidTargetPlatform
[2019.02.15-09.41.32:762][  0]LogTemp: Display: Loaded TP AndroidTargetPlatform
[2019.02.15-09.41.32:762][  0]LogTemp: Display: Loaded TP AndroidTargetPlatform
[2019.02.15-09.41.32:762][  0]LogTemp: Display: Loaded TP AndroidTargetPlatform
[2019.02.15-09.41.32:762][  0]LogTemp: Display: Loaded TP AndroidTargetPlatform
[2019.02.15-09.41.32:762][  0]LogTemp: Display: Loaded TP AndroidTargetPlatform
[2019.02.15-09.41.32:762][  0]LogTemp: Display: Loaded TP AndroidTargetPlatform
[2019.02.15-09.41.32:762][  0]LogTemp: Display: Loaded TP AndroidTargetPlatform
[2019.02.15-09.41.32:762][  0]LogTemp: Display: Loaded TP AndroidTargetPlatform
[2019.02.15-09.41.32:763][  0]LogTemp: Display: Loaded TP AndroidTargetPlatform
[2019.02.15-09.41.32:763][  0]LogTemp: Display: Loaded TP AndroidTargetPlatform
[2019.02.15-09.41.32:766][  0]LogTemp: Display: Loaded TP HTML5TargetPlatform
[2019.02.15-09.41.32:836][  0]LogTemp: Display: Loaded TP IOSTargetPlatform
[2019.02.15-09.41.32:836][  0]LogTemp: Display: Loaded TP IOSTargetPlatform
[2019.02.15-09.41.32:864][  0]LogTemp: Display: Loaded TP TVOSTargetPlatform
[2019.02.15-09.41.32:864][  0]LogTemp: Display: Loaded TP TVOSTargetPlatform
[2019.02.15-09.41.32:880][  0]LogTemp: Display: Loaded TP LinuxClientTargetPlatform
[2019.02.15-09.41.32:896][  0]LogTemp: Display: Loaded TP LinuxNoEditorTargetPlatform
[2019.02.15-09.41.32:913][  0]LogTemp: Display: Loaded TP LinuxServerTargetPlatform
[2019.02.15-09.41.32:932][  0]LogTemp: Display: Loaded TP LinuxTargetPlatform
[2019.02.15-09.41.32:946][  0]LogTemp: Display: Loaded TP LuminTargetPlatform
[2019.02.15-09.41.32:946][  0]LogTargetPlatformManager: Display: Building Assets For Windows
[2019.02.15-09.41.33:093][  0]LogXGEController: Cannot use XGE Controller as Incredibuild is not installed on this machine.
[2019.02.15-09.41.33:093][  0]LogShaderCompilers: Cannot use XGE Shader Compiler as Incredibuild is not installed on this machine.
[2019.02.15-09.41.33:093][  0]LogShaderCompilers: Display: Using Local Shader Compiler.
[2019.02.15-09.41.33:955][  0]LogDerivedDataCache: Display: Max Cache Size: 512 MB
[2019.02.15-09.41.34:060][  0]LogDerivedDataCache: Loaded boot cache 0.10s 71MB C:/Users/trj1crt/AppData/Local/UnrealEngine/4.20/DerivedDataCache/Boot.ddc.
[2019.02.15-09.41.34:062][  0]LogDerivedDataCache: Display: Loaded Boot cache: C:/Users/trj1crt/AppData/Local/UnrealEngine/4.20/DerivedDataCache/Boot.ddc
[2019.02.15-09.41.34:062][  0]LogDerivedDataCache: FDerivedDataBackendGraph:  Pak pak cache file ../../../../../../Temp/Rhun/castleforce/Castleforce/DerivedDataCache/DDC.ddp not found, will not use a pak cache.
[2019.02.15-09.41.34:062][  0]LogDerivedDataCache: Unable to find inner node Pak for hierarchical cache Hierarchy.
[2019.02.15-09.41.34:062][  0]LogDerivedDataCache: FDerivedDataBackendGraph:  CompressedPak pak cache file ../../../../../../Temp/Rhun/castleforce/Castleforce/DerivedDataCache/Compressed.ddp not found, will not use a pak cache.
[2019.02.15-09.41.34:062][  0]LogDerivedDataCache: Unable to find inner node CompressedPak for hierarchical cache Hierarchy.
[2019.02.15-09.41.34:077][  0]LogDerivedDataCache: Display: Pak cache opened for reading ../../../Engine/DerivedDataCache/Compressed.ddp.
[2019.02.15-09.41.34:090][  0]LogDerivedDataCache: Using Local data cache path C:/Users/trj1crt/AppData/Local/UnrealEngine/Common/DerivedDataCache: Writable
[2019.02.15-09.41.34:090][  0]LogDerivedDataCache: Shared data cache path not found in *engine.ini, will not use an Shared cache.
[2019.02.15-09.41.34:090][  0]LogDerivedDataCache: Unable to find inner node Shared for hierarchical cache Hierarchy.
[2019.02.15-09.41.34:110][  0]LogMaterial: Verifying Global Shaders for PCD3D_SM5
[2019.02.15-09.41.34:112][  0]LogSlate: Using FreeType 2.6.0
[2019.02.15-09.41.34:113][  0]LogSlate: SlateFontServices - WITH_FREETYPE: 1, WITH_HARFBUZZ: 1
[2019.02.15-09.41.34:201][  0]LogAssetRegistry: FAssetRegistry took 0.0289 seconds to start up
[2019.02.15-09.41.34:571][  0]LogInit: Selected Device Profile: [Windows]
[2019.02.15-09.41.34:742][  0]LogSimplygon: Simplygon DLL not present - disabling.
[2019.02.15-09.41.34:752][  0]LogMeshReduction: Using SimplygonSwarm for distributed automatic mesh merging
[2019.02.15-09.41.34:752][  0]LogMeshReduction: Using ProxyLODMeshReduction for automatic mesh merging
[2019.02.15-09.41.34:752][  0]LogMeshReduction: Using QuadricMeshReduction for automatic static mesh reduction
[2019.02.15-09.41.34:752][  0]LogMeshReduction: No automatic skeletal mesh reduction module available
[2019.02.15-09.41.34:770][  0]LogNetVersion: Castleforce 1.0.0, NetCL: 4212847, EngineNetVer: 5, GameNetVer: 0 (Checksum: 2622368503)
[2019.02.15-09.41.35:510][  0]LogPackageLocalizationCache: Processed 11 localized package path(s) for 2 prioritized culture(s) in 0.283245 seconds
[2019.02.15-09.41.35:517][  0]LogUObjectArray: 38425 objects as part of root set at end of initial load.
[2019.02.15-09.41.35:517][  0]LogUObjectAllocator: 6690864 out of 0 bytes used by permanent object pool.
[2019.02.15-09.41.35:517][  0]LogUObjectArray: CloseDisregardForGC: 0/0 objects in disregard for GC pool
[2019.02.15-09.41.36:579][  0]LogTcpMessaging: Initializing TcpMessaging bridge
[2019.02.15-09.41.36:597][  0]LogUdpMessaging: Initializing bridge on interface 0.0.0.0:0 to multicast group 230.0.0.1:6666.
[2019.02.15-09.41.36:825][  0]SourceControl: Source control is disabled
[2019.02.15-09.41.36:825][  0]SourceControl: Source control is disabled
[2019.02.15-09.41.36:828][  0]SourceControl: Source control is disabled
[2019.02.15-09.41.36:831][  0]SourceControl: Source control is disabled
[2019.02.15-09.41.37:091][  0]LogAndroidPermission: UAndroidPermissionCallbackProxy::GetInstance
[2019.02.15-09.41.37:142][  0]LogOcInput: OculusInput pre-init called
[2019.02.15-09.41.37:217][  0]LogEngine: Initializing Engine...
[2019.02.15-09.41.37:218][  0]LogHMD: Failed to initialize OpenVR with code 110
[2019.02.15-09.41.37:220][  0]LogStats: UGameplayTagsManager::ConstructGameplayTagTree: ImportINI prefixes -  0.000 s
[2019.02.15-09.41.37:220][  0]LogStats: UGameplayTagsManager::ConstructGameplayTagTree: Construct from data asset -  0.000 s
[2019.02.15-09.41.37:220][  0]LogStats: UGameplayTagsManager::ConstructGameplayTagTree: ImportINI -  0.000 s
[2019.02.15-09.41.37:220][  0]LogStats: UGameplayTagsManager::ConstructGameplayTagTree: GameplayTagTreeChangedEvent.Broadcast -  0.000 s
[2019.02.15-09.41.37:471][  0]LogInit: Initializing FReadOnlyCVARCache
[2019.02.15-09.41.37:496][  0]LogAIModule: Creating AISystem for world Untitled
[2019.02.15-09.41.37:505][  0]LogInit: No audio devices found!
[2019.02.15-09.41.37:505][  0]LogNetVersion: Set ProjectVersion to 1.0.0.0. Version Checksum will be recalculated on next use.
[2019.02.15-09.41.37:703][  0]LogDerivedDataCache: Saved boot cache 0.20s 71MB C:/Users/trj1crt/AppData/Local/UnrealEngine/4.20/DerivedDataCache/Boot.ddc.
[2019.02.15-09.41.37:743][  0]LogInit: Texture streaming: Enabled
[2019.02.15-09.41.37:778][  0]LogEngineSessionManager: EngineSessionManager initialized
[2019.02.15-09.41.37:795][  0]LogInit: Transaction tracking system initialized
[2019.02.15-09.41.37:847][  0]BlueprintLog: New page: Editor Load
[2019.02.15-09.41.38:010][  0]LocalizationService: Localization service is disabled
[2019.02.15-09.41.38:339][  0]LogCook: Display: Max memory allowance for cook 16384mb min free memory 0mb
[2019.02.15-09.41.38:339][  0]LogCook: Display: Mobile HDR setting 1
[2019.02.15-09.41.38:339][  0]LogGameplayTags: Display: UGameplayTagsManager::DoneAddingNativeTags. DelegateIsBound: 0
[2019.02.15-09.41.38:340][  0]LogStats: UGameplayTagsManager::ConstructGameplayTagTree: ImportINI prefixes -  0.000 s
[2019.02.15-09.41.38:340][  0]LogStats: UGameplayTagsManager::ConstructGameplayTagTree: Construct from data asset -  0.000 s
[2019.02.15-09.41.38:340][  0]LogStats: UGameplayTagsManager::ConstructGameplayTagTree: ImportINI -  0.000 s
[2019.02.15-09.41.38:340][  0]LogStats: UGameplayTagsManager::ConstructGameplayTagTree: GameplayTagTreeChangedEvent.Broadcast -  0.000 s
[2019.02.15-09.41.38:555][  0]LogFileCache: Scanning file cache for directory 'C:/Temp/Rhun/castleforce/Castleforce/Content/' took 0.02s
[2019.02.15-09.41.38:555][  0]SourceControl: Source control is disabled
[2019.02.15-09.41.38:555][  0]Cmd: MAP LOAD FILE="../../../../../../Temp/Rhun/castleforce/Castleforce/Content/Levels/Level1.umap" TEMPLATE=0 SHOWPROGRESS=1 FEATURELEVEL=3
[2019.02.15-09.41.38:556][  0]LightingResults: New page: Lighting Build
[2019.02.15-09.41.38:560][  0]MapCheck: New page: Map Check
[2019.02.15-09.41.38:561][  0]LightingResults: New page: Lighting Build
[2019.02.15-09.41.38:816][  0]LogAIModule: Creating AISystem for world Level1
[2019.02.15-09.41.38:824][  0]LogEditorServer: Finished looking for orphan Actors (0.000 secs)
[2019.02.15-09.41.38:852][  0]Cmd: MAP CHECKDEP NOCLEARLOG
[2019.02.15-09.41.38:942][  0]MapCheck: Map check complete: 0 Error(s), 0 Warning(s), took 89.493ms to complete.
[2019.02.15-09.41.38:942][  0]LogFileHelpers: Loading map 'Level1' took 0.386
[2019.02.15-09.41.39:067][  0]LogSlate: Updating window title bar state: overlay mode, drag disabled, window buttons hidden, title bar hidden
[2019.02.15-09.41.39:075][  0]LogSlate: Updating window title bar state: overlay mode, drag disabled, window buttons hidden, title bar hidden
[2019.02.15-09.41.39:082][  0]LogSlate: Updating window title bar state: overlay mode, drag disabled, window buttons hidden, title bar hidden
[2019.02.15-09.41.39:092][  0]LogSlate: Updating window title bar state: overlay mode, drag disabled, window buttons hidden, title bar hidden
[2019.02.15-09.41.39:105][  0]LogCollectionManager: Loaded 0 collections in 0.004050 seconds
[2019.02.15-09.41.39:155][  0]LogFileCache: Scanning file cache for directory 'C:/Temp/Rhun/castleforce/Castleforce/Saved/Collections/' took 0.01s
[2019.02.15-09.41.39:155][  0]LogFileCache: Scanning file cache for directory 'C:/Temp/Rhun/castleforce/Castleforce/Content/Developers/trj1crt/Collections/' took 0.01s
[2019.02.15-09.41.39:155][  0]LogFileCache: Scanning file cache for directory 'C:/Temp/Rhun/castleforce/Castleforce/Content/Collections/' took 0.01s
[2019.02.15-09.41.39:155][  0]LogCollectionManager: Rebuilt the GUID cache for 0 collections in 0.000000 seconds
[2019.02.15-09.41.39:167][  0]LogContentBrowser: Native class hierarchy populated in 0.0117 seconds. Added 2583 classes and 607 folders.
[2019.02.15-09.41.39:178][  0]LogContentBrowser: Native class hierarchy updated for 'WidgetCarousel' in 0.0009 seconds. Added 0 classes and 0 folders.
[2019.02.15-09.41.39:251][  0]LogContentBrowser: Native class hierarchy updated for 'AddContentDialog' in 0.0009 seconds. Added 0 classes and 0 folders.
[2019.02.15-09.41.39:292][  0]LogSlate: Took 0.000304 seconds to synchronously load lazily loaded font '../../../Engine/Content/Slate/Fonts/Roboto-Regular.ttf' (155K)
[2019.02.15-09.41.39:299][  0]LogSlate: Took 0.000350 seconds to synchronously load lazily loaded font '../../../Engine/Content/Slate/Fonts/Roboto-Bold.ttf' (160K)
[2019.02.15-09.41.39:303][  0]LogSlate: Took 0.000382 seconds to synchronously load lazily loaded font '../../../Engine/Content/Editor/Slate/Fonts/FontAwesome.ttf' (139K)
[2019.02.15-09.41.39:374][  0]LogRenderer: Reallocating scene render targets to support 1208x576 Format 10 NumSamples 1 (Frame:1).
[2019.02.15-09.41.39:459][  0]LogSlate: Took 0.000322 seconds to synchronously load lazily loaded font '../../../Engine/Content/Slate/Fonts/Roboto-Light.ttf' (167K)
[2019.02.15-09.41.39:567][  0]LogContentBrowser: Native class hierarchy updated for 'HierarchicalLODOutliner' in 0.0010 seconds. Added 0 classes and 0 folders.
[2019.02.15-09.41.39:567][  0]LogLoad: (Engine Initialization) Total time: 12.37 seconds
[2019.02.15-09.41.39:567][  0]LogLoad: (Engine Initialization) Total Blueprint compile time: 0.00 seconds
[2019.02.15-09.41.39:578][  0]LogWindowsTextInputMethodSystem: Display: IME system now deactivated.
[2019.02.15-09.41.39:616][  0]LogContentStreaming: Texture pool size now 1000 MB
[2019.02.15-09.41.39:646][  1]LogFileCache: Retrieving MD5 hashes for directory 'C:/Temp/Rhun/castleforce/Castleforce/Content/' took 0.05s
[2019.02.15-09.41.39:660][  1]LogAssetRegistry: Asset discovery search completed in 5.4838 seconds
[2019.02.15-09.41.39:663][  1]LogCollectionManager: Rebuilt the object cache for 0 collections in 0.000000 seconds (found 0 objects)
[2019.02.15-09.41.39:663][  1]LogCollectionManager: Fixed up redirectors for 0 collections in 0.000131 seconds (updated 0 objects)
[2019.02.15-09.41.43:063][397]LogSlate: FSceneViewport::OnFocusLost() reason 0
[2019.02.15-09.41.43:682][471]LogSlate: FSceneViewport::OnFocusLost() reason 0
[2019.02.15-09.41.43:765][481]LogTemp: Repeating last play command: Selected Viewport
[2019.02.15-09.41.43:788][481]LogBlueprintUserMessages: Early PlayInEditor Detection: Level '/Game/Levels/Level1.Level1:PersistentLevel' has LevelScriptBlueprint '/Game/Levels/Level1.Level1:PersistentLevel.Level1' with GeneratedClass '/Game/Levels/Level1.Level1_C' with ClassGeneratedBy '/Game/Levels/Level1.Level1:PersistentLevel.Level1'
[2019.02.15-09.41.43:788][481]LogPlayLevel: PlayLevel: No blueprints needed recompiling
[2019.02.15-09.41.43:802][481]PIE: New page: PIE session: Level1 (15 Feb 2019 09:41:43)
[2019.02.15-09.41.43:803][481]LogPlayLevel: Creating play world package: /Game/Levels/UEDPIE_0_Level1
[2019.02.15-09.41.43:833][481]LogPlayLevel: PIE: StaticDuplicateObject took: (0.029933s)
[2019.02.15-09.41.43:833][481]LogAIModule: Creating AISystem for world Level1
[2019.02.15-09.41.43:834][481]LogPlayLevel: PIE: World Init took: (0.000925s)
[2019.02.15-09.41.43:834][481]LogPlayLevel: PIE: Created PIE world by copying editor world from /Game/Levels/Level1.Level1 to /Game/Levels/UEDPIE_0_Level1.Level1 (0.031232s)
[2019.02.15-09.41.43:926][481]LogLoad: Game class is 'MyCastleforceGameMode_C'
[2019.02.15-09.41.43:928][481]LogWorld: Bringing World /Game/Levels/UEDPIE_0_Level1.Level1 up for play (max tick rate 0) at 2019.02.15-09.41.43
[2019.02.15-09.41.43:928][481]LogWorld: Bringing up level for play took: 0.000830
[2019.02.15-09.41.43:951][481]LogContentBrowser: Native class hierarchy updated for 'MovieSceneCapture' in 0.0009 seconds. Added 10 classes and 0 folders.
[2019.02.15-09.41.43:958][481]PIE: Play in editor start time for /Game/Levels/UEDPIE_0_Level1 -0.607
[2019.02.15-09.41.43:959][481]LogBlueprintUserMessages: Late PlayInEditor Detection: Level '/Game/Levels/Level1.Level1:PersistentLevel' has LevelScriptBlueprint '/Game/Levels/Level1.Level1:PersistentLevel.Level1' with GeneratedClass '/Game/Levels/Level1.Level1_C' with ClassGeneratedBy '/Game/Levels/Level1.Level1:PersistentLevel.Level1'
[2019.02.15-09.41.44:931][591]LogActor: Warning: CastleforceKnight_C /Game/Levels/UEDPIE_0_Level1.Level1:PersistentLevel.CastleforceKnight_C_0 has natively added scene component(s), but none of them were set as the actor's RootComponent - picking one arbitrarily
[2019.02.15-09.42.55:653][ 71]LogSlate: FSceneViewport::OnFocusLost() reason 0
[2019.02.15-09.42.55:804][ 89]LogBlueprintUserMessages: Early EndPlayMap Detection: Level '/Game/Levels/Level1.Level1:PersistentLevel' has LevelScriptBlueprint '/Game/Levels/Level1.Level1:PersistentLevel.Level1' with GeneratedClass '/Game/Levels/Level1.Level1_C' with ClassGeneratedBy '/Game/Levels/Level1.Level1:PersistentLevel.Level1'
[2019.02.15-09.42.55:804][ 89]LogSlate: Updating window title bar state: overlay mode, drag disabled, window buttons hidden, title bar hidden
[2019.02.15-09.42.55:842][ 89]LogPlayLevel: Display: Shutting down PIE online subsystems
[2019.02.15-09.42.55:843][ 89]LogBlueprintUserMessages: Late EndPlayMap Detection: Level '/Game/Levels/Level1.Level1:PersistentLevel' has LevelScriptBlueprint '/Game/Levels/Level1.Level1:PersistentLevel.Level1' with GeneratedClass '/Game/Levels/Level1.Level1_C' with ClassGeneratedBy '/Game/Levels/Level1.Level1:PersistentLevel.Level1'
[2019.02.15-09.42.55:863][ 89]LogSlate: Updating window title bar state: overlay mode, drag disabled, window buttons hidden, title bar hidden
[2019.02.15-09.42.55:908][ 93]LogPlayLevel: Display: Destroying online subsystem :Context_2
